[0.026s] Invoking command in '/home/juanespadi/Documents/shalpy/taller1_grupo14/build/player_interfaces': CMAKE_PREFIX_PATH=${CMAKE_PREFIX_PATH}:/home/juanespadi/Documents/shalpy/taller1_grupo14/install/turtle_bot_14:/opt/ros/humble /usr/bin/cmake --build /home/juanespadi/Documents/shalpy/taller1_grupo14/build/player_interfaces -- -j8 -l8
[0.083s] [  9%] Built target player_interfaces__rosidl_generator_c
[0.086s] [ 12%] Built target player_interfaces__cpp
[0.115s] [ 12%] Built target ament_cmake_python_copy_player_interfaces
[0.120s] [ 22%] Built target player_interfaces__rosidl_typesupport_c
[0.124s] [ 32%] Built target player_interfaces__rosidl_typesupport_introspection_c
[0.128s] [ 41%] Built target player_interfaces__rosidl_typesupport_fastrtps_c
[0.130s] [ 51%] Built target player_interfaces__rosidl_typesupport_fastrtps_cpp
[0.131s] [ 61%] Built target player_interfaces__rosidl_typesupport_introspection_cpp
[0.137s] [ 70%] Built target player_interfaces__rosidl_typesupport_cpp
[0.162s] [ 70%] Built target player_interfaces
[0.186s] [ 74%] Built target player_interfaces__py
[0.211s] [ 80%] Built target player_interfaces__rosidl_generator_py
[0.241s] [ 87%] Built target player_interfaces__rosidl_typesupport_introspection_c__pyext
[0.242s] [ 93%] Built target player_interfaces__rosidl_typesupport_fastrtps_c__pyext
[0.246s] [100%] Built target player_interfaces__rosidl_typesupport_c__pyext
[0.486s] running egg_info
[0.487s] writing player_interfaces.egg-info/PKG-INFO
[0.488s] writing dependency_links to player_interfaces.egg-info/dependency_links.txt
[0.488s] writing top-level names to player_interfaces.egg-info/top_level.txt
[0.491s] reading manifest file 'player_interfaces.egg-info/SOURCES.txt'
[0.492s] writing manifest file 'player_interfaces.egg-info/SOURCES.txt'
[0.536s] [100%] Built target ament_cmake_python_build_player_interfaces_egg
[0.554s] Invoked command in '/home/juanespadi/Documents/shalpy/taller1_grupo14/build/player_interfaces' returned '0': CMAKE_PREFIX_PATH=${CMAKE_PREFIX_PATH}:/home/juanespadi/Documents/shalpy/taller1_grupo14/install/turtle_bot_14:/opt/ros/humble /usr/bin/cmake --build /home/juanespadi/Documents/shalpy/taller1_grupo14/build/player_interfaces -- -j8 -l8
[0.636s] Invoking command in '/home/juanespadi/Documents/shalpy/taller1_grupo14/build/player_interfaces': CMAKE_PREFIX_PATH=${CMAKE_PREFIX_PATH}:/home/juanespadi/Documents/shalpy/taller1_grupo14/install/turtle_bot_14:/opt/ros/humble /usr/bin/cmake --install /home/juanespadi/Documents/shalpy/taller1_grupo14/build/player_interfaces
[0.646s] -- Install configuration: ""
[0.646s] -- Up-to-date: /home/juanespadi/Documents/shalpy/taller1_grupo14/install/player_interfaces/share/ament_index/resource_index/rosidl_interfaces/player_interfaces
[0.646s] -- Up-to-date: /home/juanespadi/Documents/shalpy/taller1_grupo14/install/player_interfaces/include/player_interfaces/player_interfaces
[0.647s] -- Up-to-date: /home/juanespadi/Documents/shalpy/taller1_grupo14/install/player_interfaces/include/player_interfaces/player_interfaces/msg
[0.647s] -- Up-to-date: /home/juanespadi/Documents/shalpy/taller1_grupo14/install/player_interfaces/include/player_interfaces/player_interfaces/msg/rosidl_generator_c__visibility_control.h
[0.647s] -- Up-to-date: /home/juanespadi/Documents/shalpy/taller1_grupo14/install/player_interfaces/include/player_interfaces/player_interfaces/srv
[0.647s] -- Up-to-date: /home/juanespadi/Documents/shalpy/taller1_grupo14/install/player_interfaces/include/player_interfaces/player_interfaces/srv/player.h
[0.647s] -- Up-to-date: /home/juanespadi/Documents/shalpy/taller1_grupo14/install/player_interfaces/include/player_interfaces/player_interfaces/srv/detail
[0.647s] -- Up-to-date: /home/juanespadi/Documents/shalpy/taller1_grupo14/install/player_interfaces/include/player_interfaces/player_interfaces/srv/detail/player__functions.h
[0.647s] -- Up-to-date: /home/juanespadi/Documents/shalpy/taller1_grupo14/install/player_interfaces/include/player_interfaces/player_interfaces/srv/detail/player__functions.c
[0.648s] -- Up-to-date: /home/juanespadi/Documents/shalpy/taller1_grupo14/install/player_interfaces/include/player_interfaces/player_interfaces/srv/detail/player__struct.h
[0.648s] -- Up-to-date: /home/juanespadi/Documents/shalpy/taller1_grupo14/install/player_interfaces/include/player_interfaces/player_interfaces/srv/detail/player__type_support.h
[0.648s] -- Up-to-date: /home/juanespadi/Documents/shalpy/taller1_grupo14/install/player_interfaces/share/player_interfaces/environment/library_path.sh
[0.648s] -- Up-to-date: /home/juanespadi/Documents/shalpy/taller1_grupo14/install/player_interfaces/share/player_interfaces/environment/library_path.dsv
[0.648s] -- Up-to-date: /home/juanespadi/Documents/shalpy/taller1_grupo14/install/player_interfaces/lib/libplayer_interfaces__rosidl_generator_c.so
[0.648s] -- Up-to-date: /home/juanespadi/Documents/shalpy/taller1_grupo14/install/player_interfaces/include/player_interfaces/player_interfaces
[0.648s] -- Up-to-date: /home/juanespadi/Documents/shalpy/taller1_grupo14/install/player_interfaces/include/player_interfaces/player_interfaces/msg
[0.649s] -- Up-to-date: /home/juanespadi/Documents/shalpy/taller1_grupo14/install/player_interfaces/include/player_interfaces/player_interfaces/msg/rosidl_typesupport_fastrtps_c__visibility_control.h
[0.649s] -- Up-to-date: /home/juanespadi/Documents/shalpy/taller1_grupo14/install/player_interfaces/include/player_interfaces/player_interfaces/srv
[0.649s] -- Up-to-date: /home/juanespadi/Documents/shalpy/taller1_grupo14/install/player_interfaces/include/player_interfaces/player_interfaces/srv/detail
[0.649s] -- Up-to-date: /home/juanespadi/Documents/shalpy/taller1_grupo14/install/player_interfaces/include/player_interfaces/player_interfaces/srv/detail/player__rosidl_typesupport_fastrtps_c.h
[0.649s] -- Up-to-date: /home/juanespadi/Documents/shalpy/taller1_grupo14/install/player_interfaces/lib/libplayer_interfaces__rosidl_typesupport_fastrtps_c.so
[0.649s] -- Up-to-date: /home/juanespadi/Documents/shalpy/taller1_grupo14/install/player_interfaces/include/player_interfaces/player_interfaces
[0.649s] -- Up-to-date: /home/juanespadi/Documents/shalpy/taller1_grupo14/install/player_interfaces/include/player_interfaces/player_interfaces/msg
[0.650s] -- Up-to-date: /home/juanespadi/Documents/shalpy/taller1_grupo14/install/player_interfaces/include/player_interfaces/player_interfaces/msg/rosidl_typesupport_introspection_c__visibility_control.h
[0.650s] -- Up-to-date: /home/juanespadi/Documents/shalpy/taller1_grupo14/install/player_interfaces/include/player_interfaces/player_interfaces/srv
[0.650s] -- Up-to-date: /home/juanespadi/Documents/shalpy/taller1_grupo14/install/player_interfaces/include/player_interfaces/player_interfaces/srv/detail
[0.650s] -- Up-to-date: /home/juanespadi/Documents/shalpy/taller1_grupo14/install/player_interfaces/include/player_interfaces/player_interfaces/srv/detail/player__rosidl_typesupport_introspection_c.h
[0.650s] -- Up-to-date: /home/juanespadi/Documents/shalpy/taller1_grupo14/install/player_interfaces/include/player_interfaces/player_interfaces/srv/detail/player__type_support.c
[0.650s] -- Up-to-date: /home/juanespadi/Documents/shalpy/taller1_grupo14/install/player_interfaces/lib/libplayer_interfaces__rosidl_typesupport_introspection_c.so
[0.650s] -- Up-to-date: /home/juanespadi/Documents/shalpy/taller1_grupo14/install/player_interfaces/lib/libplayer_interfaces__rosidl_typesupport_c.so
[0.651s] -- Up-to-date: /home/juanespadi/Documents/shalpy/taller1_grupo14/install/player_interfaces/include/player_interfaces/player_interfaces
[0.651s] -- Up-to-date: /home/juanespadi/Documents/shalpy/taller1_grupo14/install/player_interfaces/include/player_interfaces/player_interfaces/srv
[0.651s] -- Up-to-date: /home/juanespadi/Documents/shalpy/taller1_grupo14/install/player_interfaces/include/player_interfaces/player_interfaces/srv/player.hpp
[0.651s] -- Up-to-date: /home/juanespadi/Documents/shalpy/taller1_grupo14/install/player_interfaces/include/player_interfaces/player_interfaces/srv/detail
[0.651s] -- Up-to-date: /home/juanespadi/Documents/shalpy/taller1_grupo14/install/player_interfaces/include/player_interfaces/player_interfaces/srv/detail/player__traits.hpp
[0.651s] -- Up-to-date: /home/juanespadi/Documents/shalpy/taller1_grupo14/install/player_interfaces/include/player_interfaces/player_interfaces/srv/detail/player__struct.hpp
[0.651s] -- Up-to-date: /home/juanespadi/Documents/shalpy/taller1_grupo14/install/player_interfaces/include/player_interfaces/player_interfaces/srv/detail/player__builder.hpp
[0.651s] -- Up-to-date: /home/juanespadi/Documents/shalpy/taller1_grupo14/install/player_interfaces/include/player_interfaces/player_interfaces
[0.652s] -- Up-to-date: /home/juanespadi/Documents/shalpy/taller1_grupo14/install/player_interfaces/include/player_interfaces/player_interfaces/msg
[0.652s] -- Up-to-date: /home/juanespadi/Documents/shalpy/taller1_grupo14/install/player_interfaces/include/player_interfaces/player_interfaces/msg/rosidl_typesupport_fastrtps_cpp__visibility_control.h
[0.652s] -- Up-to-date: /home/juanespadi/Documents/shalpy/taller1_grupo14/install/player_interfaces/include/player_interfaces/player_interfaces/srv
[0.652s] -- Up-to-date: /home/juanespadi/Documents/shalpy/taller1_grupo14/install/player_interfaces/include/player_interfaces/player_interfaces/srv/detail
[0.652s] -- Up-to-date: /home/juanespadi/Documents/shalpy/taller1_grupo14/install/player_interfaces/include/player_interfaces/player_interfaces/srv/detail/dds_fastrtps
[0.652s] -- Up-to-date: /home/juanespadi/Documents/shalpy/taller1_grupo14/install/player_interfaces/include/player_interfaces/player_interfaces/srv/detail/player__rosidl_typesupport_fastrtps_cpp.hpp
[0.652s] -- Up-to-date: /home/juanespadi/Documents/shalpy/taller1_grupo14/install/player_interfaces/lib/libplayer_interfaces__rosidl_typesupport_fastrtps_cpp.so
[0.653s] -- Up-to-date: /home/juanespadi/Documents/shalpy/taller1_grupo14/install/player_interfaces/include/player_interfaces/player_interfaces
[0.653s] -- Up-to-date: /home/juanespadi/Documents/shalpy/taller1_grupo14/install/player_interfaces/include/player_interfaces/player_interfaces/srv
[0.653s] -- Up-to-date: /home/juanespadi/Documents/shalpy/taller1_grupo14/install/player_interfaces/include/player_interfaces/player_interfaces/srv/detail
[0.653s] -- Up-to-date: /home/juanespadi/Documents/shalpy/taller1_grupo14/install/player_interfaces/include/player_interfaces/player_interfaces/srv/detail/player__type_support.cpp
[0.653s] -- Up-to-date: /home/juanespadi/Documents/shalpy/taller1_grupo14/install/player_interfaces/include/player_interfaces/player_interfaces/srv/detail/player__rosidl_typesupport_introspection_cpp.hpp
[0.653s] -- Up-to-date: /home/juanespadi/Documents/shalpy/taller1_grupo14/install/player_interfaces/lib/libplayer_interfaces__rosidl_typesupport_introspection_cpp.so
[0.653s] -- Up-to-date: /home/juanespadi/Documents/shalpy/taller1_grupo14/install/player_interfaces/lib/libplayer_interfaces__rosidl_typesupport_cpp.so
[0.653s] -- Up-to-date: /home/juanespadi/Documents/shalpy/taller1_grupo14/install/player_interfaces/share/player_interfaces/environment/pythonpath.sh
[0.654s] -- Up-to-date: /home/juanespadi/Documents/shalpy/taller1_grupo14/install/player_interfaces/share/player_interfaces/environment/pythonpath.dsv
[0.654s] -- Up-to-date: /home/juanespadi/Documents/shalpy/taller1_grupo14/install/player_interfaces/local/lib/python3.10/dist-packages/player_interfaces-0.0.0-py3.10.egg-info
[0.654s] -- Installing: /home/juanespadi/Documents/shalpy/taller1_grupo14/install/player_interfaces/local/lib/python3.10/dist-packages/player_interfaces-0.0.0-py3.10.egg-info/SOURCES.txt
[0.654s] -- Installing: /home/juanespadi/Documents/shalpy/taller1_grupo14/install/player_interfaces/local/lib/python3.10/dist-packages/player_interfaces-0.0.0-py3.10.egg-info/dependency_links.txt
[0.654s] -- Installing: /home/juanespadi/Documents/shalpy/taller1_grupo14/install/player_interfaces/local/lib/python3.10/dist-packages/player_interfaces-0.0.0-py3.10.egg-info/top_level.txt
[0.654s] -- Installing: /home/juanespadi/Documents/shalpy/taller1_grupo14/install/player_interfaces/local/lib/python3.10/dist-packages/player_interfaces-0.0.0-py3.10.egg-info/PKG-INFO
[0.654s] -- Up-to-date: /home/juanespadi/Documents/shalpy/taller1_grupo14/install/player_interfaces/local/lib/python3.10/dist-packages/player_interfaces
[0.654s] -- Up-to-date: /home/juanespadi/Documents/shalpy/taller1_grupo14/install/player_interfaces/local/lib/python3.10/dist-packages/player_interfaces/player_interfaces_s__rosidl_typesupport_fastrtps_c.cpython-310-x86_64-linux-gnu.so
[0.654s] -- Up-to-date: /home/juanespadi/Documents/shalpy/taller1_grupo14/install/player_interfaces/local/lib/python3.10/dist-packages/player_interfaces/_player_interfaces_s.ep.rosidl_typesupport_fastrtps_c.c
[0.655s] -- Up-to-date: /home/juanespadi/Documents/shalpy/taller1_grupo14/install/player_interfaces/local/lib/python3.10/dist-packages/player_interfaces/player_interfaces_s__rosidl_typesupport_introspection_c.cpython-310-x86_64-linux-gnu.so
[0.655s] -- Up-to-date: /home/juanespadi/Documents/shalpy/taller1_grupo14/install/player_interfaces/local/lib/python3.10/dist-packages/player_interfaces/_player_interfaces_s.ep.rosidl_typesupport_introspection_c.c
[0.655s] -- Up-to-date: /home/juanespadi/Documents/shalpy/taller1_grupo14/install/player_interfaces/local/lib/python3.10/dist-packages/player_interfaces/libplayer_interfaces__rosidl_generator_py.so
[0.655s] -- Up-to-date: /home/juanespadi/Documents/shalpy/taller1_grupo14/install/player_interfaces/local/lib/python3.10/dist-packages/player_interfaces/player_interfaces_s__rosidl_typesupport_c.cpython-310-x86_64-linux-gnu.so
[0.655s] -- Up-to-date: /home/juanespadi/Documents/shalpy/taller1_grupo14/install/player_interfaces/local/lib/python3.10/dist-packages/player_interfaces/__init__.py
[0.655s] -- Up-to-date: /home/juanespadi/Documents/shalpy/taller1_grupo14/install/player_interfaces/local/lib/python3.10/dist-packages/player_interfaces/_player_interfaces_s.ep.rosidl_typesupport_c.c
[0.655s] -- Up-to-date: /home/juanespadi/Documents/shalpy/taller1_grupo14/install/player_interfaces/local/lib/python3.10/dist-packages/player_interfaces/srv
[0.655s] -- Up-to-date: /home/juanespadi/Documents/shalpy/taller1_grupo14/install/player_interfaces/local/lib/python3.10/dist-packages/player_interfaces/srv/_player_s.c
[0.655s] -- Up-to-date: /home/juanespadi/Documents/shalpy/taller1_grupo14/install/player_interfaces/local/lib/python3.10/dist-packages/player_interfaces/srv/__init__.py
[0.656s] -- Up-to-date: /home/juanespadi/Documents/shalpy/taller1_grupo14/install/player_interfaces/local/lib/python3.10/dist-packages/player_interfaces/srv/_player.py
[0.687s] Listing '/home/juanespadi/Documents/shalpy/taller1_grupo14/install/player_interfaces/local/lib/python3.10/dist-packages/player_interfaces'...
[0.688s] Listing '/home/juanespadi/Documents/shalpy/taller1_grupo14/install/player_interfaces/local/lib/python3.10/dist-packages/player_interfaces/srv'...
[0.693s] -- Up-to-date: /home/juanespadi/Documents/shalpy/taller1_grupo14/install/player_interfaces/local/lib/python3.10/dist-packages/player_interfaces/player_interfaces_s__rosidl_typesupport_fastrtps_c.cpython-310-x86_64-linux-gnu.so
[0.693s] -- Up-to-date: /home/juanespadi/Documents/shalpy/taller1_grupo14/install/player_interfaces/local/lib/python3.10/dist-packages/player_interfaces/player_interfaces_s__rosidl_typesupport_introspection_c.cpython-310-x86_64-linux-gnu.so
[0.694s] -- Up-to-date: /home/juanespadi/Documents/shalpy/taller1_grupo14/install/player_interfaces/local/lib/python3.10/dist-packages/player_interfaces/player_interfaces_s__rosidl_typesupport_c.cpython-310-x86_64-linux-gnu.so
[0.694s] -- Up-to-date: /home/juanespadi/Documents/shalpy/taller1_grupo14/install/player_interfaces/lib/libplayer_interfaces__rosidl_generator_py.so
[0.694s] -- Up-to-date: /home/juanespadi/Documents/shalpy/taller1_grupo14/install/player_interfaces/share/player_interfaces/srv/Player.idl
[0.695s] -- Up-to-date: /home/juanespadi/Documents/shalpy/taller1_grupo14/install/player_interfaces/share/player_interfaces/srv/Player.srv
[0.695s] -- Up-to-date: /home/juanespadi/Documents/shalpy/taller1_grupo14/install/player_interfaces/share/player_interfaces/srv/Player_Request.msg
[0.695s] -- Up-to-date: /home/juanespadi/Documents/shalpy/taller1_grupo14/install/player_interfaces/share/player_interfaces/srv/Player_Response.msg
[0.695s] -- Up-to-date: /home/juanespadi/Documents/shalpy/taller1_grupo14/install/player_interfaces/share/ament_index/resource_index/package_run_dependencies/player_interfaces
[0.695s] -- Up-to-date: /home/juanespadi/Documents/shalpy/taller1_grupo14/install/player_interfaces/share/ament_index/resource_index/parent_prefix_path/player_interfaces
[0.695s] -- Up-to-date: /home/juanespadi/Documents/shalpy/taller1_grupo14/install/player_interfaces/share/player_interfaces/environment/ament_prefix_path.sh
[0.695s] -- Up-to-date: /home/juanespadi/Documents/shalpy/taller1_grupo14/install/player_interfaces/share/player_interfaces/environment/ament_prefix_path.dsv
[0.696s] -- Up-to-date: /home/juanespadi/Documents/shalpy/taller1_grupo14/install/player_interfaces/share/player_interfaces/environment/path.sh
[0.696s] -- Up-to-date: /home/juanespadi/Documents/shalpy/taller1_grupo14/install/player_interfaces/share/player_interfaces/environment/path.dsv
[0.696s] -- Up-to-date: /home/juanespadi/Documents/shalpy/taller1_grupo14/install/player_interfaces/share/player_interfaces/local_setup.bash
[0.696s] -- Up-to-date: /home/juanespadi/Documents/shalpy/taller1_grupo14/install/player_interfaces/share/player_interfaces/local_setup.sh
[0.696s] -- Up-to-date: /home/juanespadi/Documents/shalpy/taller1_grupo14/install/player_interfaces/share/player_interfaces/local_setup.zsh
[0.696s] -- Up-to-date: /home/juanespadi/Documents/shalpy/taller1_grupo14/install/player_interfaces/share/player_interfaces/local_setup.dsv
[0.696s] -- Installing: /home/juanespadi/Documents/shalpy/taller1_grupo14/install/player_interfaces/share/player_interfaces/package.dsv
[0.697s] -- Up-to-date: /home/juanespadi/Documents/shalpy/taller1_grupo14/install/player_interfaces/share/ament_index/resource_index/packages/player_interfaces
[0.697s] -- Up-to-date: /home/juanespadi/Documents/shalpy/taller1_grupo14/install/player_interfaces/share/player_interfaces/cmake/export_player_interfaces__rosidl_generator_cExport.cmake
[0.697s] -- Up-to-date: /home/juanespadi/Documents/shalpy/taller1_grupo14/install/player_interfaces/share/player_interfaces/cmake/export_player_interfaces__rosidl_generator_cExport-noconfig.cmake
[0.697s] -- Up-to-date: /home/juanespadi/Documents/shalpy/taller1_grupo14/install/player_interfaces/share/player_interfaces/cmake/export_player_interfaces__rosidl_typesupport_fastrtps_cExport.cmake
[0.697s] -- Up-to-date: /home/juanespadi/Documents/shalpy/taller1_grupo14/install/player_interfaces/share/player_interfaces/cmake/export_player_interfaces__rosidl_typesupport_fastrtps_cExport-noconfig.cmake
[0.697s] -- Up-to-date: /home/juanespadi/Documents/shalpy/taller1_grupo14/install/player_interfaces/share/player_interfaces/cmake/player_interfaces__rosidl_typesupport_introspection_cExport.cmake
[0.698s] -- Up-to-date: /home/juanespadi/Documents/shalpy/taller1_grupo14/install/player_interfaces/share/player_interfaces/cmake/player_interfaces__rosidl_typesupport_introspection_cExport-noconfig.cmake
[0.698s] -- Up-to-date: /home/juanespadi/Documents/shalpy/taller1_grupo14/install/player_interfaces/share/player_interfaces/cmake/player_interfaces__rosidl_typesupport_cExport.cmake
[0.698s] -- Up-to-date: /home/juanespadi/Documents/shalpy/taller1_grupo14/install/player_interfaces/share/player_interfaces/cmake/player_interfaces__rosidl_typesupport_cExport-noconfig.cmake
[0.698s] -- Up-to-date: /home/juanespadi/Documents/shalpy/taller1_grupo14/install/player_interfaces/share/player_interfaces/cmake/export_player_interfaces__rosidl_generator_cppExport.cmake
[0.698s] -- Up-to-date: /home/juanespadi/Documents/shalpy/taller1_grupo14/install/player_interfaces/share/player_interfaces/cmake/export_player_interfaces__rosidl_typesupport_fastrtps_cppExport.cmake
[0.698s] -- Up-to-date: /home/juanespadi/Documents/shalpy/taller1_grupo14/install/player_interfaces/share/player_interfaces/cmake/export_player_interfaces__rosidl_typesupport_fastrtps_cppExport-noconfig.cmake
[0.698s] -- Up-to-date: /home/juanespadi/Documents/shalpy/taller1_grupo14/install/player_interfaces/share/player_interfaces/cmake/player_interfaces__rosidl_typesupport_introspection_cppExport.cmake
[0.698s] -- Up-to-date: /home/juanespadi/Documents/shalpy/taller1_grupo14/install/player_interfaces/share/player_interfaces/cmake/player_interfaces__rosidl_typesupport_introspection_cppExport-noconfig.cmake
[0.699s] -- Up-to-date: /home/juanespadi/Documents/shalpy/taller1_grupo14/install/player_interfaces/share/player_interfaces/cmake/player_interfaces__rosidl_typesupport_cppExport.cmake
[0.699s] -- Up-to-date: /home/juanespadi/Documents/shalpy/taller1_grupo14/install/player_interfaces/share/player_interfaces/cmake/player_interfaces__rosidl_typesupport_cppExport-noconfig.cmake
[0.699s] -- Up-to-date: /home/juanespadi/Documents/shalpy/taller1_grupo14/install/player_interfaces/share/player_interfaces/cmake/export_player_interfaces__rosidl_generator_pyExport.cmake
[0.699s] -- Up-to-date: /home/juanespadi/Documents/shalpy/taller1_grupo14/install/player_interfaces/share/player_interfaces/cmake/export_player_interfaces__rosidl_generator_pyExport-noconfig.cmake
[0.699s] -- Up-to-date: /home/juanespadi/Documents/shalpy/taller1_grupo14/install/player_interfaces/share/player_interfaces/cmake/rosidl_cmake-extras.cmake
[0.699s] -- Up-to-date: /home/juanespadi/Documents/shalpy/taller1_grupo14/install/player_interfaces/share/player_interfaces/cmake/ament_cmake_export_include_directories-extras.cmake
[0.699s] -- Up-to-date: /home/juanespadi/Documents/shalpy/taller1_grupo14/install/player_interfaces/share/player_interfaces/cmake/ament_cmake_export_libraries-extras.cmake
[0.699s] -- Up-to-date: /home/juanespadi/Documents/shalpy/taller1_grupo14/install/player_interfaces/share/player_interfaces/cmake/ament_cmake_export_targets-extras.cmake
[0.700s] -- Up-to-date: /home/juanespadi/Documents/shalpy/taller1_grupo14/install/player_interfaces/share/player_interfaces/cmake/rosidl_cmake_export_typesupport_targets-extras.cmake
[0.700s] -- Up-to-date: /home/juanespadi/Documents/shalpy/taller1_grupo14/install/player_interfaces/share/player_interfaces/cmake/ament_cmake_export_dependencies-extras.cmake
[0.700s] -- Up-to-date: /home/juanespadi/Documents/shalpy/taller1_grupo14/install/player_interfaces/share/player_interfaces/cmake/rosidl_cmake_export_typesupport_libraries-extras.cmake
[0.701s] -- Up-to-date: /home/juanespadi/Documents/shalpy/taller1_grupo14/install/player_interfaces/share/player_interfaces/cmake/player_interfacesConfig.cmake
[0.701s] -- Up-to-date: /home/juanespadi/Documents/shalpy/taller1_grupo14/install/player_interfaces/share/player_interfaces/cmake/player_interfacesConfig-version.cmake
[0.702s] -- Up-to-date: /home/juanespadi/Documents/shalpy/taller1_grupo14/install/player_interfaces/share/player_interfaces/package.xml
[0.703s] Invoked command in '/home/juanespadi/Documents/shalpy/taller1_grupo14/build/player_interfaces' returned '0': CMAKE_PREFIX_PATH=${CMAKE_PREFIX_PATH}:/home/juanespadi/Documents/shalpy/taller1_grupo14/install/turtle_bot_14:/opt/ros/humble /usr/bin/cmake --install /home/juanespadi/Documents/shalpy/taller1_grupo14/build/player_interfaces
