[3.399s] Invoking command in '/home/ubuntu/Documents/shalpy/taller2_grupo14/src/turtle_bot_14': PYTHONPATH=/home/ubuntu/Documents/shalpy/taller2_grupo14/build/turtle_bot_14/prefix_override:/home/ubuntu/Documents/shalpy/taller2_grupo14/install/turtle_bot_14/lib/python3.10/site-packages:${PYTHONPATH} /usr/bin/python3 setup.py egg_info --egg-base ../../build/turtle_bot_14 build --build-base /home/ubuntu/Documents/shalpy/taller2_grupo14/build/turtle_bot_14/build install --record /home/ubuntu/Documents/shalpy/taller2_grupo14/build/turtle_bot_14/install.log --single-version-externally-managed
[4.549s] running egg_info
[4.552s] creating ../../build/turtle_bot_14/turtle_bot_14.egg-info
[4.553s] writing ../../build/turtle_bot_14/turtle_bot_14.egg-info/PKG-INFO
[4.554s] writing dependency_links to ../../build/turtle_bot_14/turtle_bot_14.egg-info/dependency_links.txt
[4.555s] writing entry points to ../../build/turtle_bot_14/turtle_bot_14.egg-info/entry_points.txt
[4.556s] writing requirements to ../../build/turtle_bot_14/turtle_bot_14.egg-info/requires.txt
[4.556s] writing top-level names to ../../build/turtle_bot_14/turtle_bot_14.egg-info/top_level.txt
[4.557s] writing manifest file '../../build/turtle_bot_14/turtle_bot_14.egg-info/SOURCES.txt'
[4.565s] reading manifest file '../../build/turtle_bot_14/turtle_bot_14.egg-info/SOURCES.txt'
[4.568s] writing manifest file '../../build/turtle_bot_14/turtle_bot_14.egg-info/SOURCES.txt'
[4.569s] running build
[4.570s] running build_py
[4.570s] creating /home/ubuntu/Documents/shalpy/taller2_grupo14/build/turtle_bot_14/build
[4.571s] creating /home/ubuntu/Documents/shalpy/taller2_grupo14/build/turtle_bot_14/build/lib
[4.571s] creating /home/ubuntu/Documents/shalpy/taller2_grupo14/build/turtle_bot_14/build/lib/turtle_bot_14
[4.572s] copying turtle_bot_14/turtle_bot_interface.py -> /home/ubuntu/Documents/shalpy/taller2_grupo14/build/turtle_bot_14/build/lib/turtle_bot_14
[4.581s] copying turtle_bot_14/__init__.py -> /home/ubuntu/Documents/shalpy/taller2_grupo14/build/turtle_bot_14/build/lib/turtle_bot_14
[4.582s] copying turtle_bot_14/turtle_bot_player.py -> /home/ubuntu/Documents/shalpy/taller2_grupo14/build/turtle_bot_14/build/lib/turtle_bot_14
[4.584s] copying turtle_bot_14/turtle_bot_teleop.py -> /home/ubuntu/Documents/shalpy/taller2_grupo14/build/turtle_bot_14/build/lib/turtle_bot_14
[4.587s] running install
[4.589s] /usr/lib/python3/dist-packages/setuptools/command/install.py:34: SetuptoolsDeprecationWarning: setup.py install is deprecated. Use build and pip and other standards-based tools.
[4.590s]   warnings.warn(
[4.590s] running install_lib
[4.599s] running install_data
[4.602s] running install_egg_info
[4.608s] removing '/home/ubuntu/Documents/shalpy/taller2_grupo14/install/turtle_bot_14/lib/python3.10/site-packages/turtle_bot_14-0.0.0-py3.10.egg-info' (and everything under it)
[4.610s] Copying ../../build/turtle_bot_14/turtle_bot_14.egg-info to /home/ubuntu/Documents/shalpy/taller2_grupo14/install/turtle_bot_14/lib/python3.10/site-packages/turtle_bot_14-0.0.0-py3.10.egg-info
[4.617s] running install_scripts
[4.706s] Installing turtle_bot_interface script to /home/ubuntu/Documents/shalpy/taller2_grupo14/install/turtle_bot_14/lib/turtle_bot_14
[4.707s] Installing turtle_bot_player script to /home/ubuntu/Documents/shalpy/taller2_grupo14/install/turtle_bot_14/lib/turtle_bot_14
[4.708s] Installing turtle_bot_teleop script to /home/ubuntu/Documents/shalpy/taller2_grupo14/install/turtle_bot_14/lib/turtle_bot_14
[4.712s] writing list of installed files to '/home/ubuntu/Documents/shalpy/taller2_grupo14/build/turtle_bot_14/install.log'
[4.833s] Invoked command in '/home/ubuntu/Documents/shalpy/taller2_grupo14/src/turtle_bot_14' returned '0': PYTHONPATH=/home/ubuntu/Documents/shalpy/taller2_grupo14/build/turtle_bot_14/prefix_override:/home/ubuntu/Documents/shalpy/taller2_grupo14/install/turtle_bot_14/lib/python3.10/site-packages:${PYTHONPATH} /usr/bin/python3 setup.py egg_info --egg-base ../../build/turtle_bot_14 build --build-base /home/ubuntu/Documents/shalpy/taller2_grupo14/build/turtle_bot_14/build install --record /home/ubuntu/Documents/shalpy/taller2_grupo14/build/turtle_bot_14/install.log --single-version-externally-managed
