/home/juanespadi/Documents/shalpy/proyecto_final_grupo_14/install/final_shalpy/lib/python3.10/site-packages/final_shalpy/turtle_bot_player.py
/home/juanespadi/Documents/shalpy/proyecto_final_grupo_14/install/final_shalpy/lib/python3.10/site-packages/final_shalpy/turtle_bot_interface.py
/home/juanespadi/Documents/shalpy/proyecto_final_grupo_14/install/final_shalpy/lib/python3.10/site-packages/final_shalpy/__init__.py
/home/juanespadi/Documents/shalpy/proyecto_final_grupo_14/install/final_shalpy/lib/python3.10/site-packages/final_shalpy/shalpy_teleop.py
/home/juanespadi/Documents/shalpy/proyecto_final_grupo_14/install/final_shalpy/lib/python3.10/site-packages/final_shalpy/__pycache__/turtle_bot_player.cpython-310.pyc
/home/juanespadi/Documents/shalpy/proyecto_final_grupo_14/install/final_shalpy/lib/python3.10/site-packages/final_shalpy/__pycache__/turtle_bot_interface.cpython-310.pyc
/home/juanespadi/Documents/shalpy/proyecto_final_grupo_14/install/final_shalpy/lib/python3.10/site-packages/final_shalpy/__pycache__/__init__.cpython-310.pyc
/home/juanespadi/Documents/shalpy/proyecto_final_grupo_14/install/final_shalpy/lib/python3.10/site-packages/final_shalpy/__pycache__/shalpy_teleop.cpython-310.pyc
/home/juanespadi/Documents/shalpy/proyecto_final_grupo_14/install/final_shalpy/share/ament_index/resource_index/packages/final_shalpy
/home/juanespadi/Documents/shalpy/proyecto_final_grupo_14/install/final_shalpy/share/final_shalpy/package.xml
/home/juanespadi/Documents/shalpy/proyecto_final_grupo_14/install/final_shalpy/lib/python3.10/site-packages/final_shalpy-0.0.0-py3.10.egg-info/SOURCES.txt
/home/juanespadi/Documents/shalpy/proyecto_final_grupo_14/install/final_shalpy/lib/python3.10/site-packages/final_shalpy-0.0.0-py3.10.egg-info/entry_points.txt
/home/juanespadi/Documents/shalpy/proyecto_final_grupo_14/install/final_shalpy/lib/python3.10/site-packages/final_shalpy-0.0.0-py3.10.egg-info/requires.txt
/home/juanespadi/Documents/shalpy/proyecto_final_grupo_14/install/final_shalpy/lib/python3.10/site-packages/final_shalpy-0.0.0-py3.10.egg-info/dependency_links.txt
/home/juanespadi/Documents/shalpy/proyecto_final_grupo_14/install/final_shalpy/lib/python3.10/site-packages/final_shalpy-0.0.0-py3.10.egg-info/top_level.txt
/home/juanespadi/Documents/shalpy/proyecto_final_grupo_14/install/final_shalpy/lib/python3.10/site-packages/final_shalpy-0.0.0-py3.10.egg-info/PKG-INFO
/home/juanespadi/Documents/shalpy/proyecto_final_grupo_14/install/final_shalpy/lib/python3.10/site-packages/final_shalpy-0.0.0-py3.10.egg-info/zip-safe
/home/juanespadi/Documents/shalpy/proyecto_final_grupo_14/install/final_shalpy/lib/final_shalpy/shalpy_teleop
/home/juanespadi/Documents/shalpy/proyecto_final_grupo_14/install/final_shalpy/lib/final_shalpy/turtle_bot_interface
/home/juanespadi/Documents/shalpy/proyecto_final_grupo_14/install/final_shalpy/lib/final_shalpy/turtle_bot_player
