[1.551s] Invoking command in '/home/juanespadi/Documents/shalpy/proyecto_final_grupo_14/src/proyecto_master_pkg': PYTHONPATH=/home/juanespadi/Documents/shalpy/proyecto_final_grupo_14/build/proyecto_master_pkg/prefix_override:/home/juanespadi/Documents/shalpy/proyecto_final_grupo_14/install/proyecto_master_pkg/lib/python3.10/site-packages:${PYTHONPATH} /usr/bin/python3 setup.py egg_info --egg-base ../../build/proyecto_master_pkg build --build-base /home/juanespadi/Documents/shalpy/proyecto_final_grupo_14/build/proyecto_master_pkg/build install --record /home/juanespadi/Documents/shalpy/proyecto_final_grupo_14/build/proyecto_master_pkg/install.log --install-scripts $base/lib/proyecto_master_pkg --single-version-externally-managed
[1.957s] /usr/lib/python3/dist-packages/setuptools/dist.py:723: UserWarning: Usage of dash-separated 'script-dir' will not be supported in future versions. Please use the underscore name 'script_dir' instead
[1.957s]   warnings.warn(
[1.966s] running egg_info
[1.967s] creating ../../build/proyecto_master_pkg/proyecto_master_pkg.egg-info
[1.968s] writing ../../build/proyecto_master_pkg/proyecto_master_pkg.egg-info/PKG-INFO
[1.968s] writing dependency_links to ../../build/proyecto_master_pkg/proyecto_master_pkg.egg-info/dependency_links.txt
[1.968s] writing entry points to ../../build/proyecto_master_pkg/proyecto_master_pkg.egg-info/entry_points.txt
[1.968s] writing requirements to ../../build/proyecto_master_pkg/proyecto_master_pkg.egg-info/requires.txt
[1.968s] writing top-level names to ../../build/proyecto_master_pkg/proyecto_master_pkg.egg-info/top_level.txt
[1.969s] writing manifest file '../../build/proyecto_master_pkg/proyecto_master_pkg.egg-info/SOURCES.txt'
[1.971s] reading manifest file '../../build/proyecto_master_pkg/proyecto_master_pkg.egg-info/SOURCES.txt'
[1.972s] writing manifest file '../../build/proyecto_master_pkg/proyecto_master_pkg.egg-info/SOURCES.txt'
[1.972s] running build
[1.972s] running build_py
[1.972s] creating /home/juanespadi/Documents/shalpy/proyecto_final_grupo_14/build/proyecto_master_pkg/build
[1.973s] creating /home/juanespadi/Documents/shalpy/proyecto_final_grupo_14/build/proyecto_master_pkg/build/lib
[1.973s] creating /home/juanespadi/Documents/shalpy/proyecto_final_grupo_14/build/proyecto_master_pkg/build/lib/proyecto_master_pkg
[1.973s] copying proyecto_master_pkg/__init__.py -> /home/juanespadi/Documents/shalpy/proyecto_final_grupo_14/build/proyecto_master_pkg/build/lib/proyecto_master_pkg
[1.973s] copying proyecto_master_pkg/master.py -> /home/juanespadi/Documents/shalpy/proyecto_final_grupo_14/build/proyecto_master_pkg/build/lib/proyecto_master_pkg
[1.973s] running install
[1.973s] /usr/lib/python3/dist-packages/setuptools/command/install.py:34: SetuptoolsDeprecationWarning: setup.py install is deprecated. Use build and pip and other standards-based tools.
[1.973s]   warnings.warn(
[1.974s] running install_lib
[1.974s] creating /home/juanespadi/Documents/shalpy/proyecto_final_grupo_14/install/proyecto_master_pkg/lib/python3.10/site-packages/proyecto_master_pkg
[1.975s] copying /home/juanespadi/Documents/shalpy/proyecto_final_grupo_14/build/proyecto_master_pkg/build/lib/proyecto_master_pkg/__init__.py -> /home/juanespadi/Documents/shalpy/proyecto_final_grupo_14/install/proyecto_master_pkg/lib/python3.10/site-packages/proyecto_master_pkg
[1.975s] copying /home/juanespadi/Documents/shalpy/proyecto_final_grupo_14/build/proyecto_master_pkg/build/lib/proyecto_master_pkg/master.py -> /home/juanespadi/Documents/shalpy/proyecto_final_grupo_14/install/proyecto_master_pkg/lib/python3.10/site-packages/proyecto_master_pkg
[1.976s] byte-compiling /home/juanespadi/Documents/shalpy/proyecto_final_grupo_14/install/proyecto_master_pkg/lib/python3.10/site-packages/proyecto_master_pkg/__init__.py to __init__.cpython-310.pyc
[1.976s] byte-compiling /home/juanespadi/Documents/shalpy/proyecto_final_grupo_14/install/proyecto_master_pkg/lib/python3.10/site-packages/proyecto_master_pkg/master.py to master.cpython-310.pyc
[1.978s] running install_data
[1.979s] creating /home/juanespadi/Documents/shalpy/proyecto_final_grupo_14/install/proyecto_master_pkg/share/ament_index
[1.979s] creating /home/juanespadi/Documents/shalpy/proyecto_final_grupo_14/install/proyecto_master_pkg/share/ament_index/resource_index
[1.980s] creating /home/juanespadi/Documents/shalpy/proyecto_final_grupo_14/install/proyecto_master_pkg/share/ament_index/resource_index/packages
[1.980s] copying resource/proyecto_master_pkg -> /home/juanespadi/Documents/shalpy/proyecto_final_grupo_14/install/proyecto_master_pkg/share/ament_index/resource_index/packages
[1.980s] copying package.xml -> /home/juanespadi/Documents/shalpy/proyecto_final_grupo_14/install/proyecto_master_pkg/share/proyecto_master_pkg
[1.980s] running install_egg_info
[1.982s] Copying ../../build/proyecto_master_pkg/proyecto_master_pkg.egg-info to /home/juanespadi/Documents/shalpy/proyecto_final_grupo_14/install/proyecto_master_pkg/lib/python3.10/site-packages/proyecto_master_pkg-0.0.0-py3.10.egg-info
[1.984s] running install_scripts
[2.020s] Installing master script to /home/juanespadi/Documents/shalpy/proyecto_final_grupo_14/install/proyecto_master_pkg/lib/proyecto_master_pkg
[2.021s] writing list of installed files to '/home/juanespadi/Documents/shalpy/proyecto_final_grupo_14/build/proyecto_master_pkg/install.log'
[2.067s] Invoked command in '/home/juanespadi/Documents/shalpy/proyecto_final_grupo_14/src/proyecto_master_pkg' returned '0': PYTHONPATH=/home/juanespadi/Documents/shalpy/proyecto_final_grupo_14/build/proyecto_master_pkg/prefix_override:/home/juanespadi/Documents/shalpy/proyecto_final_grupo_14/install/proyecto_master_pkg/lib/python3.10/site-packages:${PYTHONPATH} /usr/bin/python3 setup.py egg_info --egg-base ../../build/proyecto_master_pkg build --build-base /home/juanespadi/Documents/shalpy/proyecto_final_grupo_14/build/proyecto_master_pkg/build install --record /home/juanespadi/Documents/shalpy/proyecto_final_grupo_14/build/proyecto_master_pkg/install.log --install-scripts $base/lib/proyecto_master_pkg --single-version-externally-managed
