[5.977s] Invoking command in '/home/ubuntu/Documents/shalpy/taller1_grupo14/src/turtle_bot_14': PYTHONPATH=/home/ubuntu/Documents/shalpy/taller1_grupo14/build/turtle_bot_14/prefix_override:/home/ubuntu/Documents/shalpy/taller1_grupo14/install/turtle_bot_14/lib/python3.10/site-packages:${PYTHONPATH} /usr/bin/python3 setup.py egg_info --egg-base ../../build/turtle_bot_14 build --build-base /home/ubuntu/Documents/shalpy/taller1_grupo14/build/turtle_bot_14/build install --record /home/ubuntu/Documents/shalpy/taller1_grupo14/build/turtle_bot_14/install.log --single-version-externally-managed
[7.596s] running egg_info
[7.599s] writing ../../build/turtle_bot_14/turtle_bot_14.egg-info/PKG-INFO
[7.600s] writing dependency_links to ../../build/turtle_bot_14/turtle_bot_14.egg-info/dependency_links.txt
[7.601s] writing entry points to ../../build/turtle_bot_14/turtle_bot_14.egg-info/entry_points.txt
[7.601s] writing requirements to ../../build/turtle_bot_14/turtle_bot_14.egg-info/requires.txt
[7.602s] writing top-level names to ../../build/turtle_bot_14/turtle_bot_14.egg-info/top_level.txt
[7.610s] reading manifest file '../../build/turtle_bot_14/turtle_bot_14.egg-info/SOURCES.txt'
[7.615s] writing manifest file '../../build/turtle_bot_14/turtle_bot_14.egg-info/SOURCES.txt'
[7.615s] running build
[7.616s] running build_py
[7.617s] copying turtle_bot_14/turtle_bot_teleop.py -> /home/ubuntu/Documents/shalpy/taller1_grupo14/build/turtle_bot_14/build/lib/turtle_bot_14
[7.619s] running install
[7.620s] /usr/lib/python3/dist-packages/setuptools/command/install.py:34: SetuptoolsDeprecationWarning: setup.py install is deprecated. Use build and pip and other standards-based tools.
[7.620s]   warnings.warn(
[7.621s] running install_lib
[7.625s] copying /home/ubuntu/Documents/shalpy/taller1_grupo14/build/turtle_bot_14/build/lib/turtle_bot_14/turtle_bot_teleop.py -> /home/ubuntu/Documents/shalpy/taller1_grupo14/install/turtle_bot_14/lib/python3.10/site-packages/turtle_bot_14
[7.629s] byte-compiling /home/ubuntu/Documents/shalpy/taller1_grupo14/install/turtle_bot_14/lib/python3.10/site-packages/turtle_bot_14/turtle_bot_teleop.py to turtle_bot_teleop.cpython-310.pyc
[7.635s] running install_data
[7.637s] running install_egg_info
[7.644s] removing '/home/ubuntu/Documents/shalpy/taller1_grupo14/install/turtle_bot_14/lib/python3.10/site-packages/turtle_bot_14-0.0.0-py3.10.egg-info' (and everything under it)
[7.646s] Copying ../../build/turtle_bot_14/turtle_bot_14.egg-info to /home/ubuntu/Documents/shalpy/taller1_grupo14/install/turtle_bot_14/lib/python3.10/site-packages/turtle_bot_14-0.0.0-py3.10.egg-info
[7.652s] running install_scripts
[7.738s] Installing turtle_bot_interface script to /home/ubuntu/Documents/shalpy/taller1_grupo14/install/turtle_bot_14/lib/turtle_bot_14
[7.739s] Installing turtle_bot_player script to /home/ubuntu/Documents/shalpy/taller1_grupo14/install/turtle_bot_14/lib/turtle_bot_14
[7.740s] Installing turtle_bot_teleop script to /home/ubuntu/Documents/shalpy/taller1_grupo14/install/turtle_bot_14/lib/turtle_bot_14
[7.742s] writing list of installed files to '/home/ubuntu/Documents/shalpy/taller1_grupo14/build/turtle_bot_14/install.log'
[7.866s] Invoked command in '/home/ubuntu/Documents/shalpy/taller1_grupo14/src/turtle_bot_14' returned '0': PYTHONPATH=/home/ubuntu/Documents/shalpy/taller1_grupo14/build/turtle_bot_14/prefix_override:/home/ubuntu/Documents/shalpy/taller1_grupo14/install/turtle_bot_14/lib/python3.10/site-packages:${PYTHONPATH} /usr/bin/python3 setup.py egg_info --egg-base ../../build/turtle_bot_14 build --build-base /home/ubuntu/Documents/shalpy/taller1_grupo14/build/turtle_bot_14/build install --record /home/ubuntu/Documents/shalpy/taller1_grupo14/build/turtle_bot_14/install.log --single-version-externally-managed
