[1.242s] Invoking command in '/home/juanespadi/Documents/shalpy/taller3_grupo14/src/mi_robot_manipulador_14': PYTHONPATH=/home/juanespadi/Documents/shalpy/taller3_grupo14/build/mi_robot_manipulador_14/prefix_override:/home/juanespadi/Documents/shalpy/taller3_grupo14/install/mi_robot_manipulador_14/lib/python3.10/site-packages:${PYTHONPATH} /usr/bin/python3 setup.py egg_info --egg-base ../../build/mi_robot_manipulador_14 build --build-base /home/juanespadi/Documents/shalpy/taller3_grupo14/build/mi_robot_manipulador_14/build install --record /home/juanespadi/Documents/shalpy/taller3_grupo14/build/mi_robot_manipulador_14/install.log --single-version-externally-managed
[1.562s] running egg_info
[1.563s] writing ../../build/mi_robot_manipulador_14/mi_robot_manipulador_14.egg-info/PKG-INFO
[1.563s] writing dependency_links to ../../build/mi_robot_manipulador_14/mi_robot_manipulador_14.egg-info/dependency_links.txt
[1.564s] writing entry points to ../../build/mi_robot_manipulador_14/mi_robot_manipulador_14.egg-info/entry_points.txt
[1.564s] writing requirements to ../../build/mi_robot_manipulador_14/mi_robot_manipulador_14.egg-info/requires.txt
[1.564s] writing top-level names to ../../build/mi_robot_manipulador_14/mi_robot_manipulador_14.egg-info/top_level.txt
[1.566s] reading manifest file '../../build/mi_robot_manipulador_14/mi_robot_manipulador_14.egg-info/SOURCES.txt'
[1.567s] writing manifest file '../../build/mi_robot_manipulador_14/mi_robot_manipulador_14.egg-info/SOURCES.txt'
[1.567s] running build
[1.567s] running build_py
[1.567s] copying mi_robot_manipulador_14/robot_manipulator_interface.py -> /home/juanespadi/Documents/shalpy/taller3_grupo14/build/mi_robot_manipulador_14/build/lib/mi_robot_manipulador_14
[1.568s] running install
[1.568s] /usr/lib/python3/dist-packages/setuptools/command/install.py:34: SetuptoolsDeprecationWarning: setup.py install is deprecated. Use build and pip and other standards-based tools.
[1.568s]   warnings.warn(
[1.568s] running install_lib
[1.569s] copying /home/juanespadi/Documents/shalpy/taller3_grupo14/build/mi_robot_manipulador_14/build/lib/mi_robot_manipulador_14/robot_manipulator_interface.py -> /home/juanespadi/Documents/shalpy/taller3_grupo14/install/mi_robot_manipulador_14/lib/python3.10/site-packages/mi_robot_manipulador_14
[1.570s] byte-compiling /home/juanespadi/Documents/shalpy/taller3_grupo14/install/mi_robot_manipulador_14/lib/python3.10/site-packages/mi_robot_manipulador_14/robot_manipulator_interface.py to robot_manipulator_interface.cpython-310.pyc
[1.571s] running install_data
[1.572s] running install_egg_info
[1.573s] removing '/home/juanespadi/Documents/shalpy/taller3_grupo14/install/mi_robot_manipulador_14/lib/python3.10/site-packages/mi_robot_manipulador_14-0.0.0-py3.10.egg-info' (and everything under it)
[1.574s] Copying ../../build/mi_robot_manipulador_14/mi_robot_manipulador_14.egg-info to /home/juanespadi/Documents/shalpy/taller3_grupo14/install/mi_robot_manipulador_14/lib/python3.10/site-packages/mi_robot_manipulador_14-0.0.0-py3.10.egg-info
[1.575s] running install_scripts
[1.600s] Installing robot_manipulator_interface script to /home/juanespadi/Documents/shalpy/taller3_grupo14/install/mi_robot_manipulador_14/lib/mi_robot_manipulador_14
[1.600s] Installing robot_manipulator_teleop script to /home/juanespadi/Documents/shalpy/taller3_grupo14/install/mi_robot_manipulador_14/lib/mi_robot_manipulador_14
[1.600s] writing list of installed files to '/home/juanespadi/Documents/shalpy/taller3_grupo14/build/mi_robot_manipulador_14/install.log'
[1.635s] Invoked command in '/home/juanespadi/Documents/shalpy/taller3_grupo14/src/mi_robot_manipulador_14' returned '0': PYTHONPATH=/home/juanespadi/Documents/shalpy/taller3_grupo14/build/mi_robot_manipulador_14/prefix_override:/home/juanespadi/Documents/shalpy/taller3_grupo14/install/mi_robot_manipulador_14/lib/python3.10/site-packages:${PYTHONPATH} /usr/bin/python3 setup.py egg_info --egg-base ../../build/mi_robot_manipulador_14 build --build-base /home/juanespadi/Documents/shalpy/taller3_grupo14/build/mi_robot_manipulador_14/build install --record /home/juanespadi/Documents/shalpy/taller3_grupo14/build/mi_robot_manipulador_14/install.log --single-version-externally-managed
