[0.363s] Invoking command in '/home/juanespadi/Documents/shalpy/proyecto_final_grupo_14/build/proyecto_interfaces': CMAKE_PREFIX_PATH=${CMAKE_PREFIX_PATH}:/home/juanespadi/Documents/shalpy/proyecto_final_grupo_14/install/proyecto_master_pkg:/home/juanespadi/Documents/shalpy/proyecto_final_grupo_14/install/final_shalpy:/opt/ros/humble /usr/bin/cmake /home/juanespadi/Documents/shalpy/proyecto_final_grupo_14/src/proyecto_interfaces -DCMAKE_INSTALL_PREFIX=/home/juanespadi/Documents/shalpy/proyecto_final_grupo_14/install/proyecto_interfaces
[0.437s] -- The C compiler identification is GNU 11.3.0
[0.522s] -- The CXX compiler identification is GNU 11.3.0
[0.533s] -- Detecting C compiler ABI info
[0.624s] -- Detecting C compiler ABI info - done
[0.641s] -- Check for working C compiler: /usr/bin/cc - skipped
[0.641s] -- Detecting C compile features
[0.642s] -- Detecting C compile features - done
[0.648s] -- Detecting CXX compiler ABI info
[0.741s] -- Detecting CXX compiler ABI info - done
[0.753s] -- Check for working CXX compiler: /usr/bin/c++ - skipped
[0.753s] -- Detecting CXX compile features
[0.753s] -- Detecting CXX compile features - done
[0.756s] -- Found ament_cmake: 1.3.4 (/opt/ros/humble/share/ament_cmake/cmake)
[0.983s] -- Found Python3: /usr/bin/python3.10 (found version "3.10.6") found components: Interpreter 
[1.137s] -- Found rosidl_default_generators: 1.2.0 (/opt/ros/humble/share/rosidl_default_generators/cmake)
[1.143s] -- Using all available rosidl_typesupport_c: rosidl_typesupport_fastrtps_c;rosidl_typesupport_introspection_c
[1.153s] -- Found rosidl_adapter: 3.1.4 (/opt/ros/humble/share/rosidl_adapter/cmake)
[1.206s] -- Using all available rosidl_typesupport_cpp: rosidl_typesupport_fastrtps_cpp;rosidl_typesupport_introspection_cpp
[1.754s] -- Found ament_cmake_ros: 0.10.0 (/opt/ros/humble/share/ament_cmake_ros/cmake)
[2.015s] -- Using all available rosidl_typesupport_c: rosidl_typesupport_fastrtps_c;rosidl_typesupport_introspection_c
[2.343s] -- Using all available rosidl_typesupport_cpp: rosidl_typesupport_fastrtps_cpp;rosidl_typesupport_introspection_cpp
[2.370s] -- Found PythonInterp: /usr/bin/python3 (found suitable version "3.10.6", minimum required is "3.6") 
[2.372s] -- Found python_cmake_module: 0.10.0 (/opt/ros/humble/share/python_cmake_module/cmake)
[2.401s] -- Found PythonLibs: /usr/lib/x86_64-linux-gnu/libpython3.10.so (found suitable version "3.10.6", minimum required is "3.5") 
[2.401s] -- Using PYTHON_EXECUTABLE: /usr/bin/python3
[2.401s] -- Using PYTHON_INCLUDE_DIRS: /usr/include/python3.10
[2.402s] -- Using PYTHON_LIBRARIES: /usr/lib/x86_64-linux-gnu/libpython3.10.so
[2.427s] -- Found PythonExtra: .so  
[2.466s] -- Found ament_lint_auto: 0.12.6 (/opt/ros/humble/share/ament_lint_auto/cmake)
[2.492s] -- Added test 'copyright' to check source files copyright and LICENSE
[2.494s] -- Added test 'lint_cmake' to check CMake code style
[2.495s] -- Added test 'xmllint' to check XML markup files
[2.498s] -- Configuring done
[2.539s] -- Generating done
[2.542s] -- Build files have been written to: /home/juanespadi/Documents/shalpy/proyecto_final_grupo_14/build/proyecto_interfaces
[2.549s] Invoked command in '/home/juanespadi/Documents/shalpy/proyecto_final_grupo_14/build/proyecto_interfaces' returned '0': CMAKE_PREFIX_PATH=${CMAKE_PREFIX_PATH}:/home/juanespadi/Documents/shalpy/proyecto_final_grupo_14/install/proyecto_master_pkg:/home/juanespadi/Documents/shalpy/proyecto_final_grupo_14/install/final_shalpy:/opt/ros/humble /usr/bin/cmake /home/juanespadi/Documents/shalpy/proyecto_final_grupo_14/src/proyecto_interfaces -DCMAKE_INSTALL_PREFIX=/home/juanespadi/Documents/shalpy/proyecto_final_grupo_14/install/proyecto_interfaces
[2.550s] Invoking command in '/home/juanespadi/Documents/shalpy/proyecto_final_grupo_14/build/proyecto_interfaces': CMAKE_PREFIX_PATH=${CMAKE_PREFIX_PATH}:/home/juanespadi/Documents/shalpy/proyecto_final_grupo_14/install/proyecto_master_pkg:/home/juanespadi/Documents/shalpy/proyecto_final_grupo_14/install/final_shalpy:/opt/ros/humble /usr/bin/cmake --build /home/juanespadi/Documents/shalpy/proyecto_final_grupo_14/build/proyecto_interfaces -- -j8 -l8
[2.594s] [  1%] [34m[1mGenerating C code for ROS interfaces[0m
[2.604s] [  3%] [34m[1mGenerating C++ code for ROS interfaces[0m
[2.621s] [  3%] Built target ament_cmake_python_copy_proyecto_interfaces
[3.074s] running egg_info
[3.075s] creating proyecto_interfaces.egg-info
[3.075s] writing proyecto_interfaces.egg-info/PKG-INFO
[3.076s] writing dependency_links to proyecto_interfaces.egg-info/dependency_links.txt
[3.076s] writing top-level names to proyecto_interfaces.egg-info/top_level.txt
[3.076s] writing manifest file 'proyecto_interfaces.egg-info/SOURCES.txt'
[3.081s] reading manifest file 'proyecto_interfaces.egg-info/SOURCES.txt'
[3.082s] writing manifest file 'proyecto_interfaces.egg-info/SOURCES.txt'
[3.135s] [  3%] Built target ament_cmake_python_build_proyecto_interfaces_egg
[3.137s] [  3%] Built target proyecto_interfaces__cpp
[3.152s] [  5%] [34m[1mGenerating C++ type support dispatch for ROS interfaces[0m
[3.155s] [  7%] [34m[1mGenerating C++ type support for eProsima Fast-RTPS[0m
[3.165s] [  9%] [34m[1mGenerating C++ introspection for ROS interfaces[0m
[3.429s] [ 10%] [32mBuilding C object CMakeFiles/proyecto_interfaces__rosidl_generator_c.dir/rosidl_generator_c/proyecto_interfaces/msg/detail/banner__functions.c.o[0m
[3.440s] [ 12%] [32mBuilding C object CMakeFiles/proyecto_interfaces__rosidl_generator_c.dir/rosidl_generator_c/proyecto_interfaces/srv/detail/start_navigation_test__functions.c.o[0m
[3.455s] [ 14%] [32mBuilding C object CMakeFiles/proyecto_interfaces__rosidl_generator_c.dir/rosidl_generator_c/proyecto_interfaces/srv/detail/start_perception_test__functions.c.o[0m
[3.472s] [ 16%] [32mBuilding C object CMakeFiles/proyecto_interfaces__rosidl_generator_c.dir/rosidl_generator_c/proyecto_interfaces/srv/detail/start_manipulation_test__functions.c.o[0m
[3.617s] [ 18%] [32m[1mLinking C shared library libproyecto_interfaces__rosidl_generator_c.so[0m
[3.671s] [ 18%] Built target proyecto_interfaces__rosidl_generator_c
[3.689s] [ 20%] [34m[1mGenerating C type support for eProsima Fast-RTPS[0m
[3.710s] [ 21%] [34m[1mGenerating C introspection for ROS interfaces[0m
[3.734s] [ 23%] [34m[1mGenerating C type support dispatch for ROS interfaces[0m
[3.938s] [ 25%] [32mBuilding CXX object CMakeFiles/proyecto_interfaces__rosidl_typesupport_cpp.dir/rosidl_typesupport_cpp/proyecto_interfaces/msg/banner__type_support.cpp.o[0m
[3.950s] [ 27%] [32mBuilding CXX object CMakeFiles/proyecto_interfaces__rosidl_typesupport_cpp.dir/rosidl_typesupport_cpp/proyecto_interfaces/srv/start_navigation_test__type_support.cpp.o[0m
[3.976s] [ 29%] [32mBuilding CXX object CMakeFiles/proyecto_interfaces__rosidl_typesupport_cpp.dir/rosidl_typesupport_cpp/proyecto_interfaces/srv/start_perception_test__type_support.cpp.o[0m
[4.208s] [ 30%] [32mBuilding CXX object CMakeFiles/proyecto_interfaces__rosidl_typesupport_introspection_cpp.dir/rosidl_typesupport_introspection_cpp/proyecto_interfaces/msg/detail/banner__type_support.cpp.o[0m
[4.298s] [ 32%] [32mBuilding CXX object CMakeFiles/proyecto_interfaces__rosidl_typesupport_fastrtps_cpp.dir/rosidl_typesupport_fastrtps_cpp/proyecto_interfaces/msg/detail/dds_fastrtps/banner__type_support.cpp.o[0m
[4.634s] [ 34%] [32mBuilding CXX object CMakeFiles/proyecto_interfaces__rosidl_typesupport_fastrtps_cpp.dir/rosidl_typesupport_fastrtps_cpp/proyecto_interfaces/srv/detail/dds_fastrtps/start_navigation_test__type_support.cpp.o[0m
[4.794s] [ 36%] [32mBuilding CXX object CMakeFiles/proyecto_interfaces__rosidl_typesupport_cpp.dir/rosidl_typesupport_cpp/proyecto_interfaces/srv/start_manipulation_test__type_support.cpp.o[0m
[4.802s] [ 38%] [32mBuilding CXX object CMakeFiles/proyecto_interfaces__rosidl_typesupport_fastrtps_cpp.dir/rosidl_typesupport_fastrtps_cpp/proyecto_interfaces/srv/detail/dds_fastrtps/start_perception_test__type_support.cpp.o[0m
[4.892s] [ 40%] [32mBuilding CXX object CMakeFiles/proyecto_interfaces__rosidl_typesupport_c.dir/rosidl_typesupport_c/proyecto_interfaces/msg/banner__type_support.cpp.o[0m
[5.082s] [ 41%] [32mBuilding CXX object CMakeFiles/proyecto_interfaces__rosidl_typesupport_c.dir/rosidl_typesupport_c/proyecto_interfaces/srv/start_navigation_test__type_support.cpp.o[0m
[5.264s] [ 43%] [32mBuilding C object CMakeFiles/proyecto_interfaces__rosidl_typesupport_introspection_c.dir/rosidl_typesupport_introspection_c/proyecto_interfaces/msg/detail/banner__type_support.c.o[0m
[5.308s] [ 45%] [32mBuilding CXX object CMakeFiles/proyecto_interfaces__rosidl_typesupport_fastrtps_c.dir/rosidl_typesupport_fastrtps_c/proyecto_interfaces/msg/detail/banner__type_support_c.cpp.o[0m
[5.318s] [ 47%] [32mBuilding CXX object CMakeFiles/proyecto_interfaces__rosidl_typesupport_c.dir/rosidl_typesupport_c/proyecto_interfaces/srv/start_perception_test__type_support.cpp.o[0m
[5.416s] [ 49%] [32mBuilding CXX object CMakeFiles/proyecto_interfaces__rosidl_typesupport_introspection_cpp.dir/rosidl_typesupport_introspection_cpp/proyecto_interfaces/srv/detail/start_navigation_test__type_support.cpp.o[0m
[5.442s] [ 50%] [32mBuilding C object CMakeFiles/proyecto_interfaces__rosidl_typesupport_introspection_c.dir/rosidl_typesupport_introspection_c/proyecto_interfaces/srv/detail/start_navigation_test__type_support.c.o[0m
[5.502s] [ 52%] [32mBuilding CXX object CMakeFiles/proyecto_interfaces__rosidl_typesupport_introspection_cpp.dir/rosidl_typesupport_introspection_cpp/proyecto_interfaces/srv/detail/start_perception_test__type_support.cpp.o[0m
[5.522s] [ 54%] [32mBuilding CXX object CMakeFiles/proyecto_interfaces__rosidl_typesupport_c.dir/rosidl_typesupport_c/proyecto_interfaces/srv/start_manipulation_test__type_support.cpp.o[0m
[5.616s] [ 56%] [32mBuilding CXX object CMakeFiles/proyecto_interfaces__rosidl_typesupport_fastrtps_cpp.dir/rosidl_typesupport_fastrtps_cpp/proyecto_interfaces/srv/detail/dds_fastrtps/start_manipulation_test__type_support.cpp.o[0m
[5.669s] [ 58%] [32mBuilding C object CMakeFiles/proyecto_interfaces__rosidl_typesupport_introspection_c.dir/rosidl_typesupport_introspection_c/proyecto_interfaces/srv/detail/start_perception_test__type_support.c.o[0m
[5.688s] [ 60%] [32m[1mLinking CXX shared library libproyecto_interfaces__rosidl_typesupport_c.so[0m
[5.913s] [ 61%] [32mBuilding C object CMakeFiles/proyecto_interfaces__rosidl_typesupport_introspection_c.dir/rosidl_typesupport_introspection_c/proyecto_interfaces/srv/detail/start_manipulation_test__type_support.c.o[0m
[5.958s] [ 61%] Built target proyecto_interfaces__rosidl_typesupport_c
[5.993s] [ 63%] [32mBuilding CXX object CMakeFiles/proyecto_interfaces__rosidl_typesupport_fastrtps_c.dir/rosidl_typesupport_fastrtps_c/proyecto_interfaces/srv/detail/start_navigation_test__type_support_c.cpp.o[0m
[6.151s] [ 67%] [32m[1mLinking C shared library libproyecto_interfaces__rosidl_typesupport_introspection_c.so[0m
[6.180s] [ 67%] [32m[1mLinking CXX shared library libproyecto_interfaces__rosidl_typesupport_cpp.so[0m
[6.375s] [ 67%] Built target proyecto_interfaces__rosidl_typesupport_introspection_c
[6.428s] [ 69%] [32mBuilding CXX object CMakeFiles/proyecto_interfaces__rosidl_typesupport_fastrtps_c.dir/rosidl_typesupport_fastrtps_c/proyecto_interfaces/srv/detail/start_perception_test__type_support_c.cpp.o[0m
[6.432s] [ 69%] Built target proyecto_interfaces__rosidl_typesupport_cpp
[6.496s] [ 70%] [32mBuilding CXX object CMakeFiles/proyecto_interfaces__rosidl_typesupport_introspection_cpp.dir/rosidl_typesupport_introspection_cpp/proyecto_interfaces/srv/detail/start_manipulation_test__type_support.cpp.o[0m
[6.628s] [ 72%] [32mBuilding CXX object CMakeFiles/proyecto_interfaces__rosidl_typesupport_fastrtps_c.dir/rosidl_typesupport_fastrtps_c/proyecto_interfaces/srv/detail/start_manipulation_test__type_support_c.cpp.o[0m
[6.809s] [ 74%] [32m[1mLinking CXX shared library libproyecto_interfaces__rosidl_typesupport_fastrtps_cpp.so[0m
[7.114s] [ 74%] Built target proyecto_interfaces__rosidl_typesupport_fastrtps_cpp
[7.865s] [ 76%] [32m[1mLinking CXX shared library libproyecto_interfaces__rosidl_typesupport_fastrtps_c.so[0m
[8.086s] [ 76%] Built target proyecto_interfaces__rosidl_typesupport_fastrtps_c
[8.154s] [ 78%] [32m[1mLinking CXX shared library libproyecto_interfaces__rosidl_typesupport_introspection_cpp.so[0m
[8.287s] [ 78%] Built target proyecto_interfaces__rosidl_typesupport_introspection_cpp
[8.321s] [ 78%] Built target proyecto_interfaces
[8.351s] [ 80%] [34m[1mGenerating Python code for ROS interfaces[0m
[9.722s] [ 80%] Built target proyecto_interfaces__py
[9.753s] [ 83%] [32mBuilding C object CMakeFiles/proyecto_interfaces__rosidl_generator_py.dir/rosidl_generator_py/proyecto_interfaces/srv/_start_navigation_test_s.c.o[0m
[9.754s] [ 83%] [32mBuilding C object CMakeFiles/proyecto_interfaces__rosidl_generator_py.dir/rosidl_generator_py/proyecto_interfaces/msg/_banner_s.c.o[0m
[9.756s] [ 87%] [32mBuilding C object CMakeFiles/proyecto_interfaces__rosidl_generator_py.dir/rosidl_generator_py/proyecto_interfaces/srv/_start_perception_test_s.c.o[0m
[9.758s] [ 87%] [32mBuilding C object CMakeFiles/proyecto_interfaces__rosidl_generator_py.dir/rosidl_generator_py/proyecto_interfaces/srv/_start_manipulation_test_s.c.o[0m
[9.973s] [ 89%] [32m[1mLinking C shared library rosidl_generator_py/proyecto_interfaces/libproyecto_interfaces__rosidl_generator_py.so[0m
[10.042s] [ 89%] Built target proyecto_interfaces__rosidl_generator_py
[10.088s] [ 90%] [32mBuilding C object CMakeFiles/proyecto_interfaces__rosidl_typesupport_introspection_c__pyext.dir/rosidl_generator_py/proyecto_interfaces/_proyecto_interfaces_s.ep.rosidl_typesupport_introspection_c.c.o[0m
[10.094s] [ 92%] [32mBuilding C object CMakeFiles/proyecto_interfaces__rosidl_typesupport_fastrtps_c__pyext.dir/rosidl_generator_py/proyecto_interfaces/_proyecto_interfaces_s.ep.rosidl_typesupport_fastrtps_c.c.o[0m
[10.113s] [ 94%] [32mBuilding C object CMakeFiles/proyecto_interfaces__rosidl_typesupport_c__pyext.dir/rosidl_generator_py/proyecto_interfaces/_proyecto_interfaces_s.ep.rosidl_typesupport_c.c.o[0m
[10.316s] [ 96%] [32m[1mLinking C shared library rosidl_generator_py/proyecto_interfaces/proyecto_interfaces_s__rosidl_typesupport_introspection_c.cpython-310-x86_64-linux-gnu.so[0m
[10.321s] [ 98%] [32m[1mLinking C shared library rosidl_generator_py/proyecto_interfaces/proyecto_interfaces_s__rosidl_typesupport_c.cpython-310-x86_64-linux-gnu.so[0m
[10.344s] [100%] [32m[1mLinking C shared library rosidl_generator_py/proyecto_interfaces/proyecto_interfaces_s__rosidl_typesupport_fastrtps_c.cpython-310-x86_64-linux-gnu.so[0m
[10.367s] [100%] Built target proyecto_interfaces__rosidl_typesupport_introspection_c__pyext
[10.374s] [100%] Built target proyecto_interfaces__rosidl_typesupport_c__pyext
[10.400s] [100%] Built target proyecto_interfaces__rosidl_typesupport_fastrtps_c__pyext
[10.418s] Invoked command in '/home/juanespadi/Documents/shalpy/proyecto_final_grupo_14/build/proyecto_interfaces' returned '0': CMAKE_PREFIX_PATH=${CMAKE_PREFIX_PATH}:/home/juanespadi/Documents/shalpy/proyecto_final_grupo_14/install/proyecto_master_pkg:/home/juanespadi/Documents/shalpy/proyecto_final_grupo_14/install/final_shalpy:/opt/ros/humble /usr/bin/cmake --build /home/juanespadi/Documents/shalpy/proyecto_final_grupo_14/build/proyecto_interfaces -- -j8 -l8
[10.595s] Invoking command in '/home/juanespadi/Documents/shalpy/proyecto_final_grupo_14/build/proyecto_interfaces': CMAKE_PREFIX_PATH=${CMAKE_PREFIX_PATH}:/home/juanespadi/Documents/shalpy/proyecto_final_grupo_14/install/proyecto_master_pkg:/home/juanespadi/Documents/shalpy/proyecto_final_grupo_14/install/final_shalpy:/opt/ros/humble /usr/bin/cmake --install /home/juanespadi/Documents/shalpy/proyecto_final_grupo_14/build/proyecto_interfaces
[10.607s] -- Install configuration: ""
[10.607s] -- Installing: /home/juanespadi/Documents/shalpy/proyecto_final_grupo_14/install/proyecto_interfaces/share/ament_index/resource_index/rosidl_interfaces/proyecto_interfaces
[10.607s] -- Up-to-date: /home/juanespadi/Documents/shalpy/proyecto_final_grupo_14/install/proyecto_interfaces/include/proyecto_interfaces/proyecto_interfaces
[10.608s] -- Up-to-date: /home/juanespadi/Documents/shalpy/proyecto_final_grupo_14/install/proyecto_interfaces/include/proyecto_interfaces/proyecto_interfaces/msg
[10.608s] -- Installing: /home/juanespadi/Documents/shalpy/proyecto_final_grupo_14/install/proyecto_interfaces/include/proyecto_interfaces/proyecto_interfaces/msg/rosidl_generator_c__visibility_control.h
[10.608s] -- Installing: /home/juanespadi/Documents/shalpy/proyecto_final_grupo_14/install/proyecto_interfaces/include/proyecto_interfaces/proyecto_interfaces/msg/banner.h
[10.608s] -- Up-to-date: /home/juanespadi/Documents/shalpy/proyecto_final_grupo_14/install/proyecto_interfaces/include/proyecto_interfaces/proyecto_interfaces/msg/detail
[10.608s] -- Installing: /home/juanespadi/Documents/shalpy/proyecto_final_grupo_14/install/proyecto_interfaces/include/proyecto_interfaces/proyecto_interfaces/msg/detail/banner__functions.c
[10.608s] -- Installing: /home/juanespadi/Documents/shalpy/proyecto_final_grupo_14/install/proyecto_interfaces/include/proyecto_interfaces/proyecto_interfaces/msg/detail/banner__struct.h
[10.608s] -- Installing: /home/juanespadi/Documents/shalpy/proyecto_final_grupo_14/install/proyecto_interfaces/include/proyecto_interfaces/proyecto_interfaces/msg/detail/banner__type_support.h
[10.609s] -- Installing: /home/juanespadi/Documents/shalpy/proyecto_final_grupo_14/install/proyecto_interfaces/include/proyecto_interfaces/proyecto_interfaces/msg/detail/banner__functions.h
[10.609s] -- Up-to-date: /home/juanespadi/Documents/shalpy/proyecto_final_grupo_14/install/proyecto_interfaces/include/proyecto_interfaces/proyecto_interfaces/srv
[10.609s] -- Installing: /home/juanespadi/Documents/shalpy/proyecto_final_grupo_14/install/proyecto_interfaces/include/proyecto_interfaces/proyecto_interfaces/srv/start_perception_test.h
[10.609s] -- Installing: /home/juanespadi/Documents/shalpy/proyecto_final_grupo_14/install/proyecto_interfaces/include/proyecto_interfaces/proyecto_interfaces/srv/start_navigation_test.h
[10.609s] -- Installing: /home/juanespadi/Documents/shalpy/proyecto_final_grupo_14/install/proyecto_interfaces/include/proyecto_interfaces/proyecto_interfaces/srv/start_manipulation_test.h
[10.610s] -- Up-to-date: /home/juanespadi/Documents/shalpy/proyecto_final_grupo_14/install/proyecto_interfaces/include/proyecto_interfaces/proyecto_interfaces/srv/detail
[10.610s] -- Installing: /home/juanespadi/Documents/shalpy/proyecto_final_grupo_14/install/proyecto_interfaces/include/proyecto_interfaces/proyecto_interfaces/srv/detail/start_navigation_test__struct.h
[10.610s] -- Installing: /home/juanespadi/Documents/shalpy/proyecto_final_grupo_14/install/proyecto_interfaces/include/proyecto_interfaces/proyecto_interfaces/srv/detail/start_navigation_test__type_support.h
[10.610s] -- Installing: /home/juanespadi/Documents/shalpy/proyecto_final_grupo_14/install/proyecto_interfaces/include/proyecto_interfaces/proyecto_interfaces/srv/detail/start_manipulation_test__functions.c
[10.610s] -- Installing: /home/juanespadi/Documents/shalpy/proyecto_final_grupo_14/install/proyecto_interfaces/include/proyecto_interfaces/proyecto_interfaces/srv/detail/start_manipulation_test__functions.h
[10.610s] -- Installing: /home/juanespadi/Documents/shalpy/proyecto_final_grupo_14/install/proyecto_interfaces/include/proyecto_interfaces/proyecto_interfaces/srv/detail/start_perception_test__functions.h
[10.611s] -- Installing: /home/juanespadi/Documents/shalpy/proyecto_final_grupo_14/install/proyecto_interfaces/include/proyecto_interfaces/proyecto_interfaces/srv/detail/start_manipulation_test__type_support.h
[10.611s] -- Installing: /home/juanespadi/Documents/shalpy/proyecto_final_grupo_14/install/proyecto_interfaces/include/proyecto_interfaces/proyecto_interfaces/srv/detail/start_perception_test__type_support.h
[10.611s] -- Installing: /home/juanespadi/Documents/shalpy/proyecto_final_grupo_14/install/proyecto_interfaces/include/proyecto_interfaces/proyecto_interfaces/srv/detail/start_perception_test__functions.c
[10.611s] -- Installing: /home/juanespadi/Documents/shalpy/proyecto_final_grupo_14/install/proyecto_interfaces/include/proyecto_interfaces/proyecto_interfaces/srv/detail/start_manipulation_test__struct.h
[10.612s] -- Installing: /home/juanespadi/Documents/shalpy/proyecto_final_grupo_14/install/proyecto_interfaces/include/proyecto_interfaces/proyecto_interfaces/srv/detail/start_navigation_test__functions.h
[10.612s] -- Installing: /home/juanespadi/Documents/shalpy/proyecto_final_grupo_14/install/proyecto_interfaces/include/proyecto_interfaces/proyecto_interfaces/srv/detail/start_navigation_test__functions.c
[10.612s] -- Installing: /home/juanespadi/Documents/shalpy/proyecto_final_grupo_14/install/proyecto_interfaces/include/proyecto_interfaces/proyecto_interfaces/srv/detail/start_perception_test__struct.h
[10.612s] -- Up-to-date: /home/juanespadi/Documents/shalpy/proyecto_final_grupo_14/install/proyecto_interfaces/share/proyecto_interfaces/environment/library_path.sh
[10.613s] -- Installing: /home/juanespadi/Documents/shalpy/proyecto_final_grupo_14/install/proyecto_interfaces/share/proyecto_interfaces/environment/library_path.dsv
[10.613s] -- Installing: /home/juanespadi/Documents/shalpy/proyecto_final_grupo_14/install/proyecto_interfaces/lib/libproyecto_interfaces__rosidl_generator_c.so
[10.614s] -- Set runtime path of "/home/juanespadi/Documents/shalpy/proyecto_final_grupo_14/install/proyecto_interfaces/lib/libproyecto_interfaces__rosidl_generator_c.so" to ""
[10.614s] -- Up-to-date: /home/juanespadi/Documents/shalpy/proyecto_final_grupo_14/install/proyecto_interfaces/include/proyecto_interfaces/proyecto_interfaces
[10.614s] -- Up-to-date: /home/juanespadi/Documents/shalpy/proyecto_final_grupo_14/install/proyecto_interfaces/include/proyecto_interfaces/proyecto_interfaces/msg
[10.614s] -- Up-to-date: /home/juanespadi/Documents/shalpy/proyecto_final_grupo_14/install/proyecto_interfaces/include/proyecto_interfaces/proyecto_interfaces/msg/detail
[10.615s] -- Installing: /home/juanespadi/Documents/shalpy/proyecto_final_grupo_14/install/proyecto_interfaces/include/proyecto_interfaces/proyecto_interfaces/msg/detail/banner__rosidl_typesupport_fastrtps_c.h
[10.615s] -- Installing: /home/juanespadi/Documents/shalpy/proyecto_final_grupo_14/install/proyecto_interfaces/include/proyecto_interfaces/proyecto_interfaces/msg/rosidl_typesupport_fastrtps_c__visibility_control.h
[10.615s] -- Up-to-date: /home/juanespadi/Documents/shalpy/proyecto_final_grupo_14/install/proyecto_interfaces/include/proyecto_interfaces/proyecto_interfaces/srv
[10.615s] -- Up-to-date: /home/juanespadi/Documents/shalpy/proyecto_final_grupo_14/install/proyecto_interfaces/include/proyecto_interfaces/proyecto_interfaces/srv/detail
[10.615s] -- Installing: /home/juanespadi/Documents/shalpy/proyecto_final_grupo_14/install/proyecto_interfaces/include/proyecto_interfaces/proyecto_interfaces/srv/detail/start_navigation_test__rosidl_typesupport_fastrtps_c.h
[10.615s] -- Installing: /home/juanespadi/Documents/shalpy/proyecto_final_grupo_14/install/proyecto_interfaces/include/proyecto_interfaces/proyecto_interfaces/srv/detail/start_manipulation_test__rosidl_typesupport_fastrtps_c.h
[10.616s] -- Installing: /home/juanespadi/Documents/shalpy/proyecto_final_grupo_14/install/proyecto_interfaces/include/proyecto_interfaces/proyecto_interfaces/srv/detail/start_perception_test__rosidl_typesupport_fastrtps_c.h
[10.616s] -- Installing: /home/juanespadi/Documents/shalpy/proyecto_final_grupo_14/install/proyecto_interfaces/lib/libproyecto_interfaces__rosidl_typesupport_fastrtps_c.so
[10.617s] -- Set runtime path of "/home/juanespadi/Documents/shalpy/proyecto_final_grupo_14/install/proyecto_interfaces/lib/libproyecto_interfaces__rosidl_typesupport_fastrtps_c.so" to ""
[10.617s] -- Up-to-date: /home/juanespadi/Documents/shalpy/proyecto_final_grupo_14/install/proyecto_interfaces/include/proyecto_interfaces/proyecto_interfaces
[10.617s] -- Up-to-date: /home/juanespadi/Documents/shalpy/proyecto_final_grupo_14/install/proyecto_interfaces/include/proyecto_interfaces/proyecto_interfaces/msg
[10.617s] -- Up-to-date: /home/juanespadi/Documents/shalpy/proyecto_final_grupo_14/install/proyecto_interfaces/include/proyecto_interfaces/proyecto_interfaces/msg/detail
[10.618s] -- Installing: /home/juanespadi/Documents/shalpy/proyecto_final_grupo_14/install/proyecto_interfaces/include/proyecto_interfaces/proyecto_interfaces/msg/detail/banner__rosidl_typesupport_introspection_c.h
[10.618s] -- Installing: /home/juanespadi/Documents/shalpy/proyecto_final_grupo_14/install/proyecto_interfaces/include/proyecto_interfaces/proyecto_interfaces/msg/detail/banner__type_support.c
[10.618s] -- Installing: /home/juanespadi/Documents/shalpy/proyecto_final_grupo_14/install/proyecto_interfaces/include/proyecto_interfaces/proyecto_interfaces/msg/rosidl_typesupport_introspection_c__visibility_control.h
[10.618s] -- Up-to-date: /home/juanespadi/Documents/shalpy/proyecto_final_grupo_14/install/proyecto_interfaces/include/proyecto_interfaces/proyecto_interfaces/srv
[10.618s] -- Up-to-date: /home/juanespadi/Documents/shalpy/proyecto_final_grupo_14/install/proyecto_interfaces/include/proyecto_interfaces/proyecto_interfaces/srv/detail
[10.618s] -- Installing: /home/juanespadi/Documents/shalpy/proyecto_final_grupo_14/install/proyecto_interfaces/include/proyecto_interfaces/proyecto_interfaces/srv/detail/start_perception_test__type_support.c
[10.619s] -- Installing: /home/juanespadi/Documents/shalpy/proyecto_final_grupo_14/install/proyecto_interfaces/include/proyecto_interfaces/proyecto_interfaces/srv/detail/start_manipulation_test__type_support.c
[10.619s] -- Installing: /home/juanespadi/Documents/shalpy/proyecto_final_grupo_14/install/proyecto_interfaces/include/proyecto_interfaces/proyecto_interfaces/srv/detail/start_navigation_test__rosidl_typesupport_introspection_c.h
[10.619s] -- Installing: /home/juanespadi/Documents/shalpy/proyecto_final_grupo_14/install/proyecto_interfaces/include/proyecto_interfaces/proyecto_interfaces/srv/detail/start_navigation_test__type_support.c
[10.619s] -- Installing: /home/juanespadi/Documents/shalpy/proyecto_final_grupo_14/install/proyecto_interfaces/include/proyecto_interfaces/proyecto_interfaces/srv/detail/start_perception_test__rosidl_typesupport_introspection_c.h
[10.621s] -- Installing: /home/juanespadi/Documents/shalpy/proyecto_final_grupo_14/install/proyecto_interfaces/include/proyecto_interfaces/proyecto_interfaces/srv/detail/start_manipulation_test__rosidl_typesupport_introspection_c.h
[10.621s] -- Installing: /home/juanespadi/Documents/shalpy/proyecto_final_grupo_14/install/proyecto_interfaces/lib/libproyecto_interfaces__rosidl_typesupport_introspection_c.so
[10.621s] -- Set runtime path of "/home/juanespadi/Documents/shalpy/proyecto_final_grupo_14/install/proyecto_interfaces/lib/libproyecto_interfaces__rosidl_typesupport_introspection_c.so" to ""
[10.622s] -- Installing: /home/juanespadi/Documents/shalpy/proyecto_final_grupo_14/install/proyecto_interfaces/lib/libproyecto_interfaces__rosidl_typesupport_c.so
[10.622s] -- Set runtime path of "/home/juanespadi/Documents/shalpy/proyecto_final_grupo_14/install/proyecto_interfaces/lib/libproyecto_interfaces__rosidl_typesupport_c.so" to ""
[10.622s] -- Up-to-date: /home/juanespadi/Documents/shalpy/proyecto_final_grupo_14/install/proyecto_interfaces/include/proyecto_interfaces/proyecto_interfaces
[10.622s] -- Up-to-date: /home/juanespadi/Documents/shalpy/proyecto_final_grupo_14/install/proyecto_interfaces/include/proyecto_interfaces/proyecto_interfaces/msg
[10.623s] -- Installing: /home/juanespadi/Documents/shalpy/proyecto_final_grupo_14/install/proyecto_interfaces/include/proyecto_interfaces/proyecto_interfaces/msg/banner.hpp
[10.623s] -- Up-to-date: /home/juanespadi/Documents/shalpy/proyecto_final_grupo_14/install/proyecto_interfaces/include/proyecto_interfaces/proyecto_interfaces/msg/detail
[10.623s] -- Installing: /home/juanespadi/Documents/shalpy/proyecto_final_grupo_14/install/proyecto_interfaces/include/proyecto_interfaces/proyecto_interfaces/msg/detail/banner__traits.hpp
[10.623s] -- Installing: /home/juanespadi/Documents/shalpy/proyecto_final_grupo_14/install/proyecto_interfaces/include/proyecto_interfaces/proyecto_interfaces/msg/detail/banner__builder.hpp
[10.624s] -- Installing: /home/juanespadi/Documents/shalpy/proyecto_final_grupo_14/install/proyecto_interfaces/include/proyecto_interfaces/proyecto_interfaces/msg/detail/banner__struct.hpp
[10.624s] -- Up-to-date: /home/juanespadi/Documents/shalpy/proyecto_final_grupo_14/install/proyecto_interfaces/include/proyecto_interfaces/proyecto_interfaces/srv
[10.624s] -- Up-to-date: /home/juanespadi/Documents/shalpy/proyecto_final_grupo_14/install/proyecto_interfaces/include/proyecto_interfaces/proyecto_interfaces/srv/detail
[10.639s] -- Installing: /home/juanespadi/Documents/shalpy/proyecto_final_grupo_14/install/proyecto_interfaces/include/proyecto_interfaces/proyecto_interfaces/srv/detail/start_navigation_test__struct.hpp
[10.639s] -- Installing: /home/juanespadi/Documents/shalpy/proyecto_final_grupo_14/install/proyecto_interfaces/include/proyecto_interfaces/proyecto_interfaces/srv/detail/start_manipulation_test__struct.hpp
[10.639s] -- Installing: /home/juanespadi/Documents/shalpy/proyecto_final_grupo_14/install/proyecto_interfaces/include/proyecto_interfaces/proyecto_interfaces/srv/detail/start_navigation_test__traits.hpp
[10.639s] -- Installing: /home/juanespadi/Documents/shalpy/proyecto_final_grupo_14/install/proyecto_interfaces/include/proyecto_interfaces/proyecto_interfaces/srv/detail/start_perception_test__traits.hpp
[10.639s] -- Installing: /home/juanespadi/Documents/shalpy/proyecto_final_grupo_14/install/proyecto_interfaces/include/proyecto_interfaces/proyecto_interfaces/srv/detail/start_perception_test__struct.hpp
[10.640s] -- Installing: /home/juanespadi/Documents/shalpy/proyecto_final_grupo_14/install/proyecto_interfaces/include/proyecto_interfaces/proyecto_interfaces/srv/detail/start_manipulation_test__builder.hpp
[10.640s] -- Installing: /home/juanespadi/Documents/shalpy/proyecto_final_grupo_14/install/proyecto_interfaces/include/proyecto_interfaces/proyecto_interfaces/srv/detail/start_manipulation_test__traits.hpp
[10.640s] -- Installing: /home/juanespadi/Documents/shalpy/proyecto_final_grupo_14/install/proyecto_interfaces/include/proyecto_interfaces/proyecto_interfaces/srv/detail/start_navigation_test__builder.hpp
[10.640s] -- Installing: /home/juanespadi/Documents/shalpy/proyecto_final_grupo_14/install/proyecto_interfaces/include/proyecto_interfaces/proyecto_interfaces/srv/detail/start_perception_test__builder.hpp
[10.640s] -- Installing: /home/juanespadi/Documents/shalpy/proyecto_final_grupo_14/install/proyecto_interfaces/include/proyecto_interfaces/proyecto_interfaces/srv/start_manipulation_test.hpp
[10.640s] -- Installing: /home/juanespadi/Documents/shalpy/proyecto_final_grupo_14/install/proyecto_interfaces/include/proyecto_interfaces/proyecto_interfaces/srv/start_perception_test.hpp
[10.640s] -- Installing: /home/juanespadi/Documents/shalpy/proyecto_final_grupo_14/install/proyecto_interfaces/include/proyecto_interfaces/proyecto_interfaces/srv/start_navigation_test.hpp
[10.640s] -- Up-to-date: /home/juanespadi/Documents/shalpy/proyecto_final_grupo_14/install/proyecto_interfaces/include/proyecto_interfaces/proyecto_interfaces
[10.641s] -- Up-to-date: /home/juanespadi/Documents/shalpy/proyecto_final_grupo_14/install/proyecto_interfaces/include/proyecto_interfaces/proyecto_interfaces/msg
[10.641s] -- Installing: /home/juanespadi/Documents/shalpy/proyecto_final_grupo_14/install/proyecto_interfaces/include/proyecto_interfaces/proyecto_interfaces/msg/rosidl_typesupport_fastrtps_cpp__visibility_control.h
[10.641s] -- Up-to-date: /home/juanespadi/Documents/shalpy/proyecto_final_grupo_14/install/proyecto_interfaces/include/proyecto_interfaces/proyecto_interfaces/msg/detail
[10.641s] -- Up-to-date: /home/juanespadi/Documents/shalpy/proyecto_final_grupo_14/install/proyecto_interfaces/include/proyecto_interfaces/proyecto_interfaces/msg/detail/dds_fastrtps
[10.641s] -- Installing: /home/juanespadi/Documents/shalpy/proyecto_final_grupo_14/install/proyecto_interfaces/include/proyecto_interfaces/proyecto_interfaces/msg/detail/banner__rosidl_typesupport_fastrtps_cpp.hpp
[10.641s] -- Up-to-date: /home/juanespadi/Documents/shalpy/proyecto_final_grupo_14/install/proyecto_interfaces/include/proyecto_interfaces/proyecto_interfaces/srv
[10.641s] -- Up-to-date: /home/juanespadi/Documents/shalpy/proyecto_final_grupo_14/install/proyecto_interfaces/include/proyecto_interfaces/proyecto_interfaces/srv/detail
[10.641s] -- Installing: /home/juanespadi/Documents/shalpy/proyecto_final_grupo_14/install/proyecto_interfaces/include/proyecto_interfaces/proyecto_interfaces/srv/detail/start_navigation_test__rosidl_typesupport_fastrtps_cpp.hpp
[10.641s] -- Installing: /home/juanespadi/Documents/shalpy/proyecto_final_grupo_14/install/proyecto_interfaces/include/proyecto_interfaces/proyecto_interfaces/srv/detail/start_perception_test__rosidl_typesupport_fastrtps_cpp.hpp
[10.642s] -- Up-to-date: /home/juanespadi/Documents/shalpy/proyecto_final_grupo_14/install/proyecto_interfaces/include/proyecto_interfaces/proyecto_interfaces/srv/detail/dds_fastrtps
[10.642s] -- Installing: /home/juanespadi/Documents/shalpy/proyecto_final_grupo_14/install/proyecto_interfaces/include/proyecto_interfaces/proyecto_interfaces/srv/detail/start_manipulation_test__rosidl_typesupport_fastrtps_cpp.hpp
[10.642s] -- Installing: /home/juanespadi/Documents/shalpy/proyecto_final_grupo_14/install/proyecto_interfaces/lib/libproyecto_interfaces__rosidl_typesupport_fastrtps_cpp.so
[10.642s] -- Set runtime path of "/home/juanespadi/Documents/shalpy/proyecto_final_grupo_14/install/proyecto_interfaces/lib/libproyecto_interfaces__rosidl_typesupport_fastrtps_cpp.so" to ""
[10.642s] -- Up-to-date: /home/juanespadi/Documents/shalpy/proyecto_final_grupo_14/install/proyecto_interfaces/include/proyecto_interfaces/proyecto_interfaces
[10.642s] -- Up-to-date: /home/juanespadi/Documents/shalpy/proyecto_final_grupo_14/install/proyecto_interfaces/include/proyecto_interfaces/proyecto_interfaces/msg
[10.642s] -- Up-to-date: /home/juanespadi/Documents/shalpy/proyecto_final_grupo_14/install/proyecto_interfaces/include/proyecto_interfaces/proyecto_interfaces/msg/detail
[10.642s] -- Installing: /home/juanespadi/Documents/shalpy/proyecto_final_grupo_14/install/proyecto_interfaces/include/proyecto_interfaces/proyecto_interfaces/msg/detail/banner__rosidl_typesupport_introspection_cpp.hpp
[10.643s] -- Installing: /home/juanespadi/Documents/shalpy/proyecto_final_grupo_14/install/proyecto_interfaces/include/proyecto_interfaces/proyecto_interfaces/msg/detail/banner__type_support.cpp
[10.643s] -- Up-to-date: /home/juanespadi/Documents/shalpy/proyecto_final_grupo_14/install/proyecto_interfaces/include/proyecto_interfaces/proyecto_interfaces/srv
[10.643s] -- Up-to-date: /home/juanespadi/Documents/shalpy/proyecto_final_grupo_14/install/proyecto_interfaces/include/proyecto_interfaces/proyecto_interfaces/srv/detail
[10.643s] -- Installing: /home/juanespadi/Documents/shalpy/proyecto_final_grupo_14/install/proyecto_interfaces/include/proyecto_interfaces/proyecto_interfaces/srv/detail/start_manipulation_test__type_support.cpp
[10.643s] -- Installing: /home/juanespadi/Documents/shalpy/proyecto_final_grupo_14/install/proyecto_interfaces/include/proyecto_interfaces/proyecto_interfaces/srv/detail/start_manipulation_test__rosidl_typesupport_introspection_cpp.hpp
[10.643s] -- Installing: /home/juanespadi/Documents/shalpy/proyecto_final_grupo_14/install/proyecto_interfaces/include/proyecto_interfaces/proyecto_interfaces/srv/detail/start_perception_test__type_support.cpp
[10.643s] -- Installing: /home/juanespadi/Documents/shalpy/proyecto_final_grupo_14/install/proyecto_interfaces/include/proyecto_interfaces/proyecto_interfaces/srv/detail/start_navigation_test__type_support.cpp
[10.643s] -- Installing: /home/juanespadi/Documents/shalpy/proyecto_final_grupo_14/install/proyecto_interfaces/include/proyecto_interfaces/proyecto_interfaces/srv/detail/start_navigation_test__rosidl_typesupport_introspection_cpp.hpp
[10.643s] -- Installing: /home/juanespadi/Documents/shalpy/proyecto_final_grupo_14/install/proyecto_interfaces/include/proyecto_interfaces/proyecto_interfaces/srv/detail/start_perception_test__rosidl_typesupport_introspection_cpp.hpp
[10.644s] -- Installing: /home/juanespadi/Documents/shalpy/proyecto_final_grupo_14/install/proyecto_interfaces/lib/libproyecto_interfaces__rosidl_typesupport_introspection_cpp.so
[10.644s] -- Set runtime path of "/home/juanespadi/Documents/shalpy/proyecto_final_grupo_14/install/proyecto_interfaces/lib/libproyecto_interfaces__rosidl_typesupport_introspection_cpp.so" to ""
[10.644s] -- Installing: /home/juanespadi/Documents/shalpy/proyecto_final_grupo_14/install/proyecto_interfaces/lib/libproyecto_interfaces__rosidl_typesupport_cpp.so
[10.644s] -- Set runtime path of "/home/juanespadi/Documents/shalpy/proyecto_final_grupo_14/install/proyecto_interfaces/lib/libproyecto_interfaces__rosidl_typesupport_cpp.so" to ""
[10.644s] -- Installing: /home/juanespadi/Documents/shalpy/proyecto_final_grupo_14/install/proyecto_interfaces/share/proyecto_interfaces/environment/pythonpath.sh
[10.644s] -- Installing: /home/juanespadi/Documents/shalpy/proyecto_final_grupo_14/install/proyecto_interfaces/share/proyecto_interfaces/environment/pythonpath.dsv
[10.644s] -- Up-to-date: /home/juanespadi/Documents/shalpy/proyecto_final_grupo_14/install/proyecto_interfaces/local/lib/python3.10/dist-packages/proyecto_interfaces-0.0.0-py3.10.egg-info
[10.644s] -- Installing: /home/juanespadi/Documents/shalpy/proyecto_final_grupo_14/install/proyecto_interfaces/local/lib/python3.10/dist-packages/proyecto_interfaces-0.0.0-py3.10.egg-info/SOURCES.txt
[10.644s] -- Installing: /home/juanespadi/Documents/shalpy/proyecto_final_grupo_14/install/proyecto_interfaces/local/lib/python3.10/dist-packages/proyecto_interfaces-0.0.0-py3.10.egg-info/dependency_links.txt
[10.645s] -- Installing: /home/juanespadi/Documents/shalpy/proyecto_final_grupo_14/install/proyecto_interfaces/local/lib/python3.10/dist-packages/proyecto_interfaces-0.0.0-py3.10.egg-info/top_level.txt
[10.645s] -- Installing: /home/juanespadi/Documents/shalpy/proyecto_final_grupo_14/install/proyecto_interfaces/local/lib/python3.10/dist-packages/proyecto_interfaces-0.0.0-py3.10.egg-info/PKG-INFO
[10.645s] -- Up-to-date: /home/juanespadi/Documents/shalpy/proyecto_final_grupo_14/install/proyecto_interfaces/local/lib/python3.10/dist-packages/proyecto_interfaces
[10.645s] -- Up-to-date: /home/juanespadi/Documents/shalpy/proyecto_final_grupo_14/install/proyecto_interfaces/local/lib/python3.10/dist-packages/proyecto_interfaces/msg
[10.645s] -- Installing: /home/juanespadi/Documents/shalpy/proyecto_final_grupo_14/install/proyecto_interfaces/local/lib/python3.10/dist-packages/proyecto_interfaces/msg/__init__.py
[10.645s] -- Installing: /home/juanespadi/Documents/shalpy/proyecto_final_grupo_14/install/proyecto_interfaces/local/lib/python3.10/dist-packages/proyecto_interfaces/msg/_banner.py
[10.645s] -- Installing: /home/juanespadi/Documents/shalpy/proyecto_final_grupo_14/install/proyecto_interfaces/local/lib/python3.10/dist-packages/proyecto_interfaces/msg/_banner_s.c
[10.645s] -- Installing: /home/juanespadi/Documents/shalpy/proyecto_final_grupo_14/install/proyecto_interfaces/local/lib/python3.10/dist-packages/proyecto_interfaces/__init__.py
[10.645s] -- Installing: /home/juanespadi/Documents/shalpy/proyecto_final_grupo_14/install/proyecto_interfaces/local/lib/python3.10/dist-packages/proyecto_interfaces/libproyecto_interfaces__rosidl_generator_py.so
[10.645s] -- Installing: /home/juanespadi/Documents/shalpy/proyecto_final_grupo_14/install/proyecto_interfaces/local/lib/python3.10/dist-packages/proyecto_interfaces/_proyecto_interfaces_s.ep.rosidl_typesupport_fastrtps_c.c
[10.646s] -- Installing: /home/juanespadi/Documents/shalpy/proyecto_final_grupo_14/install/proyecto_interfaces/local/lib/python3.10/dist-packages/proyecto_interfaces/proyecto_interfaces_s__rosidl_typesupport_introspection_c.cpython-310-x86_64-linux-gnu.so
[10.646s] -- Installing: /home/juanespadi/Documents/shalpy/proyecto_final_grupo_14/install/proyecto_interfaces/local/lib/python3.10/dist-packages/proyecto_interfaces/proyecto_interfaces_s__rosidl_typesupport_c.cpython-310-x86_64-linux-gnu.so
[10.646s] -- Up-to-date: /home/juanespadi/Documents/shalpy/proyecto_final_grupo_14/install/proyecto_interfaces/local/lib/python3.10/dist-packages/proyecto_interfaces/srv
[10.646s] -- Installing: /home/juanespadi/Documents/shalpy/proyecto_final_grupo_14/install/proyecto_interfaces/local/lib/python3.10/dist-packages/proyecto_interfaces/srv/_start_perception_test_s.c
[10.646s] -- Installing: /home/juanespadi/Documents/shalpy/proyecto_final_grupo_14/install/proyecto_interfaces/local/lib/python3.10/dist-packages/proyecto_interfaces/srv/_start_perception_test.py
[10.646s] -- Installing: /home/juanespadi/Documents/shalpy/proyecto_final_grupo_14/install/proyecto_interfaces/local/lib/python3.10/dist-packages/proyecto_interfaces/srv/_start_manipulation_test.py
[10.646s] -- Installing: /home/juanespadi/Documents/shalpy/proyecto_final_grupo_14/install/proyecto_interfaces/local/lib/python3.10/dist-packages/proyecto_interfaces/srv/__init__.py
[10.646s] -- Installing: /home/juanespadi/Documents/shalpy/proyecto_final_grupo_14/install/proyecto_interfaces/local/lib/python3.10/dist-packages/proyecto_interfaces/srv/_start_navigation_test_s.c
[10.647s] -- Installing: /home/juanespadi/Documents/shalpy/proyecto_final_grupo_14/install/proyecto_interfaces/local/lib/python3.10/dist-packages/proyecto_interfaces/srv/_start_navigation_test.py
[10.647s] -- Installing: /home/juanespadi/Documents/shalpy/proyecto_final_grupo_14/install/proyecto_interfaces/local/lib/python3.10/dist-packages/proyecto_interfaces/srv/_start_manipulation_test_s.c
[10.647s] -- Installing: /home/juanespadi/Documents/shalpy/proyecto_final_grupo_14/install/proyecto_interfaces/local/lib/python3.10/dist-packages/proyecto_interfaces/_proyecto_interfaces_s.ep.rosidl_typesupport_introspection_c.c
[10.647s] -- Installing: /home/juanespadi/Documents/shalpy/proyecto_final_grupo_14/install/proyecto_interfaces/local/lib/python3.10/dist-packages/proyecto_interfaces/proyecto_interfaces_s__rosidl_typesupport_fastrtps_c.cpython-310-x86_64-linux-gnu.so
[10.647s] -- Installing: /home/juanespadi/Documents/shalpy/proyecto_final_grupo_14/install/proyecto_interfaces/local/lib/python3.10/dist-packages/proyecto_interfaces/_proyecto_interfaces_s.ep.rosidl_typesupport_c.c
[10.708s] Listing '/home/juanespadi/Documents/shalpy/proyecto_final_grupo_14/install/proyecto_interfaces/local/lib/python3.10/dist-packages/proyecto_interfaces'...
[10.708s] Compiling '/home/juanespadi/Documents/shalpy/proyecto_final_grupo_14/install/proyecto_interfaces/local/lib/python3.10/dist-packages/proyecto_interfaces/__init__.py'...
[10.708s] Listing '/home/juanespadi/Documents/shalpy/proyecto_final_grupo_14/install/proyecto_interfaces/local/lib/python3.10/dist-packages/proyecto_interfaces/msg'...
[10.708s] Compiling '/home/juanespadi/Documents/shalpy/proyecto_final_grupo_14/install/proyecto_interfaces/local/lib/python3.10/dist-packages/proyecto_interfaces/msg/__init__.py'...
[10.708s] Compiling '/home/juanespadi/Documents/shalpy/proyecto_final_grupo_14/install/proyecto_interfaces/local/lib/python3.10/dist-packages/proyecto_interfaces/msg/_banner.py'...
[10.708s] Listing '/home/juanespadi/Documents/shalpy/proyecto_final_grupo_14/install/proyecto_interfaces/local/lib/python3.10/dist-packages/proyecto_interfaces/srv'...
[10.708s] Compiling '/home/juanespadi/Documents/shalpy/proyecto_final_grupo_14/install/proyecto_interfaces/local/lib/python3.10/dist-packages/proyecto_interfaces/srv/__init__.py'...
[10.708s] Compiling '/home/juanespadi/Documents/shalpy/proyecto_final_grupo_14/install/proyecto_interfaces/local/lib/python3.10/dist-packages/proyecto_interfaces/srv/_start_manipulation_test.py'...
[10.709s] Compiling '/home/juanespadi/Documents/shalpy/proyecto_final_grupo_14/install/proyecto_interfaces/local/lib/python3.10/dist-packages/proyecto_interfaces/srv/_start_navigation_test.py'...
[10.709s] Compiling '/home/juanespadi/Documents/shalpy/proyecto_final_grupo_14/install/proyecto_interfaces/local/lib/python3.10/dist-packages/proyecto_interfaces/srv/_start_perception_test.py'...
[10.716s] -- Installing: /home/juanespadi/Documents/shalpy/proyecto_final_grupo_14/install/proyecto_interfaces/local/lib/python3.10/dist-packages/proyecto_interfaces/proyecto_interfaces_s__rosidl_typesupport_fastrtps_c.cpython-310-x86_64-linux-gnu.so
[10.716s] -- Set runtime path of "/home/juanespadi/Documents/shalpy/proyecto_final_grupo_14/install/proyecto_interfaces/local/lib/python3.10/dist-packages/proyecto_interfaces/proyecto_interfaces_s__rosidl_typesupport_fastrtps_c.cpython-310-x86_64-linux-gnu.so" to ""
[10.717s] -- Installing: /home/juanespadi/Documents/shalpy/proyecto_final_grupo_14/install/proyecto_interfaces/local/lib/python3.10/dist-packages/proyecto_interfaces/proyecto_interfaces_s__rosidl_typesupport_introspection_c.cpython-310-x86_64-linux-gnu.so
[10.717s] -- Set runtime path of "/home/juanespadi/Documents/shalpy/proyecto_final_grupo_14/install/proyecto_interfaces/local/lib/python3.10/dist-packages/proyecto_interfaces/proyecto_interfaces_s__rosidl_typesupport_introspection_c.cpython-310-x86_64-linux-gnu.so" to ""
[10.718s] -- Installing: /home/juanespadi/Documents/shalpy/proyecto_final_grupo_14/install/proyecto_interfaces/local/lib/python3.10/dist-packages/proyecto_interfaces/proyecto_interfaces_s__rosidl_typesupport_c.cpython-310-x86_64-linux-gnu.so
[10.718s] -- Set runtime path of "/home/juanespadi/Documents/shalpy/proyecto_final_grupo_14/install/proyecto_interfaces/local/lib/python3.10/dist-packages/proyecto_interfaces/proyecto_interfaces_s__rosidl_typesupport_c.cpython-310-x86_64-linux-gnu.so" to ""
[10.718s] -- Installing: /home/juanespadi/Documents/shalpy/proyecto_final_grupo_14/install/proyecto_interfaces/lib/libproyecto_interfaces__rosidl_generator_py.so
[10.719s] -- Set runtime path of "/home/juanespadi/Documents/shalpy/proyecto_final_grupo_14/install/proyecto_interfaces/lib/libproyecto_interfaces__rosidl_generator_py.so" to ""
[10.719s] -- Installing: /home/juanespadi/Documents/shalpy/proyecto_final_grupo_14/install/proyecto_interfaces/share/proyecto_interfaces/msg/Banner.idl
[10.720s] -- Installing: /home/juanespadi/Documents/shalpy/proyecto_final_grupo_14/install/proyecto_interfaces/share/proyecto_interfaces/srv/StartNavigationTest.idl
[10.720s] -- Installing: /home/juanespadi/Documents/shalpy/proyecto_final_grupo_14/install/proyecto_interfaces/share/proyecto_interfaces/srv/StartPerceptionTest.idl
[10.720s] -- Installing: /home/juanespadi/Documents/shalpy/proyecto_final_grupo_14/install/proyecto_interfaces/share/proyecto_interfaces/srv/StartManipulationTest.idl
[10.720s] -- Up-to-date: /home/juanespadi/Documents/shalpy/proyecto_final_grupo_14/install/proyecto_interfaces/share/proyecto_interfaces/msg/Banner.msg
[10.721s] -- Up-to-date: /home/juanespadi/Documents/shalpy/proyecto_final_grupo_14/install/proyecto_interfaces/share/proyecto_interfaces/srv/StartNavigationTest.srv
[10.721s] -- Installing: /home/juanespadi/Documents/shalpy/proyecto_final_grupo_14/install/proyecto_interfaces/share/proyecto_interfaces/srv/StartNavigationTest_Request.msg
[10.721s] -- Installing: /home/juanespadi/Documents/shalpy/proyecto_final_grupo_14/install/proyecto_interfaces/share/proyecto_interfaces/srv/StartNavigationTest_Response.msg
[10.721s] -- Up-to-date: /home/juanespadi/Documents/shalpy/proyecto_final_grupo_14/install/proyecto_interfaces/share/proyecto_interfaces/srv/StartPerceptionTest.srv
[10.721s] -- Installing: /home/juanespadi/Documents/shalpy/proyecto_final_grupo_14/install/proyecto_interfaces/share/proyecto_interfaces/srv/StartPerceptionTest_Request.msg
[10.722s] -- Installing: /home/juanespadi/Documents/shalpy/proyecto_final_grupo_14/install/proyecto_interfaces/share/proyecto_interfaces/srv/StartPerceptionTest_Response.msg
[10.722s] -- Up-to-date: /home/juanespadi/Documents/shalpy/proyecto_final_grupo_14/install/proyecto_interfaces/share/proyecto_interfaces/srv/StartManipulationTest.srv
[10.722s] -- Installing: /home/juanespadi/Documents/shalpy/proyecto_final_grupo_14/install/proyecto_interfaces/share/proyecto_interfaces/srv/StartManipulationTest_Request.msg
[10.722s] -- Installing: /home/juanespadi/Documents/shalpy/proyecto_final_grupo_14/install/proyecto_interfaces/share/proyecto_interfaces/srv/StartManipulationTest_Response.msg
[10.723s] -- Installing: /home/juanespadi/Documents/shalpy/proyecto_final_grupo_14/install/proyecto_interfaces/share/ament_index/resource_index/package_run_dependencies/proyecto_interfaces
[10.723s] -- Installing: /home/juanespadi/Documents/shalpy/proyecto_final_grupo_14/install/proyecto_interfaces/share/ament_index/resource_index/parent_prefix_path/proyecto_interfaces
[10.723s] -- Up-to-date: /home/juanespadi/Documents/shalpy/proyecto_final_grupo_14/install/proyecto_interfaces/share/proyecto_interfaces/environment/ament_prefix_path.sh
[10.723s] -- Installing: /home/juanespadi/Documents/shalpy/proyecto_final_grupo_14/install/proyecto_interfaces/share/proyecto_interfaces/environment/ament_prefix_path.dsv
[10.723s] -- Up-to-date: /home/juanespadi/Documents/shalpy/proyecto_final_grupo_14/install/proyecto_interfaces/share/proyecto_interfaces/environment/path.sh
[10.724s] -- Installing: /home/juanespadi/Documents/shalpy/proyecto_final_grupo_14/install/proyecto_interfaces/share/proyecto_interfaces/environment/path.dsv
[10.724s] -- Installing: /home/juanespadi/Documents/shalpy/proyecto_final_grupo_14/install/proyecto_interfaces/share/proyecto_interfaces/local_setup.bash
[10.724s] -- Installing: /home/juanespadi/Documents/shalpy/proyecto_final_grupo_14/install/proyecto_interfaces/share/proyecto_interfaces/local_setup.sh
[10.724s] -- Installing: /home/juanespadi/Documents/shalpy/proyecto_final_grupo_14/install/proyecto_interfaces/share/proyecto_interfaces/local_setup.zsh
[10.724s] -- Installing: /home/juanespadi/Documents/shalpy/proyecto_final_grupo_14/install/proyecto_interfaces/share/proyecto_interfaces/local_setup.dsv
[10.728s] -- Installing: /home/juanespadi/Documents/shalpy/proyecto_final_grupo_14/install/proyecto_interfaces/share/proyecto_interfaces/package.dsv
[10.728s] -- Installing: /home/juanespadi/Documents/shalpy/proyecto_final_grupo_14/install/proyecto_interfaces/share/ament_index/resource_index/packages/proyecto_interfaces
[10.728s] -- Installing: /home/juanespadi/Documents/shalpy/proyecto_final_grupo_14/install/proyecto_interfaces/share/proyecto_interfaces/cmake/export_proyecto_interfaces__rosidl_generator_cExport.cmake
[10.728s] -- Installing: /home/juanespadi/Documents/shalpy/proyecto_final_grupo_14/install/proyecto_interfaces/share/proyecto_interfaces/cmake/export_proyecto_interfaces__rosidl_generator_cExport-noconfig.cmake
[10.728s] -- Installing: /home/juanespadi/Documents/shalpy/proyecto_final_grupo_14/install/proyecto_interfaces/share/proyecto_interfaces/cmake/export_proyecto_interfaces__rosidl_typesupport_fastrtps_cExport.cmake
[10.728s] -- Installing: /home/juanespadi/Documents/shalpy/proyecto_final_grupo_14/install/proyecto_interfaces/share/proyecto_interfaces/cmake/export_proyecto_interfaces__rosidl_typesupport_fastrtps_cExport-noconfig.cmake
[10.729s] -- Installing: /home/juanespadi/Documents/shalpy/proyecto_final_grupo_14/install/proyecto_interfaces/share/proyecto_interfaces/cmake/proyecto_interfaces__rosidl_typesupport_introspection_cExport.cmake
[10.729s] -- Installing: /home/juanespadi/Documents/shalpy/proyecto_final_grupo_14/install/proyecto_interfaces/share/proyecto_interfaces/cmake/proyecto_interfaces__rosidl_typesupport_introspection_cExport-noconfig.cmake
[10.729s] -- Installing: /home/juanespadi/Documents/shalpy/proyecto_final_grupo_14/install/proyecto_interfaces/share/proyecto_interfaces/cmake/proyecto_interfaces__rosidl_typesupport_cExport.cmake
[10.729s] -- Installing: /home/juanespadi/Documents/shalpy/proyecto_final_grupo_14/install/proyecto_interfaces/share/proyecto_interfaces/cmake/proyecto_interfaces__rosidl_typesupport_cExport-noconfig.cmake
[10.729s] -- Installing: /home/juanespadi/Documents/shalpy/proyecto_final_grupo_14/install/proyecto_interfaces/share/proyecto_interfaces/cmake/export_proyecto_interfaces__rosidl_generator_cppExport.cmake
[10.729s] -- Installing: /home/juanespadi/Documents/shalpy/proyecto_final_grupo_14/install/proyecto_interfaces/share/proyecto_interfaces/cmake/export_proyecto_interfaces__rosidl_typesupport_fastrtps_cppExport.cmake
[10.729s] -- Installing: /home/juanespadi/Documents/shalpy/proyecto_final_grupo_14/install/proyecto_interfaces/share/proyecto_interfaces/cmake/export_proyecto_interfaces__rosidl_typesupport_fastrtps_cppExport-noconfig.cmake
[10.730s] -- Installing: /home/juanespadi/Documents/shalpy/proyecto_final_grupo_14/install/proyecto_interfaces/share/proyecto_interfaces/cmake/proyecto_interfaces__rosidl_typesupport_introspection_cppExport.cmake
[10.732s] -- Installing: /home/juanespadi/Documents/shalpy/proyecto_final_grupo_14/install/proyecto_interfaces/share/proyecto_interfaces/cmake/proyecto_interfaces__rosidl_typesupport_introspection_cppExport-noconfig.cmake
[10.733s] -- Installing: /home/juanespadi/Documents/shalpy/proyecto_final_grupo_14/install/proyecto_interfaces/share/proyecto_interfaces/cmake/proyecto_interfaces__rosidl_typesupport_cppExport.cmake
[10.739s] -- Installing: /home/juanespadi/Documents/shalpy/proyecto_final_grupo_14/install/proyecto_interfaces/share/proyecto_interfaces/cmake/proyecto_interfaces__rosidl_typesupport_cppExport-noconfig.cmake
[10.740s] -- Installing: /home/juanespadi/Documents/shalpy/proyecto_final_grupo_14/install/proyecto_interfaces/share/proyecto_interfaces/cmake/export_proyecto_interfaces__rosidl_generator_pyExport.cmake
[10.740s] -- Installing: /home/juanespadi/Documents/shalpy/proyecto_final_grupo_14/install/proyecto_interfaces/share/proyecto_interfaces/cmake/export_proyecto_interfaces__rosidl_generator_pyExport-noconfig.cmake
[10.741s] -- Installing: /home/juanespadi/Documents/shalpy/proyecto_final_grupo_14/install/proyecto_interfaces/share/proyecto_interfaces/cmake/rosidl_cmake-extras.cmake
[10.741s] -- Installing: /home/juanespadi/Documents/shalpy/proyecto_final_grupo_14/install/proyecto_interfaces/share/proyecto_interfaces/cmake/ament_cmake_export_include_directories-extras.cmake
[10.741s] -- Installing: /home/juanespadi/Documents/shalpy/proyecto_final_grupo_14/install/proyecto_interfaces/share/proyecto_interfaces/cmake/ament_cmake_export_libraries-extras.cmake
[10.741s] -- Installing: /home/juanespadi/Documents/shalpy/proyecto_final_grupo_14/install/proyecto_interfaces/share/proyecto_interfaces/cmake/ament_cmake_export_targets-extras.cmake
[10.741s] -- Installing: /home/juanespadi/Documents/shalpy/proyecto_final_grupo_14/install/proyecto_interfaces/share/proyecto_interfaces/cmake/rosidl_cmake_export_typesupport_targets-extras.cmake
[10.741s] -- Installing: /home/juanespadi/Documents/shalpy/proyecto_final_grupo_14/install/proyecto_interfaces/share/proyecto_interfaces/cmake/ament_cmake_export_dependencies-extras.cmake
[10.741s] -- Installing: /home/juanespadi/Documents/shalpy/proyecto_final_grupo_14/install/proyecto_interfaces/share/proyecto_interfaces/cmake/rosidl_cmake_export_typesupport_libraries-extras.cmake
[10.742s] -- Installing: /home/juanespadi/Documents/shalpy/proyecto_final_grupo_14/install/proyecto_interfaces/share/proyecto_interfaces/cmake/proyecto_interfacesConfig.cmake
[10.742s] -- Installing: /home/juanespadi/Documents/shalpy/proyecto_final_grupo_14/install/proyecto_interfaces/share/proyecto_interfaces/cmake/proyecto_interfacesConfig-version.cmake
[10.742s] -- Up-to-date: /home/juanespadi/Documents/shalpy/proyecto_final_grupo_14/install/proyecto_interfaces/share/proyecto_interfaces/package.xml
[10.759s] Invoked command in '/home/juanespadi/Documents/shalpy/proyecto_final_grupo_14/build/proyecto_interfaces' returned '0': CMAKE_PREFIX_PATH=${CMAKE_PREFIX_PATH}:/home/juanespadi/Documents/shalpy/proyecto_final_grupo_14/install/proyecto_master_pkg:/home/juanespadi/Documents/shalpy/proyecto_final_grupo_14/install/final_shalpy:/opt/ros/humble /usr/bin/cmake --install /home/juanespadi/Documents/shalpy/proyecto_final_grupo_14/build/proyecto_interfaces
