[0.827s] Invoking command in '/home/jp/camera_ws/src/cameraraspy': PYTHONPATH=/home/jp/camera_ws/build/cameraraspy/prefix_override:/home/jp/camera_ws/install/cameraraspy/lib/python3.10/site-packages:${PYTHONPATH} /usr/bin/python3 setup.py egg_info --egg-base ../../build/cameraraspy build --build-base /home/jp/camera_ws/build/cameraraspy/build install --record /home/jp/camera_ws/build/cameraraspy/install.log --single-version-externally-managed
[1.126s] running egg_info
[1.127s] writing ../../build/cameraraspy/cameraraspy.egg-info/PKG-INFO
[1.127s] writing dependency_links to ../../build/cameraraspy/cameraraspy.egg-info/dependency_links.txt
[1.128s] writing entry points to ../../build/cameraraspy/cameraraspy.egg-info/entry_points.txt
[1.128s] writing requirements to ../../build/cameraraspy/cameraraspy.egg-info/requires.txt
[1.128s] writing top-level names to ../../build/cameraraspy/cameraraspy.egg-info/top_level.txt
[1.131s] reading manifest file '../../build/cameraraspy/cameraraspy.egg-info/SOURCES.txt'
[1.132s] writing manifest file '../../build/cameraraspy/cameraraspy.egg-info/SOURCES.txt'
[1.132s] running build
[1.132s] running build_py
[1.133s] copying cameraraspy/rec_image.py -> /home/jp/camera_ws/build/cameraraspy/build/lib/cameraraspy
[1.133s] running install
[1.133s] running install_lib
[1.134s] /usr/lib/python3/dist-packages/setuptools/command/install.py:34: SetuptoolsDeprecationWarning: setup.py install is deprecated. Use build and pip and other standards-based tools.
[1.134s]   warnings.warn(
[1.134s] copying /home/jp/camera_ws/build/cameraraspy/build/lib/cameraraspy/rec_image.py -> /home/jp/camera_ws/install/cameraraspy/lib/python3.10/site-packages/cameraraspy
[1.135s] byte-compiling /home/jp/camera_ws/install/cameraraspy/lib/python3.10/site-packages/cameraraspy/rec_image.py to rec_image.cpython-310.pyc
[1.136s] running install_data
[1.137s] running install_egg_info
[1.139s] removing '/home/jp/camera_ws/install/cameraraspy/lib/python3.10/site-packages/cameraraspy-0.0.0-py3.10.egg-info' (and everything under it)
[1.139s] Copying ../../build/cameraraspy/cameraraspy.egg-info to /home/jp/camera_ws/install/cameraraspy/lib/python3.10/site-packages/cameraraspy-0.0.0-py3.10.egg-info
[1.140s] running install_scripts
[1.166s] Installing rec_image script to /home/jp/camera_ws/install/cameraraspy/lib/cameraraspy
[1.166s] Installing sent_image script to /home/jp/camera_ws/install/cameraraspy/lib/cameraraspy
[1.166s] writing list of installed files to '/home/jp/camera_ws/build/cameraraspy/install.log'
[1.203s] Invoked command in '/home/jp/camera_ws/src/cameraraspy' returned '0': PYTHONPATH=/home/jp/camera_ws/build/cameraraspy/prefix_override:/home/jp/camera_ws/install/cameraraspy/lib/python3.10/site-packages:${PYTHONPATH} /usr/bin/python3 setup.py egg_info --egg-base ../../build/cameraraspy build --build-base /home/jp/camera_ws/build/cameraraspy/build install --record /home/jp/camera_ws/build/cameraraspy/install.log --single-version-externally-managed
