[0.039s] Invoking command in '/home/juanespadi/Documents/shalpy/taller1_grupo14/build/player_interfaces': CMAKE_PREFIX_PATH=/opt/ros/humble /usr/bin/cmake --build /home/juanespadi/Documents/shalpy/taller1_grupo14/build/player_interfaces -- -j8 -l8
[0.724s] [  3%] Built target player_interfaces__cpp
[0.744s] [ 12%] Built target player_interfaces__rosidl_generator_c
[0.749s] [ 12%] Built target ament_cmake_python_copy_player_interfaces
[0.809s] [ 22%] Built target player_interfaces__rosidl_typesupport_introspection_c
[0.902s] [ 32%] Built target player_interfaces__rosidl_typesupport_c
[0.907s] [ 41%] Built target player_interfaces__rosidl_typesupport_cpp
[0.907s] [ 51%] Built target player_interfaces__rosidl_typesupport_fastrtps_cpp
[0.909s] [ 61%] Built target player_interfaces__rosidl_typesupport_fastrtps_c
[0.921s] [ 70%] Built target player_interfaces__rosidl_typesupport_introspection_cpp
[0.943s] [ 70%] Built target player_interfaces
[1.021s] [ 74%] Built target player_interfaces__py
[1.082s] running egg_info
[1.083s] writing player_interfaces.egg-info/PKG-INFO
[1.083s] writing dependency_links to player_interfaces.egg-info/dependency_links.txt
[1.083s] writing top-level names to player_interfaces.egg-info/top_level.txt
[1.085s] [ 80%] Built target player_interfaces__rosidl_generator_py
[1.086s] reading manifest file 'player_interfaces.egg-info/SOURCES.txt'
[1.087s] writing manifest file 'player_interfaces.egg-info/SOURCES.txt'
[1.112s] [100%] Built target player_interfaces__rosidl_typesupport_introspection_c__pyext
[1.112s] [100%] Built target player_interfaces__rosidl_typesupport_c__pyext
[1.112s] [100%] Built target player_interfaces__rosidl_typesupport_fastrtps_c__pyext
[1.119s] [100%] Built target ament_cmake_python_build_player_interfaces_egg
[1.131s] Invoked command in '/home/juanespadi/Documents/shalpy/taller1_grupo14/build/player_interfaces' returned '0': CMAKE_PREFIX_PATH=/opt/ros/humble /usr/bin/cmake --build /home/juanespadi/Documents/shalpy/taller1_grupo14/build/player_interfaces -- -j8 -l8
[1.198s] Invoking command in '/home/juanespadi/Documents/shalpy/taller1_grupo14/build/player_interfaces': CMAKE_PREFIX_PATH=/opt/ros/humble /usr/bin/cmake --install /home/juanespadi/Documents/shalpy/taller1_grupo14/build/player_interfaces
[1.207s] -- Install configuration: ""
[1.207s] -- Up-to-date: /home/juanespadi/Documents/shalpy/taller1_grupo14/install/player_interfaces/share/ament_index/resource_index/rosidl_interfaces/player_interfaces
[1.207s] -- Up-to-date: /home/juanespadi/Documents/shalpy/taller1_grupo14/install/player_interfaces/include/player_interfaces/player_interfaces
[1.207s] -- Up-to-date: /home/juanespadi/Documents/shalpy/taller1_grupo14/install/player_interfaces/include/player_interfaces/player_interfaces/msg
[1.207s] -- Up-to-date: /home/juanespadi/Documents/shalpy/taller1_grupo14/install/player_interfaces/include/player_interfaces/player_interfaces/msg/rosidl_generator_c__visibility_control.h
[1.207s] -- Up-to-date: /home/juanespadi/Documents/shalpy/taller1_grupo14/install/player_interfaces/include/player_interfaces/player_interfaces/srv
[1.208s] -- Up-to-date: /home/juanespadi/Documents/shalpy/taller1_grupo14/install/player_interfaces/include/player_interfaces/player_interfaces/srv/player.h
[1.208s] -- Up-to-date: /home/juanespadi/Documents/shalpy/taller1_grupo14/install/player_interfaces/include/player_interfaces/player_interfaces/srv/detail
[1.208s] -- Up-to-date: /home/juanespadi/Documents/shalpy/taller1_grupo14/install/player_interfaces/include/player_interfaces/player_interfaces/srv/detail/player__functions.h
[1.208s] -- Up-to-date: /home/juanespadi/Documents/shalpy/taller1_grupo14/install/player_interfaces/include/player_interfaces/player_interfaces/srv/detail/player__functions.c
[1.208s] -- Up-to-date: /home/juanespadi/Documents/shalpy/taller1_grupo14/install/player_interfaces/include/player_interfaces/player_interfaces/srv/detail/player__struct.h
[1.208s] -- Up-to-date: /home/juanespadi/Documents/shalpy/taller1_grupo14/install/player_interfaces/include/player_interfaces/player_interfaces/srv/detail/player__type_support.h
[1.208s] -- Up-to-date: /home/juanespadi/Documents/shalpy/taller1_grupo14/install/player_interfaces/share/player_interfaces/environment/library_path.sh
[1.208s] -- Up-to-date: /home/juanespadi/Documents/shalpy/taller1_grupo14/install/player_interfaces/share/player_interfaces/environment/library_path.dsv
[1.229s] -- Up-to-date: /home/juanespadi/Documents/shalpy/taller1_grupo14/install/player_interfaces/lib/libplayer_interfaces__rosidl_generator_c.so
[1.230s] -- Up-to-date: /home/juanespadi/Documents/shalpy/taller1_grupo14/install/player_interfaces/include/player_interfaces/player_interfaces
[1.230s] -- Up-to-date: /home/juanespadi/Documents/shalpy/taller1_grupo14/install/player_interfaces/include/player_interfaces/player_interfaces/msg
[1.230s] -- Up-to-date: /home/juanespadi/Documents/shalpy/taller1_grupo14/install/player_interfaces/include/player_interfaces/player_interfaces/msg/rosidl_typesupport_fastrtps_c__visibility_control.h
[1.230s] -- Up-to-date: /home/juanespadi/Documents/shalpy/taller1_grupo14/install/player_interfaces/include/player_interfaces/player_interfaces/srv
[1.230s] -- Up-to-date: /home/juanespadi/Documents/shalpy/taller1_grupo14/install/player_interfaces/include/player_interfaces/player_interfaces/srv/detail
[1.230s] -- Up-to-date: /home/juanespadi/Documents/shalpy/taller1_grupo14/install/player_interfaces/include/player_interfaces/player_interfaces/srv/detail/player__rosidl_typesupport_fastrtps_c.h
[1.231s] -- Up-to-date: /home/juanespadi/Documents/shalpy/taller1_grupo14/install/player_interfaces/lib/libplayer_interfaces__rosidl_typesupport_fastrtps_c.so
[1.231s] -- Up-to-date: /home/juanespadi/Documents/shalpy/taller1_grupo14/install/player_interfaces/include/player_interfaces/player_interfaces
[1.231s] -- Up-to-date: /home/juanespadi/Documents/shalpy/taller1_grupo14/install/player_interfaces/include/player_interfaces/player_interfaces/srv
[1.231s] -- Up-to-date: /home/juanespadi/Documents/shalpy/taller1_grupo14/install/player_interfaces/include/player_interfaces/player_interfaces/srv/player.hpp
[1.232s] -- Up-to-date: /home/juanespadi/Documents/shalpy/taller1_grupo14/install/player_interfaces/include/player_interfaces/player_interfaces/srv/detail
[1.232s] -- Up-to-date: /home/juanespadi/Documents/shalpy/taller1_grupo14/install/player_interfaces/include/player_interfaces/player_interfaces/srv/detail/player__traits.hpp
[1.232s] -- Up-to-date: /home/juanespadi/Documents/shalpy/taller1_grupo14/install/player_interfaces/include/player_interfaces/player_interfaces/srv/detail/player__struct.hpp
[1.232s] -- Up-to-date: /home/juanespadi/Documents/shalpy/taller1_grupo14/install/player_interfaces/include/player_interfaces/player_interfaces/srv/detail/player__builder.hpp
[1.232s] -- Up-to-date: /home/juanespadi/Documents/shalpy/taller1_grupo14/install/player_interfaces/include/player_interfaces/player_interfaces
[1.232s] -- Up-to-date: /home/juanespadi/Documents/shalpy/taller1_grupo14/install/player_interfaces/include/player_interfaces/player_interfaces/msg
[1.232s] -- Up-to-date: /home/juanespadi/Documents/shalpy/taller1_grupo14/install/player_interfaces/include/player_interfaces/player_interfaces/msg/rosidl_typesupport_fastrtps_cpp__visibility_control.h
[1.232s] -- Up-to-date: /home/juanespadi/Documents/shalpy/taller1_grupo14/install/player_interfaces/include/player_interfaces/player_interfaces/srv
[1.233s] -- Up-to-date: /home/juanespadi/Documents/shalpy/taller1_grupo14/install/player_interfaces/include/player_interfaces/player_interfaces/srv/detail
[1.233s] -- Up-to-date: /home/juanespadi/Documents/shalpy/taller1_grupo14/install/player_interfaces/include/player_interfaces/player_interfaces/srv/detail/dds_fastrtps
[1.233s] -- Up-to-date: /home/juanespadi/Documents/shalpy/taller1_grupo14/install/player_interfaces/include/player_interfaces/player_interfaces/srv/detail/player__rosidl_typesupport_fastrtps_cpp.hpp
[1.233s] -- Up-to-date: /home/juanespadi/Documents/shalpy/taller1_grupo14/install/player_interfaces/lib/libplayer_interfaces__rosidl_typesupport_fastrtps_cpp.so
[1.233s] -- Up-to-date: /home/juanespadi/Documents/shalpy/taller1_grupo14/install/player_interfaces/include/player_interfaces/player_interfaces
[1.233s] -- Up-to-date: /home/juanespadi/Documents/shalpy/taller1_grupo14/install/player_interfaces/include/player_interfaces/player_interfaces/msg
[1.233s] -- Up-to-date: /home/juanespadi/Documents/shalpy/taller1_grupo14/install/player_interfaces/include/player_interfaces/player_interfaces/msg/rosidl_typesupport_introspection_c__visibility_control.h
[1.234s] -- Up-to-date: /home/juanespadi/Documents/shalpy/taller1_grupo14/install/player_interfaces/include/player_interfaces/player_interfaces/srv
[1.234s] -- Up-to-date: /home/juanespadi/Documents/shalpy/taller1_grupo14/install/player_interfaces/include/player_interfaces/player_interfaces/srv/detail
[1.234s] -- Up-to-date: /home/juanespadi/Documents/shalpy/taller1_grupo14/install/player_interfaces/include/player_interfaces/player_interfaces/srv/detail/player__rosidl_typesupport_introspection_c.h
[1.234s] -- Up-to-date: /home/juanespadi/Documents/shalpy/taller1_grupo14/install/player_interfaces/include/player_interfaces/player_interfaces/srv/detail/player__type_support.c
[1.235s] -- Up-to-date: /home/juanespadi/Documents/shalpy/taller1_grupo14/install/player_interfaces/lib/libplayer_interfaces__rosidl_typesupport_introspection_c.so
[1.235s] -- Up-to-date: /home/juanespadi/Documents/shalpy/taller1_grupo14/install/player_interfaces/lib/libplayer_interfaces__rosidl_typesupport_c.so
[1.236s] -- Up-to-date: /home/juanespadi/Documents/shalpy/taller1_grupo14/install/player_interfaces/include/player_interfaces/player_interfaces
[1.236s] -- Up-to-date: /home/juanespadi/Documents/shalpy/taller1_grupo14/install/player_interfaces/include/player_interfaces/player_interfaces/srv
[1.236s] -- Up-to-date: /home/juanespadi/Documents/shalpy/taller1_grupo14/install/player_interfaces/include/player_interfaces/player_interfaces/srv/detail
[1.236s] -- Up-to-date: /home/juanespadi/Documents/shalpy/taller1_grupo14/install/player_interfaces/include/player_interfaces/player_interfaces/srv/detail/player__type_support.cpp
[1.236s] -- Up-to-date: /home/juanespadi/Documents/shalpy/taller1_grupo14/install/player_interfaces/include/player_interfaces/player_interfaces/srv/detail/player__rosidl_typesupport_introspection_cpp.hpp
[1.237s] -- Up-to-date: /home/juanespadi/Documents/shalpy/taller1_grupo14/install/player_interfaces/lib/libplayer_interfaces__rosidl_typesupport_introspection_cpp.so
[1.238s] -- Up-to-date: /home/juanespadi/Documents/shalpy/taller1_grupo14/install/player_interfaces/lib/libplayer_interfaces__rosidl_typesupport_cpp.so
[1.238s] -- Up-to-date: /home/juanespadi/Documents/shalpy/taller1_grupo14/install/player_interfaces/share/player_interfaces/environment/pythonpath.sh
[1.238s] -- Up-to-date: /home/juanespadi/Documents/shalpy/taller1_grupo14/install/player_interfaces/share/player_interfaces/environment/pythonpath.dsv
[1.238s] -- Up-to-date: /home/juanespadi/Documents/shalpy/taller1_grupo14/install/player_interfaces/local/lib/python3.10/dist-packages/player_interfaces-0.0.0-py3.10.egg-info
[1.239s] -- Installing: /home/juanespadi/Documents/shalpy/taller1_grupo14/install/player_interfaces/local/lib/python3.10/dist-packages/player_interfaces-0.0.0-py3.10.egg-info/SOURCES.txt
[1.239s] -- Installing: /home/juanespadi/Documents/shalpy/taller1_grupo14/install/player_interfaces/local/lib/python3.10/dist-packages/player_interfaces-0.0.0-py3.10.egg-info/dependency_links.txt
[1.239s] -- Installing: /home/juanespadi/Documents/shalpy/taller1_grupo14/install/player_interfaces/local/lib/python3.10/dist-packages/player_interfaces-0.0.0-py3.10.egg-info/top_level.txt
[1.239s] -- Installing: /home/juanespadi/Documents/shalpy/taller1_grupo14/install/player_interfaces/local/lib/python3.10/dist-packages/player_interfaces-0.0.0-py3.10.egg-info/PKG-INFO
[1.239s] -- Up-to-date: /home/juanespadi/Documents/shalpy/taller1_grupo14/install/player_interfaces/local/lib/python3.10/dist-packages/player_interfaces
[1.240s] -- Up-to-date: /home/juanespadi/Documents/shalpy/taller1_grupo14/install/player_interfaces/local/lib/python3.10/dist-packages/player_interfaces/player_interfaces_s__rosidl_typesupport_fastrtps_c.cpython-310-x86_64-linux-gnu.so
[1.240s] -- Up-to-date: /home/juanespadi/Documents/shalpy/taller1_grupo14/install/player_interfaces/local/lib/python3.10/dist-packages/player_interfaces/_player_interfaces_s.ep.rosidl_typesupport_fastrtps_c.c
[1.240s] -- Up-to-date: /home/juanespadi/Documents/shalpy/taller1_grupo14/install/player_interfaces/local/lib/python3.10/dist-packages/player_interfaces/player_interfaces_s__rosidl_typesupport_introspection_c.cpython-310-x86_64-linux-gnu.so
[1.240s] -- Up-to-date: /home/juanespadi/Documents/shalpy/taller1_grupo14/install/player_interfaces/local/lib/python3.10/dist-packages/player_interfaces/_player_interfaces_s.ep.rosidl_typesupport_introspection_c.c
[1.240s] -- Up-to-date: /home/juanespadi/Documents/shalpy/taller1_grupo14/install/player_interfaces/local/lib/python3.10/dist-packages/player_interfaces/libplayer_interfaces__rosidl_generator_py.so
[1.240s] -- Up-to-date: /home/juanespadi/Documents/shalpy/taller1_grupo14/install/player_interfaces/local/lib/python3.10/dist-packages/player_interfaces/player_interfaces_s__rosidl_typesupport_c.cpython-310-x86_64-linux-gnu.so
[1.240s] -- Up-to-date: /home/juanespadi/Documents/shalpy/taller1_grupo14/install/player_interfaces/local/lib/python3.10/dist-packages/player_interfaces/__init__.py
[1.241s] -- Up-to-date: /home/juanespadi/Documents/shalpy/taller1_grupo14/install/player_interfaces/local/lib/python3.10/dist-packages/player_interfaces/_player_interfaces_s.ep.rosidl_typesupport_c.c
[1.241s] -- Up-to-date: /home/juanespadi/Documents/shalpy/taller1_grupo14/install/player_interfaces/local/lib/python3.10/dist-packages/player_interfaces/srv
[1.241s] -- Up-to-date: /home/juanespadi/Documents/shalpy/taller1_grupo14/install/player_interfaces/local/lib/python3.10/dist-packages/player_interfaces/srv/_player_s.c
[1.241s] -- Up-to-date: /home/juanespadi/Documents/shalpy/taller1_grupo14/install/player_interfaces/local/lib/python3.10/dist-packages/player_interfaces/srv/__init__.py
[1.241s] -- Up-to-date: /home/juanespadi/Documents/shalpy/taller1_grupo14/install/player_interfaces/local/lib/python3.10/dist-packages/player_interfaces/srv/_player.py
[1.280s] Listing '/home/juanespadi/Documents/shalpy/taller1_grupo14/install/player_interfaces/local/lib/python3.10/dist-packages/player_interfaces'...
[1.280s] Listing '/home/juanespadi/Documents/shalpy/taller1_grupo14/install/player_interfaces/local/lib/python3.10/dist-packages/player_interfaces/srv'...
[1.285s] -- Up-to-date: /home/juanespadi/Documents/shalpy/taller1_grupo14/install/player_interfaces/local/lib/python3.10/dist-packages/player_interfaces/player_interfaces_s__rosidl_typesupport_fastrtps_c.cpython-310-x86_64-linux-gnu.so
[1.285s] -- Up-to-date: /home/juanespadi/Documents/shalpy/taller1_grupo14/install/player_interfaces/local/lib/python3.10/dist-packages/player_interfaces/player_interfaces_s__rosidl_typesupport_introspection_c.cpython-310-x86_64-linux-gnu.so
[1.286s] -- Up-to-date: /home/juanespadi/Documents/shalpy/taller1_grupo14/install/player_interfaces/local/lib/python3.10/dist-packages/player_interfaces/player_interfaces_s__rosidl_typesupport_c.cpython-310-x86_64-linux-gnu.so
[1.287s] -- Up-to-date: /home/juanespadi/Documents/shalpy/taller1_grupo14/install/player_interfaces/lib/libplayer_interfaces__rosidl_generator_py.so
[1.287s] -- Up-to-date: /home/juanespadi/Documents/shalpy/taller1_grupo14/install/player_interfaces/share/player_interfaces/srv/Player.idl
[1.288s] -- Up-to-date: /home/juanespadi/Documents/shalpy/taller1_grupo14/install/player_interfaces/share/player_interfaces/srv/Player.srv
[1.288s] -- Up-to-date: /home/juanespadi/Documents/shalpy/taller1_grupo14/install/player_interfaces/share/player_interfaces/srv/Player_Request.msg
[1.288s] -- Up-to-date: /home/juanespadi/Documents/shalpy/taller1_grupo14/install/player_interfaces/share/player_interfaces/srv/Player_Response.msg
[1.288s] -- Up-to-date: /home/juanespadi/Documents/shalpy/taller1_grupo14/install/player_interfaces/share/ament_index/resource_index/package_run_dependencies/player_interfaces
[1.288s] -- Up-to-date: /home/juanespadi/Documents/shalpy/taller1_grupo14/install/player_interfaces/share/ament_index/resource_index/parent_prefix_path/player_interfaces
[1.288s] -- Up-to-date: /home/juanespadi/Documents/shalpy/taller1_grupo14/install/player_interfaces/share/player_interfaces/environment/ament_prefix_path.sh
[1.288s] -- Up-to-date: /home/juanespadi/Documents/shalpy/taller1_grupo14/install/player_interfaces/share/player_interfaces/environment/ament_prefix_path.dsv
[1.288s] -- Up-to-date: /home/juanespadi/Documents/shalpy/taller1_grupo14/install/player_interfaces/share/player_interfaces/environment/path.sh
[1.288s] -- Up-to-date: /home/juanespadi/Documents/shalpy/taller1_grupo14/install/player_interfaces/share/player_interfaces/environment/path.dsv
[1.289s] -- Up-to-date: /home/juanespadi/Documents/shalpy/taller1_grupo14/install/player_interfaces/share/player_interfaces/local_setup.bash
[1.289s] -- Up-to-date: /home/juanespadi/Documents/shalpy/taller1_grupo14/install/player_interfaces/share/player_interfaces/local_setup.sh
[1.289s] -- Up-to-date: /home/juanespadi/Documents/shalpy/taller1_grupo14/install/player_interfaces/share/player_interfaces/local_setup.zsh
[1.289s] -- Up-to-date: /home/juanespadi/Documents/shalpy/taller1_grupo14/install/player_interfaces/share/player_interfaces/local_setup.dsv
[1.289s] -- Installing: /home/juanespadi/Documents/shalpy/taller1_grupo14/install/player_interfaces/share/player_interfaces/package.dsv
[1.289s] -- Up-to-date: /home/juanespadi/Documents/shalpy/taller1_grupo14/install/player_interfaces/share/ament_index/resource_index/packages/player_interfaces
[1.308s] -- Up-to-date: /home/juanespadi/Documents/shalpy/taller1_grupo14/install/player_interfaces/share/player_interfaces/cmake/export_player_interfaces__rosidl_generator_cExport.cmake
[1.308s] -- Up-to-date: /home/juanespadi/Documents/shalpy/taller1_grupo14/install/player_interfaces/share/player_interfaces/cmake/export_player_interfaces__rosidl_generator_cExport-noconfig.cmake
[1.309s] -- Up-to-date: /home/juanespadi/Documents/shalpy/taller1_grupo14/install/player_interfaces/share/player_interfaces/cmake/export_player_interfaces__rosidl_typesupport_fastrtps_cExport.cmake
[1.309s] -- Up-to-date: /home/juanespadi/Documents/shalpy/taller1_grupo14/install/player_interfaces/share/player_interfaces/cmake/export_player_interfaces__rosidl_typesupport_fastrtps_cExport-noconfig.cmake
[1.310s] -- Up-to-date: /home/juanespadi/Documents/shalpy/taller1_grupo14/install/player_interfaces/share/player_interfaces/cmake/export_player_interfaces__rosidl_generator_cppExport.cmake
[1.311s] -- Up-to-date: /home/juanespadi/Documents/shalpy/taller1_grupo14/install/player_interfaces/share/player_interfaces/cmake/export_player_interfaces__rosidl_typesupport_fastrtps_cppExport.cmake
[1.311s] -- Up-to-date: /home/juanespadi/Documents/shalpy/taller1_grupo14/install/player_interfaces/share/player_interfaces/cmake/export_player_interfaces__rosidl_typesupport_fastrtps_cppExport-noconfig.cmake
[1.312s] -- Up-to-date: /home/juanespadi/Documents/shalpy/taller1_grupo14/install/player_interfaces/share/player_interfaces/cmake/player_interfaces__rosidl_typesupport_introspection_cExport.cmake
[1.312s] -- Up-to-date: /home/juanespadi/Documents/shalpy/taller1_grupo14/install/player_interfaces/share/player_interfaces/cmake/player_interfaces__rosidl_typesupport_introspection_cExport-noconfig.cmake
[1.313s] -- Up-to-date: /home/juanespadi/Documents/shalpy/taller1_grupo14/install/player_interfaces/share/player_interfaces/cmake/player_interfaces__rosidl_typesupport_cExport.cmake
[1.313s] -- Up-to-date: /home/juanespadi/Documents/shalpy/taller1_grupo14/install/player_interfaces/share/player_interfaces/cmake/player_interfaces__rosidl_typesupport_cExport-noconfig.cmake
[1.314s] -- Up-to-date: /home/juanespadi/Documents/shalpy/taller1_grupo14/install/player_interfaces/share/player_interfaces/cmake/player_interfaces__rosidl_typesupport_introspection_cppExport.cmake
[1.314s] -- Up-to-date: /home/juanespadi/Documents/shalpy/taller1_grupo14/install/player_interfaces/share/player_interfaces/cmake/player_interfaces__rosidl_typesupport_introspection_cppExport-noconfig.cmake
[1.315s] -- Up-to-date: /home/juanespadi/Documents/shalpy/taller1_grupo14/install/player_interfaces/share/player_interfaces/cmake/player_interfaces__rosidl_typesupport_cppExport.cmake
[1.315s] -- Up-to-date: /home/juanespadi/Documents/shalpy/taller1_grupo14/install/player_interfaces/share/player_interfaces/cmake/player_interfaces__rosidl_typesupport_cppExport-noconfig.cmake
[1.316s] -- Up-to-date: /home/juanespadi/Documents/shalpy/taller1_grupo14/install/player_interfaces/share/player_interfaces/cmake/export_player_interfaces__rosidl_generator_pyExport.cmake
[1.316s] -- Up-to-date: /home/juanespadi/Documents/shalpy/taller1_grupo14/install/player_interfaces/share/player_interfaces/cmake/export_player_interfaces__rosidl_generator_pyExport-noconfig.cmake
[1.316s] -- Up-to-date: /home/juanespadi/Documents/shalpy/taller1_grupo14/install/player_interfaces/share/player_interfaces/cmake/rosidl_cmake-extras.cmake
[1.316s] -- Up-to-date: /home/juanespadi/Documents/shalpy/taller1_grupo14/install/player_interfaces/share/player_interfaces/cmake/ament_cmake_export_dependencies-extras.cmake
[1.316s] -- Up-to-date: /home/juanespadi/Documents/shalpy/taller1_grupo14/install/player_interfaces/share/player_interfaces/cmake/ament_cmake_export_include_directories-extras.cmake
[1.316s] -- Up-to-date: /home/juanespadi/Documents/shalpy/taller1_grupo14/install/player_interfaces/share/player_interfaces/cmake/ament_cmake_export_libraries-extras.cmake
[1.316s] -- Up-to-date: /home/juanespadi/Documents/shalpy/taller1_grupo14/install/player_interfaces/share/player_interfaces/cmake/ament_cmake_export_targets-extras.cmake
[1.316s] -- Up-to-date: /home/juanespadi/Documents/shalpy/taller1_grupo14/install/player_interfaces/share/player_interfaces/cmake/rosidl_cmake_export_typesupport_targets-extras.cmake
[1.316s] -- Up-to-date: /home/juanespadi/Documents/shalpy/taller1_grupo14/install/player_interfaces/share/player_interfaces/cmake/rosidl_cmake_export_typesupport_libraries-extras.cmake
[1.317s] -- Up-to-date: /home/juanespadi/Documents/shalpy/taller1_grupo14/install/player_interfaces/share/player_interfaces/cmake/player_interfacesConfig.cmake
[1.317s] -- Up-to-date: /home/juanespadi/Documents/shalpy/taller1_grupo14/install/player_interfaces/share/player_interfaces/cmake/player_interfacesConfig-version.cmake
[1.317s] -- Up-to-date: /home/juanespadi/Documents/shalpy/taller1_grupo14/install/player_interfaces/share/player_interfaces/package.xml
[1.319s] Invoked command in '/home/juanespadi/Documents/shalpy/taller1_grupo14/build/player_interfaces' returned '0': CMAKE_PREFIX_PATH=/opt/ros/humble /usr/bin/cmake --install /home/juanespadi/Documents/shalpy/taller1_grupo14/build/player_interfaces
