[0.132s] Invoking command in '/home/ubuntu/Documents/shalpy/taller1_grupo14/build/player_interfaces': CMAKE_PREFIX_PATH=/opt/ros/humble /usr/bin/cmake --build /home/ubuntu/Documents/shalpy/taller1_grupo14/build/player_interfaces -- -j4 -l4
[0.643s] gmake[2]: Warning: File 'CMakeFiles/player_interfaces__rosidl_generator_c.dir/compiler_depend.make' has modification time 3911 s in the future
[0.705s] gmake[2]: warning:  Clock skew detected.  Your build may be incomplete.
[0.716s] gmake[2]: Warning: File 'CMakeFiles/player_interfaces__rosidl_generator_c.dir/compiler_depend.make' has modification time 3911 s in the future
[0.740s] [  3%] Built target player_interfaces__cpp
[0.772s] gmake[2]: Warning: File 'CMakeFiles/player_interfaces__rosidl_typesupport_cpp.dir/compiler_depend.make' has modification time 3911 s in the future
[0.776s] gmake[2]: Warning: File 'CMakeFiles/player_interfaces__rosidl_typesupport_fastrtps_cpp.dir/compiler_depend.make' has modification time 3911 s in the future
[0.787s] gmake[2]: warning:  Clock skew detected.  Your build may be incomplete.
[0.838s] [ 12%] Built target player_interfaces__rosidl_generator_c
[0.842s] gmake[2]: warning:  Clock skew detected.  Your build may be incomplete.
[0.843s] gmake[2]: warning:  Clock skew detected.  Your build may be incomplete.
[0.847s] [ 12%] Built target ament_cmake_python_copy_player_interfaces
[0.852s] gmake[2]: Warning: File 'CMakeFiles/player_interfaces__rosidl_typesupport_cpp.dir/compiler_depend.make' has modification time 3911 s in the future
[0.855s] gmake[2]: Warning: File 'CMakeFiles/player_interfaces__rosidl_typesupport_fastrtps_cpp.dir/compiler_depend.make' has modification time 3911 s in the future
[0.878s] gmake[2]: Warning: File 'CMakeFiles/player_interfaces__rosidl_typesupport_introspection_cpp.dir/compiler_depend.make' has modification time 3911 s in the future
[0.881s] gmake[2]: Warning: File 'CMakeFiles/player_interfaces__rosidl_typesupport_fastrtps_c.dir/compiler_depend.make' has modification time 3911 s in the future
[0.899s] gmake[2]: warning:  Clock skew detected.  Your build may be incomplete.
[0.906s] gmake[2]: warning:  Clock skew detected.  Your build may be incomplete.
[0.937s] [ 22%] Built target player_interfaces__rosidl_typesupport_cpp
[0.945s] gmake[2]: warning:  Clock skew detected.  Your build may be incomplete.
[0.956s] gmake[2]: warning:  Clock skew detected.  Your build may be incomplete.
[0.964s] [ 32%] Built target player_interfaces__rosidl_typesupport_fastrtps_cpp
[0.965s] gmake[2]: Warning: File 'CMakeFiles/player_interfaces__rosidl_typesupport_fastrtps_c.dir/compiler_depend.make' has modification time 3911 s in the future
[0.969s] gmake[2]: Warning: File 'CMakeFiles/player_interfaces__rosidl_typesupport_introspection_cpp.dir/compiler_depend.make' has modification time 3911 s in the future
[0.974s] gmake[2]: Warning: File 'CMakeFiles/player_interfaces__rosidl_typesupport_introspection_c.dir/compiler_depend.make' has modification time 3911 s in the future
[0.976s] gmake[2]: warning:  Clock skew detected.  Your build may be incomplete.
[0.984s] gmake[2]: warning:  Clock skew detected.  Your build may be incomplete.
[0.990s] gmake[2]: Warning: File 'CMakeFiles/player_interfaces__rosidl_typesupport_c.dir/compiler_depend.make' has modification time 3911 s in the future
[1.020s] [ 41%] Built target player_interfaces__rosidl_typesupport_fastrtps_c
[1.044s] gmake[2]: warning:  Clock skew detected.  Your build may be incomplete.
[1.045s] gmake[2]: warning:  Clock skew detected.  Your build may be incomplete.
[1.055s] [ 51%] Built target player_interfaces__rosidl_typesupport_introspection_cpp
[1.064s] gmake[2]: Warning: File 'CMakeFiles/player_interfaces__rosidl_typesupport_introspection_c.dir/compiler_depend.make' has modification time 3911 s in the future
[1.068s] gmake[2]: Warning: File 'CMakeFiles/player_interfaces__rosidl_typesupport_c.dir/compiler_depend.make' has modification time 3911 s in the future
[1.071s] gmake[2]: warning:  Clock skew detected.  Your build may be incomplete.
[1.072s] gmake[2]: warning:  Clock skew detected.  Your build may be incomplete.
[1.108s] [ 61%] Built target player_interfaces__rosidl_typesupport_introspection_c
[1.113s] [ 70%] Built target player_interfaces__rosidl_typesupport_c
[1.220s] [ 70%] Built target player_interfaces
[1.336s] [ 74%] Built target player_interfaces__py
[1.359s] gmake[2]: Warning: File 'CMakeFiles/player_interfaces__rosidl_generator_py.dir/compiler_depend.make' has modification time 3911 s in the future
[1.407s] gmake[2]: warning:  Clock skew detected.  Your build may be incomplete.
[1.417s] gmake[2]: Warning: File 'CMakeFiles/player_interfaces__rosidl_generator_py.dir/compiler_depend.make' has modification time 3911 s in the future
[1.444s] gmake[2]: warning:  Clock skew detected.  Your build may be incomplete.
[1.481s] [ 80%] Built target player_interfaces__rosidl_generator_py
[1.512s] gmake[2]: Warning: File 'CMakeFiles/player_interfaces__rosidl_typesupport_introspection_c__pyext.dir/compiler_depend.make' has modification time 3912 s in the future
[1.514s] gmake[2]: Warning: File 'CMakeFiles/player_interfaces__rosidl_typesupport_fastrtps_c__pyext.dir/compiler_depend.make' has modification time 3912 s in the future
[1.524s] gmake[2]: Warning: File 'CMakeFiles/player_interfaces__rosidl_typesupport_c__pyext.dir/compiler_depend.make' has modification time 3912 s in the future
[1.590s] gmake[2]: warning:  Clock skew detected.  Your build may be incomplete.
[1.611s] gmake[2]: warning:  Clock skew detected.  Your build may be incomplete.
[1.621s] gmake[2]: Warning: File 'CMakeFiles/player_interfaces__rosidl_typesupport_introspection_c__pyext.dir/compiler_depend.make' has modification time 3912 s in the future
[1.629s] gmake[2]: warning:  Clock skew detected.  Your build may be incomplete.
[1.633s] gmake[2]: Warning: File 'CMakeFiles/player_interfaces__rosidl_typesupport_fastrtps_c__pyext.dir/compiler_depend.make' has modification time 3912 s in the future
[1.649s] gmake[2]: warning:  Clock skew detected.  Your build may be incomplete.
[1.650s] gmake[2]: warning:  Clock skew detected.  Your build may be incomplete.
[1.659s] gmake[2]: Warning: File 'CMakeFiles/player_interfaces__rosidl_typesupport_c__pyext.dir/compiler_depend.make' has modification time 3912 s in the future
[1.667s] gmake[2]: warning:  Clock skew detected.  Your build may be incomplete.
[1.682s] [ 87%] Built target player_interfaces__rosidl_typesupport_introspection_c__pyext
[1.700s] [ 93%] Built target player_interfaces__rosidl_typesupport_fastrtps_c__pyext
[1.705s] [100%] Built target player_interfaces__rosidl_typesupport_c__pyext
[2.358s] running egg_info
[2.361s] writing player_interfaces.egg-info/PKG-INFO
[2.362s] writing dependency_links to player_interfaces.egg-info/dependency_links.txt
[2.363s] writing top-level names to player_interfaces.egg-info/top_level.txt
[2.381s] reading manifest file 'player_interfaces.egg-info/SOURCES.txt'
[2.385s] writing manifest file 'player_interfaces.egg-info/SOURCES.txt'
[2.520s] [100%] Built target ament_cmake_python_build_player_interfaces_egg
[2.565s] Invoked command in '/home/ubuntu/Documents/shalpy/taller1_grupo14/build/player_interfaces' returned '0': CMAKE_PREFIX_PATH=/opt/ros/humble /usr/bin/cmake --build /home/ubuntu/Documents/shalpy/taller1_grupo14/build/player_interfaces -- -j4 -l4
[2.925s] Invoking command in '/home/ubuntu/Documents/shalpy/taller1_grupo14/build/player_interfaces': CMAKE_PREFIX_PATH=/opt/ros/humble /usr/bin/cmake --install /home/ubuntu/Documents/shalpy/taller1_grupo14/build/player_interfaces
[2.960s] -- Install configuration: ""
[2.965s] -- Up-to-date: /home/ubuntu/Documents/shalpy/taller1_grupo14/install/player_interfaces/share/ament_index/resource_index/rosidl_interfaces/player_interfaces
[2.967s] -- Up-to-date: /home/ubuntu/Documents/shalpy/taller1_grupo14/install/player_interfaces/include/player_interfaces/player_interfaces
[2.968s] -- Up-to-date: /home/ubuntu/Documents/shalpy/taller1_grupo14/install/player_interfaces/include/player_interfaces/player_interfaces/msg
[2.970s] -- Up-to-date: /home/ubuntu/Documents/shalpy/taller1_grupo14/install/player_interfaces/include/player_interfaces/player_interfaces/msg/rosidl_generator_c__visibility_control.h
[2.971s] -- Up-to-date: /home/ubuntu/Documents/shalpy/taller1_grupo14/install/player_interfaces/include/player_interfaces/player_interfaces/srv
[2.972s] -- Up-to-date: /home/ubuntu/Documents/shalpy/taller1_grupo14/install/player_interfaces/include/player_interfaces/player_interfaces/srv/detail
[2.973s] -- Up-to-date: /home/ubuntu/Documents/shalpy/taller1_grupo14/install/player_interfaces/include/player_interfaces/player_interfaces/srv/detail/player__type_support.h
[2.974s] -- Up-to-date: /home/ubuntu/Documents/shalpy/taller1_grupo14/install/player_interfaces/include/player_interfaces/player_interfaces/srv/detail/player__functions.c
[2.975s] -- Up-to-date: /home/ubuntu/Documents/shalpy/taller1_grupo14/install/player_interfaces/include/player_interfaces/player_interfaces/srv/detail/player__struct.h
[2.975s] -- Up-to-date: /home/ubuntu/Documents/shalpy/taller1_grupo14/install/player_interfaces/include/player_interfaces/player_interfaces/srv/detail/player__functions.h
[2.976s] -- Up-to-date: /home/ubuntu/Documents/shalpy/taller1_grupo14/install/player_interfaces/include/player_interfaces/player_interfaces/srv/player.h
[2.977s] -- Up-to-date: /home/ubuntu/Documents/shalpy/taller1_grupo14/install/player_interfaces/share/player_interfaces/environment/library_path.sh
[2.978s] -- Up-to-date: /home/ubuntu/Documents/shalpy/taller1_grupo14/install/player_interfaces/share/player_interfaces/environment/library_path.dsv
[2.982s] -- Up-to-date: /home/ubuntu/Documents/shalpy/taller1_grupo14/install/player_interfaces/lib/libplayer_interfaces__rosidl_generator_c.so
[2.984s] -- Up-to-date: /home/ubuntu/Documents/shalpy/taller1_grupo14/install/player_interfaces/include/player_interfaces/player_interfaces
[2.985s] -- Up-to-date: /home/ubuntu/Documents/shalpy/taller1_grupo14/install/player_interfaces/include/player_interfaces/player_interfaces/msg
[2.986s] -- Up-to-date: /home/ubuntu/Documents/shalpy/taller1_grupo14/install/player_interfaces/include/player_interfaces/player_interfaces/msg/rosidl_typesupport_fastrtps_c__visibility_control.h
[2.987s] -- Up-to-date: /home/ubuntu/Documents/shalpy/taller1_grupo14/install/player_interfaces/include/player_interfaces/player_interfaces/srv
[2.988s] -- Up-to-date: /home/ubuntu/Documents/shalpy/taller1_grupo14/install/player_interfaces/include/player_interfaces/player_interfaces/srv/detail
[2.988s] -- Up-to-date: /home/ubuntu/Documents/shalpy/taller1_grupo14/install/player_interfaces/include/player_interfaces/player_interfaces/srv/detail/player__rosidl_typesupport_fastrtps_c.h
[2.991s] -- Up-to-date: /home/ubuntu/Documents/shalpy/taller1_grupo14/install/player_interfaces/lib/libplayer_interfaces__rosidl_typesupport_fastrtps_c.so
[2.993s] -- Up-to-date: /home/ubuntu/Documents/shalpy/taller1_grupo14/install/player_interfaces/include/player_interfaces/player_interfaces
[2.993s] -- Up-to-date: /home/ubuntu/Documents/shalpy/taller1_grupo14/install/player_interfaces/include/player_interfaces/player_interfaces/srv
[2.994s] -- Up-to-date: /home/ubuntu/Documents/shalpy/taller1_grupo14/install/player_interfaces/include/player_interfaces/player_interfaces/srv/player.hpp
[2.995s] -- Up-to-date: /home/ubuntu/Documents/shalpy/taller1_grupo14/install/player_interfaces/include/player_interfaces/player_interfaces/srv/detail
[2.995s] -- Up-to-date: /home/ubuntu/Documents/shalpy/taller1_grupo14/install/player_interfaces/include/player_interfaces/player_interfaces/srv/detail/player__traits.hpp
[2.996s] -- Up-to-date: /home/ubuntu/Documents/shalpy/taller1_grupo14/install/player_interfaces/include/player_interfaces/player_interfaces/srv/detail/player__struct.hpp
[2.997s] -- Up-to-date: /home/ubuntu/Documents/shalpy/taller1_grupo14/install/player_interfaces/include/player_interfaces/player_interfaces/srv/detail/player__builder.hpp
[2.998s] -- Up-to-date: /home/ubuntu/Documents/shalpy/taller1_grupo14/install/player_interfaces/include/player_interfaces/player_interfaces
[2.998s] -- Up-to-date: /home/ubuntu/Documents/shalpy/taller1_grupo14/install/player_interfaces/include/player_interfaces/player_interfaces/msg
[2.999s] -- Up-to-date: /home/ubuntu/Documents/shalpy/taller1_grupo14/install/player_interfaces/include/player_interfaces/player_interfaces/msg/rosidl_typesupport_fastrtps_cpp__visibility_control.h
[2.999s] -- Up-to-date: /home/ubuntu/Documents/shalpy/taller1_grupo14/install/player_interfaces/include/player_interfaces/player_interfaces/srv
[3.000s] -- Up-to-date: /home/ubuntu/Documents/shalpy/taller1_grupo14/install/player_interfaces/include/player_interfaces/player_interfaces/srv/detail
[3.000s] -- Up-to-date: /home/ubuntu/Documents/shalpy/taller1_grupo14/install/player_interfaces/include/player_interfaces/player_interfaces/srv/detail/dds_fastrtps
[3.001s] -- Up-to-date: /home/ubuntu/Documents/shalpy/taller1_grupo14/install/player_interfaces/include/player_interfaces/player_interfaces/srv/detail/player__rosidl_typesupport_fastrtps_cpp.hpp
[3.006s] -- Up-to-date: /home/ubuntu/Documents/shalpy/taller1_grupo14/install/player_interfaces/lib/libplayer_interfaces__rosidl_typesupport_fastrtps_cpp.so
[3.008s] -- Up-to-date: /home/ubuntu/Documents/shalpy/taller1_grupo14/install/player_interfaces/include/player_interfaces/player_interfaces
[3.008s] -- Up-to-date: /home/ubuntu/Documents/shalpy/taller1_grupo14/install/player_interfaces/include/player_interfaces/player_interfaces/msg
[3.009s] -- Up-to-date: /home/ubuntu/Documents/shalpy/taller1_grupo14/install/player_interfaces/include/player_interfaces/player_interfaces/msg/rosidl_typesupport_introspection_c__visibility_control.h
[3.010s] -- Up-to-date: /home/ubuntu/Documents/shalpy/taller1_grupo14/install/player_interfaces/include/player_interfaces/player_interfaces/srv
[3.010s] -- Up-to-date: /home/ubuntu/Documents/shalpy/taller1_grupo14/install/player_interfaces/include/player_interfaces/player_interfaces/srv/detail
[3.011s] -- Up-to-date: /home/ubuntu/Documents/shalpy/taller1_grupo14/install/player_interfaces/include/player_interfaces/player_interfaces/srv/detail/player__rosidl_typesupport_introspection_c.h
[3.012s] -- Up-to-date: /home/ubuntu/Documents/shalpy/taller1_grupo14/install/player_interfaces/include/player_interfaces/player_interfaces/srv/detail/player__type_support.c
[3.016s] -- Up-to-date: /home/ubuntu/Documents/shalpy/taller1_grupo14/install/player_interfaces/lib/libplayer_interfaces__rosidl_typesupport_introspection_c.so
[3.019s] -- Up-to-date: /home/ubuntu/Documents/shalpy/taller1_grupo14/install/player_interfaces/lib/libplayer_interfaces__rosidl_typesupport_c.so
[3.021s] -- Up-to-date: /home/ubuntu/Documents/shalpy/taller1_grupo14/install/player_interfaces/include/player_interfaces/player_interfaces
[3.022s] -- Up-to-date: /home/ubuntu/Documents/shalpy/taller1_grupo14/install/player_interfaces/include/player_interfaces/player_interfaces/srv
[3.023s] -- Up-to-date: /home/ubuntu/Documents/shalpy/taller1_grupo14/install/player_interfaces/include/player_interfaces/player_interfaces/srv/detail
[3.023s] -- Up-to-date: /home/ubuntu/Documents/shalpy/taller1_grupo14/install/player_interfaces/include/player_interfaces/player_interfaces/srv/detail/player__type_support.cpp
[3.024s] -- Up-to-date: /home/ubuntu/Documents/shalpy/taller1_grupo14/install/player_interfaces/include/player_interfaces/player_interfaces/srv/detail/player__rosidl_typesupport_introspection_cpp.hpp
[3.028s] -- Up-to-date: /home/ubuntu/Documents/shalpy/taller1_grupo14/install/player_interfaces/lib/libplayer_interfaces__rosidl_typesupport_introspection_cpp.so
[3.032s] -- Up-to-date: /home/ubuntu/Documents/shalpy/taller1_grupo14/install/player_interfaces/lib/libplayer_interfaces__rosidl_typesupport_cpp.so
[3.033s] -- Up-to-date: /home/ubuntu/Documents/shalpy/taller1_grupo14/install/player_interfaces/share/player_interfaces/environment/pythonpath.sh
[3.034s] -- Up-to-date: /home/ubuntu/Documents/shalpy/taller1_grupo14/install/player_interfaces/share/player_interfaces/environment/pythonpath.dsv
[3.037s] -- Up-to-date: /home/ubuntu/Documents/shalpy/taller1_grupo14/install/player_interfaces/local/lib/python3.10/dist-packages/player_interfaces-0.0.0-py3.10.egg-info
[3.039s] -- Installing: /home/ubuntu/Documents/shalpy/taller1_grupo14/install/player_interfaces/local/lib/python3.10/dist-packages/player_interfaces-0.0.0-py3.10.egg-info/dependency_links.txt
[3.041s] -- Installing: /home/ubuntu/Documents/shalpy/taller1_grupo14/install/player_interfaces/local/lib/python3.10/dist-packages/player_interfaces-0.0.0-py3.10.egg-info/top_level.txt
[3.043s] -- Installing: /home/ubuntu/Documents/shalpy/taller1_grupo14/install/player_interfaces/local/lib/python3.10/dist-packages/player_interfaces-0.0.0-py3.10.egg-info/SOURCES.txt
[3.045s] -- Installing: /home/ubuntu/Documents/shalpy/taller1_grupo14/install/player_interfaces/local/lib/python3.10/dist-packages/player_interfaces-0.0.0-py3.10.egg-info/PKG-INFO
[3.047s] -- Up-to-date: /home/ubuntu/Documents/shalpy/taller1_grupo14/install/player_interfaces/local/lib/python3.10/dist-packages/player_interfaces
[3.049s] -- Up-to-date: /home/ubuntu/Documents/shalpy/taller1_grupo14/install/player_interfaces/local/lib/python3.10/dist-packages/player_interfaces/player_interfaces_s__rosidl_typesupport_introspection_c.cpython-310-aarch64-linux-gnu.so
[3.050s] -- Up-to-date: /home/ubuntu/Documents/shalpy/taller1_grupo14/install/player_interfaces/local/lib/python3.10/dist-packages/player_interfaces/player_interfaces_s__rosidl_typesupport_fastrtps_c.cpython-310-aarch64-linux-gnu.so
[3.050s] -- Up-to-date: /home/ubuntu/Documents/shalpy/taller1_grupo14/install/player_interfaces/local/lib/python3.10/dist-packages/player_interfaces/__init__.py
[3.051s] -- Up-to-date: /home/ubuntu/Documents/shalpy/taller1_grupo14/install/player_interfaces/local/lib/python3.10/dist-packages/player_interfaces/player_interfaces_s__rosidl_typesupport_c.cpython-310-aarch64-linux-gnu.so
[3.052s] -- Up-to-date: /home/ubuntu/Documents/shalpy/taller1_grupo14/install/player_interfaces/local/lib/python3.10/dist-packages/player_interfaces/libplayer_interfaces__rosidl_generator_py.so
[3.052s] -- Up-to-date: /home/ubuntu/Documents/shalpy/taller1_grupo14/install/player_interfaces/local/lib/python3.10/dist-packages/player_interfaces/_player_interfaces_s.ep.rosidl_typesupport_introspection_c.c
[3.053s] -- Up-to-date: /home/ubuntu/Documents/shalpy/taller1_grupo14/install/player_interfaces/local/lib/python3.10/dist-packages/player_interfaces/srv
[3.054s] -- Up-to-date: /home/ubuntu/Documents/shalpy/taller1_grupo14/install/player_interfaces/local/lib/python3.10/dist-packages/player_interfaces/srv/_player.py
[3.054s] -- Up-to-date: /home/ubuntu/Documents/shalpy/taller1_grupo14/install/player_interfaces/local/lib/python3.10/dist-packages/player_interfaces/srv/__init__.py
[3.055s] -- Up-to-date: /home/ubuntu/Documents/shalpy/taller1_grupo14/install/player_interfaces/local/lib/python3.10/dist-packages/player_interfaces/srv/_player_s.c
[3.056s] -- Up-to-date: /home/ubuntu/Documents/shalpy/taller1_grupo14/install/player_interfaces/local/lib/python3.10/dist-packages/player_interfaces/_player_interfaces_s.ep.rosidl_typesupport_c.c
[3.056s] -- Up-to-date: /home/ubuntu/Documents/shalpy/taller1_grupo14/install/player_interfaces/local/lib/python3.10/dist-packages/player_interfaces/_player_interfaces_s.ep.rosidl_typesupport_fastrtps_c.c
[3.221s] Listing '/home/ubuntu/Documents/shalpy/taller1_grupo14/install/player_interfaces/local/lib/python3.10/dist-packages/player_interfaces'...
[3.222s] Listing '/home/ubuntu/Documents/shalpy/taller1_grupo14/install/player_interfaces/local/lib/python3.10/dist-packages/player_interfaces/srv'...
[3.251s] -- Up-to-date: /home/ubuntu/Documents/shalpy/taller1_grupo14/install/player_interfaces/local/lib/python3.10/dist-packages/player_interfaces/player_interfaces_s__rosidl_typesupport_fastrtps_c.cpython-310-aarch64-linux-gnu.so
[3.255s] -- Up-to-date: /home/ubuntu/Documents/shalpy/taller1_grupo14/install/player_interfaces/local/lib/python3.10/dist-packages/player_interfaces/player_interfaces_s__rosidl_typesupport_introspection_c.cpython-310-aarch64-linux-gnu.so
[3.259s] -- Up-to-date: /home/ubuntu/Documents/shalpy/taller1_grupo14/install/player_interfaces/local/lib/python3.10/dist-packages/player_interfaces/player_interfaces_s__rosidl_typesupport_c.cpython-310-aarch64-linux-gnu.so
[3.263s] -- Up-to-date: /home/ubuntu/Documents/shalpy/taller1_grupo14/install/player_interfaces/lib/libplayer_interfaces__rosidl_generator_py.so
[3.266s] -- Up-to-date: /home/ubuntu/Documents/shalpy/taller1_grupo14/install/player_interfaces/share/player_interfaces/srv/Player.idl
[3.267s] -- Up-to-date: /home/ubuntu/Documents/shalpy/taller1_grupo14/install/player_interfaces/share/player_interfaces/srv/Player.srv
[3.267s] -- Up-to-date: /home/ubuntu/Documents/shalpy/taller1_grupo14/install/player_interfaces/share/player_interfaces/srv/Player_Request.msg
[3.268s] -- Up-to-date: /home/ubuntu/Documents/shalpy/taller1_grupo14/install/player_interfaces/share/player_interfaces/srv/Player_Response.msg
[3.269s] -- Up-to-date: /home/ubuntu/Documents/shalpy/taller1_grupo14/install/player_interfaces/share/ament_index/resource_index/package_run_dependencies/player_interfaces
[3.271s] -- Up-to-date: /home/ubuntu/Documents/shalpy/taller1_grupo14/install/player_interfaces/share/ament_index/resource_index/parent_prefix_path/player_interfaces
[3.272s] -- Up-to-date: /home/ubuntu/Documents/shalpy/taller1_grupo14/install/player_interfaces/share/player_interfaces/environment/ament_prefix_path.sh
[3.272s] -- Up-to-date: /home/ubuntu/Documents/shalpy/taller1_grupo14/install/player_interfaces/share/player_interfaces/environment/ament_prefix_path.dsv
[3.273s] -- Up-to-date: /home/ubuntu/Documents/shalpy/taller1_grupo14/install/player_interfaces/share/player_interfaces/environment/path.sh
[3.274s] -- Up-to-date: /home/ubuntu/Documents/shalpy/taller1_grupo14/install/player_interfaces/share/player_interfaces/environment/path.dsv
[3.275s] -- Up-to-date: /home/ubuntu/Documents/shalpy/taller1_grupo14/install/player_interfaces/share/player_interfaces/local_setup.bash
[3.275s] -- Up-to-date: /home/ubuntu/Documents/shalpy/taller1_grupo14/install/player_interfaces/share/player_interfaces/local_setup.sh
[3.276s] -- Up-to-date: /home/ubuntu/Documents/shalpy/taller1_grupo14/install/player_interfaces/share/player_interfaces/local_setup.zsh
[3.277s] -- Up-to-date: /home/ubuntu/Documents/shalpy/taller1_grupo14/install/player_interfaces/share/player_interfaces/local_setup.dsv
[3.277s] -- Installing: /home/ubuntu/Documents/shalpy/taller1_grupo14/install/player_interfaces/share/player_interfaces/package.dsv
[3.281s] -- Up-to-date: /home/ubuntu/Documents/shalpy/taller1_grupo14/install/player_interfaces/share/ament_index/resource_index/packages/player_interfaces
[3.288s] -- Up-to-date: /home/ubuntu/Documents/shalpy/taller1_grupo14/install/player_interfaces/share/player_interfaces/cmake/export_player_interfaces__rosidl_generator_cExport.cmake
[3.289s] -- Up-to-date: /home/ubuntu/Documents/shalpy/taller1_grupo14/install/player_interfaces/share/player_interfaces/cmake/export_player_interfaces__rosidl_generator_cExport-noconfig.cmake
[3.292s] -- Up-to-date: /home/ubuntu/Documents/shalpy/taller1_grupo14/install/player_interfaces/share/player_interfaces/cmake/export_player_interfaces__rosidl_typesupport_fastrtps_cExport.cmake
[3.293s] -- Up-to-date: /home/ubuntu/Documents/shalpy/taller1_grupo14/install/player_interfaces/share/player_interfaces/cmake/export_player_interfaces__rosidl_typesupport_fastrtps_cExport-noconfig.cmake
[3.296s] -- Up-to-date: /home/ubuntu/Documents/shalpy/taller1_grupo14/install/player_interfaces/share/player_interfaces/cmake/export_player_interfaces__rosidl_generator_cppExport.cmake
[3.299s] -- Up-to-date: /home/ubuntu/Documents/shalpy/taller1_grupo14/install/player_interfaces/share/player_interfaces/cmake/export_player_interfaces__rosidl_typesupport_fastrtps_cppExport.cmake
[3.300s] -- Up-to-date: /home/ubuntu/Documents/shalpy/taller1_grupo14/install/player_interfaces/share/player_interfaces/cmake/export_player_interfaces__rosidl_typesupport_fastrtps_cppExport-noconfig.cmake
[3.304s] -- Up-to-date: /home/ubuntu/Documents/shalpy/taller1_grupo14/install/player_interfaces/share/player_interfaces/cmake/player_interfaces__rosidl_typesupport_introspection_cExport.cmake
[3.305s] -- Up-to-date: /home/ubuntu/Documents/shalpy/taller1_grupo14/install/player_interfaces/share/player_interfaces/cmake/player_interfaces__rosidl_typesupport_introspection_cExport-noconfig.cmake
[3.309s] -- Up-to-date: /home/ubuntu/Documents/shalpy/taller1_grupo14/install/player_interfaces/share/player_interfaces/cmake/player_interfaces__rosidl_typesupport_cExport.cmake
[3.310s] -- Up-to-date: /home/ubuntu/Documents/shalpy/taller1_grupo14/install/player_interfaces/share/player_interfaces/cmake/player_interfaces__rosidl_typesupport_cExport-noconfig.cmake
[3.313s] -- Up-to-date: /home/ubuntu/Documents/shalpy/taller1_grupo14/install/player_interfaces/share/player_interfaces/cmake/player_interfaces__rosidl_typesupport_introspection_cppExport.cmake
[3.314s] -- Up-to-date: /home/ubuntu/Documents/shalpy/taller1_grupo14/install/player_interfaces/share/player_interfaces/cmake/player_interfaces__rosidl_typesupport_introspection_cppExport-noconfig.cmake
[3.317s] -- Up-to-date: /home/ubuntu/Documents/shalpy/taller1_grupo14/install/player_interfaces/share/player_interfaces/cmake/player_interfaces__rosidl_typesupport_cppExport.cmake
[3.318s] -- Up-to-date: /home/ubuntu/Documents/shalpy/taller1_grupo14/install/player_interfaces/share/player_interfaces/cmake/player_interfaces__rosidl_typesupport_cppExport-noconfig.cmake
[3.322s] -- Up-to-date: /home/ubuntu/Documents/shalpy/taller1_grupo14/install/player_interfaces/share/player_interfaces/cmake/export_player_interfaces__rosidl_generator_pyExport.cmake
[3.323s] -- Up-to-date: /home/ubuntu/Documents/shalpy/taller1_grupo14/install/player_interfaces/share/player_interfaces/cmake/export_player_interfaces__rosidl_generator_pyExport-noconfig.cmake
[3.323s] -- Up-to-date: /home/ubuntu/Documents/shalpy/taller1_grupo14/install/player_interfaces/share/player_interfaces/cmake/rosidl_cmake-extras.cmake
[3.324s] -- Up-to-date: /home/ubuntu/Documents/shalpy/taller1_grupo14/install/player_interfaces/share/player_interfaces/cmake/ament_cmake_export_dependencies-extras.cmake
[3.325s] -- Up-to-date: /home/ubuntu/Documents/shalpy/taller1_grupo14/install/player_interfaces/share/player_interfaces/cmake/ament_cmake_export_include_directories-extras.cmake
[3.326s] -- Up-to-date: /home/ubuntu/Documents/shalpy/taller1_grupo14/install/player_interfaces/share/player_interfaces/cmake/ament_cmake_export_libraries-extras.cmake
[3.327s] -- Up-to-date: /home/ubuntu/Documents/shalpy/taller1_grupo14/install/player_interfaces/share/player_interfaces/cmake/ament_cmake_export_targets-extras.cmake
[3.328s] -- Up-to-date: /home/ubuntu/Documents/shalpy/taller1_grupo14/install/player_interfaces/share/player_interfaces/cmake/rosidl_cmake_export_typesupport_targets-extras.cmake
[3.329s] -- Up-to-date: /home/ubuntu/Documents/shalpy/taller1_grupo14/install/player_interfaces/share/player_interfaces/cmake/rosidl_cmake_export_typesupport_libraries-extras.cmake
[3.330s] -- Up-to-date: /home/ubuntu/Documents/shalpy/taller1_grupo14/install/player_interfaces/share/player_interfaces/cmake/player_interfacesConfig.cmake
[3.331s] -- Up-to-date: /home/ubuntu/Documents/shalpy/taller1_grupo14/install/player_interfaces/share/player_interfaces/cmake/player_interfacesConfig-version.cmake
[3.331s] -- Up-to-date: /home/ubuntu/Documents/shalpy/taller1_grupo14/install/player_interfaces/share/player_interfaces/package.xml
[3.343s] Invoked command in '/home/ubuntu/Documents/shalpy/taller1_grupo14/build/player_interfaces' returned '0': CMAKE_PREFIX_PATH=/opt/ros/humble /usr/bin/cmake --install /home/ubuntu/Documents/shalpy/taller1_grupo14/build/player_interfaces
