[0.454s] Invoking command in '/home/juanespadi/Documents/shalpy/proyecto_final_grupo_14/build/player_interfaces': CMAKE_PREFIX_PATH=${CMAKE_PREFIX_PATH}:/home/juanespadi/Documents/shalpy/proyecto_final_grupo_14/install/proyecto_master_pkg:/home/juanespadi/Documents/shalpy/proyecto_final_grupo_14/install/final_shalpy:/opt/ros/humble /usr/bin/cmake --build /home/juanespadi/Documents/shalpy/proyecto_final_grupo_14/build/player_interfaces -- -j8 -l8
[0.534s] [35m[1mConsolidate compiler generated dependencies of target player_interfaces__rosidl_generator_c[0m
[0.574s] [  2%] Built target player_interfaces__cpp
[0.580s] [ 12%] Built target player_interfaces__rosidl_generator_c
[0.584s] [ 12%] Built target ament_cmake_python_copy_player_interfaces
[0.607s] [35m[1mConsolidate compiler generated dependencies of target player_interfaces__rosidl_typesupport_fastrtps_cpp[0m
[0.623s] [35m[1mConsolidate compiler generated dependencies of target player_interfaces__rosidl_typesupport_cpp[0m
[0.631s] [35m[1mConsolidate compiler generated dependencies of target player_interfaces__rosidl_typesupport_introspection_cpp[0m
[0.657s] [ 23%] Built target player_interfaces__rosidl_typesupport_fastrtps_cpp
[0.685s] [ 34%] Built target player_interfaces__rosidl_typesupport_cpp
[0.687s] [ 44%] Built target player_interfaces__rosidl_typesupport_introspection_cpp
[0.695s] [35m[1mConsolidate compiler generated dependencies of target player_interfaces__rosidl_typesupport_fastrtps_c[0m
[0.703s] [35m[1mConsolidate compiler generated dependencies of target player_interfaces__rosidl_typesupport_introspection_c[0m
[0.709s] [35m[1mConsolidate compiler generated dependencies of target player_interfaces__rosidl_typesupport_c[0m
[0.747s] [ 55%] Built target player_interfaces__rosidl_typesupport_introspection_c
[0.759s] [ 65%] Built target player_interfaces__rosidl_typesupport_fastrtps_c
[0.761s] [ 76%] Built target player_interfaces__rosidl_typesupport_c
[0.791s] [ 76%] Built target player_interfaces
[0.826s] [ 78%] Built target player_interfaces__py
[0.843s] [35m[1mConsolidate compiler generated dependencies of target player_interfaces__rosidl_generator_py[0m
[0.866s] [ 87%] Built target player_interfaces__rosidl_generator_py
[0.882s] [35m[1mConsolidate compiler generated dependencies of target player_interfaces__rosidl_typesupport_introspection_c__pyext[0m
[0.882s] [35m[1mConsolidate compiler generated dependencies of target player_interfaces__rosidl_typesupport_fastrtps_c__pyext[0m
[0.896s] [35m[1mConsolidate compiler generated dependencies of target player_interfaces__rosidl_typesupport_c__pyext[0m
[0.915s] [ 91%] Built target player_interfaces__rosidl_typesupport_fastrtps_c__pyext
[0.924s] [ 95%] Built target player_interfaces__rosidl_typesupport_introspection_c__pyext
[0.927s] [100%] Built target player_interfaces__rosidl_typesupport_c__pyext
[1.153s] running egg_info
[1.155s] writing player_interfaces.egg-info/PKG-INFO
[1.155s] writing dependency_links to player_interfaces.egg-info/dependency_links.txt
[1.156s] writing top-level names to player_interfaces.egg-info/top_level.txt
[1.163s] reading manifest file 'player_interfaces.egg-info/SOURCES.txt'
[1.164s] writing manifest file 'player_interfaces.egg-info/SOURCES.txt'
[1.221s] [100%] Built target ament_cmake_python_build_player_interfaces_egg
[1.240s] Invoked command in '/home/juanespadi/Documents/shalpy/proyecto_final_grupo_14/build/player_interfaces' returned '0': CMAKE_PREFIX_PATH=${CMAKE_PREFIX_PATH}:/home/juanespadi/Documents/shalpy/proyecto_final_grupo_14/install/proyecto_master_pkg:/home/juanespadi/Documents/shalpy/proyecto_final_grupo_14/install/final_shalpy:/opt/ros/humble /usr/bin/cmake --build /home/juanespadi/Documents/shalpy/proyecto_final_grupo_14/build/player_interfaces -- -j8 -l8
[1.437s] Invoking command in '/home/juanespadi/Documents/shalpy/proyecto_final_grupo_14/build/player_interfaces': CMAKE_PREFIX_PATH=${CMAKE_PREFIX_PATH}:/home/juanespadi/Documents/shalpy/proyecto_final_grupo_14/install/proyecto_master_pkg:/home/juanespadi/Documents/shalpy/proyecto_final_grupo_14/install/final_shalpy:/opt/ros/humble /usr/bin/cmake --install /home/juanespadi/Documents/shalpy/proyecto_final_grupo_14/build/player_interfaces
[1.451s] -- Install configuration: ""
[1.451s] -- Up-to-date: /home/juanespadi/Documents/shalpy/proyecto_final_grupo_14/install/player_interfaces/share/ament_index/resource_index/rosidl_interfaces/player_interfaces
[1.452s] -- Up-to-date: /home/juanespadi/Documents/shalpy/proyecto_final_grupo_14/install/player_interfaces/include/player_interfaces/player_interfaces
[1.452s] -- Up-to-date: /home/juanespadi/Documents/shalpy/proyecto_final_grupo_14/install/player_interfaces/include/player_interfaces/player_interfaces/msg
[1.452s] -- Up-to-date: /home/juanespadi/Documents/shalpy/proyecto_final_grupo_14/install/player_interfaces/include/player_interfaces/player_interfaces/msg/trace.h
[1.452s] -- Up-to-date: /home/juanespadi/Documents/shalpy/proyecto_final_grupo_14/install/player_interfaces/include/player_interfaces/player_interfaces/msg/rosidl_generator_c__visibility_control.h
[1.453s] -- Up-to-date: /home/juanespadi/Documents/shalpy/proyecto_final_grupo_14/install/player_interfaces/include/player_interfaces/player_interfaces/msg/detail
[1.453s] -- Up-to-date: /home/juanespadi/Documents/shalpy/proyecto_final_grupo_14/install/player_interfaces/include/player_interfaces/player_interfaces/msg/detail/trace__functions.h
[1.453s] -- Up-to-date: /home/juanespadi/Documents/shalpy/proyecto_final_grupo_14/install/player_interfaces/include/player_interfaces/player_interfaces/msg/detail/trace__type_support.h
[1.453s] -- Up-to-date: /home/juanespadi/Documents/shalpy/proyecto_final_grupo_14/install/player_interfaces/include/player_interfaces/player_interfaces/msg/detail/trace__functions.c
[1.454s] -- Up-to-date: /home/juanespadi/Documents/shalpy/proyecto_final_grupo_14/install/player_interfaces/include/player_interfaces/player_interfaces/msg/detail/trace__struct.h
[1.454s] -- Up-to-date: /home/juanespadi/Documents/shalpy/proyecto_final_grupo_14/install/player_interfaces/include/player_interfaces/player_interfaces/srv
[1.454s] -- Up-to-date: /home/juanespadi/Documents/shalpy/proyecto_final_grupo_14/install/player_interfaces/include/player_interfaces/player_interfaces/srv/player.h
[1.454s] -- Up-to-date: /home/juanespadi/Documents/shalpy/proyecto_final_grupo_14/install/player_interfaces/include/player_interfaces/player_interfaces/srv/player_hardware.h
[1.454s] -- Up-to-date: /home/juanespadi/Documents/shalpy/proyecto_final_grupo_14/install/player_interfaces/include/player_interfaces/player_interfaces/srv/detail
[1.454s] -- Up-to-date: /home/juanespadi/Documents/shalpy/proyecto_final_grupo_14/install/player_interfaces/include/player_interfaces/player_interfaces/srv/detail/player__functions.h
[1.455s] -- Up-to-date: /home/juanespadi/Documents/shalpy/proyecto_final_grupo_14/install/player_interfaces/include/player_interfaces/player_interfaces/srv/detail/player_hardware__type_support.h
[1.455s] -- Up-to-date: /home/juanespadi/Documents/shalpy/proyecto_final_grupo_14/install/player_interfaces/include/player_interfaces/player_interfaces/srv/detail/player_hardware__functions.h
[1.455s] -- Up-to-date: /home/juanespadi/Documents/shalpy/proyecto_final_grupo_14/install/player_interfaces/include/player_interfaces/player_interfaces/srv/detail/player__functions.c
[1.455s] -- Up-to-date: /home/juanespadi/Documents/shalpy/proyecto_final_grupo_14/install/player_interfaces/include/player_interfaces/player_interfaces/srv/detail/player_hardware__struct.h
[1.455s] -- Up-to-date: /home/juanespadi/Documents/shalpy/proyecto_final_grupo_14/install/player_interfaces/include/player_interfaces/player_interfaces/srv/detail/player_hardware__functions.c
[1.455s] -- Up-to-date: /home/juanespadi/Documents/shalpy/proyecto_final_grupo_14/install/player_interfaces/include/player_interfaces/player_interfaces/srv/detail/player__struct.h
[1.455s] -- Up-to-date: /home/juanespadi/Documents/shalpy/proyecto_final_grupo_14/install/player_interfaces/include/player_interfaces/player_interfaces/srv/detail/player__type_support.h
[1.455s] -- Up-to-date: /home/juanespadi/Documents/shalpy/proyecto_final_grupo_14/install/player_interfaces/share/player_interfaces/environment/library_path.sh
[1.456s] -- Up-to-date: /home/juanespadi/Documents/shalpy/proyecto_final_grupo_14/install/player_interfaces/share/player_interfaces/environment/library_path.dsv
[1.456s] -- Up-to-date: /home/juanespadi/Documents/shalpy/proyecto_final_grupo_14/install/player_interfaces/lib/libplayer_interfaces__rosidl_generator_c.so
[1.456s] -- Up-to-date: /home/juanespadi/Documents/shalpy/proyecto_final_grupo_14/install/player_interfaces/include/player_interfaces/player_interfaces
[1.456s] -- Up-to-date: /home/juanespadi/Documents/shalpy/proyecto_final_grupo_14/install/player_interfaces/include/player_interfaces/player_interfaces/msg
[1.456s] -- Up-to-date: /home/juanespadi/Documents/shalpy/proyecto_final_grupo_14/install/player_interfaces/include/player_interfaces/player_interfaces/msg/detail
[1.456s] -- Up-to-date: /home/juanespadi/Documents/shalpy/proyecto_final_grupo_14/install/player_interfaces/include/player_interfaces/player_interfaces/msg/detail/trace__rosidl_typesupport_fastrtps_c.h
[1.456s] -- Up-to-date: /home/juanespadi/Documents/shalpy/proyecto_final_grupo_14/install/player_interfaces/include/player_interfaces/player_interfaces/msg/rosidl_typesupport_fastrtps_c__visibility_control.h
[1.457s] -- Up-to-date: /home/juanespadi/Documents/shalpy/proyecto_final_grupo_14/install/player_interfaces/include/player_interfaces/player_interfaces/srv
[1.457s] -- Up-to-date: /home/juanespadi/Documents/shalpy/proyecto_final_grupo_14/install/player_interfaces/include/player_interfaces/player_interfaces/srv/detail
[1.457s] -- Up-to-date: /home/juanespadi/Documents/shalpy/proyecto_final_grupo_14/install/player_interfaces/include/player_interfaces/player_interfaces/srv/detail/player__rosidl_typesupport_fastrtps_c.h
[1.458s] -- Up-to-date: /home/juanespadi/Documents/shalpy/proyecto_final_grupo_14/install/player_interfaces/include/player_interfaces/player_interfaces/srv/detail/player_hardware__rosidl_typesupport_fastrtps_c.h
[1.458s] -- Up-to-date: /home/juanespadi/Documents/shalpy/proyecto_final_grupo_14/install/player_interfaces/lib/libplayer_interfaces__rosidl_typesupport_fastrtps_c.so
[1.458s] -- Up-to-date: /home/juanespadi/Documents/shalpy/proyecto_final_grupo_14/install/player_interfaces/include/player_interfaces/player_interfaces
[1.458s] -- Up-to-date: /home/juanespadi/Documents/shalpy/proyecto_final_grupo_14/install/player_interfaces/include/player_interfaces/player_interfaces/msg
[1.458s] -- Up-to-date: /home/juanespadi/Documents/shalpy/proyecto_final_grupo_14/install/player_interfaces/include/player_interfaces/player_interfaces/msg/trace.hpp
[1.459s] -- Up-to-date: /home/juanespadi/Documents/shalpy/proyecto_final_grupo_14/install/player_interfaces/include/player_interfaces/player_interfaces/msg/detail
[1.459s] -- Up-to-date: /home/juanespadi/Documents/shalpy/proyecto_final_grupo_14/install/player_interfaces/include/player_interfaces/player_interfaces/msg/detail/trace__builder.hpp
[1.459s] -- Up-to-date: /home/juanespadi/Documents/shalpy/proyecto_final_grupo_14/install/player_interfaces/include/player_interfaces/player_interfaces/msg/detail/trace__struct.hpp
[1.459s] -- Up-to-date: /home/juanespadi/Documents/shalpy/proyecto_final_grupo_14/install/player_interfaces/include/player_interfaces/player_interfaces/msg/detail/trace__traits.hpp
[1.459s] -- Up-to-date: /home/juanespadi/Documents/shalpy/proyecto_final_grupo_14/install/player_interfaces/include/player_interfaces/player_interfaces/srv
[1.460s] -- Up-to-date: /home/juanespadi/Documents/shalpy/proyecto_final_grupo_14/install/player_interfaces/include/player_interfaces/player_interfaces/srv/player_hardware.hpp
[1.460s] -- Up-to-date: /home/juanespadi/Documents/shalpy/proyecto_final_grupo_14/install/player_interfaces/include/player_interfaces/player_interfaces/srv/player.hpp
[1.460s] -- Up-to-date: /home/juanespadi/Documents/shalpy/proyecto_final_grupo_14/install/player_interfaces/include/player_interfaces/player_interfaces/srv/detail
[1.460s] -- Up-to-date: /home/juanespadi/Documents/shalpy/proyecto_final_grupo_14/install/player_interfaces/include/player_interfaces/player_interfaces/srv/detail/player__traits.hpp
[1.460s] -- Up-to-date: /home/juanespadi/Documents/shalpy/proyecto_final_grupo_14/install/player_interfaces/include/player_interfaces/player_interfaces/srv/detail/player__struct.hpp
[1.461s] -- Up-to-date: /home/juanespadi/Documents/shalpy/proyecto_final_grupo_14/install/player_interfaces/include/player_interfaces/player_interfaces/srv/detail/player_hardware__builder.hpp
[1.461s] -- Up-to-date: /home/juanespadi/Documents/shalpy/proyecto_final_grupo_14/install/player_interfaces/include/player_interfaces/player_interfaces/srv/detail/player_hardware__traits.hpp
[1.461s] -- Up-to-date: /home/juanespadi/Documents/shalpy/proyecto_final_grupo_14/install/player_interfaces/include/player_interfaces/player_interfaces/srv/detail/player_hardware__struct.hpp
[1.461s] -- Up-to-date: /home/juanespadi/Documents/shalpy/proyecto_final_grupo_14/install/player_interfaces/include/player_interfaces/player_interfaces/srv/detail/player__builder.hpp
[1.462s] -- Up-to-date: /home/juanespadi/Documents/shalpy/proyecto_final_grupo_14/install/player_interfaces/include/player_interfaces/player_interfaces
[1.462s] -- Up-to-date: /home/juanespadi/Documents/shalpy/proyecto_final_grupo_14/install/player_interfaces/include/player_interfaces/player_interfaces/msg
[1.462s] -- Up-to-date: /home/juanespadi/Documents/shalpy/proyecto_final_grupo_14/install/player_interfaces/include/player_interfaces/player_interfaces/msg/rosidl_typesupport_fastrtps_cpp__visibility_control.h
[1.463s] -- Up-to-date: /home/juanespadi/Documents/shalpy/proyecto_final_grupo_14/install/player_interfaces/include/player_interfaces/player_interfaces/msg/detail
[1.465s] -- Up-to-date: /home/juanespadi/Documents/shalpy/proyecto_final_grupo_14/install/player_interfaces/include/player_interfaces/player_interfaces/msg/detail/trace__rosidl_typesupport_fastrtps_cpp.hpp
[1.465s] -- Up-to-date: /home/juanespadi/Documents/shalpy/proyecto_final_grupo_14/install/player_interfaces/include/player_interfaces/player_interfaces/msg/detail/dds_fastrtps
[1.465s] -- Up-to-date: /home/juanespadi/Documents/shalpy/proyecto_final_grupo_14/install/player_interfaces/include/player_interfaces/player_interfaces/srv
[1.466s] -- Up-to-date: /home/juanespadi/Documents/shalpy/proyecto_final_grupo_14/install/player_interfaces/include/player_interfaces/player_interfaces/srv/detail
[1.466s] -- Up-to-date: /home/juanespadi/Documents/shalpy/proyecto_final_grupo_14/install/player_interfaces/include/player_interfaces/player_interfaces/srv/detail/player_hardware__rosidl_typesupport_fastrtps_cpp.hpp
[1.466s] -- Up-to-date: /home/juanespadi/Documents/shalpy/proyecto_final_grupo_14/install/player_interfaces/include/player_interfaces/player_interfaces/srv/detail/dds_fastrtps
[1.466s] -- Up-to-date: /home/juanespadi/Documents/shalpy/proyecto_final_grupo_14/install/player_interfaces/include/player_interfaces/player_interfaces/srv/detail/player__rosidl_typesupport_fastrtps_cpp.hpp
[1.466s] -- Up-to-date: /home/juanespadi/Documents/shalpy/proyecto_final_grupo_14/install/player_interfaces/lib/libplayer_interfaces__rosidl_typesupport_fastrtps_cpp.so
[1.467s] -- Up-to-date: /home/juanespadi/Documents/shalpy/proyecto_final_grupo_14/install/player_interfaces/include/player_interfaces/player_interfaces
[1.467s] -- Up-to-date: /home/juanespadi/Documents/shalpy/proyecto_final_grupo_14/install/player_interfaces/include/player_interfaces/player_interfaces/msg
[1.468s] -- Up-to-date: /home/juanespadi/Documents/shalpy/proyecto_final_grupo_14/install/player_interfaces/include/player_interfaces/player_interfaces/msg/detail
[1.468s] -- Up-to-date: /home/juanespadi/Documents/shalpy/proyecto_final_grupo_14/install/player_interfaces/include/player_interfaces/player_interfaces/msg/detail/trace__type_support.c
[1.469s] -- Up-to-date: /home/juanespadi/Documents/shalpy/proyecto_final_grupo_14/install/player_interfaces/include/player_interfaces/player_interfaces/msg/detail/trace__rosidl_typesupport_introspection_c.h
[1.469s] -- Up-to-date: /home/juanespadi/Documents/shalpy/proyecto_final_grupo_14/install/player_interfaces/include/player_interfaces/player_interfaces/msg/rosidl_typesupport_introspection_c__visibility_control.h
[1.469s] -- Up-to-date: /home/juanespadi/Documents/shalpy/proyecto_final_grupo_14/install/player_interfaces/include/player_interfaces/player_interfaces/srv
[1.470s] -- Up-to-date: /home/juanespadi/Documents/shalpy/proyecto_final_grupo_14/install/player_interfaces/include/player_interfaces/player_interfaces/srv/detail
[1.470s] -- Up-to-date: /home/juanespadi/Documents/shalpy/proyecto_final_grupo_14/install/player_interfaces/include/player_interfaces/player_interfaces/srv/detail/player_hardware__type_support.c
[1.470s] -- Up-to-date: /home/juanespadi/Documents/shalpy/proyecto_final_grupo_14/install/player_interfaces/include/player_interfaces/player_interfaces/srv/detail/player__rosidl_typesupport_introspection_c.h
[1.470s] -- Up-to-date: /home/juanespadi/Documents/shalpy/proyecto_final_grupo_14/install/player_interfaces/include/player_interfaces/player_interfaces/srv/detail/player__type_support.c
[1.470s] -- Up-to-date: /home/juanespadi/Documents/shalpy/proyecto_final_grupo_14/install/player_interfaces/include/player_interfaces/player_interfaces/srv/detail/player_hardware__rosidl_typesupport_introspection_c.h
[1.470s] -- Up-to-date: /home/juanespadi/Documents/shalpy/proyecto_final_grupo_14/install/player_interfaces/lib/libplayer_interfaces__rosidl_typesupport_introspection_c.so
[1.471s] -- Up-to-date: /home/juanespadi/Documents/shalpy/proyecto_final_grupo_14/install/player_interfaces/lib/libplayer_interfaces__rosidl_typesupport_c.so
[1.471s] -- Up-to-date: /home/juanespadi/Documents/shalpy/proyecto_final_grupo_14/install/player_interfaces/include/player_interfaces/player_interfaces
[1.471s] -- Up-to-date: /home/juanespadi/Documents/shalpy/proyecto_final_grupo_14/install/player_interfaces/include/player_interfaces/player_interfaces/msg
[1.471s] -- Up-to-date: /home/juanespadi/Documents/shalpy/proyecto_final_grupo_14/install/player_interfaces/include/player_interfaces/player_interfaces/msg/detail
[1.472s] -- Up-to-date: /home/juanespadi/Documents/shalpy/proyecto_final_grupo_14/install/player_interfaces/include/player_interfaces/player_interfaces/msg/detail/trace__type_support.cpp
[1.472s] -- Up-to-date: /home/juanespadi/Documents/shalpy/proyecto_final_grupo_14/install/player_interfaces/include/player_interfaces/player_interfaces/msg/detail/trace__rosidl_typesupport_introspection_cpp.hpp
[1.472s] -- Up-to-date: /home/juanespadi/Documents/shalpy/proyecto_final_grupo_14/install/player_interfaces/include/player_interfaces/player_interfaces/srv
[1.472s] -- Up-to-date: /home/juanespadi/Documents/shalpy/proyecto_final_grupo_14/install/player_interfaces/include/player_interfaces/player_interfaces/srv/detail
[1.472s] -- Up-to-date: /home/juanespadi/Documents/shalpy/proyecto_final_grupo_14/install/player_interfaces/include/player_interfaces/player_interfaces/srv/detail/player__type_support.cpp
[1.472s] -- Up-to-date: /home/juanespadi/Documents/shalpy/proyecto_final_grupo_14/install/player_interfaces/include/player_interfaces/player_interfaces/srv/detail/player__rosidl_typesupport_introspection_cpp.hpp
[1.472s] -- Up-to-date: /home/juanespadi/Documents/shalpy/proyecto_final_grupo_14/install/player_interfaces/include/player_interfaces/player_interfaces/srv/detail/player_hardware__rosidl_typesupport_introspection_cpp.hpp
[1.473s] -- Up-to-date: /home/juanespadi/Documents/shalpy/proyecto_final_grupo_14/install/player_interfaces/include/player_interfaces/player_interfaces/srv/detail/player_hardware__type_support.cpp
[1.473s] -- Up-to-date: /home/juanespadi/Documents/shalpy/proyecto_final_grupo_14/install/player_interfaces/lib/libplayer_interfaces__rosidl_typesupport_introspection_cpp.so
[1.473s] -- Up-to-date: /home/juanespadi/Documents/shalpy/proyecto_final_grupo_14/install/player_interfaces/lib/libplayer_interfaces__rosidl_typesupport_cpp.so
[1.473s] -- Up-to-date: /home/juanespadi/Documents/shalpy/proyecto_final_grupo_14/install/player_interfaces/share/player_interfaces/environment/pythonpath.sh
[1.473s] -- Up-to-date: /home/juanespadi/Documents/shalpy/proyecto_final_grupo_14/install/player_interfaces/share/player_interfaces/environment/pythonpath.dsv
[1.473s] -- Up-to-date: /home/juanespadi/Documents/shalpy/proyecto_final_grupo_14/install/player_interfaces/local/lib/python3.10/dist-packages/player_interfaces-0.0.0-py3.10.egg-info
[1.473s] -- Installing: /home/juanespadi/Documents/shalpy/proyecto_final_grupo_14/install/player_interfaces/local/lib/python3.10/dist-packages/player_interfaces-0.0.0-py3.10.egg-info/SOURCES.txt
[1.474s] -- Installing: /home/juanespadi/Documents/shalpy/proyecto_final_grupo_14/install/player_interfaces/local/lib/python3.10/dist-packages/player_interfaces-0.0.0-py3.10.egg-info/dependency_links.txt
[1.474s] -- Installing: /home/juanespadi/Documents/shalpy/proyecto_final_grupo_14/install/player_interfaces/local/lib/python3.10/dist-packages/player_interfaces-0.0.0-py3.10.egg-info/top_level.txt
[1.474s] -- Installing: /home/juanespadi/Documents/shalpy/proyecto_final_grupo_14/install/player_interfaces/local/lib/python3.10/dist-packages/player_interfaces-0.0.0-py3.10.egg-info/PKG-INFO
[1.474s] -- Up-to-date: /home/juanespadi/Documents/shalpy/proyecto_final_grupo_14/install/player_interfaces/local/lib/python3.10/dist-packages/player_interfaces
[1.474s] -- Up-to-date: /home/juanespadi/Documents/shalpy/proyecto_final_grupo_14/install/player_interfaces/local/lib/python3.10/dist-packages/player_interfaces/player_interfaces_s__rosidl_typesupport_fastrtps_c.cpython-310-x86_64-linux-gnu.so
[1.474s] -- Up-to-date: /home/juanespadi/Documents/shalpy/proyecto_final_grupo_14/install/player_interfaces/local/lib/python3.10/dist-packages/player_interfaces/msg
[1.474s] -- Up-to-date: /home/juanespadi/Documents/shalpy/proyecto_final_grupo_14/install/player_interfaces/local/lib/python3.10/dist-packages/player_interfaces/msg/_trace.py
[1.475s] -- Up-to-date: /home/juanespadi/Documents/shalpy/proyecto_final_grupo_14/install/player_interfaces/local/lib/python3.10/dist-packages/player_interfaces/msg/__init__.py
[1.475s] -- Up-to-date: /home/juanespadi/Documents/shalpy/proyecto_final_grupo_14/install/player_interfaces/local/lib/python3.10/dist-packages/player_interfaces/msg/_trace_s.c
[1.475s] -- Up-to-date: /home/juanespadi/Documents/shalpy/proyecto_final_grupo_14/install/player_interfaces/local/lib/python3.10/dist-packages/player_interfaces/_player_interfaces_s.ep.rosidl_typesupport_fastrtps_c.c
[1.475s] -- Up-to-date: /home/juanespadi/Documents/shalpy/proyecto_final_grupo_14/install/player_interfaces/local/lib/python3.10/dist-packages/player_interfaces/player_interfaces_s__rosidl_typesupport_introspection_c.cpython-310-x86_64-linux-gnu.so
[1.475s] -- Up-to-date: /home/juanespadi/Documents/shalpy/proyecto_final_grupo_14/install/player_interfaces/local/lib/python3.10/dist-packages/player_interfaces/_player_interfaces_s.ep.rosidl_typesupport_introspection_c.c
[1.475s] -- Up-to-date: /home/juanespadi/Documents/shalpy/proyecto_final_grupo_14/install/player_interfaces/local/lib/python3.10/dist-packages/player_interfaces/libplayer_interfaces__rosidl_generator_py.so
[1.475s] -- Up-to-date: /home/juanespadi/Documents/shalpy/proyecto_final_grupo_14/install/player_interfaces/local/lib/python3.10/dist-packages/player_interfaces/player_interfaces_s__rosidl_typesupport_c.cpython-310-x86_64-linux-gnu.so
[1.476s] -- Up-to-date: /home/juanespadi/Documents/shalpy/proyecto_final_grupo_14/install/player_interfaces/local/lib/python3.10/dist-packages/player_interfaces/__init__.py
[1.476s] -- Up-to-date: /home/juanespadi/Documents/shalpy/proyecto_final_grupo_14/install/player_interfaces/local/lib/python3.10/dist-packages/player_interfaces/_player_interfaces_s.ep.rosidl_typesupport_c.c
[1.476s] -- Up-to-date: /home/juanespadi/Documents/shalpy/proyecto_final_grupo_14/install/player_interfaces/local/lib/python3.10/dist-packages/player_interfaces/srv
[1.476s] -- Up-to-date: /home/juanespadi/Documents/shalpy/proyecto_final_grupo_14/install/player_interfaces/local/lib/python3.10/dist-packages/player_interfaces/srv/_player_s.c
[1.476s] -- Up-to-date: /home/juanespadi/Documents/shalpy/proyecto_final_grupo_14/install/player_interfaces/local/lib/python3.10/dist-packages/player_interfaces/srv/__init__.py
[1.476s] -- Up-to-date: /home/juanespadi/Documents/shalpy/proyecto_final_grupo_14/install/player_interfaces/local/lib/python3.10/dist-packages/player_interfaces/srv/_player_hardware.py
[1.476s] -- Up-to-date: /home/juanespadi/Documents/shalpy/proyecto_final_grupo_14/install/player_interfaces/local/lib/python3.10/dist-packages/player_interfaces/srv/_player.py
[1.476s] -- Up-to-date: /home/juanespadi/Documents/shalpy/proyecto_final_grupo_14/install/player_interfaces/local/lib/python3.10/dist-packages/player_interfaces/srv/_player_hardware_s.c
[1.532s] Listing '/home/juanespadi/Documents/shalpy/proyecto_final_grupo_14/install/player_interfaces/local/lib/python3.10/dist-packages/player_interfaces'...
[1.532s] Listing '/home/juanespadi/Documents/shalpy/proyecto_final_grupo_14/install/player_interfaces/local/lib/python3.10/dist-packages/player_interfaces/msg'...
[1.532s] Listing '/home/juanespadi/Documents/shalpy/proyecto_final_grupo_14/install/player_interfaces/local/lib/python3.10/dist-packages/player_interfaces/srv'...
[1.537s] -- Up-to-date: /home/juanespadi/Documents/shalpy/proyecto_final_grupo_14/install/player_interfaces/local/lib/python3.10/dist-packages/player_interfaces/player_interfaces_s__rosidl_typesupport_fastrtps_c.cpython-310-x86_64-linux-gnu.so
[1.541s] -- Up-to-date: /home/juanespadi/Documents/shalpy/proyecto_final_grupo_14/install/player_interfaces/local/lib/python3.10/dist-packages/player_interfaces/player_interfaces_s__rosidl_typesupport_introspection_c.cpython-310-x86_64-linux-gnu.so
[1.546s] -- Up-to-date: /home/juanespadi/Documents/shalpy/proyecto_final_grupo_14/install/player_interfaces/local/lib/python3.10/dist-packages/player_interfaces/player_interfaces_s__rosidl_typesupport_c.cpython-310-x86_64-linux-gnu.so
[1.546s] -- Up-to-date: /home/juanespadi/Documents/shalpy/proyecto_final_grupo_14/install/player_interfaces/lib/libplayer_interfaces__rosidl_generator_py.so
[1.546s] -- Up-to-date: /home/juanespadi/Documents/shalpy/proyecto_final_grupo_14/install/player_interfaces/share/player_interfaces/srv/Player.idl
[1.546s] -- Up-to-date: /home/juanespadi/Documents/shalpy/proyecto_final_grupo_14/install/player_interfaces/share/player_interfaces/srv/PlayerHardware.idl
[1.547s] -- Up-to-date: /home/juanespadi/Documents/shalpy/proyecto_final_grupo_14/install/player_interfaces/share/player_interfaces/msg/Trace.idl
[1.547s] -- Up-to-date: /home/juanespadi/Documents/shalpy/proyecto_final_grupo_14/install/player_interfaces/share/player_interfaces/srv/Player.srv
[1.554s] -- Up-to-date: /home/juanespadi/Documents/shalpy/proyecto_final_grupo_14/install/player_interfaces/share/player_interfaces/srv/Player_Request.msg
[1.555s] -- Up-to-date: /home/juanespadi/Documents/shalpy/proyecto_final_grupo_14/install/player_interfaces/share/player_interfaces/srv/Player_Response.msg
[1.555s] -- Up-to-date: /home/juanespadi/Documents/shalpy/proyecto_final_grupo_14/install/player_interfaces/share/player_interfaces/srv/PlayerHardware.srv
[1.555s] -- Up-to-date: /home/juanespadi/Documents/shalpy/proyecto_final_grupo_14/install/player_interfaces/share/player_interfaces/srv/PlayerHardware_Request.msg
[1.555s] -- Up-to-date: /home/juanespadi/Documents/shalpy/proyecto_final_grupo_14/install/player_interfaces/share/player_interfaces/srv/PlayerHardware_Response.msg
[1.555s] -- Up-to-date: /home/juanespadi/Documents/shalpy/proyecto_final_grupo_14/install/player_interfaces/share/player_interfaces/msg/Trace.msg
[1.556s] -- Up-to-date: /home/juanespadi/Documents/shalpy/proyecto_final_grupo_14/install/player_interfaces/share/ament_index/resource_index/package_run_dependencies/player_interfaces
[1.557s] -- Up-to-date: /home/juanespadi/Documents/shalpy/proyecto_final_grupo_14/install/player_interfaces/share/ament_index/resource_index/parent_prefix_path/player_interfaces
[1.558s] -- Up-to-date: /home/juanespadi/Documents/shalpy/proyecto_final_grupo_14/install/player_interfaces/share/player_interfaces/environment/ament_prefix_path.sh
[1.558s] -- Up-to-date: /home/juanespadi/Documents/shalpy/proyecto_final_grupo_14/install/player_interfaces/share/player_interfaces/environment/ament_prefix_path.dsv
[1.558s] -- Up-to-date: /home/juanespadi/Documents/shalpy/proyecto_final_grupo_14/install/player_interfaces/share/player_interfaces/environment/path.sh
[1.558s] -- Up-to-date: /home/juanespadi/Documents/shalpy/proyecto_final_grupo_14/install/player_interfaces/share/player_interfaces/environment/path.dsv
[1.560s] -- Up-to-date: /home/juanespadi/Documents/shalpy/proyecto_final_grupo_14/install/player_interfaces/share/player_interfaces/local_setup.bash
[1.560s] -- Up-to-date: /home/juanespadi/Documents/shalpy/proyecto_final_grupo_14/install/player_interfaces/share/player_interfaces/local_setup.sh
[1.560s] -- Up-to-date: /home/juanespadi/Documents/shalpy/proyecto_final_grupo_14/install/player_interfaces/share/player_interfaces/local_setup.zsh
[1.560s] -- Up-to-date: /home/juanespadi/Documents/shalpy/proyecto_final_grupo_14/install/player_interfaces/share/player_interfaces/local_setup.dsv
[1.561s] -- Installing: /home/juanespadi/Documents/shalpy/proyecto_final_grupo_14/install/player_interfaces/share/player_interfaces/package.dsv
[1.571s] -- Up-to-date: /home/juanespadi/Documents/shalpy/proyecto_final_grupo_14/install/player_interfaces/share/ament_index/resource_index/packages/player_interfaces
[1.571s] -- Up-to-date: /home/juanespadi/Documents/shalpy/proyecto_final_grupo_14/install/player_interfaces/share/player_interfaces/cmake/export_player_interfaces__rosidl_generator_cExport.cmake
[1.571s] -- Up-to-date: /home/juanespadi/Documents/shalpy/proyecto_final_grupo_14/install/player_interfaces/share/player_interfaces/cmake/export_player_interfaces__rosidl_generator_cExport-noconfig.cmake
[1.571s] -- Up-to-date: /home/juanespadi/Documents/shalpy/proyecto_final_grupo_14/install/player_interfaces/share/player_interfaces/cmake/export_player_interfaces__rosidl_typesupport_fastrtps_cExport.cmake
[1.571s] -- Up-to-date: /home/juanespadi/Documents/shalpy/proyecto_final_grupo_14/install/player_interfaces/share/player_interfaces/cmake/export_player_interfaces__rosidl_typesupport_fastrtps_cExport-noconfig.cmake
[1.571s] -- Up-to-date: /home/juanespadi/Documents/shalpy/proyecto_final_grupo_14/install/player_interfaces/share/player_interfaces/cmake/export_player_interfaces__rosidl_generator_cppExport.cmake
[1.572s] -- Up-to-date: /home/juanespadi/Documents/shalpy/proyecto_final_grupo_14/install/player_interfaces/share/player_interfaces/cmake/export_player_interfaces__rosidl_typesupport_fastrtps_cppExport.cmake
[1.572s] -- Up-to-date: /home/juanespadi/Documents/shalpy/proyecto_final_grupo_14/install/player_interfaces/share/player_interfaces/cmake/export_player_interfaces__rosidl_typesupport_fastrtps_cppExport-noconfig.cmake
[1.572s] -- Up-to-date: /home/juanespadi/Documents/shalpy/proyecto_final_grupo_14/install/player_interfaces/share/player_interfaces/cmake/player_interfaces__rosidl_typesupport_introspection_cExport.cmake
[1.572s] -- Up-to-date: /home/juanespadi/Documents/shalpy/proyecto_final_grupo_14/install/player_interfaces/share/player_interfaces/cmake/player_interfaces__rosidl_typesupport_introspection_cExport-noconfig.cmake
[1.572s] -- Up-to-date: /home/juanespadi/Documents/shalpy/proyecto_final_grupo_14/install/player_interfaces/share/player_interfaces/cmake/player_interfaces__rosidl_typesupport_cExport.cmake
[1.572s] -- Up-to-date: /home/juanespadi/Documents/shalpy/proyecto_final_grupo_14/install/player_interfaces/share/player_interfaces/cmake/player_interfaces__rosidl_typesupport_cExport-noconfig.cmake
[1.572s] -- Up-to-date: /home/juanespadi/Documents/shalpy/proyecto_final_grupo_14/install/player_interfaces/share/player_interfaces/cmake/player_interfaces__rosidl_typesupport_introspection_cppExport.cmake
[1.572s] -- Up-to-date: /home/juanespadi/Documents/shalpy/proyecto_final_grupo_14/install/player_interfaces/share/player_interfaces/cmake/player_interfaces__rosidl_typesupport_introspection_cppExport-noconfig.cmake
[1.573s] -- Up-to-date: /home/juanespadi/Documents/shalpy/proyecto_final_grupo_14/install/player_interfaces/share/player_interfaces/cmake/player_interfaces__rosidl_typesupport_cppExport.cmake
[1.573s] -- Up-to-date: /home/juanespadi/Documents/shalpy/proyecto_final_grupo_14/install/player_interfaces/share/player_interfaces/cmake/player_interfaces__rosidl_typesupport_cppExport-noconfig.cmake
[1.573s] -- Up-to-date: /home/juanespadi/Documents/shalpy/proyecto_final_grupo_14/install/player_interfaces/share/player_interfaces/cmake/export_player_interfaces__rosidl_generator_pyExport.cmake
[1.573s] -- Up-to-date: /home/juanespadi/Documents/shalpy/proyecto_final_grupo_14/install/player_interfaces/share/player_interfaces/cmake/export_player_interfaces__rosidl_generator_pyExport-noconfig.cmake
[1.573s] -- Up-to-date: /home/juanespadi/Documents/shalpy/proyecto_final_grupo_14/install/player_interfaces/share/player_interfaces/cmake/rosidl_cmake-extras.cmake
[1.573s] -- Up-to-date: /home/juanespadi/Documents/shalpy/proyecto_final_grupo_14/install/player_interfaces/share/player_interfaces/cmake/ament_cmake_export_dependencies-extras.cmake
[1.573s] -- Up-to-date: /home/juanespadi/Documents/shalpy/proyecto_final_grupo_14/install/player_interfaces/share/player_interfaces/cmake/ament_cmake_export_include_directories-extras.cmake
[1.573s] -- Up-to-date: /home/juanespadi/Documents/shalpy/proyecto_final_grupo_14/install/player_interfaces/share/player_interfaces/cmake/ament_cmake_export_libraries-extras.cmake
[1.574s] -- Up-to-date: /home/juanespadi/Documents/shalpy/proyecto_final_grupo_14/install/player_interfaces/share/player_interfaces/cmake/ament_cmake_export_targets-extras.cmake
[1.574s] -- Up-to-date: /home/juanespadi/Documents/shalpy/proyecto_final_grupo_14/install/player_interfaces/share/player_interfaces/cmake/rosidl_cmake_export_typesupport_targets-extras.cmake
[1.574s] -- Up-to-date: /home/juanespadi/Documents/shalpy/proyecto_final_grupo_14/install/player_interfaces/share/player_interfaces/cmake/rosidl_cmake_export_typesupport_libraries-extras.cmake
[1.574s] -- Up-to-date: /home/juanespadi/Documents/shalpy/proyecto_final_grupo_14/install/player_interfaces/share/player_interfaces/cmake/player_interfacesConfig.cmake
[1.574s] -- Up-to-date: /home/juanespadi/Documents/shalpy/proyecto_final_grupo_14/install/player_interfaces/share/player_interfaces/cmake/player_interfacesConfig-version.cmake
[1.574s] -- Up-to-date: /home/juanespadi/Documents/shalpy/proyecto_final_grupo_14/install/player_interfaces/share/player_interfaces/package.xml
[1.574s] Invoked command in '/home/juanespadi/Documents/shalpy/proyecto_final_grupo_14/build/player_interfaces' returned '0': CMAKE_PREFIX_PATH=${CMAKE_PREFIX_PATH}:/home/juanespadi/Documents/shalpy/proyecto_final_grupo_14/install/proyecto_master_pkg:/home/juanespadi/Documents/shalpy/proyecto_final_grupo_14/install/final_shalpy:/opt/ros/humble /usr/bin/cmake --install /home/juanespadi/Documents/shalpy/proyecto_final_grupo_14/build/player_interfaces
