[2.735s] Invoking command in '/home/ubuntu/Documents/shalpy/camera_ws/src/cameraraspy': PYTHONPATH=/home/ubuntu/Documents/shalpy/camera_ws/build/cameraraspy/prefix_override:/home/ubuntu/Documents/shalpy/camera_ws/install/cameraraspy/lib/python3.10/site-packages:${PYTHONPATH} /usr/bin/python3 setup.py egg_info --egg-base ../../build/cameraraspy build --build-base /home/ubuntu/Documents/shalpy/camera_ws/build/cameraraspy/build install --record /home/ubuntu/Documents/shalpy/camera_ws/build/cameraraspy/install.log --single-version-externally-managed
[3.741s] running egg_info
[3.743s] writing ../../build/cameraraspy/cameraraspy.egg-info/PKG-INFO
[3.744s] writing dependency_links to ../../build/cameraraspy/cameraraspy.egg-info/dependency_links.txt
[3.745s] writing entry points to ../../build/cameraraspy/cameraraspy.egg-info/entry_points.txt
[3.746s] writing requirements to ../../build/cameraraspy/cameraraspy.egg-info/requires.txt
[3.747s] writing top-level names to ../../build/cameraraspy/cameraraspy.egg-info/top_level.txt
[3.755s] reading manifest file '../../build/cameraraspy/cameraraspy.egg-info/SOURCES.txt'
[3.759s] writing manifest file '../../build/cameraraspy/cameraraspy.egg-info/SOURCES.txt'
[3.760s] running build
[3.760s] running build_py
[3.761s] copying cameraraspy/sent_image.py -> /home/ubuntu/Documents/shalpy/camera_ws/build/cameraraspy/build/lib/cameraraspy
[3.763s] running install
[3.764s] /usr/lib/python3/dist-packages/setuptools/command/install.py:34: SetuptoolsDeprecationWarning: setup.py install is deprecated. Use build and pip and other standards-based tools.
[3.764s]   warnings.warn(
[3.765s] running install_lib
[3.769s] copying /home/ubuntu/Documents/shalpy/camera_ws/build/cameraraspy/build/lib/cameraraspy/sent_image.py -> /home/ubuntu/Documents/shalpy/camera_ws/install/cameraraspy/lib/python3.10/site-packages/cameraraspy
[3.772s] byte-compiling /home/ubuntu/Documents/shalpy/camera_ws/install/cameraraspy/lib/python3.10/site-packages/cameraraspy/sent_image.py to sent_image.cpython-310.pyc
[3.776s] running install_data
[3.778s] running install_egg_info
[3.784s] removing '/home/ubuntu/Documents/shalpy/camera_ws/install/cameraraspy/lib/python3.10/site-packages/cameraraspy-0.0.0-py3.10.egg-info' (and everything under it)
[3.786s] Copying ../../build/cameraraspy/cameraraspy.egg-info to /home/ubuntu/Documents/shalpy/camera_ws/install/cameraraspy/lib/python3.10/site-packages/cameraraspy-0.0.0-py3.10.egg-info
[3.792s] running install_scripts
[3.877s] Installing rec_image script to /home/ubuntu/Documents/shalpy/camera_ws/install/cameraraspy/lib/cameraraspy
[3.878s] Installing sent_image script to /home/ubuntu/Documents/shalpy/camera_ws/install/cameraraspy/lib/cameraraspy
[3.879s] writing list of installed files to '/home/ubuntu/Documents/shalpy/camera_ws/build/cameraraspy/install.log'
[3.995s] Invoked command in '/home/ubuntu/Documents/shalpy/camera_ws/src/cameraraspy' returned '0': PYTHONPATH=/home/ubuntu/Documents/shalpy/camera_ws/build/cameraraspy/prefix_override:/home/ubuntu/Documents/shalpy/camera_ws/install/cameraraspy/lib/python3.10/site-packages:${PYTHONPATH} /usr/bin/python3 setup.py egg_info --egg-base ../../build/cameraraspy build --build-base /home/ubuntu/Documents/shalpy/camera_ws/build/cameraraspy/build install --record /home/ubuntu/Documents/shalpy/camera_ws/build/cameraraspy/install.log --single-version-externally-managed
