[0.368s] DEBUG:colcon:Command line arguments: ['/usr/bin/colcon', 'build']
[0.368s] DEBUG:colcon:Parsed command line arguments: Namespace(log_base=None, log_level=None, verb_name='build', build_base='build', install_base='install', merge_install=False, symlink_install=False, test_result_base=None, continue_on_error=False, executor='parallel', parallel_workers=8, event_handlers=None, ignore_user_meta=False, metas=['./colcon.meta'], base_paths=['.'], packages_ignore=None, packages_ignore_regex=None, paths=None, packages_up_to=None, packages_up_to_regex=None, packages_above=None, packages_above_and_dependencies=None, packages_above_depth=None, packages_select_by_dep=None, packages_skip_by_dep=None, packages_skip_up_to=None, packages_select_build_failed=False, packages_skip_build_finished=False, packages_select_test_failures=False, packages_skip_test_passed=False, packages_select=None, packages_skip=None, packages_select_regex=None, packages_skip_regex=None, packages_start=None, packages_end=None, allow_overriding=[], cmake_args=None, cmake_target=None, cmake_target_skip_unavailable=False, cmake_clean_cache=False, cmake_clean_first=False, cmake_force_configure=False, ament_cmake_args=None, catkin_cmake_args=None, catkin_skip_building_tests=False, verb_parser=<colcon_defaults.argument_parser.defaults.DefaultArgumentsDecorator object at 0x7fe488a1e9b0>, verb_extension=<colcon_core.verb.build.BuildVerb object at 0x7fe488c74ee0>, main=<bound method BuildVerb.main of <colcon_core.verb.build.BuildVerb object at 0x7fe488c74ee0>>)
[0.393s] Level 1:colcon.colcon_core.package_discovery:discover_packages(colcon_meta) check parameters
[0.393s] Level 1:colcon.colcon_core.package_discovery:discover_packages(recursive) check parameters
[0.393s] Level 1:colcon.colcon_core.package_discovery:discover_packages(ignore) check parameters
[0.393s] Level 1:colcon.colcon_core.package_discovery:discover_packages(path) check parameters
[0.393s] Level 1:colcon.colcon_core.package_discovery:discover_packages(colcon_meta) discover
[0.393s] Level 1:colcon.colcon_core.package_discovery:discover_packages(recursive) discover
[0.393s] INFO:colcon.colcon_core.package_discovery:Crawling recursively for packages in '/home/juanespadi/Documents/shalpy/proyecto_final_grupo_14'
[0.393s] Level 1:colcon.colcon_core.package_identification:_identify(.) by extensions ['ignore', 'ignore_ament_install']
[0.394s] Level 1:colcon.colcon_core.package_identification:_identify(.) by extension 'ignore'
[0.394s] Level 1:colcon.colcon_core.package_identification:_identify(.) by extension 'ignore_ament_install'
[0.394s] Level 1:colcon.colcon_core.package_identification:_identify(.) by extensions ['colcon_pkg']
[0.394s] Level 1:colcon.colcon_core.package_identification:_identify(.) by extension 'colcon_pkg'
[0.394s] Level 1:colcon.colcon_core.package_identification:_identify(.) by extensions ['colcon_meta']
[0.394s] Level 1:colcon.colcon_core.package_identification:_identify(.) by extension 'colcon_meta'
[0.394s] Level 1:colcon.colcon_core.package_identification:_identify(.) by extensions ['ros']
[0.394s] Level 1:colcon.colcon_core.package_identification:_identify(.) by extension 'ros'
[0.405s] Level 1:colcon.colcon_core.package_identification:_identify(.) by extensions ['cmake', 'python']
[0.405s] Level 1:colcon.colcon_core.package_identification:_identify(.) by extension 'cmake'
[0.405s] Level 1:colcon.colcon_core.package_identification:_identify(.) by extension 'python'
[0.406s] Level 1:colcon.colcon_core.package_identification:_identify(.) by extensions ['python_setup_py']
[0.406s] Level 1:colcon.colcon_core.package_identification:_identify(.) by extension 'python_setup_py'
[0.406s] Level 1:colcon.colcon_core.package_identification:_identify(build) by extensions ['ignore', 'ignore_ament_install']
[0.406s] Level 1:colcon.colcon_core.package_identification:_identify(build) by extension 'ignore'
[0.406s] Level 1:colcon.colcon_core.package_identification:_identify(build) ignored
[0.406s] Level 1:colcon.colcon_core.package_identification:_identify(docs) by extensions ['ignore', 'ignore_ament_install']
[0.406s] Level 1:colcon.colcon_core.package_identification:_identify(docs) by extension 'ignore'
[0.406s] Level 1:colcon.colcon_core.package_identification:_identify(docs) by extension 'ignore_ament_install'
[0.406s] Level 1:colcon.colcon_core.package_identification:_identify(docs) by extensions ['colcon_pkg']
[0.406s] Level 1:colcon.colcon_core.package_identification:_identify(docs) by extension 'colcon_pkg'
[0.406s] Level 1:colcon.colcon_core.package_identification:_identify(docs) by extensions ['colcon_meta']
[0.406s] Level 1:colcon.colcon_core.package_identification:_identify(docs) by extension 'colcon_meta'
[0.406s] Level 1:colcon.colcon_core.package_identification:_identify(docs) by extensions ['ros']
[0.406s] Level 1:colcon.colcon_core.package_identification:_identify(docs) by extension 'ros'
[0.406s] Level 1:colcon.colcon_core.package_identification:_identify(docs) by extensions ['cmake', 'python']
[0.406s] Level 1:colcon.colcon_core.package_identification:_identify(docs) by extension 'cmake'
[0.406s] Level 1:colcon.colcon_core.package_identification:_identify(docs) by extension 'python'
[0.407s] Level 1:colcon.colcon_core.package_identification:_identify(docs) by extensions ['python_setup_py']
[0.407s] Level 1:colcon.colcon_core.package_identification:_identify(docs) by extension 'python_setup_py'
[0.407s] Level 1:colcon.colcon_core.package_identification:_identify(install) by extensions ['ignore', 'ignore_ament_install']
[0.407s] Level 1:colcon.colcon_core.package_identification:_identify(install) by extension 'ignore'
[0.407s] Level 1:colcon.colcon_core.package_identification:_identify(install) ignored
[0.407s] Level 1:colcon.colcon_core.package_identification:_identify(log) by extensions ['ignore', 'ignore_ament_install']
[0.407s] Level 1:colcon.colcon_core.package_identification:_identify(log) by extension 'ignore'
[0.407s] Level 1:colcon.colcon_core.package_identification:_identify(log) ignored
[0.407s] Level 1:colcon.colcon_core.package_identification:_identify(src) by extensions ['ignore', 'ignore_ament_install']
[0.407s] Level 1:colcon.colcon_core.package_identification:_identify(src) by extension 'ignore'
[0.407s] Level 1:colcon.colcon_core.package_identification:_identify(src) by extension 'ignore_ament_install'
[0.407s] Level 1:colcon.colcon_core.package_identification:_identify(src) by extensions ['colcon_pkg']
[0.407s] Level 1:colcon.colcon_core.package_identification:_identify(src) by extension 'colcon_pkg'
[0.407s] Level 1:colcon.colcon_core.package_identification:_identify(src) by extensions ['colcon_meta']
[0.407s] Level 1:colcon.colcon_core.package_identification:_identify(src) by extension 'colcon_meta'
[0.407s] Level 1:colcon.colcon_core.package_identification:_identify(src) by extensions ['ros']
[0.407s] Level 1:colcon.colcon_core.package_identification:_identify(src) by extension 'ros'
[0.408s] Level 1:colcon.colcon_core.package_identification:_identify(src) by extensions ['cmake', 'python']
[0.408s] Level 1:colcon.colcon_core.package_identification:_identify(src) by extension 'cmake'
[0.408s] Level 1:colcon.colcon_core.package_identification:_identify(src) by extension 'python'
[0.408s] Level 1:colcon.colcon_core.package_identification:_identify(src) by extensions ['python_setup_py']
[0.408s] Level 1:colcon.colcon_core.package_identification:_identify(src) by extension 'python_setup_py'
[0.408s] Level 1:colcon.colcon_core.package_identification:_identify(src/final_shalpy) by extensions ['ignore', 'ignore_ament_install']
[0.408s] Level 1:colcon.colcon_core.package_identification:_identify(src/final_shalpy) by extension 'ignore'
[0.408s] Level 1:colcon.colcon_core.package_identification:_identify(src/final_shalpy) by extension 'ignore_ament_install'
[0.408s] Level 1:colcon.colcon_core.package_identification:_identify(src/final_shalpy) by extensions ['colcon_pkg']
[0.408s] Level 1:colcon.colcon_core.package_identification:_identify(src/final_shalpy) by extension 'colcon_pkg'
[0.408s] Level 1:colcon.colcon_core.package_identification:_identify(src/final_shalpy) by extensions ['colcon_meta']
[0.408s] Level 1:colcon.colcon_core.package_identification:_identify(src/final_shalpy) by extension 'colcon_meta'
[0.408s] Level 1:colcon.colcon_core.package_identification:_identify(src/final_shalpy) by extensions ['ros']
[0.408s] Level 1:colcon.colcon_core.package_identification:_identify(src/final_shalpy) by extension 'ros'
[0.410s] DEBUG:colcon.colcon_core.package_identification:Package 'src/final_shalpy' with type 'ros.ament_python' and name 'final_shalpy'
[0.411s] Level 1:colcon.colcon_core.package_discovery:discover_packages(recursive) using defaults
[0.411s] Level 1:colcon.colcon_core.package_discovery:discover_packages(ignore) discover
[0.411s] Level 1:colcon.colcon_core.package_discovery:discover_packages(ignore) using defaults
[0.411s] Level 1:colcon.colcon_core.package_discovery:discover_packages(path) discover
[0.411s] Level 1:colcon.colcon_core.package_discovery:discover_packages(path) using defaults
[0.433s] Level 1:colcon.colcon_core.package_discovery:discover_packages(prefix_path) check parameters
[0.433s] Level 1:colcon.colcon_core.package_discovery:discover_packages(prefix_path) discover
[0.437s] DEBUG:colcon.colcon_installed_package_information.package_discovery:Found 284 installed packages in /opt/ros/humble
[0.439s] Level 1:colcon.colcon_core.package_discovery:discover_packages(prefix_path) using defaults
[0.504s] Level 5:colcon.colcon_core.verb:set package 'final_shalpy' build argument 'cmake_args' from command line to 'None'
[0.504s] Level 5:colcon.colcon_core.verb:set package 'final_shalpy' build argument 'cmake_target' from command line to 'None'
[0.504s] Level 5:colcon.colcon_core.verb:set package 'final_shalpy' build argument 'cmake_target_skip_unavailable' from command line to 'False'
[0.504s] Level 5:colcon.colcon_core.verb:set package 'final_shalpy' build argument 'cmake_clean_cache' from command line to 'False'
[0.505s] Level 5:colcon.colcon_core.verb:set package 'final_shalpy' build argument 'cmake_clean_first' from command line to 'False'
[0.505s] Level 5:colcon.colcon_core.verb:set package 'final_shalpy' build argument 'cmake_force_configure' from command line to 'False'
[0.505s] Level 5:colcon.colcon_core.verb:set package 'final_shalpy' build argument 'ament_cmake_args' from command line to 'None'
[0.505s] Level 5:colcon.colcon_core.verb:set package 'final_shalpy' build argument 'catkin_cmake_args' from command line to 'None'
[0.505s] Level 5:colcon.colcon_core.verb:set package 'final_shalpy' build argument 'catkin_skip_building_tests' from command line to 'False'
[0.505s] DEBUG:colcon.colcon_core.verb:Building package 'final_shalpy' with the following arguments: {'ament_cmake_args': None, 'build_base': '/home/juanespadi/Documents/shalpy/proyecto_final_grupo_14/build/final_shalpy', 'catkin_cmake_args': None, 'catkin_skip_building_tests': False, 'cmake_args': None, 'cmake_clean_cache': False, 'cmake_clean_first': False, 'cmake_force_configure': False, 'cmake_target': None, 'cmake_target_skip_unavailable': False, 'install_base': '/home/juanespadi/Documents/shalpy/proyecto_final_grupo_14/install/final_shalpy', 'merge_install': False, 'path': '/home/juanespadi/Documents/shalpy/proyecto_final_grupo_14/src/final_shalpy', 'symlink_install': False, 'test_result_base': None}
[0.505s] INFO:colcon.colcon_core.executor:Executing jobs using 'parallel' executor
[0.508s] DEBUG:colcon.colcon_parallel_executor.executor.parallel:run_until_complete
[0.509s] INFO:colcon.colcon_ros.task.ament_python.build:Building ROS package in '/home/juanespadi/Documents/shalpy/proyecto_final_grupo_14/src/final_shalpy' with build type 'ament_python'
[0.509s] Level 1:colcon.colcon_core.shell:create_environment_hook('final_shalpy', 'ament_prefix_path')
[0.513s] INFO:colcon.colcon_core.plugin_system:Skipping extension 'colcon_core.shell.bat': Not used on non-Windows systems
[0.513s] INFO:colcon.colcon_core.shell:Creating environment hook '/home/juanespadi/Documents/shalpy/proyecto_final_grupo_14/install/final_shalpy/share/final_shalpy/hook/ament_prefix_path.ps1'
[0.514s] INFO:colcon.colcon_core.shell:Creating environment descriptor '/home/juanespadi/Documents/shalpy/proyecto_final_grupo_14/install/final_shalpy/share/final_shalpy/hook/ament_prefix_path.dsv'
[0.514s] INFO:colcon.colcon_core.shell:Creating environment hook '/home/juanespadi/Documents/shalpy/proyecto_final_grupo_14/install/final_shalpy/share/final_shalpy/hook/ament_prefix_path.sh'
[0.516s] INFO:colcon.colcon_core.shell:Skip shell extension 'powershell' for command environment: Not usable outside of PowerShell
[0.516s] DEBUG:colcon.colcon_core.shell:Skip shell extension 'dsv' for command environment
[0.821s] INFO:colcon.colcon_core.task.python.build:Building Python package in '/home/juanespadi/Documents/shalpy/proyecto_final_grupo_14/src/final_shalpy'
[0.822s] INFO:colcon.colcon_core.shell:Skip shell extension 'powershell' for command environment: Not usable outside of PowerShell
[0.822s] DEBUG:colcon.colcon_core.shell:Skip shell extension 'dsv' for command environment
[1.356s] DEBUG:colcon.colcon_core.event_handler.log_command:Invoking command in '/home/juanespadi/Documents/shalpy/proyecto_final_grupo_14/src/final_shalpy': PYTHONPATH=/home/juanespadi/Documents/shalpy/proyecto_final_grupo_14/build/final_shalpy/prefix_override:/home/juanespadi/Documents/shalpy/proyecto_final_grupo_14/install/final_shalpy/lib/python3.10/site-packages:${PYTHONPATH} /usr/bin/python3 setup.py egg_info --egg-base ../../build/final_shalpy build --build-base /home/juanespadi/Documents/shalpy/proyecto_final_grupo_14/build/final_shalpy/build install --record /home/juanespadi/Documents/shalpy/proyecto_final_grupo_14/build/final_shalpy/install.log --single-version-externally-managed
[1.699s] DEBUG:colcon.colcon_core.event_handler.log_command:Invoked command in '/home/juanespadi/Documents/shalpy/proyecto_final_grupo_14/src/final_shalpy' returned '0': PYTHONPATH=/home/juanespadi/Documents/shalpy/proyecto_final_grupo_14/build/final_shalpy/prefix_override:/home/juanespadi/Documents/shalpy/proyecto_final_grupo_14/install/final_shalpy/lib/python3.10/site-packages:${PYTHONPATH} /usr/bin/python3 setup.py egg_info --egg-base ../../build/final_shalpy build --build-base /home/juanespadi/Documents/shalpy/proyecto_final_grupo_14/build/final_shalpy/build install --record /home/juanespadi/Documents/shalpy/proyecto_final_grupo_14/build/final_shalpy/install.log --single-version-externally-managed
[1.704s] Level 1:colcon.colcon_core.environment:checking '/home/juanespadi/Documents/shalpy/proyecto_final_grupo_14/install/final_shalpy' for CMake module files
[1.704s] Level 1:colcon.colcon_core.environment:checking '/home/juanespadi/Documents/shalpy/proyecto_final_grupo_14/install/final_shalpy' for CMake config files
[1.705s] Level 1:colcon.colcon_core.environment:checking '/home/juanespadi/Documents/shalpy/proyecto_final_grupo_14/install/final_shalpy/lib'
[1.705s] Level 1:colcon.colcon_core.environment:checking '/home/juanespadi/Documents/shalpy/proyecto_final_grupo_14/install/final_shalpy/bin'
[1.705s] Level 1:colcon.colcon_core.environment:checking '/home/juanespadi/Documents/shalpy/proyecto_final_grupo_14/install/final_shalpy/lib/pkgconfig/final_shalpy.pc'
[1.705s] Level 1:colcon.colcon_core.environment:checking '/home/juanespadi/Documents/shalpy/proyecto_final_grupo_14/install/final_shalpy/lib/python3.10/site-packages'
[1.705s] Level 1:colcon.colcon_core.shell:create_environment_hook('final_shalpy', 'pythonpath')
[1.707s] INFO:colcon.colcon_core.shell:Creating environment hook '/home/juanespadi/Documents/shalpy/proyecto_final_grupo_14/install/final_shalpy/share/final_shalpy/hook/pythonpath.ps1'
[1.707s] INFO:colcon.colcon_core.shell:Creating environment descriptor '/home/juanespadi/Documents/shalpy/proyecto_final_grupo_14/install/final_shalpy/share/final_shalpy/hook/pythonpath.dsv'
[1.707s] INFO:colcon.colcon_core.shell:Creating environment hook '/home/juanespadi/Documents/shalpy/proyecto_final_grupo_14/install/final_shalpy/share/final_shalpy/hook/pythonpath.sh'
[1.708s] Level 1:colcon.colcon_core.environment:checking '/home/juanespadi/Documents/shalpy/proyecto_final_grupo_14/install/final_shalpy/bin'
[1.708s] Level 1:colcon.colcon_core.environment:create_environment_scripts_only(final_shalpy)
[1.709s] INFO:colcon.colcon_core.shell:Creating package script '/home/juanespadi/Documents/shalpy/proyecto_final_grupo_14/install/final_shalpy/share/final_shalpy/package.ps1'
[1.710s] INFO:colcon.colcon_core.shell:Creating package descriptor '/home/juanespadi/Documents/shalpy/proyecto_final_grupo_14/install/final_shalpy/share/final_shalpy/package.dsv'
[1.711s] INFO:colcon.colcon_core.shell:Creating package script '/home/juanespadi/Documents/shalpy/proyecto_final_grupo_14/install/final_shalpy/share/final_shalpy/package.sh'
[1.712s] INFO:colcon.colcon_core.shell:Creating package script '/home/juanespadi/Documents/shalpy/proyecto_final_grupo_14/install/final_shalpy/share/final_shalpy/package.bash'
[1.712s] INFO:colcon.colcon_core.shell:Creating package script '/home/juanespadi/Documents/shalpy/proyecto_final_grupo_14/install/final_shalpy/share/final_shalpy/package.zsh'
[1.713s] Level 1:colcon.colcon_core.environment:create_file_with_runtime_dependencies(/home/juanespadi/Documents/shalpy/proyecto_final_grupo_14/install/final_shalpy/share/colcon-core/packages/final_shalpy)
[1.713s] DEBUG:colcon.colcon_parallel_executor.executor.parallel:closing loop
[1.714s] DEBUG:colcon.colcon_parallel_executor.executor.parallel:loop closed
[1.714s] DEBUG:colcon.colcon_parallel_executor.executor.parallel:run_until_complete finished with '0'
[1.714s] DEBUG:colcon.colcon_core.event_reactor:joining thread
[1.720s] INFO:colcon.colcon_core.plugin_system:Skipping extension 'colcon_notification.desktop_notification.terminal_notifier': Not used on non-Darwin systems
[1.720s] INFO:colcon.colcon_core.plugin_system:Skipping extension 'colcon_notification.desktop_notification.win32': Not used on non-Windows systems
[1.720s] INFO:colcon.colcon_notification.desktop_notification:Sending desktop notification using 'notify2'
[1.734s] DEBUG:colcon.colcon_core.event_reactor:joined thread
[1.736s] INFO:colcon.colcon_core.shell:Creating prefix script '/home/juanespadi/Documents/shalpy/proyecto_final_grupo_14/install/local_setup.ps1'
[1.737s] INFO:colcon.colcon_core.shell:Creating prefix util module '/home/juanespadi/Documents/shalpy/proyecto_final_grupo_14/install/_local_setup_util_ps1.py'
[1.739s] INFO:colcon.colcon_core.shell:Creating prefix chain script '/home/juanespadi/Documents/shalpy/proyecto_final_grupo_14/install/setup.ps1'
[1.741s] INFO:colcon.colcon_core.shell:Creating prefix script '/home/juanespadi/Documents/shalpy/proyecto_final_grupo_14/install/local_setup.sh'
[1.742s] INFO:colcon.colcon_core.shell:Creating prefix util module '/home/juanespadi/Documents/shalpy/proyecto_final_grupo_14/install/_local_setup_util_sh.py'
[1.742s] INFO:colcon.colcon_core.shell:Creating prefix chain script '/home/juanespadi/Documents/shalpy/proyecto_final_grupo_14/install/setup.sh'
[1.744s] INFO:colcon.colcon_core.shell:Creating prefix script '/home/juanespadi/Documents/shalpy/proyecto_final_grupo_14/install/local_setup.bash'
[1.744s] INFO:colcon.colcon_core.shell:Creating prefix chain script '/home/juanespadi/Documents/shalpy/proyecto_final_grupo_14/install/setup.bash'
[1.746s] INFO:colcon.colcon_core.shell:Creating prefix script '/home/juanespadi/Documents/shalpy/proyecto_final_grupo_14/install/local_setup.zsh'
[1.746s] INFO:colcon.colcon_core.shell:Creating prefix chain script '/home/juanespadi/Documents/shalpy/proyecto_final_grupo_14/install/setup.zsh'
