running egg_info
writing ../../build/mi_robot_manipulador_14/mi_robot_manipulador_14.egg-info/PKG-INFO
writing dependency_links to ../../build/mi_robot_manipulador_14/mi_robot_manipulador_14.egg-info/dependency_links.txt
writing entry points to ../../build/mi_robot_manipulador_14/mi_robot_manipulador_14.egg-info/entry_points.txt
writing requirements to ../../build/mi_robot_manipulador_14/mi_robot_manipulador_14.egg-info/requires.txt
writing top-level names to ../../build/mi_robot_manipulador_14/mi_robot_manipulador_14.egg-info/top_level.txt
reading manifest file '../../build/mi_robot_manipulador_14/mi_robot_manipulador_14.egg-info/SOURCES.txt'
writing manifest file '../../build/mi_robot_manipulador_14/mi_robot_manipulador_14.egg-info/SOURCES.txt'
running build
running build_py
copying mi_robot_manipulador_14/robot_manipulator_interface.py -> /home/juanespadi/Documents/shalpy/taller3_grupo14/build/mi_robot_manipulador_14/build/lib/mi_robot_manipulador_14
running install
running install_lib
copying /home/juanespadi/Documents/shalpy/taller3_grupo14/build/mi_robot_manipulador_14/build/lib/mi_robot_manipulador_14/robot_manipulator_interface.py -> /home/juanespadi/Documents/shalpy/taller3_grupo14/install/mi_robot_manipulador_14/lib/python3.10/site-packages/mi_robot_manipulador_14
byte-compiling /home/juanespadi/Documents/shalpy/taller3_grupo14/install/mi_robot_manipulador_14/lib/python3.10/site-packages/mi_robot_manipulador_14/robot_manipulator_interface.py to robot_manipulator_interface.cpython-310.pyc
running install_data
running install_egg_info
removing '/home/juanespadi/Documents/shalpy/taller3_grupo14/install/mi_robot_manipulador_14/lib/python3.10/site-packages/mi_robot_manipulador_14-0.0.0-py3.10.egg-info' (and everything under it)
Copying ../../build/mi_robot_manipulador_14/mi_robot_manipulador_14.egg-info to /home/juanespadi/Documents/shalpy/taller3_grupo14/install/mi_robot_manipulador_14/lib/python3.10/site-packages/mi_robot_manipulador_14-0.0.0-py3.10.egg-info
running install_scripts
Installing robot_manipulator_interface script to /home/juanespadi/Documents/shalpy/taller3_grupo14/install/mi_robot_manipulador_14/lib/mi_robot_manipulador_14
Installing robot_manipulator_teleop script to /home/juanespadi/Documents/shalpy/taller3_grupo14/install/mi_robot_manipulador_14/lib/mi_robot_manipulador_14
writing list of installed files to '/home/juanespadi/Documents/shalpy/taller3_grupo14/build/mi_robot_manipulador_14/install.log'
