In file included from [01m[K/home/juanespadi/Documents/shalpy/taller1_grupo14/build/player_interfaces/rosidl_generator_c/player_interfaces/srv/detail/player__functions.h:19[m[K,
                 from [01m[K/home/juanespadi/Documents/shalpy/taller1_grupo14/build/player_interfaces/rosidl_generator_c/player_interfaces/srv/detail/player__functions.c:4[m[K:
[01m[K/home/juanespadi/Documents/shalpy/taller1_grupo14/build/player_interfaces/rosidl_generator_c/player_interfaces/srv/detail/player__struct.h:41:10:[m[K [01;31m[Kfatal error: [m[Kplayer_interfaces/msg/detail/string__struct.h: No such file or directory
   41 | #include [01;31m[K"player_interfaces/msg/detail/string__struct.h"[m[K
      |          [01;31m[K^~~~~~~~~~~~~~~~~~~~~~~~~~~~~~~~~~~~~~~~~~~~~~~[m[K
compilation terminated.
gmake[2]: *** [CMakeFiles/player_interfaces__rosidl_generator_c.dir/build.make:105: CMakeFiles/player_interfaces__rosidl_generator_c.dir/rosidl_generator_c/player_interfaces/srv/detail/player__functions.c.o] Error 1
gmake[1]: *** [CMakeFiles/Makefile2:213: CMakeFiles/player_interfaces__rosidl_generator_c.dir/all] Error 2
gmake[1]: *** Waiting for unfinished jobs....
In file included from [01m[K/home/juanespadi/Documents/shalpy/taller1_grupo14/build/player_interfaces/rosidl_typesupport_cpp/player_interfaces/srv/player__type_support.cpp:7[m[K:
[01m[K/home/juanespadi/Documents/shalpy/taller1_grupo14/build/player_interfaces/rosidl_generator_cpp/player_interfaces/srv/detail/player__struct.hpp:127:10:[m[K [01;31m[Kfatal error: [m[Kplayer_interfaces/msg/detail/string__struct.hpp: No such file or directory
  127 | #include [01;31m[K"player_interfaces/msg/detail/string__struct.hpp"[m[K
      |          [01;31m[K^~~~~~~~~~~~~~~~~~~~~~~~~~~~~~~~~~~~~~~~~~~~~~~~~[m[K
compilation terminated.
gmake[2]: *** [CMakeFiles/player_interfaces__rosidl_typesupport_cpp.dir/build.make:86: CMakeFiles/player_interfaces__rosidl_typesupport_cpp.dir/rosidl_typesupport_cpp/player_interfaces/srv/player__type_support.cpp.o] Error 1
gmake[1]: *** [CMakeFiles/Makefile2:395: CMakeFiles/player_interfaces__rosidl_typesupport_cpp.dir/all] Error 2
In file included from [01m[K/home/juanespadi/Documents/shalpy/taller1_grupo14/build/player_interfaces/rosidl_typesupport_fastrtps_cpp/player_interfaces/srv/detail/player__rosidl_typesupport_fastrtps_cpp.hpp:11[m[K,
                 from [01m[K/home/juanespadi/Documents/shalpy/taller1_grupo14/build/player_interfaces/rosidl_typesupport_fastrtps_cpp/player_interfaces/srv/detail/dds_fastrtps/player__type_support.cpp:4[m[K:
[01m[K/home/juanespadi/Documents/shalpy/taller1_grupo14/build/player_interfaces/rosidl_generator_cpp/player_interfaces/srv/detail/player__struct.hpp:127:10:[m[K [01;31m[Kfatal error: [m[Kplayer_interfaces/msg/detail/string__struct.hpp: No such file or directory
  127 | #include [01;31m[K"player_interfaces/msg/detail/string__struct.hpp"[m[K
      |          [01;31m[K^~~~~~~~~~~~~~~~~~~~~~~~~~~~~~~~~~~~~~~~~~~~~~~~~[m[K
compilation terminated.
gmake[2]: *** [CMakeFiles/player_interfaces__rosidl_typesupport_fastrtps_cpp.dir/build.make:91: CMakeFiles/player_interfaces__rosidl_typesupport_fastrtps_cpp.dir/rosidl_typesupport_fastrtps_cpp/player_interfaces/srv/detail/dds_fastrtps/player__type_support.cpp.o] Error 1
gmake[1]: *** [CMakeFiles/Makefile2:343: CMakeFiles/player_interfaces__rosidl_typesupport_fastrtps_cpp.dir/all] Error 2
In file included from [01m[K/home/juanespadi/Documents/shalpy/taller1_grupo14/build/player_interfaces/rosidl_typesupport_introspection_cpp/player_interfaces/srv/detail/player__type_support.cpp:12[m[K:
[01m[K/home/juanespadi/Documents/shalpy/taller1_grupo14/build/player_interfaces/rosidl_generator_cpp/player_interfaces/srv/detail/player__struct.hpp:127:10:[m[K [01;31m[Kfatal error: [m[Kplayer_interfaces/msg/detail/string__struct.hpp: No such file or directory
  127 | #include [01;31m[K"player_interfaces/msg/detail/string__struct.hpp"[m[K
      |          [01;31m[K^~~~~~~~~~~~~~~~~~~~~~~~~~~~~~~~~~~~~~~~~~~~~~~~~[m[K
compilation terminated.
gmake[2]: *** [CMakeFiles/player_interfaces__rosidl_typesupport_introspection_cpp.dir/build.make:91: CMakeFiles/player_interfaces__rosidl_typesupport_introspection_cpp.dir/rosidl_typesupport_introspection_cpp/player_interfaces/srv/detail/player__type_support.cpp.o] Error 1
gmake[1]: *** [CMakeFiles/Makefile2:369: CMakeFiles/player_interfaces__rosidl_typesupport_introspection_cpp.dir/all] Error 2
gmake: *** [Makefile:146: all] Error 2
