[0.016s] Invoking command in '/home/juanespadi/Documents/shalpy/taller1_grupo14/build/player_interfaces': CMAKE_PREFIX_PATH=/opt/ros/humble /usr/bin/cmake --build /home/juanespadi/Documents/shalpy/taller1_grupo14/build/player_interfaces -- -j8 -l8
[0.073s] [  3%] Built target player_interfaces__cpp
[0.074s] [  6%] [32mBuilding C object CMakeFiles/player_interfaces__rosidl_generator_c.dir/rosidl_generator_c/player_interfaces/srv/detail/player__functions.c.o[0m
[0.084s] [  6%] Built target ament_cmake_python_copy_player_interfaces
[0.098s] In file included from [01m[K/home/juanespadi/Documents/shalpy/taller1_grupo14/build/player_interfaces/rosidl_generator_c/player_interfaces/srv/detail/player__functions.h:19[m[K,
[0.098s]                  from [01m[K/home/juanespadi/Documents/shalpy/taller1_grupo14/build/player_interfaces/rosidl_generator_c/player_interfaces/srv/detail/player__functions.c:4[m[K:
[0.098s] [01m[K/home/juanespadi/Documents/shalpy/taller1_grupo14/build/player_interfaces/rosidl_generator_c/player_interfaces/srv/detail/player__struct.h:41:10:[m[K [01;31m[Kfatal error: [m[Kplayer_interfaces/msg/detail/string__struct.h: No such file or directory
[0.098s]    41 | #include [01;31m[K"player_interfaces/msg/detail/string__struct.h"[m[K
[0.099s]       |          [01;31m[K^~~~~~~~~~~~~~~~~~~~~~~~~~~~~~~~~~~~~~~~~~~~~~~[m[K
[0.099s] compilation terminated.
[0.099s] [  9%] [32mBuilding CXX object CMakeFiles/player_interfaces__rosidl_typesupport_cpp.dir/rosidl_typesupport_cpp/player_interfaces/srv/player__type_support.cpp.o[0m
[0.100s] [ 12%] [32mBuilding CXX object CMakeFiles/player_interfaces__rosidl_typesupport_fastrtps_cpp.dir/rosidl_typesupport_fastrtps_cpp/player_interfaces/srv/detail/dds_fastrtps/player__type_support.cpp.o[0m
[0.101s] [ 16%] [32mBuilding CXX object CMakeFiles/player_interfaces__rosidl_typesupport_introspection_cpp.dir/rosidl_typesupport_introspection_cpp/player_interfaces/srv/detail/player__type_support.cpp.o[0m
[0.102s] gmake[2]: *** [CMakeFiles/player_interfaces__rosidl_generator_c.dir/build.make:105: CMakeFiles/player_interfaces__rosidl_generator_c.dir/rosidl_generator_c/player_interfaces/srv/detail/player__functions.c.o] Error 1
[0.103s] gmake[1]: *** [CMakeFiles/Makefile2:213: CMakeFiles/player_interfaces__rosidl_generator_c.dir/all] Error 2
[0.103s] gmake[1]: *** Waiting for unfinished jobs....
[0.172s] In file included from [01m[K/home/juanespadi/Documents/shalpy/taller1_grupo14/build/player_interfaces/rosidl_typesupport_cpp/player_interfaces/srv/player__type_support.cpp:7[m[K:
[0.172s] [01m[K/home/juanespadi/Documents/shalpy/taller1_grupo14/build/player_interfaces/rosidl_generator_cpp/player_interfaces/srv/detail/player__struct.hpp:127:10:[m[K [01;31m[Kfatal error: [m[Kplayer_interfaces/msg/detail/string__struct.hpp: No such file or directory
[0.172s]   127 | #include [01;31m[K"player_interfaces/msg/detail/string__struct.hpp"[m[K
[0.173s]       |          [01;31m[K^~~~~~~~~~~~~~~~~~~~~~~~~~~~~~~~~~~~~~~~~~~~~~~~~[m[K
[0.173s] compilation terminated.
[0.173s] gmake[2]: *** [CMakeFiles/player_interfaces__rosidl_typesupport_cpp.dir/build.make:86: CMakeFiles/player_interfaces__rosidl_typesupport_cpp.dir/rosidl_typesupport_cpp/player_interfaces/srv/player__type_support.cpp.o] Error 1
[0.173s] gmake[1]: *** [CMakeFiles/Makefile2:395: CMakeFiles/player_interfaces__rosidl_typesupport_cpp.dir/all] Error 2
[0.176s] In file included from [01m[K/home/juanespadi/Documents/shalpy/taller1_grupo14/build/player_interfaces/rosidl_typesupport_fastrtps_cpp/player_interfaces/srv/detail/player__rosidl_typesupport_fastrtps_cpp.hpp:11[m[K,
[0.176s]                  from [01m[K/home/juanespadi/Documents/shalpy/taller1_grupo14/build/player_interfaces/rosidl_typesupport_fastrtps_cpp/player_interfaces/srv/detail/dds_fastrtps/player__type_support.cpp:4[m[K:
[0.177s] [01m[K/home/juanespadi/Documents/shalpy/taller1_grupo14/build/player_interfaces/rosidl_generator_cpp/player_interfaces/srv/detail/player__struct.hpp:127:10:[m[K [01;31m[Kfatal error: [m[Kplayer_interfaces/msg/detail/string__struct.hpp: No such file or directory
[0.177s]   127 | #include [01;31m[K"player_interfaces/msg/detail/string__struct.hpp"[m[K
[0.177s]       |          [01;31m[K^~~~~~~~~~~~~~~~~~~~~~~~~~~~~~~~~~~~~~~~~~~~~~~~~[m[K
[0.177s] compilation terminated.
[0.178s] gmake[2]: *** [CMakeFiles/player_interfaces__rosidl_typesupport_fastrtps_cpp.dir/build.make:91: CMakeFiles/player_interfaces__rosidl_typesupport_fastrtps_cpp.dir/rosidl_typesupport_fastrtps_cpp/player_interfaces/srv/detail/dds_fastrtps/player__type_support.cpp.o] Error 1
[0.178s] gmake[1]: *** [CMakeFiles/Makefile2:343: CMakeFiles/player_interfaces__rosidl_typesupport_fastrtps_cpp.dir/all] Error 2
[0.185s] In file included from [01m[K/home/juanespadi/Documents/shalpy/taller1_grupo14/build/player_interfaces/rosidl_typesupport_introspection_cpp/player_interfaces/srv/detail/player__type_support.cpp:12[m[K:
[0.185s] [01m[K/home/juanespadi/Documents/shalpy/taller1_grupo14/build/player_interfaces/rosidl_generator_cpp/player_interfaces/srv/detail/player__struct.hpp:127:10:[m[K [01;31m[Kfatal error: [m[Kplayer_interfaces/msg/detail/string__struct.hpp: No such file or directory
[0.185s]   127 | #include [01;31m[K"player_interfaces/msg/detail/string__struct.hpp"[m[K
[0.186s]       |          [01;31m[K^~~~~~~~~~~~~~~~~~~~~~~~~~~~~~~~~~~~~~~~~~~~~~~~~[m[K
[0.186s] compilation terminated.
[0.188s] gmake[2]: *** [CMakeFiles/player_interfaces__rosidl_typesupport_introspection_cpp.dir/build.make:91: CMakeFiles/player_interfaces__rosidl_typesupport_introspection_cpp.dir/rosidl_typesupport_introspection_cpp/player_interfaces/srv/detail/player__type_support.cpp.o] Error 1
[0.188s] gmake[1]: *** [CMakeFiles/Makefile2:369: CMakeFiles/player_interfaces__rosidl_typesupport_introspection_cpp.dir/all] Error 2
[0.389s] running egg_info
[0.390s] writing player_interfaces.egg-info/PKG-INFO
[0.390s] writing dependency_links to player_interfaces.egg-info/dependency_links.txt
[0.391s] writing top-level names to player_interfaces.egg-info/top_level.txt
[0.394s] reading manifest file 'player_interfaces.egg-info/SOURCES.txt'
[0.395s] writing manifest file 'player_interfaces.egg-info/SOURCES.txt'
[0.436s] [ 16%] Built target ament_cmake_python_build_player_interfaces_egg
[0.438s] gmake: *** [Makefile:146: all] Error 2
[0.442s] Invoked command in '/home/juanespadi/Documents/shalpy/taller1_grupo14/build/player_interfaces' returned '2': CMAKE_PREFIX_PATH=/opt/ros/humble /usr/bin/cmake --build /home/juanespadi/Documents/shalpy/taller1_grupo14/build/player_interfaces -- -j8 -l8
