[  1%] Built target proyecto_interfaces__cpp
[ 12%] Built target proyecto_interfaces__rosidl_generator_c
[ 12%] Built target ament_cmake_python_copy_proyecto_interfaces
[ 23%] Built target proyecto_interfaces__rosidl_typesupport_cpp
[ 34%] Built target proyecto_interfaces__rosidl_typesupport_fastrtps_cpp
[ 56%] Built target proyecto_interfaces__rosidl_typesupport_introspection_cpp
[ 45%] Built target proyecto_interfaces__rosidl_typesupport_fastrtps_c
[ 67%] Built target proyecto_interfaces__rosidl_typesupport_introspection_c
[ 78%] Built target proyecto_interfaces__rosidl_typesupport_c
[ 78%] Built target proyecto_interfaces
[ 80%] Built target proyecto_interfaces__py
[ 89%] Built target proyecto_interfaces__rosidl_generator_py
[ 92%] Built target proyecto_interfaces__rosidl_typesupport_fastrtps_c__pyext
[ 96%] Built target proyecto_interfaces__rosidl_typesupport_introspection_c__pyext
[100%] Built target proyecto_interfaces__rosidl_typesupport_c__pyext
running egg_info
writing proyecto_interfaces.egg-info/PKG-INFO
writing dependency_links to proyecto_interfaces.egg-info/dependency_links.txt
writing top-level names to proyecto_interfaces.egg-info/top_level.txt
reading manifest file 'proyecto_interfaces.egg-info/SOURCES.txt'
writing manifest file 'proyecto_interfaces.egg-info/SOURCES.txt'
[100%] Built target ament_cmake_python_build_proyecto_interfaces_egg
-- Install configuration: ""
-- Up-to-date: /home/juanespadi/Documents/shalpy/proyecto_final_grupo_14/install/proyecto_interfaces/share/ament_index/resource_index/rosidl_interfaces/proyecto_interfaces
-- Up-to-date: /home/juanespadi/Documents/shalpy/proyecto_final_grupo_14/install/proyecto_interfaces/include/proyecto_interfaces/proyecto_interfaces
-- Up-to-date: /home/juanespadi/Documents/shalpy/proyecto_final_grupo_14/install/proyecto_interfaces/include/proyecto_interfaces/proyecto_interfaces/msg
-- Up-to-date: /home/juanespadi/Documents/shalpy/proyecto_final_grupo_14/install/proyecto_interfaces/include/proyecto_interfaces/proyecto_interfaces/msg/rosidl_generator_c__visibility_control.h
-- Up-to-date: /home/juanespadi/Documents/shalpy/proyecto_final_grupo_14/install/proyecto_interfaces/include/proyecto_interfaces/proyecto_interfaces/msg/banner.h
-- Up-to-date: /home/juanespadi/Documents/shalpy/proyecto_final_grupo_14/install/proyecto_interfaces/include/proyecto_interfaces/proyecto_interfaces/msg/detail
-- Up-to-date: /home/juanespadi/Documents/shalpy/proyecto_final_grupo_14/install/proyecto_interfaces/include/proyecto_interfaces/proyecto_interfaces/msg/detail/banner__functions.c
-- Up-to-date: /home/juanespadi/Documents/shalpy/proyecto_final_grupo_14/install/proyecto_interfaces/include/proyecto_interfaces/proyecto_interfaces/msg/detail/banner__struct.h
-- Up-to-date: /home/juanespadi/Documents/shalpy/proyecto_final_grupo_14/install/proyecto_interfaces/include/proyecto_interfaces/proyecto_interfaces/msg/detail/banner__type_support.h
-- Up-to-date: /home/juanespadi/Documents/shalpy/proyecto_final_grupo_14/install/proyecto_interfaces/include/proyecto_interfaces/proyecto_interfaces/msg/detail/banner__functions.h
-- Up-to-date: /home/juanespadi/Documents/shalpy/proyecto_final_grupo_14/install/proyecto_interfaces/include/proyecto_interfaces/proyecto_interfaces/srv
-- Up-to-date: /home/juanespadi/Documents/shalpy/proyecto_final_grupo_14/install/proyecto_interfaces/include/proyecto_interfaces/proyecto_interfaces/srv/start_perception_test.h
-- Up-to-date: /home/juanespadi/Documents/shalpy/proyecto_final_grupo_14/install/proyecto_interfaces/include/proyecto_interfaces/proyecto_interfaces/srv/start_navigation_test.h
-- Up-to-date: /home/juanespadi/Documents/shalpy/proyecto_final_grupo_14/install/proyecto_interfaces/include/proyecto_interfaces/proyecto_interfaces/srv/start_manipulation_test.h
-- Up-to-date: /home/juanespadi/Documents/shalpy/proyecto_final_grupo_14/install/proyecto_interfaces/include/proyecto_interfaces/proyecto_interfaces/srv/detail
-- Up-to-date: /home/juanespadi/Documents/shalpy/proyecto_final_grupo_14/install/proyecto_interfaces/include/proyecto_interfaces/proyecto_interfaces/srv/detail/start_navigation_test__struct.h
-- Up-to-date: /home/juanespadi/Documents/shalpy/proyecto_final_grupo_14/install/proyecto_interfaces/include/proyecto_interfaces/proyecto_interfaces/srv/detail/start_navigation_test__type_support.h
-- Up-to-date: /home/juanespadi/Documents/shalpy/proyecto_final_grupo_14/install/proyecto_interfaces/include/proyecto_interfaces/proyecto_interfaces/srv/detail/start_manipulation_test__functions.c
-- Up-to-date: /home/juanespadi/Documents/shalpy/proyecto_final_grupo_14/install/proyecto_interfaces/include/proyecto_interfaces/proyecto_interfaces/srv/detail/start_manipulation_test__functions.h
-- Up-to-date: /home/juanespadi/Documents/shalpy/proyecto_final_grupo_14/install/proyecto_interfaces/include/proyecto_interfaces/proyecto_interfaces/srv/detail/start_perception_test__functions.h
-- Up-to-date: /home/juanespadi/Documents/shalpy/proyecto_final_grupo_14/install/proyecto_interfaces/include/proyecto_interfaces/proyecto_interfaces/srv/detail/start_manipulation_test__type_support.h
-- Up-to-date: /home/juanespadi/Documents/shalpy/proyecto_final_grupo_14/install/proyecto_interfaces/include/proyecto_interfaces/proyecto_interfaces/srv/detail/start_perception_test__type_support.h
-- Up-to-date: /home/juanespadi/Documents/shalpy/proyecto_final_grupo_14/install/proyecto_interfaces/include/proyecto_interfaces/proyecto_interfaces/srv/detail/start_perception_test__functions.c
-- Up-to-date: /home/juanespadi/Documents/shalpy/proyecto_final_grupo_14/install/proyecto_interfaces/include/proyecto_interfaces/proyecto_interfaces/srv/detail/start_manipulation_test__struct.h
-- Up-to-date: /home/juanespadi/Documents/shalpy/proyecto_final_grupo_14/install/proyecto_interfaces/include/proyecto_interfaces/proyecto_interfaces/srv/detail/start_navigation_test__functions.h
-- Up-to-date: /home/juanespadi/Documents/shalpy/proyecto_final_grupo_14/install/proyecto_interfaces/include/proyecto_interfaces/proyecto_interfaces/srv/detail/start_navigation_test__functions.c
-- Up-to-date: /home/juanespadi/Documents/shalpy/proyecto_final_grupo_14/install/proyecto_interfaces/include/proyecto_interfaces/proyecto_interfaces/srv/detail/start_perception_test__struct.h
-- Up-to-date: /home/juanespadi/Documents/shalpy/proyecto_final_grupo_14/install/proyecto_interfaces/share/proyecto_interfaces/environment/library_path.sh
-- Up-to-date: /home/juanespadi/Documents/shalpy/proyecto_final_grupo_14/install/proyecto_interfaces/share/proyecto_interfaces/environment/library_path.dsv
-- Up-to-date: /home/juanespadi/Documents/shalpy/proyecto_final_grupo_14/install/proyecto_interfaces/lib/libproyecto_interfaces__rosidl_generator_c.so
-- Up-to-date: /home/juanespadi/Documents/shalpy/proyecto_final_grupo_14/install/proyecto_interfaces/include/proyecto_interfaces/proyecto_interfaces
-- Up-to-date: /home/juanespadi/Documents/shalpy/proyecto_final_grupo_14/install/proyecto_interfaces/include/proyecto_interfaces/proyecto_interfaces/msg
-- Up-to-date: /home/juanespadi/Documents/shalpy/proyecto_final_grupo_14/install/proyecto_interfaces/include/proyecto_interfaces/proyecto_interfaces/msg/detail
-- Up-to-date: /home/juanespadi/Documents/shalpy/proyecto_final_grupo_14/install/proyecto_interfaces/include/proyecto_interfaces/proyecto_interfaces/msg/detail/banner__rosidl_typesupport_fastrtps_c.h
-- Up-to-date: /home/juanespadi/Documents/shalpy/proyecto_final_grupo_14/install/proyecto_interfaces/include/proyecto_interfaces/proyecto_interfaces/msg/rosidl_typesupport_fastrtps_c__visibility_control.h
-- Up-to-date: /home/juanespadi/Documents/shalpy/proyecto_final_grupo_14/install/proyecto_interfaces/include/proyecto_interfaces/proyecto_interfaces/srv
-- Up-to-date: /home/juanespadi/Documents/shalpy/proyecto_final_grupo_14/install/proyecto_interfaces/include/proyecto_interfaces/proyecto_interfaces/srv/detail
-- Up-to-date: /home/juanespadi/Documents/shalpy/proyecto_final_grupo_14/install/proyecto_interfaces/include/proyecto_interfaces/proyecto_interfaces/srv/detail/start_navigation_test__rosidl_typesupport_fastrtps_c.h
-- Up-to-date: /home/juanespadi/Documents/shalpy/proyecto_final_grupo_14/install/proyecto_interfaces/include/proyecto_interfaces/proyecto_interfaces/srv/detail/start_manipulation_test__rosidl_typesupport_fastrtps_c.h
-- Up-to-date: /home/juanespadi/Documents/shalpy/proyecto_final_grupo_14/install/proyecto_interfaces/include/proyecto_interfaces/proyecto_interfaces/srv/detail/start_perception_test__rosidl_typesupport_fastrtps_c.h
-- Up-to-date: /home/juanespadi/Documents/shalpy/proyecto_final_grupo_14/install/proyecto_interfaces/lib/libproyecto_interfaces__rosidl_typesupport_fastrtps_c.so
-- Up-to-date: /home/juanespadi/Documents/shalpy/proyecto_final_grupo_14/install/proyecto_interfaces/include/proyecto_interfaces/proyecto_interfaces
-- Up-to-date: /home/juanespadi/Documents/shalpy/proyecto_final_grupo_14/install/proyecto_interfaces/include/proyecto_interfaces/proyecto_interfaces/msg
-- Up-to-date: /home/juanespadi/Documents/shalpy/proyecto_final_grupo_14/install/proyecto_interfaces/include/proyecto_interfaces/proyecto_interfaces/msg/detail
-- Up-to-date: /home/juanespadi/Documents/shalpy/proyecto_final_grupo_14/install/proyecto_interfaces/include/proyecto_interfaces/proyecto_interfaces/msg/detail/banner__rosidl_typesupport_introspection_c.h
-- Up-to-date: /home/juanespadi/Documents/shalpy/proyecto_final_grupo_14/install/proyecto_interfaces/include/proyecto_interfaces/proyecto_interfaces/msg/detail/banner__type_support.c
-- Up-to-date: /home/juanespadi/Documents/shalpy/proyecto_final_grupo_14/install/proyecto_interfaces/include/proyecto_interfaces/proyecto_interfaces/msg/rosidl_typesupport_introspection_c__visibility_control.h
-- Up-to-date: /home/juanespadi/Documents/shalpy/proyecto_final_grupo_14/install/proyecto_interfaces/include/proyecto_interfaces/proyecto_interfaces/srv
-- Up-to-date: /home/juanespadi/Documents/shalpy/proyecto_final_grupo_14/install/proyecto_interfaces/include/proyecto_interfaces/proyecto_interfaces/srv/detail
-- Up-to-date: /home/juanespadi/Documents/shalpy/proyecto_final_grupo_14/install/proyecto_interfaces/include/proyecto_interfaces/proyecto_interfaces/srv/detail/start_perception_test__type_support.c
-- Up-to-date: /home/juanespadi/Documents/shalpy/proyecto_final_grupo_14/install/proyecto_interfaces/include/proyecto_interfaces/proyecto_interfaces/srv/detail/start_manipulation_test__type_support.c
-- Up-to-date: /home/juanespadi/Documents/shalpy/proyecto_final_grupo_14/install/proyecto_interfaces/include/proyecto_interfaces/proyecto_interfaces/srv/detail/start_navigation_test__rosidl_typesupport_introspection_c.h
-- Up-to-date: /home/juanespadi/Documents/shalpy/proyecto_final_grupo_14/install/proyecto_interfaces/include/proyecto_interfaces/proyecto_interfaces/srv/detail/start_navigation_test__type_support.c
-- Up-to-date: /home/juanespadi/Documents/shalpy/proyecto_final_grupo_14/install/proyecto_interfaces/include/proyecto_interfaces/proyecto_interfaces/srv/detail/start_perception_test__rosidl_typesupport_introspection_c.h
-- Up-to-date: /home/juanespadi/Documents/shalpy/proyecto_final_grupo_14/install/proyecto_interfaces/include/proyecto_interfaces/proyecto_interfaces/srv/detail/start_manipulation_test__rosidl_typesupport_introspection_c.h
-- Up-to-date: /home/juanespadi/Documents/shalpy/proyecto_final_grupo_14/install/proyecto_interfaces/lib/libproyecto_interfaces__rosidl_typesupport_introspection_c.so
-- Up-to-date: /home/juanespadi/Documents/shalpy/proyecto_final_grupo_14/install/proyecto_interfaces/lib/libproyecto_interfaces__rosidl_typesupport_c.so
-- Up-to-date: /home/juanespadi/Documents/shalpy/proyecto_final_grupo_14/install/proyecto_interfaces/include/proyecto_interfaces/proyecto_interfaces
-- Up-to-date: /home/juanespadi/Documents/shalpy/proyecto_final_grupo_14/install/proyecto_interfaces/include/proyecto_interfaces/proyecto_interfaces/msg
-- Up-to-date: /home/juanespadi/Documents/shalpy/proyecto_final_grupo_14/install/proyecto_interfaces/include/proyecto_interfaces/proyecto_interfaces/msg/banner.hpp
-- Up-to-date: /home/juanespadi/Documents/shalpy/proyecto_final_grupo_14/install/proyecto_interfaces/include/proyecto_interfaces/proyecto_interfaces/msg/detail
-- Up-to-date: /home/juanespadi/Documents/shalpy/proyecto_final_grupo_14/install/proyecto_interfaces/include/proyecto_interfaces/proyecto_interfaces/msg/detail/banner__traits.hpp
-- Up-to-date: /home/juanespadi/Documents/shalpy/proyecto_final_grupo_14/install/proyecto_interfaces/include/proyecto_interfaces/proyecto_interfaces/msg/detail/banner__builder.hpp
-- Up-to-date: /home/juanespadi/Documents/shalpy/proyecto_final_grupo_14/install/proyecto_interfaces/include/proyecto_interfaces/proyecto_interfaces/msg/detail/banner__struct.hpp
-- Up-to-date: /home/juanespadi/Documents/shalpy/proyecto_final_grupo_14/install/proyecto_interfaces/include/proyecto_interfaces/proyecto_interfaces/srv
-- Up-to-date: /home/juanespadi/Documents/shalpy/proyecto_final_grupo_14/install/proyecto_interfaces/include/proyecto_interfaces/proyecto_interfaces/srv/detail
-- Up-to-date: /home/juanespadi/Documents/shalpy/proyecto_final_grupo_14/install/proyecto_interfaces/include/proyecto_interfaces/proyecto_interfaces/srv/detail/start_navigation_test__struct.hpp
-- Up-to-date: /home/juanespadi/Documents/shalpy/proyecto_final_grupo_14/install/proyecto_interfaces/include/proyecto_interfaces/proyecto_interfaces/srv/detail/start_manipulation_test__struct.hpp
-- Up-to-date: /home/juanespadi/Documents/shalpy/proyecto_final_grupo_14/install/proyecto_interfaces/include/proyecto_interfaces/proyecto_interfaces/srv/detail/start_navigation_test__traits.hpp
-- Up-to-date: /home/juanespadi/Documents/shalpy/proyecto_final_grupo_14/install/proyecto_interfaces/include/proyecto_interfaces/proyecto_interfaces/srv/detail/start_perception_test__traits.hpp
-- Up-to-date: /home/juanespadi/Documents/shalpy/proyecto_final_grupo_14/install/proyecto_interfaces/include/proyecto_interfaces/proyecto_interfaces/srv/detail/start_perception_test__struct.hpp
-- Up-to-date: /home/juanespadi/Documents/shalpy/proyecto_final_grupo_14/install/proyecto_interfaces/include/proyecto_interfaces/proyecto_interfaces/srv/detail/start_manipulation_test__builder.hpp
-- Up-to-date: /home/juanespadi/Documents/shalpy/proyecto_final_grupo_14/install/proyecto_interfaces/include/proyecto_interfaces/proyecto_interfaces/srv/detail/start_manipulation_test__traits.hpp
-- Up-to-date: /home/juanespadi/Documents/shalpy/proyecto_final_grupo_14/install/proyecto_interfaces/include/proyecto_interfaces/proyecto_interfaces/srv/detail/start_navigation_test__builder.hpp
-- Up-to-date: /home/juanespadi/Documents/shalpy/proyecto_final_grupo_14/install/proyecto_interfaces/include/proyecto_interfaces/proyecto_interfaces/srv/detail/start_perception_test__builder.hpp
-- Up-to-date: /home/juanespadi/Documents/shalpy/proyecto_final_grupo_14/install/proyecto_interfaces/include/proyecto_interfaces/proyecto_interfaces/srv/start_manipulation_test.hpp
-- Up-to-date: /home/juanespadi/Documents/shalpy/proyecto_final_grupo_14/install/proyecto_interfaces/include/proyecto_interfaces/proyecto_interfaces/srv/start_perception_test.hpp
-- Up-to-date: /home/juanespadi/Documents/shalpy/proyecto_final_grupo_14/install/proyecto_interfaces/include/proyecto_interfaces/proyecto_interfaces/srv/start_navigation_test.hpp
-- Up-to-date: /home/juanespadi/Documents/shalpy/proyecto_final_grupo_14/install/proyecto_interfaces/include/proyecto_interfaces/proyecto_interfaces
-- Up-to-date: /home/juanespadi/Documents/shalpy/proyecto_final_grupo_14/install/proyecto_interfaces/include/proyecto_interfaces/proyecto_interfaces/msg
-- Up-to-date: /home/juanespadi/Documents/shalpy/proyecto_final_grupo_14/install/proyecto_interfaces/include/proyecto_interfaces/proyecto_interfaces/msg/rosidl_typesupport_fastrtps_cpp__visibility_control.h
-- Up-to-date: /home/juanespadi/Documents/shalpy/proyecto_final_grupo_14/install/proyecto_interfaces/include/proyecto_interfaces/proyecto_interfaces/msg/detail
-- Up-to-date: /home/juanespadi/Documents/shalpy/proyecto_final_grupo_14/install/proyecto_interfaces/include/proyecto_interfaces/proyecto_interfaces/msg/detail/dds_fastrtps
-- Up-to-date: /home/juanespadi/Documents/shalpy/proyecto_final_grupo_14/install/proyecto_interfaces/include/proyecto_interfaces/proyecto_interfaces/msg/detail/banner__rosidl_typesupport_fastrtps_cpp.hpp
-- Up-to-date: /home/juanespadi/Documents/shalpy/proyecto_final_grupo_14/install/proyecto_interfaces/include/proyecto_interfaces/proyecto_interfaces/srv
-- Up-to-date: /home/juanespadi/Documents/shalpy/proyecto_final_grupo_14/install/proyecto_interfaces/include/proyecto_interfaces/proyecto_interfaces/srv/detail
-- Up-to-date: /home/juanespadi/Documents/shalpy/proyecto_final_grupo_14/install/proyecto_interfaces/include/proyecto_interfaces/proyecto_interfaces/srv/detail/start_navigation_test__rosidl_typesupport_fastrtps_cpp.hpp
-- Up-to-date: /home/juanespadi/Documents/shalpy/proyecto_final_grupo_14/install/proyecto_interfaces/include/proyecto_interfaces/proyecto_interfaces/srv/detail/start_perception_test__rosidl_typesupport_fastrtps_cpp.hpp
-- Up-to-date: /home/juanespadi/Documents/shalpy/proyecto_final_grupo_14/install/proyecto_interfaces/include/proyecto_interfaces/proyecto_interfaces/srv/detail/dds_fastrtps
-- Up-to-date: /home/juanespadi/Documents/shalpy/proyecto_final_grupo_14/install/proyecto_interfaces/include/proyecto_interfaces/proyecto_interfaces/srv/detail/start_manipulation_test__rosidl_typesupport_fastrtps_cpp.hpp
-- Up-to-date: /home/juanespadi/Documents/shalpy/proyecto_final_grupo_14/install/proyecto_interfaces/lib/libproyecto_interfaces__rosidl_typesupport_fastrtps_cpp.so
-- Up-to-date: /home/juanespadi/Documents/shalpy/proyecto_final_grupo_14/install/proyecto_interfaces/include/proyecto_interfaces/proyecto_interfaces
-- Up-to-date: /home/juanespadi/Documents/shalpy/proyecto_final_grupo_14/install/proyecto_interfaces/include/proyecto_interfaces/proyecto_interfaces/msg
-- Up-to-date: /home/juanespadi/Documents/shalpy/proyecto_final_grupo_14/install/proyecto_interfaces/include/proyecto_interfaces/proyecto_interfaces/msg/detail
-- Up-to-date: /home/juanespadi/Documents/shalpy/proyecto_final_grupo_14/install/proyecto_interfaces/include/proyecto_interfaces/proyecto_interfaces/msg/detail/banner__rosidl_typesupport_introspection_cpp.hpp
-- Up-to-date: /home/juanespadi/Documents/shalpy/proyecto_final_grupo_14/install/proyecto_interfaces/include/proyecto_interfaces/proyecto_interfaces/msg/detail/banner__type_support.cpp
-- Up-to-date: /home/juanespadi/Documents/shalpy/proyecto_final_grupo_14/install/proyecto_interfaces/include/proyecto_interfaces/proyecto_interfaces/srv
-- Up-to-date: /home/juanespadi/Documents/shalpy/proyecto_final_grupo_14/install/proyecto_interfaces/include/proyecto_interfaces/proyecto_interfaces/srv/detail
-- Up-to-date: /home/juanespadi/Documents/shalpy/proyecto_final_grupo_14/install/proyecto_interfaces/include/proyecto_interfaces/proyecto_interfaces/srv/detail/start_manipulation_test__type_support.cpp
-- Up-to-date: /home/juanespadi/Documents/shalpy/proyecto_final_grupo_14/install/proyecto_interfaces/include/proyecto_interfaces/proyecto_interfaces/srv/detail/start_manipulation_test__rosidl_typesupport_introspection_cpp.hpp
-- Up-to-date: /home/juanespadi/Documents/shalpy/proyecto_final_grupo_14/install/proyecto_interfaces/include/proyecto_interfaces/proyecto_interfaces/srv/detail/start_perception_test__type_support.cpp
-- Up-to-date: /home/juanespadi/Documents/shalpy/proyecto_final_grupo_14/install/proyecto_interfaces/include/proyecto_interfaces/proyecto_interfaces/srv/detail/start_navigation_test__type_support.cpp
-- Up-to-date: /home/juanespadi/Documents/shalpy/proyecto_final_grupo_14/install/proyecto_interfaces/include/proyecto_interfaces/proyecto_interfaces/srv/detail/start_navigation_test__rosidl_typesupport_introspection_cpp.hpp
-- Up-to-date: /home/juanespadi/Documents/shalpy/proyecto_final_grupo_14/install/proyecto_interfaces/include/proyecto_interfaces/proyecto_interfaces/srv/detail/start_perception_test__rosidl_typesupport_introspection_cpp.hpp
-- Up-to-date: /home/juanespadi/Documents/shalpy/proyecto_final_grupo_14/install/proyecto_interfaces/lib/libproyecto_interfaces__rosidl_typesupport_introspection_cpp.so
-- Up-to-date: /home/juanespadi/Documents/shalpy/proyecto_final_grupo_14/install/proyecto_interfaces/lib/libproyecto_interfaces__rosidl_typesupport_cpp.so
-- Up-to-date: /home/juanespadi/Documents/shalpy/proyecto_final_grupo_14/install/proyecto_interfaces/share/proyecto_interfaces/environment/pythonpath.sh
-- Up-to-date: /home/juanespadi/Documents/shalpy/proyecto_final_grupo_14/install/proyecto_interfaces/share/proyecto_interfaces/environment/pythonpath.dsv
-- Up-to-date: /home/juanespadi/Documents/shalpy/proyecto_final_grupo_14/install/proyecto_interfaces/local/lib/python3.10/dist-packages/proyecto_interfaces-0.0.0-py3.10.egg-info
-- Installing: /home/juanespadi/Documents/shalpy/proyecto_final_grupo_14/install/proyecto_interfaces/local/lib/python3.10/dist-packages/proyecto_interfaces-0.0.0-py3.10.egg-info/SOURCES.txt
-- Installing: /home/juanespadi/Documents/shalpy/proyecto_final_grupo_14/install/proyecto_interfaces/local/lib/python3.10/dist-packages/proyecto_interfaces-0.0.0-py3.10.egg-info/dependency_links.txt
-- Installing: /home/juanespadi/Documents/shalpy/proyecto_final_grupo_14/install/proyecto_interfaces/local/lib/python3.10/dist-packages/proyecto_interfaces-0.0.0-py3.10.egg-info/top_level.txt
-- Installing: /home/juanespadi/Documents/shalpy/proyecto_final_grupo_14/install/proyecto_interfaces/local/lib/python3.10/dist-packages/proyecto_interfaces-0.0.0-py3.10.egg-info/PKG-INFO
-- Up-to-date: /home/juanespadi/Documents/shalpy/proyecto_final_grupo_14/install/proyecto_interfaces/local/lib/python3.10/dist-packages/proyecto_interfaces
-- Up-to-date: /home/juanespadi/Documents/shalpy/proyecto_final_grupo_14/install/proyecto_interfaces/local/lib/python3.10/dist-packages/proyecto_interfaces/msg
-- Up-to-date: /home/juanespadi/Documents/shalpy/proyecto_final_grupo_14/install/proyecto_interfaces/local/lib/python3.10/dist-packages/proyecto_interfaces/msg/__init__.py
-- Up-to-date: /home/juanespadi/Documents/shalpy/proyecto_final_grupo_14/install/proyecto_interfaces/local/lib/python3.10/dist-packages/proyecto_interfaces/msg/_banner.py
-- Up-to-date: /home/juanespadi/Documents/shalpy/proyecto_final_grupo_14/install/proyecto_interfaces/local/lib/python3.10/dist-packages/proyecto_interfaces/msg/_banner_s.c
-- Up-to-date: /home/juanespadi/Documents/shalpy/proyecto_final_grupo_14/install/proyecto_interfaces/local/lib/python3.10/dist-packages/proyecto_interfaces/__init__.py
-- Up-to-date: /home/juanespadi/Documents/shalpy/proyecto_final_grupo_14/install/proyecto_interfaces/local/lib/python3.10/dist-packages/proyecto_interfaces/libproyecto_interfaces__rosidl_generator_py.so
-- Up-to-date: /home/juanespadi/Documents/shalpy/proyecto_final_grupo_14/install/proyecto_interfaces/local/lib/python3.10/dist-packages/proyecto_interfaces/_proyecto_interfaces_s.ep.rosidl_typesupport_fastrtps_c.c
-- Up-to-date: /home/juanespadi/Documents/shalpy/proyecto_final_grupo_14/install/proyecto_interfaces/local/lib/python3.10/dist-packages/proyecto_interfaces/proyecto_interfaces_s__rosidl_typesupport_introspection_c.cpython-310-x86_64-linux-gnu.so
-- Up-to-date: /home/juanespadi/Documents/shalpy/proyecto_final_grupo_14/install/proyecto_interfaces/local/lib/python3.10/dist-packages/proyecto_interfaces/proyecto_interfaces_s__rosidl_typesupport_c.cpython-310-x86_64-linux-gnu.so
-- Up-to-date: /home/juanespadi/Documents/shalpy/proyecto_final_grupo_14/install/proyecto_interfaces/local/lib/python3.10/dist-packages/proyecto_interfaces/srv
-- Up-to-date: /home/juanespadi/Documents/shalpy/proyecto_final_grupo_14/install/proyecto_interfaces/local/lib/python3.10/dist-packages/proyecto_interfaces/srv/_start_perception_test_s.c
-- Up-to-date: /home/juanespadi/Documents/shalpy/proyecto_final_grupo_14/install/proyecto_interfaces/local/lib/python3.10/dist-packages/proyecto_interfaces/srv/_start_perception_test.py
-- Up-to-date: /home/juanespadi/Documents/shalpy/proyecto_final_grupo_14/install/proyecto_interfaces/local/lib/python3.10/dist-packages/proyecto_interfaces/srv/_start_manipulation_test.py
-- Up-to-date: /home/juanespadi/Documents/shalpy/proyecto_final_grupo_14/install/proyecto_interfaces/local/lib/python3.10/dist-packages/proyecto_interfaces/srv/__init__.py
-- Up-to-date: /home/juanespadi/Documents/shalpy/proyecto_final_grupo_14/install/proyecto_interfaces/local/lib/python3.10/dist-packages/proyecto_interfaces/srv/_start_navigation_test_s.c
-- Up-to-date: /home/juanespadi/Documents/shalpy/proyecto_final_grupo_14/install/proyecto_interfaces/local/lib/python3.10/dist-packages/proyecto_interfaces/srv/_start_navigation_test.py
-- Up-to-date: /home/juanespadi/Documents/shalpy/proyecto_final_grupo_14/install/proyecto_interfaces/local/lib/python3.10/dist-packages/proyecto_interfaces/srv/_start_manipulation_test_s.c
-- Up-to-date: /home/juanespadi/Documents/shalpy/proyecto_final_grupo_14/install/proyecto_interfaces/local/lib/python3.10/dist-packages/proyecto_interfaces/_proyecto_interfaces_s.ep.rosidl_typesupport_introspection_c.c
-- Up-to-date: /home/juanespadi/Documents/shalpy/proyecto_final_grupo_14/install/proyecto_interfaces/local/lib/python3.10/dist-packages/proyecto_interfaces/proyecto_interfaces_s__rosidl_typesupport_fastrtps_c.cpython-310-x86_64-linux-gnu.so
-- Up-to-date: /home/juanespadi/Documents/shalpy/proyecto_final_grupo_14/install/proyecto_interfaces/local/lib/python3.10/dist-packages/proyecto_interfaces/_proyecto_interfaces_s.ep.rosidl_typesupport_c.c
Listing '/home/juanespadi/Documents/shalpy/proyecto_final_grupo_14/install/proyecto_interfaces/local/lib/python3.10/dist-packages/proyecto_interfaces'...
Listing '/home/juanespadi/Documents/shalpy/proyecto_final_grupo_14/install/proyecto_interfaces/local/lib/python3.10/dist-packages/proyecto_interfaces/msg'...
Listing '/home/juanespadi/Documents/shalpy/proyecto_final_grupo_14/install/proyecto_interfaces/local/lib/python3.10/dist-packages/proyecto_interfaces/srv'...
-- Up-to-date: /home/juanespadi/Documents/shalpy/proyecto_final_grupo_14/install/proyecto_interfaces/local/lib/python3.10/dist-packages/proyecto_interfaces/proyecto_interfaces_s__rosidl_typesupport_fastrtps_c.cpython-310-x86_64-linux-gnu.so
-- Up-to-date: /home/juanespadi/Documents/shalpy/proyecto_final_grupo_14/install/proyecto_interfaces/local/lib/python3.10/dist-packages/proyecto_interfaces/proyecto_interfaces_s__rosidl_typesupport_introspection_c.cpython-310-x86_64-linux-gnu.so
-- Up-to-date: /home/juanespadi/Documents/shalpy/proyecto_final_grupo_14/install/proyecto_interfaces/local/lib/python3.10/dist-packages/proyecto_interfaces/proyecto_interfaces_s__rosidl_typesupport_c.cpython-310-x86_64-linux-gnu.so
-- Up-to-date: /home/juanespadi/Documents/shalpy/proyecto_final_grupo_14/install/proyecto_interfaces/lib/libproyecto_interfaces__rosidl_generator_py.so
-- Up-to-date: /home/juanespadi/Documents/shalpy/proyecto_final_grupo_14/install/proyecto_interfaces/share/proyecto_interfaces/msg/Banner.idl
-- Up-to-date: /home/juanespadi/Documents/shalpy/proyecto_final_grupo_14/install/proyecto_interfaces/share/proyecto_interfaces/srv/StartNavigationTest.idl
-- Up-to-date: /home/juanespadi/Documents/shalpy/proyecto_final_grupo_14/install/proyecto_interfaces/share/proyecto_interfaces/srv/StartPerceptionTest.idl
-- Up-to-date: /home/juanespadi/Documents/shalpy/proyecto_final_grupo_14/install/proyecto_interfaces/share/proyecto_interfaces/srv/StartManipulationTest.idl
-- Up-to-date: /home/juanespadi/Documents/shalpy/proyecto_final_grupo_14/install/proyecto_interfaces/share/proyecto_interfaces/msg/Banner.msg
-- Up-to-date: /home/juanespadi/Documents/shalpy/proyecto_final_grupo_14/install/proyecto_interfaces/share/proyecto_interfaces/srv/StartNavigationTest.srv
-- Up-to-date: /home/juanespadi/Documents/shalpy/proyecto_final_grupo_14/install/proyecto_interfaces/share/proyecto_interfaces/srv/StartNavigationTest_Request.msg
-- Up-to-date: /home/juanespadi/Documents/shalpy/proyecto_final_grupo_14/install/proyecto_interfaces/share/proyecto_interfaces/srv/StartNavigationTest_Response.msg
-- Up-to-date: /home/juanespadi/Documents/shalpy/proyecto_final_grupo_14/install/proyecto_interfaces/share/proyecto_interfaces/srv/StartPerceptionTest.srv
-- Up-to-date: /home/juanespadi/Documents/shalpy/proyecto_final_grupo_14/install/proyecto_interfaces/share/proyecto_interfaces/srv/StartPerceptionTest_Request.msg
-- Up-to-date: /home/juanespadi/Documents/shalpy/proyecto_final_grupo_14/install/proyecto_interfaces/share/proyecto_interfaces/srv/StartPerceptionTest_Response.msg
-- Up-to-date: /home/juanespadi/Documents/shalpy/proyecto_final_grupo_14/install/proyecto_interfaces/share/proyecto_interfaces/srv/StartManipulationTest.srv
-- Up-to-date: /home/juanespadi/Documents/shalpy/proyecto_final_grupo_14/install/proyecto_interfaces/share/proyecto_interfaces/srv/StartManipulationTest_Request.msg
-- Up-to-date: /home/juanespadi/Documents/shalpy/proyecto_final_grupo_14/install/proyecto_interfaces/share/proyecto_interfaces/srv/StartManipulationTest_Response.msg
-- Up-to-date: /home/juanespadi/Documents/shalpy/proyecto_final_grupo_14/install/proyecto_interfaces/share/ament_index/resource_index/package_run_dependencies/proyecto_interfaces
-- Up-to-date: /home/juanespadi/Documents/shalpy/proyecto_final_grupo_14/install/proyecto_interfaces/share/ament_index/resource_index/parent_prefix_path/proyecto_interfaces
-- Up-to-date: /home/juanespadi/Documents/shalpy/proyecto_final_grupo_14/install/proyecto_interfaces/share/proyecto_interfaces/environment/ament_prefix_path.sh
-- Up-to-date: /home/juanespadi/Documents/shalpy/proyecto_final_grupo_14/install/proyecto_interfaces/share/proyecto_interfaces/environment/ament_prefix_path.dsv
-- Up-to-date: /home/juanespadi/Documents/shalpy/proyecto_final_grupo_14/install/proyecto_interfaces/share/proyecto_interfaces/environment/path.sh
-- Up-to-date: /home/juanespadi/Documents/shalpy/proyecto_final_grupo_14/install/proyecto_interfaces/share/proyecto_interfaces/environment/path.dsv
-- Up-to-date: /home/juanespadi/Documents/shalpy/proyecto_final_grupo_14/install/proyecto_interfaces/share/proyecto_interfaces/local_setup.bash
-- Up-to-date: /home/juanespadi/Documents/shalpy/proyecto_final_grupo_14/install/proyecto_interfaces/share/proyecto_interfaces/local_setup.sh
-- Up-to-date: /home/juanespadi/Documents/shalpy/proyecto_final_grupo_14/install/proyecto_interfaces/share/proyecto_interfaces/local_setup.zsh
-- Up-to-date: /home/juanespadi/Documents/shalpy/proyecto_final_grupo_14/install/proyecto_interfaces/share/proyecto_interfaces/local_setup.dsv
-- Installing: /home/juanespadi/Documents/shalpy/proyecto_final_grupo_14/install/proyecto_interfaces/share/proyecto_interfaces/package.dsv
-- Up-to-date: /home/juanespadi/Documents/shalpy/proyecto_final_grupo_14/install/proyecto_interfaces/share/ament_index/resource_index/packages/proyecto_interfaces
-- Up-to-date: /home/juanespadi/Documents/shalpy/proyecto_final_grupo_14/install/proyecto_interfaces/share/proyecto_interfaces/cmake/export_proyecto_interfaces__rosidl_generator_cExport.cmake
-- Up-to-date: /home/juanespadi/Documents/shalpy/proyecto_final_grupo_14/install/proyecto_interfaces/share/proyecto_interfaces/cmake/export_proyecto_interfaces__rosidl_generator_cExport-noconfig.cmake
-- Up-to-date: /home/juanespadi/Documents/shalpy/proyecto_final_grupo_14/install/proyecto_interfaces/share/proyecto_interfaces/cmake/export_proyecto_interfaces__rosidl_typesupport_fastrtps_cExport.cmake
-- Up-to-date: /home/juanespadi/Documents/shalpy/proyecto_final_grupo_14/install/proyecto_interfaces/share/proyecto_interfaces/cmake/export_proyecto_interfaces__rosidl_typesupport_fastrtps_cExport-noconfig.cmake
-- Up-to-date: /home/juanespadi/Documents/shalpy/proyecto_final_grupo_14/install/proyecto_interfaces/share/proyecto_interfaces/cmake/proyecto_interfaces__rosidl_typesupport_introspection_cExport.cmake
-- Up-to-date: /home/juanespadi/Documents/shalpy/proyecto_final_grupo_14/install/proyecto_interfaces/share/proyecto_interfaces/cmake/proyecto_interfaces__rosidl_typesupport_introspection_cExport-noconfig.cmake
-- Up-to-date: /home/juanespadi/Documents/shalpy/proyecto_final_grupo_14/install/proyecto_interfaces/share/proyecto_interfaces/cmake/proyecto_interfaces__rosidl_typesupport_cExport.cmake
-- Up-to-date: /home/juanespadi/Documents/shalpy/proyecto_final_grupo_14/install/proyecto_interfaces/share/proyecto_interfaces/cmake/proyecto_interfaces__rosidl_typesupport_cExport-noconfig.cmake
-- Up-to-date: /home/juanespadi/Documents/shalpy/proyecto_final_grupo_14/install/proyecto_interfaces/share/proyecto_interfaces/cmake/export_proyecto_interfaces__rosidl_generator_cppExport.cmake
-- Up-to-date: /home/juanespadi/Documents/shalpy/proyecto_final_grupo_14/install/proyecto_interfaces/share/proyecto_interfaces/cmake/export_proyecto_interfaces__rosidl_typesupport_fastrtps_cppExport.cmake
-- Up-to-date: /home/juanespadi/Documents/shalpy/proyecto_final_grupo_14/install/proyecto_interfaces/share/proyecto_interfaces/cmake/export_proyecto_interfaces__rosidl_typesupport_fastrtps_cppExport-noconfig.cmake
-- Up-to-date: /home/juanespadi/Documents/shalpy/proyecto_final_grupo_14/install/proyecto_interfaces/share/proyecto_interfaces/cmake/proyecto_interfaces__rosidl_typesupport_introspection_cppExport.cmake
-- Up-to-date: /home/juanespadi/Documents/shalpy/proyecto_final_grupo_14/install/proyecto_interfaces/share/proyecto_interfaces/cmake/proyecto_interfaces__rosidl_typesupport_introspection_cppExport-noconfig.cmake
-- Up-to-date: /home/juanespadi/Documents/shalpy/proyecto_final_grupo_14/install/proyecto_interfaces/share/proyecto_interfaces/cmake/proyecto_interfaces__rosidl_typesupport_cppExport.cmake
-- Up-to-date: /home/juanespadi/Documents/shalpy/proyecto_final_grupo_14/install/proyecto_interfaces/share/proyecto_interfaces/cmake/proyecto_interfaces__rosidl_typesupport_cppExport-noconfig.cmake
-- Up-to-date: /home/juanespadi/Documents/shalpy/proyecto_final_grupo_14/install/proyecto_interfaces/share/proyecto_interfaces/cmake/export_proyecto_interfaces__rosidl_generator_pyExport.cmake
-- Up-to-date: /home/juanespadi/Documents/shalpy/proyecto_final_grupo_14/install/proyecto_interfaces/share/proyecto_interfaces/cmake/export_proyecto_interfaces__rosidl_generator_pyExport-noconfig.cmake
-- Up-to-date: /home/juanespadi/Documents/shalpy/proyecto_final_grupo_14/install/proyecto_interfaces/share/proyecto_interfaces/cmake/rosidl_cmake-extras.cmake
-- Up-to-date: /home/juanespadi/Documents/shalpy/proyecto_final_grupo_14/install/proyecto_interfaces/share/proyecto_interfaces/cmake/ament_cmake_export_include_directories-extras.cmake
-- Up-to-date: /home/juanespadi/Documents/shalpy/proyecto_final_grupo_14/install/proyecto_interfaces/share/proyecto_interfaces/cmake/ament_cmake_export_libraries-extras.cmake
-- Up-to-date: /home/juanespadi/Documents/shalpy/proyecto_final_grupo_14/install/proyecto_interfaces/share/proyecto_interfaces/cmake/ament_cmake_export_targets-extras.cmake
-- Up-to-date: /home/juanespadi/Documents/shalpy/proyecto_final_grupo_14/install/proyecto_interfaces/share/proyecto_interfaces/cmake/rosidl_cmake_export_typesupport_targets-extras.cmake
-- Up-to-date: /home/juanespadi/Documents/shalpy/proyecto_final_grupo_14/install/proyecto_interfaces/share/proyecto_interfaces/cmake/ament_cmake_export_dependencies-extras.cmake
-- Up-to-date: /home/juanespadi/Documents/shalpy/proyecto_final_grupo_14/install/proyecto_interfaces/share/proyecto_interfaces/cmake/rosidl_cmake_export_typesupport_libraries-extras.cmake
-- Up-to-date: /home/juanespadi/Documents/shalpy/proyecto_final_grupo_14/install/proyecto_interfaces/share/proyecto_interfaces/cmake/proyecto_interfacesConfig.cmake
-- Up-to-date: /home/juanespadi/Documents/shalpy/proyecto_final_grupo_14/install/proyecto_interfaces/share/proyecto_interfaces/cmake/proyecto_interfacesConfig-version.cmake
-- Up-to-date: /home/juanespadi/Documents/shalpy/proyecto_final_grupo_14/install/proyecto_interfaces/share/proyecto_interfaces/package.xml
