[0.393s] Invoking command in '/home/juanespadi/Documents/shalpy/proyecto_final_grupo_14/build/proyecto_interfaces': CMAKE_PREFIX_PATH=${CMAKE_PREFIX_PATH}:/home/juanespadi/Documents/shalpy/proyecto_final_grupo_14/install/proyecto_master_pkg:/home/juanespadi/Documents/shalpy/proyecto_final_grupo_14/install/final_shalpy:/opt/ros/humble /usr/bin/cmake --build /home/juanespadi/Documents/shalpy/proyecto_final_grupo_14/build/proyecto_interfaces -- -j8 -l8
[0.469s] [  1%] Built target proyecto_interfaces__cpp
[0.482s] [ 12%] Built target proyecto_interfaces__rosidl_generator_c
[0.487s] [ 12%] Built target ament_cmake_python_copy_proyecto_interfaces
[0.535s] [ 23%] Built target proyecto_interfaces__rosidl_typesupport_cpp
[0.556s] [ 34%] Built target proyecto_interfaces__rosidl_typesupport_fastrtps_cpp
[0.557s] [ 56%] Built target proyecto_interfaces__rosidl_typesupport_introspection_cpp
[0.557s] [ 45%] Built target proyecto_interfaces__rosidl_typesupport_fastrtps_c
[0.560s] [ 67%] Built target proyecto_interfaces__rosidl_typesupport_introspection_c
[0.562s] [ 78%] Built target proyecto_interfaces__rosidl_typesupport_c
[0.590s] [ 78%] Built target proyecto_interfaces
[0.616s] [ 80%] Built target proyecto_interfaces__py
[0.641s] [ 89%] Built target proyecto_interfaces__rosidl_generator_py
[0.690s] [ 92%] Built target proyecto_interfaces__rosidl_typesupport_fastrtps_c__pyext
[0.692s] [ 96%] Built target proyecto_interfaces__rosidl_typesupport_introspection_c__pyext
[0.695s] [100%] Built target proyecto_interfaces__rosidl_typesupport_c__pyext
[1.075s] running egg_info
[1.076s] writing proyecto_interfaces.egg-info/PKG-INFO
[1.077s] writing dependency_links to proyecto_interfaces.egg-info/dependency_links.txt
[1.077s] writing top-level names to proyecto_interfaces.egg-info/top_level.txt
[1.083s] reading manifest file 'proyecto_interfaces.egg-info/SOURCES.txt'
[1.085s] writing manifest file 'proyecto_interfaces.egg-info/SOURCES.txt'
[1.129s] [100%] Built target ament_cmake_python_build_proyecto_interfaces_egg
[1.156s] Invoked command in '/home/juanespadi/Documents/shalpy/proyecto_final_grupo_14/build/proyecto_interfaces' returned '0': CMAKE_PREFIX_PATH=${CMAKE_PREFIX_PATH}:/home/juanespadi/Documents/shalpy/proyecto_final_grupo_14/install/proyecto_master_pkg:/home/juanespadi/Documents/shalpy/proyecto_final_grupo_14/install/final_shalpy:/opt/ros/humble /usr/bin/cmake --build /home/juanespadi/Documents/shalpy/proyecto_final_grupo_14/build/proyecto_interfaces -- -j8 -l8
[1.319s] Invoking command in '/home/juanespadi/Documents/shalpy/proyecto_final_grupo_14/build/proyecto_interfaces': CMAKE_PREFIX_PATH=${CMAKE_PREFIX_PATH}:/home/juanespadi/Documents/shalpy/proyecto_final_grupo_14/install/proyecto_master_pkg:/home/juanespadi/Documents/shalpy/proyecto_final_grupo_14/install/final_shalpy:/opt/ros/humble /usr/bin/cmake --install /home/juanespadi/Documents/shalpy/proyecto_final_grupo_14/build/proyecto_interfaces
[1.330s] -- Install configuration: ""
[1.330s] -- Up-to-date: /home/juanespadi/Documents/shalpy/proyecto_final_grupo_14/install/proyecto_interfaces/share/ament_index/resource_index/rosidl_interfaces/proyecto_interfaces
[1.330s] -- Up-to-date: /home/juanespadi/Documents/shalpy/proyecto_final_grupo_14/install/proyecto_interfaces/include/proyecto_interfaces/proyecto_interfaces
[1.331s] -- Up-to-date: /home/juanespadi/Documents/shalpy/proyecto_final_grupo_14/install/proyecto_interfaces/include/proyecto_interfaces/proyecto_interfaces/msg
[1.331s] -- Up-to-date: /home/juanespadi/Documents/shalpy/proyecto_final_grupo_14/install/proyecto_interfaces/include/proyecto_interfaces/proyecto_interfaces/msg/rosidl_generator_c__visibility_control.h
[1.331s] -- Up-to-date: /home/juanespadi/Documents/shalpy/proyecto_final_grupo_14/install/proyecto_interfaces/include/proyecto_interfaces/proyecto_interfaces/msg/banner.h
[1.331s] -- Up-to-date: /home/juanespadi/Documents/shalpy/proyecto_final_grupo_14/install/proyecto_interfaces/include/proyecto_interfaces/proyecto_interfaces/msg/detail
[1.332s] -- Up-to-date: /home/juanespadi/Documents/shalpy/proyecto_final_grupo_14/install/proyecto_interfaces/include/proyecto_interfaces/proyecto_interfaces/msg/detail/banner__functions.c
[1.332s] -- Up-to-date: /home/juanespadi/Documents/shalpy/proyecto_final_grupo_14/install/proyecto_interfaces/include/proyecto_interfaces/proyecto_interfaces/msg/detail/banner__struct.h
[1.332s] -- Up-to-date: /home/juanespadi/Documents/shalpy/proyecto_final_grupo_14/install/proyecto_interfaces/include/proyecto_interfaces/proyecto_interfaces/msg/detail/banner__type_support.h
[1.332s] -- Up-to-date: /home/juanespadi/Documents/shalpy/proyecto_final_grupo_14/install/proyecto_interfaces/include/proyecto_interfaces/proyecto_interfaces/msg/detail/banner__functions.h
[1.332s] -- Up-to-date: /home/juanespadi/Documents/shalpy/proyecto_final_grupo_14/install/proyecto_interfaces/include/proyecto_interfaces/proyecto_interfaces/srv
[1.332s] -- Up-to-date: /home/juanespadi/Documents/shalpy/proyecto_final_grupo_14/install/proyecto_interfaces/include/proyecto_interfaces/proyecto_interfaces/srv/start_perception_test.h
[1.333s] -- Up-to-date: /home/juanespadi/Documents/shalpy/proyecto_final_grupo_14/install/proyecto_interfaces/include/proyecto_interfaces/proyecto_interfaces/srv/start_navigation_test.h
[1.333s] -- Up-to-date: /home/juanespadi/Documents/shalpy/proyecto_final_grupo_14/install/proyecto_interfaces/include/proyecto_interfaces/proyecto_interfaces/srv/start_manipulation_test.h
[1.333s] -- Up-to-date: /home/juanespadi/Documents/shalpy/proyecto_final_grupo_14/install/proyecto_interfaces/include/proyecto_interfaces/proyecto_interfaces/srv/detail
[1.333s] -- Up-to-date: /home/juanespadi/Documents/shalpy/proyecto_final_grupo_14/install/proyecto_interfaces/include/proyecto_interfaces/proyecto_interfaces/srv/detail/start_navigation_test__struct.h
[1.333s] -- Up-to-date: /home/juanespadi/Documents/shalpy/proyecto_final_grupo_14/install/proyecto_interfaces/include/proyecto_interfaces/proyecto_interfaces/srv/detail/start_navigation_test__type_support.h
[1.333s] -- Up-to-date: /home/juanespadi/Documents/shalpy/proyecto_final_grupo_14/install/proyecto_interfaces/include/proyecto_interfaces/proyecto_interfaces/srv/detail/start_manipulation_test__functions.c
[1.334s] -- Up-to-date: /home/juanespadi/Documents/shalpy/proyecto_final_grupo_14/install/proyecto_interfaces/include/proyecto_interfaces/proyecto_interfaces/srv/detail/start_manipulation_test__functions.h
[1.334s] -- Up-to-date: /home/juanespadi/Documents/shalpy/proyecto_final_grupo_14/install/proyecto_interfaces/include/proyecto_interfaces/proyecto_interfaces/srv/detail/start_perception_test__functions.h
[1.334s] -- Up-to-date: /home/juanespadi/Documents/shalpy/proyecto_final_grupo_14/install/proyecto_interfaces/include/proyecto_interfaces/proyecto_interfaces/srv/detail/start_manipulation_test__type_support.h
[1.334s] -- Up-to-date: /home/juanespadi/Documents/shalpy/proyecto_final_grupo_14/install/proyecto_interfaces/include/proyecto_interfaces/proyecto_interfaces/srv/detail/start_perception_test__type_support.h
[1.334s] -- Up-to-date: /home/juanespadi/Documents/shalpy/proyecto_final_grupo_14/install/proyecto_interfaces/include/proyecto_interfaces/proyecto_interfaces/srv/detail/start_perception_test__functions.c
[1.334s] -- Up-to-date: /home/juanespadi/Documents/shalpy/proyecto_final_grupo_14/install/proyecto_interfaces/include/proyecto_interfaces/proyecto_interfaces/srv/detail/start_manipulation_test__struct.h
[1.334s] -- Up-to-date: /home/juanespadi/Documents/shalpy/proyecto_final_grupo_14/install/proyecto_interfaces/include/proyecto_interfaces/proyecto_interfaces/srv/detail/start_navigation_test__functions.h
[1.334s] -- Up-to-date: /home/juanespadi/Documents/shalpy/proyecto_final_grupo_14/install/proyecto_interfaces/include/proyecto_interfaces/proyecto_interfaces/srv/detail/start_navigation_test__functions.c
[1.334s] -- Up-to-date: /home/juanespadi/Documents/shalpy/proyecto_final_grupo_14/install/proyecto_interfaces/include/proyecto_interfaces/proyecto_interfaces/srv/detail/start_perception_test__struct.h
[1.335s] -- Up-to-date: /home/juanespadi/Documents/shalpy/proyecto_final_grupo_14/install/proyecto_interfaces/share/proyecto_interfaces/environment/library_path.sh
[1.335s] -- Up-to-date: /home/juanespadi/Documents/shalpy/proyecto_final_grupo_14/install/proyecto_interfaces/share/proyecto_interfaces/environment/library_path.dsv
[1.335s] -- Up-to-date: /home/juanespadi/Documents/shalpy/proyecto_final_grupo_14/install/proyecto_interfaces/lib/libproyecto_interfaces__rosidl_generator_c.so
[1.335s] -- Up-to-date: /home/juanespadi/Documents/shalpy/proyecto_final_grupo_14/install/proyecto_interfaces/include/proyecto_interfaces/proyecto_interfaces
[1.335s] -- Up-to-date: /home/juanespadi/Documents/shalpy/proyecto_final_grupo_14/install/proyecto_interfaces/include/proyecto_interfaces/proyecto_interfaces/msg
[1.335s] -- Up-to-date: /home/juanespadi/Documents/shalpy/proyecto_final_grupo_14/install/proyecto_interfaces/include/proyecto_interfaces/proyecto_interfaces/msg/detail
[1.335s] -- Up-to-date: /home/juanespadi/Documents/shalpy/proyecto_final_grupo_14/install/proyecto_interfaces/include/proyecto_interfaces/proyecto_interfaces/msg/detail/banner__rosidl_typesupport_fastrtps_c.h
[1.335s] -- Up-to-date: /home/juanespadi/Documents/shalpy/proyecto_final_grupo_14/install/proyecto_interfaces/include/proyecto_interfaces/proyecto_interfaces/msg/rosidl_typesupport_fastrtps_c__visibility_control.h
[1.335s] -- Up-to-date: /home/juanespadi/Documents/shalpy/proyecto_final_grupo_14/install/proyecto_interfaces/include/proyecto_interfaces/proyecto_interfaces/srv
[1.336s] -- Up-to-date: /home/juanespadi/Documents/shalpy/proyecto_final_grupo_14/install/proyecto_interfaces/include/proyecto_interfaces/proyecto_interfaces/srv/detail
[1.336s] -- Up-to-date: /home/juanespadi/Documents/shalpy/proyecto_final_grupo_14/install/proyecto_interfaces/include/proyecto_interfaces/proyecto_interfaces/srv/detail/start_navigation_test__rosidl_typesupport_fastrtps_c.h
[1.336s] -- Up-to-date: /home/juanespadi/Documents/shalpy/proyecto_final_grupo_14/install/proyecto_interfaces/include/proyecto_interfaces/proyecto_interfaces/srv/detail/start_manipulation_test__rosidl_typesupport_fastrtps_c.h
[1.336s] -- Up-to-date: /home/juanespadi/Documents/shalpy/proyecto_final_grupo_14/install/proyecto_interfaces/include/proyecto_interfaces/proyecto_interfaces/srv/detail/start_perception_test__rosidl_typesupport_fastrtps_c.h
[1.336s] -- Up-to-date: /home/juanespadi/Documents/shalpy/proyecto_final_grupo_14/install/proyecto_interfaces/lib/libproyecto_interfaces__rosidl_typesupport_fastrtps_c.so
[1.336s] -- Up-to-date: /home/juanespadi/Documents/shalpy/proyecto_final_grupo_14/install/proyecto_interfaces/include/proyecto_interfaces/proyecto_interfaces
[1.336s] -- Up-to-date: /home/juanespadi/Documents/shalpy/proyecto_final_grupo_14/install/proyecto_interfaces/include/proyecto_interfaces/proyecto_interfaces/msg
[1.336s] -- Up-to-date: /home/juanespadi/Documents/shalpy/proyecto_final_grupo_14/install/proyecto_interfaces/include/proyecto_interfaces/proyecto_interfaces/msg/detail
[1.336s] -- Up-to-date: /home/juanespadi/Documents/shalpy/proyecto_final_grupo_14/install/proyecto_interfaces/include/proyecto_interfaces/proyecto_interfaces/msg/detail/banner__rosidl_typesupport_introspection_c.h
[1.337s] -- Up-to-date: /home/juanespadi/Documents/shalpy/proyecto_final_grupo_14/install/proyecto_interfaces/include/proyecto_interfaces/proyecto_interfaces/msg/detail/banner__type_support.c
[1.337s] -- Up-to-date: /home/juanespadi/Documents/shalpy/proyecto_final_grupo_14/install/proyecto_interfaces/include/proyecto_interfaces/proyecto_interfaces/msg/rosidl_typesupport_introspection_c__visibility_control.h
[1.337s] -- Up-to-date: /home/juanespadi/Documents/shalpy/proyecto_final_grupo_14/install/proyecto_interfaces/include/proyecto_interfaces/proyecto_interfaces/srv
[1.337s] -- Up-to-date: /home/juanespadi/Documents/shalpy/proyecto_final_grupo_14/install/proyecto_interfaces/include/proyecto_interfaces/proyecto_interfaces/srv/detail
[1.337s] -- Up-to-date: /home/juanespadi/Documents/shalpy/proyecto_final_grupo_14/install/proyecto_interfaces/include/proyecto_interfaces/proyecto_interfaces/srv/detail/start_perception_test__type_support.c
[1.337s] -- Up-to-date: /home/juanespadi/Documents/shalpy/proyecto_final_grupo_14/install/proyecto_interfaces/include/proyecto_interfaces/proyecto_interfaces/srv/detail/start_manipulation_test__type_support.c
[1.338s] -- Up-to-date: /home/juanespadi/Documents/shalpy/proyecto_final_grupo_14/install/proyecto_interfaces/include/proyecto_interfaces/proyecto_interfaces/srv/detail/start_navigation_test__rosidl_typesupport_introspection_c.h
[1.338s] -- Up-to-date: /home/juanespadi/Documents/shalpy/proyecto_final_grupo_14/install/proyecto_interfaces/include/proyecto_interfaces/proyecto_interfaces/srv/detail/start_navigation_test__type_support.c
[1.338s] -- Up-to-date: /home/juanespadi/Documents/shalpy/proyecto_final_grupo_14/install/proyecto_interfaces/include/proyecto_interfaces/proyecto_interfaces/srv/detail/start_perception_test__rosidl_typesupport_introspection_c.h
[1.338s] -- Up-to-date: /home/juanespadi/Documents/shalpy/proyecto_final_grupo_14/install/proyecto_interfaces/include/proyecto_interfaces/proyecto_interfaces/srv/detail/start_manipulation_test__rosidl_typesupport_introspection_c.h
[1.339s] -- Up-to-date: /home/juanespadi/Documents/shalpy/proyecto_final_grupo_14/install/proyecto_interfaces/lib/libproyecto_interfaces__rosidl_typesupport_introspection_c.so
[1.339s] -- Up-to-date: /home/juanespadi/Documents/shalpy/proyecto_final_grupo_14/install/proyecto_interfaces/lib/libproyecto_interfaces__rosidl_typesupport_c.so
[1.339s] -- Up-to-date: /home/juanespadi/Documents/shalpy/proyecto_final_grupo_14/install/proyecto_interfaces/include/proyecto_interfaces/proyecto_interfaces
[1.339s] -- Up-to-date: /home/juanespadi/Documents/shalpy/proyecto_final_grupo_14/install/proyecto_interfaces/include/proyecto_interfaces/proyecto_interfaces/msg
[1.339s] -- Up-to-date: /home/juanespadi/Documents/shalpy/proyecto_final_grupo_14/install/proyecto_interfaces/include/proyecto_interfaces/proyecto_interfaces/msg/banner.hpp
[1.339s] -- Up-to-date: /home/juanespadi/Documents/shalpy/proyecto_final_grupo_14/install/proyecto_interfaces/include/proyecto_interfaces/proyecto_interfaces/msg/detail
[1.340s] -- Up-to-date: /home/juanespadi/Documents/shalpy/proyecto_final_grupo_14/install/proyecto_interfaces/include/proyecto_interfaces/proyecto_interfaces/msg/detail/banner__traits.hpp
[1.340s] -- Up-to-date: /home/juanespadi/Documents/shalpy/proyecto_final_grupo_14/install/proyecto_interfaces/include/proyecto_interfaces/proyecto_interfaces/msg/detail/banner__builder.hpp
[1.340s] -- Up-to-date: /home/juanespadi/Documents/shalpy/proyecto_final_grupo_14/install/proyecto_interfaces/include/proyecto_interfaces/proyecto_interfaces/msg/detail/banner__struct.hpp
[1.341s] -- Up-to-date: /home/juanespadi/Documents/shalpy/proyecto_final_grupo_14/install/proyecto_interfaces/include/proyecto_interfaces/proyecto_interfaces/srv
[1.341s] -- Up-to-date: /home/juanespadi/Documents/shalpy/proyecto_final_grupo_14/install/proyecto_interfaces/include/proyecto_interfaces/proyecto_interfaces/srv/detail
[1.342s] -- Up-to-date: /home/juanespadi/Documents/shalpy/proyecto_final_grupo_14/install/proyecto_interfaces/include/proyecto_interfaces/proyecto_interfaces/srv/detail/start_navigation_test__struct.hpp
[1.342s] -- Up-to-date: /home/juanespadi/Documents/shalpy/proyecto_final_grupo_14/install/proyecto_interfaces/include/proyecto_interfaces/proyecto_interfaces/srv/detail/start_manipulation_test__struct.hpp
[1.342s] -- Up-to-date: /home/juanespadi/Documents/shalpy/proyecto_final_grupo_14/install/proyecto_interfaces/include/proyecto_interfaces/proyecto_interfaces/srv/detail/start_navigation_test__traits.hpp
[1.342s] -- Up-to-date: /home/juanespadi/Documents/shalpy/proyecto_final_grupo_14/install/proyecto_interfaces/include/proyecto_interfaces/proyecto_interfaces/srv/detail/start_perception_test__traits.hpp
[1.342s] -- Up-to-date: /home/juanespadi/Documents/shalpy/proyecto_final_grupo_14/install/proyecto_interfaces/include/proyecto_interfaces/proyecto_interfaces/srv/detail/start_perception_test__struct.hpp
[1.343s] -- Up-to-date: /home/juanespadi/Documents/shalpy/proyecto_final_grupo_14/install/proyecto_interfaces/include/proyecto_interfaces/proyecto_interfaces/srv/detail/start_manipulation_test__builder.hpp
[1.343s] -- Up-to-date: /home/juanespadi/Documents/shalpy/proyecto_final_grupo_14/install/proyecto_interfaces/include/proyecto_interfaces/proyecto_interfaces/srv/detail/start_manipulation_test__traits.hpp
[1.343s] -- Up-to-date: /home/juanespadi/Documents/shalpy/proyecto_final_grupo_14/install/proyecto_interfaces/include/proyecto_interfaces/proyecto_interfaces/srv/detail/start_navigation_test__builder.hpp
[1.343s] -- Up-to-date: /home/juanespadi/Documents/shalpy/proyecto_final_grupo_14/install/proyecto_interfaces/include/proyecto_interfaces/proyecto_interfaces/srv/detail/start_perception_test__builder.hpp
[1.343s] -- Up-to-date: /home/juanespadi/Documents/shalpy/proyecto_final_grupo_14/install/proyecto_interfaces/include/proyecto_interfaces/proyecto_interfaces/srv/start_manipulation_test.hpp
[1.344s] -- Up-to-date: /home/juanespadi/Documents/shalpy/proyecto_final_grupo_14/install/proyecto_interfaces/include/proyecto_interfaces/proyecto_interfaces/srv/start_perception_test.hpp
[1.344s] -- Up-to-date: /home/juanespadi/Documents/shalpy/proyecto_final_grupo_14/install/proyecto_interfaces/include/proyecto_interfaces/proyecto_interfaces/srv/start_navigation_test.hpp
[1.344s] -- Up-to-date: /home/juanespadi/Documents/shalpy/proyecto_final_grupo_14/install/proyecto_interfaces/include/proyecto_interfaces/proyecto_interfaces
[1.344s] -- Up-to-date: /home/juanespadi/Documents/shalpy/proyecto_final_grupo_14/install/proyecto_interfaces/include/proyecto_interfaces/proyecto_interfaces/msg
[1.344s] -- Up-to-date: /home/juanespadi/Documents/shalpy/proyecto_final_grupo_14/install/proyecto_interfaces/include/proyecto_interfaces/proyecto_interfaces/msg/rosidl_typesupport_fastrtps_cpp__visibility_control.h
[1.345s] -- Up-to-date: /home/juanespadi/Documents/shalpy/proyecto_final_grupo_14/install/proyecto_interfaces/include/proyecto_interfaces/proyecto_interfaces/msg/detail
[1.345s] -- Up-to-date: /home/juanespadi/Documents/shalpy/proyecto_final_grupo_14/install/proyecto_interfaces/include/proyecto_interfaces/proyecto_interfaces/msg/detail/dds_fastrtps
[1.346s] -- Up-to-date: /home/juanespadi/Documents/shalpy/proyecto_final_grupo_14/install/proyecto_interfaces/include/proyecto_interfaces/proyecto_interfaces/msg/detail/banner__rosidl_typesupport_fastrtps_cpp.hpp
[1.346s] -- Up-to-date: /home/juanespadi/Documents/shalpy/proyecto_final_grupo_14/install/proyecto_interfaces/include/proyecto_interfaces/proyecto_interfaces/srv
[1.346s] -- Up-to-date: /home/juanespadi/Documents/shalpy/proyecto_final_grupo_14/install/proyecto_interfaces/include/proyecto_interfaces/proyecto_interfaces/srv/detail
[1.346s] -- Up-to-date: /home/juanespadi/Documents/shalpy/proyecto_final_grupo_14/install/proyecto_interfaces/include/proyecto_interfaces/proyecto_interfaces/srv/detail/start_navigation_test__rosidl_typesupport_fastrtps_cpp.hpp
[1.347s] -- Up-to-date: /home/juanespadi/Documents/shalpy/proyecto_final_grupo_14/install/proyecto_interfaces/include/proyecto_interfaces/proyecto_interfaces/srv/detail/start_perception_test__rosidl_typesupport_fastrtps_cpp.hpp
[1.347s] -- Up-to-date: /home/juanespadi/Documents/shalpy/proyecto_final_grupo_14/install/proyecto_interfaces/include/proyecto_interfaces/proyecto_interfaces/srv/detail/dds_fastrtps
[1.347s] -- Up-to-date: /home/juanespadi/Documents/shalpy/proyecto_final_grupo_14/install/proyecto_interfaces/include/proyecto_interfaces/proyecto_interfaces/srv/detail/start_manipulation_test__rosidl_typesupport_fastrtps_cpp.hpp
[1.347s] -- Up-to-date: /home/juanespadi/Documents/shalpy/proyecto_final_grupo_14/install/proyecto_interfaces/lib/libproyecto_interfaces__rosidl_typesupport_fastrtps_cpp.so
[1.347s] -- Up-to-date: /home/juanespadi/Documents/shalpy/proyecto_final_grupo_14/install/proyecto_interfaces/include/proyecto_interfaces/proyecto_interfaces
[1.348s] -- Up-to-date: /home/juanespadi/Documents/shalpy/proyecto_final_grupo_14/install/proyecto_interfaces/include/proyecto_interfaces/proyecto_interfaces/msg
[1.348s] -- Up-to-date: /home/juanespadi/Documents/shalpy/proyecto_final_grupo_14/install/proyecto_interfaces/include/proyecto_interfaces/proyecto_interfaces/msg/detail
[1.348s] -- Up-to-date: /home/juanespadi/Documents/shalpy/proyecto_final_grupo_14/install/proyecto_interfaces/include/proyecto_interfaces/proyecto_interfaces/msg/detail/banner__rosidl_typesupport_introspection_cpp.hpp
[1.348s] -- Up-to-date: /home/juanespadi/Documents/shalpy/proyecto_final_grupo_14/install/proyecto_interfaces/include/proyecto_interfaces/proyecto_interfaces/msg/detail/banner__type_support.cpp
[1.348s] -- Up-to-date: /home/juanespadi/Documents/shalpy/proyecto_final_grupo_14/install/proyecto_interfaces/include/proyecto_interfaces/proyecto_interfaces/srv
[1.349s] -- Up-to-date: /home/juanespadi/Documents/shalpy/proyecto_final_grupo_14/install/proyecto_interfaces/include/proyecto_interfaces/proyecto_interfaces/srv/detail
[1.349s] -- Up-to-date: /home/juanespadi/Documents/shalpy/proyecto_final_grupo_14/install/proyecto_interfaces/include/proyecto_interfaces/proyecto_interfaces/srv/detail/start_manipulation_test__type_support.cpp
[1.349s] -- Up-to-date: /home/juanespadi/Documents/shalpy/proyecto_final_grupo_14/install/proyecto_interfaces/include/proyecto_interfaces/proyecto_interfaces/srv/detail/start_manipulation_test__rosidl_typesupport_introspection_cpp.hpp
[1.349s] -- Up-to-date: /home/juanespadi/Documents/shalpy/proyecto_final_grupo_14/install/proyecto_interfaces/include/proyecto_interfaces/proyecto_interfaces/srv/detail/start_perception_test__type_support.cpp
[1.350s] -- Up-to-date: /home/juanespadi/Documents/shalpy/proyecto_final_grupo_14/install/proyecto_interfaces/include/proyecto_interfaces/proyecto_interfaces/srv/detail/start_navigation_test__type_support.cpp
[1.350s] -- Up-to-date: /home/juanespadi/Documents/shalpy/proyecto_final_grupo_14/install/proyecto_interfaces/include/proyecto_interfaces/proyecto_interfaces/srv/detail/start_navigation_test__rosidl_typesupport_introspection_cpp.hpp
[1.350s] -- Up-to-date: /home/juanespadi/Documents/shalpy/proyecto_final_grupo_14/install/proyecto_interfaces/include/proyecto_interfaces/proyecto_interfaces/srv/detail/start_perception_test__rosidl_typesupport_introspection_cpp.hpp
[1.350s] -- Up-to-date: /home/juanespadi/Documents/shalpy/proyecto_final_grupo_14/install/proyecto_interfaces/lib/libproyecto_interfaces__rosidl_typesupport_introspection_cpp.so
[1.350s] -- Up-to-date: /home/juanespadi/Documents/shalpy/proyecto_final_grupo_14/install/proyecto_interfaces/lib/libproyecto_interfaces__rosidl_typesupport_cpp.so
[1.350s] -- Up-to-date: /home/juanespadi/Documents/shalpy/proyecto_final_grupo_14/install/proyecto_interfaces/share/proyecto_interfaces/environment/pythonpath.sh
[1.351s] -- Up-to-date: /home/juanespadi/Documents/shalpy/proyecto_final_grupo_14/install/proyecto_interfaces/share/proyecto_interfaces/environment/pythonpath.dsv
[1.351s] -- Up-to-date: /home/juanespadi/Documents/shalpy/proyecto_final_grupo_14/install/proyecto_interfaces/local/lib/python3.10/dist-packages/proyecto_interfaces-0.0.0-py3.10.egg-info
[1.351s] -- Installing: /home/juanespadi/Documents/shalpy/proyecto_final_grupo_14/install/proyecto_interfaces/local/lib/python3.10/dist-packages/proyecto_interfaces-0.0.0-py3.10.egg-info/SOURCES.txt
[1.351s] -- Installing: /home/juanespadi/Documents/shalpy/proyecto_final_grupo_14/install/proyecto_interfaces/local/lib/python3.10/dist-packages/proyecto_interfaces-0.0.0-py3.10.egg-info/dependency_links.txt
[1.352s] -- Installing: /home/juanespadi/Documents/shalpy/proyecto_final_grupo_14/install/proyecto_interfaces/local/lib/python3.10/dist-packages/proyecto_interfaces-0.0.0-py3.10.egg-info/top_level.txt
[1.352s] -- Installing: /home/juanespadi/Documents/shalpy/proyecto_final_grupo_14/install/proyecto_interfaces/local/lib/python3.10/dist-packages/proyecto_interfaces-0.0.0-py3.10.egg-info/PKG-INFO
[1.352s] -- Up-to-date: /home/juanespadi/Documents/shalpy/proyecto_final_grupo_14/install/proyecto_interfaces/local/lib/python3.10/dist-packages/proyecto_interfaces
[1.352s] -- Up-to-date: /home/juanespadi/Documents/shalpy/proyecto_final_grupo_14/install/proyecto_interfaces/local/lib/python3.10/dist-packages/proyecto_interfaces/msg
[1.352s] -- Up-to-date: /home/juanespadi/Documents/shalpy/proyecto_final_grupo_14/install/proyecto_interfaces/local/lib/python3.10/dist-packages/proyecto_interfaces/msg/__init__.py
[1.352s] -- Up-to-date: /home/juanespadi/Documents/shalpy/proyecto_final_grupo_14/install/proyecto_interfaces/local/lib/python3.10/dist-packages/proyecto_interfaces/msg/_banner.py
[1.353s] -- Up-to-date: /home/juanespadi/Documents/shalpy/proyecto_final_grupo_14/install/proyecto_interfaces/local/lib/python3.10/dist-packages/proyecto_interfaces/msg/_banner_s.c
[1.353s] -- Up-to-date: /home/juanespadi/Documents/shalpy/proyecto_final_grupo_14/install/proyecto_interfaces/local/lib/python3.10/dist-packages/proyecto_interfaces/__init__.py
[1.353s] -- Up-to-date: /home/juanespadi/Documents/shalpy/proyecto_final_grupo_14/install/proyecto_interfaces/local/lib/python3.10/dist-packages/proyecto_interfaces/libproyecto_interfaces__rosidl_generator_py.so
[1.353s] -- Up-to-date: /home/juanespadi/Documents/shalpy/proyecto_final_grupo_14/install/proyecto_interfaces/local/lib/python3.10/dist-packages/proyecto_interfaces/_proyecto_interfaces_s.ep.rosidl_typesupport_fastrtps_c.c
[1.353s] -- Up-to-date: /home/juanespadi/Documents/shalpy/proyecto_final_grupo_14/install/proyecto_interfaces/local/lib/python3.10/dist-packages/proyecto_interfaces/proyecto_interfaces_s__rosidl_typesupport_introspection_c.cpython-310-x86_64-linux-gnu.so
[1.354s] -- Up-to-date: /home/juanespadi/Documents/shalpy/proyecto_final_grupo_14/install/proyecto_interfaces/local/lib/python3.10/dist-packages/proyecto_interfaces/proyecto_interfaces_s__rosidl_typesupport_c.cpython-310-x86_64-linux-gnu.so
[1.354s] -- Up-to-date: /home/juanespadi/Documents/shalpy/proyecto_final_grupo_14/install/proyecto_interfaces/local/lib/python3.10/dist-packages/proyecto_interfaces/srv
[1.354s] -- Up-to-date: /home/juanespadi/Documents/shalpy/proyecto_final_grupo_14/install/proyecto_interfaces/local/lib/python3.10/dist-packages/proyecto_interfaces/srv/_start_perception_test_s.c
[1.354s] -- Up-to-date: /home/juanespadi/Documents/shalpy/proyecto_final_grupo_14/install/proyecto_interfaces/local/lib/python3.10/dist-packages/proyecto_interfaces/srv/_start_perception_test.py
[1.354s] -- Up-to-date: /home/juanespadi/Documents/shalpy/proyecto_final_grupo_14/install/proyecto_interfaces/local/lib/python3.10/dist-packages/proyecto_interfaces/srv/_start_manipulation_test.py
[1.354s] -- Up-to-date: /home/juanespadi/Documents/shalpy/proyecto_final_grupo_14/install/proyecto_interfaces/local/lib/python3.10/dist-packages/proyecto_interfaces/srv/__init__.py
[1.355s] -- Up-to-date: /home/juanespadi/Documents/shalpy/proyecto_final_grupo_14/install/proyecto_interfaces/local/lib/python3.10/dist-packages/proyecto_interfaces/srv/_start_navigation_test_s.c
[1.355s] -- Up-to-date: /home/juanespadi/Documents/shalpy/proyecto_final_grupo_14/install/proyecto_interfaces/local/lib/python3.10/dist-packages/proyecto_interfaces/srv/_start_navigation_test.py
[1.355s] -- Up-to-date: /home/juanespadi/Documents/shalpy/proyecto_final_grupo_14/install/proyecto_interfaces/local/lib/python3.10/dist-packages/proyecto_interfaces/srv/_start_manipulation_test_s.c
[1.355s] -- Up-to-date: /home/juanespadi/Documents/shalpy/proyecto_final_grupo_14/install/proyecto_interfaces/local/lib/python3.10/dist-packages/proyecto_interfaces/_proyecto_interfaces_s.ep.rosidl_typesupport_introspection_c.c
[1.355s] -- Up-to-date: /home/juanespadi/Documents/shalpy/proyecto_final_grupo_14/install/proyecto_interfaces/local/lib/python3.10/dist-packages/proyecto_interfaces/proyecto_interfaces_s__rosidl_typesupport_fastrtps_c.cpython-310-x86_64-linux-gnu.so
[1.356s] -- Up-to-date: /home/juanespadi/Documents/shalpy/proyecto_final_grupo_14/install/proyecto_interfaces/local/lib/python3.10/dist-packages/proyecto_interfaces/_proyecto_interfaces_s.ep.rosidl_typesupport_c.c
[1.390s] Listing '/home/juanespadi/Documents/shalpy/proyecto_final_grupo_14/install/proyecto_interfaces/local/lib/python3.10/dist-packages/proyecto_interfaces'...
[1.390s] Listing '/home/juanespadi/Documents/shalpy/proyecto_final_grupo_14/install/proyecto_interfaces/local/lib/python3.10/dist-packages/proyecto_interfaces/msg'...
[1.390s] Listing '/home/juanespadi/Documents/shalpy/proyecto_final_grupo_14/install/proyecto_interfaces/local/lib/python3.10/dist-packages/proyecto_interfaces/srv'...
[1.399s] -- Up-to-date: /home/juanespadi/Documents/shalpy/proyecto_final_grupo_14/install/proyecto_interfaces/local/lib/python3.10/dist-packages/proyecto_interfaces/proyecto_interfaces_s__rosidl_typesupport_fastrtps_c.cpython-310-x86_64-linux-gnu.so
[1.399s] -- Up-to-date: /home/juanespadi/Documents/shalpy/proyecto_final_grupo_14/install/proyecto_interfaces/local/lib/python3.10/dist-packages/proyecto_interfaces/proyecto_interfaces_s__rosidl_typesupport_introspection_c.cpython-310-x86_64-linux-gnu.so
[1.400s] -- Up-to-date: /home/juanespadi/Documents/shalpy/proyecto_final_grupo_14/install/proyecto_interfaces/local/lib/python3.10/dist-packages/proyecto_interfaces/proyecto_interfaces_s__rosidl_typesupport_c.cpython-310-x86_64-linux-gnu.so
[1.400s] -- Up-to-date: /home/juanespadi/Documents/shalpy/proyecto_final_grupo_14/install/proyecto_interfaces/lib/libproyecto_interfaces__rosidl_generator_py.so
[1.400s] -- Up-to-date: /home/juanespadi/Documents/shalpy/proyecto_final_grupo_14/install/proyecto_interfaces/share/proyecto_interfaces/msg/Banner.idl
[1.401s] -- Up-to-date: /home/juanespadi/Documents/shalpy/proyecto_final_grupo_14/install/proyecto_interfaces/share/proyecto_interfaces/srv/StartNavigationTest.idl
[1.401s] -- Up-to-date: /home/juanespadi/Documents/shalpy/proyecto_final_grupo_14/install/proyecto_interfaces/share/proyecto_interfaces/srv/StartPerceptionTest.idl
[1.401s] -- Up-to-date: /home/juanespadi/Documents/shalpy/proyecto_final_grupo_14/install/proyecto_interfaces/share/proyecto_interfaces/srv/StartManipulationTest.idl
[1.401s] -- Up-to-date: /home/juanespadi/Documents/shalpy/proyecto_final_grupo_14/install/proyecto_interfaces/share/proyecto_interfaces/msg/Banner.msg
[1.401s] -- Up-to-date: /home/juanespadi/Documents/shalpy/proyecto_final_grupo_14/install/proyecto_interfaces/share/proyecto_interfaces/srv/StartNavigationTest.srv
[1.401s] -- Up-to-date: /home/juanespadi/Documents/shalpy/proyecto_final_grupo_14/install/proyecto_interfaces/share/proyecto_interfaces/srv/StartNavigationTest_Request.msg
[1.401s] -- Up-to-date: /home/juanespadi/Documents/shalpy/proyecto_final_grupo_14/install/proyecto_interfaces/share/proyecto_interfaces/srv/StartNavigationTest_Response.msg
[1.402s] -- Up-to-date: /home/juanespadi/Documents/shalpy/proyecto_final_grupo_14/install/proyecto_interfaces/share/proyecto_interfaces/srv/StartPerceptionTest.srv
[1.402s] -- Up-to-date: /home/juanespadi/Documents/shalpy/proyecto_final_grupo_14/install/proyecto_interfaces/share/proyecto_interfaces/srv/StartPerceptionTest_Request.msg
[1.402s] -- Up-to-date: /home/juanespadi/Documents/shalpy/proyecto_final_grupo_14/install/proyecto_interfaces/share/proyecto_interfaces/srv/StartPerceptionTest_Response.msg
[1.402s] -- Up-to-date: /home/juanespadi/Documents/shalpy/proyecto_final_grupo_14/install/proyecto_interfaces/share/proyecto_interfaces/srv/StartManipulationTest.srv
[1.402s] -- Up-to-date: /home/juanespadi/Documents/shalpy/proyecto_final_grupo_14/install/proyecto_interfaces/share/proyecto_interfaces/srv/StartManipulationTest_Request.msg
[1.402s] -- Up-to-date: /home/juanespadi/Documents/shalpy/proyecto_final_grupo_14/install/proyecto_interfaces/share/proyecto_interfaces/srv/StartManipulationTest_Response.msg
[1.403s] -- Up-to-date: /home/juanespadi/Documents/shalpy/proyecto_final_grupo_14/install/proyecto_interfaces/share/ament_index/resource_index/package_run_dependencies/proyecto_interfaces
[1.403s] -- Up-to-date: /home/juanespadi/Documents/shalpy/proyecto_final_grupo_14/install/proyecto_interfaces/share/ament_index/resource_index/parent_prefix_path/proyecto_interfaces
[1.403s] -- Up-to-date: /home/juanespadi/Documents/shalpy/proyecto_final_grupo_14/install/proyecto_interfaces/share/proyecto_interfaces/environment/ament_prefix_path.sh
[1.404s] -- Up-to-date: /home/juanespadi/Documents/shalpy/proyecto_final_grupo_14/install/proyecto_interfaces/share/proyecto_interfaces/environment/ament_prefix_path.dsv
[1.404s] -- Up-to-date: /home/juanespadi/Documents/shalpy/proyecto_final_grupo_14/install/proyecto_interfaces/share/proyecto_interfaces/environment/path.sh
[1.404s] -- Up-to-date: /home/juanespadi/Documents/shalpy/proyecto_final_grupo_14/install/proyecto_interfaces/share/proyecto_interfaces/environment/path.dsv
[1.405s] -- Up-to-date: /home/juanespadi/Documents/shalpy/proyecto_final_grupo_14/install/proyecto_interfaces/share/proyecto_interfaces/local_setup.bash
[1.405s] -- Up-to-date: /home/juanespadi/Documents/shalpy/proyecto_final_grupo_14/install/proyecto_interfaces/share/proyecto_interfaces/local_setup.sh
[1.405s] -- Up-to-date: /home/juanespadi/Documents/shalpy/proyecto_final_grupo_14/install/proyecto_interfaces/share/proyecto_interfaces/local_setup.zsh
[1.405s] -- Up-to-date: /home/juanespadi/Documents/shalpy/proyecto_final_grupo_14/install/proyecto_interfaces/share/proyecto_interfaces/local_setup.dsv
[1.405s] -- Installing: /home/juanespadi/Documents/shalpy/proyecto_final_grupo_14/install/proyecto_interfaces/share/proyecto_interfaces/package.dsv
[1.406s] -- Up-to-date: /home/juanespadi/Documents/shalpy/proyecto_final_grupo_14/install/proyecto_interfaces/share/ament_index/resource_index/packages/proyecto_interfaces
[1.406s] -- Up-to-date: /home/juanespadi/Documents/shalpy/proyecto_final_grupo_14/install/proyecto_interfaces/share/proyecto_interfaces/cmake/export_proyecto_interfaces__rosidl_generator_cExport.cmake
[1.406s] -- Up-to-date: /home/juanespadi/Documents/shalpy/proyecto_final_grupo_14/install/proyecto_interfaces/share/proyecto_interfaces/cmake/export_proyecto_interfaces__rosidl_generator_cExport-noconfig.cmake
[1.406s] -- Up-to-date: /home/juanespadi/Documents/shalpy/proyecto_final_grupo_14/install/proyecto_interfaces/share/proyecto_interfaces/cmake/export_proyecto_interfaces__rosidl_typesupport_fastrtps_cExport.cmake
[1.406s] -- Up-to-date: /home/juanespadi/Documents/shalpy/proyecto_final_grupo_14/install/proyecto_interfaces/share/proyecto_interfaces/cmake/export_proyecto_interfaces__rosidl_typesupport_fastrtps_cExport-noconfig.cmake
[1.407s] -- Up-to-date: /home/juanespadi/Documents/shalpy/proyecto_final_grupo_14/install/proyecto_interfaces/share/proyecto_interfaces/cmake/proyecto_interfaces__rosidl_typesupport_introspection_cExport.cmake
[1.407s] -- Up-to-date: /home/juanespadi/Documents/shalpy/proyecto_final_grupo_14/install/proyecto_interfaces/share/proyecto_interfaces/cmake/proyecto_interfaces__rosidl_typesupport_introspection_cExport-noconfig.cmake
[1.407s] -- Up-to-date: /home/juanespadi/Documents/shalpy/proyecto_final_grupo_14/install/proyecto_interfaces/share/proyecto_interfaces/cmake/proyecto_interfaces__rosidl_typesupport_cExport.cmake
[1.407s] -- Up-to-date: /home/juanespadi/Documents/shalpy/proyecto_final_grupo_14/install/proyecto_interfaces/share/proyecto_interfaces/cmake/proyecto_interfaces__rosidl_typesupport_cExport-noconfig.cmake
[1.407s] -- Up-to-date: /home/juanespadi/Documents/shalpy/proyecto_final_grupo_14/install/proyecto_interfaces/share/proyecto_interfaces/cmake/export_proyecto_interfaces__rosidl_generator_cppExport.cmake
[1.407s] -- Up-to-date: /home/juanespadi/Documents/shalpy/proyecto_final_grupo_14/install/proyecto_interfaces/share/proyecto_interfaces/cmake/export_proyecto_interfaces__rosidl_typesupport_fastrtps_cppExport.cmake
[1.407s] -- Up-to-date: /home/juanespadi/Documents/shalpy/proyecto_final_grupo_14/install/proyecto_interfaces/share/proyecto_interfaces/cmake/export_proyecto_interfaces__rosidl_typesupport_fastrtps_cppExport-noconfig.cmake
[1.408s] -- Up-to-date: /home/juanespadi/Documents/shalpy/proyecto_final_grupo_14/install/proyecto_interfaces/share/proyecto_interfaces/cmake/proyecto_interfaces__rosidl_typesupport_introspection_cppExport.cmake
[1.408s] -- Up-to-date: /home/juanespadi/Documents/shalpy/proyecto_final_grupo_14/install/proyecto_interfaces/share/proyecto_interfaces/cmake/proyecto_interfaces__rosidl_typesupport_introspection_cppExport-noconfig.cmake
[1.408s] -- Up-to-date: /home/juanespadi/Documents/shalpy/proyecto_final_grupo_14/install/proyecto_interfaces/share/proyecto_interfaces/cmake/proyecto_interfaces__rosidl_typesupport_cppExport.cmake
[1.408s] -- Up-to-date: /home/juanespadi/Documents/shalpy/proyecto_final_grupo_14/install/proyecto_interfaces/share/proyecto_interfaces/cmake/proyecto_interfaces__rosidl_typesupport_cppExport-noconfig.cmake
[1.408s] -- Up-to-date: /home/juanespadi/Documents/shalpy/proyecto_final_grupo_14/install/proyecto_interfaces/share/proyecto_interfaces/cmake/export_proyecto_interfaces__rosidl_generator_pyExport.cmake
[1.408s] -- Up-to-date: /home/juanespadi/Documents/shalpy/proyecto_final_grupo_14/install/proyecto_interfaces/share/proyecto_interfaces/cmake/export_proyecto_interfaces__rosidl_generator_pyExport-noconfig.cmake
[1.408s] -- Up-to-date: /home/juanespadi/Documents/shalpy/proyecto_final_grupo_14/install/proyecto_interfaces/share/proyecto_interfaces/cmake/rosidl_cmake-extras.cmake
[1.409s] -- Up-to-date: /home/juanespadi/Documents/shalpy/proyecto_final_grupo_14/install/proyecto_interfaces/share/proyecto_interfaces/cmake/ament_cmake_export_include_directories-extras.cmake
[1.409s] -- Up-to-date: /home/juanespadi/Documents/shalpy/proyecto_final_grupo_14/install/proyecto_interfaces/share/proyecto_interfaces/cmake/ament_cmake_export_libraries-extras.cmake
[1.415s] -- Up-to-date: /home/juanespadi/Documents/shalpy/proyecto_final_grupo_14/install/proyecto_interfaces/share/proyecto_interfaces/cmake/ament_cmake_export_targets-extras.cmake
[1.416s] -- Up-to-date: /home/juanespadi/Documents/shalpy/proyecto_final_grupo_14/install/proyecto_interfaces/share/proyecto_interfaces/cmake/rosidl_cmake_export_typesupport_targets-extras.cmake
[1.416s] -- Up-to-date: /home/juanespadi/Documents/shalpy/proyecto_final_grupo_14/install/proyecto_interfaces/share/proyecto_interfaces/cmake/ament_cmake_export_dependencies-extras.cmake
[1.416s] -- Up-to-date: /home/juanespadi/Documents/shalpy/proyecto_final_grupo_14/install/proyecto_interfaces/share/proyecto_interfaces/cmake/rosidl_cmake_export_typesupport_libraries-extras.cmake
[1.417s] -- Up-to-date: /home/juanespadi/Documents/shalpy/proyecto_final_grupo_14/install/proyecto_interfaces/share/proyecto_interfaces/cmake/proyecto_interfacesConfig.cmake
[1.417s] -- Up-to-date: /home/juanespadi/Documents/shalpy/proyecto_final_grupo_14/install/proyecto_interfaces/share/proyecto_interfaces/cmake/proyecto_interfacesConfig-version.cmake
[1.417s] -- Up-to-date: /home/juanespadi/Documents/shalpy/proyecto_final_grupo_14/install/proyecto_interfaces/share/proyecto_interfaces/package.xml
[1.418s] Invoked command in '/home/juanespadi/Documents/shalpy/proyecto_final_grupo_14/build/proyecto_interfaces' returned '0': CMAKE_PREFIX_PATH=${CMAKE_PREFIX_PATH}:/home/juanespadi/Documents/shalpy/proyecto_final_grupo_14/install/proyecto_master_pkg:/home/juanespadi/Documents/shalpy/proyecto_final_grupo_14/install/final_shalpy:/opt/ros/humble /usr/bin/cmake --install /home/juanespadi/Documents/shalpy/proyecto_final_grupo_14/build/proyecto_interfaces
