[0.964s] Invoking command in '/home/jp/camera_ws/src/cameraraspy': PYTHONPATH=/home/jp/camera_ws/build/cameraraspy/prefix_override:/home/jp/camera_ws/install/cameraraspy/lib/python3.10/site-packages:${PYTHONPATH} /usr/bin/python3 setup.py egg_info --egg-base ../../build/cameraraspy build --build-base /home/jp/camera_ws/build/cameraraspy/build install --record /home/jp/camera_ws/build/cameraraspy/install.log --single-version-externally-managed
[1.333s] running egg_info
[1.334s] writing ../../build/cameraraspy/cameraraspy.egg-info/PKG-INFO
[1.335s] writing dependency_links to ../../build/cameraraspy/cameraraspy.egg-info/dependency_links.txt
[1.335s] writing entry points to ../../build/cameraraspy/cameraraspy.egg-info/entry_points.txt
[1.336s] writing requirements to ../../build/cameraraspy/cameraraspy.egg-info/requires.txt
[1.336s] writing top-level names to ../../build/cameraraspy/cameraraspy.egg-info/top_level.txt
[1.339s] reading manifest file '../../build/cameraraspy/cameraraspy.egg-info/SOURCES.txt'
[1.341s] writing manifest file '../../build/cameraraspy/cameraraspy.egg-info/SOURCES.txt'
[1.341s] running build
[1.341s] running build_py
[1.341s] running install
[1.342s] /usr/lib/python3/dist-packages/setuptools/command/install.py:34: SetuptoolsDeprecationWarning: setup.py install is deprecated. Use build and pip and other standards-based tools.
[1.342s]   warnings.warn(
[1.342s] running install_lib
[1.345s] running install_data
[1.346s] running install_egg_info
[1.348s] removing '/home/jp/camera_ws/install/cameraraspy/lib/python3.10/site-packages/cameraraspy-0.0.0-py3.10.egg-info' (and everything under it)
[1.348s] Copying ../../build/cameraraspy/cameraraspy.egg-info to /home/jp/camera_ws/install/cameraraspy/lib/python3.10/site-packages/cameraraspy-0.0.0-py3.10.egg-info
[1.350s] running install_scripts
[1.385s] Installing rec_image script to /home/jp/camera_ws/install/cameraraspy/lib/cameraraspy
[1.386s] Installing sent_image script to /home/jp/camera_ws/install/cameraraspy/lib/cameraraspy
[1.386s] writing list of installed files to '/home/jp/camera_ws/build/cameraraspy/install.log'
[1.430s] Invoked command in '/home/jp/camera_ws/src/cameraraspy' returned '0': PYTHONPATH=/home/jp/camera_ws/build/cameraraspy/prefix_override:/home/jp/camera_ws/install/cameraraspy/lib/python3.10/site-packages:${PYTHONPATH} /usr/bin/python3 setup.py egg_info --egg-base ../../build/cameraraspy build --build-base /home/jp/camera_ws/build/cameraraspy/build install --record /home/jp/camera_ws/build/cameraraspy/install.log --single-version-externally-managed
