[0.354s] Invoking command in '/home/juanespadi/Documents/shalpy/proyecto_final_grupo_14/build/player_interfaces': CMAKE_PREFIX_PATH=${CMAKE_PREFIX_PATH}:/home/juanespadi/Documents/shalpy/proyecto_final_grupo_14/install/final_shalpy:/opt/ros/humble /usr/bin/cmake --build /home/juanespadi/Documents/shalpy/proyecto_final_grupo_14/build/player_interfaces -- -j8 -l8
[0.410s] [  2%] Built target player_interfaces__cpp
[0.420s] [ 12%] Built target player_interfaces__rosidl_generator_c
[0.422s] [ 12%] Built target ament_cmake_python_copy_player_interfaces
[0.445s] [ 23%] Built target player_interfaces__rosidl_typesupport_fastrtps_cpp
[0.446s] [ 34%] Built target player_interfaces__rosidl_typesupport_cpp
[0.448s] [ 44%] Built target player_interfaces__rosidl_typesupport_introspection_cpp
[0.455s] [ 55%] Built target player_interfaces__rosidl_typesupport_c
[0.456s] [ 65%] Built target player_interfaces__rosidl_typesupport_introspection_c
[0.461s] [ 76%] Built target player_interfaces__rosidl_typesupport_fastrtps_c
[0.483s] [ 76%] Built target player_interfaces
[0.505s] [ 78%] Built target player_interfaces__py
[0.529s] [ 87%] Built target player_interfaces__rosidl_generator_py
[0.554s] [ 91%] Built target player_interfaces__rosidl_typesupport_c__pyext
[0.555s] [ 95%] Built target player_interfaces__rosidl_typesupport_introspection_c__pyext
[0.556s] [100%] Built target player_interfaces__rosidl_typesupport_fastrtps_c__pyext
[0.768s] running egg_info
[0.769s] writing player_interfaces.egg-info/PKG-INFO
[0.769s] writing dependency_links to player_interfaces.egg-info/dependency_links.txt
[0.769s] writing top-level names to player_interfaces.egg-info/top_level.txt
[0.772s] reading manifest file 'player_interfaces.egg-info/SOURCES.txt'
[0.772s] writing manifest file 'player_interfaces.egg-info/SOURCES.txt'
[0.802s] [100%] Built target ament_cmake_python_build_player_interfaces_egg
[0.816s] Invoked command in '/home/juanespadi/Documents/shalpy/proyecto_final_grupo_14/build/player_interfaces' returned '0': CMAKE_PREFIX_PATH=${CMAKE_PREFIX_PATH}:/home/juanespadi/Documents/shalpy/proyecto_final_grupo_14/install/final_shalpy:/opt/ros/humble /usr/bin/cmake --build /home/juanespadi/Documents/shalpy/proyecto_final_grupo_14/build/player_interfaces -- -j8 -l8
[0.937s] Invoking command in '/home/juanespadi/Documents/shalpy/proyecto_final_grupo_14/build/player_interfaces': CMAKE_PREFIX_PATH=${CMAKE_PREFIX_PATH}:/home/juanespadi/Documents/shalpy/proyecto_final_grupo_14/install/final_shalpy:/opt/ros/humble /usr/bin/cmake --install /home/juanespadi/Documents/shalpy/proyecto_final_grupo_14/build/player_interfaces
[0.947s] -- Install configuration: ""
[0.948s] -- Up-to-date: /home/juanespadi/Documents/shalpy/proyecto_final_grupo_14/install/player_interfaces/share/ament_index/resource_index/rosidl_interfaces/player_interfaces
[0.948s] -- Up-to-date: /home/juanespadi/Documents/shalpy/proyecto_final_grupo_14/install/player_interfaces/include/player_interfaces/player_interfaces
[0.948s] -- Up-to-date: /home/juanespadi/Documents/shalpy/proyecto_final_grupo_14/install/player_interfaces/include/player_interfaces/player_interfaces/msg
[0.948s] -- Up-to-date: /home/juanespadi/Documents/shalpy/proyecto_final_grupo_14/install/player_interfaces/include/player_interfaces/player_interfaces/msg/trace.h
[0.948s] -- Up-to-date: /home/juanespadi/Documents/shalpy/proyecto_final_grupo_14/install/player_interfaces/include/player_interfaces/player_interfaces/msg/rosidl_generator_c__visibility_control.h
[0.948s] -- Up-to-date: /home/juanespadi/Documents/shalpy/proyecto_final_grupo_14/install/player_interfaces/include/player_interfaces/player_interfaces/msg/detail
[0.948s] -- Up-to-date: /home/juanespadi/Documents/shalpy/proyecto_final_grupo_14/install/player_interfaces/include/player_interfaces/player_interfaces/msg/detail/trace__functions.h
[0.949s] -- Up-to-date: /home/juanespadi/Documents/shalpy/proyecto_final_grupo_14/install/player_interfaces/include/player_interfaces/player_interfaces/msg/detail/trace__type_support.h
[0.949s] -- Up-to-date: /home/juanespadi/Documents/shalpy/proyecto_final_grupo_14/install/player_interfaces/include/player_interfaces/player_interfaces/msg/detail/trace__functions.c
[0.949s] -- Up-to-date: /home/juanespadi/Documents/shalpy/proyecto_final_grupo_14/install/player_interfaces/include/player_interfaces/player_interfaces/msg/detail/trace__struct.h
[0.949s] -- Up-to-date: /home/juanespadi/Documents/shalpy/proyecto_final_grupo_14/install/player_interfaces/include/player_interfaces/player_interfaces/srv
[0.949s] -- Up-to-date: /home/juanespadi/Documents/shalpy/proyecto_final_grupo_14/install/player_interfaces/include/player_interfaces/player_interfaces/srv/player.h
[0.949s] -- Up-to-date: /home/juanespadi/Documents/shalpy/proyecto_final_grupo_14/install/player_interfaces/include/player_interfaces/player_interfaces/srv/player_hardware.h
[0.949s] -- Up-to-date: /home/juanespadi/Documents/shalpy/proyecto_final_grupo_14/install/player_interfaces/include/player_interfaces/player_interfaces/srv/detail
[0.949s] -- Up-to-date: /home/juanespadi/Documents/shalpy/proyecto_final_grupo_14/install/player_interfaces/include/player_interfaces/player_interfaces/srv/detail/player__functions.h
[0.949s] -- Up-to-date: /home/juanespadi/Documents/shalpy/proyecto_final_grupo_14/install/player_interfaces/include/player_interfaces/player_interfaces/srv/detail/player_hardware__type_support.h
[0.950s] -- Up-to-date: /home/juanespadi/Documents/shalpy/proyecto_final_grupo_14/install/player_interfaces/include/player_interfaces/player_interfaces/srv/detail/player_hardware__functions.h
[0.950s] -- Up-to-date: /home/juanespadi/Documents/shalpy/proyecto_final_grupo_14/install/player_interfaces/include/player_interfaces/player_interfaces/srv/detail/player__functions.c
[0.950s] -- Up-to-date: /home/juanespadi/Documents/shalpy/proyecto_final_grupo_14/install/player_interfaces/include/player_interfaces/player_interfaces/srv/detail/player_hardware__struct.h
[0.950s] -- Up-to-date: /home/juanespadi/Documents/shalpy/proyecto_final_grupo_14/install/player_interfaces/include/player_interfaces/player_interfaces/srv/detail/player_hardware__functions.c
[0.950s] -- Up-to-date: /home/juanespadi/Documents/shalpy/proyecto_final_grupo_14/install/player_interfaces/include/player_interfaces/player_interfaces/srv/detail/player__struct.h
[0.950s] -- Up-to-date: /home/juanespadi/Documents/shalpy/proyecto_final_grupo_14/install/player_interfaces/include/player_interfaces/player_interfaces/srv/detail/player__type_support.h
[0.950s] -- Up-to-date: /home/juanespadi/Documents/shalpy/proyecto_final_grupo_14/install/player_interfaces/share/player_interfaces/environment/library_path.sh
[0.950s] -- Up-to-date: /home/juanespadi/Documents/shalpy/proyecto_final_grupo_14/install/player_interfaces/share/player_interfaces/environment/library_path.dsv
[0.950s] -- Up-to-date: /home/juanespadi/Documents/shalpy/proyecto_final_grupo_14/install/player_interfaces/lib/libplayer_interfaces__rosidl_generator_c.so
[0.951s] -- Up-to-date: /home/juanespadi/Documents/shalpy/proyecto_final_grupo_14/install/player_interfaces/include/player_interfaces/player_interfaces
[0.951s] -- Up-to-date: /home/juanespadi/Documents/shalpy/proyecto_final_grupo_14/install/player_interfaces/include/player_interfaces/player_interfaces/msg
[0.951s] -- Up-to-date: /home/juanespadi/Documents/shalpy/proyecto_final_grupo_14/install/player_interfaces/include/player_interfaces/player_interfaces/msg/detail
[0.951s] -- Up-to-date: /home/juanespadi/Documents/shalpy/proyecto_final_grupo_14/install/player_interfaces/include/player_interfaces/player_interfaces/msg/detail/trace__rosidl_typesupport_fastrtps_c.h
[0.951s] -- Up-to-date: /home/juanespadi/Documents/shalpy/proyecto_final_grupo_14/install/player_interfaces/include/player_interfaces/player_interfaces/msg/rosidl_typesupport_fastrtps_c__visibility_control.h
[0.951s] -- Up-to-date: /home/juanespadi/Documents/shalpy/proyecto_final_grupo_14/install/player_interfaces/include/player_interfaces/player_interfaces/srv
[0.951s] -- Up-to-date: /home/juanespadi/Documents/shalpy/proyecto_final_grupo_14/install/player_interfaces/include/player_interfaces/player_interfaces/srv/detail
[0.952s] -- Up-to-date: /home/juanespadi/Documents/shalpy/proyecto_final_grupo_14/install/player_interfaces/include/player_interfaces/player_interfaces/srv/detail/player__rosidl_typesupport_fastrtps_c.h
[0.952s] -- Up-to-date: /home/juanespadi/Documents/shalpy/proyecto_final_grupo_14/install/player_interfaces/include/player_interfaces/player_interfaces/srv/detail/player_hardware__rosidl_typesupport_fastrtps_c.h
[0.952s] -- Up-to-date: /home/juanespadi/Documents/shalpy/proyecto_final_grupo_14/install/player_interfaces/lib/libplayer_interfaces__rosidl_typesupport_fastrtps_c.so
[0.952s] -- Up-to-date: /home/juanespadi/Documents/shalpy/proyecto_final_grupo_14/install/player_interfaces/include/player_interfaces/player_interfaces
[0.952s] -- Up-to-date: /home/juanespadi/Documents/shalpy/proyecto_final_grupo_14/install/player_interfaces/include/player_interfaces/player_interfaces/msg
[0.952s] -- Up-to-date: /home/juanespadi/Documents/shalpy/proyecto_final_grupo_14/install/player_interfaces/include/player_interfaces/player_interfaces/msg/trace.hpp
[0.953s] -- Up-to-date: /home/juanespadi/Documents/shalpy/proyecto_final_grupo_14/install/player_interfaces/include/player_interfaces/player_interfaces/msg/detail
[0.953s] -- Up-to-date: /home/juanespadi/Documents/shalpy/proyecto_final_grupo_14/install/player_interfaces/include/player_interfaces/player_interfaces/msg/detail/trace__builder.hpp
[0.953s] -- Up-to-date: /home/juanespadi/Documents/shalpy/proyecto_final_grupo_14/install/player_interfaces/include/player_interfaces/player_interfaces/msg/detail/trace__struct.hpp
[0.953s] -- Up-to-date: /home/juanespadi/Documents/shalpy/proyecto_final_grupo_14/install/player_interfaces/include/player_interfaces/player_interfaces/msg/detail/trace__traits.hpp
[0.953s] -- Up-to-date: /home/juanespadi/Documents/shalpy/proyecto_final_grupo_14/install/player_interfaces/include/player_interfaces/player_interfaces/srv
[0.953s] -- Up-to-date: /home/juanespadi/Documents/shalpy/proyecto_final_grupo_14/install/player_interfaces/include/player_interfaces/player_interfaces/srv/player_hardware.hpp
[0.953s] -- Up-to-date: /home/juanespadi/Documents/shalpy/proyecto_final_grupo_14/install/player_interfaces/include/player_interfaces/player_interfaces/srv/player.hpp
[0.953s] -- Up-to-date: /home/juanespadi/Documents/shalpy/proyecto_final_grupo_14/install/player_interfaces/include/player_interfaces/player_interfaces/srv/detail
[0.954s] -- Up-to-date: /home/juanespadi/Documents/shalpy/proyecto_final_grupo_14/install/player_interfaces/include/player_interfaces/player_interfaces/srv/detail/player__traits.hpp
[0.954s] -- Up-to-date: /home/juanespadi/Documents/shalpy/proyecto_final_grupo_14/install/player_interfaces/include/player_interfaces/player_interfaces/srv/detail/player__struct.hpp
[0.954s] -- Up-to-date: /home/juanespadi/Documents/shalpy/proyecto_final_grupo_14/install/player_interfaces/include/player_interfaces/player_interfaces/srv/detail/player_hardware__builder.hpp
[0.954s] -- Up-to-date: /home/juanespadi/Documents/shalpy/proyecto_final_grupo_14/install/player_interfaces/include/player_interfaces/player_interfaces/srv/detail/player_hardware__traits.hpp
[0.954s] -- Up-to-date: /home/juanespadi/Documents/shalpy/proyecto_final_grupo_14/install/player_interfaces/include/player_interfaces/player_interfaces/srv/detail/player_hardware__struct.hpp
[0.954s] -- Up-to-date: /home/juanespadi/Documents/shalpy/proyecto_final_grupo_14/install/player_interfaces/include/player_interfaces/player_interfaces/srv/detail/player__builder.hpp
[0.954s] -- Up-to-date: /home/juanespadi/Documents/shalpy/proyecto_final_grupo_14/install/player_interfaces/include/player_interfaces/player_interfaces
[0.954s] -- Up-to-date: /home/juanespadi/Documents/shalpy/proyecto_final_grupo_14/install/player_interfaces/include/player_interfaces/player_interfaces/msg
[0.954s] -- Up-to-date: /home/juanespadi/Documents/shalpy/proyecto_final_grupo_14/install/player_interfaces/include/player_interfaces/player_interfaces/msg/rosidl_typesupport_fastrtps_cpp__visibility_control.h
[0.954s] -- Up-to-date: /home/juanespadi/Documents/shalpy/proyecto_final_grupo_14/install/player_interfaces/include/player_interfaces/player_interfaces/msg/detail
[0.955s] -- Up-to-date: /home/juanespadi/Documents/shalpy/proyecto_final_grupo_14/install/player_interfaces/include/player_interfaces/player_interfaces/msg/detail/trace__rosidl_typesupport_fastrtps_cpp.hpp
[0.955s] -- Up-to-date: /home/juanespadi/Documents/shalpy/proyecto_final_grupo_14/install/player_interfaces/include/player_interfaces/player_interfaces/msg/detail/dds_fastrtps
[0.955s] -- Up-to-date: /home/juanespadi/Documents/shalpy/proyecto_final_grupo_14/install/player_interfaces/include/player_interfaces/player_interfaces/srv
[0.955s] -- Up-to-date: /home/juanespadi/Documents/shalpy/proyecto_final_grupo_14/install/player_interfaces/include/player_interfaces/player_interfaces/srv/detail
[0.955s] -- Up-to-date: /home/juanespadi/Documents/shalpy/proyecto_final_grupo_14/install/player_interfaces/include/player_interfaces/player_interfaces/srv/detail/player_hardware__rosidl_typesupport_fastrtps_cpp.hpp
[0.955s] -- Up-to-date: /home/juanespadi/Documents/shalpy/proyecto_final_grupo_14/install/player_interfaces/include/player_interfaces/player_interfaces/srv/detail/dds_fastrtps
[0.955s] -- Up-to-date: /home/juanespadi/Documents/shalpy/proyecto_final_grupo_14/install/player_interfaces/include/player_interfaces/player_interfaces/srv/detail/player__rosidl_typesupport_fastrtps_cpp.hpp
[0.955s] -- Up-to-date: /home/juanespadi/Documents/shalpy/proyecto_final_grupo_14/install/player_interfaces/lib/libplayer_interfaces__rosidl_typesupport_fastrtps_cpp.so
[0.955s] -- Up-to-date: /home/juanespadi/Documents/shalpy/proyecto_final_grupo_14/install/player_interfaces/include/player_interfaces/player_interfaces
[0.956s] -- Up-to-date: /home/juanespadi/Documents/shalpy/proyecto_final_grupo_14/install/player_interfaces/include/player_interfaces/player_interfaces/msg
[0.956s] -- Up-to-date: /home/juanespadi/Documents/shalpy/proyecto_final_grupo_14/install/player_interfaces/include/player_interfaces/player_interfaces/msg/detail
[0.956s] -- Up-to-date: /home/juanespadi/Documents/shalpy/proyecto_final_grupo_14/install/player_interfaces/include/player_interfaces/player_interfaces/msg/detail/trace__type_support.c
[0.956s] -- Up-to-date: /home/juanespadi/Documents/shalpy/proyecto_final_grupo_14/install/player_interfaces/include/player_interfaces/player_interfaces/msg/detail/trace__rosidl_typesupport_introspection_c.h
[0.956s] -- Up-to-date: /home/juanespadi/Documents/shalpy/proyecto_final_grupo_14/install/player_interfaces/include/player_interfaces/player_interfaces/msg/rosidl_typesupport_introspection_c__visibility_control.h
[0.956s] -- Up-to-date: /home/juanespadi/Documents/shalpy/proyecto_final_grupo_14/install/player_interfaces/include/player_interfaces/player_interfaces/srv
[0.956s] -- Up-to-date: /home/juanespadi/Documents/shalpy/proyecto_final_grupo_14/install/player_interfaces/include/player_interfaces/player_interfaces/srv/detail
[0.956s] -- Up-to-date: /home/juanespadi/Documents/shalpy/proyecto_final_grupo_14/install/player_interfaces/include/player_interfaces/player_interfaces/srv/detail/player_hardware__type_support.c
[0.956s] -- Up-to-date: /home/juanespadi/Documents/shalpy/proyecto_final_grupo_14/install/player_interfaces/include/player_interfaces/player_interfaces/srv/detail/player__rosidl_typesupport_introspection_c.h
[0.956s] -- Up-to-date: /home/juanespadi/Documents/shalpy/proyecto_final_grupo_14/install/player_interfaces/include/player_interfaces/player_interfaces/srv/detail/player__type_support.c
[0.957s] -- Up-to-date: /home/juanespadi/Documents/shalpy/proyecto_final_grupo_14/install/player_interfaces/include/player_interfaces/player_interfaces/srv/detail/player_hardware__rosidl_typesupport_introspection_c.h
[0.957s] -- Up-to-date: /home/juanespadi/Documents/shalpy/proyecto_final_grupo_14/install/player_interfaces/lib/libplayer_interfaces__rosidl_typesupport_introspection_c.so
[0.957s] -- Up-to-date: /home/juanespadi/Documents/shalpy/proyecto_final_grupo_14/install/player_interfaces/lib/libplayer_interfaces__rosidl_typesupport_c.so
[0.957s] -- Up-to-date: /home/juanespadi/Documents/shalpy/proyecto_final_grupo_14/install/player_interfaces/include/player_interfaces/player_interfaces
[0.957s] -- Up-to-date: /home/juanespadi/Documents/shalpy/proyecto_final_grupo_14/install/player_interfaces/include/player_interfaces/player_interfaces/msg
[0.957s] -- Up-to-date: /home/juanespadi/Documents/shalpy/proyecto_final_grupo_14/install/player_interfaces/include/player_interfaces/player_interfaces/msg/detail
[0.957s] -- Up-to-date: /home/juanespadi/Documents/shalpy/proyecto_final_grupo_14/install/player_interfaces/include/player_interfaces/player_interfaces/msg/detail/trace__type_support.cpp
[0.957s] -- Up-to-date: /home/juanespadi/Documents/shalpy/proyecto_final_grupo_14/install/player_interfaces/include/player_interfaces/player_interfaces/msg/detail/trace__rosidl_typesupport_introspection_cpp.hpp
[0.957s] -- Up-to-date: /home/juanespadi/Documents/shalpy/proyecto_final_grupo_14/install/player_interfaces/include/player_interfaces/player_interfaces/srv
[0.957s] -- Up-to-date: /home/juanespadi/Documents/shalpy/proyecto_final_grupo_14/install/player_interfaces/include/player_interfaces/player_interfaces/srv/detail
[0.957s] -- Up-to-date: /home/juanespadi/Documents/shalpy/proyecto_final_grupo_14/install/player_interfaces/include/player_interfaces/player_interfaces/srv/detail/player__type_support.cpp
[0.958s] -- Up-to-date: /home/juanespadi/Documents/shalpy/proyecto_final_grupo_14/install/player_interfaces/include/player_interfaces/player_interfaces/srv/detail/player__rosidl_typesupport_introspection_cpp.hpp
[0.958s] -- Up-to-date: /home/juanespadi/Documents/shalpy/proyecto_final_grupo_14/install/player_interfaces/include/player_interfaces/player_interfaces/srv/detail/player_hardware__rosidl_typesupport_introspection_cpp.hpp
[0.958s] -- Up-to-date: /home/juanespadi/Documents/shalpy/proyecto_final_grupo_14/install/player_interfaces/include/player_interfaces/player_interfaces/srv/detail/player_hardware__type_support.cpp
[0.958s] -- Up-to-date: /home/juanespadi/Documents/shalpy/proyecto_final_grupo_14/install/player_interfaces/lib/libplayer_interfaces__rosidl_typesupport_introspection_cpp.so
[0.958s] -- Up-to-date: /home/juanespadi/Documents/shalpy/proyecto_final_grupo_14/install/player_interfaces/lib/libplayer_interfaces__rosidl_typesupport_cpp.so
[0.958s] -- Up-to-date: /home/juanespadi/Documents/shalpy/proyecto_final_grupo_14/install/player_interfaces/share/player_interfaces/environment/pythonpath.sh
[0.958s] -- Up-to-date: /home/juanespadi/Documents/shalpy/proyecto_final_grupo_14/install/player_interfaces/share/player_interfaces/environment/pythonpath.dsv
[0.958s] -- Up-to-date: /home/juanespadi/Documents/shalpy/proyecto_final_grupo_14/install/player_interfaces/local/lib/python3.10/dist-packages/player_interfaces-0.0.0-py3.10.egg-info
[0.958s] -- Installing: /home/juanespadi/Documents/shalpy/proyecto_final_grupo_14/install/player_interfaces/local/lib/python3.10/dist-packages/player_interfaces-0.0.0-py3.10.egg-info/SOURCES.txt
[0.958s] -- Installing: /home/juanespadi/Documents/shalpy/proyecto_final_grupo_14/install/player_interfaces/local/lib/python3.10/dist-packages/player_interfaces-0.0.0-py3.10.egg-info/dependency_links.txt
[0.959s] -- Installing: /home/juanespadi/Documents/shalpy/proyecto_final_grupo_14/install/player_interfaces/local/lib/python3.10/dist-packages/player_interfaces-0.0.0-py3.10.egg-info/top_level.txt
[0.959s] -- Installing: /home/juanespadi/Documents/shalpy/proyecto_final_grupo_14/install/player_interfaces/local/lib/python3.10/dist-packages/player_interfaces-0.0.0-py3.10.egg-info/PKG-INFO
[0.959s] -- Up-to-date: /home/juanespadi/Documents/shalpy/proyecto_final_grupo_14/install/player_interfaces/local/lib/python3.10/dist-packages/player_interfaces
[0.959s] -- Up-to-date: /home/juanespadi/Documents/shalpy/proyecto_final_grupo_14/install/player_interfaces/local/lib/python3.10/dist-packages/player_interfaces/player_interfaces_s__rosidl_typesupport_fastrtps_c.cpython-310-x86_64-linux-gnu.so
[0.959s] -- Up-to-date: /home/juanespadi/Documents/shalpy/proyecto_final_grupo_14/install/player_interfaces/local/lib/python3.10/dist-packages/player_interfaces/msg
[0.959s] -- Up-to-date: /home/juanespadi/Documents/shalpy/proyecto_final_grupo_14/install/player_interfaces/local/lib/python3.10/dist-packages/player_interfaces/msg/_trace.py
[0.960s] -- Up-to-date: /home/juanespadi/Documents/shalpy/proyecto_final_grupo_14/install/player_interfaces/local/lib/python3.10/dist-packages/player_interfaces/msg/__init__.py
[0.960s] -- Up-to-date: /home/juanespadi/Documents/shalpy/proyecto_final_grupo_14/install/player_interfaces/local/lib/python3.10/dist-packages/player_interfaces/msg/_trace_s.c
[0.960s] -- Up-to-date: /home/juanespadi/Documents/shalpy/proyecto_final_grupo_14/install/player_interfaces/local/lib/python3.10/dist-packages/player_interfaces/_player_interfaces_s.ep.rosidl_typesupport_fastrtps_c.c
[0.960s] -- Up-to-date: /home/juanespadi/Documents/shalpy/proyecto_final_grupo_14/install/player_interfaces/local/lib/python3.10/dist-packages/player_interfaces/player_interfaces_s__rosidl_typesupport_introspection_c.cpython-310-x86_64-linux-gnu.so
[0.960s] -- Up-to-date: /home/juanespadi/Documents/shalpy/proyecto_final_grupo_14/install/player_interfaces/local/lib/python3.10/dist-packages/player_interfaces/_player_interfaces_s.ep.rosidl_typesupport_introspection_c.c
[0.960s] -- Up-to-date: /home/juanespadi/Documents/shalpy/proyecto_final_grupo_14/install/player_interfaces/local/lib/python3.10/dist-packages/player_interfaces/libplayer_interfaces__rosidl_generator_py.so
[0.960s] -- Up-to-date: /home/juanespadi/Documents/shalpy/proyecto_final_grupo_14/install/player_interfaces/local/lib/python3.10/dist-packages/player_interfaces/player_interfaces_s__rosidl_typesupport_c.cpython-310-x86_64-linux-gnu.so
[0.960s] -- Up-to-date: /home/juanespadi/Documents/shalpy/proyecto_final_grupo_14/install/player_interfaces/local/lib/python3.10/dist-packages/player_interfaces/__init__.py
[0.960s] -- Up-to-date: /home/juanespadi/Documents/shalpy/proyecto_final_grupo_14/install/player_interfaces/local/lib/python3.10/dist-packages/player_interfaces/_player_interfaces_s.ep.rosidl_typesupport_c.c
[0.960s] -- Up-to-date: /home/juanespadi/Documents/shalpy/proyecto_final_grupo_14/install/player_interfaces/local/lib/python3.10/dist-packages/player_interfaces/srv
[0.960s] -- Up-to-date: /home/juanespadi/Documents/shalpy/proyecto_final_grupo_14/install/player_interfaces/local/lib/python3.10/dist-packages/player_interfaces/srv/_player_s.c
[0.961s] -- Up-to-date: /home/juanespadi/Documents/shalpy/proyecto_final_grupo_14/install/player_interfaces/local/lib/python3.10/dist-packages/player_interfaces/srv/__init__.py
[0.961s] -- Up-to-date: /home/juanespadi/Documents/shalpy/proyecto_final_grupo_14/install/player_interfaces/local/lib/python3.10/dist-packages/player_interfaces/srv/_player_hardware.py
[0.961s] -- Up-to-date: /home/juanespadi/Documents/shalpy/proyecto_final_grupo_14/install/player_interfaces/local/lib/python3.10/dist-packages/player_interfaces/srv/_player.py
[0.961s] -- Up-to-date: /home/juanespadi/Documents/shalpy/proyecto_final_grupo_14/install/player_interfaces/local/lib/python3.10/dist-packages/player_interfaces/srv/_player_hardware_s.c
[1.002s] Listing '/home/juanespadi/Documents/shalpy/proyecto_final_grupo_14/install/player_interfaces/local/lib/python3.10/dist-packages/player_interfaces'...
[1.002s] Listing '/home/juanespadi/Documents/shalpy/proyecto_final_grupo_14/install/player_interfaces/local/lib/python3.10/dist-packages/player_interfaces/msg'...
[1.002s] Listing '/home/juanespadi/Documents/shalpy/proyecto_final_grupo_14/install/player_interfaces/local/lib/python3.10/dist-packages/player_interfaces/srv'...
[1.007s] -- Up-to-date: /home/juanespadi/Documents/shalpy/proyecto_final_grupo_14/install/player_interfaces/local/lib/python3.10/dist-packages/player_interfaces/player_interfaces_s__rosidl_typesupport_fastrtps_c.cpython-310-x86_64-linux-gnu.so
[1.008s] -- Up-to-date: /home/juanespadi/Documents/shalpy/proyecto_final_grupo_14/install/player_interfaces/local/lib/python3.10/dist-packages/player_interfaces/player_interfaces_s__rosidl_typesupport_introspection_c.cpython-310-x86_64-linux-gnu.so
[1.008s] -- Up-to-date: /home/juanespadi/Documents/shalpy/proyecto_final_grupo_14/install/player_interfaces/local/lib/python3.10/dist-packages/player_interfaces/player_interfaces_s__rosidl_typesupport_c.cpython-310-x86_64-linux-gnu.so
[1.009s] -- Up-to-date: /home/juanespadi/Documents/shalpy/proyecto_final_grupo_14/install/player_interfaces/lib/libplayer_interfaces__rosidl_generator_py.so
[1.009s] -- Up-to-date: /home/juanespadi/Documents/shalpy/proyecto_final_grupo_14/install/player_interfaces/share/player_interfaces/srv/Player.idl
[1.009s] -- Up-to-date: /home/juanespadi/Documents/shalpy/proyecto_final_grupo_14/install/player_interfaces/share/player_interfaces/srv/PlayerHardware.idl
[1.009s] -- Up-to-date: /home/juanespadi/Documents/shalpy/proyecto_final_grupo_14/install/player_interfaces/share/player_interfaces/msg/Trace.idl
[1.010s] -- Up-to-date: /home/juanespadi/Documents/shalpy/proyecto_final_grupo_14/install/player_interfaces/share/player_interfaces/srv/Player.srv
[1.010s] -- Up-to-date: /home/juanespadi/Documents/shalpy/proyecto_final_grupo_14/install/player_interfaces/share/player_interfaces/srv/Player_Request.msg
[1.010s] -- Up-to-date: /home/juanespadi/Documents/shalpy/proyecto_final_grupo_14/install/player_interfaces/share/player_interfaces/srv/Player_Response.msg
[1.010s] -- Up-to-date: /home/juanespadi/Documents/shalpy/proyecto_final_grupo_14/install/player_interfaces/share/player_interfaces/srv/PlayerHardware.srv
[1.010s] -- Up-to-date: /home/juanespadi/Documents/shalpy/proyecto_final_grupo_14/install/player_interfaces/share/player_interfaces/srv/PlayerHardware_Request.msg
[1.010s] -- Up-to-date: /home/juanespadi/Documents/shalpy/proyecto_final_grupo_14/install/player_interfaces/share/player_interfaces/srv/PlayerHardware_Response.msg
[1.010s] -- Up-to-date: /home/juanespadi/Documents/shalpy/proyecto_final_grupo_14/install/player_interfaces/share/player_interfaces/msg/Trace.msg
[1.011s] -- Up-to-date: /home/juanespadi/Documents/shalpy/proyecto_final_grupo_14/install/player_interfaces/share/ament_index/resource_index/package_run_dependencies/player_interfaces
[1.011s] -- Up-to-date: /home/juanespadi/Documents/shalpy/proyecto_final_grupo_14/install/player_interfaces/share/ament_index/resource_index/parent_prefix_path/player_interfaces
[1.011s] -- Up-to-date: /home/juanespadi/Documents/shalpy/proyecto_final_grupo_14/install/player_interfaces/share/player_interfaces/environment/ament_prefix_path.sh
[1.011s] -- Up-to-date: /home/juanespadi/Documents/shalpy/proyecto_final_grupo_14/install/player_interfaces/share/player_interfaces/environment/ament_prefix_path.dsv
[1.011s] -- Up-to-date: /home/juanespadi/Documents/shalpy/proyecto_final_grupo_14/install/player_interfaces/share/player_interfaces/environment/path.sh
[1.011s] -- Up-to-date: /home/juanespadi/Documents/shalpy/proyecto_final_grupo_14/install/player_interfaces/share/player_interfaces/environment/path.dsv
[1.011s] -- Up-to-date: /home/juanespadi/Documents/shalpy/proyecto_final_grupo_14/install/player_interfaces/share/player_interfaces/local_setup.bash
[1.011s] -- Up-to-date: /home/juanespadi/Documents/shalpy/proyecto_final_grupo_14/install/player_interfaces/share/player_interfaces/local_setup.sh
[1.012s] -- Up-to-date: /home/juanespadi/Documents/shalpy/proyecto_final_grupo_14/install/player_interfaces/share/player_interfaces/local_setup.zsh
[1.012s] -- Up-to-date: /home/juanespadi/Documents/shalpy/proyecto_final_grupo_14/install/player_interfaces/share/player_interfaces/local_setup.dsv
[1.012s] -- Installing: /home/juanespadi/Documents/shalpy/proyecto_final_grupo_14/install/player_interfaces/share/player_interfaces/package.dsv
[1.012s] -- Up-to-date: /home/juanespadi/Documents/shalpy/proyecto_final_grupo_14/install/player_interfaces/share/ament_index/resource_index/packages/player_interfaces
[1.012s] -- Up-to-date: /home/juanespadi/Documents/shalpy/proyecto_final_grupo_14/install/player_interfaces/share/player_interfaces/cmake/export_player_interfaces__rosidl_generator_cExport.cmake
[1.012s] -- Up-to-date: /home/juanespadi/Documents/shalpy/proyecto_final_grupo_14/install/player_interfaces/share/player_interfaces/cmake/export_player_interfaces__rosidl_generator_cExport-noconfig.cmake
[1.012s] -- Up-to-date: /home/juanespadi/Documents/shalpy/proyecto_final_grupo_14/install/player_interfaces/share/player_interfaces/cmake/export_player_interfaces__rosidl_typesupport_fastrtps_cExport.cmake
[1.012s] -- Up-to-date: /home/juanespadi/Documents/shalpy/proyecto_final_grupo_14/install/player_interfaces/share/player_interfaces/cmake/export_player_interfaces__rosidl_typesupport_fastrtps_cExport-noconfig.cmake
[1.012s] -- Up-to-date: /home/juanespadi/Documents/shalpy/proyecto_final_grupo_14/install/player_interfaces/share/player_interfaces/cmake/export_player_interfaces__rosidl_generator_cppExport.cmake
[1.013s] -- Up-to-date: /home/juanespadi/Documents/shalpy/proyecto_final_grupo_14/install/player_interfaces/share/player_interfaces/cmake/export_player_interfaces__rosidl_typesupport_fastrtps_cppExport.cmake
[1.013s] -- Up-to-date: /home/juanespadi/Documents/shalpy/proyecto_final_grupo_14/install/player_interfaces/share/player_interfaces/cmake/export_player_interfaces__rosidl_typesupport_fastrtps_cppExport-noconfig.cmake
[1.013s] -- Up-to-date: /home/juanespadi/Documents/shalpy/proyecto_final_grupo_14/install/player_interfaces/share/player_interfaces/cmake/player_interfaces__rosidl_typesupport_introspection_cExport.cmake
[1.013s] -- Up-to-date: /home/juanespadi/Documents/shalpy/proyecto_final_grupo_14/install/player_interfaces/share/player_interfaces/cmake/player_interfaces__rosidl_typesupport_introspection_cExport-noconfig.cmake
[1.013s] -- Up-to-date: /home/juanespadi/Documents/shalpy/proyecto_final_grupo_14/install/player_interfaces/share/player_interfaces/cmake/player_interfaces__rosidl_typesupport_cExport.cmake
[1.013s] -- Up-to-date: /home/juanespadi/Documents/shalpy/proyecto_final_grupo_14/install/player_interfaces/share/player_interfaces/cmake/player_interfaces__rosidl_typesupport_cExport-noconfig.cmake
[1.013s] -- Up-to-date: /home/juanespadi/Documents/shalpy/proyecto_final_grupo_14/install/player_interfaces/share/player_interfaces/cmake/player_interfaces__rosidl_typesupport_introspection_cppExport.cmake
[1.013s] -- Up-to-date: /home/juanespadi/Documents/shalpy/proyecto_final_grupo_14/install/player_interfaces/share/player_interfaces/cmake/player_interfaces__rosidl_typesupport_introspection_cppExport-noconfig.cmake
[1.013s] -- Up-to-date: /home/juanespadi/Documents/shalpy/proyecto_final_grupo_14/install/player_interfaces/share/player_interfaces/cmake/player_interfaces__rosidl_typesupport_cppExport.cmake
[1.013s] -- Up-to-date: /home/juanespadi/Documents/shalpy/proyecto_final_grupo_14/install/player_interfaces/share/player_interfaces/cmake/player_interfaces__rosidl_typesupport_cppExport-noconfig.cmake
[1.013s] -- Up-to-date: /home/juanespadi/Documents/shalpy/proyecto_final_grupo_14/install/player_interfaces/share/player_interfaces/cmake/export_player_interfaces__rosidl_generator_pyExport.cmake
[1.013s] -- Up-to-date: /home/juanespadi/Documents/shalpy/proyecto_final_grupo_14/install/player_interfaces/share/player_interfaces/cmake/export_player_interfaces__rosidl_generator_pyExport-noconfig.cmake
[1.014s] -- Up-to-date: /home/juanespadi/Documents/shalpy/proyecto_final_grupo_14/install/player_interfaces/share/player_interfaces/cmake/rosidl_cmake-extras.cmake
[1.014s] -- Up-to-date: /home/juanespadi/Documents/shalpy/proyecto_final_grupo_14/install/player_interfaces/share/player_interfaces/cmake/ament_cmake_export_dependencies-extras.cmake
[1.014s] -- Up-to-date: /home/juanespadi/Documents/shalpy/proyecto_final_grupo_14/install/player_interfaces/share/player_interfaces/cmake/ament_cmake_export_include_directories-extras.cmake
[1.014s] -- Up-to-date: /home/juanespadi/Documents/shalpy/proyecto_final_grupo_14/install/player_interfaces/share/player_interfaces/cmake/ament_cmake_export_libraries-extras.cmake
[1.014s] -- Up-to-date: /home/juanespadi/Documents/shalpy/proyecto_final_grupo_14/install/player_interfaces/share/player_interfaces/cmake/ament_cmake_export_targets-extras.cmake
[1.014s] -- Up-to-date: /home/juanespadi/Documents/shalpy/proyecto_final_grupo_14/install/player_interfaces/share/player_interfaces/cmake/rosidl_cmake_export_typesupport_targets-extras.cmake
[1.014s] -- Up-to-date: /home/juanespadi/Documents/shalpy/proyecto_final_grupo_14/install/player_interfaces/share/player_interfaces/cmake/rosidl_cmake_export_typesupport_libraries-extras.cmake
[1.014s] -- Up-to-date: /home/juanespadi/Documents/shalpy/proyecto_final_grupo_14/install/player_interfaces/share/player_interfaces/cmake/player_interfacesConfig.cmake
[1.014s] -- Up-to-date: /home/juanespadi/Documents/shalpy/proyecto_final_grupo_14/install/player_interfaces/share/player_interfaces/cmake/player_interfacesConfig-version.cmake
[1.014s] -- Up-to-date: /home/juanespadi/Documents/shalpy/proyecto_final_grupo_14/install/player_interfaces/share/player_interfaces/package.xml
[1.017s] Invoked command in '/home/juanespadi/Documents/shalpy/proyecto_final_grupo_14/build/player_interfaces' returned '0': CMAKE_PREFIX_PATH=${CMAKE_PREFIX_PATH}:/home/juanespadi/Documents/shalpy/proyecto_final_grupo_14/install/final_shalpy:/opt/ros/humble /usr/bin/cmake --install /home/juanespadi/Documents/shalpy/proyecto_final_grupo_14/build/player_interfaces
