[1.031s] Invoking command in '/home/jp/camera_ws/src/cameraraspy': PYTHONPATH=/home/jp/camera_ws/build/cameraraspy/prefix_override:/home/jp/camera_ws/install/cameraraspy/lib/python3.10/site-packages:${PYTHONPATH} /usr/bin/python3 setup.py egg_info --egg-base ../../build/cameraraspy build --build-base /home/jp/camera_ws/build/cameraraspy/build install --record /home/jp/camera_ws/build/cameraraspy/install.log --single-version-externally-managed
[1.360s] running egg_info
[1.361s] writing ../../build/cameraraspy/cameraraspy.egg-info/PKG-INFO
[1.361s] writing dependency_links to ../../build/cameraraspy/cameraraspy.egg-info/dependency_links.txt
[1.424s] writing entry points to ../../build/cameraraspy/cameraraspy.egg-info/entry_points.txt
[1.424s] writing requirements to ../../build/cameraraspy/cameraraspy.egg-info/requires.txt
[1.424s] writing top-level names to ../../build/cameraraspy/cameraraspy.egg-info/top_level.txt
[1.427s] reading manifest file '../../build/cameraraspy/cameraraspy.egg-info/SOURCES.txt'
[1.429s] writing manifest file '../../build/cameraraspy/cameraraspy.egg-info/SOURCES.txt'
[1.429s] running build
[1.429s] running build_py
[1.430s] copying cameraraspy/sent_image.py -> /home/jp/camera_ws/build/cameraraspy/build/lib/cameraraspy
[1.430s] running install
[1.431s] /usr/lib/python3/dist-packages/setuptools/command/install.py:34: SetuptoolsDeprecationWarning: setup.py install is deprecated. Use build and pip and other standards-based tools.
[1.431s]   warnings.warn(
[1.431s] running install_lib
[1.432s] copying /home/jp/camera_ws/build/cameraraspy/build/lib/cameraraspy/sent_image.py -> /home/jp/camera_ws/install/cameraraspy/lib/python3.10/site-packages/cameraraspy
[1.433s] byte-compiling /home/jp/camera_ws/install/cameraraspy/lib/python3.10/site-packages/cameraraspy/sent_image.py to sent_image.cpython-310.pyc
[1.434s] running install_data
[1.434s] running install_egg_info
[1.436s] removing '/home/jp/camera_ws/install/cameraraspy/lib/python3.10/site-packages/cameraraspy-0.0.0-py3.10.egg-info' (and everything under it)
[1.437s] Copying ../../build/cameraraspy/cameraraspy.egg-info to /home/jp/camera_ws/install/cameraraspy/lib/python3.10/site-packages/cameraraspy-0.0.0-py3.10.egg-info
[1.438s] running install_scripts
[1.463s] Installing rec_image script to /home/jp/camera_ws/install/cameraraspy/lib/cameraraspy
[1.463s] Installing sent_image script to /home/jp/camera_ws/install/cameraraspy/lib/cameraraspy
[1.464s] writing list of installed files to '/home/jp/camera_ws/build/cameraraspy/install.log'
[1.503s] Invoked command in '/home/jp/camera_ws/src/cameraraspy' returned '0': PYTHONPATH=/home/jp/camera_ws/build/cameraraspy/prefix_override:/home/jp/camera_ws/install/cameraraspy/lib/python3.10/site-packages:${PYTHONPATH} /usr/bin/python3 setup.py egg_info --egg-base ../../build/cameraraspy build --build-base /home/jp/camera_ws/build/cameraraspy/build install --record /home/jp/camera_ws/build/cameraraspy/install.log --single-version-externally-managed
