[0.316s] Invoking command in '/home/juanespadi/Documents/shalpy/taller3_grupo14/build/player_interfaces': CMAKE_PREFIX_PATH=/opt/ros/humble /usr/bin/cmake --build /home/juanespadi/Documents/shalpy/taller3_grupo14/build/player_interfaces -- -j8 -l8
[0.323s] [0mCMake Error: The current CMakeCache.txt directory /home/juanespadi/Documents/shalpy/taller3_grupo14/build/player_interfaces/CMakeCache.txt is different than the directory /home/juanespadi/Documents/shalpy/taller2_grupo14/build/player_interfaces where CMakeCache.txt was created. This may result in binaries being created in the wrong place. If you are not sure, reedit the CMakeCache.txt[0m
[0.341s] -- Found ament_cmake: 1.3.4 (/opt/ros/humble/share/ament_cmake/cmake)
[0.499s] -- Found geometry_msgs: 4.2.3 (/opt/ros/humble/share/geometry_msgs/cmake)
[0.527s] -- Found rosidl_generator_c: 3.1.4 (/opt/ros/humble/share/rosidl_generator_c/cmake)
[0.529s] -- Found rosidl_adapter: 3.1.4 (/opt/ros/humble/share/rosidl_adapter/cmake)
[0.536s] -- Found rosidl_generator_cpp: 3.1.4 (/opt/ros/humble/share/rosidl_generator_cpp/cmake)
[0.548s] -- Using all available rosidl_typesupport_c: rosidl_typesupport_fastrtps_c;rosidl_typesupport_introspection_c
[0.566s] -- Using all available rosidl_typesupport_cpp: rosidl_typesupport_fastrtps_cpp;rosidl_typesupport_introspection_cpp
[0.699s] -- Found rosidl_default_generators: 1.2.0 (/opt/ros/humble/share/rosidl_default_generators/cmake)
[1.017s] -- Found ament_cmake_ros: 0.10.0 (/opt/ros/humble/share/ament_cmake_ros/cmake)
[1.523s] -- Using all available rosidl_typesupport_c: rosidl_typesupport_fastrtps_c;rosidl_typesupport_introspection_c
[1.730s] -- Using all available rosidl_typesupport_cpp: rosidl_typesupport_fastrtps_cpp;rosidl_typesupport_introspection_cpp
[1.754s] -- Found python_cmake_module: 0.10.0 (/opt/ros/humble/share/python_cmake_module/cmake)
[1.779s] -- Using PYTHON_EXECUTABLE: /usr/bin/python3
[1.779s] -- Using PYTHON_INCLUDE_DIRS: /usr/include/python3.10
[1.779s] -- Using PYTHON_LIBRARIES: /usr/lib/x86_64-linux-gnu/libpython3.10.so
[1.819s] -- Found ament_lint_auto: 0.12.6 (/opt/ros/humble/share/ament_lint_auto/cmake)
[1.832s] -- Added test 'lint_cmake' to check CMake code style
[1.835s] -- Added test 'xmllint' to check XML markup files
[1.837s] -- Configuring done
[1.878s] -- Generating done
[1.882s] -- Build files have been written to: /home/juanespadi/Documents/shalpy/taller2_grupo14/build/player_interfaces
[1.908s] [35m[1mConsolidate compiler generated dependencies of target player_interfaces__rosidl_generator_c[0m
[1.918s] [  2%] Built target player_interfaces__cpp
[1.920s] [ 12%] Built target player_interfaces__rosidl_generator_c
[1.929s] [ 12%] Built target ament_cmake_python_copy_player_interfaces
[1.934s] [35m[1mConsolidate compiler generated dependencies of target player_interfaces__rosidl_typesupport_cpp[0m
[1.934s] [35m[1mConsolidate compiler generated dependencies of target player_interfaces__rosidl_typesupport_fastrtps_cpp[0m
[1.934s] [35m[1mConsolidate compiler generated dependencies of target player_interfaces__rosidl_typesupport_c[0m
[1.935s] [35m[1mConsolidate compiler generated dependencies of target player_interfaces__rosidl_typesupport_introspection_cpp[0m
[1.936s] [35m[1mConsolidate compiler generated dependencies of target player_interfaces__rosidl_typesupport_introspection_c[0m
[1.938s] [35m[1mConsolidate compiler generated dependencies of target player_interfaces__rosidl_typesupport_fastrtps_c[0m
[1.950s] [ 23%] Built target player_interfaces__rosidl_typesupport_c
[1.953s] [ 34%] Built target player_interfaces__rosidl_typesupport_introspection_c
[1.955s] [ 44%] Built target player_interfaces__rosidl_typesupport_cpp
[1.957s] [ 55%] Built target player_interfaces__rosidl_typesupport_introspection_cpp
[1.958s] [ 65%] Built target player_interfaces__rosidl_typesupport_fastrtps_cpp
[1.959s] [ 76%] Built target player_interfaces__rosidl_typesupport_fastrtps_c
[1.979s] [ 76%] Built target player_interfaces
[1.999s] [ 78%] Built target player_interfaces__py
[2.011s] [35m[1mConsolidate compiler generated dependencies of target player_interfaces__rosidl_generator_py[0m
[2.027s] [ 87%] Built target player_interfaces__rosidl_generator_py
[2.040s] [35m[1mConsolidate compiler generated dependencies of target player_interfaces__rosidl_typesupport_introspection_c__pyext[0m
[2.040s] [35m[1mConsolidate compiler generated dependencies of target player_interfaces__rosidl_typesupport_fastrtps_c__pyext[0m
[2.040s] [35m[1mConsolidate compiler generated dependencies of target player_interfaces__rosidl_typesupport_c__pyext[0m
[2.053s] [100%] Built target player_interfaces__rosidl_typesupport_introspection_c__pyext
[2.053s] [100%] Built target player_interfaces__rosidl_typesupport_fastrtps_c__pyext
[2.053s] [100%] Built target player_interfaces__rosidl_typesupport_c__pyext
[2.231s] running egg_info
[2.232s] writing player_interfaces.egg-info/PKG-INFO
[2.232s] writing dependency_links to player_interfaces.egg-info/dependency_links.txt
[2.232s] writing top-level names to player_interfaces.egg-info/top_level.txt
[2.235s] reading manifest file 'player_interfaces.egg-info/SOURCES.txt'
[2.235s] writing manifest file 'player_interfaces.egg-info/SOURCES.txt'
[2.262s] [100%] Built target ament_cmake_python_build_player_interfaces_egg
[2.274s] Invoked command in '/home/juanespadi/Documents/shalpy/taller3_grupo14/build/player_interfaces' returned '0': CMAKE_PREFIX_PATH=/opt/ros/humble /usr/bin/cmake --build /home/juanespadi/Documents/shalpy/taller3_grupo14/build/player_interfaces -- -j8 -l8
[2.382s] Invoking command in '/home/juanespadi/Documents/shalpy/taller3_grupo14/build/player_interfaces': CMAKE_PREFIX_PATH=/opt/ros/humble /usr/bin/cmake --install /home/juanespadi/Documents/shalpy/taller3_grupo14/build/player_interfaces
[2.389s] -- Install configuration: ""
[2.390s] -- Up-to-date: /home/juanespadi/Documents/shalpy/taller2_grupo14/install/player_interfaces/share/ament_index/resource_index/rosidl_interfaces/player_interfaces
[2.390s] -- Up-to-date: /home/juanespadi/Documents/shalpy/taller2_grupo14/install/player_interfaces/include/player_interfaces/player_interfaces
[2.390s] -- Up-to-date: /home/juanespadi/Documents/shalpy/taller2_grupo14/install/player_interfaces/include/player_interfaces/player_interfaces/msg
[2.390s] -- Up-to-date: /home/juanespadi/Documents/shalpy/taller2_grupo14/install/player_interfaces/include/player_interfaces/player_interfaces/msg/trace.h
[2.390s] -- Up-to-date: /home/juanespadi/Documents/shalpy/taller2_grupo14/install/player_interfaces/include/player_interfaces/player_interfaces/msg/rosidl_generator_c__visibility_control.h
[2.390s] -- Up-to-date: /home/juanespadi/Documents/shalpy/taller2_grupo14/install/player_interfaces/include/player_interfaces/player_interfaces/msg/detail
[2.390s] -- Up-to-date: /home/juanespadi/Documents/shalpy/taller2_grupo14/install/player_interfaces/include/player_interfaces/player_interfaces/msg/detail/trace__functions.h
[2.390s] -- Up-to-date: /home/juanespadi/Documents/shalpy/taller2_grupo14/install/player_interfaces/include/player_interfaces/player_interfaces/msg/detail/trace__type_support.h
[2.391s] -- Up-to-date: /home/juanespadi/Documents/shalpy/taller2_grupo14/install/player_interfaces/include/player_interfaces/player_interfaces/msg/detail/trace__functions.c
[2.391s] -- Up-to-date: /home/juanespadi/Documents/shalpy/taller2_grupo14/install/player_interfaces/include/player_interfaces/player_interfaces/msg/detail/trace__struct.h
[2.391s] -- Up-to-date: /home/juanespadi/Documents/shalpy/taller2_grupo14/install/player_interfaces/include/player_interfaces/player_interfaces/srv
[2.391s] -- Up-to-date: /home/juanespadi/Documents/shalpy/taller2_grupo14/install/player_interfaces/include/player_interfaces/player_interfaces/srv/player.h
[2.391s] -- Up-to-date: /home/juanespadi/Documents/shalpy/taller2_grupo14/install/player_interfaces/include/player_interfaces/player_interfaces/srv/player_hardware.h
[2.391s] -- Up-to-date: /home/juanespadi/Documents/shalpy/taller2_grupo14/install/player_interfaces/include/player_interfaces/player_interfaces/srv/detail
[2.391s] -- Up-to-date: /home/juanespadi/Documents/shalpy/taller2_grupo14/install/player_interfaces/include/player_interfaces/player_interfaces/srv/detail/player__functions.h
[2.391s] -- Up-to-date: /home/juanespadi/Documents/shalpy/taller2_grupo14/install/player_interfaces/include/player_interfaces/player_interfaces/srv/detail/player_hardware__type_support.h
[2.391s] -- Up-to-date: /home/juanespadi/Documents/shalpy/taller2_grupo14/install/player_interfaces/include/player_interfaces/player_interfaces/srv/detail/player_hardware__functions.h
[2.392s] -- Up-to-date: /home/juanespadi/Documents/shalpy/taller2_grupo14/install/player_interfaces/include/player_interfaces/player_interfaces/srv/detail/player__functions.c
[2.392s] -- Up-to-date: /home/juanespadi/Documents/shalpy/taller2_grupo14/install/player_interfaces/include/player_interfaces/player_interfaces/srv/detail/player_hardware__struct.h
[2.392s] -- Up-to-date: /home/juanespadi/Documents/shalpy/taller2_grupo14/install/player_interfaces/include/player_interfaces/player_interfaces/srv/detail/player_hardware__functions.c
[2.392s] -- Up-to-date: /home/juanespadi/Documents/shalpy/taller2_grupo14/install/player_interfaces/include/player_interfaces/player_interfaces/srv/detail/player__struct.h
[2.392s] -- Up-to-date: /home/juanespadi/Documents/shalpy/taller2_grupo14/install/player_interfaces/include/player_interfaces/player_interfaces/srv/detail/player__type_support.h
[2.392s] -- Up-to-date: /home/juanespadi/Documents/shalpy/taller2_grupo14/install/player_interfaces/share/player_interfaces/environment/library_path.sh
[2.393s] -- Installing: /home/juanespadi/Documents/shalpy/taller2_grupo14/install/player_interfaces/share/player_interfaces/environment/library_path.dsv
[2.393s] -- Up-to-date: /home/juanespadi/Documents/shalpy/taller2_grupo14/install/player_interfaces/lib/libplayer_interfaces__rosidl_generator_c.so
[2.393s] -- Up-to-date: /home/juanespadi/Documents/shalpy/taller2_grupo14/install/player_interfaces/include/player_interfaces/player_interfaces
[2.393s] -- Up-to-date: /home/juanespadi/Documents/shalpy/taller2_grupo14/install/player_interfaces/include/player_interfaces/player_interfaces/msg
[2.393s] -- Up-to-date: /home/juanespadi/Documents/shalpy/taller2_grupo14/install/player_interfaces/include/player_interfaces/player_interfaces/msg/detail
[2.393s] -- Up-to-date: /home/juanespadi/Documents/shalpy/taller2_grupo14/install/player_interfaces/include/player_interfaces/player_interfaces/msg/detail/trace__rosidl_typesupport_fastrtps_c.h
[2.393s] -- Up-to-date: /home/juanespadi/Documents/shalpy/taller2_grupo14/install/player_interfaces/include/player_interfaces/player_interfaces/msg/rosidl_typesupport_fastrtps_c__visibility_control.h
[2.394s] -- Up-to-date: /home/juanespadi/Documents/shalpy/taller2_grupo14/install/player_interfaces/include/player_interfaces/player_interfaces/srv
[2.394s] -- Up-to-date: /home/juanespadi/Documents/shalpy/taller2_grupo14/install/player_interfaces/include/player_interfaces/player_interfaces/srv/detail
[2.394s] -- Up-to-date: /home/juanespadi/Documents/shalpy/taller2_grupo14/install/player_interfaces/include/player_interfaces/player_interfaces/srv/detail/player__rosidl_typesupport_fastrtps_c.h
[2.394s] -- Up-to-date: /home/juanespadi/Documents/shalpy/taller2_grupo14/install/player_interfaces/include/player_interfaces/player_interfaces/srv/detail/player_hardware__rosidl_typesupport_fastrtps_c.h
[2.394s] -- Up-to-date: /home/juanespadi/Documents/shalpy/taller2_grupo14/install/player_interfaces/lib/libplayer_interfaces__rosidl_typesupport_fastrtps_c.so
[2.394s] -- Up-to-date: /home/juanespadi/Documents/shalpy/taller2_grupo14/install/player_interfaces/include/player_interfaces/player_interfaces
[2.394s] -- Up-to-date: /home/juanespadi/Documents/shalpy/taller2_grupo14/install/player_interfaces/include/player_interfaces/player_interfaces/msg
[2.395s] -- Up-to-date: /home/juanespadi/Documents/shalpy/taller2_grupo14/install/player_interfaces/include/player_interfaces/player_interfaces/msg/trace.hpp
[2.395s] -- Up-to-date: /home/juanespadi/Documents/shalpy/taller2_grupo14/install/player_interfaces/include/player_interfaces/player_interfaces/msg/detail
[2.395s] -- Up-to-date: /home/juanespadi/Documents/shalpy/taller2_grupo14/install/player_interfaces/include/player_interfaces/player_interfaces/msg/detail/trace__builder.hpp
[2.395s] -- Up-to-date: /home/juanespadi/Documents/shalpy/taller2_grupo14/install/player_interfaces/include/player_interfaces/player_interfaces/msg/detail/trace__struct.hpp
[2.395s] -- Up-to-date: /home/juanespadi/Documents/shalpy/taller2_grupo14/install/player_interfaces/include/player_interfaces/player_interfaces/msg/detail/trace__traits.hpp
[2.395s] -- Up-to-date: /home/juanespadi/Documents/shalpy/taller2_grupo14/install/player_interfaces/include/player_interfaces/player_interfaces/srv
[2.395s] -- Up-to-date: /home/juanespadi/Documents/shalpy/taller2_grupo14/install/player_interfaces/include/player_interfaces/player_interfaces/srv/player_hardware.hpp
[2.396s] -- Up-to-date: /home/juanespadi/Documents/shalpy/taller2_grupo14/install/player_interfaces/include/player_interfaces/player_interfaces/srv/player.hpp
[2.396s] -- Up-to-date: /home/juanespadi/Documents/shalpy/taller2_grupo14/install/player_interfaces/include/player_interfaces/player_interfaces/srv/detail
[2.396s] -- Up-to-date: /home/juanespadi/Documents/shalpy/taller2_grupo14/install/player_interfaces/include/player_interfaces/player_interfaces/srv/detail/player__traits.hpp
[2.396s] -- Up-to-date: /home/juanespadi/Documents/shalpy/taller2_grupo14/install/player_interfaces/include/player_interfaces/player_interfaces/srv/detail/player__struct.hpp
[2.396s] -- Up-to-date: /home/juanespadi/Documents/shalpy/taller2_grupo14/install/player_interfaces/include/player_interfaces/player_interfaces/srv/detail/player_hardware__builder.hpp
[2.396s] -- Up-to-date: /home/juanespadi/Documents/shalpy/taller2_grupo14/install/player_interfaces/include/player_interfaces/player_interfaces/srv/detail/player_hardware__traits.hpp
[2.396s] -- Up-to-date: /home/juanespadi/Documents/shalpy/taller2_grupo14/install/player_interfaces/include/player_interfaces/player_interfaces/srv/detail/player_hardware__struct.hpp
[2.397s] -- Up-to-date: /home/juanespadi/Documents/shalpy/taller2_grupo14/install/player_interfaces/include/player_interfaces/player_interfaces/srv/detail/player__builder.hpp
[2.397s] -- Up-to-date: /home/juanespadi/Documents/shalpy/taller2_grupo14/install/player_interfaces/include/player_interfaces/player_interfaces
[2.397s] -- Up-to-date: /home/juanespadi/Documents/shalpy/taller2_grupo14/install/player_interfaces/include/player_interfaces/player_interfaces/msg
[2.397s] -- Up-to-date: /home/juanespadi/Documents/shalpy/taller2_grupo14/install/player_interfaces/include/player_interfaces/player_interfaces/msg/rosidl_typesupport_fastrtps_cpp__visibility_control.h
[2.397s] -- Up-to-date: /home/juanespadi/Documents/shalpy/taller2_grupo14/install/player_interfaces/include/player_interfaces/player_interfaces/msg/detail
[2.397s] -- Up-to-date: /home/juanespadi/Documents/shalpy/taller2_grupo14/install/player_interfaces/include/player_interfaces/player_interfaces/msg/detail/trace__rosidl_typesupport_fastrtps_cpp.hpp
[2.397s] -- Up-to-date: /home/juanespadi/Documents/shalpy/taller2_grupo14/install/player_interfaces/include/player_interfaces/player_interfaces/msg/detail/dds_fastrtps
[2.397s] -- Up-to-date: /home/juanespadi/Documents/shalpy/taller2_grupo14/install/player_interfaces/include/player_interfaces/player_interfaces/srv
[2.397s] -- Up-to-date: /home/juanespadi/Documents/shalpy/taller2_grupo14/install/player_interfaces/include/player_interfaces/player_interfaces/srv/detail
[2.398s] -- Up-to-date: /home/juanespadi/Documents/shalpy/taller2_grupo14/install/player_interfaces/include/player_interfaces/player_interfaces/srv/detail/player_hardware__rosidl_typesupport_fastrtps_cpp.hpp
[2.398s] -- Up-to-date: /home/juanespadi/Documents/shalpy/taller2_grupo14/install/player_interfaces/include/player_interfaces/player_interfaces/srv/detail/dds_fastrtps
[2.398s] -- Up-to-date: /home/juanespadi/Documents/shalpy/taller2_grupo14/install/player_interfaces/include/player_interfaces/player_interfaces/srv/detail/player__rosidl_typesupport_fastrtps_cpp.hpp
[2.398s] -- Up-to-date: /home/juanespadi/Documents/shalpy/taller2_grupo14/install/player_interfaces/lib/libplayer_interfaces__rosidl_typesupport_fastrtps_cpp.so
[2.398s] -- Up-to-date: /home/juanespadi/Documents/shalpy/taller2_grupo14/install/player_interfaces/include/player_interfaces/player_interfaces
[2.398s] -- Up-to-date: /home/juanespadi/Documents/shalpy/taller2_grupo14/install/player_interfaces/include/player_interfaces/player_interfaces/msg
[2.398s] -- Up-to-date: /home/juanespadi/Documents/shalpy/taller2_grupo14/install/player_interfaces/include/player_interfaces/player_interfaces/msg/detail
[2.398s] -- Up-to-date: /home/juanespadi/Documents/shalpy/taller2_grupo14/install/player_interfaces/include/player_interfaces/player_interfaces/msg/detail/trace__type_support.c
[2.398s] -- Up-to-date: /home/juanespadi/Documents/shalpy/taller2_grupo14/install/player_interfaces/include/player_interfaces/player_interfaces/msg/detail/trace__rosidl_typesupport_introspection_c.h
[2.399s] -- Up-to-date: /home/juanespadi/Documents/shalpy/taller2_grupo14/install/player_interfaces/include/player_interfaces/player_interfaces/msg/rosidl_typesupport_introspection_c__visibility_control.h
[2.399s] -- Up-to-date: /home/juanespadi/Documents/shalpy/taller2_grupo14/install/player_interfaces/include/player_interfaces/player_interfaces/srv
[2.399s] -- Up-to-date: /home/juanespadi/Documents/shalpy/taller2_grupo14/install/player_interfaces/include/player_interfaces/player_interfaces/srv/detail
[2.399s] -- Up-to-date: /home/juanespadi/Documents/shalpy/taller2_grupo14/install/player_interfaces/include/player_interfaces/player_interfaces/srv/detail/player_hardware__type_support.c
[2.399s] -- Up-to-date: /home/juanespadi/Documents/shalpy/taller2_grupo14/install/player_interfaces/include/player_interfaces/player_interfaces/srv/detail/player__rosidl_typesupport_introspection_c.h
[2.399s] -- Up-to-date: /home/juanespadi/Documents/shalpy/taller2_grupo14/install/player_interfaces/include/player_interfaces/player_interfaces/srv/detail/player__type_support.c
[2.399s] -- Up-to-date: /home/juanespadi/Documents/shalpy/taller2_grupo14/install/player_interfaces/include/player_interfaces/player_interfaces/srv/detail/player_hardware__rosidl_typesupport_introspection_c.h
[2.399s] -- Up-to-date: /home/juanespadi/Documents/shalpy/taller2_grupo14/install/player_interfaces/lib/libplayer_interfaces__rosidl_typesupport_introspection_c.so
[2.400s] -- Up-to-date: /home/juanespadi/Documents/shalpy/taller2_grupo14/install/player_interfaces/lib/libplayer_interfaces__rosidl_typesupport_c.so
[2.400s] -- Up-to-date: /home/juanespadi/Documents/shalpy/taller2_grupo14/install/player_interfaces/include/player_interfaces/player_interfaces
[2.400s] -- Up-to-date: /home/juanespadi/Documents/shalpy/taller2_grupo14/install/player_interfaces/include/player_interfaces/player_interfaces/msg
[2.400s] -- Up-to-date: /home/juanespadi/Documents/shalpy/taller2_grupo14/install/player_interfaces/include/player_interfaces/player_interfaces/msg/detail
[2.400s] -- Up-to-date: /home/juanespadi/Documents/shalpy/taller2_grupo14/install/player_interfaces/include/player_interfaces/player_interfaces/msg/detail/trace__type_support.cpp
[2.400s] -- Up-to-date: /home/juanespadi/Documents/shalpy/taller2_grupo14/install/player_interfaces/include/player_interfaces/player_interfaces/msg/detail/trace__rosidl_typesupport_introspection_cpp.hpp
[2.400s] -- Up-to-date: /home/juanespadi/Documents/shalpy/taller2_grupo14/install/player_interfaces/include/player_interfaces/player_interfaces/srv
[2.400s] -- Up-to-date: /home/juanespadi/Documents/shalpy/taller2_grupo14/install/player_interfaces/include/player_interfaces/player_interfaces/srv/detail
[2.400s] -- Up-to-date: /home/juanespadi/Documents/shalpy/taller2_grupo14/install/player_interfaces/include/player_interfaces/player_interfaces/srv/detail/player__type_support.cpp
[2.401s] -- Up-to-date: /home/juanespadi/Documents/shalpy/taller2_grupo14/install/player_interfaces/include/player_interfaces/player_interfaces/srv/detail/player__rosidl_typesupport_introspection_cpp.hpp
[2.401s] -- Up-to-date: /home/juanespadi/Documents/shalpy/taller2_grupo14/install/player_interfaces/include/player_interfaces/player_interfaces/srv/detail/player_hardware__rosidl_typesupport_introspection_cpp.hpp
[2.401s] -- Up-to-date: /home/juanespadi/Documents/shalpy/taller2_grupo14/install/player_interfaces/include/player_interfaces/player_interfaces/srv/detail/player_hardware__type_support.cpp
[2.401s] -- Up-to-date: /home/juanespadi/Documents/shalpy/taller2_grupo14/install/player_interfaces/lib/libplayer_interfaces__rosidl_typesupport_introspection_cpp.so
[2.401s] -- Up-to-date: /home/juanespadi/Documents/shalpy/taller2_grupo14/install/player_interfaces/lib/libplayer_interfaces__rosidl_typesupport_cpp.so
[2.401s] -- Up-to-date: /home/juanespadi/Documents/shalpy/taller2_grupo14/install/player_interfaces/share/player_interfaces/environment/pythonpath.sh
[2.401s] -- Installing: /home/juanespadi/Documents/shalpy/taller2_grupo14/install/player_interfaces/share/player_interfaces/environment/pythonpath.dsv
[2.401s] -- Up-to-date: /home/juanespadi/Documents/shalpy/taller2_grupo14/install/player_interfaces/local/lib/python3.10/dist-packages/player_interfaces-0.0.0-py3.10.egg-info
[2.401s] -- Installing: /home/juanespadi/Documents/shalpy/taller2_grupo14/install/player_interfaces/local/lib/python3.10/dist-packages/player_interfaces-0.0.0-py3.10.egg-info/SOURCES.txt
[2.402s] -- Installing: /home/juanespadi/Documents/shalpy/taller2_grupo14/install/player_interfaces/local/lib/python3.10/dist-packages/player_interfaces-0.0.0-py3.10.egg-info/dependency_links.txt
[2.402s] -- Installing: /home/juanespadi/Documents/shalpy/taller2_grupo14/install/player_interfaces/local/lib/python3.10/dist-packages/player_interfaces-0.0.0-py3.10.egg-info/top_level.txt
[2.402s] -- Installing: /home/juanespadi/Documents/shalpy/taller2_grupo14/install/player_interfaces/local/lib/python3.10/dist-packages/player_interfaces-0.0.0-py3.10.egg-info/PKG-INFO
[2.402s] -- Up-to-date: /home/juanespadi/Documents/shalpy/taller2_grupo14/install/player_interfaces/local/lib/python3.10/dist-packages/player_interfaces
[2.402s] -- Up-to-date: /home/juanespadi/Documents/shalpy/taller2_grupo14/install/player_interfaces/local/lib/python3.10/dist-packages/player_interfaces/player_interfaces_s__rosidl_typesupport_fastrtps_c.cpython-310-x86_64-linux-gnu.so
[2.402s] -- Up-to-date: /home/juanespadi/Documents/shalpy/taller2_grupo14/install/player_interfaces/local/lib/python3.10/dist-packages/player_interfaces/msg
[2.402s] -- Up-to-date: /home/juanespadi/Documents/shalpy/taller2_grupo14/install/player_interfaces/local/lib/python3.10/dist-packages/player_interfaces/msg/_trace.py
[2.402s] -- Up-to-date: /home/juanespadi/Documents/shalpy/taller2_grupo14/install/player_interfaces/local/lib/python3.10/dist-packages/player_interfaces/msg/__init__.py
[2.402s] -- Up-to-date: /home/juanespadi/Documents/shalpy/taller2_grupo14/install/player_interfaces/local/lib/python3.10/dist-packages/player_interfaces/msg/_trace_s.c
[2.403s] -- Up-to-date: /home/juanespadi/Documents/shalpy/taller2_grupo14/install/player_interfaces/local/lib/python3.10/dist-packages/player_interfaces/_player_interfaces_s.ep.rosidl_typesupport_fastrtps_c.c
[2.403s] -- Up-to-date: /home/juanespadi/Documents/shalpy/taller2_grupo14/install/player_interfaces/local/lib/python3.10/dist-packages/player_interfaces/player_interfaces_s__rosidl_typesupport_introspection_c.cpython-310-x86_64-linux-gnu.so
[2.403s] -- Up-to-date: /home/juanespadi/Documents/shalpy/taller2_grupo14/install/player_interfaces/local/lib/python3.10/dist-packages/player_interfaces/_player_interfaces_s.ep.rosidl_typesupport_introspection_c.c
[2.403s] -- Up-to-date: /home/juanespadi/Documents/shalpy/taller2_grupo14/install/player_interfaces/local/lib/python3.10/dist-packages/player_interfaces/libplayer_interfaces__rosidl_generator_py.so
[2.403s] -- Up-to-date: /home/juanespadi/Documents/shalpy/taller2_grupo14/install/player_interfaces/local/lib/python3.10/dist-packages/player_interfaces/player_interfaces_s__rosidl_typesupport_c.cpython-310-x86_64-linux-gnu.so
[2.403s] -- Installing: /home/juanespadi/Documents/shalpy/taller2_grupo14/install/player_interfaces/local/lib/python3.10/dist-packages/player_interfaces/__init__.py
[2.403s] -- Up-to-date: /home/juanespadi/Documents/shalpy/taller2_grupo14/install/player_interfaces/local/lib/python3.10/dist-packages/player_interfaces/_player_interfaces_s.ep.rosidl_typesupport_c.c
[2.403s] -- Up-to-date: /home/juanespadi/Documents/shalpy/taller2_grupo14/install/player_interfaces/local/lib/python3.10/dist-packages/player_interfaces/srv
[2.404s] -- Up-to-date: /home/juanespadi/Documents/shalpy/taller2_grupo14/install/player_interfaces/local/lib/python3.10/dist-packages/player_interfaces/srv/_player_s.c
[2.404s] -- Up-to-date: /home/juanespadi/Documents/shalpy/taller2_grupo14/install/player_interfaces/local/lib/python3.10/dist-packages/player_interfaces/srv/__init__.py
[2.404s] -- Up-to-date: /home/juanespadi/Documents/shalpy/taller2_grupo14/install/player_interfaces/local/lib/python3.10/dist-packages/player_interfaces/srv/_player_hardware.py
[2.404s] -- Up-to-date: /home/juanespadi/Documents/shalpy/taller2_grupo14/install/player_interfaces/local/lib/python3.10/dist-packages/player_interfaces/srv/_player.py
[2.404s] -- Up-to-date: /home/juanespadi/Documents/shalpy/taller2_grupo14/install/player_interfaces/local/lib/python3.10/dist-packages/player_interfaces/srv/_player_hardware_s.c
[2.432s] Listing '/home/juanespadi/Documents/shalpy/taller2_grupo14/install/player_interfaces/local/lib/python3.10/dist-packages/player_interfaces'...
[2.432s] Compiling '/home/juanespadi/Documents/shalpy/taller2_grupo14/install/player_interfaces/local/lib/python3.10/dist-packages/player_interfaces/__init__.py'...
[2.432s] Listing '/home/juanespadi/Documents/shalpy/taller2_grupo14/install/player_interfaces/local/lib/python3.10/dist-packages/player_interfaces/msg'...
[2.432s] Listing '/home/juanespadi/Documents/shalpy/taller2_grupo14/install/player_interfaces/local/lib/python3.10/dist-packages/player_interfaces/srv'...
[2.436s] -- Up-to-date: /home/juanespadi/Documents/shalpy/taller2_grupo14/install/player_interfaces/local/lib/python3.10/dist-packages/player_interfaces/player_interfaces_s__rosidl_typesupport_fastrtps_c.cpython-310-x86_64-linux-gnu.so
[2.437s] -- Up-to-date: /home/juanespadi/Documents/shalpy/taller2_grupo14/install/player_interfaces/local/lib/python3.10/dist-packages/player_interfaces/player_interfaces_s__rosidl_typesupport_introspection_c.cpython-310-x86_64-linux-gnu.so
[2.437s] -- Up-to-date: /home/juanespadi/Documents/shalpy/taller2_grupo14/install/player_interfaces/local/lib/python3.10/dist-packages/player_interfaces/player_interfaces_s__rosidl_typesupport_c.cpython-310-x86_64-linux-gnu.so
[2.438s] -- Up-to-date: /home/juanespadi/Documents/shalpy/taller2_grupo14/install/player_interfaces/lib/libplayer_interfaces__rosidl_generator_py.so
[2.438s] -- Up-to-date: /home/juanespadi/Documents/shalpy/taller2_grupo14/install/player_interfaces/share/player_interfaces/srv/Player.idl
[2.438s] -- Up-to-date: /home/juanespadi/Documents/shalpy/taller2_grupo14/install/player_interfaces/share/player_interfaces/srv/PlayerHardware.idl
[2.438s] -- Up-to-date: /home/juanespadi/Documents/shalpy/taller2_grupo14/install/player_interfaces/share/player_interfaces/msg/Trace.idl
[2.438s] -- Up-to-date: /home/juanespadi/Documents/shalpy/taller2_grupo14/install/player_interfaces/share/player_interfaces/srv/Player.srv
[2.438s] -- Up-to-date: /home/juanespadi/Documents/shalpy/taller2_grupo14/install/player_interfaces/share/player_interfaces/srv/Player_Request.msg
[2.439s] -- Up-to-date: /home/juanespadi/Documents/shalpy/taller2_grupo14/install/player_interfaces/share/player_interfaces/srv/Player_Response.msg
[2.439s] -- Up-to-date: /home/juanespadi/Documents/shalpy/taller2_grupo14/install/player_interfaces/share/player_interfaces/srv/PlayerHardware.srv
[2.439s] -- Up-to-date: /home/juanespadi/Documents/shalpy/taller2_grupo14/install/player_interfaces/share/player_interfaces/srv/PlayerHardware_Request.msg
[2.439s] -- Up-to-date: /home/juanespadi/Documents/shalpy/taller2_grupo14/install/player_interfaces/share/player_interfaces/srv/PlayerHardware_Response.msg
[2.439s] -- Up-to-date: /home/juanespadi/Documents/shalpy/taller2_grupo14/install/player_interfaces/share/player_interfaces/msg/Trace.msg
[2.439s] -- Up-to-date: /home/juanespadi/Documents/shalpy/taller2_grupo14/install/player_interfaces/share/ament_index/resource_index/package_run_dependencies/player_interfaces
[2.439s] -- Installing: /home/juanespadi/Documents/shalpy/taller2_grupo14/install/player_interfaces/share/ament_index/resource_index/parent_prefix_path/player_interfaces
[2.439s] -- Up-to-date: /home/juanespadi/Documents/shalpy/taller2_grupo14/install/player_interfaces/share/player_interfaces/environment/ament_prefix_path.sh
[2.440s] -- Installing: /home/juanespadi/Documents/shalpy/taller2_grupo14/install/player_interfaces/share/player_interfaces/environment/ament_prefix_path.dsv
[2.440s] -- Up-to-date: /home/juanespadi/Documents/shalpy/taller2_grupo14/install/player_interfaces/share/player_interfaces/environment/path.sh
[2.440s] -- Installing: /home/juanespadi/Documents/shalpy/taller2_grupo14/install/player_interfaces/share/player_interfaces/environment/path.dsv
[2.440s] -- Up-to-date: /home/juanespadi/Documents/shalpy/taller2_grupo14/install/player_interfaces/share/player_interfaces/local_setup.bash
[2.440s] -- Up-to-date: /home/juanespadi/Documents/shalpy/taller2_grupo14/install/player_interfaces/share/player_interfaces/local_setup.sh
[2.440s] -- Up-to-date: /home/juanespadi/Documents/shalpy/taller2_grupo14/install/player_interfaces/share/player_interfaces/local_setup.zsh
[2.440s] -- Installing: /home/juanespadi/Documents/shalpy/taller2_grupo14/install/player_interfaces/share/player_interfaces/local_setup.dsv
[2.440s] -- Installing: /home/juanespadi/Documents/shalpy/taller2_grupo14/install/player_interfaces/share/player_interfaces/package.dsv
[2.441s] -- Up-to-date: /home/juanespadi/Documents/shalpy/taller2_grupo14/install/player_interfaces/share/ament_index/resource_index/packages/player_interfaces
[2.441s] -- Up-to-date: /home/juanespadi/Documents/shalpy/taller2_grupo14/install/player_interfaces/share/player_interfaces/cmake/export_player_interfaces__rosidl_generator_cExport.cmake
[2.441s] -- Up-to-date: /home/juanespadi/Documents/shalpy/taller2_grupo14/install/player_interfaces/share/player_interfaces/cmake/export_player_interfaces__rosidl_generator_cExport-noconfig.cmake
[2.441s] -- Up-to-date: /home/juanespadi/Documents/shalpy/taller2_grupo14/install/player_interfaces/share/player_interfaces/cmake/export_player_interfaces__rosidl_typesupport_fastrtps_cExport.cmake
[2.441s] -- Up-to-date: /home/juanespadi/Documents/shalpy/taller2_grupo14/install/player_interfaces/share/player_interfaces/cmake/export_player_interfaces__rosidl_typesupport_fastrtps_cExport-noconfig.cmake
[2.441s] -- Up-to-date: /home/juanespadi/Documents/shalpy/taller2_grupo14/install/player_interfaces/share/player_interfaces/cmake/export_player_interfaces__rosidl_generator_cppExport.cmake
[2.441s] -- Up-to-date: /home/juanespadi/Documents/shalpy/taller2_grupo14/install/player_interfaces/share/player_interfaces/cmake/export_player_interfaces__rosidl_typesupport_fastrtps_cppExport.cmake
[2.441s] -- Up-to-date: /home/juanespadi/Documents/shalpy/taller2_grupo14/install/player_interfaces/share/player_interfaces/cmake/export_player_interfaces__rosidl_typesupport_fastrtps_cppExport-noconfig.cmake
[2.442s] -- Up-to-date: /home/juanespadi/Documents/shalpy/taller2_grupo14/install/player_interfaces/share/player_interfaces/cmake/player_interfaces__rosidl_typesupport_introspection_cExport.cmake
[2.442s] -- Up-to-date: /home/juanespadi/Documents/shalpy/taller2_grupo14/install/player_interfaces/share/player_interfaces/cmake/player_interfaces__rosidl_typesupport_introspection_cExport-noconfig.cmake
[2.442s] -- Up-to-date: /home/juanespadi/Documents/shalpy/taller2_grupo14/install/player_interfaces/share/player_interfaces/cmake/player_interfaces__rosidl_typesupport_cExport.cmake
[2.442s] -- Up-to-date: /home/juanespadi/Documents/shalpy/taller2_grupo14/install/player_interfaces/share/player_interfaces/cmake/player_interfaces__rosidl_typesupport_cExport-noconfig.cmake
[2.442s] -- Up-to-date: /home/juanespadi/Documents/shalpy/taller2_grupo14/install/player_interfaces/share/player_interfaces/cmake/player_interfaces__rosidl_typesupport_introspection_cppExport.cmake
[2.442s] -- Up-to-date: /home/juanespadi/Documents/shalpy/taller2_grupo14/install/player_interfaces/share/player_interfaces/cmake/player_interfaces__rosidl_typesupport_introspection_cppExport-noconfig.cmake
[2.442s] -- Up-to-date: /home/juanespadi/Documents/shalpy/taller2_grupo14/install/player_interfaces/share/player_interfaces/cmake/player_interfaces__rosidl_typesupport_cppExport.cmake
[2.443s] -- Up-to-date: /home/juanespadi/Documents/shalpy/taller2_grupo14/install/player_interfaces/share/player_interfaces/cmake/player_interfaces__rosidl_typesupport_cppExport-noconfig.cmake
[2.443s] -- Up-to-date: /home/juanespadi/Documents/shalpy/taller2_grupo14/install/player_interfaces/share/player_interfaces/cmake/export_player_interfaces__rosidl_generator_pyExport.cmake
[2.443s] -- Up-to-date: /home/juanespadi/Documents/shalpy/taller2_grupo14/install/player_interfaces/share/player_interfaces/cmake/export_player_interfaces__rosidl_generator_pyExport-noconfig.cmake
[2.443s] -- Up-to-date: /home/juanespadi/Documents/shalpy/taller2_grupo14/install/player_interfaces/share/player_interfaces/cmake/rosidl_cmake-extras.cmake
[2.443s] -- Up-to-date: /home/juanespadi/Documents/shalpy/taller2_grupo14/install/player_interfaces/share/player_interfaces/cmake/ament_cmake_export_dependencies-extras.cmake
[2.443s] -- Up-to-date: /home/juanespadi/Documents/shalpy/taller2_grupo14/install/player_interfaces/share/player_interfaces/cmake/ament_cmake_export_include_directories-extras.cmake
[2.443s] -- Up-to-date: /home/juanespadi/Documents/shalpy/taller2_grupo14/install/player_interfaces/share/player_interfaces/cmake/ament_cmake_export_libraries-extras.cmake
[2.443s] -- Up-to-date: /home/juanespadi/Documents/shalpy/taller2_grupo14/install/player_interfaces/share/player_interfaces/cmake/ament_cmake_export_targets-extras.cmake
[2.443s] -- Up-to-date: /home/juanespadi/Documents/shalpy/taller2_grupo14/install/player_interfaces/share/player_interfaces/cmake/rosidl_cmake_export_typesupport_targets-extras.cmake
[2.444s] -- Up-to-date: /home/juanespadi/Documents/shalpy/taller2_grupo14/install/player_interfaces/share/player_interfaces/cmake/rosidl_cmake_export_typesupport_libraries-extras.cmake
[2.444s] -- Up-to-date: /home/juanespadi/Documents/shalpy/taller2_grupo14/install/player_interfaces/share/player_interfaces/cmake/player_interfacesConfig.cmake
[2.444s] -- Up-to-date: /home/juanespadi/Documents/shalpy/taller2_grupo14/install/player_interfaces/share/player_interfaces/cmake/player_interfacesConfig-version.cmake
[2.444s] -- Up-to-date: /home/juanespadi/Documents/shalpy/taller2_grupo14/install/player_interfaces/share/player_interfaces/package.xml
[2.449s] Invoked command in '/home/juanespadi/Documents/shalpy/taller3_grupo14/build/player_interfaces' returned '0': CMAKE_PREFIX_PATH=/opt/ros/humble /usr/bin/cmake --install /home/juanespadi/Documents/shalpy/taller3_grupo14/build/player_interfaces
