[0.029s] Invoking command in '/home/juanespadi/Documents/shalpy/taller1_grupo14/build/player_interfaces': CMAKE_PREFIX_PATH=${CMAKE_PREFIX_PATH}:/home/juanespadi/Documents/shalpy/taller1_grupo14/install/turtle_bot_14:/opt/ros/humble /usr/bin/cmake --build /home/juanespadi/Documents/shalpy/taller1_grupo14/build/player_interfaces -- -j8 -l8
[0.060s] -- Found ament_cmake: 1.3.3 (/opt/ros/humble/share/ament_cmake/cmake)
[0.236s] -- Found rosidl_default_generators: 1.2.0 (/opt/ros/humble/share/rosidl_default_generators/cmake)
[0.238s] -- Using all available rosidl_typesupport_c: rosidl_typesupport_fastrtps_c;rosidl_typesupport_introspection_c
[0.242s] -- Found rosidl_adapter: 3.1.4 (/opt/ros/humble/share/rosidl_adapter/cmake)
[0.278s] -- Using all available rosidl_typesupport_cpp: rosidl_typesupport_fastrtps_cpp;rosidl_typesupport_introspection_cpp
[0.644s] -- Found ament_cmake_ros: 0.10.0 (/opt/ros/humble/share/ament_cmake_ros/cmake)
[0.883s] -- Using all available rosidl_typesupport_c: rosidl_typesupport_fastrtps_c;rosidl_typesupport_introspection_c
[1.187s] -- Using all available rosidl_typesupport_cpp: rosidl_typesupport_fastrtps_cpp;rosidl_typesupport_introspection_cpp
[1.218s] -- Found python_cmake_module: 0.10.0 (/opt/ros/humble/share/python_cmake_module/cmake)
[1.251s] -- Using PYTHON_EXECUTABLE: /usr/bin/python3
[1.251s] -- Using PYTHON_INCLUDE_DIRS: /usr/include/python3.10
[1.251s] -- Using PYTHON_LIBRARIES: /usr/lib/x86_64-linux-gnu/libpython3.10.so
[1.267s] -- Found ament_lint_auto: 0.12.5 (/opt/ros/humble/share/ament_lint_auto/cmake)
[1.281s] -- Added test 'lint_cmake' to check CMake code style
[1.282s] -- Added test 'xmllint' to check XML markup files
[1.285s] -- Configuring done
[1.324s] -- Generating done
[1.332s] -- Build files have been written to: /home/juanespadi/Documents/shalpy/taller1_grupo14/build/player_interfaces
[1.355s] [  3%] [34m[1mGenerating C code for ROS interfaces[0m
[1.368s] [  6%] [34m[1mGenerating C++ code for ROS interfaces[0m
[1.380s] [  6%] Built target ament_cmake_python_copy_player_interfaces
[1.673s] [35m[1mConsolidate compiler generated dependencies of target player_interfaces__rosidl_generator_c[0m
[1.686s] [  9%] [32mBuilding C object CMakeFiles/player_interfaces__rosidl_generator_c.dir/rosidl_generator_c/player_interfaces/srv/detail/player__functions.c.o[0m
[1.700s] [  9%] Built target player_interfaces__cpp
[1.703s] running egg_info
[1.704s] writing player_interfaces.egg-info/PKG-INFO
[1.704s] writing dependency_links to player_interfaces.egg-info/dependency_links.txt
[1.705s] writing top-level names to player_interfaces.egg-info/top_level.txt
[1.707s] reading manifest file 'player_interfaces.egg-info/SOURCES.txt'
[1.708s] writing manifest file 'player_interfaces.egg-info/SOURCES.txt'
[1.713s] [ 12%] [34m[1mGenerating C++ type support for eProsima Fast-RTPS[0m
[1.715s] [ 19%] [34m[1mGenerating C++ type support dispatch for ROS interfaces[0m
[1.715s] [ 19%] [34m[1mGenerating C++ introspection for ROS interfaces[0m
[1.758s] [ 19%] Built target ament_cmake_python_build_player_interfaces_egg
[1.776s] [ 22%] [32m[1mLinking C shared library libplayer_interfaces__rosidl_generator_c.so[0m
[1.821s] [ 22%] Built target player_interfaces__rosidl_generator_c
[1.835s] [ 25%] [34m[1mGenerating C introspection for ROS interfaces[0m
[1.837s] [ 29%] [34m[1mGenerating C type support dispatch for ROS interfaces[0m
[1.837s] [ 32%] [34m[1mGenerating C type support for eProsima Fast-RTPS[0m
[2.150s] [35m[1mConsolidate compiler generated dependencies of target player_interfaces__rosidl_typesupport_cpp[0m
[2.159s] [35m[1mConsolidate compiler generated dependencies of target player_interfaces__rosidl_typesupport_introspection_cpp[0m
[2.175s] [35m[1mConsolidate compiler generated dependencies of target player_interfaces__rosidl_typesupport_fastrtps_cpp[0m
[2.182s] [ 35%] [32mBuilding CXX object CMakeFiles/player_interfaces__rosidl_typesupport_cpp.dir/rosidl_typesupport_cpp/player_interfaces/srv/player__type_support.cpp.o[0m
[2.188s] [ 38%] [32mBuilding CXX object CMakeFiles/player_interfaces__rosidl_typesupport_introspection_cpp.dir/rosidl_typesupport_introspection_cpp/player_interfaces/srv/detail/player__type_support.cpp.o[0m
[2.198s] [ 41%] [32mBuilding CXX object CMakeFiles/player_interfaces__rosidl_typesupport_fastrtps_cpp.dir/rosidl_typesupport_fastrtps_cpp/player_interfaces/srv/detail/dds_fastrtps/player__type_support.cpp.o[0m
[2.215s] [35m[1mConsolidate compiler generated dependencies of target player_interfaces__rosidl_typesupport_introspection_c[0m
[2.235s] [ 45%] [32mBuilding C object CMakeFiles/player_interfaces__rosidl_typesupport_introspection_c.dir/rosidl_typesupport_introspection_c/player_interfaces/srv/detail/player__type_support.c.o[0m
[2.283s] [35m[1mConsolidate compiler generated dependencies of target player_interfaces__rosidl_typesupport_c[0m
[2.300s] [ 48%] [32mBuilding CXX object CMakeFiles/player_interfaces__rosidl_typesupport_c.dir/rosidl_typesupport_c/player_interfaces/srv/player__type_support.cpp.o[0m
[2.308s] [ 51%] [32m[1mLinking C shared library libplayer_interfaces__rosidl_typesupport_introspection_c.so[0m
[2.319s] [35m[1mConsolidate compiler generated dependencies of target player_interfaces__rosidl_typesupport_fastrtps_c[0m
[2.344s] [ 54%] [32mBuilding CXX object CMakeFiles/player_interfaces__rosidl_typesupport_fastrtps_c.dir/rosidl_typesupport_fastrtps_c/player_interfaces/srv/detail/player__type_support_c.cpp.o[0m
[2.356s] [ 54%] Built target player_interfaces__rosidl_typesupport_introspection_c
[2.581s] [ 58%] [32m[1mLinking CXX shared library libplayer_interfaces__rosidl_typesupport_c.so[0m
[2.584s] [ 61%] [32m[1mLinking CXX shared library libplayer_interfaces__rosidl_typesupport_cpp.so[0m
[2.662s] [ 61%] Built target player_interfaces__rosidl_typesupport_cpp
[2.663s] [ 61%] Built target player_interfaces__rosidl_typesupport_c
[2.732s] [ 64%] [32m[1mLinking CXX shared library libplayer_interfaces__rosidl_typesupport_introspection_cpp.so[0m
[2.767s] [ 67%] [32m[1mLinking CXX shared library libplayer_interfaces__rosidl_typesupport_fastrtps_cpp.so[0m
[2.832s] [ 67%] Built target player_interfaces__rosidl_typesupport_introspection_cpp
[2.867s] [ 70%] [32m[1mLinking CXX shared library libplayer_interfaces__rosidl_typesupport_fastrtps_c.so[0m
[2.888s] [ 70%] Built target player_interfaces__rosidl_typesupport_fastrtps_cpp
[2.978s] [ 70%] Built target player_interfaces__rosidl_typesupport_fastrtps_c
[3.004s] [ 70%] Built target player_interfaces
[3.029s] [ 74%] [34m[1mGenerating Python code for ROS interfaces[0m
[3.446s] [ 74%] Built target player_interfaces__py
[3.458s] [35m[1mConsolidate compiler generated dependencies of target player_interfaces__rosidl_generator_py[0m
[3.473s] [ 77%] [32mBuilding C object CMakeFiles/player_interfaces__rosidl_generator_py.dir/rosidl_generator_py/player_interfaces/srv/_player_s.c.o[0m
[3.600s] [ 80%] [32m[1mLinking C shared library rosidl_generator_py/player_interfaces/libplayer_interfaces__rosidl_generator_py.so[0m
[3.647s] [ 80%] Built target player_interfaces__rosidl_generator_py
[3.658s] [35m[1mConsolidate compiler generated dependencies of target player_interfaces__rosidl_typesupport_introspection_c__pyext[0m
[3.659s] [35m[1mConsolidate compiler generated dependencies of target player_interfaces__rosidl_typesupport_c__pyext[0m
[3.659s] [35m[1mConsolidate compiler generated dependencies of target player_interfaces__rosidl_typesupport_fastrtps_c__pyext[0m
[3.676s] [ 87%] [32mBuilding C object CMakeFiles/player_interfaces__rosidl_typesupport_c__pyext.dir/rosidl_generator_py/player_interfaces/_player_interfaces_s.ep.rosidl_typesupport_c.c.o[0m
[3.676s] [ 87%] [32mBuilding C object CMakeFiles/player_interfaces__rosidl_typesupport_introspection_c__pyext.dir/rosidl_generator_py/player_interfaces/_player_interfaces_s.ep.rosidl_typesupport_introspection_c.c.o[0m
[3.677s] [ 90%] [32mBuilding C object CMakeFiles/player_interfaces__rosidl_typesupport_fastrtps_c__pyext.dir/rosidl_generator_py/player_interfaces/_player_interfaces_s.ep.rosidl_typesupport_fastrtps_c.c.o[0m
[3.795s] [ 93%] [32m[1mLinking C shared library rosidl_generator_py/player_interfaces/player_interfaces_s__rosidl_typesupport_fastrtps_c.cpython-310-x86_64-linux-gnu.so[0m
[3.835s] [ 93%] Built target player_interfaces__rosidl_typesupport_fastrtps_c__pyext
[3.839s] [ 96%] [32m[1mLinking C shared library rosidl_generator_py/player_interfaces/player_interfaces_s__rosidl_typesupport_introspection_c.cpython-310-x86_64-linux-gnu.so[0m
[3.839s] [100%] [32m[1mLinking C shared library rosidl_generator_py/player_interfaces/player_interfaces_s__rosidl_typesupport_c.cpython-310-x86_64-linux-gnu.so[0m
[3.875s] [100%] Built target player_interfaces__rosidl_typesupport_introspection_c__pyext
[3.876s] [100%] Built target player_interfaces__rosidl_typesupport_c__pyext
[3.887s] Invoked command in '/home/juanespadi/Documents/shalpy/taller1_grupo14/build/player_interfaces' returned '0': CMAKE_PREFIX_PATH=${CMAKE_PREFIX_PATH}:/home/juanespadi/Documents/shalpy/taller1_grupo14/install/turtle_bot_14:/opt/ros/humble /usr/bin/cmake --build /home/juanespadi/Documents/shalpy/taller1_grupo14/build/player_interfaces -- -j8 -l8
[3.959s] Invoking command in '/home/juanespadi/Documents/shalpy/taller1_grupo14/build/player_interfaces': CMAKE_PREFIX_PATH=${CMAKE_PREFIX_PATH}:/home/juanespadi/Documents/shalpy/taller1_grupo14/install/turtle_bot_14:/opt/ros/humble /usr/bin/cmake --install /home/juanespadi/Documents/shalpy/taller1_grupo14/build/player_interfaces
[3.967s] -- Install configuration: ""
[3.967s] -- Up-to-date: /home/juanespadi/Documents/shalpy/taller1_grupo14/install/player_interfaces/share/ament_index/resource_index/rosidl_interfaces/player_interfaces
[3.968s] -- Up-to-date: /home/juanespadi/Documents/shalpy/taller1_grupo14/install/player_interfaces/include/player_interfaces/player_interfaces
[3.968s] -- Up-to-date: /home/juanespadi/Documents/shalpy/taller1_grupo14/install/player_interfaces/include/player_interfaces/player_interfaces/msg
[3.968s] -- Up-to-date: /home/juanespadi/Documents/shalpy/taller1_grupo14/install/player_interfaces/include/player_interfaces/player_interfaces/msg/rosidl_generator_c__visibility_control.h
[3.968s] -- Up-to-date: /home/juanespadi/Documents/shalpy/taller1_grupo14/install/player_interfaces/include/player_interfaces/player_interfaces/srv
[3.968s] -- Installing: /home/juanespadi/Documents/shalpy/taller1_grupo14/install/player_interfaces/include/player_interfaces/player_interfaces/srv/player.h
[3.968s] -- Up-to-date: /home/juanespadi/Documents/shalpy/taller1_grupo14/install/player_interfaces/include/player_interfaces/player_interfaces/srv/detail
[3.968s] -- Installing: /home/juanespadi/Documents/shalpy/taller1_grupo14/install/player_interfaces/include/player_interfaces/player_interfaces/srv/detail/player__functions.h
[3.968s] -- Installing: /home/juanespadi/Documents/shalpy/taller1_grupo14/install/player_interfaces/include/player_interfaces/player_interfaces/srv/detail/player__functions.c
[3.969s] -- Installing: /home/juanespadi/Documents/shalpy/taller1_grupo14/install/player_interfaces/include/player_interfaces/player_interfaces/srv/detail/player__struct.h
[3.969s] -- Installing: /home/juanespadi/Documents/shalpy/taller1_grupo14/install/player_interfaces/include/player_interfaces/player_interfaces/srv/detail/player__type_support.h
[3.969s] -- Up-to-date: /home/juanespadi/Documents/shalpy/taller1_grupo14/install/player_interfaces/share/player_interfaces/environment/library_path.sh
[3.969s] -- Installing: /home/juanespadi/Documents/shalpy/taller1_grupo14/install/player_interfaces/share/player_interfaces/environment/library_path.dsv
[3.969s] -- Installing: /home/juanespadi/Documents/shalpy/taller1_grupo14/install/player_interfaces/lib/libplayer_interfaces__rosidl_generator_c.so
[3.969s] -- Set runtime path of "/home/juanespadi/Documents/shalpy/taller1_grupo14/install/player_interfaces/lib/libplayer_interfaces__rosidl_generator_c.so" to ""
[3.970s] -- Up-to-date: /home/juanespadi/Documents/shalpy/taller1_grupo14/install/player_interfaces/include/player_interfaces/player_interfaces
[3.970s] -- Up-to-date: /home/juanespadi/Documents/shalpy/taller1_grupo14/install/player_interfaces/include/player_interfaces/player_interfaces/msg
[3.970s] -- Up-to-date: /home/juanespadi/Documents/shalpy/taller1_grupo14/install/player_interfaces/include/player_interfaces/player_interfaces/msg/rosidl_typesupport_fastrtps_c__visibility_control.h
[3.970s] -- Up-to-date: /home/juanespadi/Documents/shalpy/taller1_grupo14/install/player_interfaces/include/player_interfaces/player_interfaces/srv
[3.970s] -- Up-to-date: /home/juanespadi/Documents/shalpy/taller1_grupo14/install/player_interfaces/include/player_interfaces/player_interfaces/srv/detail
[3.970s] -- Installing: /home/juanespadi/Documents/shalpy/taller1_grupo14/install/player_interfaces/include/player_interfaces/player_interfaces/srv/detail/player__rosidl_typesupport_fastrtps_c.h
[3.970s] -- Installing: /home/juanespadi/Documents/shalpy/taller1_grupo14/install/player_interfaces/lib/libplayer_interfaces__rosidl_typesupport_fastrtps_c.so
[3.971s] -- Set runtime path of "/home/juanespadi/Documents/shalpy/taller1_grupo14/install/player_interfaces/lib/libplayer_interfaces__rosidl_typesupport_fastrtps_c.so" to ""
[3.971s] -- Up-to-date: /home/juanespadi/Documents/shalpy/taller1_grupo14/install/player_interfaces/include/player_interfaces/player_interfaces
[3.971s] -- Up-to-date: /home/juanespadi/Documents/shalpy/taller1_grupo14/install/player_interfaces/include/player_interfaces/player_interfaces/msg
[3.971s] -- Up-to-date: /home/juanespadi/Documents/shalpy/taller1_grupo14/install/player_interfaces/include/player_interfaces/player_interfaces/msg/rosidl_typesupport_introspection_c__visibility_control.h
[3.971s] -- Up-to-date: /home/juanespadi/Documents/shalpy/taller1_grupo14/install/player_interfaces/include/player_interfaces/player_interfaces/srv
[3.971s] -- Up-to-date: /home/juanespadi/Documents/shalpy/taller1_grupo14/install/player_interfaces/include/player_interfaces/player_interfaces/srv/detail
[3.971s] -- Installing: /home/juanespadi/Documents/shalpy/taller1_grupo14/install/player_interfaces/include/player_interfaces/player_interfaces/srv/detail/player__rosidl_typesupport_introspection_c.h
[3.972s] -- Installing: /home/juanespadi/Documents/shalpy/taller1_grupo14/install/player_interfaces/include/player_interfaces/player_interfaces/srv/detail/player__type_support.c
[3.972s] -- Installing: /home/juanespadi/Documents/shalpy/taller1_grupo14/install/player_interfaces/lib/libplayer_interfaces__rosidl_typesupport_introspection_c.so
[3.972s] -- Set runtime path of "/home/juanespadi/Documents/shalpy/taller1_grupo14/install/player_interfaces/lib/libplayer_interfaces__rosidl_typesupport_introspection_c.so" to ""
[3.972s] -- Installing: /home/juanespadi/Documents/shalpy/taller1_grupo14/install/player_interfaces/lib/libplayer_interfaces__rosidl_typesupport_c.so
[3.973s] -- Set runtime path of "/home/juanespadi/Documents/shalpy/taller1_grupo14/install/player_interfaces/lib/libplayer_interfaces__rosidl_typesupport_c.so" to ""
[3.973s] -- Up-to-date: /home/juanespadi/Documents/shalpy/taller1_grupo14/install/player_interfaces/include/player_interfaces/player_interfaces
[3.973s] -- Up-to-date: /home/juanespadi/Documents/shalpy/taller1_grupo14/install/player_interfaces/include/player_interfaces/player_interfaces/srv
[3.973s] -- Installing: /home/juanespadi/Documents/shalpy/taller1_grupo14/install/player_interfaces/include/player_interfaces/player_interfaces/srv/player.hpp
[3.973s] -- Up-to-date: /home/juanespadi/Documents/shalpy/taller1_grupo14/install/player_interfaces/include/player_interfaces/player_interfaces/srv/detail
[3.973s] -- Installing: /home/juanespadi/Documents/shalpy/taller1_grupo14/install/player_interfaces/include/player_interfaces/player_interfaces/srv/detail/player__traits.hpp
[3.973s] -- Installing: /home/juanespadi/Documents/shalpy/taller1_grupo14/install/player_interfaces/include/player_interfaces/player_interfaces/srv/detail/player__struct.hpp
[3.974s] -- Installing: /home/juanespadi/Documents/shalpy/taller1_grupo14/install/player_interfaces/include/player_interfaces/player_interfaces/srv/detail/player__builder.hpp
[3.974s] -- Up-to-date: /home/juanespadi/Documents/shalpy/taller1_grupo14/install/player_interfaces/include/player_interfaces/player_interfaces
[3.974s] -- Up-to-date: /home/juanespadi/Documents/shalpy/taller1_grupo14/install/player_interfaces/include/player_interfaces/player_interfaces/msg
[3.974s] -- Up-to-date: /home/juanespadi/Documents/shalpy/taller1_grupo14/install/player_interfaces/include/player_interfaces/player_interfaces/msg/rosidl_typesupport_fastrtps_cpp__visibility_control.h
[3.974s] -- Up-to-date: /home/juanespadi/Documents/shalpy/taller1_grupo14/install/player_interfaces/include/player_interfaces/player_interfaces/srv
[3.974s] -- Up-to-date: /home/juanespadi/Documents/shalpy/taller1_grupo14/install/player_interfaces/include/player_interfaces/player_interfaces/srv/detail
[3.974s] -- Up-to-date: /home/juanespadi/Documents/shalpy/taller1_grupo14/install/player_interfaces/include/player_interfaces/player_interfaces/srv/detail/dds_fastrtps
[3.974s] -- Installing: /home/juanespadi/Documents/shalpy/taller1_grupo14/install/player_interfaces/include/player_interfaces/player_interfaces/srv/detail/player__rosidl_typesupport_fastrtps_cpp.hpp
[3.974s] -- Installing: /home/juanespadi/Documents/shalpy/taller1_grupo14/install/player_interfaces/lib/libplayer_interfaces__rosidl_typesupport_fastrtps_cpp.so
[3.975s] -- Set runtime path of "/home/juanespadi/Documents/shalpy/taller1_grupo14/install/player_interfaces/lib/libplayer_interfaces__rosidl_typesupport_fastrtps_cpp.so" to ""
[3.975s] -- Up-to-date: /home/juanespadi/Documents/shalpy/taller1_grupo14/install/player_interfaces/include/player_interfaces/player_interfaces
[3.975s] -- Up-to-date: /home/juanespadi/Documents/shalpy/taller1_grupo14/install/player_interfaces/include/player_interfaces/player_interfaces/srv
[3.975s] -- Up-to-date: /home/juanespadi/Documents/shalpy/taller1_grupo14/install/player_interfaces/include/player_interfaces/player_interfaces/srv/detail
[3.975s] -- Installing: /home/juanespadi/Documents/shalpy/taller1_grupo14/install/player_interfaces/include/player_interfaces/player_interfaces/srv/detail/player__type_support.cpp
[3.975s] -- Installing: /home/juanespadi/Documents/shalpy/taller1_grupo14/install/player_interfaces/include/player_interfaces/player_interfaces/srv/detail/player__rosidl_typesupport_introspection_cpp.hpp
[3.975s] -- Installing: /home/juanespadi/Documents/shalpy/taller1_grupo14/install/player_interfaces/lib/libplayer_interfaces__rosidl_typesupport_introspection_cpp.so
[3.976s] -- Set runtime path of "/home/juanespadi/Documents/shalpy/taller1_grupo14/install/player_interfaces/lib/libplayer_interfaces__rosidl_typesupport_introspection_cpp.so" to ""
[3.976s] -- Installing: /home/juanespadi/Documents/shalpy/taller1_grupo14/install/player_interfaces/lib/libplayer_interfaces__rosidl_typesupport_cpp.so
[3.977s] -- Set runtime path of "/home/juanespadi/Documents/shalpy/taller1_grupo14/install/player_interfaces/lib/libplayer_interfaces__rosidl_typesupport_cpp.so" to ""
[3.977s] -- Up-to-date: /home/juanespadi/Documents/shalpy/taller1_grupo14/install/player_interfaces/share/player_interfaces/environment/pythonpath.sh
[3.977s] -- Installing: /home/juanespadi/Documents/shalpy/taller1_grupo14/install/player_interfaces/share/player_interfaces/environment/pythonpath.dsv
[3.977s] -- Up-to-date: /home/juanespadi/Documents/shalpy/taller1_grupo14/install/player_interfaces/local/lib/python3.10/dist-packages/player_interfaces-0.0.0-py3.10.egg-info
[3.977s] -- Installing: /home/juanespadi/Documents/shalpy/taller1_grupo14/install/player_interfaces/local/lib/python3.10/dist-packages/player_interfaces-0.0.0-py3.10.egg-info/SOURCES.txt
[3.977s] -- Installing: /home/juanespadi/Documents/shalpy/taller1_grupo14/install/player_interfaces/local/lib/python3.10/dist-packages/player_interfaces-0.0.0-py3.10.egg-info/dependency_links.txt
[3.978s] -- Installing: /home/juanespadi/Documents/shalpy/taller1_grupo14/install/player_interfaces/local/lib/python3.10/dist-packages/player_interfaces-0.0.0-py3.10.egg-info/top_level.txt
[3.978s] -- Installing: /home/juanespadi/Documents/shalpy/taller1_grupo14/install/player_interfaces/local/lib/python3.10/dist-packages/player_interfaces-0.0.0-py3.10.egg-info/PKG-INFO
[3.978s] -- Up-to-date: /home/juanespadi/Documents/shalpy/taller1_grupo14/install/player_interfaces/local/lib/python3.10/dist-packages/player_interfaces
[3.978s] -- Installing: /home/juanespadi/Documents/shalpy/taller1_grupo14/install/player_interfaces/local/lib/python3.10/dist-packages/player_interfaces/player_interfaces_s__rosidl_typesupport_fastrtps_c.cpython-310-x86_64-linux-gnu.so
[3.978s] -- Installing: /home/juanespadi/Documents/shalpy/taller1_grupo14/install/player_interfaces/local/lib/python3.10/dist-packages/player_interfaces/_player_interfaces_s.ep.rosidl_typesupport_fastrtps_c.c
[3.978s] -- Installing: /home/juanespadi/Documents/shalpy/taller1_grupo14/install/player_interfaces/local/lib/python3.10/dist-packages/player_interfaces/player_interfaces_s__rosidl_typesupport_introspection_c.cpython-310-x86_64-linux-gnu.so
[3.978s] -- Installing: /home/juanespadi/Documents/shalpy/taller1_grupo14/install/player_interfaces/local/lib/python3.10/dist-packages/player_interfaces/_player_interfaces_s.ep.rosidl_typesupport_introspection_c.c
[3.978s] -- Installing: /home/juanespadi/Documents/shalpy/taller1_grupo14/install/player_interfaces/local/lib/python3.10/dist-packages/player_interfaces/libplayer_interfaces__rosidl_generator_py.so
[3.979s] -- Installing: /home/juanespadi/Documents/shalpy/taller1_grupo14/install/player_interfaces/local/lib/python3.10/dist-packages/player_interfaces/player_interfaces_s__rosidl_typesupport_c.cpython-310-x86_64-linux-gnu.so
[3.979s] -- Installing: /home/juanespadi/Documents/shalpy/taller1_grupo14/install/player_interfaces/local/lib/python3.10/dist-packages/player_interfaces/__init__.py
[3.979s] -- Installing: /home/juanespadi/Documents/shalpy/taller1_grupo14/install/player_interfaces/local/lib/python3.10/dist-packages/player_interfaces/_player_interfaces_s.ep.rosidl_typesupport_c.c
[3.979s] -- Up-to-date: /home/juanespadi/Documents/shalpy/taller1_grupo14/install/player_interfaces/local/lib/python3.10/dist-packages/player_interfaces/srv
[3.979s] -- Installing: /home/juanespadi/Documents/shalpy/taller1_grupo14/install/player_interfaces/local/lib/python3.10/dist-packages/player_interfaces/srv/_player_s.c
[3.979s] -- Installing: /home/juanespadi/Documents/shalpy/taller1_grupo14/install/player_interfaces/local/lib/python3.10/dist-packages/player_interfaces/srv/__init__.py
[3.979s] -- Installing: /home/juanespadi/Documents/shalpy/taller1_grupo14/install/player_interfaces/local/lib/python3.10/dist-packages/player_interfaces/srv/_player.py
[4.017s] Listing '/home/juanespadi/Documents/shalpy/taller1_grupo14/install/player_interfaces/local/lib/python3.10/dist-packages/player_interfaces'...
[4.017s] Compiling '/home/juanespadi/Documents/shalpy/taller1_grupo14/install/player_interfaces/local/lib/python3.10/dist-packages/player_interfaces/__init__.py'...
[4.017s] Listing '/home/juanespadi/Documents/shalpy/taller1_grupo14/install/player_interfaces/local/lib/python3.10/dist-packages/player_interfaces/srv'...
[4.017s] Compiling '/home/juanespadi/Documents/shalpy/taller1_grupo14/install/player_interfaces/local/lib/python3.10/dist-packages/player_interfaces/srv/__init__.py'...
[4.017s] Compiling '/home/juanespadi/Documents/shalpy/taller1_grupo14/install/player_interfaces/local/lib/python3.10/dist-packages/player_interfaces/srv/_player.py'...
[4.022s] -- Installing: /home/juanespadi/Documents/shalpy/taller1_grupo14/install/player_interfaces/local/lib/python3.10/dist-packages/player_interfaces/player_interfaces_s__rosidl_typesupport_fastrtps_c.cpython-310-x86_64-linux-gnu.so
[4.023s] -- Set runtime path of "/home/juanespadi/Documents/shalpy/taller1_grupo14/install/player_interfaces/local/lib/python3.10/dist-packages/player_interfaces/player_interfaces_s__rosidl_typesupport_fastrtps_c.cpython-310-x86_64-linux-gnu.so" to ""
[4.023s] -- Installing: /home/juanespadi/Documents/shalpy/taller1_grupo14/install/player_interfaces/local/lib/python3.10/dist-packages/player_interfaces/player_interfaces_s__rosidl_typesupport_introspection_c.cpython-310-x86_64-linux-gnu.so
[4.024s] -- Set runtime path of "/home/juanespadi/Documents/shalpy/taller1_grupo14/install/player_interfaces/local/lib/python3.10/dist-packages/player_interfaces/player_interfaces_s__rosidl_typesupport_introspection_c.cpython-310-x86_64-linux-gnu.so" to ""
[4.024s] -- Installing: /home/juanespadi/Documents/shalpy/taller1_grupo14/install/player_interfaces/local/lib/python3.10/dist-packages/player_interfaces/player_interfaces_s__rosidl_typesupport_c.cpython-310-x86_64-linux-gnu.so
[4.024s] -- Set runtime path of "/home/juanespadi/Documents/shalpy/taller1_grupo14/install/player_interfaces/local/lib/python3.10/dist-packages/player_interfaces/player_interfaces_s__rosidl_typesupport_c.cpython-310-x86_64-linux-gnu.so" to ""
[4.024s] -- Installing: /home/juanespadi/Documents/shalpy/taller1_grupo14/install/player_interfaces/lib/libplayer_interfaces__rosidl_generator_py.so
[4.025s] -- Set runtime path of "/home/juanespadi/Documents/shalpy/taller1_grupo14/install/player_interfaces/lib/libplayer_interfaces__rosidl_generator_py.so" to ""
[4.025s] -- Installing: /home/juanespadi/Documents/shalpy/taller1_grupo14/install/player_interfaces/share/player_interfaces/srv/Player.idl
[4.025s] -- Installing: /home/juanespadi/Documents/shalpy/taller1_grupo14/install/player_interfaces/share/player_interfaces/srv/Player.srv
[4.026s] -- Up-to-date: /home/juanespadi/Documents/shalpy/taller1_grupo14/install/player_interfaces/share/player_interfaces/srv/Player_Request.msg
[4.026s] -- Installing: /home/juanespadi/Documents/shalpy/taller1_grupo14/install/player_interfaces/share/player_interfaces/srv/Player_Response.msg
[4.026s] -- Up-to-date: /home/juanespadi/Documents/shalpy/taller1_grupo14/install/player_interfaces/share/ament_index/resource_index/package_run_dependencies/player_interfaces
[4.026s] -- Installing: /home/juanespadi/Documents/shalpy/taller1_grupo14/install/player_interfaces/share/ament_index/resource_index/parent_prefix_path/player_interfaces
[4.026s] -- Up-to-date: /home/juanespadi/Documents/shalpy/taller1_grupo14/install/player_interfaces/share/player_interfaces/environment/ament_prefix_path.sh
[4.026s] -- Installing: /home/juanespadi/Documents/shalpy/taller1_grupo14/install/player_interfaces/share/player_interfaces/environment/ament_prefix_path.dsv
[4.026s] -- Up-to-date: /home/juanespadi/Documents/shalpy/taller1_grupo14/install/player_interfaces/share/player_interfaces/environment/path.sh
[4.026s] -- Installing: /home/juanespadi/Documents/shalpy/taller1_grupo14/install/player_interfaces/share/player_interfaces/environment/path.dsv
[4.026s] -- Up-to-date: /home/juanespadi/Documents/shalpy/taller1_grupo14/install/player_interfaces/share/player_interfaces/local_setup.bash
[4.027s] -- Up-to-date: /home/juanespadi/Documents/shalpy/taller1_grupo14/install/player_interfaces/share/player_interfaces/local_setup.sh
[4.027s] -- Up-to-date: /home/juanespadi/Documents/shalpy/taller1_grupo14/install/player_interfaces/share/player_interfaces/local_setup.zsh
[4.027s] -- Installing: /home/juanespadi/Documents/shalpy/taller1_grupo14/install/player_interfaces/share/player_interfaces/local_setup.dsv
[4.027s] -- Installing: /home/juanespadi/Documents/shalpy/taller1_grupo14/install/player_interfaces/share/player_interfaces/package.dsv
[4.027s] -- Up-to-date: /home/juanespadi/Documents/shalpy/taller1_grupo14/install/player_interfaces/share/ament_index/resource_index/packages/player_interfaces
[4.027s] -- Up-to-date: /home/juanespadi/Documents/shalpy/taller1_grupo14/install/player_interfaces/share/player_interfaces/cmake/export_player_interfaces__rosidl_generator_cExport.cmake
[4.027s] -- Up-to-date: /home/juanespadi/Documents/shalpy/taller1_grupo14/install/player_interfaces/share/player_interfaces/cmake/export_player_interfaces__rosidl_generator_cExport-noconfig.cmake
[4.028s] -- Up-to-date: /home/juanespadi/Documents/shalpy/taller1_grupo14/install/player_interfaces/share/player_interfaces/cmake/export_player_interfaces__rosidl_typesupport_fastrtps_cExport.cmake
[4.028s] -- Up-to-date: /home/juanespadi/Documents/shalpy/taller1_grupo14/install/player_interfaces/share/player_interfaces/cmake/export_player_interfaces__rosidl_typesupport_fastrtps_cExport-noconfig.cmake
[4.028s] -- Up-to-date: /home/juanespadi/Documents/shalpy/taller1_grupo14/install/player_interfaces/share/player_interfaces/cmake/player_interfaces__rosidl_typesupport_introspection_cExport.cmake
[4.028s] -- Up-to-date: /home/juanespadi/Documents/shalpy/taller1_grupo14/install/player_interfaces/share/player_interfaces/cmake/player_interfaces__rosidl_typesupport_introspection_cExport-noconfig.cmake
[4.028s] -- Up-to-date: /home/juanespadi/Documents/shalpy/taller1_grupo14/install/player_interfaces/share/player_interfaces/cmake/player_interfaces__rosidl_typesupport_cExport.cmake
[4.028s] -- Up-to-date: /home/juanespadi/Documents/shalpy/taller1_grupo14/install/player_interfaces/share/player_interfaces/cmake/player_interfaces__rosidl_typesupport_cExport-noconfig.cmake
[4.028s] -- Up-to-date: /home/juanespadi/Documents/shalpy/taller1_grupo14/install/player_interfaces/share/player_interfaces/cmake/export_player_interfaces__rosidl_generator_cppExport.cmake
[4.029s] -- Up-to-date: /home/juanespadi/Documents/shalpy/taller1_grupo14/install/player_interfaces/share/player_interfaces/cmake/export_player_interfaces__rosidl_typesupport_fastrtps_cppExport.cmake
[4.029s] -- Up-to-date: /home/juanespadi/Documents/shalpy/taller1_grupo14/install/player_interfaces/share/player_interfaces/cmake/export_player_interfaces__rosidl_typesupport_fastrtps_cppExport-noconfig.cmake
[4.029s] -- Up-to-date: /home/juanespadi/Documents/shalpy/taller1_grupo14/install/player_interfaces/share/player_interfaces/cmake/player_interfaces__rosidl_typesupport_introspection_cppExport.cmake
[4.029s] -- Up-to-date: /home/juanespadi/Documents/shalpy/taller1_grupo14/install/player_interfaces/share/player_interfaces/cmake/player_interfaces__rosidl_typesupport_introspection_cppExport-noconfig.cmake
[4.029s] -- Up-to-date: /home/juanespadi/Documents/shalpy/taller1_grupo14/install/player_interfaces/share/player_interfaces/cmake/player_interfaces__rosidl_typesupport_cppExport.cmake
[4.030s] -- Up-to-date: /home/juanespadi/Documents/shalpy/taller1_grupo14/install/player_interfaces/share/player_interfaces/cmake/player_interfaces__rosidl_typesupport_cppExport-noconfig.cmake
[4.030s] -- Up-to-date: /home/juanespadi/Documents/shalpy/taller1_grupo14/install/player_interfaces/share/player_interfaces/cmake/export_player_interfaces__rosidl_generator_pyExport.cmake
[4.030s] -- Up-to-date: /home/juanespadi/Documents/shalpy/taller1_grupo14/install/player_interfaces/share/player_interfaces/cmake/export_player_interfaces__rosidl_generator_pyExport-noconfig.cmake
[4.030s] -- Up-to-date: /home/juanespadi/Documents/shalpy/taller1_grupo14/install/player_interfaces/share/player_interfaces/cmake/rosidl_cmake-extras.cmake
[4.030s] -- Up-to-date: /home/juanespadi/Documents/shalpy/taller1_grupo14/install/player_interfaces/share/player_interfaces/cmake/ament_cmake_export_include_directories-extras.cmake
[4.030s] -- Up-to-date: /home/juanespadi/Documents/shalpy/taller1_grupo14/install/player_interfaces/share/player_interfaces/cmake/ament_cmake_export_libraries-extras.cmake
[4.030s] -- Up-to-date: /home/juanespadi/Documents/shalpy/taller1_grupo14/install/player_interfaces/share/player_interfaces/cmake/ament_cmake_export_targets-extras.cmake
[4.030s] -- Up-to-date: /home/juanespadi/Documents/shalpy/taller1_grupo14/install/player_interfaces/share/player_interfaces/cmake/rosidl_cmake_export_typesupport_targets-extras.cmake
[4.031s] -- Up-to-date: /home/juanespadi/Documents/shalpy/taller1_grupo14/install/player_interfaces/share/player_interfaces/cmake/ament_cmake_export_dependencies-extras.cmake
[4.031s] -- Up-to-date: /home/juanespadi/Documents/shalpy/taller1_grupo14/install/player_interfaces/share/player_interfaces/cmake/rosidl_cmake_export_typesupport_libraries-extras.cmake
[4.031s] -- Up-to-date: /home/juanespadi/Documents/shalpy/taller1_grupo14/install/player_interfaces/share/player_interfaces/cmake/player_interfacesConfig.cmake
[4.031s] -- Up-to-date: /home/juanespadi/Documents/shalpy/taller1_grupo14/install/player_interfaces/share/player_interfaces/cmake/player_interfacesConfig-version.cmake
[4.031s] -- Up-to-date: /home/juanespadi/Documents/shalpy/taller1_grupo14/install/player_interfaces/share/player_interfaces/package.xml
[4.035s] Invoked command in '/home/juanespadi/Documents/shalpy/taller1_grupo14/build/player_interfaces' returned '0': CMAKE_PREFIX_PATH=${CMAKE_PREFIX_PATH}:/home/juanespadi/Documents/shalpy/taller1_grupo14/install/turtle_bot_14:/opt/ros/humble /usr/bin/cmake --install /home/juanespadi/Documents/shalpy/taller1_grupo14/build/player_interfaces
