[0.488s] DEBUG:colcon:Command line arguments: ['/usr/bin/colcon', 'build']
[0.488s] DEBUG:colcon:Parsed command line arguments: Namespace(log_base=None, log_level=None, verb_name='build', build_base='build', install_base='install', merge_install=False, symlink_install=False, test_result_base=None, continue_on_error=False, executor='parallel', parallel_workers=8, event_handlers=None, ignore_user_meta=False, metas=['./colcon.meta'], base_paths=['.'], packages_ignore=None, packages_ignore_regex=None, paths=None, packages_up_to=None, packages_up_to_regex=None, packages_above=None, packages_above_and_dependencies=None, packages_above_depth=None, packages_select_by_dep=None, packages_skip_by_dep=None, packages_skip_up_to=None, packages_select_build_failed=False, packages_skip_build_finished=False, packages_select_test_failures=False, packages_skip_test_passed=False, packages_select=None, packages_skip=None, packages_select_regex=None, packages_skip_regex=None, packages_start=None, packages_end=None, allow_overriding=[], cmake_args=None, cmake_target=None, cmake_target_skip_unavailable=False, cmake_clean_cache=False, cmake_clean_first=False, cmake_force_configure=False, ament_cmake_args=None, catkin_cmake_args=None, catkin_skip_building_tests=False, verb_parser=<colcon_defaults.argument_parser.defaults.DefaultArgumentsDecorator object at 0x7f028b1f3f70>, verb_extension=<colcon_core.verb.build.BuildVerb object at 0x7f028b4730a0>, main=<bound method BuildVerb.main of <colcon_core.verb.build.BuildVerb object at 0x7f028b4730a0>>)
[0.720s] Level 1:colcon.colcon_core.package_discovery:discover_packages(colcon_meta) check parameters
[0.721s] Level 1:colcon.colcon_core.package_discovery:discover_packages(recursive) check parameters
[0.721s] Level 1:colcon.colcon_core.package_discovery:discover_packages(ignore) check parameters
[0.721s] Level 1:colcon.colcon_core.package_discovery:discover_packages(path) check parameters
[0.722s] Level 1:colcon.colcon_core.package_discovery:discover_packages(colcon_meta) discover
[0.722s] Level 1:colcon.colcon_core.package_discovery:discover_packages(recursive) discover
[0.722s] INFO:colcon.colcon_core.package_discovery:Crawling recursively for packages in '/home/juanespadi/Documents/shalpy/taller3_grupo14'
[0.723s] Level 1:colcon.colcon_core.package_identification:_identify(.) by extensions ['ignore', 'ignore_ament_install']
[0.723s] Level 1:colcon.colcon_core.package_identification:_identify(.) by extension 'ignore'
[0.724s] Level 1:colcon.colcon_core.package_identification:_identify(.) by extension 'ignore_ament_install'
[0.724s] Level 1:colcon.colcon_core.package_identification:_identify(.) by extensions ['colcon_pkg']
[0.725s] Level 1:colcon.colcon_core.package_identification:_identify(.) by extension 'colcon_pkg'
[0.725s] Level 1:colcon.colcon_core.package_identification:_identify(.) by extensions ['colcon_meta']
[0.725s] Level 1:colcon.colcon_core.package_identification:_identify(.) by extension 'colcon_meta'
[0.726s] Level 1:colcon.colcon_core.package_identification:_identify(.) by extensions ['ros']
[0.726s] Level 1:colcon.colcon_core.package_identification:_identify(.) by extension 'ros'
[0.804s] Level 1:colcon.colcon_core.package_identification:_identify(.) by extensions ['cmake', 'python']
[0.804s] Level 1:colcon.colcon_core.package_identification:_identify(.) by extension 'cmake'
[0.804s] Level 1:colcon.colcon_core.package_identification:_identify(.) by extension 'python'
[0.804s] Level 1:colcon.colcon_core.package_identification:_identify(.) by extensions ['python_setup_py']
[0.804s] Level 1:colcon.colcon_core.package_identification:_identify(.) by extension 'python_setup_py'
[0.805s] Level 1:colcon.colcon_core.package_identification:_identify(build) by extensions ['ignore', 'ignore_ament_install']
[0.805s] Level 1:colcon.colcon_core.package_identification:_identify(build) by extension 'ignore'
[0.805s] Level 1:colcon.colcon_core.package_identification:_identify(build) ignored
[0.806s] Level 1:colcon.colcon_core.package_identification:_identify(docs) by extensions ['ignore', 'ignore_ament_install']
[0.806s] Level 1:colcon.colcon_core.package_identification:_identify(docs) by extension 'ignore'
[0.806s] Level 1:colcon.colcon_core.package_identification:_identify(docs) by extension 'ignore_ament_install'
[0.806s] Level 1:colcon.colcon_core.package_identification:_identify(docs) by extensions ['colcon_pkg']
[0.806s] Level 1:colcon.colcon_core.package_identification:_identify(docs) by extension 'colcon_pkg'
[0.807s] Level 1:colcon.colcon_core.package_identification:_identify(docs) by extensions ['colcon_meta']
[0.807s] Level 1:colcon.colcon_core.package_identification:_identify(docs) by extension 'colcon_meta'
[0.807s] Level 1:colcon.colcon_core.package_identification:_identify(docs) by extensions ['ros']
[0.807s] Level 1:colcon.colcon_core.package_identification:_identify(docs) by extension 'ros'
[0.807s] Level 1:colcon.colcon_core.package_identification:_identify(docs) by extensions ['cmake', 'python']
[0.807s] Level 1:colcon.colcon_core.package_identification:_identify(docs) by extension 'cmake'
[0.807s] Level 1:colcon.colcon_core.package_identification:_identify(docs) by extension 'python'
[0.808s] Level 1:colcon.colcon_core.package_identification:_identify(docs) by extensions ['python_setup_py']
[0.808s] Level 1:colcon.colcon_core.package_identification:_identify(docs) by extension 'python_setup_py'
[0.808s] Level 1:colcon.colcon_core.package_identification:_identify(install) by extensions ['ignore', 'ignore_ament_install']
[0.808s] Level 1:colcon.colcon_core.package_identification:_identify(install) by extension 'ignore'
[0.808s] Level 1:colcon.colcon_core.package_identification:_identify(install) ignored
[0.809s] Level 1:colcon.colcon_core.package_identification:_identify(log) by extensions ['ignore', 'ignore_ament_install']
[0.809s] Level 1:colcon.colcon_core.package_identification:_identify(log) by extension 'ignore'
[0.809s] Level 1:colcon.colcon_core.package_identification:_identify(log) ignored
[0.809s] Level 1:colcon.colcon_core.package_identification:_identify(src) by extensions ['ignore', 'ignore_ament_install']
[0.809s] Level 1:colcon.colcon_core.package_identification:_identify(src) by extension 'ignore'
[0.810s] Level 1:colcon.colcon_core.package_identification:_identify(src) by extension 'ignore_ament_install'
[0.810s] Level 1:colcon.colcon_core.package_identification:_identify(src) by extensions ['colcon_pkg']
[0.810s] Level 1:colcon.colcon_core.package_identification:_identify(src) by extension 'colcon_pkg'
[0.810s] Level 1:colcon.colcon_core.package_identification:_identify(src) by extensions ['colcon_meta']
[0.810s] Level 1:colcon.colcon_core.package_identification:_identify(src) by extension 'colcon_meta'
[0.810s] Level 1:colcon.colcon_core.package_identification:_identify(src) by extensions ['ros']
[0.810s] Level 1:colcon.colcon_core.package_identification:_identify(src) by extension 'ros'
[0.810s] Level 1:colcon.colcon_core.package_identification:_identify(src) by extensions ['cmake', 'python']
[0.811s] Level 1:colcon.colcon_core.package_identification:_identify(src) by extension 'cmake'
[0.811s] Level 1:colcon.colcon_core.package_identification:_identify(src) by extension 'python'
[0.811s] Level 1:colcon.colcon_core.package_identification:_identify(src) by extensions ['python_setup_py']
[0.811s] Level 1:colcon.colcon_core.package_identification:_identify(src) by extension 'python_setup_py'
[0.811s] Level 1:colcon.colcon_core.package_identification:_identify(src/mi_robot_manipulador_14) by extensions ['ignore', 'ignore_ament_install']
[0.811s] Level 1:colcon.colcon_core.package_identification:_identify(src/mi_robot_manipulador_14) by extension 'ignore'
[0.812s] Level 1:colcon.colcon_core.package_identification:_identify(src/mi_robot_manipulador_14) by extension 'ignore_ament_install'
[0.812s] Level 1:colcon.colcon_core.package_identification:_identify(src/mi_robot_manipulador_14) by extensions ['colcon_pkg']
[0.812s] Level 1:colcon.colcon_core.package_identification:_identify(src/mi_robot_manipulador_14) by extension 'colcon_pkg'
[0.812s] Level 1:colcon.colcon_core.package_identification:_identify(src/mi_robot_manipulador_14) by extensions ['colcon_meta']
[0.812s] Level 1:colcon.colcon_core.package_identification:_identify(src/mi_robot_manipulador_14) by extension 'colcon_meta'
[0.812s] Level 1:colcon.colcon_core.package_identification:_identify(src/mi_robot_manipulador_14) by extensions ['ros']
[0.812s] Level 1:colcon.colcon_core.package_identification:_identify(src/mi_robot_manipulador_14) by extension 'ros'
[0.841s] DEBUG:colcon.colcon_core.package_identification:Package 'src/mi_robot_manipulador_14' with type 'ros.ament_python' and name 'mi_robot_manipulador_14'
[0.842s] Level 1:colcon.colcon_core.package_identification:_identify(src/player_interfaces) by extensions ['ignore', 'ignore_ament_install']
[0.842s] Level 1:colcon.colcon_core.package_identification:_identify(src/player_interfaces) by extension 'ignore'
[0.843s] Level 1:colcon.colcon_core.package_identification:_identify(src/player_interfaces) by extension 'ignore_ament_install'
[0.843s] Level 1:colcon.colcon_core.package_identification:_identify(src/player_interfaces) by extensions ['colcon_pkg']
[0.844s] Level 1:colcon.colcon_core.package_identification:_identify(src/player_interfaces) by extension 'colcon_pkg'
[0.844s] Level 1:colcon.colcon_core.package_identification:_identify(src/player_interfaces) by extensions ['colcon_meta']
[0.844s] Level 1:colcon.colcon_core.package_identification:_identify(src/player_interfaces) by extension 'colcon_meta'
[0.845s] Level 1:colcon.colcon_core.package_identification:_identify(src/player_interfaces) by extensions ['ros']
[0.845s] Level 1:colcon.colcon_core.package_identification:_identify(src/player_interfaces) by extension 'ros'
[0.847s] DEBUG:colcon.colcon_core.package_identification:Package 'src/player_interfaces' with type 'ros.ament_cmake' and name 'player_interfaces'
[0.848s] Level 1:colcon.colcon_core.package_identification:_identify(src/turtle_bot_14) by extensions ['ignore', 'ignore_ament_install']
[0.848s] Level 1:colcon.colcon_core.package_identification:_identify(src/turtle_bot_14) by extension 'ignore'
[0.848s] Level 1:colcon.colcon_core.package_identification:_identify(src/turtle_bot_14) by extension 'ignore_ament_install'
[0.849s] Level 1:colcon.colcon_core.package_identification:_identify(src/turtle_bot_14) by extensions ['colcon_pkg']
[0.849s] Level 1:colcon.colcon_core.package_identification:_identify(src/turtle_bot_14) by extension 'colcon_pkg'
[0.849s] Level 1:colcon.colcon_core.package_identification:_identify(src/turtle_bot_14) by extensions ['colcon_meta']
[0.849s] Level 1:colcon.colcon_core.package_identification:_identify(src/turtle_bot_14) by extension 'colcon_meta'
[0.849s] Level 1:colcon.colcon_core.package_identification:_identify(src/turtle_bot_14) by extensions ['ros']
[0.850s] Level 1:colcon.colcon_core.package_identification:_identify(src/turtle_bot_14) by extension 'ros'
[0.851s] DEBUG:colcon.colcon_core.package_identification:Package 'src/turtle_bot_14' with type 'ros.ament_python' and name 'turtle_bot_14'
[0.851s] Level 1:colcon.colcon_core.package_discovery:discover_packages(recursive) using defaults
[0.852s] Level 1:colcon.colcon_core.package_discovery:discover_packages(ignore) discover
[0.852s] Level 1:colcon.colcon_core.package_discovery:discover_packages(ignore) using defaults
[0.852s] Level 1:colcon.colcon_core.package_discovery:discover_packages(path) discover
[0.852s] Level 1:colcon.colcon_core.package_discovery:discover_packages(path) using defaults
[0.917s] Level 1:colcon.colcon_core.package_discovery:discover_packages(prefix_path) check parameters
[0.917s] Level 1:colcon.colcon_core.package_discovery:discover_packages(prefix_path) discover
[0.924s] DEBUG:colcon.colcon_installed_package_information.package_discovery:Found 3 installed packages in /home/juanespadi/Documents/shalpy/taller3_grupo14/install
[0.926s] DEBUG:colcon.colcon_installed_package_information.package_discovery:Found 284 installed packages in /opt/ros/humble
[0.929s] Level 1:colcon.colcon_core.package_discovery:discover_packages(prefix_path) using defaults
[1.000s] Level 5:colcon.colcon_core.verb:set package 'mi_robot_manipulador_14' build argument 'cmake_args' from command line to 'None'
[1.000s] Level 5:colcon.colcon_core.verb:set package 'mi_robot_manipulador_14' build argument 'cmake_target' from command line to 'None'
[1.000s] Level 5:colcon.colcon_core.verb:set package 'mi_robot_manipulador_14' build argument 'cmake_target_skip_unavailable' from command line to 'False'
[1.000s] Level 5:colcon.colcon_core.verb:set package 'mi_robot_manipulador_14' build argument 'cmake_clean_cache' from command line to 'False'
[1.000s] Level 5:colcon.colcon_core.verb:set package 'mi_robot_manipulador_14' build argument 'cmake_clean_first' from command line to 'False'
[1.000s] Level 5:colcon.colcon_core.verb:set package 'mi_robot_manipulador_14' build argument 'cmake_force_configure' from command line to 'False'
[1.000s] Level 5:colcon.colcon_core.verb:set package 'mi_robot_manipulador_14' build argument 'ament_cmake_args' from command line to 'None'
[1.000s] Level 5:colcon.colcon_core.verb:set package 'mi_robot_manipulador_14' build argument 'catkin_cmake_args' from command line to 'None'
[1.000s] Level 5:colcon.colcon_core.verb:set package 'mi_robot_manipulador_14' build argument 'catkin_skip_building_tests' from command line to 'False'
[1.000s] DEBUG:colcon.colcon_core.verb:Building package 'mi_robot_manipulador_14' with the following arguments: {'ament_cmake_args': None, 'build_base': '/home/juanespadi/Documents/shalpy/taller3_grupo14/build/mi_robot_manipulador_14', 'catkin_cmake_args': None, 'catkin_skip_building_tests': False, 'cmake_args': None, 'cmake_clean_cache': False, 'cmake_clean_first': False, 'cmake_force_configure': False, 'cmake_target': None, 'cmake_target_skip_unavailable': False, 'install_base': '/home/juanespadi/Documents/shalpy/taller3_grupo14/install/mi_robot_manipulador_14', 'merge_install': False, 'path': '/home/juanespadi/Documents/shalpy/taller3_grupo14/src/mi_robot_manipulador_14', 'symlink_install': False, 'test_result_base': None}
[1.001s] Level 5:colcon.colcon_core.verb:set package 'player_interfaces' build argument 'cmake_args' from command line to 'None'
[1.001s] Level 5:colcon.colcon_core.verb:set package 'player_interfaces' build argument 'cmake_target' from command line to 'None'
[1.001s] Level 5:colcon.colcon_core.verb:set package 'player_interfaces' build argument 'cmake_target_skip_unavailable' from command line to 'False'
[1.001s] Level 5:colcon.colcon_core.verb:set package 'player_interfaces' build argument 'cmake_clean_cache' from command line to 'False'
[1.001s] Level 5:colcon.colcon_core.verb:set package 'player_interfaces' build argument 'cmake_clean_first' from command line to 'False'
[1.001s] Level 5:colcon.colcon_core.verb:set package 'player_interfaces' build argument 'cmake_force_configure' from command line to 'False'
[1.001s] Level 5:colcon.colcon_core.verb:set package 'player_interfaces' build argument 'ament_cmake_args' from command line to 'None'
[1.001s] Level 5:colcon.colcon_core.verb:set package 'player_interfaces' build argument 'catkin_cmake_args' from command line to 'None'
[1.002s] Level 5:colcon.colcon_core.verb:set package 'player_interfaces' build argument 'catkin_skip_building_tests' from command line to 'False'
[1.002s] DEBUG:colcon.colcon_core.verb:Building package 'player_interfaces' with the following arguments: {'ament_cmake_args': None, 'build_base': '/home/juanespadi/Documents/shalpy/taller3_grupo14/build/player_interfaces', 'catkin_cmake_args': None, 'catkin_skip_building_tests': False, 'cmake_args': None, 'cmake_clean_cache': False, 'cmake_clean_first': False, 'cmake_force_configure': False, 'cmake_target': None, 'cmake_target_skip_unavailable': False, 'install_base': '/home/juanespadi/Documents/shalpy/taller3_grupo14/install/player_interfaces', 'merge_install': False, 'path': '/home/juanespadi/Documents/shalpy/taller3_grupo14/src/player_interfaces', 'symlink_install': False, 'test_result_base': None}
[1.003s] Level 5:colcon.colcon_core.verb:set package 'turtle_bot_14' build argument 'cmake_args' from command line to 'None'
[1.003s] Level 5:colcon.colcon_core.verb:set package 'turtle_bot_14' build argument 'cmake_target' from command line to 'None'
[1.003s] Level 5:colcon.colcon_core.verb:set package 'turtle_bot_14' build argument 'cmake_target_skip_unavailable' from command line to 'False'
[1.003s] Level 5:colcon.colcon_core.verb:set package 'turtle_bot_14' build argument 'cmake_clean_cache' from command line to 'False'
[1.003s] Level 5:colcon.colcon_core.verb:set package 'turtle_bot_14' build argument 'cmake_clean_first' from command line to 'False'
[1.003s] Level 5:colcon.colcon_core.verb:set package 'turtle_bot_14' build argument 'cmake_force_configure' from command line to 'False'
[1.003s] Level 5:colcon.colcon_core.verb:set package 'turtle_bot_14' build argument 'ament_cmake_args' from command line to 'None'
[1.003s] Level 5:colcon.colcon_core.verb:set package 'turtle_bot_14' build argument 'catkin_cmake_args' from command line to 'None'
[1.003s] Level 5:colcon.colcon_core.verb:set package 'turtle_bot_14' build argument 'catkin_skip_building_tests' from command line to 'False'
[1.003s] DEBUG:colcon.colcon_core.verb:Building package 'turtle_bot_14' with the following arguments: {'ament_cmake_args': None, 'build_base': '/home/juanespadi/Documents/shalpy/taller3_grupo14/build/turtle_bot_14', 'catkin_cmake_args': None, 'catkin_skip_building_tests': False, 'cmake_args': None, 'cmake_clean_cache': False, 'cmake_clean_first': False, 'cmake_force_configure': False, 'cmake_target': None, 'cmake_target_skip_unavailable': False, 'install_base': '/home/juanespadi/Documents/shalpy/taller3_grupo14/install/turtle_bot_14', 'merge_install': False, 'path': '/home/juanespadi/Documents/shalpy/taller3_grupo14/src/turtle_bot_14', 'symlink_install': False, 'test_result_base': None}
[1.004s] INFO:colcon.colcon_core.executor:Executing jobs using 'parallel' executor
[1.007s] DEBUG:colcon.colcon_parallel_executor.executor.parallel:run_until_complete
[1.007s] INFO:colcon.colcon_ros.task.ament_python.build:Building ROS package in '/home/juanespadi/Documents/shalpy/taller3_grupo14/src/mi_robot_manipulador_14' with build type 'ament_python'
[1.007s] Level 1:colcon.colcon_core.shell:create_environment_hook('mi_robot_manipulador_14', 'ament_prefix_path')
[1.024s] INFO:colcon.colcon_core.plugin_system:Skipping extension 'colcon_core.shell.bat': Not used on non-Windows systems
[1.025s] INFO:colcon.colcon_core.shell:Creating environment hook '/home/juanespadi/Documents/shalpy/taller3_grupo14/install/mi_robot_manipulador_14/share/mi_robot_manipulador_14/hook/ament_prefix_path.ps1'
[1.026s] INFO:colcon.colcon_core.shell:Creating environment descriptor '/home/juanespadi/Documents/shalpy/taller3_grupo14/install/mi_robot_manipulador_14/share/mi_robot_manipulador_14/hook/ament_prefix_path.dsv'
[1.027s] INFO:colcon.colcon_core.shell:Creating environment hook '/home/juanespadi/Documents/shalpy/taller3_grupo14/install/mi_robot_manipulador_14/share/mi_robot_manipulador_14/hook/ament_prefix_path.sh'
[1.029s] INFO:colcon.colcon_core.shell:Skip shell extension 'powershell' for command environment: Not usable outside of PowerShell
[1.030s] DEBUG:colcon.colcon_core.shell:Skip shell extension 'dsv' for command environment
[1.035s] INFO:colcon.colcon_ros.task.ament_cmake.build:Building ROS package in '/home/juanespadi/Documents/shalpy/taller3_grupo14/src/player_interfaces' with build type 'ament_cmake'
[1.036s] INFO:colcon.colcon_cmake.task.cmake.build:Building CMake package in '/home/juanespadi/Documents/shalpy/taller3_grupo14/src/player_interfaces'
[1.037s] INFO:colcon.colcon_core.shell:Skip shell extension 'powershell' for command environment: Not usable outside of PowerShell
[1.037s] DEBUG:colcon.colcon_core.shell:Skip shell extension 'dsv' for command environment
[1.042s] INFO:colcon.colcon_ros.task.ament_python.build:Building ROS package in '/home/juanespadi/Documents/shalpy/taller3_grupo14/src/turtle_bot_14' with build type 'ament_python'
[1.042s] Level 1:colcon.colcon_core.shell:create_environment_hook('turtle_bot_14', 'ament_prefix_path')
[1.044s] INFO:colcon.colcon_core.shell:Creating environment hook '/home/juanespadi/Documents/shalpy/taller3_grupo14/install/turtle_bot_14/share/turtle_bot_14/hook/ament_prefix_path.ps1'
[1.045s] INFO:colcon.colcon_core.shell:Creating environment descriptor '/home/juanespadi/Documents/shalpy/taller3_grupo14/install/turtle_bot_14/share/turtle_bot_14/hook/ament_prefix_path.dsv'
[1.045s] INFO:colcon.colcon_core.shell:Creating environment hook '/home/juanespadi/Documents/shalpy/taller3_grupo14/install/turtle_bot_14/share/turtle_bot_14/hook/ament_prefix_path.sh'
[1.047s] INFO:colcon.colcon_core.shell:Skip shell extension 'powershell' for command environment: Not usable outside of PowerShell
[1.047s] DEBUG:colcon.colcon_core.shell:Skip shell extension 'dsv' for command environment
[1.372s] INFO:colcon.colcon_core.task.python.build:Building Python package in '/home/juanespadi/Documents/shalpy/taller3_grupo14/src/mi_robot_manipulador_14'
[1.373s] INFO:colcon.colcon_core.shell:Skip shell extension 'powershell' for command environment: Not usable outside of PowerShell
[1.373s] DEBUG:colcon.colcon_core.shell:Skip shell extension 'dsv' for command environment
[1.413s] DEBUG:colcon.colcon_core.event_handler.log_command:Invoking command in '/home/juanespadi/Documents/shalpy/taller3_grupo14/build/player_interfaces': CMAKE_PREFIX_PATH=${CMAKE_PREFIX_PATH}:/home/juanespadi/Documents/shalpy/taller3_grupo14/install/turtle_bot_14:/home/juanespadi/Documents/shalpy/taller3_grupo14/install/mi_robot_manipulador_14:/opt/ros/humble /usr/bin/cmake --build /home/juanespadi/Documents/shalpy/taller3_grupo14/build/player_interfaces -- -j8 -l8
[1.747s] INFO:colcon.colcon_core.task.python.build:Building Python package in '/home/juanespadi/Documents/shalpy/taller3_grupo14/src/turtle_bot_14'
[1.749s] INFO:colcon.colcon_core.shell:Skip shell extension 'powershell' for command environment: Not usable outside of PowerShell
[1.749s] DEBUG:colcon.colcon_core.shell:Skip shell extension 'dsv' for command environment
[4.115s] DEBUG:colcon.colcon_core.event_handler.log_command:Invoking command in '/home/juanespadi/Documents/shalpy/taller3_grupo14/src/mi_robot_manipulador_14': PYTHONPATH=/home/juanespadi/Documents/shalpy/taller3_grupo14/build/mi_robot_manipulador_14/prefix_override:/home/juanespadi/Documents/shalpy/taller3_grupo14/install/mi_robot_manipulador_14/lib/python3.10/site-packages:${PYTHONPATH} /usr/bin/python3 setup.py egg_info --egg-base ../../build/mi_robot_manipulador_14 build --build-base /home/juanespadi/Documents/shalpy/taller3_grupo14/build/mi_robot_manipulador_14/build install --record /home/juanespadi/Documents/shalpy/taller3_grupo14/build/mi_robot_manipulador_14/install.log --single-version-externally-managed
[4.118s] DEBUG:colcon.colcon_core.event_handler.log_command:Invoking command in '/home/juanespadi/Documents/shalpy/taller3_grupo14/src/turtle_bot_14': PYTHONPATH=/home/juanespadi/Documents/shalpy/taller3_grupo14/build/turtle_bot_14/prefix_override:/home/juanespadi/Documents/shalpy/taller3_grupo14/install/turtle_bot_14/lib/python3.10/site-packages:${PYTHONPATH} /usr/bin/python3 setup.py egg_info --egg-base ../../build/turtle_bot_14 build --build-base /home/juanespadi/Documents/shalpy/taller3_grupo14/build/turtle_bot_14/build install --record /home/juanespadi/Documents/shalpy/taller3_grupo14/build/turtle_bot_14/install.log --single-version-externally-managed
[4.492s] DEBUG:colcon.colcon_core.event_handler.log_command:Invoked command in '/home/juanespadi/Documents/shalpy/taller3_grupo14/src/mi_robot_manipulador_14' returned '0': PYTHONPATH=/home/juanespadi/Documents/shalpy/taller3_grupo14/build/mi_robot_manipulador_14/prefix_override:/home/juanespadi/Documents/shalpy/taller3_grupo14/install/mi_robot_manipulador_14/lib/python3.10/site-packages:${PYTHONPATH} /usr/bin/python3 setup.py egg_info --egg-base ../../build/mi_robot_manipulador_14 build --build-base /home/juanespadi/Documents/shalpy/taller3_grupo14/build/mi_robot_manipulador_14/build install --record /home/juanespadi/Documents/shalpy/taller3_grupo14/build/mi_robot_manipulador_14/install.log --single-version-externally-managed
[4.541s] Level 1:colcon.colcon_core.environment:checking '/home/juanespadi/Documents/shalpy/taller3_grupo14/install/mi_robot_manipulador_14' for CMake module files
[4.542s] Level 1:colcon.colcon_core.environment:checking '/home/juanespadi/Documents/shalpy/taller3_grupo14/install/mi_robot_manipulador_14' for CMake config files
[4.543s] Level 1:colcon.colcon_core.environment:checking '/home/juanespadi/Documents/shalpy/taller3_grupo14/install/mi_robot_manipulador_14/lib'
[4.543s] Level 1:colcon.colcon_core.environment:checking '/home/juanespadi/Documents/shalpy/taller3_grupo14/install/mi_robot_manipulador_14/bin'
[4.543s] Level 1:colcon.colcon_core.environment:checking '/home/juanespadi/Documents/shalpy/taller3_grupo14/install/mi_robot_manipulador_14/lib/pkgconfig/mi_robot_manipulador_14.pc'
[4.543s] Level 1:colcon.colcon_core.environment:checking '/home/juanespadi/Documents/shalpy/taller3_grupo14/install/mi_robot_manipulador_14/lib/python3.10/site-packages'
[4.543s] Level 1:colcon.colcon_core.shell:create_environment_hook('mi_robot_manipulador_14', 'pythonpath')
[4.544s] INFO:colcon.colcon_core.shell:Creating environment hook '/home/juanespadi/Documents/shalpy/taller3_grupo14/install/mi_robot_manipulador_14/share/mi_robot_manipulador_14/hook/pythonpath.ps1'
[4.545s] INFO:colcon.colcon_core.shell:Creating environment descriptor '/home/juanespadi/Documents/shalpy/taller3_grupo14/install/mi_robot_manipulador_14/share/mi_robot_manipulador_14/hook/pythonpath.dsv'
[4.545s] INFO:colcon.colcon_core.shell:Creating environment hook '/home/juanespadi/Documents/shalpy/taller3_grupo14/install/mi_robot_manipulador_14/share/mi_robot_manipulador_14/hook/pythonpath.sh'
[4.546s] Level 1:colcon.colcon_core.environment:checking '/home/juanespadi/Documents/shalpy/taller3_grupo14/install/mi_robot_manipulador_14/bin'
[4.546s] Level 1:colcon.colcon_core.environment:create_environment_scripts_only(mi_robot_manipulador_14)
[4.548s] INFO:colcon.colcon_core.shell:Creating package script '/home/juanespadi/Documents/shalpy/taller3_grupo14/install/mi_robot_manipulador_14/share/mi_robot_manipulador_14/package.ps1'
[4.561s] INFO:colcon.colcon_core.shell:Creating package descriptor '/home/juanespadi/Documents/shalpy/taller3_grupo14/install/mi_robot_manipulador_14/share/mi_robot_manipulador_14/package.dsv'
[4.568s] INFO:colcon.colcon_core.shell:Creating package script '/home/juanespadi/Documents/shalpy/taller3_grupo14/install/mi_robot_manipulador_14/share/mi_robot_manipulador_14/package.sh'
[4.569s] INFO:colcon.colcon_core.shell:Creating package script '/home/juanespadi/Documents/shalpy/taller3_grupo14/install/mi_robot_manipulador_14/share/mi_robot_manipulador_14/package.bash'
[4.582s] INFO:colcon.colcon_core.shell:Creating package script '/home/juanespadi/Documents/shalpy/taller3_grupo14/install/mi_robot_manipulador_14/share/mi_robot_manipulador_14/package.zsh'
[4.591s] Level 1:colcon.colcon_core.environment:create_file_with_runtime_dependencies(/home/juanespadi/Documents/shalpy/taller3_grupo14/install/mi_robot_manipulador_14/share/colcon-core/packages/mi_robot_manipulador_14)
[4.596s] Level 1:colcon.colcon_core.environment:checking '/home/juanespadi/Documents/shalpy/taller3_grupo14/install/turtle_bot_14' for CMake module files
[4.597s] DEBUG:colcon.colcon_core.event_handler.log_command:Invoked command in '/home/juanespadi/Documents/shalpy/taller3_grupo14/src/turtle_bot_14' returned '0': PYTHONPATH=/home/juanespadi/Documents/shalpy/taller3_grupo14/build/turtle_bot_14/prefix_override:/home/juanespadi/Documents/shalpy/taller3_grupo14/install/turtle_bot_14/lib/python3.10/site-packages:${PYTHONPATH} /usr/bin/python3 setup.py egg_info --egg-base ../../build/turtle_bot_14 build --build-base /home/juanespadi/Documents/shalpy/taller3_grupo14/build/turtle_bot_14/build install --record /home/juanespadi/Documents/shalpy/taller3_grupo14/build/turtle_bot_14/install.log --single-version-externally-managed
[4.598s] Level 1:colcon.colcon_core.environment:checking '/home/juanespadi/Documents/shalpy/taller3_grupo14/install/turtle_bot_14' for CMake config files
[4.598s] Level 1:colcon.colcon_core.environment:checking '/home/juanespadi/Documents/shalpy/taller3_grupo14/install/turtle_bot_14/lib'
[4.598s] Level 1:colcon.colcon_core.environment:checking '/home/juanespadi/Documents/shalpy/taller3_grupo14/install/turtle_bot_14/bin'
[4.599s] Level 1:colcon.colcon_core.environment:checking '/home/juanespadi/Documents/shalpy/taller3_grupo14/install/turtle_bot_14/lib/pkgconfig/turtle_bot_14.pc'
[4.599s] Level 1:colcon.colcon_core.environment:checking '/home/juanespadi/Documents/shalpy/taller3_grupo14/install/turtle_bot_14/lib/python3.10/site-packages'
[4.599s] Level 1:colcon.colcon_core.shell:create_environment_hook('turtle_bot_14', 'pythonpath')
[4.601s] INFO:colcon.colcon_core.shell:Creating environment hook '/home/juanespadi/Documents/shalpy/taller3_grupo14/install/turtle_bot_14/share/turtle_bot_14/hook/pythonpath.ps1'
[4.602s] INFO:colcon.colcon_core.shell:Creating environment descriptor '/home/juanespadi/Documents/shalpy/taller3_grupo14/install/turtle_bot_14/share/turtle_bot_14/hook/pythonpath.dsv'
[4.602s] INFO:colcon.colcon_core.shell:Creating environment hook '/home/juanespadi/Documents/shalpy/taller3_grupo14/install/turtle_bot_14/share/turtle_bot_14/hook/pythonpath.sh'
[4.603s] Level 1:colcon.colcon_core.environment:checking '/home/juanespadi/Documents/shalpy/taller3_grupo14/install/turtle_bot_14/bin'
[4.603s] Level 1:colcon.colcon_core.environment:create_environment_scripts_only(turtle_bot_14)
[4.605s] INFO:colcon.colcon_core.shell:Creating package script '/home/juanespadi/Documents/shalpy/taller3_grupo14/install/turtle_bot_14/share/turtle_bot_14/package.ps1'
[4.605s] INFO:colcon.colcon_core.shell:Creating package descriptor '/home/juanespadi/Documents/shalpy/taller3_grupo14/install/turtle_bot_14/share/turtle_bot_14/package.dsv'
[4.606s] INFO:colcon.colcon_core.shell:Creating package script '/home/juanespadi/Documents/shalpy/taller3_grupo14/install/turtle_bot_14/share/turtle_bot_14/package.sh'
[4.606s] INFO:colcon.colcon_core.shell:Creating package script '/home/juanespadi/Documents/shalpy/taller3_grupo14/install/turtle_bot_14/share/turtle_bot_14/package.bash'
[4.606s] INFO:colcon.colcon_core.shell:Creating package script '/home/juanespadi/Documents/shalpy/taller3_grupo14/install/turtle_bot_14/share/turtle_bot_14/package.zsh'
[4.607s] Level 1:colcon.colcon_core.environment:create_file_with_runtime_dependencies(/home/juanespadi/Documents/shalpy/taller3_grupo14/install/turtle_bot_14/share/colcon-core/packages/turtle_bot_14)
[6.417s] DEBUG:colcon.colcon_core.event_handler.log_command:Invoked command in '/home/juanespadi/Documents/shalpy/taller3_grupo14/build/player_interfaces' returned '0': CMAKE_PREFIX_PATH=${CMAKE_PREFIX_PATH}:/home/juanespadi/Documents/shalpy/taller3_grupo14/install/turtle_bot_14:/home/juanespadi/Documents/shalpy/taller3_grupo14/install/mi_robot_manipulador_14:/opt/ros/humble /usr/bin/cmake --build /home/juanespadi/Documents/shalpy/taller3_grupo14/build/player_interfaces -- -j8 -l8
[6.528s] DEBUG:colcon.colcon_core.event_handler.log_command:Invoking command in '/home/juanespadi/Documents/shalpy/taller3_grupo14/build/player_interfaces': CMAKE_PREFIX_PATH=${CMAKE_PREFIX_PATH}:/home/juanespadi/Documents/shalpy/taller3_grupo14/install/turtle_bot_14:/home/juanespadi/Documents/shalpy/taller3_grupo14/install/mi_robot_manipulador_14:/opt/ros/humble /usr/bin/cmake --install /home/juanespadi/Documents/shalpy/taller3_grupo14/build/player_interfaces
[6.644s] Level 1:colcon.colcon_core.environment:create_environment_scripts_only(player_interfaces)
[6.648s] Level 1:colcon.colcon_core.environment:checking '/home/juanespadi/Documents/shalpy/taller3_grupo14/install/player_interfaces' for CMake module files
[6.649s] DEBUG:colcon.colcon_core.event_handler.log_command:Invoked command in '/home/juanespadi/Documents/shalpy/taller3_grupo14/build/player_interfaces' returned '0': CMAKE_PREFIX_PATH=${CMAKE_PREFIX_PATH}:/home/juanespadi/Documents/shalpy/taller3_grupo14/install/turtle_bot_14:/home/juanespadi/Documents/shalpy/taller3_grupo14/install/mi_robot_manipulador_14:/opt/ros/humble /usr/bin/cmake --install /home/juanespadi/Documents/shalpy/taller3_grupo14/build/player_interfaces
[6.650s] Level 1:colcon.colcon_core.environment:checking '/home/juanespadi/Documents/shalpy/taller3_grupo14/install/player_interfaces' for CMake config files
[6.651s] Level 1:colcon.colcon_core.shell:create_environment_hook('player_interfaces', 'cmake_prefix_path')
[6.653s] INFO:colcon.colcon_core.shell:Creating environment hook '/home/juanespadi/Documents/shalpy/taller3_grupo14/install/player_interfaces/share/player_interfaces/hook/cmake_prefix_path.ps1'
[6.653s] INFO:colcon.colcon_core.shell:Creating environment descriptor '/home/juanespadi/Documents/shalpy/taller3_grupo14/install/player_interfaces/share/player_interfaces/hook/cmake_prefix_path.dsv'
[6.653s] INFO:colcon.colcon_core.shell:Creating environment hook '/home/juanespadi/Documents/shalpy/taller3_grupo14/install/player_interfaces/share/player_interfaces/hook/cmake_prefix_path.sh'
[6.654s] Level 1:colcon.colcon_core.environment:checking '/home/juanespadi/Documents/shalpy/taller3_grupo14/install/player_interfaces/lib'
[6.654s] Level 1:colcon.colcon_core.shell:create_environment_hook('player_interfaces', 'ld_library_path_lib')
[6.656s] INFO:colcon.colcon_core.shell:Creating environment hook '/home/juanespadi/Documents/shalpy/taller3_grupo14/install/player_interfaces/share/player_interfaces/hook/ld_library_path_lib.ps1'
[6.656s] INFO:colcon.colcon_core.shell:Creating environment descriptor '/home/juanespadi/Documents/shalpy/taller3_grupo14/install/player_interfaces/share/player_interfaces/hook/ld_library_path_lib.dsv'
[6.657s] INFO:colcon.colcon_core.shell:Creating environment hook '/home/juanespadi/Documents/shalpy/taller3_grupo14/install/player_interfaces/share/player_interfaces/hook/ld_library_path_lib.sh'
[6.657s] Level 1:colcon.colcon_core.environment:checking '/home/juanespadi/Documents/shalpy/taller3_grupo14/install/player_interfaces/bin'
[6.657s] Level 1:colcon.colcon_core.environment:checking '/home/juanespadi/Documents/shalpy/taller3_grupo14/install/player_interfaces/lib/pkgconfig/player_interfaces.pc'
[6.658s] Level 1:colcon.colcon_core.environment:checking '/home/juanespadi/Documents/shalpy/taller3_grupo14/install/player_interfaces/lib/python3.10/site-packages'
[6.658s] Level 1:colcon.colcon_core.environment:checking '/home/juanespadi/Documents/shalpy/taller3_grupo14/install/player_interfaces/bin'
[6.660s] INFO:colcon.colcon_core.shell:Creating package script '/home/juanespadi/Documents/shalpy/taller3_grupo14/install/player_interfaces/share/player_interfaces/package.ps1'
[6.660s] INFO:colcon.colcon_core.shell:Creating package descriptor '/home/juanespadi/Documents/shalpy/taller3_grupo14/install/player_interfaces/share/player_interfaces/package.dsv'
[6.661s] INFO:colcon.colcon_core.shell:Creating package script '/home/juanespadi/Documents/shalpy/taller3_grupo14/install/player_interfaces/share/player_interfaces/package.sh'
[6.661s] INFO:colcon.colcon_core.shell:Creating package script '/home/juanespadi/Documents/shalpy/taller3_grupo14/install/player_interfaces/share/player_interfaces/package.bash'
[6.662s] INFO:colcon.colcon_core.shell:Creating package script '/home/juanespadi/Documents/shalpy/taller3_grupo14/install/player_interfaces/share/player_interfaces/package.zsh'
[6.662s] Level 1:colcon.colcon_core.environment:create_file_with_runtime_dependencies(/home/juanespadi/Documents/shalpy/taller3_grupo14/install/player_interfaces/share/colcon-core/packages/player_interfaces)
[6.765s] Level 1:colcon.colcon_core.environment:create_environment_scripts_only(player_interfaces)
[6.767s] Level 1:colcon.colcon_core.environment:checking '/home/juanespadi/Documents/shalpy/taller3_grupo14/install/player_interfaces' for CMake module files
[6.768s] Level 1:colcon.colcon_core.environment:checking '/home/juanespadi/Documents/shalpy/taller3_grupo14/install/player_interfaces' for CMake config files
[6.768s] Level 1:colcon.colcon_core.shell:create_environment_hook('player_interfaces', 'cmake_prefix_path')
[6.770s] INFO:colcon.colcon_core.shell:Creating environment hook '/home/juanespadi/Documents/shalpy/taller3_grupo14/install/player_interfaces/share/player_interfaces/hook/cmake_prefix_path.ps1'
[6.770s] INFO:colcon.colcon_core.shell:Creating environment descriptor '/home/juanespadi/Documents/shalpy/taller3_grupo14/install/player_interfaces/share/player_interfaces/hook/cmake_prefix_path.dsv'
[6.770s] INFO:colcon.colcon_core.shell:Creating environment hook '/home/juanespadi/Documents/shalpy/taller3_grupo14/install/player_interfaces/share/player_interfaces/hook/cmake_prefix_path.sh'
[6.771s] Level 1:colcon.colcon_core.environment:checking '/home/juanespadi/Documents/shalpy/taller3_grupo14/install/player_interfaces/lib'
[6.771s] Level 1:colcon.colcon_core.shell:create_environment_hook('player_interfaces', 'ld_library_path_lib')
[6.772s] INFO:colcon.colcon_core.shell:Creating environment hook '/home/juanespadi/Documents/shalpy/taller3_grupo14/install/player_interfaces/share/player_interfaces/hook/ld_library_path_lib.ps1'
[6.773s] INFO:colcon.colcon_core.shell:Creating environment descriptor '/home/juanespadi/Documents/shalpy/taller3_grupo14/install/player_interfaces/share/player_interfaces/hook/ld_library_path_lib.dsv'
[6.773s] INFO:colcon.colcon_core.shell:Creating environment hook '/home/juanespadi/Documents/shalpy/taller3_grupo14/install/player_interfaces/share/player_interfaces/hook/ld_library_path_lib.sh'
[6.773s] Level 1:colcon.colcon_core.environment:checking '/home/juanespadi/Documents/shalpy/taller3_grupo14/install/player_interfaces/bin'
[6.773s] Level 1:colcon.colcon_core.environment:checking '/home/juanespadi/Documents/shalpy/taller3_grupo14/install/player_interfaces/lib/pkgconfig/player_interfaces.pc'
[6.774s] Level 1:colcon.colcon_core.environment:checking '/home/juanespadi/Documents/shalpy/taller3_grupo14/install/player_interfaces/lib/python3.10/site-packages'
[6.774s] Level 1:colcon.colcon_core.environment:checking '/home/juanespadi/Documents/shalpy/taller3_grupo14/install/player_interfaces/bin'
[6.775s] INFO:colcon.colcon_core.shell:Creating package script '/home/juanespadi/Documents/shalpy/taller3_grupo14/install/player_interfaces/share/player_interfaces/package.ps1'
[6.776s] INFO:colcon.colcon_core.shell:Creating package descriptor '/home/juanespadi/Documents/shalpy/taller3_grupo14/install/player_interfaces/share/player_interfaces/package.dsv'
[6.776s] INFO:colcon.colcon_core.shell:Creating package script '/home/juanespadi/Documents/shalpy/taller3_grupo14/install/player_interfaces/share/player_interfaces/package.sh'
[6.777s] INFO:colcon.colcon_core.shell:Creating package script '/home/juanespadi/Documents/shalpy/taller3_grupo14/install/player_interfaces/share/player_interfaces/package.bash'
[6.777s] INFO:colcon.colcon_core.shell:Creating package script '/home/juanespadi/Documents/shalpy/taller3_grupo14/install/player_interfaces/share/player_interfaces/package.zsh'
[6.778s] Level 1:colcon.colcon_core.environment:create_file_with_runtime_dependencies(/home/juanespadi/Documents/shalpy/taller3_grupo14/install/player_interfaces/share/colcon-core/packages/player_interfaces)
[6.778s] DEBUG:colcon.colcon_parallel_executor.executor.parallel:closing loop
[6.778s] DEBUG:colcon.colcon_parallel_executor.executor.parallel:loop closed
[6.779s] DEBUG:colcon.colcon_parallel_executor.executor.parallel:run_until_complete finished with '0'
[6.779s] DEBUG:colcon.colcon_core.event_reactor:joining thread
[6.796s] INFO:colcon.colcon_core.plugin_system:Skipping extension 'colcon_notification.desktop_notification.terminal_notifier': Not used on non-Darwin systems
[6.796s] INFO:colcon.colcon_core.plugin_system:Skipping extension 'colcon_notification.desktop_notification.win32': Not used on non-Windows systems
[6.796s] INFO:colcon.colcon_notification.desktop_notification:Sending desktop notification using 'notify2'
[6.821s] DEBUG:colcon.colcon_core.event_reactor:joined thread
[6.823s] INFO:colcon.colcon_core.shell:Creating prefix script '/home/juanespadi/Documents/shalpy/taller3_grupo14/install/local_setup.ps1'
[6.824s] INFO:colcon.colcon_core.shell:Creating prefix util module '/home/juanespadi/Documents/shalpy/taller3_grupo14/install/_local_setup_util_ps1.py'
[6.828s] INFO:colcon.colcon_core.shell:Creating prefix chain script '/home/juanespadi/Documents/shalpy/taller3_grupo14/install/setup.ps1'
[6.830s] INFO:colcon.colcon_core.shell:Creating prefix script '/home/juanespadi/Documents/shalpy/taller3_grupo14/install/local_setup.sh'
[6.831s] INFO:colcon.colcon_core.shell:Creating prefix util module '/home/juanespadi/Documents/shalpy/taller3_grupo14/install/_local_setup_util_sh.py'
[6.832s] INFO:colcon.colcon_core.shell:Creating prefix chain script '/home/juanespadi/Documents/shalpy/taller3_grupo14/install/setup.sh'
[6.835s] INFO:colcon.colcon_core.shell:Creating prefix script '/home/juanespadi/Documents/shalpy/taller3_grupo14/install/local_setup.bash'
[6.836s] INFO:colcon.colcon_core.shell:Creating prefix chain script '/home/juanespadi/Documents/shalpy/taller3_grupo14/install/setup.bash'
[6.838s] INFO:colcon.colcon_core.shell:Creating prefix script '/home/juanespadi/Documents/shalpy/taller3_grupo14/install/local_setup.zsh'
[6.840s] INFO:colcon.colcon_core.shell:Creating prefix chain script '/home/juanespadi/Documents/shalpy/taller3_grupo14/install/setup.zsh'
