[1.835s] Invoking command in '/home/juanespadi/Documents/shalpy/proyecto_final_grupo_14/src/proyecto_master_pkg': PYTHONPATH=/home/juanespadi/Documents/shalpy/proyecto_final_grupo_14/build/proyecto_master_pkg/prefix_override:/home/juanespadi/Documents/shalpy/proyecto_final_grupo_14/install/proyecto_master_pkg/lib/python3.10/site-packages:${PYTHONPATH} /usr/bin/python3 setup.py egg_info --egg-base ../../build/proyecto_master_pkg build --build-base /home/juanespadi/Documents/shalpy/proyecto_final_grupo_14/build/proyecto_master_pkg/build install --record /home/juanespadi/Documents/shalpy/proyecto_final_grupo_14/build/proyecto_master_pkg/install.log --install-scripts $base/lib/proyecto_master_pkg --single-version-externally-managed
[2.169s] /usr/lib/python3/dist-packages/setuptools/dist.py:723: UserWarning: Usage of dash-separated 'script-dir' will not be supported in future versions. Please use the underscore name 'script_dir' instead
[2.169s]   warnings.warn(
[2.169s] running egg_info
[2.169s] writing ../../build/proyecto_master_pkg/proyecto_master_pkg.egg-info/PKG-INFO
[2.170s] writing dependency_links to ../../build/proyecto_master_pkg/proyecto_master_pkg.egg-info/dependency_links.txt
[2.170s] writing entry points to ../../build/proyecto_master_pkg/proyecto_master_pkg.egg-info/entry_points.txt
[2.170s] writing requirements to ../../build/proyecto_master_pkg/proyecto_master_pkg.egg-info/requires.txt
[2.170s] writing top-level names to ../../build/proyecto_master_pkg/proyecto_master_pkg.egg-info/top_level.txt
[2.170s] reading manifest file '../../build/proyecto_master_pkg/proyecto_master_pkg.egg-info/SOURCES.txt'
[2.170s] writing manifest file '../../build/proyecto_master_pkg/proyecto_master_pkg.egg-info/SOURCES.txt'
[2.171s] running build
[2.171s] running build_py
[2.171s] running install
[2.171s] /usr/lib/python3/dist-packages/setuptools/command/install.py:34: SetuptoolsDeprecationWarning: setup.py install is deprecated. Use build and pip and other standards-based tools.
[2.171s]   warnings.warn(
[2.171s] running install_lib
[2.172s] running install_data
[2.173s] running install_egg_info
[2.174s] removing '/home/juanespadi/Documents/shalpy/proyecto_final_grupo_14/install/proyecto_master_pkg/lib/python3.10/site-packages/proyecto_master_pkg-0.0.0-py3.10.egg-info' (and everything under it)
[2.175s] Copying ../../build/proyecto_master_pkg/proyecto_master_pkg.egg-info to /home/juanespadi/Documents/shalpy/proyecto_final_grupo_14/install/proyecto_master_pkg/lib/python3.10/site-packages/proyecto_master_pkg-0.0.0-py3.10.egg-info
[2.176s] running install_scripts
[2.198s] Installing master script to /home/juanespadi/Documents/shalpy/proyecto_final_grupo_14/install/proyecto_master_pkg/lib/proyecto_master_pkg
[2.198s] writing list of installed files to '/home/juanespadi/Documents/shalpy/proyecto_final_grupo_14/build/proyecto_master_pkg/install.log'
[2.233s] Invoked command in '/home/juanespadi/Documents/shalpy/proyecto_final_grupo_14/src/proyecto_master_pkg' returned '0': PYTHONPATH=/home/juanespadi/Documents/shalpy/proyecto_final_grupo_14/build/proyecto_master_pkg/prefix_override:/home/juanespadi/Documents/shalpy/proyecto_final_grupo_14/install/proyecto_master_pkg/lib/python3.10/site-packages:${PYTHONPATH} /usr/bin/python3 setup.py egg_info --egg-base ../../build/proyecto_master_pkg build --build-base /home/juanespadi/Documents/shalpy/proyecto_final_grupo_14/build/proyecto_master_pkg/build install --record /home/juanespadi/Documents/shalpy/proyecto_final_grupo_14/build/proyecto_master_pkg/install.log --install-scripts $base/lib/proyecto_master_pkg --single-version-externally-managed
