[0.100s] Invoking command in '/home/ubuntu/Documents/shalpy/taller2_grupo14/build/player_interfaces': CMAKE_PREFIX_PATH=${CMAKE_PREFIX_PATH}:/home/ubuntu/Documents/shalpy/taller2_grupo14/install/turtle_bot_14:/opt/ros/humble /usr/bin/cmake --build /home/ubuntu/Documents/shalpy/taller2_grupo14/build/player_interfaces -- -j4 -l4
[0.142s] [0mCMake Error: The current CMakeCache.txt directory /home/ubuntu/Documents/shalpy/taller2_grupo14/build/player_interfaces/CMakeCache.txt is different than the directory /home/ubuntu/Documents/shalpy/taller1_grupo14/build/player_interfaces where CMakeCache.txt was created. This may result in binaries being created in the wrong place. If you are not sure, reedit the CMakeCache.txt[0m
[0.227s] -- Found ament_cmake: 1.3.3 (/opt/ros/humble/share/ament_cmake/cmake)
[0.995s] -- Found geometry_msgs: 4.2.3 (/opt/ros/humble/share/geometry_msgs/cmake)
[1.144s] -- Found rosidl_generator_c: 3.1.4 (/opt/ros/humble/share/rosidl_generator_c/cmake)
[1.158s] -- Found rosidl_adapter: 3.1.4 (/opt/ros/humble/share/rosidl_adapter/cmake)
[1.191s] -- Found rosidl_generator_cpp: 3.1.4 (/opt/ros/humble/share/rosidl_generator_cpp/cmake)
[1.248s] -- Using all available rosidl_typesupport_c: rosidl_typesupport_fastrtps_c;rosidl_typesupport_introspection_c
[1.347s] -- Using all available rosidl_typesupport_cpp: rosidl_typesupport_fastrtps_cpp;rosidl_typesupport_introspection_cpp
[1.906s] -- Found rosidl_default_generators: 1.2.0 (/opt/ros/humble/share/rosidl_default_generators/cmake)
[3.441s] -- Found ament_cmake_ros: 0.10.0 (/opt/ros/humble/share/ament_cmake_ros/cmake)
[5.628s] -- Using all available rosidl_typesupport_c: rosidl_typesupport_fastrtps_c;rosidl_typesupport_introspection_c
[6.442s] -- Using all available rosidl_typesupport_cpp: rosidl_typesupport_fastrtps_cpp;rosidl_typesupport_introspection_cpp
[6.555s] -- Found python_cmake_module: 0.10.0 (/opt/ros/humble/share/python_cmake_module/cmake)
[6.667s] -- Using PYTHON_EXECUTABLE: /usr/bin/python3
[6.667s] -- Using PYTHON_INCLUDE_DIRS: /usr/include/python3.10
[6.668s] -- Using PYTHON_LIBRARIES: /usr/lib/aarch64-linux-gnu/libpython3.10.so
[6.843s] -- Found ament_lint_auto: 0.12.5 (/opt/ros/humble/share/ament_lint_auto/cmake)
[6.930s] -- Added test 'lint_cmake' to check CMake code style
[6.968s] -- Added test 'xmllint' to check XML markup files
[6.980s] -- Configuring done
[7.202s] -- Generating done
[7.222s] -- Build files have been written to: /home/ubuntu/Documents/shalpy/taller1_grupo14/build/player_interfaces
[7.339s] [35m[1mConsolidate compiler generated dependencies of target player_interfaces__rosidl_generator_c[0m
[7.387s] [  3%] Built target player_interfaces__cpp
[7.401s] [ 12%] Built target player_interfaces__rosidl_generator_c
[7.437s] [ 12%] Built target ament_cmake_python_copy_player_interfaces
[7.443s] [35m[1mConsolidate compiler generated dependencies of target player_interfaces__rosidl_typesupport_cpp[0m
[7.455s] [35m[1mConsolidate compiler generated dependencies of target player_interfaces__rosidl_typesupport_fastrtps_cpp[0m
[7.461s] [35m[1mConsolidate compiler generated dependencies of target player_interfaces__rosidl_typesupport_introspection_cpp[0m
[7.496s] [35m[1mConsolidate compiler generated dependencies of target player_interfaces__rosidl_typesupport_fastrtps_c[0m
[7.519s] [ 22%] Built target player_interfaces__rosidl_typesupport_cpp
[7.536s] [ 32%] Built target player_interfaces__rosidl_typesupport_fastrtps_cpp
[7.539s] [ 41%] Built target player_interfaces__rosidl_typesupport_introspection_cpp
[7.574s] [ 51%] Built target player_interfaces__rosidl_typesupport_fastrtps_c
[7.583s] [35m[1mConsolidate compiler generated dependencies of target player_interfaces__rosidl_typesupport_introspection_c[0m
[7.592s] [35m[1mConsolidate compiler generated dependencies of target player_interfaces__rosidl_typesupport_c[0m
[7.643s] [ 61%] Built target player_interfaces__rosidl_typesupport_introspection_c
[7.649s] [ 70%] Built target player_interfaces__rosidl_typesupport_c
[7.744s] [ 70%] Built target player_interfaces
[7.865s] [ 74%] Built target player_interfaces__py
[7.894s] [35m[1mConsolidate compiler generated dependencies of target player_interfaces__rosidl_generator_py[0m
[7.964s] [ 80%] Built target player_interfaces__rosidl_generator_py
[8.021s] [35m[1mConsolidate compiler generated dependencies of target player_interfaces__rosidl_typesupport_fastrtps_c__pyext[0m
[8.022s] [35m[1mConsolidate compiler generated dependencies of target player_interfaces__rosidl_typesupport_introspection_c__pyext[0m
[8.026s] [35m[1mConsolidate compiler generated dependencies of target player_interfaces__rosidl_typesupport_c__pyext[0m
[8.097s] [ 87%] Built target player_interfaces__rosidl_typesupport_introspection_c__pyext
[8.104s] [ 96%] Built target player_interfaces__rosidl_typesupport_fastrtps_c__pyext
[8.106s] [100%] Built target player_interfaces__rosidl_typesupport_c__pyext
[8.662s] running egg_info
[8.665s] writing player_interfaces.egg-info/PKG-INFO
[8.666s] writing dependency_links to player_interfaces.egg-info/dependency_links.txt
[8.667s] writing top-level names to player_interfaces.egg-info/top_level.txt
[8.681s] reading manifest file 'player_interfaces.egg-info/SOURCES.txt'
[8.684s] writing manifest file 'player_interfaces.egg-info/SOURCES.txt'
[8.813s] [100%] Built target ament_cmake_python_build_player_interfaces_egg
[8.858s] Invoked command in '/home/ubuntu/Documents/shalpy/taller2_grupo14/build/player_interfaces' returned '0': CMAKE_PREFIX_PATH=${CMAKE_PREFIX_PATH}:/home/ubuntu/Documents/shalpy/taller2_grupo14/install/turtle_bot_14:/opt/ros/humble /usr/bin/cmake --build /home/ubuntu/Documents/shalpy/taller2_grupo14/build/player_interfaces -- -j4 -l4
[9.331s] Invoking command in '/home/ubuntu/Documents/shalpy/taller2_grupo14/build/player_interfaces': CMAKE_PREFIX_PATH=${CMAKE_PREFIX_PATH}:/home/ubuntu/Documents/shalpy/taller2_grupo14/install/turtle_bot_14:/opt/ros/humble /usr/bin/cmake --install /home/ubuntu/Documents/shalpy/taller2_grupo14/build/player_interfaces
[9.365s] -- Install configuration: ""
[9.365s] -- Up-to-date: /home/ubuntu/Documents/shalpy/taller1_grupo14/install/player_interfaces/share/ament_index/resource_index/rosidl_interfaces/player_interfaces
[9.366s] -- Up-to-date: /home/ubuntu/Documents/shalpy/taller1_grupo14/install/player_interfaces/include/player_interfaces/player_interfaces
[9.366s] -- Up-to-date: /home/ubuntu/Documents/shalpy/taller1_grupo14/install/player_interfaces/include/player_interfaces/player_interfaces/msg
[9.367s] -- Up-to-date: /home/ubuntu/Documents/shalpy/taller1_grupo14/install/player_interfaces/include/player_interfaces/player_interfaces/msg/rosidl_generator_c__visibility_control.h
[9.367s] -- Up-to-date: /home/ubuntu/Documents/shalpy/taller1_grupo14/install/player_interfaces/include/player_interfaces/player_interfaces/srv
[9.367s] -- Up-to-date: /home/ubuntu/Documents/shalpy/taller1_grupo14/install/player_interfaces/include/player_interfaces/player_interfaces/srv/detail
[9.368s] -- Up-to-date: /home/ubuntu/Documents/shalpy/taller1_grupo14/install/player_interfaces/include/player_interfaces/player_interfaces/srv/detail/player__type_support.h
[9.368s] -- Up-to-date: /home/ubuntu/Documents/shalpy/taller1_grupo14/install/player_interfaces/include/player_interfaces/player_interfaces/srv/detail/player__functions.c
[9.369s] -- Up-to-date: /home/ubuntu/Documents/shalpy/taller1_grupo14/install/player_interfaces/include/player_interfaces/player_interfaces/srv/detail/player__struct.h
[9.369s] -- Up-to-date: /home/ubuntu/Documents/shalpy/taller1_grupo14/install/player_interfaces/include/player_interfaces/player_interfaces/srv/detail/player__functions.h
[9.370s] -- Up-to-date: /home/ubuntu/Documents/shalpy/taller1_grupo14/install/player_interfaces/include/player_interfaces/player_interfaces/srv/player.h
[9.370s] -- Up-to-date: /home/ubuntu/Documents/shalpy/taller1_grupo14/install/player_interfaces/share/player_interfaces/environment/library_path.sh
[9.370s] -- Installing: /home/ubuntu/Documents/shalpy/taller1_grupo14/install/player_interfaces/share/player_interfaces/environment/library_path.dsv
[9.373s] -- Up-to-date: /home/ubuntu/Documents/shalpy/taller1_grupo14/install/player_interfaces/lib/libplayer_interfaces__rosidl_generator_c.so
[9.375s] -- Up-to-date: /home/ubuntu/Documents/shalpy/taller1_grupo14/install/player_interfaces/include/player_interfaces/player_interfaces
[9.375s] -- Up-to-date: /home/ubuntu/Documents/shalpy/taller1_grupo14/install/player_interfaces/include/player_interfaces/player_interfaces/msg
[9.376s] -- Up-to-date: /home/ubuntu/Documents/shalpy/taller1_grupo14/install/player_interfaces/include/player_interfaces/player_interfaces/msg/rosidl_typesupport_fastrtps_c__visibility_control.h
[9.376s] -- Up-to-date: /home/ubuntu/Documents/shalpy/taller1_grupo14/install/player_interfaces/include/player_interfaces/player_interfaces/srv
[9.377s] -- Up-to-date: /home/ubuntu/Documents/shalpy/taller1_grupo14/install/player_interfaces/include/player_interfaces/player_interfaces/srv/detail
[9.377s] -- Up-to-date: /home/ubuntu/Documents/shalpy/taller1_grupo14/install/player_interfaces/include/player_interfaces/player_interfaces/srv/detail/player__rosidl_typesupport_fastrtps_c.h
[9.379s] -- Up-to-date: /home/ubuntu/Documents/shalpy/taller1_grupo14/install/player_interfaces/lib/libplayer_interfaces__rosidl_typesupport_fastrtps_c.so
[9.380s] -- Up-to-date: /home/ubuntu/Documents/shalpy/taller1_grupo14/install/player_interfaces/include/player_interfaces/player_interfaces
[9.381s] -- Up-to-date: /home/ubuntu/Documents/shalpy/taller1_grupo14/install/player_interfaces/include/player_interfaces/player_interfaces/srv
[9.381s] -- Up-to-date: /home/ubuntu/Documents/shalpy/taller1_grupo14/install/player_interfaces/include/player_interfaces/player_interfaces/srv/player.hpp
[9.382s] -- Up-to-date: /home/ubuntu/Documents/shalpy/taller1_grupo14/install/player_interfaces/include/player_interfaces/player_interfaces/srv/detail
[9.382s] -- Up-to-date: /home/ubuntu/Documents/shalpy/taller1_grupo14/install/player_interfaces/include/player_interfaces/player_interfaces/srv/detail/player__traits.hpp
[9.382s] -- Up-to-date: /home/ubuntu/Documents/shalpy/taller1_grupo14/install/player_interfaces/include/player_interfaces/player_interfaces/srv/detail/player__struct.hpp
[9.383s] -- Up-to-date: /home/ubuntu/Documents/shalpy/taller1_grupo14/install/player_interfaces/include/player_interfaces/player_interfaces/srv/detail/player__builder.hpp
[9.383s] -- Up-to-date: /home/ubuntu/Documents/shalpy/taller1_grupo14/install/player_interfaces/include/player_interfaces/player_interfaces
[9.384s] -- Up-to-date: /home/ubuntu/Documents/shalpy/taller1_grupo14/install/player_interfaces/include/player_interfaces/player_interfaces/msg
[9.384s] -- Up-to-date: /home/ubuntu/Documents/shalpy/taller1_grupo14/install/player_interfaces/include/player_interfaces/player_interfaces/msg/rosidl_typesupport_fastrtps_cpp__visibility_control.h
[9.385s] -- Up-to-date: /home/ubuntu/Documents/shalpy/taller1_grupo14/install/player_interfaces/include/player_interfaces/player_interfaces/srv
[9.385s] -- Up-to-date: /home/ubuntu/Documents/shalpy/taller1_grupo14/install/player_interfaces/include/player_interfaces/player_interfaces/srv/detail
[9.385s] -- Up-to-date: /home/ubuntu/Documents/shalpy/taller1_grupo14/install/player_interfaces/include/player_interfaces/player_interfaces/srv/detail/dds_fastrtps
[9.386s] -- Up-to-date: /home/ubuntu/Documents/shalpy/taller1_grupo14/install/player_interfaces/include/player_interfaces/player_interfaces/srv/detail/player__rosidl_typesupport_fastrtps_cpp.hpp
[9.388s] -- Up-to-date: /home/ubuntu/Documents/shalpy/taller1_grupo14/install/player_interfaces/lib/libplayer_interfaces__rosidl_typesupport_fastrtps_cpp.so
[9.389s] -- Up-to-date: /home/ubuntu/Documents/shalpy/taller1_grupo14/install/player_interfaces/include/player_interfaces/player_interfaces
[9.390s] -- Up-to-date: /home/ubuntu/Documents/shalpy/taller1_grupo14/install/player_interfaces/include/player_interfaces/player_interfaces/msg
[9.390s] -- Up-to-date: /home/ubuntu/Documents/shalpy/taller1_grupo14/install/player_interfaces/include/player_interfaces/player_interfaces/msg/rosidl_typesupport_introspection_c__visibility_control.h
[9.391s] -- Up-to-date: /home/ubuntu/Documents/shalpy/taller1_grupo14/install/player_interfaces/include/player_interfaces/player_interfaces/srv
[9.391s] -- Up-to-date: /home/ubuntu/Documents/shalpy/taller1_grupo14/install/player_interfaces/include/player_interfaces/player_interfaces/srv/detail
[9.391s] -- Up-to-date: /home/ubuntu/Documents/shalpy/taller1_grupo14/install/player_interfaces/include/player_interfaces/player_interfaces/srv/detail/player__rosidl_typesupport_introspection_c.h
[9.392s] -- Up-to-date: /home/ubuntu/Documents/shalpy/taller1_grupo14/install/player_interfaces/include/player_interfaces/player_interfaces/srv/detail/player__type_support.c
[9.393s] -- Up-to-date: /home/ubuntu/Documents/shalpy/taller1_grupo14/install/player_interfaces/lib/libplayer_interfaces__rosidl_typesupport_introspection_c.so
[9.396s] -- Up-to-date: /home/ubuntu/Documents/shalpy/taller1_grupo14/install/player_interfaces/lib/libplayer_interfaces__rosidl_typesupport_c.so
[9.397s] -- Up-to-date: /home/ubuntu/Documents/shalpy/taller1_grupo14/install/player_interfaces/include/player_interfaces/player_interfaces
[9.397s] -- Up-to-date: /home/ubuntu/Documents/shalpy/taller1_grupo14/install/player_interfaces/include/player_interfaces/player_interfaces/srv
[9.398s] -- Up-to-date: /home/ubuntu/Documents/shalpy/taller1_grupo14/install/player_interfaces/include/player_interfaces/player_interfaces/srv/detail
[9.398s] -- Up-to-date: /home/ubuntu/Documents/shalpy/taller1_grupo14/install/player_interfaces/include/player_interfaces/player_interfaces/srv/detail/player__type_support.cpp
[9.399s] -- Up-to-date: /home/ubuntu/Documents/shalpy/taller1_grupo14/install/player_interfaces/include/player_interfaces/player_interfaces/srv/detail/player__rosidl_typesupport_introspection_cpp.hpp
[9.400s] -- Up-to-date: /home/ubuntu/Documents/shalpy/taller1_grupo14/install/player_interfaces/lib/libplayer_interfaces__rosidl_typesupport_introspection_cpp.so
[9.403s] -- Up-to-date: /home/ubuntu/Documents/shalpy/taller1_grupo14/install/player_interfaces/lib/libplayer_interfaces__rosidl_typesupport_cpp.so
[9.404s] -- Up-to-date: /home/ubuntu/Documents/shalpy/taller1_grupo14/install/player_interfaces/share/player_interfaces/environment/pythonpath.sh
[9.405s] -- Installing: /home/ubuntu/Documents/shalpy/taller1_grupo14/install/player_interfaces/share/player_interfaces/environment/pythonpath.dsv
[9.406s] -- Up-to-date: /home/ubuntu/Documents/shalpy/taller1_grupo14/install/player_interfaces/local/lib/python3.10/dist-packages/player_interfaces-0.0.0-py3.10.egg-info
[9.407s] -- Installing: /home/ubuntu/Documents/shalpy/taller1_grupo14/install/player_interfaces/local/lib/python3.10/dist-packages/player_interfaces-0.0.0-py3.10.egg-info/dependency_links.txt
[9.408s] -- Installing: /home/ubuntu/Documents/shalpy/taller1_grupo14/install/player_interfaces/local/lib/python3.10/dist-packages/player_interfaces-0.0.0-py3.10.egg-info/top_level.txt
[9.410s] -- Installing: /home/ubuntu/Documents/shalpy/taller1_grupo14/install/player_interfaces/local/lib/python3.10/dist-packages/player_interfaces-0.0.0-py3.10.egg-info/SOURCES.txt
[9.412s] -- Installing: /home/ubuntu/Documents/shalpy/taller1_grupo14/install/player_interfaces/local/lib/python3.10/dist-packages/player_interfaces-0.0.0-py3.10.egg-info/PKG-INFO
[9.413s] -- Up-to-date: /home/ubuntu/Documents/shalpy/taller1_grupo14/install/player_interfaces/local/lib/python3.10/dist-packages/player_interfaces
[9.414s] -- Up-to-date: /home/ubuntu/Documents/shalpy/taller1_grupo14/install/player_interfaces/local/lib/python3.10/dist-packages/player_interfaces/player_interfaces_s__rosidl_typesupport_introspection_c.cpython-310-aarch64-linux-gnu.so
[9.414s] -- Up-to-date: /home/ubuntu/Documents/shalpy/taller1_grupo14/install/player_interfaces/local/lib/python3.10/dist-packages/player_interfaces/player_interfaces_s__rosidl_typesupport_fastrtps_c.cpython-310-aarch64-linux-gnu.so
[9.415s] -- Installing: /home/ubuntu/Documents/shalpy/taller1_grupo14/install/player_interfaces/local/lib/python3.10/dist-packages/player_interfaces/__init__.py
[9.416s] -- Up-to-date: /home/ubuntu/Documents/shalpy/taller1_grupo14/install/player_interfaces/local/lib/python3.10/dist-packages/player_interfaces/player_interfaces_s__rosidl_typesupport_c.cpython-310-aarch64-linux-gnu.so
[9.417s] -- Up-to-date: /home/ubuntu/Documents/shalpy/taller1_grupo14/install/player_interfaces/local/lib/python3.10/dist-packages/player_interfaces/libplayer_interfaces__rosidl_generator_py.so
[9.417s] -- Up-to-date: /home/ubuntu/Documents/shalpy/taller1_grupo14/install/player_interfaces/local/lib/python3.10/dist-packages/player_interfaces/_player_interfaces_s.ep.rosidl_typesupport_introspection_c.c
[9.418s] -- Up-to-date: /home/ubuntu/Documents/shalpy/taller1_grupo14/install/player_interfaces/local/lib/python3.10/dist-packages/player_interfaces/srv
[9.418s] -- Up-to-date: /home/ubuntu/Documents/shalpy/taller1_grupo14/install/player_interfaces/local/lib/python3.10/dist-packages/player_interfaces/srv/_player.py
[9.418s] -- Up-to-date: /home/ubuntu/Documents/shalpy/taller1_grupo14/install/player_interfaces/local/lib/python3.10/dist-packages/player_interfaces/srv/__init__.py
[9.419s] -- Up-to-date: /home/ubuntu/Documents/shalpy/taller1_grupo14/install/player_interfaces/local/lib/python3.10/dist-packages/player_interfaces/srv/_player_s.c
[9.419s] -- Up-to-date: /home/ubuntu/Documents/shalpy/taller1_grupo14/install/player_interfaces/local/lib/python3.10/dist-packages/player_interfaces/_player_interfaces_s.ep.rosidl_typesupport_c.c
[9.420s] -- Up-to-date: /home/ubuntu/Documents/shalpy/taller1_grupo14/install/player_interfaces/local/lib/python3.10/dist-packages/player_interfaces/_player_interfaces_s.ep.rosidl_typesupport_fastrtps_c.c
[9.580s] Listing '/home/ubuntu/Documents/shalpy/taller1_grupo14/install/player_interfaces/local/lib/python3.10/dist-packages/player_interfaces'...
[9.581s] Compiling '/home/ubuntu/Documents/shalpy/taller1_grupo14/install/player_interfaces/local/lib/python3.10/dist-packages/player_interfaces/__init__.py'...
[9.582s] Listing '/home/ubuntu/Documents/shalpy/taller1_grupo14/install/player_interfaces/local/lib/python3.10/dist-packages/player_interfaces/srv'...
[9.605s] -- Up-to-date: /home/ubuntu/Documents/shalpy/taller1_grupo14/install/player_interfaces/local/lib/python3.10/dist-packages/player_interfaces/player_interfaces_s__rosidl_typesupport_fastrtps_c.cpython-310-aarch64-linux-gnu.so
[9.608s] -- Up-to-date: /home/ubuntu/Documents/shalpy/taller1_grupo14/install/player_interfaces/local/lib/python3.10/dist-packages/player_interfaces/player_interfaces_s__rosidl_typesupport_introspection_c.cpython-310-aarch64-linux-gnu.so
[9.610s] -- Up-to-date: /home/ubuntu/Documents/shalpy/taller1_grupo14/install/player_interfaces/local/lib/python3.10/dist-packages/player_interfaces/player_interfaces_s__rosidl_typesupport_c.cpython-310-aarch64-linux-gnu.so
[9.613s] -- Up-to-date: /home/ubuntu/Documents/shalpy/taller1_grupo14/install/player_interfaces/lib/libplayer_interfaces__rosidl_generator_py.so
[9.615s] -- Up-to-date: /home/ubuntu/Documents/shalpy/taller1_grupo14/install/player_interfaces/share/player_interfaces/srv/Player.idl
[9.616s] -- Up-to-date: /home/ubuntu/Documents/shalpy/taller1_grupo14/install/player_interfaces/share/player_interfaces/srv/Player.srv
[9.616s] -- Up-to-date: /home/ubuntu/Documents/shalpy/taller1_grupo14/install/player_interfaces/share/player_interfaces/srv/Player_Request.msg
[9.617s] -- Up-to-date: /home/ubuntu/Documents/shalpy/taller1_grupo14/install/player_interfaces/share/player_interfaces/srv/Player_Response.msg
[9.617s] -- Up-to-date: /home/ubuntu/Documents/shalpy/taller1_grupo14/install/player_interfaces/share/ament_index/resource_index/package_run_dependencies/player_interfaces
[9.618s] -- Up-to-date: /home/ubuntu/Documents/shalpy/taller1_grupo14/install/player_interfaces/share/ament_index/resource_index/parent_prefix_path/player_interfaces
[9.619s] -- Up-to-date: /home/ubuntu/Documents/shalpy/taller1_grupo14/install/player_interfaces/share/player_interfaces/environment/ament_prefix_path.sh
[9.619s] -- Installing: /home/ubuntu/Documents/shalpy/taller1_grupo14/install/player_interfaces/share/player_interfaces/environment/ament_prefix_path.dsv
[9.622s] -- Up-to-date: /home/ubuntu/Documents/shalpy/taller1_grupo14/install/player_interfaces/share/player_interfaces/environment/path.sh
[9.622s] -- Installing: /home/ubuntu/Documents/shalpy/taller1_grupo14/install/player_interfaces/share/player_interfaces/environment/path.dsv
[9.624s] -- Up-to-date: /home/ubuntu/Documents/shalpy/taller1_grupo14/install/player_interfaces/share/player_interfaces/local_setup.bash
[9.624s] -- Up-to-date: /home/ubuntu/Documents/shalpy/taller1_grupo14/install/player_interfaces/share/player_interfaces/local_setup.sh
[9.625s] -- Up-to-date: /home/ubuntu/Documents/shalpy/taller1_grupo14/install/player_interfaces/share/player_interfaces/local_setup.zsh
[9.625s] -- Installing: /home/ubuntu/Documents/shalpy/taller1_grupo14/install/player_interfaces/share/player_interfaces/local_setup.dsv
[9.627s] -- Installing: /home/ubuntu/Documents/shalpy/taller1_grupo14/install/player_interfaces/share/player_interfaces/package.dsv
[9.628s] -- Up-to-date: /home/ubuntu/Documents/shalpy/taller1_grupo14/install/player_interfaces/share/ament_index/resource_index/packages/player_interfaces
[9.629s] -- Up-to-date: /home/ubuntu/Documents/shalpy/taller1_grupo14/install/player_interfaces/share/player_interfaces/cmake/export_player_interfaces__rosidl_generator_cExport.cmake
[9.630s] -- Up-to-date: /home/ubuntu/Documents/shalpy/taller1_grupo14/install/player_interfaces/share/player_interfaces/cmake/export_player_interfaces__rosidl_generator_cExport-noconfig.cmake
[9.631s] -- Up-to-date: /home/ubuntu/Documents/shalpy/taller1_grupo14/install/player_interfaces/share/player_interfaces/cmake/export_player_interfaces__rosidl_typesupport_fastrtps_cExport.cmake
[9.631s] -- Up-to-date: /home/ubuntu/Documents/shalpy/taller1_grupo14/install/player_interfaces/share/player_interfaces/cmake/export_player_interfaces__rosidl_typesupport_fastrtps_cExport-noconfig.cmake
[9.632s] -- Up-to-date: /home/ubuntu/Documents/shalpy/taller1_grupo14/install/player_interfaces/share/player_interfaces/cmake/export_player_interfaces__rosidl_generator_cppExport.cmake
[9.633s] -- Up-to-date: /home/ubuntu/Documents/shalpy/taller1_grupo14/install/player_interfaces/share/player_interfaces/cmake/export_player_interfaces__rosidl_typesupport_fastrtps_cppExport.cmake
[9.634s] -- Up-to-date: /home/ubuntu/Documents/shalpy/taller1_grupo14/install/player_interfaces/share/player_interfaces/cmake/export_player_interfaces__rosidl_typesupport_fastrtps_cppExport-noconfig.cmake
[9.635s] -- Up-to-date: /home/ubuntu/Documents/shalpy/taller1_grupo14/install/player_interfaces/share/player_interfaces/cmake/player_interfaces__rosidl_typesupport_introspection_cExport.cmake
[9.636s] -- Up-to-date: /home/ubuntu/Documents/shalpy/taller1_grupo14/install/player_interfaces/share/player_interfaces/cmake/player_interfaces__rosidl_typesupport_introspection_cExport-noconfig.cmake
[9.637s] -- Up-to-date: /home/ubuntu/Documents/shalpy/taller1_grupo14/install/player_interfaces/share/player_interfaces/cmake/player_interfaces__rosidl_typesupport_cExport.cmake
[9.637s] -- Up-to-date: /home/ubuntu/Documents/shalpy/taller1_grupo14/install/player_interfaces/share/player_interfaces/cmake/player_interfaces__rosidl_typesupport_cExport-noconfig.cmake
[9.638s] -- Up-to-date: /home/ubuntu/Documents/shalpy/taller1_grupo14/install/player_interfaces/share/player_interfaces/cmake/player_interfaces__rosidl_typesupport_introspection_cppExport.cmake
[9.639s] -- Up-to-date: /home/ubuntu/Documents/shalpy/taller1_grupo14/install/player_interfaces/share/player_interfaces/cmake/player_interfaces__rosidl_typesupport_introspection_cppExport-noconfig.cmake
[9.640s] -- Up-to-date: /home/ubuntu/Documents/shalpy/taller1_grupo14/install/player_interfaces/share/player_interfaces/cmake/player_interfaces__rosidl_typesupport_cppExport.cmake
[9.640s] -- Up-to-date: /home/ubuntu/Documents/shalpy/taller1_grupo14/install/player_interfaces/share/player_interfaces/cmake/player_interfaces__rosidl_typesupport_cppExport-noconfig.cmake
[9.641s] -- Up-to-date: /home/ubuntu/Documents/shalpy/taller1_grupo14/install/player_interfaces/share/player_interfaces/cmake/export_player_interfaces__rosidl_generator_pyExport.cmake
[9.642s] -- Up-to-date: /home/ubuntu/Documents/shalpy/taller1_grupo14/install/player_interfaces/share/player_interfaces/cmake/export_player_interfaces__rosidl_generator_pyExport-noconfig.cmake
[9.642s] -- Up-to-date: /home/ubuntu/Documents/shalpy/taller1_grupo14/install/player_interfaces/share/player_interfaces/cmake/rosidl_cmake-extras.cmake
[9.643s] -- Up-to-date: /home/ubuntu/Documents/shalpy/taller1_grupo14/install/player_interfaces/share/player_interfaces/cmake/ament_cmake_export_dependencies-extras.cmake
[9.644s] -- Up-to-date: /home/ubuntu/Documents/shalpy/taller1_grupo14/install/player_interfaces/share/player_interfaces/cmake/ament_cmake_export_include_directories-extras.cmake
[9.644s] -- Up-to-date: /home/ubuntu/Documents/shalpy/taller1_grupo14/install/player_interfaces/share/player_interfaces/cmake/ament_cmake_export_libraries-extras.cmake
[9.645s] -- Up-to-date: /home/ubuntu/Documents/shalpy/taller1_grupo14/install/player_interfaces/share/player_interfaces/cmake/ament_cmake_export_targets-extras.cmake
[9.645s] -- Up-to-date: /home/ubuntu/Documents/shalpy/taller1_grupo14/install/player_interfaces/share/player_interfaces/cmake/rosidl_cmake_export_typesupport_targets-extras.cmake
[9.646s] -- Up-to-date: /home/ubuntu/Documents/shalpy/taller1_grupo14/install/player_interfaces/share/player_interfaces/cmake/rosidl_cmake_export_typesupport_libraries-extras.cmake
[9.646s] -- Up-to-date: /home/ubuntu/Documents/shalpy/taller1_grupo14/install/player_interfaces/share/player_interfaces/cmake/player_interfacesConfig.cmake
[9.647s] -- Up-to-date: /home/ubuntu/Documents/shalpy/taller1_grupo14/install/player_interfaces/share/player_interfaces/cmake/player_interfacesConfig-version.cmake
[9.647s] -- Up-to-date: /home/ubuntu/Documents/shalpy/taller1_grupo14/install/player_interfaces/share/player_interfaces/package.xml
[9.664s] Invoked command in '/home/ubuntu/Documents/shalpy/taller2_grupo14/build/player_interfaces' returned '0': CMAKE_PREFIX_PATH=${CMAKE_PREFIX_PATH}:/home/ubuntu/Documents/shalpy/taller2_grupo14/install/turtle_bot_14:/opt/ros/humble /usr/bin/cmake --install /home/ubuntu/Documents/shalpy/taller2_grupo14/build/player_interfaces
