running egg_info
creating ../../../build/turtle_bot_14/turtle_bot_14.egg-info
writing ../../../build/turtle_bot_14/turtle_bot_14.egg-info/PKG-INFO
writing dependency_links to ../../../build/turtle_bot_14/turtle_bot_14.egg-info/dependency_links.txt
writing entry points to ../../../build/turtle_bot_14/turtle_bot_14.egg-info/entry_points.txt
writing requirements to ../../../build/turtle_bot_14/turtle_bot_14.egg-info/requires.txt
writing top-level names to ../../../build/turtle_bot_14/turtle_bot_14.egg-info/top_level.txt
writing manifest file '../../../build/turtle_bot_14/turtle_bot_14.egg-info/SOURCES.txt'
reading manifest file '../../../build/turtle_bot_14/turtle_bot_14.egg-info/SOURCES.txt'
writing manifest file '../../../build/turtle_bot_14/turtle_bot_14.egg-info/SOURCES.txt'
running build
running build_py
creating /home/sergio/Robotica/shalpy/build/turtle_bot_14/build
creating /home/sergio/Robotica/shalpy/build/turtle_bot_14/build/lib
creating /home/sergio/Robotica/shalpy/build/turtle_bot_14/build/lib/turtle_bot_14
copying turtle_bot_14/__init__.py -> /home/sergio/Robotica/shalpy/build/turtle_bot_14/build/lib/turtle_bot_14
copying turtle_bot_14/teleop_twist_keyboard.py -> /home/sergio/Robotica/shalpy/build/turtle_bot_14/build/lib/turtle_bot_14
copying turtle_bot_14/turtle_bot_teleop.py -> /home/sergio/Robotica/shalpy/build/turtle_bot_14/build/lib/turtle_bot_14
running install
/usr/lib/python3/dist-packages/setuptools/command/install.py:34: SetuptoolsDeprecationWarning: setup.py install is deprecated. Use build and pip and other standards-based tools.
  warnings.warn(
running install_lib
creating /home/sergio/Robotica/shalpy/install/turtle_bot_14/lib/python3.10/site-packages/turtle_bot_14
copying /home/sergio/Robotica/shalpy/build/turtle_bot_14/build/lib/turtle_bot_14/__init__.py -> /home/sergio/Robotica/shalpy/install/turtle_bot_14/lib/python3.10/site-packages/turtle_bot_14
copying /home/sergio/Robotica/shalpy/build/turtle_bot_14/build/lib/turtle_bot_14/teleop_twist_keyboard.py -> /home/sergio/Robotica/shalpy/install/turtle_bot_14/lib/python3.10/site-packages/turtle_bot_14
copying /home/sergio/Robotica/shalpy/build/turtle_bot_14/build/lib/turtle_bot_14/turtle_bot_teleop.py -> /home/sergio/Robotica/shalpy/install/turtle_bot_14/lib/python3.10/site-packages/turtle_bot_14
byte-compiling /home/sergio/Robotica/shalpy/install/turtle_bot_14/lib/python3.10/site-packages/turtle_bot_14/__init__.py to __init__.cpython-310.pyc
byte-compiling /home/sergio/Robotica/shalpy/install/turtle_bot_14/lib/python3.10/site-packages/turtle_bot_14/teleop_twist_keyboard.py to teleop_twist_keyboard.cpython-310.pyc
byte-compiling /home/sergio/Robotica/shalpy/install/turtle_bot_14/lib/python3.10/site-packages/turtle_bot_14/turtle_bot_teleop.py to turtle_bot_teleop.cpython-310.pyc
running install_data
creating /home/sergio/Robotica/shalpy/install/turtle_bot_14/share/ament_index
creating /home/sergio/Robotica/shalpy/install/turtle_bot_14/share/ament_index/resource_index
creating /home/sergio/Robotica/shalpy/install/turtle_bot_14/share/ament_index/resource_index/packages
copying resource/turtle_bot_14 -> /home/sergio/Robotica/shalpy/install/turtle_bot_14/share/ament_index/resource_index/packages
copying package.xml -> /home/sergio/Robotica/shalpy/install/turtle_bot_14/share/turtle_bot_14
running install_egg_info
Copying ../../../build/turtle_bot_14/turtle_bot_14.egg-info to /home/sergio/Robotica/shalpy/install/turtle_bot_14/lib/python3.10/site-packages/turtle_bot_14-0.0.0-py3.10.egg-info
running install_scripts
Installing turtle_bot_teleop script to /home/sergio/Robotica/shalpy/install/turtle_bot_14/lib/turtle_bot_14
writing list of installed files to '/home/sergio/Robotica/shalpy/build/turtle_bot_14/install.log'
