[3.202s] Invoking command in '/home/ubuntu/Documents/shalpy/taller2_grupo14/src/turtle_bot_14': PYTHONPATH=/home/ubuntu/Documents/shalpy/taller2_grupo14/build/turtle_bot_14/prefix_override:/home/ubuntu/Documents/shalpy/taller2_grupo14/install/turtle_bot_14/lib/python3.10/site-packages:${PYTHONPATH} /usr/bin/python3 setup.py egg_info --egg-base ../../build/turtle_bot_14 build --build-base /home/ubuntu/Documents/shalpy/taller2_grupo14/build/turtle_bot_14/build install --record /home/ubuntu/Documents/shalpy/taller2_grupo14/build/turtle_bot_14/install.log --single-version-externally-managed
[4.296s] running egg_info
[4.299s] creating ../../build/turtle_bot_14/turtle_bot_14.egg-info
[4.300s] writing ../../build/turtle_bot_14/turtle_bot_14.egg-info/PKG-INFO
[4.301s] writing dependency_links to ../../build/turtle_bot_14/turtle_bot_14.egg-info/dependency_links.txt
[4.302s] writing entry points to ../../build/turtle_bot_14/turtle_bot_14.egg-info/entry_points.txt
[4.303s] writing requirements to ../../build/turtle_bot_14/turtle_bot_14.egg-info/requires.txt
[4.303s] writing top-level names to ../../build/turtle_bot_14/turtle_bot_14.egg-info/top_level.txt
[4.304s] writing manifest file '../../build/turtle_bot_14/turtle_bot_14.egg-info/SOURCES.txt'
[4.312s] reading manifest file '../../build/turtle_bot_14/turtle_bot_14.egg-info/SOURCES.txt'
[4.316s] writing manifest file '../../build/turtle_bot_14/turtle_bot_14.egg-info/SOURCES.txt'
[4.317s] running build
[4.317s] running build_py
[4.318s] creating /home/ubuntu/Documents/shalpy/taller2_grupo14/build/turtle_bot_14/build
[4.319s] creating /home/ubuntu/Documents/shalpy/taller2_grupo14/build/turtle_bot_14/build/lib
[4.319s] creating /home/ubuntu/Documents/shalpy/taller2_grupo14/build/turtle_bot_14/build/lib/turtle_bot_14
[4.320s] copying turtle_bot_14/turtle_bot_interface.py -> /home/ubuntu/Documents/shalpy/taller2_grupo14/build/turtle_bot_14/build/lib/turtle_bot_14
[4.321s] copying turtle_bot_14/__init__.py -> /home/ubuntu/Documents/shalpy/taller2_grupo14/build/turtle_bot_14/build/lib/turtle_bot_14
[4.321s] copying turtle_bot_14/turtle_bot_player.py -> /home/ubuntu/Documents/shalpy/taller2_grupo14/build/turtle_bot_14/build/lib/turtle_bot_14
[4.322s] copying turtle_bot_14/turtle_bot_teleop.py -> /home/ubuntu/Documents/shalpy/taller2_grupo14/build/turtle_bot_14/build/lib/turtle_bot_14
[4.324s] running install
[4.325s] /usr/lib/python3/dist-packages/setuptools/command/install.py:34: SetuptoolsDeprecationWarning: setup.py install is deprecated. Use build and pip and other standards-based tools.
[4.325s]   warnings.warn(
[4.326s] running install_lib
[4.333s] running install_data
[4.336s] running install_egg_info
[4.343s] removing '/home/ubuntu/Documents/shalpy/taller2_grupo14/install/turtle_bot_14/lib/python3.10/site-packages/turtle_bot_14-0.0.0-py3.10.egg-info' (and everything under it)
[4.345s] Copying ../../build/turtle_bot_14/turtle_bot_14.egg-info to /home/ubuntu/Documents/shalpy/taller2_grupo14/install/turtle_bot_14/lib/python3.10/site-packages/turtle_bot_14-0.0.0-py3.10.egg-info
[4.352s] running install_scripts
[4.448s] Installing turtle_bot_interface script to /home/ubuntu/Documents/shalpy/taller2_grupo14/install/turtle_bot_14/lib/turtle_bot_14
[4.449s] Installing turtle_bot_player script to /home/ubuntu/Documents/shalpy/taller2_grupo14/install/turtle_bot_14/lib/turtle_bot_14
[4.450s] Installing turtle_bot_teleop script to /home/ubuntu/Documents/shalpy/taller2_grupo14/install/turtle_bot_14/lib/turtle_bot_14
[4.452s] writing list of installed files to '/home/ubuntu/Documents/shalpy/taller2_grupo14/build/turtle_bot_14/install.log'
[4.579s] Invoked command in '/home/ubuntu/Documents/shalpy/taller2_grupo14/src/turtle_bot_14' returned '0': PYTHONPATH=/home/ubuntu/Documents/shalpy/taller2_grupo14/build/turtle_bot_14/prefix_override:/home/ubuntu/Documents/shalpy/taller2_grupo14/install/turtle_bot_14/lib/python3.10/site-packages:${PYTHONPATH} /usr/bin/python3 setup.py egg_info --egg-base ../../build/turtle_bot_14 build --build-base /home/ubuntu/Documents/shalpy/taller2_grupo14/build/turtle_bot_14/build install --record /home/ubuntu/Documents/shalpy/taller2_grupo14/build/turtle_bot_14/install.log --single-version-externally-managed
