/usr/lib/python3/dist-packages/setuptools/dist.py:723: UserWarning: Usage of dash-separated 'script-dir' will not be supported in future versions. Please use the underscore name 'script_dir' instead
  warnings.warn(
running egg_info
writing ../../build/proyecto_master_pkg/proyecto_master_pkg.egg-info/PKG-INFO
writing dependency_links to ../../build/proyecto_master_pkg/proyecto_master_pkg.egg-info/dependency_links.txt
writing entry points to ../../build/proyecto_master_pkg/proyecto_master_pkg.egg-info/entry_points.txt
writing requirements to ../../build/proyecto_master_pkg/proyecto_master_pkg.egg-info/requires.txt
writing top-level names to ../../build/proyecto_master_pkg/proyecto_master_pkg.egg-info/top_level.txt
reading manifest file '../../build/proyecto_master_pkg/proyecto_master_pkg.egg-info/SOURCES.txt'
writing manifest file '../../build/proyecto_master_pkg/proyecto_master_pkg.egg-info/SOURCES.txt'
/usr/lib/python3/dist-packages/setuptools/command/install.py:34: SetuptoolsDeprecationWarning: setup.py install is deprecated. Use build and pip and other standards-based tools.
  warnings.warn(
running build
running build_py
running install
running install_lib
running install_data
running install_egg_info
removing '/home/juanespadi/Documents/shalpy/proyecto_final_grupo_14/install/proyecto_master_pkg/lib/python3.10/site-packages/proyecto_master_pkg-0.0.0-py3.10.egg-info' (and everything under it)
Copying ../../build/proyecto_master_pkg/proyecto_master_pkg.egg-info to /home/juanespadi/Documents/shalpy/proyecto_final_grupo_14/install/proyecto_master_pkg/lib/python3.10/site-packages/proyecto_master_pkg-0.0.0-py3.10.egg-info
running install_scripts
Installing master script to /home/juanespadi/Documents/shalpy/proyecto_final_grupo_14/install/proyecto_master_pkg/lib/proyecto_master_pkg
writing list of installed files to '/home/juanespadi/Documents/shalpy/proyecto_final_grupo_14/build/proyecto_master_pkg/install.log'
