[1.269s] Invoking command in '/home/juanespadi/Documents/shalpy/taller3_grupo14/src/mi_robot_manipulador_14': PYTHONPATH=/home/juanespadi/Documents/shalpy/taller3_grupo14/build/mi_robot_manipulador_14/prefix_override:/home/juanespadi/Documents/shalpy/taller3_grupo14/install/mi_robot_manipulador_14/lib/python3.10/site-packages:${PYTHONPATH} /usr/bin/python3 setup.py egg_info --egg-base ../../build/mi_robot_manipulador_14 build --build-base /home/juanespadi/Documents/shalpy/taller3_grupo14/build/mi_robot_manipulador_14/build install --record /home/juanespadi/Documents/shalpy/taller3_grupo14/build/mi_robot_manipulador_14/install.log --single-version-externally-managed
[1.568s] running egg_info
[1.569s] writing ../../build/mi_robot_manipulador_14/mi_robot_manipulador_14.egg-info/PKG-INFO
[1.569s] writing dependency_links to ../../build/mi_robot_manipulador_14/mi_robot_manipulador_14.egg-info/dependency_links.txt
[1.569s] writing entry points to ../../build/mi_robot_manipulador_14/mi_robot_manipulador_14.egg-info/entry_points.txt
[1.569s] writing requirements to ../../build/mi_robot_manipulador_14/mi_robot_manipulador_14.egg-info/requires.txt
[1.569s] writing top-level names to ../../build/mi_robot_manipulador_14/mi_robot_manipulador_14.egg-info/top_level.txt
[1.572s] reading manifest file '../../build/mi_robot_manipulador_14/mi_robot_manipulador_14.egg-info/SOURCES.txt'
[1.573s] writing manifest file '../../build/mi_robot_manipulador_14/mi_robot_manipulador_14.egg-info/SOURCES.txt'
[1.573s] running build
[1.573s] running build_py
[1.573s] copying mi_robot_manipulador_14/robot_manipulator_planner.py -> /home/juanespadi/Documents/shalpy/taller3_grupo14/build/mi_robot_manipulador_14/build/lib/mi_robot_manipulador_14
[1.574s] running install
[1.574s] /usr/lib/python3/dist-packages/setuptools/command/install.py:34: SetuptoolsDeprecationWarning: setup.py install is deprecated. Use build and pip and other standards-based tools.
[1.574s]   warnings.warn(
[1.574s] running install_lib
[1.575s] copying /home/juanespadi/Documents/shalpy/taller3_grupo14/build/mi_robot_manipulador_14/build/lib/mi_robot_manipulador_14/robot_manipulator_planner.py -> /home/juanespadi/Documents/shalpy/taller3_grupo14/install/mi_robot_manipulador_14/lib/python3.10/site-packages/mi_robot_manipulador_14
[1.576s] byte-compiling /home/juanespadi/Documents/shalpy/taller3_grupo14/install/mi_robot_manipulador_14/lib/python3.10/site-packages/mi_robot_manipulador_14/robot_manipulator_planner.py to robot_manipulator_planner.cpython-310.pyc
[1.577s] running install_data
[1.578s] running install_egg_info
[1.580s] removing '/home/juanespadi/Documents/shalpy/taller3_grupo14/install/mi_robot_manipulador_14/lib/python3.10/site-packages/mi_robot_manipulador_14-0.0.0-py3.10.egg-info' (and everything under it)
[1.580s] Copying ../../build/mi_robot_manipulador_14/mi_robot_manipulador_14.egg-info to /home/juanespadi/Documents/shalpy/taller3_grupo14/install/mi_robot_manipulador_14/lib/python3.10/site-packages/mi_robot_manipulador_14-0.0.0-py3.10.egg-info
[1.581s] running install_scripts
[1.602s] Installing robot_manipulator_interface script to /home/juanespadi/Documents/shalpy/taller3_grupo14/install/mi_robot_manipulador_14/lib/mi_robot_manipulador_14
[1.603s] Installing robot_manipulator_planner script to /home/juanespadi/Documents/shalpy/taller3_grupo14/install/mi_robot_manipulador_14/lib/mi_robot_manipulador_14
[1.603s] Installing robot_manipulator_teleop script to /home/juanespadi/Documents/shalpy/taller3_grupo14/install/mi_robot_manipulador_14/lib/mi_robot_manipulador_14
[1.603s] writing list of installed files to '/home/juanespadi/Documents/shalpy/taller3_grupo14/build/mi_robot_manipulador_14/install.log'
[1.640s] Invoked command in '/home/juanespadi/Documents/shalpy/taller3_grupo14/src/mi_robot_manipulador_14' returned '0': PYTHONPATH=/home/juanespadi/Documents/shalpy/taller3_grupo14/build/mi_robot_manipulador_14/prefix_override:/home/juanespadi/Documents/shalpy/taller3_grupo14/install/mi_robot_manipulador_14/lib/python3.10/site-packages:${PYTHONPATH} /usr/bin/python3 setup.py egg_info --egg-base ../../build/mi_robot_manipulador_14 build --build-base /home/juanespadi/Documents/shalpy/taller3_grupo14/build/mi_robot_manipulador_14/build install --record /home/juanespadi/Documents/shalpy/taller3_grupo14/build/mi_robot_manipulador_14/install.log --single-version-externally-managed
