[1.863s] DEBUG:colcon:Command line arguments: ['/usr/bin/colcon', 'build']
[1.863s] DEBUG:colcon:Parsed command line arguments: Namespace(log_base=None, log_level=None, verb_name='build', build_base='build', install_base='install', merge_install=False, symlink_install=False, test_result_base=None, continue_on_error=False, executor='parallel', parallel_workers=4, event_handlers=None, ignore_user_meta=False, metas=['./colcon.meta'], base_paths=['.'], packages_ignore=None, packages_ignore_regex=None, paths=None, packages_up_to=None, packages_up_to_regex=None, packages_above=None, packages_above_and_dependencies=None, packages_above_depth=None, packages_select_by_dep=None, packages_skip_by_dep=None, packages_skip_up_to=None, packages_select_build_failed=False, packages_skip_build_finished=False, packages_select_test_failures=False, packages_skip_test_passed=False, packages_select=None, packages_skip=None, packages_select_regex=None, packages_skip_regex=None, packages_start=None, packages_end=None, allow_overriding=[], cmake_args=None, cmake_target=None, cmake_target_skip_unavailable=False, cmake_clean_cache=False, cmake_clean_first=False, cmake_force_configure=False, ament_cmake_args=None, catkin_cmake_args=None, catkin_skip_building_tests=False, verb_parser=<colcon_defaults.argument_parser.defaults.DefaultArgumentsDecorator object at 0xffff93795d20>, verb_extension=<colcon_core.verb.build.BuildVerb object at 0xffff9401cfa0>, main=<bound method BuildVerb.main of <colcon_core.verb.build.BuildVerb object at 0xffff9401cfa0>>)
[2.096s] Level 1:colcon.colcon_core.package_discovery:discover_packages(colcon_meta) check parameters
[2.097s] Level 1:colcon.colcon_core.package_discovery:discover_packages(recursive) check parameters
[2.097s] Level 1:colcon.colcon_core.package_discovery:discover_packages(ignore) check parameters
[2.097s] Level 1:colcon.colcon_core.package_discovery:discover_packages(path) check parameters
[2.098s] Level 1:colcon.colcon_core.package_discovery:discover_packages(colcon_meta) discover
[2.098s] Level 1:colcon.colcon_core.package_discovery:discover_packages(recursive) discover
[2.098s] INFO:colcon.colcon_core.package_discovery:Crawling recursively for packages in '/home/ubuntu/Documents/shalpy/camera_ws'
[2.099s] Level 1:colcon.colcon_core.package_identification:_identify(.) by extensions ['ignore', 'ignore_ament_install']
[2.099s] Level 1:colcon.colcon_core.package_identification:_identify(.) by extension 'ignore'
[2.099s] Level 1:colcon.colcon_core.package_identification:_identify(.) by extension 'ignore_ament_install'
[2.100s] Level 1:colcon.colcon_core.package_identification:_identify(.) by extensions ['colcon_pkg']
[2.100s] Level 1:colcon.colcon_core.package_identification:_identify(.) by extension 'colcon_pkg'
[2.100s] Level 1:colcon.colcon_core.package_identification:_identify(.) by extensions ['colcon_meta']
[2.100s] Level 1:colcon.colcon_core.package_identification:_identify(.) by extension 'colcon_meta'
[2.100s] Level 1:colcon.colcon_core.package_identification:_identify(.) by extensions ['ros']
[2.100s] Level 1:colcon.colcon_core.package_identification:_identify(.) by extension 'ros'
[2.176s] Level 1:colcon.colcon_core.package_identification:_identify(.) by extensions ['cmake', 'python']
[2.176s] Level 1:colcon.colcon_core.package_identification:_identify(.) by extension 'cmake'
[2.176s] Level 1:colcon.colcon_core.package_identification:_identify(.) by extension 'python'
[2.176s] Level 1:colcon.colcon_core.package_identification:_identify(.) by extensions ['python_setup_py']
[2.176s] Level 1:colcon.colcon_core.package_identification:_identify(.) by extension 'python_setup_py'
[2.177s] Level 1:colcon.colcon_core.package_identification:_identify(build) by extensions ['ignore', 'ignore_ament_install']
[2.182s] Level 1:colcon.colcon_core.package_identification:_identify(build) by extension 'ignore'
[2.182s] Level 1:colcon.colcon_core.package_identification:_identify(build) ignored
[2.183s] Level 1:colcon.colcon_core.package_identification:_identify(install) by extensions ['ignore', 'ignore_ament_install']
[2.184s] Level 1:colcon.colcon_core.package_identification:_identify(install) by extension 'ignore'
[2.184s] Level 1:colcon.colcon_core.package_identification:_identify(install) ignored
[2.184s] Level 1:colcon.colcon_core.package_identification:_identify(log) by extensions ['ignore', 'ignore_ament_install']
[2.185s] Level 1:colcon.colcon_core.package_identification:_identify(log) by extension 'ignore'
[2.185s] Level 1:colcon.colcon_core.package_identification:_identify(log) ignored
[2.188s] Level 1:colcon.colcon_core.package_identification:_identify(src) by extensions ['ignore', 'ignore_ament_install']
[2.188s] Level 1:colcon.colcon_core.package_identification:_identify(src) by extension 'ignore'
[2.189s] Level 1:colcon.colcon_core.package_identification:_identify(src) by extension 'ignore_ament_install'
[2.189s] Level 1:colcon.colcon_core.package_identification:_identify(src) by extensions ['colcon_pkg']
[2.189s] Level 1:colcon.colcon_core.package_identification:_identify(src) by extension 'colcon_pkg'
[2.189s] Level 1:colcon.colcon_core.package_identification:_identify(src) by extensions ['colcon_meta']
[2.189s] Level 1:colcon.colcon_core.package_identification:_identify(src) by extension 'colcon_meta'
[2.190s] Level 1:colcon.colcon_core.package_identification:_identify(src) by extensions ['ros']
[2.190s] Level 1:colcon.colcon_core.package_identification:_identify(src) by extension 'ros'
[2.190s] Level 1:colcon.colcon_core.package_identification:_identify(src) by extensions ['cmake', 'python']
[2.190s] Level 1:colcon.colcon_core.package_identification:_identify(src) by extension 'cmake'
[2.190s] Level 1:colcon.colcon_core.package_identification:_identify(src) by extension 'python'
[2.191s] Level 1:colcon.colcon_core.package_identification:_identify(src) by extensions ['python_setup_py']
[2.191s] Level 1:colcon.colcon_core.package_identification:_identify(src) by extension 'python_setup_py'
[2.192s] Level 1:colcon.colcon_core.package_identification:_identify(src/cameraraspy) by extensions ['ignore', 'ignore_ament_install']
[2.192s] Level 1:colcon.colcon_core.package_identification:_identify(src/cameraraspy) by extension 'ignore'
[2.193s] Level 1:colcon.colcon_core.package_identification:_identify(src/cameraraspy) by extension 'ignore_ament_install'
[2.193s] Level 1:colcon.colcon_core.package_identification:_identify(src/cameraraspy) by extensions ['colcon_pkg']
[2.193s] Level 1:colcon.colcon_core.package_identification:_identify(src/cameraraspy) by extension 'colcon_pkg'
[2.193s] Level 1:colcon.colcon_core.package_identification:_identify(src/cameraraspy) by extensions ['colcon_meta']
[2.194s] Level 1:colcon.colcon_core.package_identification:_identify(src/cameraraspy) by extension 'colcon_meta'
[2.194s] Level 1:colcon.colcon_core.package_identification:_identify(src/cameraraspy) by extensions ['ros']
[2.194s] Level 1:colcon.colcon_core.package_identification:_identify(src/cameraraspy) by extension 'ros'
[2.208s] DEBUG:colcon.colcon_core.package_identification:Package 'src/cameraraspy' with type 'ros.ament_python' and name 'cameraraspy'
[2.208s] Level 1:colcon.colcon_core.package_discovery:discover_packages(recursive) using defaults
[2.208s] Level 1:colcon.colcon_core.package_discovery:discover_packages(ignore) discover
[2.209s] Level 1:colcon.colcon_core.package_discovery:discover_packages(ignore) using defaults
[2.209s] Level 1:colcon.colcon_core.package_discovery:discover_packages(path) discover
[2.209s] Level 1:colcon.colcon_core.package_discovery:discover_packages(path) using defaults
[2.342s] Level 1:colcon.colcon_core.package_discovery:discover_packages(prefix_path) check parameters
[2.342s] Level 1:colcon.colcon_core.package_discovery:discover_packages(prefix_path) discover
[2.367s] DEBUG:colcon.colcon_installed_package_information.package_discovery:Found 180 installed packages in /opt/ros/humble
[2.372s] Level 1:colcon.colcon_core.package_discovery:discover_packages(prefix_path) using defaults
[2.564s] Level 5:colcon.colcon_core.verb:set package 'cameraraspy' build argument 'cmake_args' from command line to 'None'
[2.564s] Level 5:colcon.colcon_core.verb:set package 'cameraraspy' build argument 'cmake_target' from command line to 'None'
[2.564s] Level 5:colcon.colcon_core.verb:set package 'cameraraspy' build argument 'cmake_target_skip_unavailable' from command line to 'False'
[2.564s] Level 5:colcon.colcon_core.verb:set package 'cameraraspy' build argument 'cmake_clean_cache' from command line to 'False'
[2.564s] Level 5:colcon.colcon_core.verb:set package 'cameraraspy' build argument 'cmake_clean_first' from command line to 'False'
[2.564s] Level 5:colcon.colcon_core.verb:set package 'cameraraspy' build argument 'cmake_force_configure' from command line to 'False'
[2.565s] Level 5:colcon.colcon_core.verb:set package 'cameraraspy' build argument 'ament_cmake_args' from command line to 'None'
[2.565s] Level 5:colcon.colcon_core.verb:set package 'cameraraspy' build argument 'catkin_cmake_args' from command line to 'None'
[2.565s] Level 5:colcon.colcon_core.verb:set package 'cameraraspy' build argument 'catkin_skip_building_tests' from command line to 'False'
[2.565s] DEBUG:colcon.colcon_core.verb:Building package 'cameraraspy' with the following arguments: {'ament_cmake_args': None, 'build_base': '/home/ubuntu/Documents/shalpy/camera_ws/build/cameraraspy', 'catkin_cmake_args': None, 'catkin_skip_building_tests': False, 'cmake_args': None, 'cmake_clean_cache': False, 'cmake_clean_first': False, 'cmake_force_configure': False, 'cmake_target': None, 'cmake_target_skip_unavailable': False, 'install_base': '/home/ubuntu/Documents/shalpy/camera_ws/install/cameraraspy', 'merge_install': False, 'path': '/home/ubuntu/Documents/shalpy/camera_ws/src/cameraraspy', 'symlink_install': False, 'test_result_base': None}
[2.568s] INFO:colcon.colcon_core.executor:Executing jobs using 'parallel' executor
[2.581s] DEBUG:colcon.colcon_parallel_executor.executor.parallel:run_until_complete
[2.582s] INFO:colcon.colcon_ros.task.ament_python.build:Building ROS package in '/home/ubuntu/Documents/shalpy/camera_ws/src/cameraraspy' with build type 'ament_python'
[2.583s] Level 1:colcon.colcon_core.shell:create_environment_hook('cameraraspy', 'ament_prefix_path')
[2.620s] INFO:colcon.colcon_core.plugin_system:Skipping extension 'colcon_core.shell.bat': Not used on non-Windows systems
[2.621s] INFO:colcon.colcon_core.shell:Creating environment hook '/home/ubuntu/Documents/shalpy/camera_ws/install/cameraraspy/share/cameraraspy/hook/ament_prefix_path.ps1'
[2.628s] INFO:colcon.colcon_core.shell:Creating environment descriptor '/home/ubuntu/Documents/shalpy/camera_ws/install/cameraraspy/share/cameraraspy/hook/ament_prefix_path.dsv'
[2.635s] INFO:colcon.colcon_core.shell:Creating environment hook '/home/ubuntu/Documents/shalpy/camera_ws/install/cameraraspy/share/cameraraspy/hook/ament_prefix_path.sh'
[2.649s] INFO:colcon.colcon_core.shell:Skip shell extension 'powershell' for command environment: Not usable outside of PowerShell
[2.649s] DEBUG:colcon.colcon_core.shell:Skip shell extension 'dsv' for command environment
[3.781s] INFO:colcon.colcon_core.task.python.build:Building Python package in '/home/ubuntu/Documents/shalpy/camera_ws/src/cameraraspy'
[3.787s] INFO:colcon.colcon_core.shell:Skip shell extension 'powershell' for command environment: Not usable outside of PowerShell
[3.787s] DEBUG:colcon.colcon_core.shell:Skip shell extension 'dsv' for command environment
[5.941s] DEBUG:colcon.colcon_core.event_handler.log_command:Invoking command in '/home/ubuntu/Documents/shalpy/camera_ws/src/cameraraspy': PYTHONPATH=/home/ubuntu/Documents/shalpy/camera_ws/build/cameraraspy/prefix_override:/home/ubuntu/Documents/shalpy/camera_ws/install/cameraraspy/lib/python3.10/site-packages:${PYTHONPATH} /usr/bin/python3 setup.py egg_info --egg-base ../../build/cameraraspy build --build-base /home/ubuntu/Documents/shalpy/camera_ws/build/cameraraspy/build install --record /home/ubuntu/Documents/shalpy/camera_ws/build/cameraraspy/install.log --single-version-externally-managed
[7.215s] DEBUG:colcon.colcon_core.event_handler.log_command:Invoked command in '/home/ubuntu/Documents/shalpy/camera_ws/src/cameraraspy' returned '0': PYTHONPATH=/home/ubuntu/Documents/shalpy/camera_ws/build/cameraraspy/prefix_override:/home/ubuntu/Documents/shalpy/camera_ws/install/cameraraspy/lib/python3.10/site-packages:${PYTHONPATH} /usr/bin/python3 setup.py egg_info --egg-base ../../build/cameraraspy build --build-base /home/ubuntu/Documents/shalpy/camera_ws/build/cameraraspy/build install --record /home/ubuntu/Documents/shalpy/camera_ws/build/cameraraspy/install.log --single-version-externally-managed
[7.254s] Level 1:colcon.colcon_core.environment:checking '/home/ubuntu/Documents/shalpy/camera_ws/install/cameraraspy' for CMake module files
[7.258s] Level 1:colcon.colcon_core.environment:checking '/home/ubuntu/Documents/shalpy/camera_ws/install/cameraraspy' for CMake config files
[7.264s] Level 1:colcon.colcon_core.environment:checking '/home/ubuntu/Documents/shalpy/camera_ws/install/cameraraspy/lib'
[7.265s] Level 1:colcon.colcon_core.environment:checking '/home/ubuntu/Documents/shalpy/camera_ws/install/cameraraspy/bin'
[7.266s] Level 1:colcon.colcon_core.environment:checking '/home/ubuntu/Documents/shalpy/camera_ws/install/cameraraspy/lib/pkgconfig/cameraraspy.pc'
[7.267s] Level 1:colcon.colcon_core.environment:checking '/home/ubuntu/Documents/shalpy/camera_ws/install/cameraraspy/lib/python3.10/site-packages'
[7.267s] Level 1:colcon.colcon_core.shell:create_environment_hook('cameraraspy', 'pythonpath')
[7.273s] INFO:colcon.colcon_core.shell:Creating environment hook '/home/ubuntu/Documents/shalpy/camera_ws/install/cameraraspy/share/cameraraspy/hook/pythonpath.ps1'
[7.276s] INFO:colcon.colcon_core.shell:Creating environment descriptor '/home/ubuntu/Documents/shalpy/camera_ws/install/cameraraspy/share/cameraraspy/hook/pythonpath.dsv'
[7.277s] INFO:colcon.colcon_core.shell:Creating environment hook '/home/ubuntu/Documents/shalpy/camera_ws/install/cameraraspy/share/cameraraspy/hook/pythonpath.sh'
[7.280s] Level 1:colcon.colcon_core.environment:checking '/home/ubuntu/Documents/shalpy/camera_ws/install/cameraraspy/bin'
[7.280s] Level 1:colcon.colcon_core.environment:create_environment_scripts_only(cameraraspy)
[7.287s] INFO:colcon.colcon_core.shell:Creating package script '/home/ubuntu/Documents/shalpy/camera_ws/install/cameraraspy/share/cameraraspy/package.ps1'
[7.293s] INFO:colcon.colcon_core.shell:Creating package descriptor '/home/ubuntu/Documents/shalpy/camera_ws/install/cameraraspy/share/cameraraspy/package.dsv'
[7.299s] INFO:colcon.colcon_core.shell:Creating package script '/home/ubuntu/Documents/shalpy/camera_ws/install/cameraraspy/share/cameraraspy/package.sh'
[7.306s] INFO:colcon.colcon_core.shell:Creating package script '/home/ubuntu/Documents/shalpy/camera_ws/install/cameraraspy/share/cameraraspy/package.bash'
[7.316s] INFO:colcon.colcon_core.shell:Creating package script '/home/ubuntu/Documents/shalpy/camera_ws/install/cameraraspy/share/cameraraspy/package.zsh'
[7.324s] Level 1:colcon.colcon_core.environment:create_file_with_runtime_dependencies(/home/ubuntu/Documents/shalpy/camera_ws/install/cameraraspy/share/colcon-core/packages/cameraraspy)
[7.326s] DEBUG:colcon.colcon_parallel_executor.executor.parallel:closing loop
[7.328s] DEBUG:colcon.colcon_parallel_executor.executor.parallel:loop closed
[7.329s] DEBUG:colcon.colcon_parallel_executor.executor.parallel:run_until_complete finished with '0'
[7.329s] DEBUG:colcon.colcon_core.event_reactor:joining thread
[7.357s] INFO:colcon.colcon_core.plugin_system:Skipping extension 'colcon_notification.desktop_notification.notify_send': Could not find 'notify-send'
[7.358s] INFO:colcon.colcon_core.plugin_system:Skipping extension 'colcon_notification.desktop_notification.terminal_notifier': Not used on non-Darwin systems
[7.358s] INFO:colcon.colcon_core.plugin_system:Skipping extension 'colcon_notification.desktop_notification.win32': Not used on non-Windows systems
[7.358s] INFO:colcon.colcon_notification.desktop_notification:Sending desktop notification using 'notify2'
[7.392s] DEBUG:colcon.colcon_notification.desktop_notification.notify2:Failed to initialize notify2: org.freedesktop.DBus.Error.ServiceUnknown: The name org.freedesktop.Notifications was not provided by any .service files
[7.393s] DEBUG:colcon.colcon_core.event_reactor:joined thread
[7.400s] INFO:colcon.colcon_core.shell:Creating prefix script '/home/ubuntu/Documents/shalpy/camera_ws/install/local_setup.ps1'
[7.407s] INFO:colcon.colcon_core.shell:Creating prefix util module '/home/ubuntu/Documents/shalpy/camera_ws/install/_local_setup_util_ps1.py'
[7.426s] INFO:colcon.colcon_core.shell:Creating prefix chain script '/home/ubuntu/Documents/shalpy/camera_ws/install/setup.ps1'
[7.435s] INFO:colcon.colcon_core.shell:Creating prefix script '/home/ubuntu/Documents/shalpy/camera_ws/install/local_setup.sh'
[7.441s] INFO:colcon.colcon_core.shell:Creating prefix util module '/home/ubuntu/Documents/shalpy/camera_ws/install/_local_setup_util_sh.py'
[7.444s] INFO:colcon.colcon_core.shell:Creating prefix chain script '/home/ubuntu/Documents/shalpy/camera_ws/install/setup.sh'
[7.452s] INFO:colcon.colcon_core.shell:Creating prefix script '/home/ubuntu/Documents/shalpy/camera_ws/install/local_setup.bash'
[7.461s] INFO:colcon.colcon_core.shell:Creating prefix chain script '/home/ubuntu/Documents/shalpy/camera_ws/install/setup.bash'
[7.468s] INFO:colcon.colcon_core.shell:Creating prefix script '/home/ubuntu/Documents/shalpy/camera_ws/install/local_setup.zsh'
[7.474s] INFO:colcon.colcon_core.shell:Creating prefix chain script '/home/ubuntu/Documents/shalpy/camera_ws/install/setup.zsh'
