[0.099s] Invoking command in '/home/ubuntu/Documents/shalpy/taller1_grupo14/build/player_interfaces': CMAKE_PREFIX_PATH=${CMAKE_PREFIX_PATH}:/home/ubuntu/Documents/shalpy/taller1_grupo14/install/turtle_bot_14:/opt/ros/humble /usr/bin/cmake --build /home/ubuntu/Documents/shalpy/taller1_grupo14/build/player_interfaces -- -j4 -l4
[0.260s] gmake[2]: Warning: File 'CMakeFiles/player_interfaces__rosidl_generator_c.dir/compiler_depend.make' has modification time 3009 s in the future
[0.311s] gmake[2]: warning:  Clock skew detected.  Your build may be incomplete.
[0.323s] gmake[2]: Warning: File 'CMakeFiles/player_interfaces__rosidl_generator_c.dir/compiler_depend.make' has modification time 3009 s in the future
[0.327s] gmake[2]: warning:  Clock skew detected.  Your build may be incomplete.
[0.369s] [  9%] Built target player_interfaces__cpp
[0.370s] [ 12%] Built target player_interfaces__rosidl_generator_c
[0.384s] gmake[2]: Warning: File 'CMakeFiles/player_interfaces__rosidl_typesupport_cpp.dir/compiler_depend.make' has modification time 3009 s in the future
[0.388s] gmake[2]: Warning: File 'CMakeFiles/player_interfaces__rosidl_typesupport_fastrtps_cpp.dir/compiler_depend.make' has modification time 3009 s in the future
[0.406s] gmake[2]: Warning: File 'CMakeFiles/player_interfaces__rosidl_typesupport_introspection_c.dir/compiler_depend.make' has modification time 3010 s in the future
[0.409s] [ 12%] Built target ament_cmake_python_copy_player_interfaces
[0.425s] gmake[2]: Warning: File 'CMakeFiles/player_interfaces__rosidl_typesupport_c.dir/compiler_depend.make' has modification time 3010 s in the future
[0.435s] gmake[2]: warning:  Clock skew detected.  Your build may be incomplete.
[0.454s] gmake[2]: warning:  Clock skew detected.  Your build may be incomplete.
[0.462s] gmake[2]: Warning: File 'CMakeFiles/player_interfaces__rosidl_typesupport_cpp.dir/compiler_depend.make' has modification time 3009 s in the future
[0.468s] gmake[2]: warning:  Clock skew detected.  Your build may be incomplete.
[0.471s] gmake[2]: warning:  Clock skew detected.  Your build may be incomplete.
[0.479s] gmake[2]: warning:  Clock skew detected.  Your build may be incomplete.
[0.480s] gmake[2]: Warning: File 'CMakeFiles/player_interfaces__rosidl_typesupport_introspection_c.dir/compiler_depend.make' has modification time 3010 s in the future
[0.484s] gmake[2]: warning:  Clock skew detected.  Your build may be incomplete.
[0.492s] gmake[2]: Warning: File 'CMakeFiles/player_interfaces__rosidl_typesupport_fastrtps_cpp.dir/compiler_depend.make' has modification time 3009 s in the future
[0.499s] gmake[2]: Warning: File 'CMakeFiles/player_interfaces__rosidl_typesupport_c.dir/compiler_depend.make' has modification time 3010 s in the future
[0.504s] gmake[2]: warning:  Clock skew detected.  Your build may be incomplete.
[0.505s] gmake[2]: warning:  Clock skew detected.  Your build may be incomplete.
[0.535s] [ 22%] Built target player_interfaces__rosidl_typesupport_cpp
[0.539s] [ 32%] Built target player_interfaces__rosidl_typesupport_introspection_c
[0.565s] [ 41%] Built target player_interfaces__rosidl_typesupport_fastrtps_cpp
[0.567s] gmake[2]: Warning: File 'CMakeFiles/player_interfaces__rosidl_typesupport_introspection_cpp.dir/compiler_depend.make' has modification time 3009 s in the future
[0.572s] [ 51%] Built target player_interfaces__rosidl_typesupport_c
[0.587s] gmake[2]: Warning: File 'CMakeFiles/player_interfaces__rosidl_typesupport_fastrtps_c.dir/compiler_depend.make' has modification time 3009 s in the future
[0.620s] gmake[2]: warning:  Clock skew detected.  Your build may be incomplete.
[0.636s] gmake[2]: Warning: File 'CMakeFiles/player_interfaces__rosidl_typesupport_introspection_cpp.dir/compiler_depend.make' has modification time 3009 s in the future
[0.641s] gmake[2]: warning:  Clock skew detected.  Your build may be incomplete.
[0.645s] gmake[2]: warning:  Clock skew detected.  Your build may be incomplete.
[0.655s] gmake[2]: Warning: File 'CMakeFiles/player_interfaces__rosidl_typesupport_fastrtps_c.dir/compiler_depend.make' has modification time 3009 s in the future
[0.663s] gmake[2]: warning:  Clock skew detected.  Your build may be incomplete.
[0.686s] [ 61%] Built target player_interfaces__rosidl_typesupport_introspection_cpp
[0.708s] [ 70%] Built target player_interfaces__rosidl_typesupport_fastrtps_c
[0.807s] [ 70%] Built target player_interfaces
[0.915s] [ 74%] Built target player_interfaces__py
[0.930s] gmake[2]: Warning: File 'CMakeFiles/player_interfaces__rosidl_generator_py.dir/compiler_depend.make' has modification time 3010 s in the future
[0.974s] gmake[2]: warning:  Clock skew detected.  Your build may be incomplete.
[0.985s] gmake[2]: Warning: File 'CMakeFiles/player_interfaces__rosidl_generator_py.dir/compiler_depend.make' has modification time 3010 s in the future
[0.990s] gmake[2]: warning:  Clock skew detected.  Your build may be incomplete.
[1.029s] [ 80%] Built target player_interfaces__rosidl_generator_py
[1.044s] gmake[2]: Warning: File 'CMakeFiles/player_interfaces__rosidl_typesupport_fastrtps_c__pyext.dir/compiler_depend.make' has modification time 3010 s in the future
[1.058s] gmake[2]: Warning: File 'CMakeFiles/player_interfaces__rosidl_typesupport_introspection_c__pyext.dir/compiler_depend.make' has modification time 3010 s in the future
[1.060s] gmake[2]: Warning: File 'CMakeFiles/player_interfaces__rosidl_typesupport_c__pyext.dir/compiler_depend.make' has modification time 3010 s in the future
[1.110s] gmake[2]: warning:  Clock skew detected.  Your build may be incomplete.
[1.113s] gmake[2]: warning:  Clock skew detected.  Your build may be incomplete.
[1.125s] gmake[2]: Warning: File 'CMakeFiles/player_interfaces__rosidl_typesupport_c__pyext.dir/compiler_depend.make' has modification time 3010 s in the future
[1.137s] gmake[2]: warning:  Clock skew detected.  Your build may be incomplete.
[1.142s] gmake[2]: Warning: File 'CMakeFiles/player_interfaces__rosidl_typesupport_fastrtps_c__pyext.dir/compiler_depend.make' has modification time 3010 s in the future
[1.144s] gmake[2]: warning:  Clock skew detected.  Your build may be incomplete.
[1.148s] gmake[2]: warning:  Clock skew detected.  Your build may be incomplete.
[1.159s] gmake[2]: Warning: File 'CMakeFiles/player_interfaces__rosidl_typesupport_introspection_c__pyext.dir/compiler_depend.make' has modification time 3010 s in the future
[1.167s] gmake[2]: warning:  Clock skew detected.  Your build may be incomplete.
[1.196s] [ 87%] Built target player_interfaces__rosidl_typesupport_c__pyext
[1.209s] [ 93%] Built target player_interfaces__rosidl_typesupport_fastrtps_c__pyext
[1.238s] [100%] Built target player_interfaces__rosidl_typesupport_introspection_c__pyext
[1.896s] running egg_info
[1.900s] writing player_interfaces.egg-info/PKG-INFO
[1.901s] writing dependency_links to player_interfaces.egg-info/dependency_links.txt
[1.902s] writing top-level names to player_interfaces.egg-info/top_level.txt
[1.919s] reading manifest file 'player_interfaces.egg-info/SOURCES.txt'
[1.922s] writing manifest file 'player_interfaces.egg-info/SOURCES.txt'
[2.064s] [100%] Built target ament_cmake_python_build_player_interfaces_egg
[2.117s] Invoked command in '/home/ubuntu/Documents/shalpy/taller1_grupo14/build/player_interfaces' returned '0': CMAKE_PREFIX_PATH=${CMAKE_PREFIX_PATH}:/home/ubuntu/Documents/shalpy/taller1_grupo14/install/turtle_bot_14:/opt/ros/humble /usr/bin/cmake --build /home/ubuntu/Documents/shalpy/taller1_grupo14/build/player_interfaces -- -j4 -l4
[2.496s] Invoking command in '/home/ubuntu/Documents/shalpy/taller1_grupo14/build/player_interfaces': CMAKE_PREFIX_PATH=${CMAKE_PREFIX_PATH}:/home/ubuntu/Documents/shalpy/taller1_grupo14/install/turtle_bot_14:/opt/ros/humble /usr/bin/cmake --install /home/ubuntu/Documents/shalpy/taller1_grupo14/build/player_interfaces
[2.527s] -- Install configuration: ""
[2.527s] -- Up-to-date: /home/ubuntu/Documents/shalpy/taller1_grupo14/install/player_interfaces/share/ament_index/resource_index/rosidl_interfaces/player_interfaces
[2.528s] -- Up-to-date: /home/ubuntu/Documents/shalpy/taller1_grupo14/install/player_interfaces/include/player_interfaces/player_interfaces
[2.529s] -- Up-to-date: /home/ubuntu/Documents/shalpy/taller1_grupo14/install/player_interfaces/include/player_interfaces/player_interfaces/msg
[2.529s] -- Up-to-date: /home/ubuntu/Documents/shalpy/taller1_grupo14/install/player_interfaces/include/player_interfaces/player_interfaces/msg/rosidl_generator_c__visibility_control.h
[2.530s] -- Up-to-date: /home/ubuntu/Documents/shalpy/taller1_grupo14/install/player_interfaces/include/player_interfaces/player_interfaces/srv
[2.531s] -- Up-to-date: /home/ubuntu/Documents/shalpy/taller1_grupo14/install/player_interfaces/include/player_interfaces/player_interfaces/srv/detail
[2.531s] -- Up-to-date: /home/ubuntu/Documents/shalpy/taller1_grupo14/install/player_interfaces/include/player_interfaces/player_interfaces/srv/detail/player__type_support.h
[2.532s] -- Up-to-date: /home/ubuntu/Documents/shalpy/taller1_grupo14/install/player_interfaces/include/player_interfaces/player_interfaces/srv/detail/player__functions.c
[2.533s] -- Up-to-date: /home/ubuntu/Documents/shalpy/taller1_grupo14/install/player_interfaces/include/player_interfaces/player_interfaces/srv/detail/player__struct.h
[2.533s] -- Up-to-date: /home/ubuntu/Documents/shalpy/taller1_grupo14/install/player_interfaces/include/player_interfaces/player_interfaces/srv/detail/player__functions.h
[2.534s] -- Up-to-date: /home/ubuntu/Documents/shalpy/taller1_grupo14/install/player_interfaces/include/player_interfaces/player_interfaces/srv/player.h
[2.534s] -- Up-to-date: /home/ubuntu/Documents/shalpy/taller1_grupo14/install/player_interfaces/share/player_interfaces/environment/library_path.sh
[2.535s] -- Up-to-date: /home/ubuntu/Documents/shalpy/taller1_grupo14/install/player_interfaces/share/player_interfaces/environment/library_path.dsv
[2.535s] -- Up-to-date: /home/ubuntu/Documents/shalpy/taller1_grupo14/install/player_interfaces/lib/libplayer_interfaces__rosidl_generator_c.so
[2.536s] -- Up-to-date: /home/ubuntu/Documents/shalpy/taller1_grupo14/install/player_interfaces/include/player_interfaces/player_interfaces
[2.537s] -- Up-to-date: /home/ubuntu/Documents/shalpy/taller1_grupo14/install/player_interfaces/include/player_interfaces/player_interfaces/msg
[2.537s] -- Up-to-date: /home/ubuntu/Documents/shalpy/taller1_grupo14/install/player_interfaces/include/player_interfaces/player_interfaces/msg/rosidl_typesupport_fastrtps_c__visibility_control.h
[2.538s] -- Up-to-date: /home/ubuntu/Documents/shalpy/taller1_grupo14/install/player_interfaces/include/player_interfaces/player_interfaces/srv
[2.539s] -- Up-to-date: /home/ubuntu/Documents/shalpy/taller1_grupo14/install/player_interfaces/include/player_interfaces/player_interfaces/srv/detail
[2.539s] -- Up-to-date: /home/ubuntu/Documents/shalpy/taller1_grupo14/install/player_interfaces/include/player_interfaces/player_interfaces/srv/detail/player__rosidl_typesupport_fastrtps_c.h
[2.540s] -- Up-to-date: /home/ubuntu/Documents/shalpy/taller1_grupo14/install/player_interfaces/lib/libplayer_interfaces__rosidl_typesupport_fastrtps_c.so
[2.542s] -- Up-to-date: /home/ubuntu/Documents/shalpy/taller1_grupo14/install/player_interfaces/include/player_interfaces/player_interfaces
[2.543s] -- Up-to-date: /home/ubuntu/Documents/shalpy/taller1_grupo14/install/player_interfaces/include/player_interfaces/player_interfaces/srv
[2.543s] -- Up-to-date: /home/ubuntu/Documents/shalpy/taller1_grupo14/install/player_interfaces/include/player_interfaces/player_interfaces/srv/player.hpp
[2.544s] -- Up-to-date: /home/ubuntu/Documents/shalpy/taller1_grupo14/install/player_interfaces/include/player_interfaces/player_interfaces/srv/detail
[2.544s] -- Up-to-date: /home/ubuntu/Documents/shalpy/taller1_grupo14/install/player_interfaces/include/player_interfaces/player_interfaces/srv/detail/player__traits.hpp
[2.545s] -- Up-to-date: /home/ubuntu/Documents/shalpy/taller1_grupo14/install/player_interfaces/include/player_interfaces/player_interfaces/srv/detail/player__struct.hpp
[2.546s] -- Up-to-date: /home/ubuntu/Documents/shalpy/taller1_grupo14/install/player_interfaces/include/player_interfaces/player_interfaces/srv/detail/player__builder.hpp
[2.546s] -- Up-to-date: /home/ubuntu/Documents/shalpy/taller1_grupo14/install/player_interfaces/include/player_interfaces/player_interfaces
[2.547s] -- Up-to-date: /home/ubuntu/Documents/shalpy/taller1_grupo14/install/player_interfaces/include/player_interfaces/player_interfaces/msg
[2.548s] -- Up-to-date: /home/ubuntu/Documents/shalpy/taller1_grupo14/install/player_interfaces/include/player_interfaces/player_interfaces/msg/rosidl_typesupport_fastrtps_cpp__visibility_control.h
[2.548s] -- Up-to-date: /home/ubuntu/Documents/shalpy/taller1_grupo14/install/player_interfaces/include/player_interfaces/player_interfaces/srv
[2.549s] -- Up-to-date: /home/ubuntu/Documents/shalpy/taller1_grupo14/install/player_interfaces/include/player_interfaces/player_interfaces/srv/detail
[2.549s] -- Up-to-date: /home/ubuntu/Documents/shalpy/taller1_grupo14/install/player_interfaces/include/player_interfaces/player_interfaces/srv/detail/dds_fastrtps
[2.550s] -- Up-to-date: /home/ubuntu/Documents/shalpy/taller1_grupo14/install/player_interfaces/include/player_interfaces/player_interfaces/srv/detail/player__rosidl_typesupport_fastrtps_cpp.hpp
[2.550s] -- Up-to-date: /home/ubuntu/Documents/shalpy/taller1_grupo14/install/player_interfaces/lib/libplayer_interfaces__rosidl_typesupport_fastrtps_cpp.so
[2.552s] -- Up-to-date: /home/ubuntu/Documents/shalpy/taller1_grupo14/install/player_interfaces/include/player_interfaces/player_interfaces
[2.553s] -- Up-to-date: /home/ubuntu/Documents/shalpy/taller1_grupo14/install/player_interfaces/include/player_interfaces/player_interfaces/msg
[2.554s] -- Up-to-date: /home/ubuntu/Documents/shalpy/taller1_grupo14/install/player_interfaces/include/player_interfaces/player_interfaces/msg/rosidl_typesupport_introspection_c__visibility_control.h
[2.554s] -- Up-to-date: /home/ubuntu/Documents/shalpy/taller1_grupo14/install/player_interfaces/include/player_interfaces/player_interfaces/srv
[2.555s] -- Up-to-date: /home/ubuntu/Documents/shalpy/taller1_grupo14/install/player_interfaces/include/player_interfaces/player_interfaces/srv/detail
[2.556s] -- Up-to-date: /home/ubuntu/Documents/shalpy/taller1_grupo14/install/player_interfaces/include/player_interfaces/player_interfaces/srv/detail/player__rosidl_typesupport_introspection_c.h
[2.556s] -- Up-to-date: /home/ubuntu/Documents/shalpy/taller1_grupo14/install/player_interfaces/include/player_interfaces/player_interfaces/srv/detail/player__type_support.c
[2.557s] -- Up-to-date: /home/ubuntu/Documents/shalpy/taller1_grupo14/install/player_interfaces/lib/libplayer_interfaces__rosidl_typesupport_introspection_c.so
[2.559s] -- Up-to-date: /home/ubuntu/Documents/shalpy/taller1_grupo14/install/player_interfaces/lib/libplayer_interfaces__rosidl_typesupport_c.so
[2.561s] -- Up-to-date: /home/ubuntu/Documents/shalpy/taller1_grupo14/install/player_interfaces/include/player_interfaces/player_interfaces
[2.561s] -- Up-to-date: /home/ubuntu/Documents/shalpy/taller1_grupo14/install/player_interfaces/include/player_interfaces/player_interfaces/srv
[2.562s] -- Up-to-date: /home/ubuntu/Documents/shalpy/taller1_grupo14/install/player_interfaces/include/player_interfaces/player_interfaces/srv/detail
[2.563s] -- Up-to-date: /home/ubuntu/Documents/shalpy/taller1_grupo14/install/player_interfaces/include/player_interfaces/player_interfaces/srv/detail/player__type_support.cpp
[2.563s] -- Up-to-date: /home/ubuntu/Documents/shalpy/taller1_grupo14/install/player_interfaces/include/player_interfaces/player_interfaces/srv/detail/player__rosidl_typesupport_introspection_cpp.hpp
[2.564s] -- Up-to-date: /home/ubuntu/Documents/shalpy/taller1_grupo14/install/player_interfaces/lib/libplayer_interfaces__rosidl_typesupport_introspection_cpp.so
[2.567s] -- Up-to-date: /home/ubuntu/Documents/shalpy/taller1_grupo14/install/player_interfaces/lib/libplayer_interfaces__rosidl_typesupport_cpp.so
[2.569s] -- Up-to-date: /home/ubuntu/Documents/shalpy/taller1_grupo14/install/player_interfaces/share/player_interfaces/environment/pythonpath.sh
[2.569s] -- Up-to-date: /home/ubuntu/Documents/shalpy/taller1_grupo14/install/player_interfaces/share/player_interfaces/environment/pythonpath.dsv
[2.570s] -- Up-to-date: /home/ubuntu/Documents/shalpy/taller1_grupo14/install/player_interfaces/local/lib/python3.10/dist-packages/player_interfaces-0.0.0-py3.10.egg-info
[2.571s] -- Installing: /home/ubuntu/Documents/shalpy/taller1_grupo14/install/player_interfaces/local/lib/python3.10/dist-packages/player_interfaces-0.0.0-py3.10.egg-info/dependency_links.txt
[2.572s] -- Installing: /home/ubuntu/Documents/shalpy/taller1_grupo14/install/player_interfaces/local/lib/python3.10/dist-packages/player_interfaces-0.0.0-py3.10.egg-info/top_level.txt
[2.574s] -- Installing: /home/ubuntu/Documents/shalpy/taller1_grupo14/install/player_interfaces/local/lib/python3.10/dist-packages/player_interfaces-0.0.0-py3.10.egg-info/SOURCES.txt
[2.576s] -- Installing: /home/ubuntu/Documents/shalpy/taller1_grupo14/install/player_interfaces/local/lib/python3.10/dist-packages/player_interfaces-0.0.0-py3.10.egg-info/PKG-INFO
[2.577s] -- Up-to-date: /home/ubuntu/Documents/shalpy/taller1_grupo14/install/player_interfaces/local/lib/python3.10/dist-packages/player_interfaces
[2.578s] -- Up-to-date: /home/ubuntu/Documents/shalpy/taller1_grupo14/install/player_interfaces/local/lib/python3.10/dist-packages/player_interfaces/player_interfaces_s__rosidl_typesupport_introspection_c.cpython-310-aarch64-linux-gnu.so
[2.579s] -- Up-to-date: /home/ubuntu/Documents/shalpy/taller1_grupo14/install/player_interfaces/local/lib/python3.10/dist-packages/player_interfaces/player_interfaces_s__rosidl_typesupport_fastrtps_c.cpython-310-aarch64-linux-gnu.so
[2.580s] -- Up-to-date: /home/ubuntu/Documents/shalpy/taller1_grupo14/install/player_interfaces/local/lib/python3.10/dist-packages/player_interfaces/__init__.py
[2.580s] -- Up-to-date: /home/ubuntu/Documents/shalpy/taller1_grupo14/install/player_interfaces/local/lib/python3.10/dist-packages/player_interfaces/player_interfaces_s__rosidl_typesupport_c.cpython-310-aarch64-linux-gnu.so
[2.581s] -- Up-to-date: /home/ubuntu/Documents/shalpy/taller1_grupo14/install/player_interfaces/local/lib/python3.10/dist-packages/player_interfaces/libplayer_interfaces__rosidl_generator_py.so
[2.582s] -- Up-to-date: /home/ubuntu/Documents/shalpy/taller1_grupo14/install/player_interfaces/local/lib/python3.10/dist-packages/player_interfaces/_player_interfaces_s.ep.rosidl_typesupport_introspection_c.c
[2.583s] -- Up-to-date: /home/ubuntu/Documents/shalpy/taller1_grupo14/install/player_interfaces/local/lib/python3.10/dist-packages/player_interfaces/srv
[2.584s] -- Up-to-date: /home/ubuntu/Documents/shalpy/taller1_grupo14/install/player_interfaces/local/lib/python3.10/dist-packages/player_interfaces/srv/_player.py
[2.584s] -- Up-to-date: /home/ubuntu/Documents/shalpy/taller1_grupo14/install/player_interfaces/local/lib/python3.10/dist-packages/player_interfaces/srv/__init__.py
[2.585s] -- Up-to-date: /home/ubuntu/Documents/shalpy/taller1_grupo14/install/player_interfaces/local/lib/python3.10/dist-packages/player_interfaces/srv/_player_s.c
[2.585s] -- Up-to-date: /home/ubuntu/Documents/shalpy/taller1_grupo14/install/player_interfaces/local/lib/python3.10/dist-packages/player_interfaces/_player_interfaces_s.ep.rosidl_typesupport_c.c
[2.586s] -- Up-to-date: /home/ubuntu/Documents/shalpy/taller1_grupo14/install/player_interfaces/local/lib/python3.10/dist-packages/player_interfaces/_player_interfaces_s.ep.rosidl_typesupport_fastrtps_c.c
[2.747s] Listing '/home/ubuntu/Documents/shalpy/taller1_grupo14/install/player_interfaces/local/lib/python3.10/dist-packages/player_interfaces'...
[2.748s] Listing '/home/ubuntu/Documents/shalpy/taller1_grupo14/install/player_interfaces/local/lib/python3.10/dist-packages/player_interfaces/srv'...
[2.773s] -- Up-to-date: /home/ubuntu/Documents/shalpy/taller1_grupo14/install/player_interfaces/local/lib/python3.10/dist-packages/player_interfaces/player_interfaces_s__rosidl_typesupport_fastrtps_c.cpython-310-aarch64-linux-gnu.so
[2.776s] -- Up-to-date: /home/ubuntu/Documents/shalpy/taller1_grupo14/install/player_interfaces/local/lib/python3.10/dist-packages/player_interfaces/player_interfaces_s__rosidl_typesupport_introspection_c.cpython-310-aarch64-linux-gnu.so
[2.778s] -- Up-to-date: /home/ubuntu/Documents/shalpy/taller1_grupo14/install/player_interfaces/local/lib/python3.10/dist-packages/player_interfaces/player_interfaces_s__rosidl_typesupport_c.cpython-310-aarch64-linux-gnu.so
[2.781s] -- Up-to-date: /home/ubuntu/Documents/shalpy/taller1_grupo14/install/player_interfaces/lib/libplayer_interfaces__rosidl_generator_py.so
[2.783s] -- Up-to-date: /home/ubuntu/Documents/shalpy/taller1_grupo14/install/player_interfaces/share/player_interfaces/srv/Player.idl
[2.783s] -- Up-to-date: /home/ubuntu/Documents/shalpy/taller1_grupo14/install/player_interfaces/share/player_interfaces/srv/Player.srv
[2.784s] -- Up-to-date: /home/ubuntu/Documents/shalpy/taller1_grupo14/install/player_interfaces/share/player_interfaces/srv/Player_Request.msg
[2.785s] -- Up-to-date: /home/ubuntu/Documents/shalpy/taller1_grupo14/install/player_interfaces/share/player_interfaces/srv/Player_Response.msg
[2.785s] -- Up-to-date: /home/ubuntu/Documents/shalpy/taller1_grupo14/install/player_interfaces/share/ament_index/resource_index/package_run_dependencies/player_interfaces
[2.786s] -- Up-to-date: /home/ubuntu/Documents/shalpy/taller1_grupo14/install/player_interfaces/share/ament_index/resource_index/parent_prefix_path/player_interfaces
[2.787s] -- Up-to-date: /home/ubuntu/Documents/shalpy/taller1_grupo14/install/player_interfaces/share/player_interfaces/environment/ament_prefix_path.sh
[2.787s] -- Up-to-date: /home/ubuntu/Documents/shalpy/taller1_grupo14/install/player_interfaces/share/player_interfaces/environment/ament_prefix_path.dsv
[2.788s] -- Up-to-date: /home/ubuntu/Documents/shalpy/taller1_grupo14/install/player_interfaces/share/player_interfaces/environment/path.sh
[2.789s] -- Up-to-date: /home/ubuntu/Documents/shalpy/taller1_grupo14/install/player_interfaces/share/player_interfaces/environment/path.dsv
[2.789s] -- Up-to-date: /home/ubuntu/Documents/shalpy/taller1_grupo14/install/player_interfaces/share/player_interfaces/local_setup.bash
[2.790s] -- Up-to-date: /home/ubuntu/Documents/shalpy/taller1_grupo14/install/player_interfaces/share/player_interfaces/local_setup.sh
[2.790s] -- Up-to-date: /home/ubuntu/Documents/shalpy/taller1_grupo14/install/player_interfaces/share/player_interfaces/local_setup.zsh
[2.791s] -- Up-to-date: /home/ubuntu/Documents/shalpy/taller1_grupo14/install/player_interfaces/share/player_interfaces/local_setup.dsv
[2.792s] -- Installing: /home/ubuntu/Documents/shalpy/taller1_grupo14/install/player_interfaces/share/player_interfaces/package.dsv
[2.794s] -- Up-to-date: /home/ubuntu/Documents/shalpy/taller1_grupo14/install/player_interfaces/share/ament_index/resource_index/packages/player_interfaces
[2.795s] -- Up-to-date: /home/ubuntu/Documents/shalpy/taller1_grupo14/install/player_interfaces/share/player_interfaces/cmake/export_player_interfaces__rosidl_generator_cExport.cmake
[2.795s] -- Up-to-date: /home/ubuntu/Documents/shalpy/taller1_grupo14/install/player_interfaces/share/player_interfaces/cmake/export_player_interfaces__rosidl_generator_cExport-noconfig.cmake
[2.797s] -- Up-to-date: /home/ubuntu/Documents/shalpy/taller1_grupo14/install/player_interfaces/share/player_interfaces/cmake/export_player_interfaces__rosidl_typesupport_fastrtps_cExport.cmake
[2.797s] -- Up-to-date: /home/ubuntu/Documents/shalpy/taller1_grupo14/install/player_interfaces/share/player_interfaces/cmake/export_player_interfaces__rosidl_typesupport_fastrtps_cExport-noconfig.cmake
[2.799s] -- Up-to-date: /home/ubuntu/Documents/shalpy/taller1_grupo14/install/player_interfaces/share/player_interfaces/cmake/export_player_interfaces__rosidl_generator_cppExport.cmake
[2.800s] -- Up-to-date: /home/ubuntu/Documents/shalpy/taller1_grupo14/install/player_interfaces/share/player_interfaces/cmake/export_player_interfaces__rosidl_typesupport_fastrtps_cppExport.cmake
[2.801s] -- Up-to-date: /home/ubuntu/Documents/shalpy/taller1_grupo14/install/player_interfaces/share/player_interfaces/cmake/export_player_interfaces__rosidl_typesupport_fastrtps_cppExport-noconfig.cmake
[2.802s] -- Up-to-date: /home/ubuntu/Documents/shalpy/taller1_grupo14/install/player_interfaces/share/player_interfaces/cmake/player_interfaces__rosidl_typesupport_introspection_cExport.cmake
[2.803s] -- Up-to-date: /home/ubuntu/Documents/shalpy/taller1_grupo14/install/player_interfaces/share/player_interfaces/cmake/player_interfaces__rosidl_typesupport_introspection_cExport-noconfig.cmake
[2.805s] -- Up-to-date: /home/ubuntu/Documents/shalpy/taller1_grupo14/install/player_interfaces/share/player_interfaces/cmake/player_interfaces__rosidl_typesupport_cExport.cmake
[2.806s] -- Up-to-date: /home/ubuntu/Documents/shalpy/taller1_grupo14/install/player_interfaces/share/player_interfaces/cmake/player_interfaces__rosidl_typesupport_cExport-noconfig.cmake
[2.807s] -- Up-to-date: /home/ubuntu/Documents/shalpy/taller1_grupo14/install/player_interfaces/share/player_interfaces/cmake/player_interfaces__rosidl_typesupport_introspection_cppExport.cmake
[2.808s] -- Up-to-date: /home/ubuntu/Documents/shalpy/taller1_grupo14/install/player_interfaces/share/player_interfaces/cmake/player_interfaces__rosidl_typesupport_introspection_cppExport-noconfig.cmake
[2.809s] -- Up-to-date: /home/ubuntu/Documents/shalpy/taller1_grupo14/install/player_interfaces/share/player_interfaces/cmake/player_interfaces__rosidl_typesupport_cppExport.cmake
[2.810s] -- Up-to-date: /home/ubuntu/Documents/shalpy/taller1_grupo14/install/player_interfaces/share/player_interfaces/cmake/player_interfaces__rosidl_typesupport_cppExport-noconfig.cmake
[2.811s] -- Up-to-date: /home/ubuntu/Documents/shalpy/taller1_grupo14/install/player_interfaces/share/player_interfaces/cmake/export_player_interfaces__rosidl_generator_pyExport.cmake
[2.812s] -- Up-to-date: /home/ubuntu/Documents/shalpy/taller1_grupo14/install/player_interfaces/share/player_interfaces/cmake/export_player_interfaces__rosidl_generator_pyExport-noconfig.cmake
[2.812s] -- Up-to-date: /home/ubuntu/Documents/shalpy/taller1_grupo14/install/player_interfaces/share/player_interfaces/cmake/rosidl_cmake-extras.cmake
[2.813s] -- Up-to-date: /home/ubuntu/Documents/shalpy/taller1_grupo14/install/player_interfaces/share/player_interfaces/cmake/ament_cmake_export_dependencies-extras.cmake
[2.814s] -- Up-to-date: /home/ubuntu/Documents/shalpy/taller1_grupo14/install/player_interfaces/share/player_interfaces/cmake/ament_cmake_export_include_directories-extras.cmake
[2.814s] -- Up-to-date: /home/ubuntu/Documents/shalpy/taller1_grupo14/install/player_interfaces/share/player_interfaces/cmake/ament_cmake_export_libraries-extras.cmake
[2.816s] -- Up-to-date: /home/ubuntu/Documents/shalpy/taller1_grupo14/install/player_interfaces/share/player_interfaces/cmake/ament_cmake_export_targets-extras.cmake
[2.816s] -- Up-to-date: /home/ubuntu/Documents/shalpy/taller1_grupo14/install/player_interfaces/share/player_interfaces/cmake/rosidl_cmake_export_typesupport_targets-extras.cmake
[2.817s] -- Up-to-date: /home/ubuntu/Documents/shalpy/taller1_grupo14/install/player_interfaces/share/player_interfaces/cmake/rosidl_cmake_export_typesupport_libraries-extras.cmake
[2.818s] -- Up-to-date: /home/ubuntu/Documents/shalpy/taller1_grupo14/install/player_interfaces/share/player_interfaces/cmake/player_interfacesConfig.cmake
[2.818s] -- Up-to-date: /home/ubuntu/Documents/shalpy/taller1_grupo14/install/player_interfaces/share/player_interfaces/cmake/player_interfacesConfig-version.cmake
[2.819s] -- Up-to-date: /home/ubuntu/Documents/shalpy/taller1_grupo14/install/player_interfaces/share/player_interfaces/package.xml
[2.829s] Invoked command in '/home/ubuntu/Documents/shalpy/taller1_grupo14/build/player_interfaces' returned '0': CMAKE_PREFIX_PATH=${CMAKE_PREFIX_PATH}:/home/ubuntu/Documents/shalpy/taller1_grupo14/install/turtle_bot_14:/opt/ros/humble /usr/bin/cmake --install /home/ubuntu/Documents/shalpy/taller1_grupo14/build/player_interfaces
