[  6%] Built target player_interfaces__cpp
[  6%] [32mBuilding C object CMakeFiles/player_interfaces__rosidl_generator_c.dir/rosidl_generator_c/player_interfaces/srv/detail/player__functions.c.o[0m
[  6%] Built target ament_cmake_python_copy_player_interfaces
In file included from [01m[K/home/juanespadi/Documents/shalpy/taller1_grupo14/build/player_interfaces/rosidl_generator_c/player_interfaces/srv/detail/player__functions.h:19[m[K,
                 from [01m[K/home/juanespadi/Documents/shalpy/taller1_grupo14/build/player_interfaces/rosidl_generator_c/player_interfaces/srv/detail/player__functions.c:4[m[K:
[01m[K/home/juanespadi/Documents/shalpy/taller1_grupo14/build/player_interfaces/rosidl_generator_c/player_interfaces/srv/detail/player__struct.h:41:10:[m[K [01;31m[Kfatal error: [m[Kplayer_interfaces/msg/detail/string__struct.h: No such file or directory
   41 | #include [01;31m[K"player_interfaces/msg/detail/string__struct.h"[m[K
      |          [01;31m[K^~~~~~~~~~~~~~~~~~~~~~~~~~~~~~~~~~~~~~~~~~~~~~~[m[K
compilation terminated.
gmake[2]: *** [CMakeFiles/player_interfaces__rosidl_generator_c.dir/build.make:105: CMakeFiles/player_interfaces__rosidl_generator_c.dir/rosidl_generator_c/player_interfaces/srv/detail/player__functions.c.o] Error 1
gmake[1]: *** [CMakeFiles/Makefile2:213: CMakeFiles/player_interfaces__rosidl_generator_c.dir/all] Error 2
gmake[1]: *** Waiting for unfinished jobs....
[ 12%] [32mBuilding CXX object CMakeFiles/player_interfaces__rosidl_typesupport_cpp.dir/rosidl_typesupport_cpp/player_interfaces/srv/player__type_support.cpp.o[0m
[ 12%] [32mBuilding CXX object CMakeFiles/player_interfaces__rosidl_typesupport_fastrtps_cpp.dir/rosidl_typesupport_fastrtps_cpp/player_interfaces/srv/detail/dds_fastrtps/player__type_support.cpp.o[0m
[ 16%] [32mBuilding CXX object CMakeFiles/player_interfaces__rosidl_typesupport_introspection_cpp.dir/rosidl_typesupport_introspection_cpp/player_interfaces/srv/detail/player__type_support.cpp.o[0m
In file included from [01m[K/home/juanespadi/Documents/shalpy/taller1_grupo14/build/player_interfaces/rosidl_typesupport_cpp/player_interfaces/srv/player__type_support.cpp:7[m[K:
[01m[K/home/juanespadi/Documents/shalpy/taller1_grupo14/build/player_interfaces/rosidl_generator_cpp/player_interfaces/srv/detail/player__struct.hpp:127:10:[m[K [01;31m[Kfatal error: [m[Kplayer_interfaces/msg/detail/string__struct.hpp: No such file or directory
  127 | #include [01;31m[K"player_interfaces/msg/detail/string__struct.hpp"[m[K
      |          [01;31m[K^~~~~~~~~~~~~~~~~~~~~~~~~~~~~~~~~~~~~~~~~~~~~~~~~[m[K
compilation terminated.
gmake[2]: *** [CMakeFiles/player_interfaces__rosidl_typesupport_cpp.dir/build.make:86: CMakeFiles/player_interfaces__rosidl_typesupport_cpp.dir/rosidl_typesupport_cpp/player_interfaces/srv/player__type_support.cpp.o] Error 1
gmake[1]: *** [CMakeFiles/Makefile2:395: CMakeFiles/player_interfaces__rosidl_typesupport_cpp.dir/all] Error 2
In file included from [01m[K/home/juanespadi/Documents/shalpy/taller1_grupo14/build/player_interfaces/rosidl_typesupport_introspection_cpp/player_interfaces/srv/detail/player__type_support.cpp:12[m[K:
[01m[K/home/juanespadi/Documents/shalpy/taller1_grupo14/build/player_interfaces/rosidl_generator_cpp/player_interfaces/srv/detail/player__struct.hpp:127:10:[m[K [01;31m[Kfatal error: [m[Kplayer_interfaces/msg/detail/string__struct.hpp: No such file or directory
  127 | #include [01;31m[K"player_interfaces/msg/detail/string__struct.hpp"[m[K
      |          [01;31m[K^~~~~~~~~~~~~~~~~~~~~~~~~~~~~~~~~~~~~~~~~~~~~~~~~[m[K
compilation terminated.
gmake[2]: *** [CMakeFiles/player_interfaces__rosidl_typesupport_introspection_cpp.dir/build.make:91: CMakeFiles/player_interfaces__rosidl_typesupport_introspection_cpp.dir/rosidl_typesupport_introspection_cpp/player_interfaces/srv/detail/player__type_support.cpp.o] Error 1
gmake[1]: *** [CMakeFiles/Makefile2:369: CMakeFiles/player_interfaces__rosidl_typesupport_introspection_cpp.dir/all] Error 2
In file included from [01m[K/home/juanespadi/Documents/shalpy/taller1_grupo14/build/player_interfaces/rosidl_typesupport_fastrtps_cpp/player_interfaces/srv/detail/player__rosidl_typesupport_fastrtps_cpp.hpp:11[m[K,
                 from [01m[K/home/juanespadi/Documents/shalpy/taller1_grupo14/build/player_interfaces/rosidl_typesupport_fastrtps_cpp/player_interfaces/srv/detail/dds_fastrtps/player__type_support.cpp:4[m[K:
[01m[K/home/juanespadi/Documents/shalpy/taller1_grupo14/build/player_interfaces/rosidl_generator_cpp/player_interfaces/srv/detail/player__struct.hpp:127:10:[m[K [01;31m[Kfatal error: [m[Kplayer_interfaces/msg/detail/string__struct.hpp: No such file or directory
  127 | #include [01;31m[K"player_interfaces/msg/detail/string__struct.hpp"[m[K
      |          [01;31m[K^~~~~~~~~~~~~~~~~~~~~~~~~~~~~~~~~~~~~~~~~~~~~~~~~[m[K
compilation terminated.
gmake[2]: *** [CMakeFiles/player_interfaces__rosidl_typesupport_fastrtps_cpp.dir/build.make:91: CMakeFiles/player_interfaces__rosidl_typesupport_fastrtps_cpp.dir/rosidl_typesupport_fastrtps_cpp/player_interfaces/srv/detail/dds_fastrtps/player__type_support.cpp.o] Error 1
gmake[1]: *** [CMakeFiles/Makefile2:343: CMakeFiles/player_interfaces__rosidl_typesupport_fastrtps_cpp.dir/all] Error 2
running egg_info
writing player_interfaces.egg-info/PKG-INFO
writing dependency_links to player_interfaces.egg-info/dependency_links.txt
writing top-level names to player_interfaces.egg-info/top_level.txt
reading manifest file 'player_interfaces.egg-info/SOURCES.txt'
writing manifest file 'player_interfaces.egg-info/SOURCES.txt'
[ 16%] Built target ament_cmake_python_build_player_interfaces_egg
gmake: *** [Makefile:146: all] Error 2
