[0.393s] Invoking command in '/home/juanespadi/Documents/shalpy/proyecto_final_grupo_14/build/proyecto_interfaces': CMAKE_PREFIX_PATH=${CMAKE_PREFIX_PATH}:/home/juanespadi/Documents/shalpy/proyecto_final_grupo_14/install/proyecto_master_pkg:/home/juanespadi/Documents/shalpy/proyecto_final_grupo_14/install/final_shalpy:/opt/ros/humble /usr/bin/cmake --build /home/juanespadi/Documents/shalpy/proyecto_final_grupo_14/build/proyecto_interfaces -- -j8 -l8
[0.468s] [  3%] Built target proyecto_interfaces__cpp
[0.470s] [ 12%] Built target proyecto_interfaces__rosidl_generator_c
[0.493s] [ 12%] Built target ament_cmake_python_copy_proyecto_interfaces
[0.539s] [ 23%] Built target proyecto_interfaces__rosidl_typesupport_cpp
[0.543s] [ 34%] Built target proyecto_interfaces__rosidl_typesupport_introspection_cpp
[0.549s] [ 45%] Built target proyecto_interfaces__rosidl_typesupport_fastrtps_cpp
[0.550s] [ 56%] Built target proyecto_interfaces__rosidl_typesupport_introspection_c
[0.563s] [ 67%] Built target proyecto_interfaces__rosidl_typesupport_c
[0.574s] [ 78%] Built target proyecto_interfaces__rosidl_typesupport_fastrtps_c
[0.598s] [ 78%] Built target proyecto_interfaces
[0.625s] [ 80%] Built target proyecto_interfaces__py
[0.651s] [ 89%] Built target proyecto_interfaces__rosidl_generator_py
[0.684s] [ 98%] Built target proyecto_interfaces__rosidl_typesupport_fastrtps_c__pyext
[0.684s] [ 98%] Built target proyecto_interfaces__rosidl_typesupport_c__pyext
[0.690s] [100%] Built target proyecto_interfaces__rosidl_typesupport_introspection_c__pyext
[0.976s] running egg_info
[0.977s] writing proyecto_interfaces.egg-info/PKG-INFO
[0.977s] writing dependency_links to proyecto_interfaces.egg-info/dependency_links.txt
[0.979s] writing top-level names to proyecto_interfaces.egg-info/top_level.txt
[0.981s] reading manifest file 'proyecto_interfaces.egg-info/SOURCES.txt'
[0.982s] writing manifest file 'proyecto_interfaces.egg-info/SOURCES.txt'
[1.033s] [100%] Built target ament_cmake_python_build_proyecto_interfaces_egg
[1.067s] Invoked command in '/home/juanespadi/Documents/shalpy/proyecto_final_grupo_14/build/proyecto_interfaces' returned '0': CMAKE_PREFIX_PATH=${CMAKE_PREFIX_PATH}:/home/juanespadi/Documents/shalpy/proyecto_final_grupo_14/install/proyecto_master_pkg:/home/juanespadi/Documents/shalpy/proyecto_final_grupo_14/install/final_shalpy:/opt/ros/humble /usr/bin/cmake --build /home/juanespadi/Documents/shalpy/proyecto_final_grupo_14/build/proyecto_interfaces -- -j8 -l8
[1.276s] Invoking command in '/home/juanespadi/Documents/shalpy/proyecto_final_grupo_14/build/proyecto_interfaces': CMAKE_PREFIX_PATH=${CMAKE_PREFIX_PATH}:/home/juanespadi/Documents/shalpy/proyecto_final_grupo_14/install/proyecto_master_pkg:/home/juanespadi/Documents/shalpy/proyecto_final_grupo_14/install/final_shalpy:/opt/ros/humble /usr/bin/cmake --install /home/juanespadi/Documents/shalpy/proyecto_final_grupo_14/build/proyecto_interfaces
[1.286s] -- Install configuration: ""
[1.286s] -- Up-to-date: /home/juanespadi/Documents/shalpy/proyecto_final_grupo_14/install/proyecto_interfaces/share/ament_index/resource_index/rosidl_interfaces/proyecto_interfaces
[1.287s] -- Up-to-date: /home/juanespadi/Documents/shalpy/proyecto_final_grupo_14/install/proyecto_interfaces/include/proyecto_interfaces/proyecto_interfaces
[1.287s] -- Up-to-date: /home/juanespadi/Documents/shalpy/proyecto_final_grupo_14/install/proyecto_interfaces/include/proyecto_interfaces/proyecto_interfaces/msg
[1.287s] -- Up-to-date: /home/juanespadi/Documents/shalpy/proyecto_final_grupo_14/install/proyecto_interfaces/include/proyecto_interfaces/proyecto_interfaces/msg/rosidl_generator_c__visibility_control.h
[1.288s] -- Up-to-date: /home/juanespadi/Documents/shalpy/proyecto_final_grupo_14/install/proyecto_interfaces/include/proyecto_interfaces/proyecto_interfaces/msg/banner.h
[1.288s] -- Up-to-date: /home/juanespadi/Documents/shalpy/proyecto_final_grupo_14/install/proyecto_interfaces/include/proyecto_interfaces/proyecto_interfaces/msg/detail
[1.288s] -- Up-to-date: /home/juanespadi/Documents/shalpy/proyecto_final_grupo_14/install/proyecto_interfaces/include/proyecto_interfaces/proyecto_interfaces/msg/detail/banner__functions.c
[1.289s] -- Up-to-date: /home/juanespadi/Documents/shalpy/proyecto_final_grupo_14/install/proyecto_interfaces/include/proyecto_interfaces/proyecto_interfaces/msg/detail/banner__struct.h
[1.289s] -- Up-to-date: /home/juanespadi/Documents/shalpy/proyecto_final_grupo_14/install/proyecto_interfaces/include/proyecto_interfaces/proyecto_interfaces/msg/detail/banner__type_support.h
[1.289s] -- Up-to-date: /home/juanespadi/Documents/shalpy/proyecto_final_grupo_14/install/proyecto_interfaces/include/proyecto_interfaces/proyecto_interfaces/msg/detail/banner__functions.h
[1.289s] -- Up-to-date: /home/juanespadi/Documents/shalpy/proyecto_final_grupo_14/install/proyecto_interfaces/include/proyecto_interfaces/proyecto_interfaces/srv
[1.290s] -- Up-to-date: /home/juanespadi/Documents/shalpy/proyecto_final_grupo_14/install/proyecto_interfaces/include/proyecto_interfaces/proyecto_interfaces/srv/start_perception_test.h
[1.290s] -- Up-to-date: /home/juanespadi/Documents/shalpy/proyecto_final_grupo_14/install/proyecto_interfaces/include/proyecto_interfaces/proyecto_interfaces/srv/start_navigation_test.h
[1.291s] -- Up-to-date: /home/juanespadi/Documents/shalpy/proyecto_final_grupo_14/install/proyecto_interfaces/include/proyecto_interfaces/proyecto_interfaces/srv/start_manipulation_test.h
[1.292s] -- Up-to-date: /home/juanespadi/Documents/shalpy/proyecto_final_grupo_14/install/proyecto_interfaces/include/proyecto_interfaces/proyecto_interfaces/srv/detail
[1.292s] -- Up-to-date: /home/juanespadi/Documents/shalpy/proyecto_final_grupo_14/install/proyecto_interfaces/include/proyecto_interfaces/proyecto_interfaces/srv/detail/start_navigation_test__struct.h
[1.292s] -- Up-to-date: /home/juanespadi/Documents/shalpy/proyecto_final_grupo_14/install/proyecto_interfaces/include/proyecto_interfaces/proyecto_interfaces/srv/detail/start_navigation_test__type_support.h
[1.293s] -- Up-to-date: /home/juanespadi/Documents/shalpy/proyecto_final_grupo_14/install/proyecto_interfaces/include/proyecto_interfaces/proyecto_interfaces/srv/detail/start_manipulation_test__functions.c
[1.293s] -- Up-to-date: /home/juanespadi/Documents/shalpy/proyecto_final_grupo_14/install/proyecto_interfaces/include/proyecto_interfaces/proyecto_interfaces/srv/detail/start_manipulation_test__functions.h
[1.296s] -- Up-to-date: /home/juanespadi/Documents/shalpy/proyecto_final_grupo_14/install/proyecto_interfaces/include/proyecto_interfaces/proyecto_interfaces/srv/detail/start_perception_test__functions.h
[1.299s] -- Up-to-date: /home/juanespadi/Documents/shalpy/proyecto_final_grupo_14/install/proyecto_interfaces/include/proyecto_interfaces/proyecto_interfaces/srv/detail/start_manipulation_test__type_support.h
[1.300s] -- Up-to-date: /home/juanespadi/Documents/shalpy/proyecto_final_grupo_14/install/proyecto_interfaces/include/proyecto_interfaces/proyecto_interfaces/srv/detail/start_perception_test__type_support.h
[1.300s] -- Up-to-date: /home/juanespadi/Documents/shalpy/proyecto_final_grupo_14/install/proyecto_interfaces/include/proyecto_interfaces/proyecto_interfaces/srv/detail/start_perception_test__functions.c
[1.300s] -- Up-to-date: /home/juanespadi/Documents/shalpy/proyecto_final_grupo_14/install/proyecto_interfaces/include/proyecto_interfaces/proyecto_interfaces/srv/detail/start_manipulation_test__struct.h
[1.302s] -- Up-to-date: /home/juanespadi/Documents/shalpy/proyecto_final_grupo_14/install/proyecto_interfaces/include/proyecto_interfaces/proyecto_interfaces/srv/detail/start_navigation_test__functions.h
[1.302s] -- Up-to-date: /home/juanespadi/Documents/shalpy/proyecto_final_grupo_14/install/proyecto_interfaces/include/proyecto_interfaces/proyecto_interfaces/srv/detail/start_navigation_test__functions.c
[1.303s] -- Up-to-date: /home/juanespadi/Documents/shalpy/proyecto_final_grupo_14/install/proyecto_interfaces/include/proyecto_interfaces/proyecto_interfaces/srv/detail/start_perception_test__struct.h
[1.304s] -- Up-to-date: /home/juanespadi/Documents/shalpy/proyecto_final_grupo_14/install/proyecto_interfaces/share/proyecto_interfaces/environment/library_path.sh
[1.305s] -- Up-to-date: /home/juanespadi/Documents/shalpy/proyecto_final_grupo_14/install/proyecto_interfaces/share/proyecto_interfaces/environment/library_path.dsv
[1.307s] -- Up-to-date: /home/juanespadi/Documents/shalpy/proyecto_final_grupo_14/install/proyecto_interfaces/lib/libproyecto_interfaces__rosidl_generator_c.so
[1.308s] -- Up-to-date: /home/juanespadi/Documents/shalpy/proyecto_final_grupo_14/install/proyecto_interfaces/include/proyecto_interfaces/proyecto_interfaces
[1.309s] -- Up-to-date: /home/juanespadi/Documents/shalpy/proyecto_final_grupo_14/install/proyecto_interfaces/include/proyecto_interfaces/proyecto_interfaces/msg
[1.309s] -- Up-to-date: /home/juanespadi/Documents/shalpy/proyecto_final_grupo_14/install/proyecto_interfaces/include/proyecto_interfaces/proyecto_interfaces/msg/detail
[1.310s] -- Up-to-date: /home/juanespadi/Documents/shalpy/proyecto_final_grupo_14/install/proyecto_interfaces/include/proyecto_interfaces/proyecto_interfaces/msg/detail/banner__rosidl_typesupport_fastrtps_c.h
[1.310s] -- Up-to-date: /home/juanespadi/Documents/shalpy/proyecto_final_grupo_14/install/proyecto_interfaces/include/proyecto_interfaces/proyecto_interfaces/msg/rosidl_typesupport_fastrtps_c__visibility_control.h
[1.310s] -- Up-to-date: /home/juanespadi/Documents/shalpy/proyecto_final_grupo_14/install/proyecto_interfaces/include/proyecto_interfaces/proyecto_interfaces/srv
[1.310s] -- Up-to-date: /home/juanespadi/Documents/shalpy/proyecto_final_grupo_14/install/proyecto_interfaces/include/proyecto_interfaces/proyecto_interfaces/srv/detail
[1.311s] -- Up-to-date: /home/juanespadi/Documents/shalpy/proyecto_final_grupo_14/install/proyecto_interfaces/include/proyecto_interfaces/proyecto_interfaces/srv/detail/start_navigation_test__rosidl_typesupport_fastrtps_c.h
[1.311s] -- Up-to-date: /home/juanespadi/Documents/shalpy/proyecto_final_grupo_14/install/proyecto_interfaces/include/proyecto_interfaces/proyecto_interfaces/srv/detail/start_manipulation_test__rosidl_typesupport_fastrtps_c.h
[1.311s] -- Up-to-date: /home/juanespadi/Documents/shalpy/proyecto_final_grupo_14/install/proyecto_interfaces/include/proyecto_interfaces/proyecto_interfaces/srv/detail/start_perception_test__rosidl_typesupport_fastrtps_c.h
[1.311s] -- Up-to-date: /home/juanespadi/Documents/shalpy/proyecto_final_grupo_14/install/proyecto_interfaces/lib/libproyecto_interfaces__rosidl_typesupport_fastrtps_c.so
[1.312s] -- Up-to-date: /home/juanespadi/Documents/shalpy/proyecto_final_grupo_14/install/proyecto_interfaces/include/proyecto_interfaces/proyecto_interfaces
[1.312s] -- Up-to-date: /home/juanespadi/Documents/shalpy/proyecto_final_grupo_14/install/proyecto_interfaces/include/proyecto_interfaces/proyecto_interfaces/msg
[1.312s] -- Up-to-date: /home/juanespadi/Documents/shalpy/proyecto_final_grupo_14/install/proyecto_interfaces/include/proyecto_interfaces/proyecto_interfaces/msg/detail
[1.314s] -- Up-to-date: /home/juanespadi/Documents/shalpy/proyecto_final_grupo_14/install/proyecto_interfaces/include/proyecto_interfaces/proyecto_interfaces/msg/detail/banner__rosidl_typesupport_introspection_c.h
[1.314s] -- Up-to-date: /home/juanespadi/Documents/shalpy/proyecto_final_grupo_14/install/proyecto_interfaces/include/proyecto_interfaces/proyecto_interfaces/msg/detail/banner__type_support.c
[1.314s] -- Up-to-date: /home/juanespadi/Documents/shalpy/proyecto_final_grupo_14/install/proyecto_interfaces/include/proyecto_interfaces/proyecto_interfaces/msg/rosidl_typesupport_introspection_c__visibility_control.h
[1.314s] -- Up-to-date: /home/juanespadi/Documents/shalpy/proyecto_final_grupo_14/install/proyecto_interfaces/include/proyecto_interfaces/proyecto_interfaces/srv
[1.314s] -- Up-to-date: /home/juanespadi/Documents/shalpy/proyecto_final_grupo_14/install/proyecto_interfaces/include/proyecto_interfaces/proyecto_interfaces/srv/detail
[1.315s] -- Up-to-date: /home/juanespadi/Documents/shalpy/proyecto_final_grupo_14/install/proyecto_interfaces/include/proyecto_interfaces/proyecto_interfaces/srv/detail/start_perception_test__type_support.c
[1.316s] -- Up-to-date: /home/juanespadi/Documents/shalpy/proyecto_final_grupo_14/install/proyecto_interfaces/include/proyecto_interfaces/proyecto_interfaces/srv/detail/start_manipulation_test__type_support.c
[1.316s] -- Up-to-date: /home/juanespadi/Documents/shalpy/proyecto_final_grupo_14/install/proyecto_interfaces/include/proyecto_interfaces/proyecto_interfaces/srv/detail/start_navigation_test__rosidl_typesupport_introspection_c.h
[1.316s] -- Up-to-date: /home/juanespadi/Documents/shalpy/proyecto_final_grupo_14/install/proyecto_interfaces/include/proyecto_interfaces/proyecto_interfaces/srv/detail/start_navigation_test__type_support.c
[1.316s] -- Up-to-date: /home/juanespadi/Documents/shalpy/proyecto_final_grupo_14/install/proyecto_interfaces/include/proyecto_interfaces/proyecto_interfaces/srv/detail/start_perception_test__rosidl_typesupport_introspection_c.h
[1.317s] -- Up-to-date: /home/juanespadi/Documents/shalpy/proyecto_final_grupo_14/install/proyecto_interfaces/include/proyecto_interfaces/proyecto_interfaces/srv/detail/start_manipulation_test__rosidl_typesupport_introspection_c.h
[1.317s] -- Up-to-date: /home/juanespadi/Documents/shalpy/proyecto_final_grupo_14/install/proyecto_interfaces/lib/libproyecto_interfaces__rosidl_typesupport_introspection_c.so
[1.318s] -- Up-to-date: /home/juanespadi/Documents/shalpy/proyecto_final_grupo_14/install/proyecto_interfaces/lib/libproyecto_interfaces__rosidl_typesupport_c.so
[1.319s] -- Up-to-date: /home/juanespadi/Documents/shalpy/proyecto_final_grupo_14/install/proyecto_interfaces/include/proyecto_interfaces/proyecto_interfaces
[1.319s] -- Up-to-date: /home/juanespadi/Documents/shalpy/proyecto_final_grupo_14/install/proyecto_interfaces/include/proyecto_interfaces/proyecto_interfaces/msg
[1.319s] -- Up-to-date: /home/juanespadi/Documents/shalpy/proyecto_final_grupo_14/install/proyecto_interfaces/include/proyecto_interfaces/proyecto_interfaces/msg/banner.hpp
[1.319s] -- Up-to-date: /home/juanespadi/Documents/shalpy/proyecto_final_grupo_14/install/proyecto_interfaces/include/proyecto_interfaces/proyecto_interfaces/msg/detail
[1.319s] -- Up-to-date: /home/juanespadi/Documents/shalpy/proyecto_final_grupo_14/install/proyecto_interfaces/include/proyecto_interfaces/proyecto_interfaces/msg/detail/banner__traits.hpp
[1.319s] -- Up-to-date: /home/juanespadi/Documents/shalpy/proyecto_final_grupo_14/install/proyecto_interfaces/include/proyecto_interfaces/proyecto_interfaces/msg/detail/banner__builder.hpp
[1.320s] -- Up-to-date: /home/juanespadi/Documents/shalpy/proyecto_final_grupo_14/install/proyecto_interfaces/include/proyecto_interfaces/proyecto_interfaces/msg/detail/banner__struct.hpp
[1.323s] -- Up-to-date: /home/juanespadi/Documents/shalpy/proyecto_final_grupo_14/install/proyecto_interfaces/include/proyecto_interfaces/proyecto_interfaces/srv
[1.323s] -- Up-to-date: /home/juanespadi/Documents/shalpy/proyecto_final_grupo_14/install/proyecto_interfaces/include/proyecto_interfaces/proyecto_interfaces/srv/detail
[1.324s] -- Up-to-date: /home/juanespadi/Documents/shalpy/proyecto_final_grupo_14/install/proyecto_interfaces/include/proyecto_interfaces/proyecto_interfaces/srv/detail/start_navigation_test__struct.hpp
[1.324s] -- Up-to-date: /home/juanespadi/Documents/shalpy/proyecto_final_grupo_14/install/proyecto_interfaces/include/proyecto_interfaces/proyecto_interfaces/srv/detail/start_manipulation_test__struct.hpp
[1.324s] -- Up-to-date: /home/juanespadi/Documents/shalpy/proyecto_final_grupo_14/install/proyecto_interfaces/include/proyecto_interfaces/proyecto_interfaces/srv/detail/start_navigation_test__traits.hpp
[1.324s] -- Up-to-date: /home/juanespadi/Documents/shalpy/proyecto_final_grupo_14/install/proyecto_interfaces/include/proyecto_interfaces/proyecto_interfaces/srv/detail/start_perception_test__traits.hpp
[1.325s] -- Up-to-date: /home/juanespadi/Documents/shalpy/proyecto_final_grupo_14/install/proyecto_interfaces/include/proyecto_interfaces/proyecto_interfaces/srv/detail/start_perception_test__struct.hpp
[1.325s] -- Up-to-date: /home/juanespadi/Documents/shalpy/proyecto_final_grupo_14/install/proyecto_interfaces/include/proyecto_interfaces/proyecto_interfaces/srv/detail/start_manipulation_test__builder.hpp
[1.325s] -- Up-to-date: /home/juanespadi/Documents/shalpy/proyecto_final_grupo_14/install/proyecto_interfaces/include/proyecto_interfaces/proyecto_interfaces/srv/detail/start_manipulation_test__traits.hpp
[1.326s] -- Up-to-date: /home/juanespadi/Documents/shalpy/proyecto_final_grupo_14/install/proyecto_interfaces/include/proyecto_interfaces/proyecto_interfaces/srv/detail/start_navigation_test__builder.hpp
[1.326s] -- Up-to-date: /home/juanespadi/Documents/shalpy/proyecto_final_grupo_14/install/proyecto_interfaces/include/proyecto_interfaces/proyecto_interfaces/srv/detail/start_perception_test__builder.hpp
[1.327s] -- Up-to-date: /home/juanespadi/Documents/shalpy/proyecto_final_grupo_14/install/proyecto_interfaces/include/proyecto_interfaces/proyecto_interfaces/srv/start_manipulation_test.hpp
[1.327s] -- Up-to-date: /home/juanespadi/Documents/shalpy/proyecto_final_grupo_14/install/proyecto_interfaces/include/proyecto_interfaces/proyecto_interfaces/srv/start_perception_test.hpp
[1.330s] -- Up-to-date: /home/juanespadi/Documents/shalpy/proyecto_final_grupo_14/install/proyecto_interfaces/include/proyecto_interfaces/proyecto_interfaces/srv/start_navigation_test.hpp
[1.331s] -- Up-to-date: /home/juanespadi/Documents/shalpy/proyecto_final_grupo_14/install/proyecto_interfaces/include/proyecto_interfaces/proyecto_interfaces
[1.331s] -- Up-to-date: /home/juanespadi/Documents/shalpy/proyecto_final_grupo_14/install/proyecto_interfaces/include/proyecto_interfaces/proyecto_interfaces/msg
[1.332s] -- Up-to-date: /home/juanespadi/Documents/shalpy/proyecto_final_grupo_14/install/proyecto_interfaces/include/proyecto_interfaces/proyecto_interfaces/msg/rosidl_typesupport_fastrtps_cpp__visibility_control.h
[1.332s] -- Up-to-date: /home/juanespadi/Documents/shalpy/proyecto_final_grupo_14/install/proyecto_interfaces/include/proyecto_interfaces/proyecto_interfaces/msg/detail
[1.332s] -- Up-to-date: /home/juanespadi/Documents/shalpy/proyecto_final_grupo_14/install/proyecto_interfaces/include/proyecto_interfaces/proyecto_interfaces/msg/detail/dds_fastrtps
[1.332s] -- Up-to-date: /home/juanespadi/Documents/shalpy/proyecto_final_grupo_14/install/proyecto_interfaces/include/proyecto_interfaces/proyecto_interfaces/msg/detail/banner__rosidl_typesupport_fastrtps_cpp.hpp
[1.332s] -- Up-to-date: /home/juanespadi/Documents/shalpy/proyecto_final_grupo_14/install/proyecto_interfaces/include/proyecto_interfaces/proyecto_interfaces/srv
[1.333s] -- Up-to-date: /home/juanespadi/Documents/shalpy/proyecto_final_grupo_14/install/proyecto_interfaces/include/proyecto_interfaces/proyecto_interfaces/srv/detail
[1.333s] -- Up-to-date: /home/juanespadi/Documents/shalpy/proyecto_final_grupo_14/install/proyecto_interfaces/include/proyecto_interfaces/proyecto_interfaces/srv/detail/start_navigation_test__rosidl_typesupport_fastrtps_cpp.hpp
[1.333s] -- Up-to-date: /home/juanespadi/Documents/shalpy/proyecto_final_grupo_14/install/proyecto_interfaces/include/proyecto_interfaces/proyecto_interfaces/srv/detail/start_perception_test__rosidl_typesupport_fastrtps_cpp.hpp
[1.334s] -- Up-to-date: /home/juanespadi/Documents/shalpy/proyecto_final_grupo_14/install/proyecto_interfaces/include/proyecto_interfaces/proyecto_interfaces/srv/detail/dds_fastrtps
[1.334s] -- Up-to-date: /home/juanespadi/Documents/shalpy/proyecto_final_grupo_14/install/proyecto_interfaces/include/proyecto_interfaces/proyecto_interfaces/srv/detail/start_manipulation_test__rosidl_typesupport_fastrtps_cpp.hpp
[1.334s] -- Up-to-date: /home/juanespadi/Documents/shalpy/proyecto_final_grupo_14/install/proyecto_interfaces/lib/libproyecto_interfaces__rosidl_typesupport_fastrtps_cpp.so
[1.335s] -- Up-to-date: /home/juanespadi/Documents/shalpy/proyecto_final_grupo_14/install/proyecto_interfaces/include/proyecto_interfaces/proyecto_interfaces
[1.335s] -- Up-to-date: /home/juanespadi/Documents/shalpy/proyecto_final_grupo_14/install/proyecto_interfaces/include/proyecto_interfaces/proyecto_interfaces/msg
[1.339s] -- Up-to-date: /home/juanespadi/Documents/shalpy/proyecto_final_grupo_14/install/proyecto_interfaces/include/proyecto_interfaces/proyecto_interfaces/msg/detail
[1.339s] -- Up-to-date: /home/juanespadi/Documents/shalpy/proyecto_final_grupo_14/install/proyecto_interfaces/include/proyecto_interfaces/proyecto_interfaces/msg/detail/banner__rosidl_typesupport_introspection_cpp.hpp
[1.340s] -- Up-to-date: /home/juanespadi/Documents/shalpy/proyecto_final_grupo_14/install/proyecto_interfaces/include/proyecto_interfaces/proyecto_interfaces/msg/detail/banner__type_support.cpp
[1.340s] -- Up-to-date: /home/juanespadi/Documents/shalpy/proyecto_final_grupo_14/install/proyecto_interfaces/include/proyecto_interfaces/proyecto_interfaces/srv
[1.341s] -- Up-to-date: /home/juanespadi/Documents/shalpy/proyecto_final_grupo_14/install/proyecto_interfaces/include/proyecto_interfaces/proyecto_interfaces/srv/detail
[1.341s] -- Up-to-date: /home/juanespadi/Documents/shalpy/proyecto_final_grupo_14/install/proyecto_interfaces/include/proyecto_interfaces/proyecto_interfaces/srv/detail/start_manipulation_test__type_support.cpp
[1.342s] -- Up-to-date: /home/juanespadi/Documents/shalpy/proyecto_final_grupo_14/install/proyecto_interfaces/include/proyecto_interfaces/proyecto_interfaces/srv/detail/start_manipulation_test__rosidl_typesupport_introspection_cpp.hpp
[1.342s] -- Up-to-date: /home/juanespadi/Documents/shalpy/proyecto_final_grupo_14/install/proyecto_interfaces/include/proyecto_interfaces/proyecto_interfaces/srv/detail/start_perception_test__type_support.cpp
[1.343s] -- Up-to-date: /home/juanespadi/Documents/shalpy/proyecto_final_grupo_14/install/proyecto_interfaces/include/proyecto_interfaces/proyecto_interfaces/srv/detail/start_navigation_test__type_support.cpp
[1.343s] -- Up-to-date: /home/juanespadi/Documents/shalpy/proyecto_final_grupo_14/install/proyecto_interfaces/include/proyecto_interfaces/proyecto_interfaces/srv/detail/start_navigation_test__rosidl_typesupport_introspection_cpp.hpp
[1.344s] -- Up-to-date: /home/juanespadi/Documents/shalpy/proyecto_final_grupo_14/install/proyecto_interfaces/include/proyecto_interfaces/proyecto_interfaces/srv/detail/start_perception_test__rosidl_typesupport_introspection_cpp.hpp
[1.345s] -- Up-to-date: /home/juanespadi/Documents/shalpy/proyecto_final_grupo_14/install/proyecto_interfaces/lib/libproyecto_interfaces__rosidl_typesupport_introspection_cpp.so
[1.346s] -- Up-to-date: /home/juanespadi/Documents/shalpy/proyecto_final_grupo_14/install/proyecto_interfaces/lib/libproyecto_interfaces__rosidl_typesupport_cpp.so
[1.346s] -- Up-to-date: /home/juanespadi/Documents/shalpy/proyecto_final_grupo_14/install/proyecto_interfaces/share/proyecto_interfaces/environment/pythonpath.sh
[1.347s] -- Up-to-date: /home/juanespadi/Documents/shalpy/proyecto_final_grupo_14/install/proyecto_interfaces/share/proyecto_interfaces/environment/pythonpath.dsv
[1.347s] -- Up-to-date: /home/juanespadi/Documents/shalpy/proyecto_final_grupo_14/install/proyecto_interfaces/local/lib/python3.10/dist-packages/proyecto_interfaces-0.0.0-py3.10.egg-info
[1.347s] -- Installing: /home/juanespadi/Documents/shalpy/proyecto_final_grupo_14/install/proyecto_interfaces/local/lib/python3.10/dist-packages/proyecto_interfaces-0.0.0-py3.10.egg-info/SOURCES.txt
[1.348s] -- Installing: /home/juanespadi/Documents/shalpy/proyecto_final_grupo_14/install/proyecto_interfaces/local/lib/python3.10/dist-packages/proyecto_interfaces-0.0.0-py3.10.egg-info/dependency_links.txt
[1.348s] -- Installing: /home/juanespadi/Documents/shalpy/proyecto_final_grupo_14/install/proyecto_interfaces/local/lib/python3.10/dist-packages/proyecto_interfaces-0.0.0-py3.10.egg-info/top_level.txt
[1.348s] -- Installing: /home/juanespadi/Documents/shalpy/proyecto_final_grupo_14/install/proyecto_interfaces/local/lib/python3.10/dist-packages/proyecto_interfaces-0.0.0-py3.10.egg-info/PKG-INFO
[1.349s] -- Up-to-date: /home/juanespadi/Documents/shalpy/proyecto_final_grupo_14/install/proyecto_interfaces/local/lib/python3.10/dist-packages/proyecto_interfaces
[1.350s] -- Up-to-date: /home/juanespadi/Documents/shalpy/proyecto_final_grupo_14/install/proyecto_interfaces/local/lib/python3.10/dist-packages/proyecto_interfaces/msg
[1.350s] -- Up-to-date: /home/juanespadi/Documents/shalpy/proyecto_final_grupo_14/install/proyecto_interfaces/local/lib/python3.10/dist-packages/proyecto_interfaces/msg/__init__.py
[1.350s] -- Up-to-date: /home/juanespadi/Documents/shalpy/proyecto_final_grupo_14/install/proyecto_interfaces/local/lib/python3.10/dist-packages/proyecto_interfaces/msg/_banner.py
[1.350s] -- Up-to-date: /home/juanespadi/Documents/shalpy/proyecto_final_grupo_14/install/proyecto_interfaces/local/lib/python3.10/dist-packages/proyecto_interfaces/msg/_banner_s.c
[1.350s] -- Up-to-date: /home/juanespadi/Documents/shalpy/proyecto_final_grupo_14/install/proyecto_interfaces/local/lib/python3.10/dist-packages/proyecto_interfaces/__init__.py
[1.350s] -- Up-to-date: /home/juanespadi/Documents/shalpy/proyecto_final_grupo_14/install/proyecto_interfaces/local/lib/python3.10/dist-packages/proyecto_interfaces/libproyecto_interfaces__rosidl_generator_py.so
[1.350s] -- Up-to-date: /home/juanespadi/Documents/shalpy/proyecto_final_grupo_14/install/proyecto_interfaces/local/lib/python3.10/dist-packages/proyecto_interfaces/_proyecto_interfaces_s.ep.rosidl_typesupport_fastrtps_c.c
[1.351s] -- Up-to-date: /home/juanespadi/Documents/shalpy/proyecto_final_grupo_14/install/proyecto_interfaces/local/lib/python3.10/dist-packages/proyecto_interfaces/proyecto_interfaces_s__rosidl_typesupport_introspection_c.cpython-310-x86_64-linux-gnu.so
[1.351s] -- Up-to-date: /home/juanespadi/Documents/shalpy/proyecto_final_grupo_14/install/proyecto_interfaces/local/lib/python3.10/dist-packages/proyecto_interfaces/proyecto_interfaces_s__rosidl_typesupport_c.cpython-310-x86_64-linux-gnu.so
[1.351s] -- Up-to-date: /home/juanespadi/Documents/shalpy/proyecto_final_grupo_14/install/proyecto_interfaces/local/lib/python3.10/dist-packages/proyecto_interfaces/srv
[1.351s] -- Up-to-date: /home/juanespadi/Documents/shalpy/proyecto_final_grupo_14/install/proyecto_interfaces/local/lib/python3.10/dist-packages/proyecto_interfaces/srv/_start_perception_test_s.c
[1.351s] -- Up-to-date: /home/juanespadi/Documents/shalpy/proyecto_final_grupo_14/install/proyecto_interfaces/local/lib/python3.10/dist-packages/proyecto_interfaces/srv/_start_perception_test.py
[1.351s] -- Up-to-date: /home/juanespadi/Documents/shalpy/proyecto_final_grupo_14/install/proyecto_interfaces/local/lib/python3.10/dist-packages/proyecto_interfaces/srv/_start_manipulation_test.py
[1.351s] -- Up-to-date: /home/juanespadi/Documents/shalpy/proyecto_final_grupo_14/install/proyecto_interfaces/local/lib/python3.10/dist-packages/proyecto_interfaces/srv/__init__.py
[1.351s] -- Up-to-date: /home/juanespadi/Documents/shalpy/proyecto_final_grupo_14/install/proyecto_interfaces/local/lib/python3.10/dist-packages/proyecto_interfaces/srv/_start_navigation_test_s.c
[1.351s] -- Up-to-date: /home/juanespadi/Documents/shalpy/proyecto_final_grupo_14/install/proyecto_interfaces/local/lib/python3.10/dist-packages/proyecto_interfaces/srv/_start_navigation_test.py
[1.352s] -- Up-to-date: /home/juanespadi/Documents/shalpy/proyecto_final_grupo_14/install/proyecto_interfaces/local/lib/python3.10/dist-packages/proyecto_interfaces/srv/_start_manipulation_test_s.c
[1.352s] -- Up-to-date: /home/juanespadi/Documents/shalpy/proyecto_final_grupo_14/install/proyecto_interfaces/local/lib/python3.10/dist-packages/proyecto_interfaces/_proyecto_interfaces_s.ep.rosidl_typesupport_introspection_c.c
[1.352s] -- Up-to-date: /home/juanespadi/Documents/shalpy/proyecto_final_grupo_14/install/proyecto_interfaces/local/lib/python3.10/dist-packages/proyecto_interfaces/proyecto_interfaces_s__rosidl_typesupport_fastrtps_c.cpython-310-x86_64-linux-gnu.so
[1.352s] -- Up-to-date: /home/juanespadi/Documents/shalpy/proyecto_final_grupo_14/install/proyecto_interfaces/local/lib/python3.10/dist-packages/proyecto_interfaces/_proyecto_interfaces_s.ep.rosidl_typesupport_c.c
[1.362s] Listing '/home/juanespadi/Documents/shalpy/proyecto_final_grupo_14/install/proyecto_interfaces/local/lib/python3.10/dist-packages/proyecto_interfaces'...
[1.362s] Listing '/home/juanespadi/Documents/shalpy/proyecto_final_grupo_14/install/proyecto_interfaces/local/lib/python3.10/dist-packages/proyecto_interfaces/msg'...
[1.362s] Listing '/home/juanespadi/Documents/shalpy/proyecto_final_grupo_14/install/proyecto_interfaces/local/lib/python3.10/dist-packages/proyecto_interfaces/srv'...
[1.370s] -- Up-to-date: /home/juanespadi/Documents/shalpy/proyecto_final_grupo_14/install/proyecto_interfaces/local/lib/python3.10/dist-packages/proyecto_interfaces/proyecto_interfaces_s__rosidl_typesupport_fastrtps_c.cpython-310-x86_64-linux-gnu.so
[1.371s] -- Up-to-date: /home/juanespadi/Documents/shalpy/proyecto_final_grupo_14/install/proyecto_interfaces/local/lib/python3.10/dist-packages/proyecto_interfaces/proyecto_interfaces_s__rosidl_typesupport_introspection_c.cpython-310-x86_64-linux-gnu.so
[1.371s] -- Up-to-date: /home/juanespadi/Documents/shalpy/proyecto_final_grupo_14/install/proyecto_interfaces/local/lib/python3.10/dist-packages/proyecto_interfaces/proyecto_interfaces_s__rosidl_typesupport_c.cpython-310-x86_64-linux-gnu.so
[1.372s] -- Up-to-date: /home/juanespadi/Documents/shalpy/proyecto_final_grupo_14/install/proyecto_interfaces/lib/libproyecto_interfaces__rosidl_generator_py.so
[1.373s] -- Up-to-date: /home/juanespadi/Documents/shalpy/proyecto_final_grupo_14/install/proyecto_interfaces/share/proyecto_interfaces/msg/Banner.idl
[1.373s] -- Up-to-date: /home/juanespadi/Documents/shalpy/proyecto_final_grupo_14/install/proyecto_interfaces/share/proyecto_interfaces/srv/StartNavigationTest.idl
[1.373s] -- Up-to-date: /home/juanespadi/Documents/shalpy/proyecto_final_grupo_14/install/proyecto_interfaces/share/proyecto_interfaces/srv/StartPerceptionTest.idl
[1.373s] -- Up-to-date: /home/juanespadi/Documents/shalpy/proyecto_final_grupo_14/install/proyecto_interfaces/share/proyecto_interfaces/srv/StartManipulationTest.idl
[1.374s] -- Up-to-date: /home/juanespadi/Documents/shalpy/proyecto_final_grupo_14/install/proyecto_interfaces/share/proyecto_interfaces/msg/Banner.msg
[1.374s] -- Up-to-date: /home/juanespadi/Documents/shalpy/proyecto_final_grupo_14/install/proyecto_interfaces/share/proyecto_interfaces/srv/StartNavigationTest.srv
[1.374s] -- Up-to-date: /home/juanespadi/Documents/shalpy/proyecto_final_grupo_14/install/proyecto_interfaces/share/proyecto_interfaces/srv/StartNavigationTest_Request.msg
[1.374s] -- Up-to-date: /home/juanespadi/Documents/shalpy/proyecto_final_grupo_14/install/proyecto_interfaces/share/proyecto_interfaces/srv/StartNavigationTest_Response.msg
[1.375s] -- Up-to-date: /home/juanespadi/Documents/shalpy/proyecto_final_grupo_14/install/proyecto_interfaces/share/proyecto_interfaces/srv/StartPerceptionTest.srv
[1.375s] -- Up-to-date: /home/juanespadi/Documents/shalpy/proyecto_final_grupo_14/install/proyecto_interfaces/share/proyecto_interfaces/srv/StartPerceptionTest_Request.msg
[1.375s] -- Up-to-date: /home/juanespadi/Documents/shalpy/proyecto_final_grupo_14/install/proyecto_interfaces/share/proyecto_interfaces/srv/StartPerceptionTest_Response.msg
[1.376s] -- Up-to-date: /home/juanespadi/Documents/shalpy/proyecto_final_grupo_14/install/proyecto_interfaces/share/proyecto_interfaces/srv/StartManipulationTest.srv
[1.376s] -- Up-to-date: /home/juanespadi/Documents/shalpy/proyecto_final_grupo_14/install/proyecto_interfaces/share/proyecto_interfaces/srv/StartManipulationTest_Request.msg
[1.376s] -- Up-to-date: /home/juanespadi/Documents/shalpy/proyecto_final_grupo_14/install/proyecto_interfaces/share/proyecto_interfaces/srv/StartManipulationTest_Response.msg
[1.376s] -- Up-to-date: /home/juanespadi/Documents/shalpy/proyecto_final_grupo_14/install/proyecto_interfaces/share/ament_index/resource_index/package_run_dependencies/proyecto_interfaces
[1.377s] -- Up-to-date: /home/juanespadi/Documents/shalpy/proyecto_final_grupo_14/install/proyecto_interfaces/share/ament_index/resource_index/parent_prefix_path/proyecto_interfaces
[1.377s] -- Up-to-date: /home/juanespadi/Documents/shalpy/proyecto_final_grupo_14/install/proyecto_interfaces/share/proyecto_interfaces/environment/ament_prefix_path.sh
[1.377s] -- Up-to-date: /home/juanespadi/Documents/shalpy/proyecto_final_grupo_14/install/proyecto_interfaces/share/proyecto_interfaces/environment/ament_prefix_path.dsv
[1.378s] -- Up-to-date: /home/juanespadi/Documents/shalpy/proyecto_final_grupo_14/install/proyecto_interfaces/share/proyecto_interfaces/environment/path.sh
[1.378s] -- Up-to-date: /home/juanespadi/Documents/shalpy/proyecto_final_grupo_14/install/proyecto_interfaces/share/proyecto_interfaces/environment/path.dsv
[1.378s] -- Up-to-date: /home/juanespadi/Documents/shalpy/proyecto_final_grupo_14/install/proyecto_interfaces/share/proyecto_interfaces/local_setup.bash
[1.378s] -- Up-to-date: /home/juanespadi/Documents/shalpy/proyecto_final_grupo_14/install/proyecto_interfaces/share/proyecto_interfaces/local_setup.sh
[1.379s] -- Up-to-date: /home/juanespadi/Documents/shalpy/proyecto_final_grupo_14/install/proyecto_interfaces/share/proyecto_interfaces/local_setup.zsh
[1.379s] -- Up-to-date: /home/juanespadi/Documents/shalpy/proyecto_final_grupo_14/install/proyecto_interfaces/share/proyecto_interfaces/local_setup.dsv
[1.379s] -- Installing: /home/juanespadi/Documents/shalpy/proyecto_final_grupo_14/install/proyecto_interfaces/share/proyecto_interfaces/package.dsv
[1.379s] -- Up-to-date: /home/juanespadi/Documents/shalpy/proyecto_final_grupo_14/install/proyecto_interfaces/share/ament_index/resource_index/packages/proyecto_interfaces
[1.379s] -- Up-to-date: /home/juanespadi/Documents/shalpy/proyecto_final_grupo_14/install/proyecto_interfaces/share/proyecto_interfaces/cmake/export_proyecto_interfaces__rosidl_generator_cExport.cmake
[1.380s] -- Up-to-date: /home/juanespadi/Documents/shalpy/proyecto_final_grupo_14/install/proyecto_interfaces/share/proyecto_interfaces/cmake/export_proyecto_interfaces__rosidl_generator_cExport-noconfig.cmake
[1.380s] -- Up-to-date: /home/juanespadi/Documents/shalpy/proyecto_final_grupo_14/install/proyecto_interfaces/share/proyecto_interfaces/cmake/export_proyecto_interfaces__rosidl_typesupport_fastrtps_cExport.cmake
[1.380s] -- Up-to-date: /home/juanespadi/Documents/shalpy/proyecto_final_grupo_14/install/proyecto_interfaces/share/proyecto_interfaces/cmake/export_proyecto_interfaces__rosidl_typesupport_fastrtps_cExport-noconfig.cmake
[1.380s] -- Up-to-date: /home/juanespadi/Documents/shalpy/proyecto_final_grupo_14/install/proyecto_interfaces/share/proyecto_interfaces/cmake/proyecto_interfaces__rosidl_typesupport_introspection_cExport.cmake
[1.380s] -- Up-to-date: /home/juanespadi/Documents/shalpy/proyecto_final_grupo_14/install/proyecto_interfaces/share/proyecto_interfaces/cmake/proyecto_interfaces__rosidl_typesupport_introspection_cExport-noconfig.cmake
[1.380s] -- Up-to-date: /home/juanespadi/Documents/shalpy/proyecto_final_grupo_14/install/proyecto_interfaces/share/proyecto_interfaces/cmake/proyecto_interfaces__rosidl_typesupport_cExport.cmake
[1.380s] -- Up-to-date: /home/juanespadi/Documents/shalpy/proyecto_final_grupo_14/install/proyecto_interfaces/share/proyecto_interfaces/cmake/proyecto_interfaces__rosidl_typesupport_cExport-noconfig.cmake
[1.381s] -- Up-to-date: /home/juanespadi/Documents/shalpy/proyecto_final_grupo_14/install/proyecto_interfaces/share/proyecto_interfaces/cmake/export_proyecto_interfaces__rosidl_generator_cppExport.cmake
[1.382s] -- Up-to-date: /home/juanespadi/Documents/shalpy/proyecto_final_grupo_14/install/proyecto_interfaces/share/proyecto_interfaces/cmake/export_proyecto_interfaces__rosidl_typesupport_fastrtps_cppExport.cmake
[1.386s] -- Up-to-date: /home/juanespadi/Documents/shalpy/proyecto_final_grupo_14/install/proyecto_interfaces/share/proyecto_interfaces/cmake/export_proyecto_interfaces__rosidl_typesupport_fastrtps_cppExport-noconfig.cmake
[1.386s] -- Up-to-date: /home/juanespadi/Documents/shalpy/proyecto_final_grupo_14/install/proyecto_interfaces/share/proyecto_interfaces/cmake/proyecto_interfaces__rosidl_typesupport_introspection_cppExport.cmake
[1.387s] -- Up-to-date: /home/juanespadi/Documents/shalpy/proyecto_final_grupo_14/install/proyecto_interfaces/share/proyecto_interfaces/cmake/proyecto_interfaces__rosidl_typesupport_introspection_cppExport-noconfig.cmake
[1.387s] -- Up-to-date: /home/juanespadi/Documents/shalpy/proyecto_final_grupo_14/install/proyecto_interfaces/share/proyecto_interfaces/cmake/proyecto_interfaces__rosidl_typesupport_cppExport.cmake
[1.387s] -- Up-to-date: /home/juanespadi/Documents/shalpy/proyecto_final_grupo_14/install/proyecto_interfaces/share/proyecto_interfaces/cmake/proyecto_interfaces__rosidl_typesupport_cppExport-noconfig.cmake
[1.387s] -- Up-to-date: /home/juanespadi/Documents/shalpy/proyecto_final_grupo_14/install/proyecto_interfaces/share/proyecto_interfaces/cmake/export_proyecto_interfaces__rosidl_generator_pyExport.cmake
[1.388s] -- Up-to-date: /home/juanespadi/Documents/shalpy/proyecto_final_grupo_14/install/proyecto_interfaces/share/proyecto_interfaces/cmake/export_proyecto_interfaces__rosidl_generator_pyExport-noconfig.cmake
[1.388s] -- Up-to-date: /home/juanespadi/Documents/shalpy/proyecto_final_grupo_14/install/proyecto_interfaces/share/proyecto_interfaces/cmake/rosidl_cmake-extras.cmake
[1.388s] -- Up-to-date: /home/juanespadi/Documents/shalpy/proyecto_final_grupo_14/install/proyecto_interfaces/share/proyecto_interfaces/cmake/ament_cmake_export_include_directories-extras.cmake
[1.389s] -- Up-to-date: /home/juanespadi/Documents/shalpy/proyecto_final_grupo_14/install/proyecto_interfaces/share/proyecto_interfaces/cmake/ament_cmake_export_libraries-extras.cmake
[1.389s] -- Up-to-date: /home/juanespadi/Documents/shalpy/proyecto_final_grupo_14/install/proyecto_interfaces/share/proyecto_interfaces/cmake/ament_cmake_export_targets-extras.cmake
[1.389s] -- Up-to-date: /home/juanespadi/Documents/shalpy/proyecto_final_grupo_14/install/proyecto_interfaces/share/proyecto_interfaces/cmake/rosidl_cmake_export_typesupport_targets-extras.cmake
[1.389s] -- Up-to-date: /home/juanespadi/Documents/shalpy/proyecto_final_grupo_14/install/proyecto_interfaces/share/proyecto_interfaces/cmake/ament_cmake_export_dependencies-extras.cmake
[1.390s] -- Up-to-date: /home/juanespadi/Documents/shalpy/proyecto_final_grupo_14/install/proyecto_interfaces/share/proyecto_interfaces/cmake/rosidl_cmake_export_typesupport_libraries-extras.cmake
[1.390s] -- Up-to-date: /home/juanespadi/Documents/shalpy/proyecto_final_grupo_14/install/proyecto_interfaces/share/proyecto_interfaces/cmake/proyecto_interfacesConfig.cmake
[1.390s] -- Up-to-date: /home/juanespadi/Documents/shalpy/proyecto_final_grupo_14/install/proyecto_interfaces/share/proyecto_interfaces/cmake/proyecto_interfacesConfig-version.cmake
[1.390s] -- Up-to-date: /home/juanespadi/Documents/shalpy/proyecto_final_grupo_14/install/proyecto_interfaces/share/proyecto_interfaces/package.xml
[1.391s] Invoked command in '/home/juanespadi/Documents/shalpy/proyecto_final_grupo_14/build/proyecto_interfaces' returned '0': CMAKE_PREFIX_PATH=${CMAKE_PREFIX_PATH}:/home/juanespadi/Documents/shalpy/proyecto_final_grupo_14/install/proyecto_master_pkg:/home/juanespadi/Documents/shalpy/proyecto_final_grupo_14/install/final_shalpy:/opt/ros/humble /usr/bin/cmake --install /home/juanespadi/Documents/shalpy/proyecto_final_grupo_14/build/proyecto_interfaces
