[0.366s] DEBUG:colcon:Command line arguments: ['/usr/bin/colcon', 'build']
[0.366s] DEBUG:colcon:Parsed command line arguments: Namespace(log_base=None, log_level=None, verb_name='build', build_base='build', install_base='install', merge_install=False, symlink_install=False, test_result_base=None, continue_on_error=False, executor='parallel', parallel_workers=8, event_handlers=None, ignore_user_meta=False, metas=['./colcon.meta'], base_paths=['.'], packages_ignore=None, packages_ignore_regex=None, paths=None, packages_up_to=None, packages_up_to_regex=None, packages_above=None, packages_above_and_dependencies=None, packages_above_depth=None, packages_select_by_dep=None, packages_skip_by_dep=None, packages_skip_up_to=None, packages_select_build_failed=False, packages_skip_build_finished=False, packages_select_test_failures=False, packages_skip_test_passed=False, packages_select=None, packages_skip=None, packages_select_regex=None, packages_skip_regex=None, packages_start=None, packages_end=None, allow_overriding=[], cmake_args=None, cmake_target=None, cmake_target_skip_unavailable=False, cmake_clean_cache=False, cmake_clean_first=False, cmake_force_configure=False, ament_cmake_args=None, catkin_cmake_args=None, catkin_skip_building_tests=False, verb_parser=<colcon_defaults.argument_parser.defaults.DefaultArgumentsDecorator object at 0x7f86bd440fa0>, verb_extension=<colcon_core.verb.build.BuildVerb object at 0x7f86bde6afe0>, main=<bound method BuildVerb.main of <colcon_core.verb.build.BuildVerb object at 0x7f86bde6afe0>>)
[0.390s] Level 1:colcon.colcon_core.package_discovery:discover_packages(colcon_meta) check parameters
[0.390s] Level 1:colcon.colcon_core.package_discovery:discover_packages(recursive) check parameters
[0.390s] Level 1:colcon.colcon_core.package_discovery:discover_packages(ignore) check parameters
[0.390s] Level 1:colcon.colcon_core.package_discovery:discover_packages(path) check parameters
[0.390s] Level 1:colcon.colcon_core.package_discovery:discover_packages(colcon_meta) discover
[0.390s] Level 1:colcon.colcon_core.package_discovery:discover_packages(recursive) discover
[0.391s] INFO:colcon.colcon_core.package_discovery:Crawling recursively for packages in '/home/juanespadi/Documents/shalpy/taller1_grupo14'
[0.391s] Level 1:colcon.colcon_core.package_identification:_identify(.) by extensions ['ignore', 'ignore_ament_install']
[0.391s] Level 1:colcon.colcon_core.package_identification:_identify(.) by extension 'ignore'
[0.391s] Level 1:colcon.colcon_core.package_identification:_identify(.) by extension 'ignore_ament_install'
[0.391s] Level 1:colcon.colcon_core.package_identification:_identify(.) by extensions ['colcon_pkg']
[0.391s] Level 1:colcon.colcon_core.package_identification:_identify(.) by extension 'colcon_pkg'
[0.391s] Level 1:colcon.colcon_core.package_identification:_identify(.) by extensions ['colcon_meta']
[0.391s] Level 1:colcon.colcon_core.package_identification:_identify(.) by extension 'colcon_meta'
[0.391s] Level 1:colcon.colcon_core.package_identification:_identify(.) by extensions ['ros']
[0.391s] Level 1:colcon.colcon_core.package_identification:_identify(.) by extension 'ros'
[0.402s] Level 1:colcon.colcon_core.package_identification:_identify(.) by extensions ['cmake', 'python']
[0.403s] Level 1:colcon.colcon_core.package_identification:_identify(.) by extension 'cmake'
[0.403s] Level 1:colcon.colcon_core.package_identification:_identify(.) by extension 'python'
[0.403s] Level 1:colcon.colcon_core.package_identification:_identify(.) by extensions ['python_setup_py']
[0.403s] Level 1:colcon.colcon_core.package_identification:_identify(.) by extension 'python_setup_py'
[0.403s] Level 1:colcon.colcon_core.package_identification:_identify(build) by extensions ['ignore', 'ignore_ament_install']
[0.403s] Level 1:colcon.colcon_core.package_identification:_identify(build) by extension 'ignore'
[0.403s] Level 1:colcon.colcon_core.package_identification:_identify(build) ignored
[0.403s] Level 1:colcon.colcon_core.package_identification:_identify(install) by extensions ['ignore', 'ignore_ament_install']
[0.403s] Level 1:colcon.colcon_core.package_identification:_identify(install) by extension 'ignore'
[0.403s] Level 1:colcon.colcon_core.package_identification:_identify(install) ignored
[0.403s] Level 1:colcon.colcon_core.package_identification:_identify(log) by extensions ['ignore', 'ignore_ament_install']
[0.403s] Level 1:colcon.colcon_core.package_identification:_identify(log) by extension 'ignore'
[0.404s] Level 1:colcon.colcon_core.package_identification:_identify(log) ignored
[0.404s] Level 1:colcon.colcon_core.package_identification:_identify(src) by extensions ['ignore', 'ignore_ament_install']
[0.404s] Level 1:colcon.colcon_core.package_identification:_identify(src) by extension 'ignore'
[0.404s] Level 1:colcon.colcon_core.package_identification:_identify(src) by extension 'ignore_ament_install'
[0.404s] Level 1:colcon.colcon_core.package_identification:_identify(src) by extensions ['colcon_pkg']
[0.404s] Level 1:colcon.colcon_core.package_identification:_identify(src) by extension 'colcon_pkg'
[0.404s] Level 1:colcon.colcon_core.package_identification:_identify(src) by extensions ['colcon_meta']
[0.404s] Level 1:colcon.colcon_core.package_identification:_identify(src) by extension 'colcon_meta'
[0.404s] Level 1:colcon.colcon_core.package_identification:_identify(src) by extensions ['ros']
[0.404s] Level 1:colcon.colcon_core.package_identification:_identify(src) by extension 'ros'
[0.404s] Level 1:colcon.colcon_core.package_identification:_identify(src) by extensions ['cmake', 'python']
[0.404s] Level 1:colcon.colcon_core.package_identification:_identify(src) by extension 'cmake'
[0.404s] Level 1:colcon.colcon_core.package_identification:_identify(src) by extension 'python'
[0.404s] Level 1:colcon.colcon_core.package_identification:_identify(src) by extensions ['python_setup_py']
[0.404s] Level 1:colcon.colcon_core.package_identification:_identify(src) by extension 'python_setup_py'
[0.404s] Level 1:colcon.colcon_core.package_identification:_identify(src/player_interfaces) by extensions ['ignore', 'ignore_ament_install']
[0.404s] Level 1:colcon.colcon_core.package_identification:_identify(src/player_interfaces) by extension 'ignore'
[0.404s] Level 1:colcon.colcon_core.package_identification:_identify(src/player_interfaces) by extension 'ignore_ament_install'
[0.404s] Level 1:colcon.colcon_core.package_identification:_identify(src/player_interfaces) by extensions ['colcon_pkg']
[0.405s] Level 1:colcon.colcon_core.package_identification:_identify(src/player_interfaces) by extension 'colcon_pkg'
[0.405s] Level 1:colcon.colcon_core.package_identification:_identify(src/player_interfaces) by extensions ['colcon_meta']
[0.405s] Level 1:colcon.colcon_core.package_identification:_identify(src/player_interfaces) by extension 'colcon_meta'
[0.405s] Level 1:colcon.colcon_core.package_identification:_identify(src/player_interfaces) by extensions ['ros']
[0.405s] Level 1:colcon.colcon_core.package_identification:_identify(src/player_interfaces) by extension 'ros'
[0.407s] DEBUG:colcon.colcon_core.package_identification:Package 'src/player_interfaces' with type 'ros.ament_cmake' and name 'player_interfaces'
[0.407s] Level 1:colcon.colcon_core.package_identification:_identify(src/turtle_bot_14) by extensions ['ignore', 'ignore_ament_install']
[0.407s] Level 1:colcon.colcon_core.package_identification:_identify(src/turtle_bot_14) by extension 'ignore'
[0.407s] Level 1:colcon.colcon_core.package_identification:_identify(src/turtle_bot_14) by extension 'ignore_ament_install'
[0.407s] Level 1:colcon.colcon_core.package_identification:_identify(src/turtle_bot_14) by extensions ['colcon_pkg']
[0.407s] Level 1:colcon.colcon_core.package_identification:_identify(src/turtle_bot_14) by extension 'colcon_pkg'
[0.407s] Level 1:colcon.colcon_core.package_identification:_identify(src/turtle_bot_14) by extensions ['colcon_meta']
[0.407s] Level 1:colcon.colcon_core.package_identification:_identify(src/turtle_bot_14) by extension 'colcon_meta'
[0.407s] Level 1:colcon.colcon_core.package_identification:_identify(src/turtle_bot_14) by extensions ['ros']
[0.408s] Level 1:colcon.colcon_core.package_identification:_identify(src/turtle_bot_14) by extension 'ros'
[0.408s] DEBUG:colcon.colcon_core.package_identification:Package 'src/turtle_bot_14' with type 'ros.ament_python' and name 'turtle_bot_14'
[0.408s] Level 1:colcon.colcon_core.package_discovery:discover_packages(recursive) using defaults
[0.408s] Level 1:colcon.colcon_core.package_discovery:discover_packages(ignore) discover
[0.408s] Level 1:colcon.colcon_core.package_discovery:discover_packages(ignore) using defaults
[0.408s] Level 1:colcon.colcon_core.package_discovery:discover_packages(path) discover
[0.408s] Level 1:colcon.colcon_core.package_discovery:discover_packages(path) using defaults
[0.431s] Level 1:colcon.colcon_core.package_discovery:discover_packages(prefix_path) check parameters
[0.431s] Level 1:colcon.colcon_core.package_discovery:discover_packages(prefix_path) discover
[0.433s] DEBUG:colcon.colcon_installed_package_information.package_discovery:Found 2 installed packages in /home/juanespadi/Documents/shalpy/taller1_grupo14/install
[0.435s] DEBUG:colcon.colcon_installed_package_information.package_discovery:Found 284 installed packages in /opt/ros/humble
[0.437s] Level 1:colcon.colcon_core.package_discovery:discover_packages(prefix_path) using defaults
[0.501s] Level 5:colcon.colcon_core.verb:set package 'player_interfaces' build argument 'cmake_args' from command line to 'None'
[0.501s] Level 5:colcon.colcon_core.verb:set package 'player_interfaces' build argument 'cmake_target' from command line to 'None'
[0.501s] Level 5:colcon.colcon_core.verb:set package 'player_interfaces' build argument 'cmake_target_skip_unavailable' from command line to 'False'
[0.501s] Level 5:colcon.colcon_core.verb:set package 'player_interfaces' build argument 'cmake_clean_cache' from command line to 'False'
[0.501s] Level 5:colcon.colcon_core.verb:set package 'player_interfaces' build argument 'cmake_clean_first' from command line to 'False'
[0.501s] Level 5:colcon.colcon_core.verb:set package 'player_interfaces' build argument 'cmake_force_configure' from command line to 'False'
[0.501s] Level 5:colcon.colcon_core.verb:set package 'player_interfaces' build argument 'ament_cmake_args' from command line to 'None'
[0.501s] Level 5:colcon.colcon_core.verb:set package 'player_interfaces' build argument 'catkin_cmake_args' from command line to 'None'
[0.501s] Level 5:colcon.colcon_core.verb:set package 'player_interfaces' build argument 'catkin_skip_building_tests' from command line to 'False'
[0.501s] DEBUG:colcon.colcon_core.verb:Building package 'player_interfaces' with the following arguments: {'ament_cmake_args': None, 'build_base': '/home/juanespadi/Documents/shalpy/taller1_grupo14/build/player_interfaces', 'catkin_cmake_args': None, 'catkin_skip_building_tests': False, 'cmake_args': None, 'cmake_clean_cache': False, 'cmake_clean_first': False, 'cmake_force_configure': False, 'cmake_target': None, 'cmake_target_skip_unavailable': False, 'install_base': '/home/juanespadi/Documents/shalpy/taller1_grupo14/install/player_interfaces', 'merge_install': False, 'path': '/home/juanespadi/Documents/shalpy/taller1_grupo14/src/player_interfaces', 'symlink_install': False, 'test_result_base': None}
[0.502s] Level 5:colcon.colcon_core.verb:set package 'turtle_bot_14' build argument 'cmake_args' from command line to 'None'
[0.502s] Level 5:colcon.colcon_core.verb:set package 'turtle_bot_14' build argument 'cmake_target' from command line to 'None'
[0.502s] Level 5:colcon.colcon_core.verb:set package 'turtle_bot_14' build argument 'cmake_target_skip_unavailable' from command line to 'False'
[0.502s] Level 5:colcon.colcon_core.verb:set package 'turtle_bot_14' build argument 'cmake_clean_cache' from command line to 'False'
[0.503s] Level 5:colcon.colcon_core.verb:set package 'turtle_bot_14' build argument 'cmake_clean_first' from command line to 'False'
[0.503s] Level 5:colcon.colcon_core.verb:set package 'turtle_bot_14' build argument 'cmake_force_configure' from command line to 'False'
[0.503s] Level 5:colcon.colcon_core.verb:set package 'turtle_bot_14' build argument 'ament_cmake_args' from command line to 'None'
[0.503s] Level 5:colcon.colcon_core.verb:set package 'turtle_bot_14' build argument 'catkin_cmake_args' from command line to 'None'
[0.503s] Level 5:colcon.colcon_core.verb:set package 'turtle_bot_14' build argument 'catkin_skip_building_tests' from command line to 'False'
[0.503s] DEBUG:colcon.colcon_core.verb:Building package 'turtle_bot_14' with the following arguments: {'ament_cmake_args': None, 'build_base': '/home/juanespadi/Documents/shalpy/taller1_grupo14/build/turtle_bot_14', 'catkin_cmake_args': None, 'catkin_skip_building_tests': False, 'cmake_args': None, 'cmake_clean_cache': False, 'cmake_clean_first': False, 'cmake_force_configure': False, 'cmake_target': None, 'cmake_target_skip_unavailable': False, 'install_base': '/home/juanespadi/Documents/shalpy/taller1_grupo14/install/turtle_bot_14', 'merge_install': False, 'path': '/home/juanespadi/Documents/shalpy/taller1_grupo14/src/turtle_bot_14', 'symlink_install': False, 'test_result_base': None}
[0.503s] INFO:colcon.colcon_core.executor:Executing jobs using 'parallel' executor
[0.506s] DEBUG:colcon.colcon_parallel_executor.executor.parallel:run_until_complete
[0.507s] INFO:colcon.colcon_ros.task.ament_cmake.build:Building ROS package in '/home/juanespadi/Documents/shalpy/taller1_grupo14/src/player_interfaces' with build type 'ament_cmake'
[0.507s] INFO:colcon.colcon_cmake.task.cmake.build:Building CMake package in '/home/juanespadi/Documents/shalpy/taller1_grupo14/src/player_interfaces'
[0.511s] INFO:colcon.colcon_core.plugin_system:Skipping extension 'colcon_core.shell.bat': Not used on non-Windows systems
[0.511s] INFO:colcon.colcon_core.shell:Skip shell extension 'powershell' for command environment: Not usable outside of PowerShell
[0.511s] DEBUG:colcon.colcon_core.shell:Skip shell extension 'dsv' for command environment
[0.516s] INFO:colcon.colcon_ros.task.ament_python.build:Building ROS package in '/home/juanespadi/Documents/shalpy/taller1_grupo14/src/turtle_bot_14' with build type 'ament_python'
[0.516s] Level 1:colcon.colcon_core.shell:create_environment_hook('turtle_bot_14', 'ament_prefix_path')
[0.517s] INFO:colcon.colcon_core.shell:Creating environment hook '/home/juanespadi/Documents/shalpy/taller1_grupo14/install/turtle_bot_14/share/turtle_bot_14/hook/ament_prefix_path.ps1'
[0.518s] INFO:colcon.colcon_core.shell:Creating environment descriptor '/home/juanespadi/Documents/shalpy/taller1_grupo14/install/turtle_bot_14/share/turtle_bot_14/hook/ament_prefix_path.dsv'
[0.519s] INFO:colcon.colcon_core.shell:Creating environment hook '/home/juanespadi/Documents/shalpy/taller1_grupo14/install/turtle_bot_14/share/turtle_bot_14/hook/ament_prefix_path.sh'
[0.520s] INFO:colcon.colcon_core.shell:Skip shell extension 'powershell' for command environment: Not usable outside of PowerShell
[0.521s] DEBUG:colcon.colcon_core.shell:Skip shell extension 'dsv' for command environment
[0.530s] DEBUG:colcon.colcon_core.event_handler.log_command:Invoking command in '/home/juanespadi/Documents/shalpy/taller1_grupo14/build/player_interfaces': CMAKE_PREFIX_PATH=${CMAKE_PREFIX_PATH}:/home/juanespadi/Documents/shalpy/taller1_grupo14/install/turtle_bot_14:/opt/ros/humble /usr/bin/cmake --build /home/juanespadi/Documents/shalpy/taller1_grupo14/build/player_interfaces -- -j8 -l8
[0.866s] INFO:colcon.colcon_core.task.python.build:Building Python package in '/home/juanespadi/Documents/shalpy/taller1_grupo14/src/turtle_bot_14'
[0.867s] INFO:colcon.colcon_core.shell:Skip shell extension 'powershell' for command environment: Not usable outside of PowerShell
[0.867s] DEBUG:colcon.colcon_core.shell:Skip shell extension 'dsv' for command environment
[0.952s] DEBUG:colcon.colcon_core.event_handler.log_command:Invoked command in '/home/juanespadi/Documents/shalpy/taller1_grupo14/build/player_interfaces' returned '0': CMAKE_PREFIX_PATH=${CMAKE_PREFIX_PATH}:/home/juanespadi/Documents/shalpy/taller1_grupo14/install/turtle_bot_14:/opt/ros/humble /usr/bin/cmake --build /home/juanespadi/Documents/shalpy/taller1_grupo14/build/player_interfaces -- -j8 -l8
[1.023s] DEBUG:colcon.colcon_core.event_handler.log_command:Invoking command in '/home/juanespadi/Documents/shalpy/taller1_grupo14/build/player_interfaces': CMAKE_PREFIX_PATH=${CMAKE_PREFIX_PATH}:/home/juanespadi/Documents/shalpy/taller1_grupo14/install/turtle_bot_14:/opt/ros/humble /usr/bin/cmake --install /home/juanespadi/Documents/shalpy/taller1_grupo14/build/player_interfaces
[1.084s] Level 1:colcon.colcon_core.environment:create_environment_scripts_only(player_interfaces)
[1.085s] DEBUG:colcon.colcon_core.event_handler.log_command:Invoked command in '/home/juanespadi/Documents/shalpy/taller1_grupo14/build/player_interfaces' returned '0': CMAKE_PREFIX_PATH=${CMAKE_PREFIX_PATH}:/home/juanespadi/Documents/shalpy/taller1_grupo14/install/turtle_bot_14:/opt/ros/humble /usr/bin/cmake --install /home/juanespadi/Documents/shalpy/taller1_grupo14/build/player_interfaces
[1.089s] Level 1:colcon.colcon_core.environment:checking '/home/juanespadi/Documents/shalpy/taller1_grupo14/install/player_interfaces' for CMake module files
[1.090s] Level 1:colcon.colcon_core.environment:checking '/home/juanespadi/Documents/shalpy/taller1_grupo14/install/player_interfaces' for CMake config files
[1.090s] Level 1:colcon.colcon_core.shell:create_environment_hook('player_interfaces', 'cmake_prefix_path')
[1.092s] INFO:colcon.colcon_core.shell:Creating environment hook '/home/juanespadi/Documents/shalpy/taller1_grupo14/install/player_interfaces/share/player_interfaces/hook/cmake_prefix_path.ps1'
[1.092s] INFO:colcon.colcon_core.shell:Creating environment descriptor '/home/juanespadi/Documents/shalpy/taller1_grupo14/install/player_interfaces/share/player_interfaces/hook/cmake_prefix_path.dsv'
[1.092s] INFO:colcon.colcon_core.shell:Creating environment hook '/home/juanespadi/Documents/shalpy/taller1_grupo14/install/player_interfaces/share/player_interfaces/hook/cmake_prefix_path.sh'
[1.093s] Level 1:colcon.colcon_core.environment:checking '/home/juanespadi/Documents/shalpy/taller1_grupo14/install/player_interfaces/lib'
[1.093s] Level 1:colcon.colcon_core.shell:create_environment_hook('player_interfaces', 'ld_library_path_lib')
[1.094s] INFO:colcon.colcon_core.shell:Creating environment hook '/home/juanespadi/Documents/shalpy/taller1_grupo14/install/player_interfaces/share/player_interfaces/hook/ld_library_path_lib.ps1'
[1.095s] INFO:colcon.colcon_core.shell:Creating environment descriptor '/home/juanespadi/Documents/shalpy/taller1_grupo14/install/player_interfaces/share/player_interfaces/hook/ld_library_path_lib.dsv'
[1.095s] INFO:colcon.colcon_core.shell:Creating environment hook '/home/juanespadi/Documents/shalpy/taller1_grupo14/install/player_interfaces/share/player_interfaces/hook/ld_library_path_lib.sh'
[1.096s] Level 1:colcon.colcon_core.environment:checking '/home/juanespadi/Documents/shalpy/taller1_grupo14/install/player_interfaces/bin'
[1.096s] Level 1:colcon.colcon_core.environment:checking '/home/juanespadi/Documents/shalpy/taller1_grupo14/install/player_interfaces/lib/pkgconfig/player_interfaces.pc'
[1.096s] Level 1:colcon.colcon_core.environment:checking '/home/juanespadi/Documents/shalpy/taller1_grupo14/install/player_interfaces/lib/python3.10/site-packages'
[1.096s] Level 1:colcon.colcon_core.environment:checking '/home/juanespadi/Documents/shalpy/taller1_grupo14/install/player_interfaces/bin'
[1.097s] INFO:colcon.colcon_core.shell:Creating package script '/home/juanespadi/Documents/shalpy/taller1_grupo14/install/player_interfaces/share/player_interfaces/package.ps1'
[1.098s] INFO:colcon.colcon_core.shell:Creating package descriptor '/home/juanespadi/Documents/shalpy/taller1_grupo14/install/player_interfaces/share/player_interfaces/package.dsv'
[1.099s] INFO:colcon.colcon_core.shell:Creating package script '/home/juanespadi/Documents/shalpy/taller1_grupo14/install/player_interfaces/share/player_interfaces/package.sh'
[1.099s] INFO:colcon.colcon_core.shell:Creating package script '/home/juanespadi/Documents/shalpy/taller1_grupo14/install/player_interfaces/share/player_interfaces/package.bash'
[1.100s] INFO:colcon.colcon_core.shell:Creating package script '/home/juanespadi/Documents/shalpy/taller1_grupo14/install/player_interfaces/share/player_interfaces/package.zsh'
[1.100s] Level 1:colcon.colcon_core.environment:create_file_with_runtime_dependencies(/home/juanespadi/Documents/shalpy/taller1_grupo14/install/player_interfaces/share/colcon-core/packages/player_interfaces)
[1.159s] Level 1:colcon.colcon_core.environment:create_environment_scripts_only(player_interfaces)
[1.161s] Level 1:colcon.colcon_core.environment:checking '/home/juanespadi/Documents/shalpy/taller1_grupo14/install/player_interfaces' for CMake module files
[1.162s] Level 1:colcon.colcon_core.environment:checking '/home/juanespadi/Documents/shalpy/taller1_grupo14/install/player_interfaces' for CMake config files
[1.163s] Level 1:colcon.colcon_core.shell:create_environment_hook('player_interfaces', 'cmake_prefix_path')
[1.164s] INFO:colcon.colcon_core.shell:Creating environment hook '/home/juanespadi/Documents/shalpy/taller1_grupo14/install/player_interfaces/share/player_interfaces/hook/cmake_prefix_path.ps1'
[1.164s] INFO:colcon.colcon_core.shell:Creating environment descriptor '/home/juanespadi/Documents/shalpy/taller1_grupo14/install/player_interfaces/share/player_interfaces/hook/cmake_prefix_path.dsv'
[1.165s] INFO:colcon.colcon_core.shell:Creating environment hook '/home/juanespadi/Documents/shalpy/taller1_grupo14/install/player_interfaces/share/player_interfaces/hook/cmake_prefix_path.sh'
[1.166s] Level 1:colcon.colcon_core.environment:checking '/home/juanespadi/Documents/shalpy/taller1_grupo14/install/player_interfaces/lib'
[1.166s] Level 1:colcon.colcon_core.shell:create_environment_hook('player_interfaces', 'ld_library_path_lib')
[1.167s] INFO:colcon.colcon_core.shell:Creating environment hook '/home/juanespadi/Documents/shalpy/taller1_grupo14/install/player_interfaces/share/player_interfaces/hook/ld_library_path_lib.ps1'
[1.167s] INFO:colcon.colcon_core.shell:Creating environment descriptor '/home/juanespadi/Documents/shalpy/taller1_grupo14/install/player_interfaces/share/player_interfaces/hook/ld_library_path_lib.dsv'
[1.168s] INFO:colcon.colcon_core.shell:Creating environment hook '/home/juanespadi/Documents/shalpy/taller1_grupo14/install/player_interfaces/share/player_interfaces/hook/ld_library_path_lib.sh'
[1.168s] Level 1:colcon.colcon_core.environment:checking '/home/juanespadi/Documents/shalpy/taller1_grupo14/install/player_interfaces/bin'
[1.168s] Level 1:colcon.colcon_core.environment:checking '/home/juanespadi/Documents/shalpy/taller1_grupo14/install/player_interfaces/lib/pkgconfig/player_interfaces.pc'
[1.168s] Level 1:colcon.colcon_core.environment:checking '/home/juanespadi/Documents/shalpy/taller1_grupo14/install/player_interfaces/lib/python3.10/site-packages'
[1.169s] Level 1:colcon.colcon_core.environment:checking '/home/juanespadi/Documents/shalpy/taller1_grupo14/install/player_interfaces/bin'
[1.170s] INFO:colcon.colcon_core.shell:Creating package script '/home/juanespadi/Documents/shalpy/taller1_grupo14/install/player_interfaces/share/player_interfaces/package.ps1'
[1.170s] INFO:colcon.colcon_core.shell:Creating package descriptor '/home/juanespadi/Documents/shalpy/taller1_grupo14/install/player_interfaces/share/player_interfaces/package.dsv'
[1.171s] INFO:colcon.colcon_core.shell:Creating package script '/home/juanespadi/Documents/shalpy/taller1_grupo14/install/player_interfaces/share/player_interfaces/package.sh'
[1.171s] INFO:colcon.colcon_core.shell:Creating package script '/home/juanespadi/Documents/shalpy/taller1_grupo14/install/player_interfaces/share/player_interfaces/package.bash'
[1.172s] INFO:colcon.colcon_core.shell:Creating package script '/home/juanespadi/Documents/shalpy/taller1_grupo14/install/player_interfaces/share/player_interfaces/package.zsh'
[1.172s] Level 1:colcon.colcon_core.environment:create_file_with_runtime_dependencies(/home/juanespadi/Documents/shalpy/taller1_grupo14/install/player_interfaces/share/colcon-core/packages/player_interfaces)
[1.429s] DEBUG:colcon.colcon_core.event_handler.log_command:Invoking command in '/home/juanespadi/Documents/shalpy/taller1_grupo14/src/turtle_bot_14': PYTHONPATH=/home/juanespadi/Documents/shalpy/taller1_grupo14/build/turtle_bot_14/prefix_override:/home/juanespadi/Documents/shalpy/taller1_grupo14/install/turtle_bot_14/lib/python3.10/site-packages:${PYTHONPATH} /usr/bin/python3 setup.py egg_info --egg-base ../../build/turtle_bot_14 build --build-base /home/juanespadi/Documents/shalpy/taller1_grupo14/build/turtle_bot_14/build install --record /home/juanespadi/Documents/shalpy/taller1_grupo14/build/turtle_bot_14/install.log --single-version-externally-managed
[1.775s] Level 1:colcon.colcon_core.environment:checking '/home/juanespadi/Documents/shalpy/taller1_grupo14/install/turtle_bot_14' for CMake module files
[1.776s] DEBUG:colcon.colcon_core.event_handler.log_command:Invoked command in '/home/juanespadi/Documents/shalpy/taller1_grupo14/src/turtle_bot_14' returned '0': PYTHONPATH=/home/juanespadi/Documents/shalpy/taller1_grupo14/build/turtle_bot_14/prefix_override:/home/juanespadi/Documents/shalpy/taller1_grupo14/install/turtle_bot_14/lib/python3.10/site-packages:${PYTHONPATH} /usr/bin/python3 setup.py egg_info --egg-base ../../build/turtle_bot_14 build --build-base /home/juanespadi/Documents/shalpy/taller1_grupo14/build/turtle_bot_14/build install --record /home/juanespadi/Documents/shalpy/taller1_grupo14/build/turtle_bot_14/install.log --single-version-externally-managed
[1.776s] Level 1:colcon.colcon_core.environment:checking '/home/juanespadi/Documents/shalpy/taller1_grupo14/install/turtle_bot_14' for CMake config files
[1.777s] Level 1:colcon.colcon_core.environment:checking '/home/juanespadi/Documents/shalpy/taller1_grupo14/install/turtle_bot_14/lib'
[1.777s] Level 1:colcon.colcon_core.environment:checking '/home/juanespadi/Documents/shalpy/taller1_grupo14/install/turtle_bot_14/bin'
[1.777s] Level 1:colcon.colcon_core.environment:checking '/home/juanespadi/Documents/shalpy/taller1_grupo14/install/turtle_bot_14/lib/pkgconfig/turtle_bot_14.pc'
[1.778s] Level 1:colcon.colcon_core.environment:checking '/home/juanespadi/Documents/shalpy/taller1_grupo14/install/turtle_bot_14/lib/python3.10/site-packages'
[1.778s] Level 1:colcon.colcon_core.shell:create_environment_hook('turtle_bot_14', 'pythonpath')
[1.781s] INFO:colcon.colcon_core.shell:Creating environment hook '/home/juanespadi/Documents/shalpy/taller1_grupo14/install/turtle_bot_14/share/turtle_bot_14/hook/pythonpath.ps1'
[1.781s] INFO:colcon.colcon_core.shell:Creating environment descriptor '/home/juanespadi/Documents/shalpy/taller1_grupo14/install/turtle_bot_14/share/turtle_bot_14/hook/pythonpath.dsv'
[1.781s] INFO:colcon.colcon_core.shell:Creating environment hook '/home/juanespadi/Documents/shalpy/taller1_grupo14/install/turtle_bot_14/share/turtle_bot_14/hook/pythonpath.sh'
[1.782s] Level 1:colcon.colcon_core.environment:checking '/home/juanespadi/Documents/shalpy/taller1_grupo14/install/turtle_bot_14/bin'
[1.782s] Level 1:colcon.colcon_core.environment:create_environment_scripts_only(turtle_bot_14)
[1.785s] INFO:colcon.colcon_core.shell:Creating package script '/home/juanespadi/Documents/shalpy/taller1_grupo14/install/turtle_bot_14/share/turtle_bot_14/package.ps1'
[1.786s] INFO:colcon.colcon_core.shell:Creating package descriptor '/home/juanespadi/Documents/shalpy/taller1_grupo14/install/turtle_bot_14/share/turtle_bot_14/package.dsv'
[1.786s] INFO:colcon.colcon_core.shell:Creating package script '/home/juanespadi/Documents/shalpy/taller1_grupo14/install/turtle_bot_14/share/turtle_bot_14/package.sh'
[1.786s] INFO:colcon.colcon_core.shell:Creating package script '/home/juanespadi/Documents/shalpy/taller1_grupo14/install/turtle_bot_14/share/turtle_bot_14/package.bash'
[1.787s] INFO:colcon.colcon_core.shell:Creating package script '/home/juanespadi/Documents/shalpy/taller1_grupo14/install/turtle_bot_14/share/turtle_bot_14/package.zsh'
[1.787s] Level 1:colcon.colcon_core.environment:create_file_with_runtime_dependencies(/home/juanespadi/Documents/shalpy/taller1_grupo14/install/turtle_bot_14/share/colcon-core/packages/turtle_bot_14)
[1.787s] DEBUG:colcon.colcon_parallel_executor.executor.parallel:closing loop
[1.788s] DEBUG:colcon.colcon_parallel_executor.executor.parallel:loop closed
[1.788s] DEBUG:colcon.colcon_parallel_executor.executor.parallel:run_until_complete finished with '0'
[1.788s] DEBUG:colcon.colcon_core.event_reactor:joining thread
[1.795s] INFO:colcon.colcon_core.plugin_system:Skipping extension 'colcon_notification.desktop_notification.terminal_notifier': Not used on non-Darwin systems
[1.795s] INFO:colcon.colcon_core.plugin_system:Skipping extension 'colcon_notification.desktop_notification.win32': Not used on non-Windows systems
[1.795s] INFO:colcon.colcon_notification.desktop_notification:Sending desktop notification using 'notify2'
[1.807s] DEBUG:colcon.colcon_core.event_reactor:joined thread
[1.809s] INFO:colcon.colcon_core.shell:Creating prefix script '/home/juanespadi/Documents/shalpy/taller1_grupo14/install/local_setup.ps1'
[1.810s] INFO:colcon.colcon_core.shell:Creating prefix util module '/home/juanespadi/Documents/shalpy/taller1_grupo14/install/_local_setup_util_ps1.py'
[1.811s] INFO:colcon.colcon_core.shell:Creating prefix chain script '/home/juanespadi/Documents/shalpy/taller1_grupo14/install/setup.ps1'
[1.812s] INFO:colcon.colcon_core.shell:Creating prefix script '/home/juanespadi/Documents/shalpy/taller1_grupo14/install/local_setup.sh'
[1.813s] INFO:colcon.colcon_core.shell:Creating prefix util module '/home/juanespadi/Documents/shalpy/taller1_grupo14/install/_local_setup_util_sh.py'
[1.813s] INFO:colcon.colcon_core.shell:Creating prefix chain script '/home/juanespadi/Documents/shalpy/taller1_grupo14/install/setup.sh'
[1.815s] INFO:colcon.colcon_core.shell:Creating prefix script '/home/juanespadi/Documents/shalpy/taller1_grupo14/install/local_setup.bash'
[1.815s] INFO:colcon.colcon_core.shell:Creating prefix chain script '/home/juanespadi/Documents/shalpy/taller1_grupo14/install/setup.bash'
[1.817s] INFO:colcon.colcon_core.shell:Creating prefix script '/home/juanespadi/Documents/shalpy/taller1_grupo14/install/local_setup.zsh'
[1.817s] INFO:colcon.colcon_core.shell:Creating prefix chain script '/home/juanespadi/Documents/shalpy/taller1_grupo14/install/setup.zsh'
