[0.125s] Invoking command in '/home/juanespadi/Documents/shalpy/taller1_grupo14/build/player_interfaces': CMAKE_PREFIX_PATH=/home/juanespadi/Documents/shalpy/taller1_grupo14/install/turtle_bot_14:/opt/ros/humble /usr/bin/cmake /home/juanespadi/Documents/shalpy/taller1_grupo14/src/player_interfaces -DCMAKE_INSTALL_PREFIX=/home/juanespadi/Documents/shalpy/taller1_grupo14/install/player_interfaces
[1.075s] -- The C compiler identification is GNU 11.3.0
[1.745s] -- The CXX compiler identification is GNU 11.3.0
[1.760s] -- Detecting C compiler ABI info
[1.887s] -- Detecting C compiler ABI info - done
[1.897s] -- Check for working C compiler: /usr/bin/cc - skipped
[1.897s] -- Detecting C compile features
[1.907s] -- Detecting C compile features - done
[1.917s] -- Detecting CXX compiler ABI info
[2.035s] -- Detecting CXX compiler ABI info - done
[2.044s] -- Check for working CXX compiler: /usr/bin/c++ - skipped
[2.044s] -- Detecting CXX compile features
[2.045s] -- Detecting CXX compile features - done
[2.137s] -- Found ament_cmake: 1.3.3 (/opt/ros/humble/share/ament_cmake/cmake)
[2.459s] -- Found Python3: /usr/bin/python3.10 (found version "3.10.6") found components: Interpreter 
[2.738s] -- Found ament_lint_auto: 0.12.5 (/opt/ros/humble/share/ament_lint_auto/cmake)
[2.956s] -- Added test 'lint_cmake' to check CMake code style
[2.959s] -- Added test 'xmllint' to check XML markup files
[2.961s] -- Configuring done
[2.965s] -- Generating done
[2.966s] -- Build files have been written to: /home/juanespadi/Documents/shalpy/taller1_grupo14/build/player_interfaces
[2.972s] Invoked command in '/home/juanespadi/Documents/shalpy/taller1_grupo14/build/player_interfaces' returned '0': CMAKE_PREFIX_PATH=/home/juanespadi/Documents/shalpy/taller1_grupo14/install/turtle_bot_14:/opt/ros/humble /usr/bin/cmake /home/juanespadi/Documents/shalpy/taller1_grupo14/src/player_interfaces -DCMAKE_INSTALL_PREFIX=/home/juanespadi/Documents/shalpy/taller1_grupo14/install/player_interfaces
[2.974s] Invoking command in '/home/juanespadi/Documents/shalpy/taller1_grupo14/build/player_interfaces': CMAKE_PREFIX_PATH=/home/juanespadi/Documents/shalpy/taller1_grupo14/install/turtle_bot_14:/opt/ros/humble /usr/bin/cmake --build /home/juanespadi/Documents/shalpy/taller1_grupo14/build/player_interfaces -- -j8 -l8
[3.018s] Invoked command in '/home/juanespadi/Documents/shalpy/taller1_grupo14/build/player_interfaces' returned '0': CMAKE_PREFIX_PATH=/home/juanespadi/Documents/shalpy/taller1_grupo14/install/turtle_bot_14:/opt/ros/humble /usr/bin/cmake --build /home/juanespadi/Documents/shalpy/taller1_grupo14/build/player_interfaces -- -j8 -l8
[3.053s] Invoking command in '/home/juanespadi/Documents/shalpy/taller1_grupo14/build/player_interfaces': CMAKE_PREFIX_PATH=/home/juanespadi/Documents/shalpy/taller1_grupo14/install/turtle_bot_14:/opt/ros/humble /usr/bin/cmake --install /home/juanespadi/Documents/shalpy/taller1_grupo14/build/player_interfaces
[3.061s] -- Install configuration: ""
[3.061s] -- Installing: /home/juanespadi/Documents/shalpy/taller1_grupo14/install/player_interfaces/share/ament_index/resource_index/package_run_dependencies/player_interfaces
[3.061s] -- Installing: /home/juanespadi/Documents/shalpy/taller1_grupo14/install/player_interfaces/share/ament_index/resource_index/parent_prefix_path/player_interfaces
[3.062s] -- Installing: /home/juanespadi/Documents/shalpy/taller1_grupo14/install/player_interfaces/share/player_interfaces/environment/ament_prefix_path.sh
[3.062s] -- Installing: /home/juanespadi/Documents/shalpy/taller1_grupo14/install/player_interfaces/share/player_interfaces/environment/ament_prefix_path.dsv
[3.062s] -- Installing: /home/juanespadi/Documents/shalpy/taller1_grupo14/install/player_interfaces/share/player_interfaces/environment/path.sh
[3.062s] -- Installing: /home/juanespadi/Documents/shalpy/taller1_grupo14/install/player_interfaces/share/player_interfaces/environment/path.dsv
[3.062s] -- Installing: /home/juanespadi/Documents/shalpy/taller1_grupo14/install/player_interfaces/share/player_interfaces/local_setup.bash
[3.063s] -- Installing: /home/juanespadi/Documents/shalpy/taller1_grupo14/install/player_interfaces/share/player_interfaces/local_setup.sh
[3.063s] -- Installing: /home/juanespadi/Documents/shalpy/taller1_grupo14/install/player_interfaces/share/player_interfaces/local_setup.zsh
[3.063s] -- Installing: /home/juanespadi/Documents/shalpy/taller1_grupo14/install/player_interfaces/share/player_interfaces/local_setup.dsv
[3.063s] -- Installing: /home/juanespadi/Documents/shalpy/taller1_grupo14/install/player_interfaces/share/player_interfaces/package.dsv
[3.063s] -- Installing: /home/juanespadi/Documents/shalpy/taller1_grupo14/install/player_interfaces/share/ament_index/resource_index/packages/player_interfaces
[3.064s] -- Installing: /home/juanespadi/Documents/shalpy/taller1_grupo14/install/player_interfaces/share/player_interfaces/cmake/player_interfacesConfig.cmake
[3.064s] -- Installing: /home/juanespadi/Documents/shalpy/taller1_grupo14/install/player_interfaces/share/player_interfaces/cmake/player_interfacesConfig-version.cmake
[3.064s] -- Installing: /home/juanespadi/Documents/shalpy/taller1_grupo14/install/player_interfaces/share/player_interfaces/package.xml
[3.073s] Invoked command in '/home/juanespadi/Documents/shalpy/taller1_grupo14/build/player_interfaces' returned '0': CMAKE_PREFIX_PATH=/home/juanespadi/Documents/shalpy/taller1_grupo14/install/turtle_bot_14:/opt/ros/humble /usr/bin/cmake --install /home/juanespadi/Documents/shalpy/taller1_grupo14/build/player_interfaces
