[3.689s] Invoking command in '/home/ubuntu/Documents/shalpy/taller2_grupo14/src/turtle_bot_14': PYTHONPATH=/home/ubuntu/Documents/shalpy/taller2_grupo14/build/turtle_bot_14/prefix_override:/home/ubuntu/Documents/shalpy/taller2_grupo14/install/turtle_bot_14/lib/python3.10/site-packages:${PYTHONPATH} /usr/bin/python3 setup.py egg_info --egg-base ../../build/turtle_bot_14 build --build-base /home/ubuntu/Documents/shalpy/taller2_grupo14/build/turtle_bot_14/build install --record /home/ubuntu/Documents/shalpy/taller2_grupo14/build/turtle_bot_14/install.log --single-version-externally-managed
[4.688s] running egg_info
[4.691s] writing ../../build/turtle_bot_14/turtle_bot_14.egg-info/PKG-INFO
[4.695s] writing dependency_links to ../../build/turtle_bot_14/turtle_bot_14.egg-info/dependency_links.txt
[4.697s] writing entry points to ../../build/turtle_bot_14/turtle_bot_14.egg-info/entry_points.txt
[4.698s] writing requirements to ../../build/turtle_bot_14/turtle_bot_14.egg-info/requires.txt
[4.698s] writing top-level names to ../../build/turtle_bot_14/turtle_bot_14.egg-info/top_level.txt
[4.709s] reading manifest file '../../build/turtle_bot_14/turtle_bot_14.egg-info/SOURCES.txt'
[4.714s] writing manifest file '../../build/turtle_bot_14/turtle_bot_14.egg-info/SOURCES.txt'
[4.715s] running build
[4.716s] running build_py
[4.720s] running install
[4.722s] /usr/lib/python3/dist-packages/setuptools/command/install.py:34: SetuptoolsDeprecationWarning: setup.py install is deprecated. Use build and pip and other standards-based tools.
[4.722s]   warnings.warn(
[4.723s] running install_lib
[4.730s] running install_data
[4.733s] running install_egg_info
[4.739s] removing '/home/ubuntu/Documents/shalpy/taller2_grupo14/install/turtle_bot_14/lib/python3.10/site-packages/turtle_bot_14-0.0.0-py3.10.egg-info' (and everything under it)
[4.741s] Copying ../../build/turtle_bot_14/turtle_bot_14.egg-info to /home/ubuntu/Documents/shalpy/taller2_grupo14/install/turtle_bot_14/lib/python3.10/site-packages/turtle_bot_14-0.0.0-py3.10.egg-info
[4.750s] running install_scripts
[4.837s] Installing turtle_bot_interface script to /home/ubuntu/Documents/shalpy/taller2_grupo14/install/turtle_bot_14/lib/turtle_bot_14
[4.838s] Installing turtle_bot_player script to /home/ubuntu/Documents/shalpy/taller2_grupo14/install/turtle_bot_14/lib/turtle_bot_14
[4.839s] Installing turtle_bot_teleop script to /home/ubuntu/Documents/shalpy/taller2_grupo14/install/turtle_bot_14/lib/turtle_bot_14
[4.841s] writing list of installed files to '/home/ubuntu/Documents/shalpy/taller2_grupo14/build/turtle_bot_14/install.log'
[4.964s] Invoked command in '/home/ubuntu/Documents/shalpy/taller2_grupo14/src/turtle_bot_14' returned '0': PYTHONPATH=/home/ubuntu/Documents/shalpy/taller2_grupo14/build/turtle_bot_14/prefix_override:/home/ubuntu/Documents/shalpy/taller2_grupo14/install/turtle_bot_14/lib/python3.10/site-packages:${PYTHONPATH} /usr/bin/python3 setup.py egg_info --egg-base ../../build/turtle_bot_14 build --build-base /home/ubuntu/Documents/shalpy/taller2_grupo14/build/turtle_bot_14/build install --record /home/ubuntu/Documents/shalpy/taller2_grupo14/build/turtle_bot_14/install.log --single-version-externally-managed
