[0.312s] Invoking command in '/home/juanespadi/Documents/shalpy/proyecto_final_grupo_14/build/player_interfaces': CMAKE_PREFIX_PATH=/opt/ros/humble /usr/bin/cmake /home/juanespadi/Documents/shalpy/proyecto_final_grupo_14/src/player_interfaces -DCMAKE_INSTALL_PREFIX=/home/juanespadi/Documents/shalpy/proyecto_final_grupo_14/install/player_interfaces
[0.369s] -- The C compiler identification is GNU 11.3.0
[0.427s] -- The CXX compiler identification is GNU 11.3.0
[0.435s] -- Detecting C compiler ABI info
[0.501s] -- Detecting C compiler ABI info - done
[0.509s] -- Check for working C compiler: /usr/bin/cc - skipped
[0.509s] -- Detecting C compile features
[0.509s] -- Detecting C compile features - done
[0.513s] -- Detecting CXX compiler ABI info
[0.592s] -- Detecting CXX compiler ABI info - done
[0.600s] -- Check for working CXX compiler: /usr/bin/c++ - skipped
[0.600s] -- Detecting CXX compile features
[0.601s] -- Detecting CXX compile features - done
[0.603s] -- Found ament_cmake: 1.3.4 (/opt/ros/humble/share/ament_cmake/cmake)
[0.792s] -- Found Python3: /usr/bin/python3.10 (found version "3.10.6") found components: Interpreter 
[0.901s] -- Found geometry_msgs: 4.2.3 (/opt/ros/humble/share/geometry_msgs/cmake)
[0.941s] -- Found rosidl_generator_c: 3.1.4 (/opt/ros/humble/share/rosidl_generator_c/cmake)
[0.946s] -- Found rosidl_adapter: 3.1.4 (/opt/ros/humble/share/rosidl_adapter/cmake)
[0.954s] -- Found rosidl_generator_cpp: 3.1.4 (/opt/ros/humble/share/rosidl_generator_cpp/cmake)
[0.968s] -- Using all available rosidl_typesupport_c: rosidl_typesupport_fastrtps_c;rosidl_typesupport_introspection_c
[0.989s] -- Using all available rosidl_typesupport_cpp: rosidl_typesupport_fastrtps_cpp;rosidl_typesupport_introspection_cpp
[1.122s] -- Found rosidl_default_generators: 1.2.0 (/opt/ros/humble/share/rosidl_default_generators/cmake)
[1.450s] -- Found ament_cmake_ros: 0.10.0 (/opt/ros/humble/share/ament_cmake_ros/cmake)
[1.899s] -- Using all available rosidl_typesupport_c: rosidl_typesupport_fastrtps_c;rosidl_typesupport_introspection_c
[2.076s] -- Using all available rosidl_typesupport_cpp: rosidl_typesupport_fastrtps_cpp;rosidl_typesupport_introspection_cpp
[2.100s] -- Found PythonInterp: /usr/bin/python3 (found suitable version "3.10.6", minimum required is "3.6") 
[2.102s] -- Found python_cmake_module: 0.10.0 (/opt/ros/humble/share/python_cmake_module/cmake)
[2.129s] -- Found PythonLibs: /usr/lib/x86_64-linux-gnu/libpython3.10.so (found suitable version "3.10.6", minimum required is "3.5") 
[2.129s] -- Using PYTHON_EXECUTABLE: /usr/bin/python3
[2.129s] -- Using PYTHON_INCLUDE_DIRS: /usr/include/python3.10
[2.130s] -- Using PYTHON_LIBRARIES: /usr/lib/x86_64-linux-gnu/libpython3.10.so
[2.153s] -- Found PythonExtra: .so  
[2.350s] -- Found ament_lint_auto: 0.12.6 (/opt/ros/humble/share/ament_lint_auto/cmake)
[2.378s] -- Added test 'lint_cmake' to check CMake code style
[2.382s] -- Added test 'xmllint' to check XML markup files
[2.386s] -- Configuring done
[2.448s] -- Generating done
[2.452s] -- Build files have been written to: /home/juanespadi/Documents/shalpy/proyecto_final_grupo_14/build/player_interfaces
[2.464s] Invoked command in '/home/juanespadi/Documents/shalpy/proyecto_final_grupo_14/build/player_interfaces' returned '0': CMAKE_PREFIX_PATH=/opt/ros/humble /usr/bin/cmake /home/juanespadi/Documents/shalpy/proyecto_final_grupo_14/src/player_interfaces -DCMAKE_INSTALL_PREFIX=/home/juanespadi/Documents/shalpy/proyecto_final_grupo_14/install/player_interfaces
[2.467s] Invoking command in '/home/juanespadi/Documents/shalpy/proyecto_final_grupo_14/build/player_interfaces': CMAKE_PREFIX_PATH=/opt/ros/humble /usr/bin/cmake --build /home/juanespadi/Documents/shalpy/proyecto_final_grupo_14/build/player_interfaces -- -j8 -l8
[2.505s] [  2%] [34m[1mGenerating C code for ROS interfaces[0m
[2.516s] [  4%] [34m[1mGenerating C++ code for ROS interfaces[0m
[2.524s] [  4%] Built target ament_cmake_python_copy_player_interfaces
[2.823s] running egg_info
[2.823s] creating player_interfaces.egg-info
[2.823s] writing player_interfaces.egg-info/PKG-INFO
[2.824s] writing dependency_links to player_interfaces.egg-info/dependency_links.txt
[2.824s] writing top-level names to player_interfaces.egg-info/top_level.txt
[2.824s] writing manifest file 'player_interfaces.egg-info/SOURCES.txt'
[2.826s] reading manifest file 'player_interfaces.egg-info/SOURCES.txt'
[2.827s] writing manifest file 'player_interfaces.egg-info/SOURCES.txt'
[2.853s] [  4%] Built target ament_cmake_python_build_player_interfaces_egg
[2.959s] [  4%] Built target player_interfaces__cpp
[2.973s] [  6%] [34m[1mGenerating C++ type support dispatch for ROS interfaces[0m
[2.974s] [  8%] [34m[1mGenerating C++ introspection for ROS interfaces[0m
[2.975s] [ 10%] [34m[1mGenerating C++ type support for eProsima Fast-RTPS[0m
[2.989s] [ 12%] [32mBuilding C object CMakeFiles/player_interfaces__rosidl_generator_c.dir/rosidl_generator_c/player_interfaces/srv/detail/player__functions.c.o[0m
[2.992s] [ 17%] [32mBuilding C object CMakeFiles/player_interfaces__rosidl_generator_c.dir/rosidl_generator_c/player_interfaces/msg/detail/trace__functions.c.o[0m
[2.992s] [ 17%] [32mBuilding C object CMakeFiles/player_interfaces__rosidl_generator_c.dir/rosidl_generator_c/player_interfaces/srv/detail/player_hardware__functions.c.o[0m
[3.163s] [ 19%] [32m[1mLinking C shared library libplayer_interfaces__rosidl_generator_c.so[0m
[3.201s] [ 19%] Built target player_interfaces__rosidl_generator_c
[3.211s] [ 21%] [34m[1mGenerating C type support for eProsima Fast-RTPS[0m
[3.215s] [ 25%] [34m[1mGenerating C type support dispatch for ROS interfaces[0m
[3.215s] [ 25%] [34m[1mGenerating C introspection for ROS interfaces[0m
[3.387s] [ 29%] [32mBuilding CXX object CMakeFiles/player_interfaces__rosidl_typesupport_cpp.dir/rosidl_typesupport_cpp/player_interfaces/srv/player__type_support.cpp.o[0m
[3.387s] [ 31%] [32mBuilding CXX object CMakeFiles/player_interfaces__rosidl_typesupport_cpp.dir/rosidl_typesupport_cpp/player_interfaces/msg/trace__type_support.cpp.o[0m
[3.388s] [ 31%] [32mBuilding CXX object CMakeFiles/player_interfaces__rosidl_typesupport_cpp.dir/rosidl_typesupport_cpp/player_interfaces/srv/player_hardware__type_support.cpp.o[0m
[3.593s] [ 34%] [32mBuilding CXX object CMakeFiles/player_interfaces__rosidl_typesupport_introspection_cpp.dir/rosidl_typesupport_introspection_cpp/player_interfaces/srv/detail/player__type_support.cpp.o[0m
[3.667s] [ 36%] [32mBuilding CXX object CMakeFiles/player_interfaces__rosidl_typesupport_fastrtps_cpp.dir/rosidl_typesupport_fastrtps_cpp/player_interfaces/srv/detail/dds_fastrtps/player__type_support.cpp.o[0m
[3.808s] [ 38%] [32mBuilding CXX object CMakeFiles/player_interfaces__rosidl_typesupport_c.dir/rosidl_typesupport_c/player_interfaces/srv/player__type_support.cpp.o[0m
[3.831s] [ 40%] [32mBuilding CXX object CMakeFiles/player_interfaces__rosidl_typesupport_fastrtps_c.dir/rosidl_typesupport_fastrtps_c/player_interfaces/srv/detail/player__type_support_c.cpp.o[0m
[3.871s] [ 42%] [32mBuilding CXX object CMakeFiles/player_interfaces__rosidl_typesupport_c.dir/rosidl_typesupport_c/player_interfaces/srv/player_hardware__type_support.cpp.o[0m
[3.879s] [ 44%] [32m[1mLinking CXX shared library libplayer_interfaces__rosidl_typesupport_cpp.so[0m
[3.880s] [ 46%] [32mBuilding CXX object CMakeFiles/player_interfaces__rosidl_typesupport_introspection_cpp.dir/rosidl_typesupport_introspection_cpp/player_interfaces/srv/detail/player_hardware__type_support.cpp.o[0m
[3.880s] [ 48%] [32mBuilding CXX object CMakeFiles/player_interfaces__rosidl_typesupport_fastrtps_c.dir/rosidl_typesupport_fastrtps_c/player_interfaces/srv/detail/player_hardware__type_support_c.cpp.o[0m
[3.910s] [ 51%] [32mBuilding C object CMakeFiles/player_interfaces__rosidl_typesupport_introspection_c.dir/rosidl_typesupport_introspection_c/player_interfaces/srv/detail/player__type_support.c.o[0m
[3.927s] [ 53%] [32mBuilding CXX object CMakeFiles/player_interfaces__rosidl_typesupport_c.dir/rosidl_typesupport_c/player_interfaces/msg/trace__type_support.cpp.o[0m
[3.955s] [ 53%] Built target player_interfaces__rosidl_typesupport_cpp
[3.969s] [ 55%] [32mBuilding CXX object CMakeFiles/player_interfaces__rosidl_typesupport_fastrtps_c.dir/rosidl_typesupport_fastrtps_c/player_interfaces/msg/detail/trace__type_support_c.cpp.o[0m
[3.977s] [ 57%] [32m[1mLinking CXX shared library libplayer_interfaces__rosidl_typesupport_c.so[0m
[3.978s] [ 59%] [32mBuilding C object CMakeFiles/player_interfaces__rosidl_typesupport_introspection_c.dir/rosidl_typesupport_introspection_c/player_interfaces/srv/detail/player_hardware__type_support.c.o[0m
[4.050s] [ 59%] Built target player_interfaces__rosidl_typesupport_c
[4.057s] [ 61%] [32mBuilding C object CMakeFiles/player_interfaces__rosidl_typesupport_introspection_c.dir/rosidl_typesupport_introspection_c/player_interfaces/msg/detail/trace__type_support.c.o[0m
[4.063s] [ 63%] [32mBuilding CXX object CMakeFiles/player_interfaces__rosidl_typesupport_introspection_cpp.dir/rosidl_typesupport_introspection_cpp/player_interfaces/msg/detail/trace__type_support.cpp.o[0m
[4.157s] [ 65%] [32m[1mLinking C shared library libplayer_interfaces__rosidl_typesupport_introspection_c.so[0m
[4.211s] [ 65%] Built target player_interfaces__rosidl_typesupport_introspection_c
[4.226s] [ 68%] [32mBuilding CXX object CMakeFiles/player_interfaces__rosidl_typesupport_fastrtps_cpp.dir/rosidl_typesupport_fastrtps_cpp/player_interfaces/srv/detail/dds_fastrtps/player_hardware__type_support.cpp.o[0m
[4.401s] [ 70%] [32mBuilding CXX object CMakeFiles/player_interfaces__rosidl_typesupport_fastrtps_cpp.dir/rosidl_typesupport_fastrtps_cpp/player_interfaces/msg/detail/dds_fastrtps/trace__type_support.cpp.o[0m
[4.563s] [ 72%] [32m[1mLinking CXX shared library libplayer_interfaces__rosidl_typesupport_fastrtps_c.so[0m
[4.669s] [ 72%] Built target player_interfaces__rosidl_typesupport_fastrtps_c
[4.762s] [ 74%] [32m[1mLinking CXX shared library libplayer_interfaces__rosidl_typesupport_introspection_cpp.so[0m
[4.860s] [ 74%] Built target player_interfaces__rosidl_typesupport_introspection_cpp
[5.027s] [ 76%] [32m[1mLinking CXX shared library libplayer_interfaces__rosidl_typesupport_fastrtps_cpp.so[0m
[5.118s] [ 76%] Built target player_interfaces__rosidl_typesupport_fastrtps_cpp
[5.140s] [ 76%] Built target player_interfaces
[5.163s] [ 78%] [34m[1mGenerating Python code for ROS interfaces[0m
[5.793s] [ 78%] Built target player_interfaces__py
[5.813s] [ 85%] [32mBuilding C object CMakeFiles/player_interfaces__rosidl_generator_py.dir/rosidl_generator_py/player_interfaces/srv/_player_hardware_s.c.o[0m
[5.813s] [ 85%] [32mBuilding C object CMakeFiles/player_interfaces__rosidl_generator_py.dir/rosidl_generator_py/player_interfaces/srv/_player_s.c.o[0m
[5.813s] [ 85%] [32mBuilding C object CMakeFiles/player_interfaces__rosidl_generator_py.dir/rosidl_generator_py/player_interfaces/msg/_trace_s.c.o[0m
[6.030s] [ 87%] [32m[1mLinking C shared library rosidl_generator_py/player_interfaces/libplayer_interfaces__rosidl_generator_py.so[0m
[6.075s] [ 87%] Built target player_interfaces__rosidl_generator_py
[6.095s] [ 93%] [32mBuilding C object CMakeFiles/player_interfaces__rosidl_typesupport_introspection_c__pyext.dir/rosidl_generator_py/player_interfaces/_player_interfaces_s.ep.rosidl_typesupport_introspection_c.c.o[0m
[6.095s] [ 93%] [32mBuilding C object CMakeFiles/player_interfaces__rosidl_typesupport_fastrtps_c__pyext.dir/rosidl_generator_py/player_interfaces/_player_interfaces_s.ep.rosidl_typesupport_fastrtps_c.c.o[0m
[6.096s] [ 93%] [32mBuilding C object CMakeFiles/player_interfaces__rosidl_typesupport_c__pyext.dir/rosidl_generator_py/player_interfaces/_player_interfaces_s.ep.rosidl_typesupport_c.c.o[0m
[6.215s] [100%] [32m[1mLinking C shared library rosidl_generator_py/player_interfaces/player_interfaces_s__rosidl_typesupport_fastrtps_c.cpython-310-x86_64-linux-gnu.so[0m
[6.215s] [100%] [32m[1mLinking C shared library rosidl_generator_py/player_interfaces/player_interfaces_s__rosidl_typesupport_introspection_c.cpython-310-x86_64-linux-gnu.so[0m
[6.215s] [100%] [32m[1mLinking C shared library rosidl_generator_py/player_interfaces/player_interfaces_s__rosidl_typesupport_c.cpython-310-x86_64-linux-gnu.so[0m
[6.256s] [100%] Built target player_interfaces__rosidl_typesupport_fastrtps_c__pyext
[6.257s] [100%] Built target player_interfaces__rosidl_typesupport_introspection_c__pyext
[6.257s] [100%] Built target player_interfaces__rosidl_typesupport_c__pyext
[6.268s] Invoked command in '/home/juanespadi/Documents/shalpy/proyecto_final_grupo_14/build/player_interfaces' returned '0': CMAKE_PREFIX_PATH=/opt/ros/humble /usr/bin/cmake --build /home/juanespadi/Documents/shalpy/proyecto_final_grupo_14/build/player_interfaces -- -j8 -l8
[6.375s] Invoking command in '/home/juanespadi/Documents/shalpy/proyecto_final_grupo_14/build/player_interfaces': CMAKE_PREFIX_PATH=/opt/ros/humble /usr/bin/cmake --install /home/juanespadi/Documents/shalpy/proyecto_final_grupo_14/build/player_interfaces
[6.382s] -- Install configuration: ""
[6.382s] -- Installing: /home/juanespadi/Documents/shalpy/proyecto_final_grupo_14/install/player_interfaces/share/ament_index/resource_index/rosidl_interfaces/player_interfaces
[6.383s] -- Installing: /home/juanespadi/Documents/shalpy/proyecto_final_grupo_14/install/player_interfaces/include/player_interfaces/player_interfaces
[6.383s] -- Installing: /home/juanespadi/Documents/shalpy/proyecto_final_grupo_14/install/player_interfaces/include/player_interfaces/player_interfaces/msg
[6.383s] -- Installing: /home/juanespadi/Documents/shalpy/proyecto_final_grupo_14/install/player_interfaces/include/player_interfaces/player_interfaces/msg/trace.h
[6.383s] -- Installing: /home/juanespadi/Documents/shalpy/proyecto_final_grupo_14/install/player_interfaces/include/player_interfaces/player_interfaces/msg/rosidl_generator_c__visibility_control.h
[6.384s] -- Installing: /home/juanespadi/Documents/shalpy/proyecto_final_grupo_14/install/player_interfaces/include/player_interfaces/player_interfaces/msg/detail
[6.384s] -- Installing: /home/juanespadi/Documents/shalpy/proyecto_final_grupo_14/install/player_interfaces/include/player_interfaces/player_interfaces/msg/detail/trace__functions.h
[6.384s] -- Installing: /home/juanespadi/Documents/shalpy/proyecto_final_grupo_14/install/player_interfaces/include/player_interfaces/player_interfaces/msg/detail/trace__type_support.h
[6.384s] -- Installing: /home/juanespadi/Documents/shalpy/proyecto_final_grupo_14/install/player_interfaces/include/player_interfaces/player_interfaces/msg/detail/trace__functions.c
[6.384s] -- Installing: /home/juanespadi/Documents/shalpy/proyecto_final_grupo_14/install/player_interfaces/include/player_interfaces/player_interfaces/msg/detail/trace__struct.h
[6.385s] -- Installing: /home/juanespadi/Documents/shalpy/proyecto_final_grupo_14/install/player_interfaces/include/player_interfaces/player_interfaces/srv
[6.385s] -- Installing: /home/juanespadi/Documents/shalpy/proyecto_final_grupo_14/install/player_interfaces/include/player_interfaces/player_interfaces/srv/player.h
[6.385s] -- Installing: /home/juanespadi/Documents/shalpy/proyecto_final_grupo_14/install/player_interfaces/include/player_interfaces/player_interfaces/srv/player_hardware.h
[6.385s] -- Installing: /home/juanespadi/Documents/shalpy/proyecto_final_grupo_14/install/player_interfaces/include/player_interfaces/player_interfaces/srv/detail
[6.385s] -- Installing: /home/juanespadi/Documents/shalpy/proyecto_final_grupo_14/install/player_interfaces/include/player_interfaces/player_interfaces/srv/detail/player__functions.h
[6.385s] -- Installing: /home/juanespadi/Documents/shalpy/proyecto_final_grupo_14/install/player_interfaces/include/player_interfaces/player_interfaces/srv/detail/player_hardware__type_support.h
[6.386s] -- Installing: /home/juanespadi/Documents/shalpy/proyecto_final_grupo_14/install/player_interfaces/include/player_interfaces/player_interfaces/srv/detail/player_hardware__functions.h
[6.386s] -- Installing: /home/juanespadi/Documents/shalpy/proyecto_final_grupo_14/install/player_interfaces/include/player_interfaces/player_interfaces/srv/detail/player__functions.c
[6.386s] -- Installing: /home/juanespadi/Documents/shalpy/proyecto_final_grupo_14/install/player_interfaces/include/player_interfaces/player_interfaces/srv/detail/player_hardware__struct.h
[6.386s] -- Installing: /home/juanespadi/Documents/shalpy/proyecto_final_grupo_14/install/player_interfaces/include/player_interfaces/player_interfaces/srv/detail/player_hardware__functions.c
[6.386s] -- Installing: /home/juanespadi/Documents/shalpy/proyecto_final_grupo_14/install/player_interfaces/include/player_interfaces/player_interfaces/srv/detail/player__struct.h
[6.387s] -- Installing: /home/juanespadi/Documents/shalpy/proyecto_final_grupo_14/install/player_interfaces/include/player_interfaces/player_interfaces/srv/detail/player__type_support.h
[6.387s] -- Installing: /home/juanespadi/Documents/shalpy/proyecto_final_grupo_14/install/player_interfaces/share/player_interfaces/environment/library_path.sh
[6.387s] -- Installing: /home/juanespadi/Documents/shalpy/proyecto_final_grupo_14/install/player_interfaces/share/player_interfaces/environment/library_path.dsv
[6.387s] -- Installing: /home/juanespadi/Documents/shalpy/proyecto_final_grupo_14/install/player_interfaces/lib/libplayer_interfaces__rosidl_generator_c.so
[6.388s] -- Set runtime path of "/home/juanespadi/Documents/shalpy/proyecto_final_grupo_14/install/player_interfaces/lib/libplayer_interfaces__rosidl_generator_c.so" to ""
[6.388s] -- Up-to-date: /home/juanespadi/Documents/shalpy/proyecto_final_grupo_14/install/player_interfaces/include/player_interfaces/player_interfaces
[6.388s] -- Up-to-date: /home/juanespadi/Documents/shalpy/proyecto_final_grupo_14/install/player_interfaces/include/player_interfaces/player_interfaces/msg
[6.388s] -- Up-to-date: /home/juanespadi/Documents/shalpy/proyecto_final_grupo_14/install/player_interfaces/include/player_interfaces/player_interfaces/msg/detail
[6.389s] -- Installing: /home/juanespadi/Documents/shalpy/proyecto_final_grupo_14/install/player_interfaces/include/player_interfaces/player_interfaces/msg/detail/trace__rosidl_typesupport_fastrtps_c.h
[6.389s] -- Installing: /home/juanespadi/Documents/shalpy/proyecto_final_grupo_14/install/player_interfaces/include/player_interfaces/player_interfaces/msg/rosidl_typesupport_fastrtps_c__visibility_control.h
[6.389s] -- Up-to-date: /home/juanespadi/Documents/shalpy/proyecto_final_grupo_14/install/player_interfaces/include/player_interfaces/player_interfaces/srv
[6.389s] -- Up-to-date: /home/juanespadi/Documents/shalpy/proyecto_final_grupo_14/install/player_interfaces/include/player_interfaces/player_interfaces/srv/detail
[6.389s] -- Installing: /home/juanespadi/Documents/shalpy/proyecto_final_grupo_14/install/player_interfaces/include/player_interfaces/player_interfaces/srv/detail/player__rosidl_typesupport_fastrtps_c.h
[6.389s] -- Installing: /home/juanespadi/Documents/shalpy/proyecto_final_grupo_14/install/player_interfaces/include/player_interfaces/player_interfaces/srv/detail/player_hardware__rosidl_typesupport_fastrtps_c.h
[6.390s] -- Installing: /home/juanespadi/Documents/shalpy/proyecto_final_grupo_14/install/player_interfaces/lib/libplayer_interfaces__rosidl_typesupport_fastrtps_c.so
[6.390s] -- Set runtime path of "/home/juanespadi/Documents/shalpy/proyecto_final_grupo_14/install/player_interfaces/lib/libplayer_interfaces__rosidl_typesupport_fastrtps_c.so" to ""
[6.390s] -- Up-to-date: /home/juanespadi/Documents/shalpy/proyecto_final_grupo_14/install/player_interfaces/include/player_interfaces/player_interfaces
[6.390s] -- Up-to-date: /home/juanespadi/Documents/shalpy/proyecto_final_grupo_14/install/player_interfaces/include/player_interfaces/player_interfaces/msg
[6.390s] -- Installing: /home/juanespadi/Documents/shalpy/proyecto_final_grupo_14/install/player_interfaces/include/player_interfaces/player_interfaces/msg/trace.hpp
[6.391s] -- Up-to-date: /home/juanespadi/Documents/shalpy/proyecto_final_grupo_14/install/player_interfaces/include/player_interfaces/player_interfaces/msg/detail
[6.391s] -- Installing: /home/juanespadi/Documents/shalpy/proyecto_final_grupo_14/install/player_interfaces/include/player_interfaces/player_interfaces/msg/detail/trace__builder.hpp
[6.391s] -- Installing: /home/juanespadi/Documents/shalpy/proyecto_final_grupo_14/install/player_interfaces/include/player_interfaces/player_interfaces/msg/detail/trace__struct.hpp
[6.391s] -- Installing: /home/juanespadi/Documents/shalpy/proyecto_final_grupo_14/install/player_interfaces/include/player_interfaces/player_interfaces/msg/detail/trace__traits.hpp
[6.391s] -- Up-to-date: /home/juanespadi/Documents/shalpy/proyecto_final_grupo_14/install/player_interfaces/include/player_interfaces/player_interfaces/srv
[6.392s] -- Installing: /home/juanespadi/Documents/shalpy/proyecto_final_grupo_14/install/player_interfaces/include/player_interfaces/player_interfaces/srv/player_hardware.hpp
[6.392s] -- Installing: /home/juanespadi/Documents/shalpy/proyecto_final_grupo_14/install/player_interfaces/include/player_interfaces/player_interfaces/srv/player.hpp
[6.392s] -- Up-to-date: /home/juanespadi/Documents/shalpy/proyecto_final_grupo_14/install/player_interfaces/include/player_interfaces/player_interfaces/srv/detail
[6.392s] -- Installing: /home/juanespadi/Documents/shalpy/proyecto_final_grupo_14/install/player_interfaces/include/player_interfaces/player_interfaces/srv/detail/player__traits.hpp
[6.392s] -- Installing: /home/juanespadi/Documents/shalpy/proyecto_final_grupo_14/install/player_interfaces/include/player_interfaces/player_interfaces/srv/detail/player__struct.hpp
[6.393s] -- Installing: /home/juanespadi/Documents/shalpy/proyecto_final_grupo_14/install/player_interfaces/include/player_interfaces/player_interfaces/srv/detail/player_hardware__builder.hpp
[6.393s] -- Installing: /home/juanespadi/Documents/shalpy/proyecto_final_grupo_14/install/player_interfaces/include/player_interfaces/player_interfaces/srv/detail/player_hardware__traits.hpp
[6.393s] -- Installing: /home/juanespadi/Documents/shalpy/proyecto_final_grupo_14/install/player_interfaces/include/player_interfaces/player_interfaces/srv/detail/player_hardware__struct.hpp
[6.393s] -- Installing: /home/juanespadi/Documents/shalpy/proyecto_final_grupo_14/install/player_interfaces/include/player_interfaces/player_interfaces/srv/detail/player__builder.hpp
[6.393s] -- Up-to-date: /home/juanespadi/Documents/shalpy/proyecto_final_grupo_14/install/player_interfaces/include/player_interfaces/player_interfaces
[6.394s] -- Up-to-date: /home/juanespadi/Documents/shalpy/proyecto_final_grupo_14/install/player_interfaces/include/player_interfaces/player_interfaces/msg
[6.394s] -- Installing: /home/juanespadi/Documents/shalpy/proyecto_final_grupo_14/install/player_interfaces/include/player_interfaces/player_interfaces/msg/rosidl_typesupport_fastrtps_cpp__visibility_control.h
[6.394s] -- Up-to-date: /home/juanespadi/Documents/shalpy/proyecto_final_grupo_14/install/player_interfaces/include/player_interfaces/player_interfaces/msg/detail
[6.394s] -- Installing: /home/juanespadi/Documents/shalpy/proyecto_final_grupo_14/install/player_interfaces/include/player_interfaces/player_interfaces/msg/detail/trace__rosidl_typesupport_fastrtps_cpp.hpp
[6.394s] -- Installing: /home/juanespadi/Documents/shalpy/proyecto_final_grupo_14/install/player_interfaces/include/player_interfaces/player_interfaces/msg/detail/dds_fastrtps
[6.394s] -- Up-to-date: /home/juanespadi/Documents/shalpy/proyecto_final_grupo_14/install/player_interfaces/include/player_interfaces/player_interfaces/srv
[6.395s] -- Up-to-date: /home/juanespadi/Documents/shalpy/proyecto_final_grupo_14/install/player_interfaces/include/player_interfaces/player_interfaces/srv/detail
[6.395s] -- Installing: /home/juanespadi/Documents/shalpy/proyecto_final_grupo_14/install/player_interfaces/include/player_interfaces/player_interfaces/srv/detail/player_hardware__rosidl_typesupport_fastrtps_cpp.hpp
[6.395s] -- Installing: /home/juanespadi/Documents/shalpy/proyecto_final_grupo_14/install/player_interfaces/include/player_interfaces/player_interfaces/srv/detail/dds_fastrtps
[6.395s] -- Installing: /home/juanespadi/Documents/shalpy/proyecto_final_grupo_14/install/player_interfaces/include/player_interfaces/player_interfaces/srv/detail/player__rosidl_typesupport_fastrtps_cpp.hpp
[6.395s] -- Installing: /home/juanespadi/Documents/shalpy/proyecto_final_grupo_14/install/player_interfaces/lib/libplayer_interfaces__rosidl_typesupport_fastrtps_cpp.so
[6.396s] -- Set runtime path of "/home/juanespadi/Documents/shalpy/proyecto_final_grupo_14/install/player_interfaces/lib/libplayer_interfaces__rosidl_typesupport_fastrtps_cpp.so" to ""
[6.396s] -- Up-to-date: /home/juanespadi/Documents/shalpy/proyecto_final_grupo_14/install/player_interfaces/include/player_interfaces/player_interfaces
[6.396s] -- Up-to-date: /home/juanespadi/Documents/shalpy/proyecto_final_grupo_14/install/player_interfaces/include/player_interfaces/player_interfaces/msg
[6.396s] -- Up-to-date: /home/juanespadi/Documents/shalpy/proyecto_final_grupo_14/install/player_interfaces/include/player_interfaces/player_interfaces/msg/detail
[6.396s] -- Installing: /home/juanespadi/Documents/shalpy/proyecto_final_grupo_14/install/player_interfaces/include/player_interfaces/player_interfaces/msg/detail/trace__type_support.c
[6.397s] -- Installing: /home/juanespadi/Documents/shalpy/proyecto_final_grupo_14/install/player_interfaces/include/player_interfaces/player_interfaces/msg/detail/trace__rosidl_typesupport_introspection_c.h
[6.397s] -- Installing: /home/juanespadi/Documents/shalpy/proyecto_final_grupo_14/install/player_interfaces/include/player_interfaces/player_interfaces/msg/rosidl_typesupport_introspection_c__visibility_control.h
[6.397s] -- Up-to-date: /home/juanespadi/Documents/shalpy/proyecto_final_grupo_14/install/player_interfaces/include/player_interfaces/player_interfaces/srv
[6.397s] -- Up-to-date: /home/juanespadi/Documents/shalpy/proyecto_final_grupo_14/install/player_interfaces/include/player_interfaces/player_interfaces/srv/detail
[6.397s] -- Installing: /home/juanespadi/Documents/shalpy/proyecto_final_grupo_14/install/player_interfaces/include/player_interfaces/player_interfaces/srv/detail/player_hardware__type_support.c
[6.398s] -- Installing: /home/juanespadi/Documents/shalpy/proyecto_final_grupo_14/install/player_interfaces/include/player_interfaces/player_interfaces/srv/detail/player__rosidl_typesupport_introspection_c.h
[6.398s] -- Installing: /home/juanespadi/Documents/shalpy/proyecto_final_grupo_14/install/player_interfaces/include/player_interfaces/player_interfaces/srv/detail/player__type_support.c
[6.398s] -- Installing: /home/juanespadi/Documents/shalpy/proyecto_final_grupo_14/install/player_interfaces/include/player_interfaces/player_interfaces/srv/detail/player_hardware__rosidl_typesupport_introspection_c.h
[6.398s] -- Installing: /home/juanespadi/Documents/shalpy/proyecto_final_grupo_14/install/player_interfaces/lib/libplayer_interfaces__rosidl_typesupport_introspection_c.so
[6.398s] -- Set runtime path of "/home/juanespadi/Documents/shalpy/proyecto_final_grupo_14/install/player_interfaces/lib/libplayer_interfaces__rosidl_typesupport_introspection_c.so" to ""
[6.399s] -- Installing: /home/juanespadi/Documents/shalpy/proyecto_final_grupo_14/install/player_interfaces/lib/libplayer_interfaces__rosidl_typesupport_c.so
[6.399s] -- Set runtime path of "/home/juanespadi/Documents/shalpy/proyecto_final_grupo_14/install/player_interfaces/lib/libplayer_interfaces__rosidl_typesupport_c.so" to ""
[6.399s] -- Up-to-date: /home/juanespadi/Documents/shalpy/proyecto_final_grupo_14/install/player_interfaces/include/player_interfaces/player_interfaces
[6.399s] -- Up-to-date: /home/juanespadi/Documents/shalpy/proyecto_final_grupo_14/install/player_interfaces/include/player_interfaces/player_interfaces/msg
[6.399s] -- Up-to-date: /home/juanespadi/Documents/shalpy/proyecto_final_grupo_14/install/player_interfaces/include/player_interfaces/player_interfaces/msg/detail
[6.399s] -- Installing: /home/juanespadi/Documents/shalpy/proyecto_final_grupo_14/install/player_interfaces/include/player_interfaces/player_interfaces/msg/detail/trace__type_support.cpp
[6.400s] -- Installing: /home/juanespadi/Documents/shalpy/proyecto_final_grupo_14/install/player_interfaces/include/player_interfaces/player_interfaces/msg/detail/trace__rosidl_typesupport_introspection_cpp.hpp
[6.400s] -- Up-to-date: /home/juanespadi/Documents/shalpy/proyecto_final_grupo_14/install/player_interfaces/include/player_interfaces/player_interfaces/srv
[6.400s] -- Up-to-date: /home/juanespadi/Documents/shalpy/proyecto_final_grupo_14/install/player_interfaces/include/player_interfaces/player_interfaces/srv/detail
[6.400s] -- Installing: /home/juanespadi/Documents/shalpy/proyecto_final_grupo_14/install/player_interfaces/include/player_interfaces/player_interfaces/srv/detail/player__type_support.cpp
[6.400s] -- Installing: /home/juanespadi/Documents/shalpy/proyecto_final_grupo_14/install/player_interfaces/include/player_interfaces/player_interfaces/srv/detail/player__rosidl_typesupport_introspection_cpp.hpp
[6.401s] -- Installing: /home/juanespadi/Documents/shalpy/proyecto_final_grupo_14/install/player_interfaces/include/player_interfaces/player_interfaces/srv/detail/player_hardware__rosidl_typesupport_introspection_cpp.hpp
[6.401s] -- Installing: /home/juanespadi/Documents/shalpy/proyecto_final_grupo_14/install/player_interfaces/include/player_interfaces/player_interfaces/srv/detail/player_hardware__type_support.cpp
[6.401s] -- Installing: /home/juanespadi/Documents/shalpy/proyecto_final_grupo_14/install/player_interfaces/lib/libplayer_interfaces__rosidl_typesupport_introspection_cpp.so
[6.401s] -- Set runtime path of "/home/juanespadi/Documents/shalpy/proyecto_final_grupo_14/install/player_interfaces/lib/libplayer_interfaces__rosidl_typesupport_introspection_cpp.so" to ""
[6.401s] -- Installing: /home/juanespadi/Documents/shalpy/proyecto_final_grupo_14/install/player_interfaces/lib/libplayer_interfaces__rosidl_typesupport_cpp.so
[6.401s] -- Set runtime path of "/home/juanespadi/Documents/shalpy/proyecto_final_grupo_14/install/player_interfaces/lib/libplayer_interfaces__rosidl_typesupport_cpp.so" to ""
[6.402s] -- Installing: /home/juanespadi/Documents/shalpy/proyecto_final_grupo_14/install/player_interfaces/share/player_interfaces/environment/pythonpath.sh
[6.402s] -- Installing: /home/juanespadi/Documents/shalpy/proyecto_final_grupo_14/install/player_interfaces/share/player_interfaces/environment/pythonpath.dsv
[6.402s] -- Installing: /home/juanespadi/Documents/shalpy/proyecto_final_grupo_14/install/player_interfaces/local/lib/python3.10/dist-packages/player_interfaces-0.0.0-py3.10.egg-info
[6.402s] -- Installing: /home/juanespadi/Documents/shalpy/proyecto_final_grupo_14/install/player_interfaces/local/lib/python3.10/dist-packages/player_interfaces-0.0.0-py3.10.egg-info/SOURCES.txt
[6.402s] -- Installing: /home/juanespadi/Documents/shalpy/proyecto_final_grupo_14/install/player_interfaces/local/lib/python3.10/dist-packages/player_interfaces-0.0.0-py3.10.egg-info/dependency_links.txt
[6.403s] -- Installing: /home/juanespadi/Documents/shalpy/proyecto_final_grupo_14/install/player_interfaces/local/lib/python3.10/dist-packages/player_interfaces-0.0.0-py3.10.egg-info/top_level.txt
[6.403s] -- Installing: /home/juanespadi/Documents/shalpy/proyecto_final_grupo_14/install/player_interfaces/local/lib/python3.10/dist-packages/player_interfaces-0.0.0-py3.10.egg-info/PKG-INFO
[6.403s] -- Installing: /home/juanespadi/Documents/shalpy/proyecto_final_grupo_14/install/player_interfaces/local/lib/python3.10/dist-packages/player_interfaces
[6.403s] -- Installing: /home/juanespadi/Documents/shalpy/proyecto_final_grupo_14/install/player_interfaces/local/lib/python3.10/dist-packages/player_interfaces/player_interfaces_s__rosidl_typesupport_fastrtps_c.cpython-310-x86_64-linux-gnu.so
[6.403s] -- Installing: /home/juanespadi/Documents/shalpy/proyecto_final_grupo_14/install/player_interfaces/local/lib/python3.10/dist-packages/player_interfaces/msg
[6.404s] -- Installing: /home/juanespadi/Documents/shalpy/proyecto_final_grupo_14/install/player_interfaces/local/lib/python3.10/dist-packages/player_interfaces/msg/_trace.py
[6.404s] -- Installing: /home/juanespadi/Documents/shalpy/proyecto_final_grupo_14/install/player_interfaces/local/lib/python3.10/dist-packages/player_interfaces/msg/__init__.py
[6.404s] -- Installing: /home/juanespadi/Documents/shalpy/proyecto_final_grupo_14/install/player_interfaces/local/lib/python3.10/dist-packages/player_interfaces/msg/_trace_s.c
[6.404s] -- Installing: /home/juanespadi/Documents/shalpy/proyecto_final_grupo_14/install/player_interfaces/local/lib/python3.10/dist-packages/player_interfaces/_player_interfaces_s.ep.rosidl_typesupport_fastrtps_c.c
[6.404s] -- Installing: /home/juanespadi/Documents/shalpy/proyecto_final_grupo_14/install/player_interfaces/local/lib/python3.10/dist-packages/player_interfaces/player_interfaces_s__rosidl_typesupport_introspection_c.cpython-310-x86_64-linux-gnu.so
[6.404s] -- Installing: /home/juanespadi/Documents/shalpy/proyecto_final_grupo_14/install/player_interfaces/local/lib/python3.10/dist-packages/player_interfaces/_player_interfaces_s.ep.rosidl_typesupport_introspection_c.c
[6.405s] -- Installing: /home/juanespadi/Documents/shalpy/proyecto_final_grupo_14/install/player_interfaces/local/lib/python3.10/dist-packages/player_interfaces/libplayer_interfaces__rosidl_generator_py.so
[6.405s] -- Installing: /home/juanespadi/Documents/shalpy/proyecto_final_grupo_14/install/player_interfaces/local/lib/python3.10/dist-packages/player_interfaces/player_interfaces_s__rosidl_typesupport_c.cpython-310-x86_64-linux-gnu.so
[6.405s] -- Installing: /home/juanespadi/Documents/shalpy/proyecto_final_grupo_14/install/player_interfaces/local/lib/python3.10/dist-packages/player_interfaces/__init__.py
[6.405s] -- Installing: /home/juanespadi/Documents/shalpy/proyecto_final_grupo_14/install/player_interfaces/local/lib/python3.10/dist-packages/player_interfaces/_player_interfaces_s.ep.rosidl_typesupport_c.c
[6.405s] -- Installing: /home/juanespadi/Documents/shalpy/proyecto_final_grupo_14/install/player_interfaces/local/lib/python3.10/dist-packages/player_interfaces/srv
[6.406s] -- Installing: /home/juanespadi/Documents/shalpy/proyecto_final_grupo_14/install/player_interfaces/local/lib/python3.10/dist-packages/player_interfaces/srv/_player_s.c
[6.406s] -- Installing: /home/juanespadi/Documents/shalpy/proyecto_final_grupo_14/install/player_interfaces/local/lib/python3.10/dist-packages/player_interfaces/srv/__init__.py
[6.406s] -- Installing: /home/juanespadi/Documents/shalpy/proyecto_final_grupo_14/install/player_interfaces/local/lib/python3.10/dist-packages/player_interfaces/srv/_player_hardware.py
[6.406s] -- Installing: /home/juanespadi/Documents/shalpy/proyecto_final_grupo_14/install/player_interfaces/local/lib/python3.10/dist-packages/player_interfaces/srv/_player.py
[6.406s] -- Installing: /home/juanespadi/Documents/shalpy/proyecto_final_grupo_14/install/player_interfaces/local/lib/python3.10/dist-packages/player_interfaces/srv/_player_hardware_s.c
[6.445s] Listing '/home/juanespadi/Documents/shalpy/proyecto_final_grupo_14/install/player_interfaces/local/lib/python3.10/dist-packages/player_interfaces'...
[6.445s] Compiling '/home/juanespadi/Documents/shalpy/proyecto_final_grupo_14/install/player_interfaces/local/lib/python3.10/dist-packages/player_interfaces/__init__.py'...
[6.445s] Listing '/home/juanespadi/Documents/shalpy/proyecto_final_grupo_14/install/player_interfaces/local/lib/python3.10/dist-packages/player_interfaces/msg'...
[6.445s] Compiling '/home/juanespadi/Documents/shalpy/proyecto_final_grupo_14/install/player_interfaces/local/lib/python3.10/dist-packages/player_interfaces/msg/__init__.py'...
[6.445s] Compiling '/home/juanespadi/Documents/shalpy/proyecto_final_grupo_14/install/player_interfaces/local/lib/python3.10/dist-packages/player_interfaces/msg/_trace.py'...
[6.446s] Listing '/home/juanespadi/Documents/shalpy/proyecto_final_grupo_14/install/player_interfaces/local/lib/python3.10/dist-packages/player_interfaces/srv'...
[6.446s] Compiling '/home/juanespadi/Documents/shalpy/proyecto_final_grupo_14/install/player_interfaces/local/lib/python3.10/dist-packages/player_interfaces/srv/__init__.py'...
[6.446s] Compiling '/home/juanespadi/Documents/shalpy/proyecto_final_grupo_14/install/player_interfaces/local/lib/python3.10/dist-packages/player_interfaces/srv/_player.py'...
[6.446s] Compiling '/home/juanespadi/Documents/shalpy/proyecto_final_grupo_14/install/player_interfaces/local/lib/python3.10/dist-packages/player_interfaces/srv/_player_hardware.py'...
[6.450s] -- Installing: /home/juanespadi/Documents/shalpy/proyecto_final_grupo_14/install/player_interfaces/local/lib/python3.10/dist-packages/player_interfaces/player_interfaces_s__rosidl_typesupport_fastrtps_c.cpython-310-x86_64-linux-gnu.so
[6.450s] -- Set runtime path of "/home/juanespadi/Documents/shalpy/proyecto_final_grupo_14/install/player_interfaces/local/lib/python3.10/dist-packages/player_interfaces/player_interfaces_s__rosidl_typesupport_fastrtps_c.cpython-310-x86_64-linux-gnu.so" to ""
[6.451s] -- Installing: /home/juanespadi/Documents/shalpy/proyecto_final_grupo_14/install/player_interfaces/local/lib/python3.10/dist-packages/player_interfaces/player_interfaces_s__rosidl_typesupport_introspection_c.cpython-310-x86_64-linux-gnu.so
[6.451s] -- Set runtime path of "/home/juanespadi/Documents/shalpy/proyecto_final_grupo_14/install/player_interfaces/local/lib/python3.10/dist-packages/player_interfaces/player_interfaces_s__rosidl_typesupport_introspection_c.cpython-310-x86_64-linux-gnu.so" to ""
[6.451s] -- Installing: /home/juanespadi/Documents/shalpy/proyecto_final_grupo_14/install/player_interfaces/local/lib/python3.10/dist-packages/player_interfaces/player_interfaces_s__rosidl_typesupport_c.cpython-310-x86_64-linux-gnu.so
[6.452s] -- Set runtime path of "/home/juanespadi/Documents/shalpy/proyecto_final_grupo_14/install/player_interfaces/local/lib/python3.10/dist-packages/player_interfaces/player_interfaces_s__rosidl_typesupport_c.cpython-310-x86_64-linux-gnu.so" to ""
[6.452s] -- Installing: /home/juanespadi/Documents/shalpy/proyecto_final_grupo_14/install/player_interfaces/lib/libplayer_interfaces__rosidl_generator_py.so
[6.452s] -- Set runtime path of "/home/juanespadi/Documents/shalpy/proyecto_final_grupo_14/install/player_interfaces/lib/libplayer_interfaces__rosidl_generator_py.so" to ""
[6.453s] -- Installing: /home/juanespadi/Documents/shalpy/proyecto_final_grupo_14/install/player_interfaces/share/player_interfaces/srv/Player.idl
[6.453s] -- Installing: /home/juanespadi/Documents/shalpy/proyecto_final_grupo_14/install/player_interfaces/share/player_interfaces/srv/PlayerHardware.idl
[6.453s] -- Installing: /home/juanespadi/Documents/shalpy/proyecto_final_grupo_14/install/player_interfaces/share/player_interfaces/msg/Trace.idl
[6.453s] -- Installing: /home/juanespadi/Documents/shalpy/proyecto_final_grupo_14/install/player_interfaces/share/player_interfaces/srv/Player.srv
[6.453s] -- Installing: /home/juanespadi/Documents/shalpy/proyecto_final_grupo_14/install/player_interfaces/share/player_interfaces/srv/Player_Request.msg
[6.453s] -- Installing: /home/juanespadi/Documents/shalpy/proyecto_final_grupo_14/install/player_interfaces/share/player_interfaces/srv/Player_Response.msg
[6.454s] -- Installing: /home/juanespadi/Documents/shalpy/proyecto_final_grupo_14/install/player_interfaces/share/player_interfaces/srv/PlayerHardware.srv
[6.454s] -- Installing: /home/juanespadi/Documents/shalpy/proyecto_final_grupo_14/install/player_interfaces/share/player_interfaces/srv/PlayerHardware_Request.msg
[6.454s] -- Installing: /home/juanespadi/Documents/shalpy/proyecto_final_grupo_14/install/player_interfaces/share/player_interfaces/srv/PlayerHardware_Response.msg
[6.454s] -- Installing: /home/juanespadi/Documents/shalpy/proyecto_final_grupo_14/install/player_interfaces/share/player_interfaces/msg/Trace.msg
[6.454s] -- Installing: /home/juanespadi/Documents/shalpy/proyecto_final_grupo_14/install/player_interfaces/share/ament_index/resource_index/package_run_dependencies/player_interfaces
[6.454s] -- Installing: /home/juanespadi/Documents/shalpy/proyecto_final_grupo_14/install/player_interfaces/share/ament_index/resource_index/parent_prefix_path/player_interfaces
[6.455s] -- Installing: /home/juanespadi/Documents/shalpy/proyecto_final_grupo_14/install/player_interfaces/share/player_interfaces/environment/ament_prefix_path.sh
[6.455s] -- Installing: /home/juanespadi/Documents/shalpy/proyecto_final_grupo_14/install/player_interfaces/share/player_interfaces/environment/ament_prefix_path.dsv
[6.455s] -- Installing: /home/juanespadi/Documents/shalpy/proyecto_final_grupo_14/install/player_interfaces/share/player_interfaces/environment/path.sh
[6.455s] -- Installing: /home/juanespadi/Documents/shalpy/proyecto_final_grupo_14/install/player_interfaces/share/player_interfaces/environment/path.dsv
[6.455s] -- Installing: /home/juanespadi/Documents/shalpy/proyecto_final_grupo_14/install/player_interfaces/share/player_interfaces/local_setup.bash
[6.455s] -- Installing: /home/juanespadi/Documents/shalpy/proyecto_final_grupo_14/install/player_interfaces/share/player_interfaces/local_setup.sh
[6.455s] -- Installing: /home/juanespadi/Documents/shalpy/proyecto_final_grupo_14/install/player_interfaces/share/player_interfaces/local_setup.zsh
[6.456s] -- Installing: /home/juanespadi/Documents/shalpy/proyecto_final_grupo_14/install/player_interfaces/share/player_interfaces/local_setup.dsv
[6.456s] -- Installing: /home/juanespadi/Documents/shalpy/proyecto_final_grupo_14/install/player_interfaces/share/player_interfaces/package.dsv
[6.456s] -- Installing: /home/juanespadi/Documents/shalpy/proyecto_final_grupo_14/install/player_interfaces/share/ament_index/resource_index/packages/player_interfaces
[6.456s] -- Installing: /home/juanespadi/Documents/shalpy/proyecto_final_grupo_14/install/player_interfaces/share/player_interfaces/cmake/export_player_interfaces__rosidl_generator_cExport.cmake
[6.456s] -- Installing: /home/juanespadi/Documents/shalpy/proyecto_final_grupo_14/install/player_interfaces/share/player_interfaces/cmake/export_player_interfaces__rosidl_generator_cExport-noconfig.cmake
[6.457s] -- Installing: /home/juanespadi/Documents/shalpy/proyecto_final_grupo_14/install/player_interfaces/share/player_interfaces/cmake/export_player_interfaces__rosidl_typesupport_fastrtps_cExport.cmake
[6.457s] -- Installing: /home/juanespadi/Documents/shalpy/proyecto_final_grupo_14/install/player_interfaces/share/player_interfaces/cmake/export_player_interfaces__rosidl_typesupport_fastrtps_cExport-noconfig.cmake
[6.457s] -- Installing: /home/juanespadi/Documents/shalpy/proyecto_final_grupo_14/install/player_interfaces/share/player_interfaces/cmake/export_player_interfaces__rosidl_generator_cppExport.cmake
[6.457s] -- Installing: /home/juanespadi/Documents/shalpy/proyecto_final_grupo_14/install/player_interfaces/share/player_interfaces/cmake/export_player_interfaces__rosidl_typesupport_fastrtps_cppExport.cmake
[6.457s] -- Installing: /home/juanespadi/Documents/shalpy/proyecto_final_grupo_14/install/player_interfaces/share/player_interfaces/cmake/export_player_interfaces__rosidl_typesupport_fastrtps_cppExport-noconfig.cmake
[6.457s] -- Installing: /home/juanespadi/Documents/shalpy/proyecto_final_grupo_14/install/player_interfaces/share/player_interfaces/cmake/player_interfaces__rosidl_typesupport_introspection_cExport.cmake
[6.457s] -- Installing: /home/juanespadi/Documents/shalpy/proyecto_final_grupo_14/install/player_interfaces/share/player_interfaces/cmake/player_interfaces__rosidl_typesupport_introspection_cExport-noconfig.cmake
[6.458s] -- Installing: /home/juanespadi/Documents/shalpy/proyecto_final_grupo_14/install/player_interfaces/share/player_interfaces/cmake/player_interfaces__rosidl_typesupport_cExport.cmake
[6.458s] -- Installing: /home/juanespadi/Documents/shalpy/proyecto_final_grupo_14/install/player_interfaces/share/player_interfaces/cmake/player_interfaces__rosidl_typesupport_cExport-noconfig.cmake
[6.458s] -- Installing: /home/juanespadi/Documents/shalpy/proyecto_final_grupo_14/install/player_interfaces/share/player_interfaces/cmake/player_interfaces__rosidl_typesupport_introspection_cppExport.cmake
[6.458s] -- Installing: /home/juanespadi/Documents/shalpy/proyecto_final_grupo_14/install/player_interfaces/share/player_interfaces/cmake/player_interfaces__rosidl_typesupport_introspection_cppExport-noconfig.cmake
[6.458s] -- Installing: /home/juanespadi/Documents/shalpy/proyecto_final_grupo_14/install/player_interfaces/share/player_interfaces/cmake/player_interfaces__rosidl_typesupport_cppExport.cmake
[6.458s] -- Installing: /home/juanespadi/Documents/shalpy/proyecto_final_grupo_14/install/player_interfaces/share/player_interfaces/cmake/player_interfaces__rosidl_typesupport_cppExport-noconfig.cmake
[6.459s] -- Installing: /home/juanespadi/Documents/shalpy/proyecto_final_grupo_14/install/player_interfaces/share/player_interfaces/cmake/export_player_interfaces__rosidl_generator_pyExport.cmake
[6.459s] -- Installing: /home/juanespadi/Documents/shalpy/proyecto_final_grupo_14/install/player_interfaces/share/player_interfaces/cmake/export_player_interfaces__rosidl_generator_pyExport-noconfig.cmake
[6.459s] -- Installing: /home/juanespadi/Documents/shalpy/proyecto_final_grupo_14/install/player_interfaces/share/player_interfaces/cmake/rosidl_cmake-extras.cmake
[6.459s] -- Installing: /home/juanespadi/Documents/shalpy/proyecto_final_grupo_14/install/player_interfaces/share/player_interfaces/cmake/ament_cmake_export_dependencies-extras.cmake
[6.459s] -- Installing: /home/juanespadi/Documents/shalpy/proyecto_final_grupo_14/install/player_interfaces/share/player_interfaces/cmake/ament_cmake_export_include_directories-extras.cmake
[6.459s] -- Installing: /home/juanespadi/Documents/shalpy/proyecto_final_grupo_14/install/player_interfaces/share/player_interfaces/cmake/ament_cmake_export_libraries-extras.cmake
[6.460s] -- Installing: /home/juanespadi/Documents/shalpy/proyecto_final_grupo_14/install/player_interfaces/share/player_interfaces/cmake/ament_cmake_export_targets-extras.cmake
[6.460s] -- Installing: /home/juanespadi/Documents/shalpy/proyecto_final_grupo_14/install/player_interfaces/share/player_interfaces/cmake/rosidl_cmake_export_typesupport_targets-extras.cmake
[6.460s] -- Installing: /home/juanespadi/Documents/shalpy/proyecto_final_grupo_14/install/player_interfaces/share/player_interfaces/cmake/rosidl_cmake_export_typesupport_libraries-extras.cmake
[6.460s] -- Installing: /home/juanespadi/Documents/shalpy/proyecto_final_grupo_14/install/player_interfaces/share/player_interfaces/cmake/player_interfacesConfig.cmake
[6.460s] -- Installing: /home/juanespadi/Documents/shalpy/proyecto_final_grupo_14/install/player_interfaces/share/player_interfaces/cmake/player_interfacesConfig-version.cmake
[6.460s] -- Installing: /home/juanespadi/Documents/shalpy/proyecto_final_grupo_14/install/player_interfaces/share/player_interfaces/package.xml
[6.463s] Invoked command in '/home/juanespadi/Documents/shalpy/proyecto_final_grupo_14/build/player_interfaces' returned '0': CMAKE_PREFIX_PATH=/opt/ros/humble /usr/bin/cmake --install /home/juanespadi/Documents/shalpy/proyecto_final_grupo_14/build/player_interfaces
