[1.591s] Invoking command in '/home/juanespadi/Documents/shalpy/proyecto_final_grupo_14/src/proyecto_master_pkg': PYTHONPATH=/home/juanespadi/Documents/shalpy/proyecto_final_grupo_14/build/proyecto_master_pkg/prefix_override:/home/juanespadi/Documents/shalpy/proyecto_final_grupo_14/install/proyecto_master_pkg/lib/python3.10/site-packages:${PYTHONPATH} /usr/bin/python3 setup.py egg_info --egg-base ../../build/proyecto_master_pkg build --build-base /home/juanespadi/Documents/shalpy/proyecto_final_grupo_14/build/proyecto_master_pkg/build install --record /home/juanespadi/Documents/shalpy/proyecto_final_grupo_14/build/proyecto_master_pkg/install.log --install-scripts $base/lib/proyecto_master_pkg --single-version-externally-managed
[1.889s] /usr/lib/python3/dist-packages/setuptools/dist.py:723: UserWarning: Usage of dash-separated 'script-dir' will not be supported in future versions. Please use the underscore name 'script_dir' instead
[1.889s]   warnings.warn(
[1.899s] running egg_info
[1.899s] creating ../../build/proyecto_master_pkg/proyecto_master_pkg.egg-info
[1.900s] writing ../../build/proyecto_master_pkg/proyecto_master_pkg.egg-info/PKG-INFO
[1.900s] writing dependency_links to ../../build/proyecto_master_pkg/proyecto_master_pkg.egg-info/dependency_links.txt
[1.902s] writing entry points to ../../build/proyecto_master_pkg/proyecto_master_pkg.egg-info/entry_points.txt
[1.902s] writing requirements to ../../build/proyecto_master_pkg/proyecto_master_pkg.egg-info/requires.txt
[1.902s] writing top-level names to ../../build/proyecto_master_pkg/proyecto_master_pkg.egg-info/top_level.txt
[1.902s] writing manifest file '../../build/proyecto_master_pkg/proyecto_master_pkg.egg-info/SOURCES.txt'
[1.903s] reading manifest file '../../build/proyecto_master_pkg/proyecto_master_pkg.egg-info/SOURCES.txt'
[1.904s] writing manifest file '../../build/proyecto_master_pkg/proyecto_master_pkg.egg-info/SOURCES.txt'
[1.904s] running build
[1.904s] running build_py
[1.904s] creating /home/juanespadi/Documents/shalpy/proyecto_final_grupo_14/build/proyecto_master_pkg/build
[1.905s] creating /home/juanespadi/Documents/shalpy/proyecto_final_grupo_14/build/proyecto_master_pkg/build/lib
[1.905s] creating /home/juanespadi/Documents/shalpy/proyecto_final_grupo_14/build/proyecto_master_pkg/build/lib/proyecto_master_pkg
[1.905s] copying proyecto_master_pkg/__init__.py -> /home/juanespadi/Documents/shalpy/proyecto_final_grupo_14/build/proyecto_master_pkg/build/lib/proyecto_master_pkg
[1.905s] copying proyecto_master_pkg/master.py -> /home/juanespadi/Documents/shalpy/proyecto_final_grupo_14/build/proyecto_master_pkg/build/lib/proyecto_master_pkg
[1.905s] running install
[1.905s] /usr/lib/python3/dist-packages/setuptools/command/install.py:34: SetuptoolsDeprecationWarning: setup.py install is deprecated. Use build and pip and other standards-based tools.
[1.905s]   warnings.warn(
[1.906s] running install_lib
[1.907s] creating /home/juanespadi/Documents/shalpy/proyecto_final_grupo_14/install/proyecto_master_pkg/lib/python3.10/site-packages/proyecto_master_pkg
[1.907s] copying /home/juanespadi/Documents/shalpy/proyecto_final_grupo_14/build/proyecto_master_pkg/build/lib/proyecto_master_pkg/__init__.py -> /home/juanespadi/Documents/shalpy/proyecto_final_grupo_14/install/proyecto_master_pkg/lib/python3.10/site-packages/proyecto_master_pkg
[1.907s] copying /home/juanespadi/Documents/shalpy/proyecto_final_grupo_14/build/proyecto_master_pkg/build/lib/proyecto_master_pkg/master.py -> /home/juanespadi/Documents/shalpy/proyecto_final_grupo_14/install/proyecto_master_pkg/lib/python3.10/site-packages/proyecto_master_pkg
[1.908s] byte-compiling /home/juanespadi/Documents/shalpy/proyecto_final_grupo_14/install/proyecto_master_pkg/lib/python3.10/site-packages/proyecto_master_pkg/__init__.py to __init__.cpython-310.pyc
[1.908s] byte-compiling /home/juanespadi/Documents/shalpy/proyecto_final_grupo_14/install/proyecto_master_pkg/lib/python3.10/site-packages/proyecto_master_pkg/master.py to master.cpython-310.pyc
[1.910s] running install_data
[1.910s] creating /home/juanespadi/Documents/shalpy/proyecto_final_grupo_14/install/proyecto_master_pkg/share/ament_index
[1.911s] creating /home/juanespadi/Documents/shalpy/proyecto_final_grupo_14/install/proyecto_master_pkg/share/ament_index/resource_index
[1.911s] creating /home/juanespadi/Documents/shalpy/proyecto_final_grupo_14/install/proyecto_master_pkg/share/ament_index/resource_index/packages
[1.911s] copying resource/proyecto_master_pkg -> /home/juanespadi/Documents/shalpy/proyecto_final_grupo_14/install/proyecto_master_pkg/share/ament_index/resource_index/packages
[1.911s] copying package.xml -> /home/juanespadi/Documents/shalpy/proyecto_final_grupo_14/install/proyecto_master_pkg/share/proyecto_master_pkg
[1.911s] running install_egg_info
[1.913s] Copying ../../build/proyecto_master_pkg/proyecto_master_pkg.egg-info to /home/juanespadi/Documents/shalpy/proyecto_final_grupo_14/install/proyecto_master_pkg/lib/python3.10/site-packages/proyecto_master_pkg-0.0.0-py3.10.egg-info
[1.914s] running install_scripts
[1.937s] Installing master script to /home/juanespadi/Documents/shalpy/proyecto_final_grupo_14/install/proyecto_master_pkg/lib/proyecto_master_pkg
[1.938s] writing list of installed files to '/home/juanespadi/Documents/shalpy/proyecto_final_grupo_14/build/proyecto_master_pkg/install.log'
[1.983s] Invoked command in '/home/juanespadi/Documents/shalpy/proyecto_final_grupo_14/src/proyecto_master_pkg' returned '0': PYTHONPATH=/home/juanespadi/Documents/shalpy/proyecto_final_grupo_14/build/proyecto_master_pkg/prefix_override:/home/juanespadi/Documents/shalpy/proyecto_final_grupo_14/install/proyecto_master_pkg/lib/python3.10/site-packages:${PYTHONPATH} /usr/bin/python3 setup.py egg_info --egg-base ../../build/proyecto_master_pkg build --build-base /home/juanespadi/Documents/shalpy/proyecto_final_grupo_14/build/proyecto_master_pkg/build install --record /home/juanespadi/Documents/shalpy/proyecto_final_grupo_14/build/proyecto_master_pkg/install.log --install-scripts $base/lib/proyecto_master_pkg --single-version-externally-managed
