[2.706s] Invoking command in '/home/ubuntu/Documents/shalpy/camera_ws/src/cameraraspy': PYTHONPATH=/home/ubuntu/Documents/shalpy/camera_ws/build/cameraraspy/prefix_override:/home/ubuntu/Documents/shalpy/camera_ws/install/cameraraspy/lib/python3.10/site-packages:${PYTHONPATH} /usr/bin/python3 setup.py egg_info --egg-base ../../build/cameraraspy build --build-base /home/ubuntu/Documents/shalpy/camera_ws/build/cameraraspy/build install --record /home/ubuntu/Documents/shalpy/camera_ws/build/cameraraspy/install.log --single-version-externally-managed
[3.707s] running egg_info
[3.710s] writing ../../build/cameraraspy/cameraraspy.egg-info/PKG-INFO
[3.711s] writing dependency_links to ../../build/cameraraspy/cameraraspy.egg-info/dependency_links.txt
[3.712s] writing entry points to ../../build/cameraraspy/cameraraspy.egg-info/entry_points.txt
[3.712s] writing requirements to ../../build/cameraraspy/cameraraspy.egg-info/requires.txt
[3.713s] writing top-level names to ../../build/cameraraspy/cameraraspy.egg-info/top_level.txt
[3.721s] reading manifest file '../../build/cameraraspy/cameraraspy.egg-info/SOURCES.txt'
[3.725s] writing manifest file '../../build/cameraraspy/cameraraspy.egg-info/SOURCES.txt'
[3.726s] running build
[3.726s] running build_py
[3.728s] copying cameraraspy/rec_image.py -> /home/ubuntu/Documents/shalpy/camera_ws/build/cameraraspy/build/lib/cameraraspy
[3.729s] running install
[3.730s] /usr/lib/python3/dist-packages/setuptools/command/install.py:34: SetuptoolsDeprecationWarning: setup.py install is deprecated. Use build and pip and other standards-based tools.
[3.730s]   warnings.warn(
[3.731s] running install_lib
[3.736s] copying /home/ubuntu/Documents/shalpy/camera_ws/build/cameraraspy/build/lib/cameraraspy/rec_image.py -> /home/ubuntu/Documents/shalpy/camera_ws/install/cameraraspy/lib/python3.10/site-packages/cameraraspy
[3.739s] byte-compiling /home/ubuntu/Documents/shalpy/camera_ws/install/cameraraspy/lib/python3.10/site-packages/cameraraspy/rec_image.py to rec_image.cpython-310.pyc
[3.741s] running install_data
[3.744s] running install_egg_info
[3.750s] removing '/home/ubuntu/Documents/shalpy/camera_ws/install/cameraraspy/lib/python3.10/site-packages/cameraraspy-0.0.0-py3.10.egg-info' (and everything under it)
[3.752s] Copying ../../build/cameraraspy/cameraraspy.egg-info to /home/ubuntu/Documents/shalpy/camera_ws/install/cameraraspy/lib/python3.10/site-packages/cameraraspy-0.0.0-py3.10.egg-info
[3.757s] running install_scripts
[3.843s] Installing rec_image script to /home/ubuntu/Documents/shalpy/camera_ws/install/cameraraspy/lib/cameraraspy
[3.844s] Installing sent_image script to /home/ubuntu/Documents/shalpy/camera_ws/install/cameraraspy/lib/cameraraspy
[3.845s] writing list of installed files to '/home/ubuntu/Documents/shalpy/camera_ws/build/cameraraspy/install.log'
[3.961s] Invoked command in '/home/ubuntu/Documents/shalpy/camera_ws/src/cameraraspy' returned '0': PYTHONPATH=/home/ubuntu/Documents/shalpy/camera_ws/build/cameraraspy/prefix_override:/home/ubuntu/Documents/shalpy/camera_ws/install/cameraraspy/lib/python3.10/site-packages:${PYTHONPATH} /usr/bin/python3 setup.py egg_info --egg-base ../../build/cameraraspy build --build-base /home/ubuntu/Documents/shalpy/camera_ws/build/cameraraspy/build install --record /home/ubuntu/Documents/shalpy/camera_ws/build/cameraraspy/install.log --single-version-externally-managed
