[0.023s] Invoking command in '/home/juanespadi/Documents/shalpy/taller2_grupo14/build/player_interfaces': CMAKE_PREFIX_PATH=${CMAKE_PREFIX_PATH}:/home/juanespadi/Documents/shalpy/taller2_grupo14/install/turtle_bot_14:/opt/ros/humble /usr/bin/cmake --build /home/juanespadi/Documents/shalpy/taller2_grupo14/build/player_interfaces -- -j8 -l8
[0.051s] -- Found ament_cmake: 1.3.3 (/opt/ros/humble/share/ament_cmake/cmake)
[0.212s] -- Found geometry_msgs: 4.2.3 (/opt/ros/humble/share/geometry_msgs/cmake)
[0.240s] -- Found rosidl_generator_c: 3.1.4 (/opt/ros/humble/share/rosidl_generator_c/cmake)
[0.243s] -- Found rosidl_adapter: 3.1.4 (/opt/ros/humble/share/rosidl_adapter/cmake)
[0.249s] -- Found rosidl_generator_cpp: 3.1.4 (/opt/ros/humble/share/rosidl_generator_cpp/cmake)
[0.261s] -- Using all available rosidl_typesupport_c: rosidl_typesupport_fastrtps_c;rosidl_typesupport_introspection_c
[0.278s] -- Using all available rosidl_typesupport_cpp: rosidl_typesupport_fastrtps_cpp;rosidl_typesupport_introspection_cpp
[0.411s] -- Found rosidl_default_generators: 1.2.0 (/opt/ros/humble/share/rosidl_default_generators/cmake)
[0.746s] -- Found ament_cmake_ros: 0.10.0 (/opt/ros/humble/share/ament_cmake_ros/cmake)
[1.234s] -- Using all available rosidl_typesupport_c: rosidl_typesupport_fastrtps_c;rosidl_typesupport_introspection_c
[1.418s] -- Using all available rosidl_typesupport_cpp: rosidl_typesupport_fastrtps_cpp;rosidl_typesupport_introspection_cpp
[1.445s] -- Found python_cmake_module: 0.10.0 (/opt/ros/humble/share/python_cmake_module/cmake)
[1.471s] -- Using PYTHON_EXECUTABLE: /usr/bin/python3
[1.472s] -- Using PYTHON_INCLUDE_DIRS: /usr/include/python3.10
[1.472s] -- Using PYTHON_LIBRARIES: /usr/lib/x86_64-linux-gnu/libpython3.10.so
[1.514s] -- Found ament_lint_auto: 0.12.5 (/opt/ros/humble/share/ament_lint_auto/cmake)
[1.526s] -- Added test 'lint_cmake' to check CMake code style
[1.529s] -- Added test 'xmllint' to check XML markup files
[1.530s] -- Configuring done
[1.573s] -- Generating done
[1.578s] -- Build files have been written to: /home/juanespadi/Documents/shalpy/taller2_grupo14/build/player_interfaces
[1.602s] [  2%] [34m[1mGenerating C code for ROS interfaces[0m
[1.612s] [  5%] [34m[1mGenerating C++ code for ROS interfaces[0m
[1.623s] [  5%] Built target ament_cmake_python_copy_player_interfaces
[1.938s] running egg_info
[1.942s] writing player_interfaces.egg-info/PKG-INFO
[1.943s] writing dependency_links to player_interfaces.egg-info/dependency_links.txt
[1.943s] writing top-level names to player_interfaces.egg-info/top_level.txt
[1.952s] reading manifest file 'player_interfaces.egg-info/SOURCES.txt'
[1.953s] writing manifest file 'player_interfaces.egg-info/SOURCES.txt'
[1.964s] [35m[1mConsolidate compiler generated dependencies of target player_interfaces__rosidl_generator_c[0m
[1.970s] [  5%] Built target player_interfaces__cpp
[1.979s] [  7%] [32mBuilding C object CMakeFiles/player_interfaces__rosidl_generator_c.dir/rosidl_generator_c/player_interfaces/msg/detail/trace__functions.c.o[0m
[1.980s] [ 10%] [32mBuilding C object CMakeFiles/player_interfaces__rosidl_generator_c.dir/rosidl_generator_c/player_interfaces/srv/detail/player__functions.c.o[0m
[1.986s] [ 12%] [34m[1mGenerating C++ type support dispatch for ROS interfaces[0m
[1.987s] [ 17%] [34m[1mGenerating C++ type support for eProsima Fast-RTPS[0m
[1.987s] [ 17%] [34m[1mGenerating C++ introspection for ROS interfaces[0m
[1.996s] [ 17%] Built target ament_cmake_python_build_player_interfaces_egg
[2.049s] [ 20%] [32m[1mLinking C shared library libplayer_interfaces__rosidl_generator_c.so[0m
[2.092s] [ 20%] Built target player_interfaces__rosidl_generator_c
[2.104s] [ 23%] [34m[1mGenerating C type support for eProsima Fast-RTPS[0m
[2.106s] [ 25%] [34m[1mGenerating C introspection for ROS interfaces[0m
[2.106s] [ 28%] [34m[1mGenerating C type support dispatch for ROS interfaces[0m
[2.354s] [35m[1mConsolidate compiler generated dependencies of target player_interfaces__rosidl_typesupport_cpp[0m
[2.373s] [ 33%] [32mBuilding CXX object CMakeFiles/player_interfaces__rosidl_typesupport_cpp.dir/rosidl_typesupport_cpp/player_interfaces/srv/player__type_support.cpp.o[0m
[2.375s] [ 33%] [32mBuilding CXX object CMakeFiles/player_interfaces__rosidl_typesupport_cpp.dir/rosidl_typesupport_cpp/player_interfaces/msg/trace__type_support.cpp.o[0m
[2.397s] [35m[1mConsolidate compiler generated dependencies of target player_interfaces__rosidl_typesupport_c[0m
[2.413s] [ 38%] [32mBuilding CXX object CMakeFiles/player_interfaces__rosidl_typesupport_c.dir/rosidl_typesupport_c/player_interfaces/msg/trace__type_support.cpp.o[0m
[2.413s] [ 38%] [32mBuilding CXX object CMakeFiles/player_interfaces__rosidl_typesupport_c.dir/rosidl_typesupport_c/player_interfaces/srv/player__type_support.cpp.o[0m
[2.472s] [35m[1mConsolidate compiler generated dependencies of target player_interfaces__rosidl_typesupport_introspection_cpp[0m
[2.476s] [ 41%] [32m[1mLinking CXX shared library libplayer_interfaces__rosidl_typesupport_c.so[0m
[2.493s] [ 46%] [32mBuilding CXX object CMakeFiles/player_interfaces__rosidl_typesupport_introspection_cpp.dir/rosidl_typesupport_introspection_cpp/player_interfaces/msg/detail/trace__type_support.cpp.o[0m
[2.494s] [ 46%] [32mBuilding CXX object CMakeFiles/player_interfaces__rosidl_typesupport_introspection_cpp.dir/rosidl_typesupport_introspection_cpp/player_interfaces/srv/detail/player__type_support.cpp.o[0m
[2.542s] [ 46%] Built target player_interfaces__rosidl_typesupport_c
[2.569s] [35m[1mConsolidate compiler generated dependencies of target player_interfaces__rosidl_typesupport_fastrtps_cpp[0m
[2.594s] [ 51%] [32mBuilding CXX object CMakeFiles/player_interfaces__rosidl_typesupport_fastrtps_cpp.dir/rosidl_typesupport_fastrtps_cpp/player_interfaces/msg/detail/dds_fastrtps/trace__type_support.cpp.o[0m
[2.595s] [ 51%] [32mBuilding CXX object CMakeFiles/player_interfaces__rosidl_typesupport_fastrtps_cpp.dir/rosidl_typesupport_fastrtps_cpp/player_interfaces/srv/detail/dds_fastrtps/player__type_support.cpp.o[0m
[2.667s] [35m[1mConsolidate compiler generated dependencies of target player_interfaces__rosidl_typesupport_fastrtps_c[0m
[2.692s] [ 53%] [32mBuilding CXX object CMakeFiles/player_interfaces__rosidl_typesupport_fastrtps_c.dir/rosidl_typesupport_fastrtps_c/player_interfaces/srv/detail/player__type_support_c.cpp.o[0m
[2.708s] [35m[1mConsolidate compiler generated dependencies of target player_interfaces__rosidl_typesupport_introspection_c[0m
[2.727s] [ 56%] [32mBuilding C object CMakeFiles/player_interfaces__rosidl_typesupport_introspection_c.dir/rosidl_typesupport_introspection_c/player_interfaces/srv/detail/player__type_support.c.o[0m
[2.797s] [ 58%] [32mBuilding C object CMakeFiles/player_interfaces__rosidl_typesupport_introspection_c.dir/rosidl_typesupport_introspection_c/player_interfaces/msg/detail/trace__type_support.c.o[0m
[2.857s] [ 61%] [32mBuilding CXX object CMakeFiles/player_interfaces__rosidl_typesupport_fastrtps_c.dir/rosidl_typesupport_fastrtps_c/player_interfaces/msg/detail/trace__type_support_c.cpp.o[0m
[2.868s] [ 64%] [32m[1mLinking C shared library libplayer_interfaces__rosidl_typesupport_introspection_c.so[0m
[2.906s] [ 66%] [32m[1mLinking CXX shared library libplayer_interfaces__rosidl_typesupport_cpp.so[0m
[2.926s] [ 66%] Built target player_interfaces__rosidl_typesupport_introspection_c
[2.987s] [ 66%] Built target player_interfaces__rosidl_typesupport_cpp
[3.299s] [ 69%] [32m[1mLinking CXX shared library libplayer_interfaces__rosidl_typesupport_introspection_cpp.so[0m
[3.366s] [ 71%] [32m[1mLinking CXX shared library libplayer_interfaces__rosidl_typesupport_fastrtps_cpp.so[0m
[3.414s] [ 71%] Built target player_interfaces__rosidl_typesupport_introspection_cpp
[3.427s] [ 74%] [32m[1mLinking CXX shared library libplayer_interfaces__rosidl_typesupport_fastrtps_c.so[0m
[3.483s] [ 74%] Built target player_interfaces__rosidl_typesupport_fastrtps_cpp
[3.538s] [ 74%] Built target player_interfaces__rosidl_typesupport_fastrtps_c
[3.564s] [ 74%] Built target player_interfaces
[3.586s] [ 76%] [34m[1mGenerating Python code for ROS interfaces[0m
[4.031s] [ 76%] Built target player_interfaces__py
[4.042s] [35m[1mConsolidate compiler generated dependencies of target player_interfaces__rosidl_generator_py[0m
[4.057s] [ 82%] [32mBuilding C object CMakeFiles/player_interfaces__rosidl_generator_py.dir/rosidl_generator_py/player_interfaces/msg/_trace_s.c.o[0m
[4.057s] [ 82%] [32mBuilding C object CMakeFiles/player_interfaces__rosidl_generator_py.dir/rosidl_generator_py/player_interfaces/srv/_player_s.c.o[0m
[4.172s] [ 84%] [32m[1mLinking C shared library rosidl_generator_py/player_interfaces/libplayer_interfaces__rosidl_generator_py.so[0m
[4.218s] [ 84%] Built target player_interfaces__rosidl_generator_py
[4.229s] [35m[1mConsolidate compiler generated dependencies of target player_interfaces__rosidl_typesupport_introspection_c__pyext[0m
[4.229s] [35m[1mConsolidate compiler generated dependencies of target player_interfaces__rosidl_typesupport_fastrtps_c__pyext[0m
[4.229s] [35m[1mConsolidate compiler generated dependencies of target player_interfaces__rosidl_typesupport_c__pyext[0m
[4.245s] [ 92%] [32mBuilding C object CMakeFiles/player_interfaces__rosidl_typesupport_c__pyext.dir/rosidl_generator_py/player_interfaces/_player_interfaces_s.ep.rosidl_typesupport_c.c.o[0m
[4.245s] [ 92%] [32mBuilding C object CMakeFiles/player_interfaces__rosidl_typesupport_introspection_c__pyext.dir/rosidl_generator_py/player_interfaces/_player_interfaces_s.ep.rosidl_typesupport_introspection_c.c.o[0m
[4.245s] [ 92%] [32mBuilding C object CMakeFiles/player_interfaces__rosidl_typesupport_fastrtps_c__pyext.dir/rosidl_generator_py/player_interfaces/_player_interfaces_s.ep.rosidl_typesupport_fastrtps_c.c.o[0m
[4.360s] [100%] [32m[1mLinking C shared library rosidl_generator_py/player_interfaces/player_interfaces_s__rosidl_typesupport_c.cpython-310-x86_64-linux-gnu.so[0m
[4.360s] [100%] [32m[1mLinking C shared library rosidl_generator_py/player_interfaces/player_interfaces_s__rosidl_typesupport_fastrtps_c.cpython-310-x86_64-linux-gnu.so[0m
[4.360s] [100%] [32m[1mLinking C shared library rosidl_generator_py/player_interfaces/player_interfaces_s__rosidl_typesupport_introspection_c.cpython-310-x86_64-linux-gnu.so[0m
[4.402s] [100%] Built target player_interfaces__rosidl_typesupport_introspection_c__pyext
[4.402s] [100%] Built target player_interfaces__rosidl_typesupport_fastrtps_c__pyext
[4.402s] [100%] Built target player_interfaces__rosidl_typesupport_c__pyext
[4.413s] Invoked command in '/home/juanespadi/Documents/shalpy/taller2_grupo14/build/player_interfaces' returned '0': CMAKE_PREFIX_PATH=${CMAKE_PREFIX_PATH}:/home/juanespadi/Documents/shalpy/taller2_grupo14/install/turtle_bot_14:/opt/ros/humble /usr/bin/cmake --build /home/juanespadi/Documents/shalpy/taller2_grupo14/build/player_interfaces -- -j8 -l8
[4.498s] Invoking command in '/home/juanespadi/Documents/shalpy/taller2_grupo14/build/player_interfaces': CMAKE_PREFIX_PATH=${CMAKE_PREFIX_PATH}:/home/juanespadi/Documents/shalpy/taller2_grupo14/install/turtle_bot_14:/opt/ros/humble /usr/bin/cmake --install /home/juanespadi/Documents/shalpy/taller2_grupo14/build/player_interfaces
[4.506s] -- Install configuration: ""
[4.507s] -- Up-to-date: /home/juanespadi/Documents/shalpy/taller2_grupo14/install/player_interfaces/share/ament_index/resource_index/rosidl_interfaces/player_interfaces
[4.507s] -- Up-to-date: /home/juanespadi/Documents/shalpy/taller2_grupo14/install/player_interfaces/include/player_interfaces/player_interfaces
[4.507s] -- Up-to-date: /home/juanespadi/Documents/shalpy/taller2_grupo14/install/player_interfaces/include/player_interfaces/player_interfaces/msg
[4.507s] -- Installing: /home/juanespadi/Documents/shalpy/taller2_grupo14/install/player_interfaces/include/player_interfaces/player_interfaces/msg/trace.h
[4.507s] -- Up-to-date: /home/juanespadi/Documents/shalpy/taller2_grupo14/install/player_interfaces/include/player_interfaces/player_interfaces/msg/rosidl_generator_c__visibility_control.h
[4.507s] -- Up-to-date: /home/juanespadi/Documents/shalpy/taller2_grupo14/install/player_interfaces/include/player_interfaces/player_interfaces/msg/detail
[4.508s] -- Installing: /home/juanespadi/Documents/shalpy/taller2_grupo14/install/player_interfaces/include/player_interfaces/player_interfaces/msg/detail/trace__functions.h
[4.508s] -- Installing: /home/juanespadi/Documents/shalpy/taller2_grupo14/install/player_interfaces/include/player_interfaces/player_interfaces/msg/detail/trace__type_support.h
[4.508s] -- Installing: /home/juanespadi/Documents/shalpy/taller2_grupo14/install/player_interfaces/include/player_interfaces/player_interfaces/msg/detail/trace__functions.c
[4.508s] -- Installing: /home/juanespadi/Documents/shalpy/taller2_grupo14/install/player_interfaces/include/player_interfaces/player_interfaces/msg/detail/trace__struct.h
[4.508s] -- Up-to-date: /home/juanespadi/Documents/shalpy/taller2_grupo14/install/player_interfaces/include/player_interfaces/player_interfaces/srv
[4.508s] -- Installing: /home/juanespadi/Documents/shalpy/taller2_grupo14/install/player_interfaces/include/player_interfaces/player_interfaces/srv/player.h
[4.508s] -- Up-to-date: /home/juanespadi/Documents/shalpy/taller2_grupo14/install/player_interfaces/include/player_interfaces/player_interfaces/srv/detail
[4.508s] -- Installing: /home/juanespadi/Documents/shalpy/taller2_grupo14/install/player_interfaces/include/player_interfaces/player_interfaces/srv/detail/player__functions.h
[4.508s] -- Installing: /home/juanespadi/Documents/shalpy/taller2_grupo14/install/player_interfaces/include/player_interfaces/player_interfaces/srv/detail/player__functions.c
[4.509s] -- Installing: /home/juanespadi/Documents/shalpy/taller2_grupo14/install/player_interfaces/include/player_interfaces/player_interfaces/srv/detail/player__struct.h
[4.509s] -- Installing: /home/juanespadi/Documents/shalpy/taller2_grupo14/install/player_interfaces/include/player_interfaces/player_interfaces/srv/detail/player__type_support.h
[4.509s] -- Up-to-date: /home/juanespadi/Documents/shalpy/taller2_grupo14/install/player_interfaces/share/player_interfaces/environment/library_path.sh
[4.509s] -- Installing: /home/juanespadi/Documents/shalpy/taller2_grupo14/install/player_interfaces/share/player_interfaces/environment/library_path.dsv
[4.509s] -- Installing: /home/juanespadi/Documents/shalpy/taller2_grupo14/install/player_interfaces/lib/libplayer_interfaces__rosidl_generator_c.so
[4.509s] -- Set runtime path of "/home/juanespadi/Documents/shalpy/taller2_grupo14/install/player_interfaces/lib/libplayer_interfaces__rosidl_generator_c.so" to ""
[4.509s] -- Up-to-date: /home/juanespadi/Documents/shalpy/taller2_grupo14/install/player_interfaces/include/player_interfaces/player_interfaces
[4.509s] -- Up-to-date: /home/juanespadi/Documents/shalpy/taller2_grupo14/install/player_interfaces/include/player_interfaces/player_interfaces/msg
[4.510s] -- Up-to-date: /home/juanespadi/Documents/shalpy/taller2_grupo14/install/player_interfaces/include/player_interfaces/player_interfaces/msg/detail
[4.510s] -- Installing: /home/juanespadi/Documents/shalpy/taller2_grupo14/install/player_interfaces/include/player_interfaces/player_interfaces/msg/detail/trace__rosidl_typesupport_fastrtps_c.h
[4.510s] -- Up-to-date: /home/juanespadi/Documents/shalpy/taller2_grupo14/install/player_interfaces/include/player_interfaces/player_interfaces/msg/rosidl_typesupport_fastrtps_c__visibility_control.h
[4.510s] -- Up-to-date: /home/juanespadi/Documents/shalpy/taller2_grupo14/install/player_interfaces/include/player_interfaces/player_interfaces/srv
[4.510s] -- Up-to-date: /home/juanespadi/Documents/shalpy/taller2_grupo14/install/player_interfaces/include/player_interfaces/player_interfaces/srv/detail
[4.510s] -- Installing: /home/juanespadi/Documents/shalpy/taller2_grupo14/install/player_interfaces/include/player_interfaces/player_interfaces/srv/detail/player__rosidl_typesupport_fastrtps_c.h
[4.510s] -- Installing: /home/juanespadi/Documents/shalpy/taller2_grupo14/install/player_interfaces/lib/libplayer_interfaces__rosidl_typesupport_fastrtps_c.so
[4.510s] -- Set runtime path of "/home/juanespadi/Documents/shalpy/taller2_grupo14/install/player_interfaces/lib/libplayer_interfaces__rosidl_typesupport_fastrtps_c.so" to ""
[4.511s] -- Up-to-date: /home/juanespadi/Documents/shalpy/taller2_grupo14/install/player_interfaces/include/player_interfaces/player_interfaces
[4.511s] -- Up-to-date: /home/juanespadi/Documents/shalpy/taller2_grupo14/install/player_interfaces/include/player_interfaces/player_interfaces/msg
[4.511s] -- Installing: /home/juanespadi/Documents/shalpy/taller2_grupo14/install/player_interfaces/include/player_interfaces/player_interfaces/msg/trace.hpp
[4.511s] -- Up-to-date: /home/juanespadi/Documents/shalpy/taller2_grupo14/install/player_interfaces/include/player_interfaces/player_interfaces/msg/detail
[4.511s] -- Installing: /home/juanespadi/Documents/shalpy/taller2_grupo14/install/player_interfaces/include/player_interfaces/player_interfaces/msg/detail/trace__builder.hpp
[4.511s] -- Installing: /home/juanespadi/Documents/shalpy/taller2_grupo14/install/player_interfaces/include/player_interfaces/player_interfaces/msg/detail/trace__struct.hpp
[4.511s] -- Installing: /home/juanespadi/Documents/shalpy/taller2_grupo14/install/player_interfaces/include/player_interfaces/player_interfaces/msg/detail/trace__traits.hpp
[4.511s] -- Up-to-date: /home/juanespadi/Documents/shalpy/taller2_grupo14/install/player_interfaces/include/player_interfaces/player_interfaces/srv
[4.512s] -- Installing: /home/juanespadi/Documents/shalpy/taller2_grupo14/install/player_interfaces/include/player_interfaces/player_interfaces/srv/player.hpp
[4.512s] -- Up-to-date: /home/juanespadi/Documents/shalpy/taller2_grupo14/install/player_interfaces/include/player_interfaces/player_interfaces/srv/detail
[4.512s] -- Installing: /home/juanespadi/Documents/shalpy/taller2_grupo14/install/player_interfaces/include/player_interfaces/player_interfaces/srv/detail/player__traits.hpp
[4.512s] -- Installing: /home/juanespadi/Documents/shalpy/taller2_grupo14/install/player_interfaces/include/player_interfaces/player_interfaces/srv/detail/player__struct.hpp
[4.512s] -- Installing: /home/juanespadi/Documents/shalpy/taller2_grupo14/install/player_interfaces/include/player_interfaces/player_interfaces/srv/detail/player__builder.hpp
[4.512s] -- Up-to-date: /home/juanespadi/Documents/shalpy/taller2_grupo14/install/player_interfaces/include/player_interfaces/player_interfaces
[4.512s] -- Up-to-date: /home/juanespadi/Documents/shalpy/taller2_grupo14/install/player_interfaces/include/player_interfaces/player_interfaces/msg
[4.512s] -- Up-to-date: /home/juanespadi/Documents/shalpy/taller2_grupo14/install/player_interfaces/include/player_interfaces/player_interfaces/msg/rosidl_typesupport_fastrtps_cpp__visibility_control.h
[4.512s] -- Up-to-date: /home/juanespadi/Documents/shalpy/taller2_grupo14/install/player_interfaces/include/player_interfaces/player_interfaces/msg/detail
[4.513s] -- Installing: /home/juanespadi/Documents/shalpy/taller2_grupo14/install/player_interfaces/include/player_interfaces/player_interfaces/msg/detail/trace__rosidl_typesupport_fastrtps_cpp.hpp
[4.513s] -- Up-to-date: /home/juanespadi/Documents/shalpy/taller2_grupo14/install/player_interfaces/include/player_interfaces/player_interfaces/msg/detail/dds_fastrtps
[4.513s] -- Up-to-date: /home/juanespadi/Documents/shalpy/taller2_grupo14/install/player_interfaces/include/player_interfaces/player_interfaces/srv
[4.513s] -- Up-to-date: /home/juanespadi/Documents/shalpy/taller2_grupo14/install/player_interfaces/include/player_interfaces/player_interfaces/srv/detail
[4.513s] -- Up-to-date: /home/juanespadi/Documents/shalpy/taller2_grupo14/install/player_interfaces/include/player_interfaces/player_interfaces/srv/detail/dds_fastrtps
[4.513s] -- Installing: /home/juanespadi/Documents/shalpy/taller2_grupo14/install/player_interfaces/include/player_interfaces/player_interfaces/srv/detail/player__rosidl_typesupport_fastrtps_cpp.hpp
[4.513s] -- Installing: /home/juanespadi/Documents/shalpy/taller2_grupo14/install/player_interfaces/lib/libplayer_interfaces__rosidl_typesupport_fastrtps_cpp.so
[4.513s] -- Set runtime path of "/home/juanespadi/Documents/shalpy/taller2_grupo14/install/player_interfaces/lib/libplayer_interfaces__rosidl_typesupport_fastrtps_cpp.so" to ""
[4.513s] -- Up-to-date: /home/juanespadi/Documents/shalpy/taller2_grupo14/install/player_interfaces/include/player_interfaces/player_interfaces
[4.514s] -- Up-to-date: /home/juanespadi/Documents/shalpy/taller2_grupo14/install/player_interfaces/include/player_interfaces/player_interfaces/msg
[4.514s] -- Up-to-date: /home/juanespadi/Documents/shalpy/taller2_grupo14/install/player_interfaces/include/player_interfaces/player_interfaces/msg/detail
[4.514s] -- Installing: /home/juanespadi/Documents/shalpy/taller2_grupo14/install/player_interfaces/include/player_interfaces/player_interfaces/msg/detail/trace__type_support.c
[4.514s] -- Installing: /home/juanespadi/Documents/shalpy/taller2_grupo14/install/player_interfaces/include/player_interfaces/player_interfaces/msg/detail/trace__rosidl_typesupport_introspection_c.h
[4.514s] -- Up-to-date: /home/juanespadi/Documents/shalpy/taller2_grupo14/install/player_interfaces/include/player_interfaces/player_interfaces/msg/rosidl_typesupport_introspection_c__visibility_control.h
[4.514s] -- Up-to-date: /home/juanespadi/Documents/shalpy/taller2_grupo14/install/player_interfaces/include/player_interfaces/player_interfaces/srv
[4.514s] -- Up-to-date: /home/juanespadi/Documents/shalpy/taller2_grupo14/install/player_interfaces/include/player_interfaces/player_interfaces/srv/detail
[4.514s] -- Installing: /home/juanespadi/Documents/shalpy/taller2_grupo14/install/player_interfaces/include/player_interfaces/player_interfaces/srv/detail/player__rosidl_typesupport_introspection_c.h
[4.514s] -- Installing: /home/juanespadi/Documents/shalpy/taller2_grupo14/install/player_interfaces/include/player_interfaces/player_interfaces/srv/detail/player__type_support.c
[4.515s] -- Installing: /home/juanespadi/Documents/shalpy/taller2_grupo14/install/player_interfaces/lib/libplayer_interfaces__rosidl_typesupport_introspection_c.so
[4.515s] -- Set runtime path of "/home/juanespadi/Documents/shalpy/taller2_grupo14/install/player_interfaces/lib/libplayer_interfaces__rosidl_typesupport_introspection_c.so" to ""
[4.515s] -- Installing: /home/juanespadi/Documents/shalpy/taller2_grupo14/install/player_interfaces/lib/libplayer_interfaces__rosidl_typesupport_c.so
[4.515s] -- Set runtime path of "/home/juanespadi/Documents/shalpy/taller2_grupo14/install/player_interfaces/lib/libplayer_interfaces__rosidl_typesupport_c.so" to ""
[4.515s] -- Up-to-date: /home/juanespadi/Documents/shalpy/taller2_grupo14/install/player_interfaces/include/player_interfaces/player_interfaces
[4.516s] -- Up-to-date: /home/juanespadi/Documents/shalpy/taller2_grupo14/install/player_interfaces/include/player_interfaces/player_interfaces/msg
[4.516s] -- Up-to-date: /home/juanespadi/Documents/shalpy/taller2_grupo14/install/player_interfaces/include/player_interfaces/player_interfaces/msg/detail
[4.516s] -- Installing: /home/juanespadi/Documents/shalpy/taller2_grupo14/install/player_interfaces/include/player_interfaces/player_interfaces/msg/detail/trace__type_support.cpp
[4.516s] -- Installing: /home/juanespadi/Documents/shalpy/taller2_grupo14/install/player_interfaces/include/player_interfaces/player_interfaces/msg/detail/trace__rosidl_typesupport_introspection_cpp.hpp
[4.516s] -- Up-to-date: /home/juanespadi/Documents/shalpy/taller2_grupo14/install/player_interfaces/include/player_interfaces/player_interfaces/srv
[4.516s] -- Up-to-date: /home/juanespadi/Documents/shalpy/taller2_grupo14/install/player_interfaces/include/player_interfaces/player_interfaces/srv/detail
[4.516s] -- Installing: /home/juanespadi/Documents/shalpy/taller2_grupo14/install/player_interfaces/include/player_interfaces/player_interfaces/srv/detail/player__type_support.cpp
[4.516s] -- Installing: /home/juanespadi/Documents/shalpy/taller2_grupo14/install/player_interfaces/include/player_interfaces/player_interfaces/srv/detail/player__rosidl_typesupport_introspection_cpp.hpp
[4.516s] -- Installing: /home/juanespadi/Documents/shalpy/taller2_grupo14/install/player_interfaces/lib/libplayer_interfaces__rosidl_typesupport_introspection_cpp.so
[4.517s] -- Set runtime path of "/home/juanespadi/Documents/shalpy/taller2_grupo14/install/player_interfaces/lib/libplayer_interfaces__rosidl_typesupport_introspection_cpp.so" to ""
[4.517s] -- Installing: /home/juanespadi/Documents/shalpy/taller2_grupo14/install/player_interfaces/lib/libplayer_interfaces__rosidl_typesupport_cpp.so
[4.517s] -- Set runtime path of "/home/juanespadi/Documents/shalpy/taller2_grupo14/install/player_interfaces/lib/libplayer_interfaces__rosidl_typesupport_cpp.so" to ""
[4.518s] -- Up-to-date: /home/juanespadi/Documents/shalpy/taller2_grupo14/install/player_interfaces/share/player_interfaces/environment/pythonpath.sh
[4.518s] -- Installing: /home/juanespadi/Documents/shalpy/taller2_grupo14/install/player_interfaces/share/player_interfaces/environment/pythonpath.dsv
[4.518s] -- Up-to-date: /home/juanespadi/Documents/shalpy/taller2_grupo14/install/player_interfaces/local/lib/python3.10/dist-packages/player_interfaces-0.0.0-py3.10.egg-info
[4.518s] -- Installing: /home/juanespadi/Documents/shalpy/taller2_grupo14/install/player_interfaces/local/lib/python3.10/dist-packages/player_interfaces-0.0.0-py3.10.egg-info/SOURCES.txt
[4.518s] -- Installing: /home/juanespadi/Documents/shalpy/taller2_grupo14/install/player_interfaces/local/lib/python3.10/dist-packages/player_interfaces-0.0.0-py3.10.egg-info/dependency_links.txt
[4.518s] -- Installing: /home/juanespadi/Documents/shalpy/taller2_grupo14/install/player_interfaces/local/lib/python3.10/dist-packages/player_interfaces-0.0.0-py3.10.egg-info/top_level.txt
[4.518s] -- Installing: /home/juanespadi/Documents/shalpy/taller2_grupo14/install/player_interfaces/local/lib/python3.10/dist-packages/player_interfaces-0.0.0-py3.10.egg-info/PKG-INFO
[4.518s] -- Up-to-date: /home/juanespadi/Documents/shalpy/taller2_grupo14/install/player_interfaces/local/lib/python3.10/dist-packages/player_interfaces
[4.519s] -- Installing: /home/juanespadi/Documents/shalpy/taller2_grupo14/install/player_interfaces/local/lib/python3.10/dist-packages/player_interfaces/player_interfaces_s__rosidl_typesupport_fastrtps_c.cpython-310-x86_64-linux-gnu.so
[4.519s] -- Up-to-date: /home/juanespadi/Documents/shalpy/taller2_grupo14/install/player_interfaces/local/lib/python3.10/dist-packages/player_interfaces/msg
[4.519s] -- Installing: /home/juanespadi/Documents/shalpy/taller2_grupo14/install/player_interfaces/local/lib/python3.10/dist-packages/player_interfaces/msg/_trace.py
[4.519s] -- Installing: /home/juanespadi/Documents/shalpy/taller2_grupo14/install/player_interfaces/local/lib/python3.10/dist-packages/player_interfaces/msg/__init__.py
[4.519s] -- Installing: /home/juanespadi/Documents/shalpy/taller2_grupo14/install/player_interfaces/local/lib/python3.10/dist-packages/player_interfaces/msg/_trace_s.c
[4.519s] -- Installing: /home/juanespadi/Documents/shalpy/taller2_grupo14/install/player_interfaces/local/lib/python3.10/dist-packages/player_interfaces/_player_interfaces_s.ep.rosidl_typesupport_fastrtps_c.c
[4.519s] -- Installing: /home/juanespadi/Documents/shalpy/taller2_grupo14/install/player_interfaces/local/lib/python3.10/dist-packages/player_interfaces/player_interfaces_s__rosidl_typesupport_introspection_c.cpython-310-x86_64-linux-gnu.so
[4.519s] -- Installing: /home/juanespadi/Documents/shalpy/taller2_grupo14/install/player_interfaces/local/lib/python3.10/dist-packages/player_interfaces/_player_interfaces_s.ep.rosidl_typesupport_introspection_c.c
[4.520s] -- Installing: /home/juanespadi/Documents/shalpy/taller2_grupo14/install/player_interfaces/local/lib/python3.10/dist-packages/player_interfaces/libplayer_interfaces__rosidl_generator_py.so
[4.520s] -- Installing: /home/juanespadi/Documents/shalpy/taller2_grupo14/install/player_interfaces/local/lib/python3.10/dist-packages/player_interfaces/player_interfaces_s__rosidl_typesupport_c.cpython-310-x86_64-linux-gnu.so
[4.520s] -- Installing: /home/juanespadi/Documents/shalpy/taller2_grupo14/install/player_interfaces/local/lib/python3.10/dist-packages/player_interfaces/__init__.py
[4.520s] -- Installing: /home/juanespadi/Documents/shalpy/taller2_grupo14/install/player_interfaces/local/lib/python3.10/dist-packages/player_interfaces/_player_interfaces_s.ep.rosidl_typesupport_c.c
[4.520s] -- Up-to-date: /home/juanespadi/Documents/shalpy/taller2_grupo14/install/player_interfaces/local/lib/python3.10/dist-packages/player_interfaces/srv
[4.520s] -- Installing: /home/juanespadi/Documents/shalpy/taller2_grupo14/install/player_interfaces/local/lib/python3.10/dist-packages/player_interfaces/srv/_player_s.c
[4.520s] -- Installing: /home/juanespadi/Documents/shalpy/taller2_grupo14/install/player_interfaces/local/lib/python3.10/dist-packages/player_interfaces/srv/__init__.py
[4.521s] -- Installing: /home/juanespadi/Documents/shalpy/taller2_grupo14/install/player_interfaces/local/lib/python3.10/dist-packages/player_interfaces/srv/_player.py
[4.559s] Listing '/home/juanespadi/Documents/shalpy/taller2_grupo14/install/player_interfaces/local/lib/python3.10/dist-packages/player_interfaces'...
[4.559s] Compiling '/home/juanespadi/Documents/shalpy/taller2_grupo14/install/player_interfaces/local/lib/python3.10/dist-packages/player_interfaces/__init__.py'...
[4.560s] Listing '/home/juanespadi/Documents/shalpy/taller2_grupo14/install/player_interfaces/local/lib/python3.10/dist-packages/player_interfaces/msg'...
[4.560s] Compiling '/home/juanespadi/Documents/shalpy/taller2_grupo14/install/player_interfaces/local/lib/python3.10/dist-packages/player_interfaces/msg/__init__.py'...
[4.560s] Compiling '/home/juanespadi/Documents/shalpy/taller2_grupo14/install/player_interfaces/local/lib/python3.10/dist-packages/player_interfaces/msg/_trace.py'...
[4.560s] Listing '/home/juanespadi/Documents/shalpy/taller2_grupo14/install/player_interfaces/local/lib/python3.10/dist-packages/player_interfaces/srv'...
[4.560s] Compiling '/home/juanespadi/Documents/shalpy/taller2_grupo14/install/player_interfaces/local/lib/python3.10/dist-packages/player_interfaces/srv/__init__.py'...
[4.560s] Compiling '/home/juanespadi/Documents/shalpy/taller2_grupo14/install/player_interfaces/local/lib/python3.10/dist-packages/player_interfaces/srv/_player.py'...
[4.565s] -- Installing: /home/juanespadi/Documents/shalpy/taller2_grupo14/install/player_interfaces/local/lib/python3.10/dist-packages/player_interfaces/player_interfaces_s__rosidl_typesupport_fastrtps_c.cpython-310-x86_64-linux-gnu.so
[4.566s] -- Set runtime path of "/home/juanespadi/Documents/shalpy/taller2_grupo14/install/player_interfaces/local/lib/python3.10/dist-packages/player_interfaces/player_interfaces_s__rosidl_typesupport_fastrtps_c.cpython-310-x86_64-linux-gnu.so" to ""
[4.566s] -- Installing: /home/juanespadi/Documents/shalpy/taller2_grupo14/install/player_interfaces/local/lib/python3.10/dist-packages/player_interfaces/player_interfaces_s__rosidl_typesupport_introspection_c.cpython-310-x86_64-linux-gnu.so
[4.566s] -- Set runtime path of "/home/juanespadi/Documents/shalpy/taller2_grupo14/install/player_interfaces/local/lib/python3.10/dist-packages/player_interfaces/player_interfaces_s__rosidl_typesupport_introspection_c.cpython-310-x86_64-linux-gnu.so" to ""
[4.567s] -- Installing: /home/juanespadi/Documents/shalpy/taller2_grupo14/install/player_interfaces/local/lib/python3.10/dist-packages/player_interfaces/player_interfaces_s__rosidl_typesupport_c.cpython-310-x86_64-linux-gnu.so
[4.567s] -- Set runtime path of "/home/juanespadi/Documents/shalpy/taller2_grupo14/install/player_interfaces/local/lib/python3.10/dist-packages/player_interfaces/player_interfaces_s__rosidl_typesupport_c.cpython-310-x86_64-linux-gnu.so" to ""
[4.567s] -- Installing: /home/juanespadi/Documents/shalpy/taller2_grupo14/install/player_interfaces/lib/libplayer_interfaces__rosidl_generator_py.so
[4.568s] -- Set runtime path of "/home/juanespadi/Documents/shalpy/taller2_grupo14/install/player_interfaces/lib/libplayer_interfaces__rosidl_generator_py.so" to ""
[4.568s] -- Up-to-date: /home/juanespadi/Documents/shalpy/taller2_grupo14/install/player_interfaces/share/player_interfaces/srv/Player.idl
[4.568s] -- Installing: /home/juanespadi/Documents/shalpy/taller2_grupo14/install/player_interfaces/share/player_interfaces/msg/Trace.idl
[4.568s] -- Up-to-date: /home/juanespadi/Documents/shalpy/taller2_grupo14/install/player_interfaces/share/player_interfaces/srv/Player.srv
[4.569s] -- Up-to-date: /home/juanespadi/Documents/shalpy/taller2_grupo14/install/player_interfaces/share/player_interfaces/srv/Player_Request.msg
[4.569s] -- Up-to-date: /home/juanespadi/Documents/shalpy/taller2_grupo14/install/player_interfaces/share/player_interfaces/srv/Player_Response.msg
[4.569s] -- Installing: /home/juanespadi/Documents/shalpy/taller2_grupo14/install/player_interfaces/share/player_interfaces/msg/Trace.msg
[4.569s] -- Up-to-date: /home/juanespadi/Documents/shalpy/taller2_grupo14/install/player_interfaces/share/ament_index/resource_index/package_run_dependencies/player_interfaces
[4.569s] -- Installing: /home/juanespadi/Documents/shalpy/taller2_grupo14/install/player_interfaces/share/ament_index/resource_index/parent_prefix_path/player_interfaces
[4.569s] -- Up-to-date: /home/juanespadi/Documents/shalpy/taller2_grupo14/install/player_interfaces/share/player_interfaces/environment/ament_prefix_path.sh
[4.569s] -- Installing: /home/juanespadi/Documents/shalpy/taller2_grupo14/install/player_interfaces/share/player_interfaces/environment/ament_prefix_path.dsv
[4.569s] -- Up-to-date: /home/juanespadi/Documents/shalpy/taller2_grupo14/install/player_interfaces/share/player_interfaces/environment/path.sh
[4.570s] -- Installing: /home/juanespadi/Documents/shalpy/taller2_grupo14/install/player_interfaces/share/player_interfaces/environment/path.dsv
[4.570s] -- Up-to-date: /home/juanespadi/Documents/shalpy/taller2_grupo14/install/player_interfaces/share/player_interfaces/local_setup.bash
[4.570s] -- Up-to-date: /home/juanespadi/Documents/shalpy/taller2_grupo14/install/player_interfaces/share/player_interfaces/local_setup.sh
[4.570s] -- Up-to-date: /home/juanespadi/Documents/shalpy/taller2_grupo14/install/player_interfaces/share/player_interfaces/local_setup.zsh
[4.570s] -- Installing: /home/juanespadi/Documents/shalpy/taller2_grupo14/install/player_interfaces/share/player_interfaces/local_setup.dsv
[4.570s] -- Installing: /home/juanespadi/Documents/shalpy/taller2_grupo14/install/player_interfaces/share/player_interfaces/package.dsv
[4.570s] -- Up-to-date: /home/juanespadi/Documents/shalpy/taller2_grupo14/install/player_interfaces/share/ament_index/resource_index/packages/player_interfaces
[4.570s] -- Up-to-date: /home/juanespadi/Documents/shalpy/taller2_grupo14/install/player_interfaces/share/player_interfaces/cmake/export_player_interfaces__rosidl_generator_cExport.cmake
[4.571s] -- Up-to-date: /home/juanespadi/Documents/shalpy/taller2_grupo14/install/player_interfaces/share/player_interfaces/cmake/export_player_interfaces__rosidl_generator_cExport-noconfig.cmake
[4.571s] -- Up-to-date: /home/juanespadi/Documents/shalpy/taller2_grupo14/install/player_interfaces/share/player_interfaces/cmake/export_player_interfaces__rosidl_typesupport_fastrtps_cExport.cmake
[4.571s] -- Up-to-date: /home/juanespadi/Documents/shalpy/taller2_grupo14/install/player_interfaces/share/player_interfaces/cmake/export_player_interfaces__rosidl_typesupport_fastrtps_cExport-noconfig.cmake
[4.571s] -- Up-to-date: /home/juanespadi/Documents/shalpy/taller2_grupo14/install/player_interfaces/share/player_interfaces/cmake/export_player_interfaces__rosidl_generator_cppExport.cmake
[4.571s] -- Up-to-date: /home/juanespadi/Documents/shalpy/taller2_grupo14/install/player_interfaces/share/player_interfaces/cmake/export_player_interfaces__rosidl_typesupport_fastrtps_cppExport.cmake
[4.571s] -- Up-to-date: /home/juanespadi/Documents/shalpy/taller2_grupo14/install/player_interfaces/share/player_interfaces/cmake/export_player_interfaces__rosidl_typesupport_fastrtps_cppExport-noconfig.cmake
[4.571s] -- Up-to-date: /home/juanespadi/Documents/shalpy/taller2_grupo14/install/player_interfaces/share/player_interfaces/cmake/player_interfaces__rosidl_typesupport_introspection_cExport.cmake
[4.571s] -- Up-to-date: /home/juanespadi/Documents/shalpy/taller2_grupo14/install/player_interfaces/share/player_interfaces/cmake/player_interfaces__rosidl_typesupport_introspection_cExport-noconfig.cmake
[4.572s] -- Up-to-date: /home/juanespadi/Documents/shalpy/taller2_grupo14/install/player_interfaces/share/player_interfaces/cmake/player_interfaces__rosidl_typesupport_cExport.cmake
[4.572s] -- Up-to-date: /home/juanespadi/Documents/shalpy/taller2_grupo14/install/player_interfaces/share/player_interfaces/cmake/player_interfaces__rosidl_typesupport_cExport-noconfig.cmake
[4.572s] -- Up-to-date: /home/juanespadi/Documents/shalpy/taller2_grupo14/install/player_interfaces/share/player_interfaces/cmake/player_interfaces__rosidl_typesupport_introspection_cppExport.cmake
[4.572s] -- Up-to-date: /home/juanespadi/Documents/shalpy/taller2_grupo14/install/player_interfaces/share/player_interfaces/cmake/player_interfaces__rosidl_typesupport_introspection_cppExport-noconfig.cmake
[4.572s] -- Up-to-date: /home/juanespadi/Documents/shalpy/taller2_grupo14/install/player_interfaces/share/player_interfaces/cmake/player_interfaces__rosidl_typesupport_cppExport.cmake
[4.572s] -- Up-to-date: /home/juanespadi/Documents/shalpy/taller2_grupo14/install/player_interfaces/share/player_interfaces/cmake/player_interfaces__rosidl_typesupport_cppExport-noconfig.cmake
[4.572s] -- Up-to-date: /home/juanespadi/Documents/shalpy/taller2_grupo14/install/player_interfaces/share/player_interfaces/cmake/export_player_interfaces__rosidl_generator_pyExport.cmake
[4.572s] -- Up-to-date: /home/juanespadi/Documents/shalpy/taller2_grupo14/install/player_interfaces/share/player_interfaces/cmake/export_player_interfaces__rosidl_generator_pyExport-noconfig.cmake
[4.572s] -- Up-to-date: /home/juanespadi/Documents/shalpy/taller2_grupo14/install/player_interfaces/share/player_interfaces/cmake/rosidl_cmake-extras.cmake
[4.573s] -- Up-to-date: /home/juanespadi/Documents/shalpy/taller2_grupo14/install/player_interfaces/share/player_interfaces/cmake/ament_cmake_export_dependencies-extras.cmake
[4.573s] -- Up-to-date: /home/juanespadi/Documents/shalpy/taller2_grupo14/install/player_interfaces/share/player_interfaces/cmake/ament_cmake_export_include_directories-extras.cmake
[4.573s] -- Up-to-date: /home/juanespadi/Documents/shalpy/taller2_grupo14/install/player_interfaces/share/player_interfaces/cmake/ament_cmake_export_libraries-extras.cmake
[4.573s] -- Up-to-date: /home/juanespadi/Documents/shalpy/taller2_grupo14/install/player_interfaces/share/player_interfaces/cmake/ament_cmake_export_targets-extras.cmake
[4.573s] -- Up-to-date: /home/juanespadi/Documents/shalpy/taller2_grupo14/install/player_interfaces/share/player_interfaces/cmake/rosidl_cmake_export_typesupport_targets-extras.cmake
[4.573s] -- Up-to-date: /home/juanespadi/Documents/shalpy/taller2_grupo14/install/player_interfaces/share/player_interfaces/cmake/rosidl_cmake_export_typesupport_libraries-extras.cmake
[4.574s] -- Up-to-date: /home/juanespadi/Documents/shalpy/taller2_grupo14/install/player_interfaces/share/player_interfaces/cmake/player_interfacesConfig.cmake
[4.576s] -- Up-to-date: /home/juanespadi/Documents/shalpy/taller2_grupo14/install/player_interfaces/share/player_interfaces/cmake/player_interfacesConfig-version.cmake
[4.576s] -- Up-to-date: /home/juanespadi/Documents/shalpy/taller2_grupo14/install/player_interfaces/share/player_interfaces/package.xml
[4.577s] Invoked command in '/home/juanespadi/Documents/shalpy/taller2_grupo14/build/player_interfaces' returned '0': CMAKE_PREFIX_PATH=${CMAKE_PREFIX_PATH}:/home/juanespadi/Documents/shalpy/taller2_grupo14/install/turtle_bot_14:/opt/ros/humble /usr/bin/cmake --install /home/juanespadi/Documents/shalpy/taller2_grupo14/build/player_interfaces
