[1.564s] Invoking command in '/home/juanespadi/Documents/shalpy/taller1_grupo14/src/turtle_bot_14': PYTHONPATH=/home/juanespadi/Documents/shalpy/taller1_grupo14/build/turtle_bot_14/prefix_override:/home/juanespadi/Documents/shalpy/taller1_grupo14/install/turtle_bot_14/lib/python3.10/site-packages:${PYTHONPATH} /usr/bin/python3 setup.py egg_info --egg-base ../../build/turtle_bot_14 build --build-base /home/juanespadi/Documents/shalpy/taller1_grupo14/build/turtle_bot_14/build install --record /home/juanespadi/Documents/shalpy/taller1_grupo14/build/turtle_bot_14/install.log --single-version-externally-managed
[2.126s] running egg_info
[2.128s] writing ../../build/turtle_bot_14/turtle_bot_14.egg-info/PKG-INFO
[2.129s] writing dependency_links to ../../build/turtle_bot_14/turtle_bot_14.egg-info/dependency_links.txt
[2.129s] writing entry points to ../../build/turtle_bot_14/turtle_bot_14.egg-info/entry_points.txt
[2.130s] writing requirements to ../../build/turtle_bot_14/turtle_bot_14.egg-info/requires.txt
[2.130s] writing top-level names to ../../build/turtle_bot_14/turtle_bot_14.egg-info/top_level.txt
[2.135s] reading manifest file '../../build/turtle_bot_14/turtle_bot_14.egg-info/SOURCES.txt'
[2.138s] writing manifest file '../../build/turtle_bot_14/turtle_bot_14.egg-info/SOURCES.txt'
[2.138s] running build
[2.139s] running build_py
[2.139s] copying turtle_bot_14/turtle_bot_teleop.py -> /home/juanespadi/Documents/shalpy/taller1_grupo14/build/turtle_bot_14/build/lib/turtle_bot_14
[2.139s] running install
[2.140s] /usr/lib/python3/dist-packages/setuptools/command/install.py:34: SetuptoolsDeprecationWarning: setup.py install is deprecated. Use build and pip and other standards-based tools.
[2.140s]   warnings.warn(
[2.140s] running install_lib
[2.142s] copying /home/juanespadi/Documents/shalpy/taller1_grupo14/build/turtle_bot_14/build/lib/turtle_bot_14/turtle_bot_teleop.py -> /home/juanespadi/Documents/shalpy/taller1_grupo14/install/turtle_bot_14/lib/python3.10/site-packages/turtle_bot_14
[2.143s] byte-compiling /home/juanespadi/Documents/shalpy/taller1_grupo14/install/turtle_bot_14/lib/python3.10/site-packages/turtle_bot_14/turtle_bot_teleop.py to turtle_bot_teleop.cpython-310.pyc
[2.144s] running install_data
[2.145s] running install_egg_info
[2.151s] removing '/home/juanespadi/Documents/shalpy/taller1_grupo14/install/turtle_bot_14/lib/python3.10/site-packages/turtle_bot_14-0.0.0-py3.10.egg-info' (and everything under it)
[2.151s] Copying ../../build/turtle_bot_14/turtle_bot_14.egg-info to /home/juanespadi/Documents/shalpy/taller1_grupo14/install/turtle_bot_14/lib/python3.10/site-packages/turtle_bot_14-0.0.0-py3.10.egg-info
[2.153s] running install_scripts
[2.187s] Installing turtle_bot_teleop script to /home/juanespadi/Documents/shalpy/taller1_grupo14/install/turtle_bot_14/lib/turtle_bot_14
[2.188s] writing list of installed files to '/home/juanespadi/Documents/shalpy/taller1_grupo14/build/turtle_bot_14/install.log'
[2.269s] Invoked command in '/home/juanespadi/Documents/shalpy/taller1_grupo14/src/turtle_bot_14' returned '0': PYTHONPATH=/home/juanespadi/Documents/shalpy/taller1_grupo14/build/turtle_bot_14/prefix_override:/home/juanespadi/Documents/shalpy/taller1_grupo14/install/turtle_bot_14/lib/python3.10/site-packages:${PYTHONPATH} /usr/bin/python3 setup.py egg_info --egg-base ../../build/turtle_bot_14 build --build-base /home/juanespadi/Documents/shalpy/taller1_grupo14/build/turtle_bot_14/build install --record /home/juanespadi/Documents/shalpy/taller1_grupo14/build/turtle_bot_14/install.log --single-version-externally-managed
