[1.011s] Invoking command in '/home/jp/camera_ws/src/cameraraspy': PYTHONPATH=/home/jp/camera_ws/build/cameraraspy/prefix_override:/home/jp/camera_ws/install/cameraraspy/lib/python3.10/site-packages:${PYTHONPATH} /usr/bin/python3 setup.py egg_info --egg-base ../../build/cameraraspy build --build-base /home/jp/camera_ws/build/cameraraspy/build install --record /home/jp/camera_ws/build/cameraraspy/install.log --single-version-externally-managed
[1.446s] running egg_info
[1.447s] writing ../../build/cameraraspy/cameraraspy.egg-info/PKG-INFO
[1.447s] writing dependency_links to ../../build/cameraraspy/cameraraspy.egg-info/dependency_links.txt
[1.448s] writing entry points to ../../build/cameraraspy/cameraraspy.egg-info/entry_points.txt
[1.448s] writing requirements to ../../build/cameraraspy/cameraraspy.egg-info/requires.txt
[1.448s] writing top-level names to ../../build/cameraraspy/cameraraspy.egg-info/top_level.txt
[1.451s] reading manifest file '../../build/cameraraspy/cameraraspy.egg-info/SOURCES.txt'
[1.452s] writing manifest file '../../build/cameraraspy/cameraraspy.egg-info/SOURCES.txt'
[1.452s] running build
[1.453s] running build_py
[1.453s] running install
[1.453s] /usr/lib/python3/dist-packages/setuptools/command/install.py:34: SetuptoolsDeprecationWarning: setup.py install is deprecated. Use build and pip and other standards-based tools.
[1.453s]   warnings.warn(
[1.453s] running install_lib
[1.456s] running install_data
[1.456s] running install_egg_info
[1.459s] removing '/home/jp/camera_ws/install/cameraraspy/lib/python3.10/site-packages/cameraraspy-0.0.0-py3.10.egg-info' (and everything under it)
[1.459s] Copying ../../build/cameraraspy/cameraraspy.egg-info to /home/jp/camera_ws/install/cameraraspy/lib/python3.10/site-packages/cameraraspy-0.0.0-py3.10.egg-info
[1.460s] running install_scripts
[1.489s] Installing rec_image script to /home/jp/camera_ws/install/cameraraspy/lib/cameraraspy
[1.489s] Installing sent_image script to /home/jp/camera_ws/install/cameraraspy/lib/cameraraspy
[1.490s] writing list of installed files to '/home/jp/camera_ws/build/cameraraspy/install.log'
[1.530s] Invoked command in '/home/jp/camera_ws/src/cameraraspy' returned '0': PYTHONPATH=/home/jp/camera_ws/build/cameraraspy/prefix_override:/home/jp/camera_ws/install/cameraraspy/lib/python3.10/site-packages:${PYTHONPATH} /usr/bin/python3 setup.py egg_info --egg-base ../../build/cameraraspy build --build-base /home/jp/camera_ws/build/cameraraspy/build install --record /home/jp/camera_ws/build/cameraraspy/install.log --single-version-externally-managed
