[0.027s] Invoking command in '/home/juanespadi/Documents/shalpy/taller1_grupo14/build/player_interfaces': /usr/bin/cmake --build /home/juanespadi/Documents/shalpy/taller1_grupo14/build/player_interfaces -- -j8 -l8
[0.055s] -- Found ament_cmake: 1.3.3 (/opt/ros/humble/share/ament_cmake/cmake)
[0.234s] -- Found rosidl_default_generators: 1.2.0 (/opt/ros/humble/share/rosidl_default_generators/cmake)
[0.236s] -- Using all available rosidl_typesupport_c: rosidl_typesupport_fastrtps_c;rosidl_typesupport_introspection_c
[0.240s] -- Found rosidl_adapter: 3.1.4 (/opt/ros/humble/share/rosidl_adapter/cmake)
[0.276s] -- Using all available rosidl_typesupport_cpp: rosidl_typesupport_fastrtps_cpp;rosidl_typesupport_introspection_cpp
[0.571s] Error parsing '/home/juanespadi/Documents/shalpy/taller1_grupo14/src/player_interfaces/package.xml':
[0.636s] Traceback (most recent call last):
[0.637s]   File "/opt/ros/humble/share/ament_cmake_core/cmake/core/package_xml_2_cmake.py", line 150, in <module>
[0.637s]     main()
[0.637s]   File "/opt/ros/humble/share/ament_cmake_core/cmake/core/package_xml_2_cmake.py", line 53, in main
[0.637s]     raise e
[0.637s]   File "/opt/ros/humble/share/ament_cmake_core/cmake/core/package_xml_2_cmake.py", line 49, in main
[0.637s]     package = parse_package_string(
[0.637s]   File "/usr/lib/python3/dist-packages/catkin_pkg/package.py", line 788, in parse_package_string
[0.688s]     pkg.validate(warnings=warnings)
[0.689s]   File "/usr/lib/python3/dist-packages/catkin_pkg/package.py", line 330, in validate
[0.689s]     raise InvalidPackage('\n'.join(errors), self.filename)
[0.689s] catkin_pkg.package.InvalidPackage: Error(s) in package '/home/juanespadi/Documents/shalpy/taller1_grupo14/src/player_interfaces/package.xml':
[0.689s] The package "player_interfaces" must not "exec_depend" on a package with the same name as this package
[0.711s] [31mCMake Error at /opt/ros/humble/share/ament_cmake_core/cmake/core/ament_package_xml.cmake:95 (message):
[0.711s]   execute_process(/usr/bin/python3.10
[0.711s]   /opt/ros/humble/share/ament_cmake_core/cmake/core/package_xml_2_cmake.py
[0.712s]   /home/juanespadi/Documents/shalpy/taller1_grupo14/src/player_interfaces/package.xml
[0.712s]   /home/juanespadi/Documents/shalpy/taller1_grupo14/build/player_interfaces/ament_cmake_core/package.cmake)
[0.712s]   returned error code 1
[0.712s] Call Stack (most recent call first):
[0.712s]   /opt/ros/humble/share/ament_cmake_core/cmake/core/ament_package_xml.cmake:49 (_ament_package_xml)
[0.712s]   /opt/ros/humble/share/rosidl_cmake/cmake/rosidl_generate_interfaces.cmake:226 (ament_package_xml)
[0.712s]   CMakeLists.txt:16 (rosidl_generate_interfaces)
[0.712s] 
[0.712s] [0m
[0.712s] -- Configuring incomplete, errors occurred!
[0.712s] See also "/home/juanespadi/Documents/shalpy/taller1_grupo14/build/player_interfaces/CMakeFiles/CMakeOutput.log".
[0.718s] gmake: *** [Makefile:747: cmake_check_build_system] Error 1
[0.721s] Invoked command in '/home/juanespadi/Documents/shalpy/taller1_grupo14/build/player_interfaces' returned '2': /usr/bin/cmake --build /home/juanespadi/Documents/shalpy/taller1_grupo14/build/player_interfaces -- -j8 -l8
