[0.085s] Invoking command in '/home/ubuntu/Documents/shalpy/taller1_grupo14/src/build/player_interfaces': CMAKE_PREFIX_PATH=/opt/ros/humble /usr/bin/cmake /home/ubuntu/Documents/shalpy/taller1_grupo14/src/player_interfaces -DCMAKE_INSTALL_PREFIX=/home/ubuntu/Documents/shalpy/taller1_grupo14/src/install/player_interfaces
[1.013s] -- The C compiler identification is GNU 11.3.0
[1.780s] -- The CXX compiler identification is GNU 11.3.0
[1.832s] -- Detecting C compiler ABI info
[2.208s] -- Detecting C compiler ABI info - done
[2.239s] -- Check for working C compiler: /usr/bin/cc - skipped
[2.243s] -- Detecting C compile features
[2.247s] -- Detecting C compile features - done
[2.266s] -- Detecting CXX compiler ABI info
[2.709s] -- Detecting CXX compiler ABI info - done
[2.745s] -- Check for working CXX compiler: /usr/bin/c++ - skipped
[2.746s] -- Detecting CXX compile features
[2.749s] -- Detecting CXX compile features - done
[2.785s] -- Found ament_cmake: 1.3.3 (/opt/ros/humble/share/ament_cmake/cmake)
[3.793s] -- Found Python3: /usr/bin/python3.10 (found version "3.10.6") found components: Interpreter 
[4.427s] -- Found geometry_msgs: 4.2.3 (/opt/ros/humble/share/geometry_msgs/cmake)
[4.789s] -- Found rosidl_generator_c: 3.1.4 (/opt/ros/humble/share/rosidl_generator_c/cmake)
[4.843s] -- Found rosidl_adapter: 3.1.4 (/opt/ros/humble/share/rosidl_adapter/cmake)
[4.914s] -- Found rosidl_generator_cpp: 3.1.4 (/opt/ros/humble/share/rosidl_generator_cpp/cmake)
[5.020s] -- Using all available rosidl_typesupport_c: rosidl_typesupport_fastrtps_c;rosidl_typesupport_introspection_c
[5.170s] -- Using all available rosidl_typesupport_cpp: rosidl_typesupport_fastrtps_cpp;rosidl_typesupport_introspection_cpp
[5.865s] -- Found rosidl_default_generators: 1.2.0 (/opt/ros/humble/share/rosidl_default_generators/cmake)
[7.329s] -- Found ament_cmake_ros: 0.10.0 (/opt/ros/humble/share/ament_cmake_ros/cmake)
[9.420s] -- Using all available rosidl_typesupport_c: rosidl_typesupport_fastrtps_c;rosidl_typesupport_introspection_c
[10.224s] -- Using all available rosidl_typesupport_cpp: rosidl_typesupport_fastrtps_cpp;rosidl_typesupport_introspection_cpp
[10.337s] -- Found PythonInterp: /usr/bin/python3 (found suitable version "3.10.6", minimum required is "3.6") 
[10.355s] -- Found python_cmake_module: 0.10.0 (/opt/ros/humble/share/python_cmake_module/cmake)
[10.485s] -- Found PythonLibs: /usr/lib/aarch64-linux-gnu/libpython3.10.so (found suitable version "3.10.6", minimum required is "3.5") 
[10.485s] -- Using PYTHON_EXECUTABLE: /usr/bin/python3
[10.486s] -- Using PYTHON_INCLUDE_DIRS: /usr/include/python3.10
[10.486s] -- Using PYTHON_LIBRARIES: /usr/lib/aarch64-linux-gnu/libpython3.10.so
[10.590s] -- Found PythonExtra: .so  
[10.964s] -- Found ament_lint_auto: 0.12.5 (/opt/ros/humble/share/ament_lint_auto/cmake)
[11.288s] -- Added test 'lint_cmake' to check CMake code style
[11.334s] -- Added test 'xmllint' to check XML markup files
[11.359s] -- Configuring done
[11.599s] -- Generating done
[11.616s] -- Build files have been written to: /home/ubuntu/Documents/shalpy/taller1_grupo14/src/build/player_interfaces
[11.656s] Invoked command in '/home/ubuntu/Documents/shalpy/taller1_grupo14/src/build/player_interfaces' returned '0': CMAKE_PREFIX_PATH=/opt/ros/humble /usr/bin/cmake /home/ubuntu/Documents/shalpy/taller1_grupo14/src/player_interfaces -DCMAKE_INSTALL_PREFIX=/home/ubuntu/Documents/shalpy/taller1_grupo14/src/install/player_interfaces
[11.665s] Invoking command in '/home/ubuntu/Documents/shalpy/taller1_grupo14/src/build/player_interfaces': CMAKE_PREFIX_PATH=/opt/ros/humble /usr/bin/cmake --build /home/ubuntu/Documents/shalpy/taller1_grupo14/src/build/player_interfaces -- -j4 -l4
[11.842s] [  3%] [34m[1mGenerating C code for ROS interfaces[0m
[11.890s] [  6%] [34m[1mGenerating C++ code for ROS interfaces[0m
[11.927s] [  6%] Built target ament_cmake_python_copy_player_interfaces
[13.286s] running egg_info
[13.290s] creating player_interfaces.egg-info
[13.292s] writing player_interfaces.egg-info/PKG-INFO
[13.293s] writing dependency_links to player_interfaces.egg-info/dependency_links.txt
[13.295s] writing top-level names to player_interfaces.egg-info/top_level.txt
[13.296s] writing manifest file 'player_interfaces.egg-info/SOURCES.txt'
[13.314s] reading manifest file 'player_interfaces.egg-info/SOURCES.txt'
[13.317s] writing manifest file 'player_interfaces.egg-info/SOURCES.txt'
[13.450s] [  6%] Built target player_interfaces__cpp
[13.486s] [  6%] Built target ament_cmake_python_build_player_interfaces_egg
[13.503s] [ 12%] [34m[1mGenerating C++ type support dispatch for ROS interfaces[0m
[13.504s] [ 12%] [34m[1mGenerating C++ type support for eProsima Fast-RTPS[0m
[13.520s] [ 16%] [32mBuilding C object CMakeFiles/player_interfaces__rosidl_generator_c.dir/rosidl_generator_c/player_interfaces/srv/detail/player__functions.c.o[0m
[13.540s] [ 19%] [34m[1mGenerating C++ introspection for ROS interfaces[0m
[14.056s] [ 22%] [32m[1mLinking C shared library libplayer_interfaces__rosidl_generator_c.so[0m
[14.264s] [ 22%] Built target player_interfaces__rosidl_generator_c
[14.318s] [ 25%] [34m[1mGenerating C type support for eProsima Fast-RTPS[0m
[15.173s] [ 29%] [32mBuilding CXX object CMakeFiles/player_interfaces__rosidl_typesupport_cpp.dir/rosidl_typesupport_cpp/player_interfaces/srv/player__type_support.cpp.o[0m
[15.469s] [ 32%] [32mBuilding CXX object CMakeFiles/player_interfaces__rosidl_typesupport_introspection_cpp.dir/rosidl_typesupport_introspection_cpp/player_interfaces/srv/detail/player__type_support.cpp.o[0m
[15.654s] [ 35%] [32mBuilding CXX object CMakeFiles/player_interfaces__rosidl_typesupport_fastrtps_cpp.dir/rosidl_typesupport_fastrtps_cpp/player_interfaces/srv/detail/dds_fastrtps/player__type_support.cpp.o[0m
[17.199s] [ 38%] [32mBuilding CXX object CMakeFiles/player_interfaces__rosidl_typesupport_fastrtps_c.dir/rosidl_typesupport_fastrtps_c/player_interfaces/srv/detail/player__type_support_c.cpp.o[0m
[18.704s] [ 41%] [32m[1mLinking CXX shared library libplayer_interfaces__rosidl_typesupport_cpp.so[0m
[18.946s] [ 41%] Built target player_interfaces__rosidl_typesupport_cpp
[19.008s] [ 45%] [34m[1mGenerating C introspection for ROS interfaces[0m
[19.855s] [ 48%] [32m[1mLinking CXX shared library libplayer_interfaces__rosidl_typesupport_introspection_cpp.so[0m
[20.070s] [ 51%] [32m[1mLinking CXX shared library libplayer_interfaces__rosidl_typesupport_fastrtps_cpp.so[0m
[20.224s] [ 54%] [32m[1mLinking CXX shared library libplayer_interfaces__rosidl_typesupport_fastrtps_c.so[0m
[20.274s] [ 54%] Built target player_interfaces__rosidl_typesupport_introspection_cpp
[20.335s] [ 58%] [34m[1mGenerating C type support dispatch for ROS interfaces[0m
[20.504s] [ 58%] Built target player_interfaces__rosidl_typesupport_fastrtps_cpp
[20.667s] [ 58%] Built target player_interfaces__rosidl_typesupport_fastrtps_c
[20.765s] [ 61%] [32mBuilding C object CMakeFiles/player_interfaces__rosidl_typesupport_introspection_c.dir/rosidl_typesupport_introspection_c/player_interfaces/srv/detail/player__type_support.c.o[0m
[21.021s] [ 64%] [32m[1mLinking C shared library libplayer_interfaces__rosidl_typesupport_introspection_c.so[0m
[21.161s] [ 64%] Built target player_interfaces__rosidl_typesupport_introspection_c
[21.572s] [ 67%] [32mBuilding CXX object CMakeFiles/player_interfaces__rosidl_typesupport_c.dir/rosidl_typesupport_c/player_interfaces/srv/player__type_support.cpp.o[0m
[21.751s] [ 70%] [32m[1mLinking CXX shared library libplayer_interfaces__rosidl_typesupport_c.so[0m
[21.933s] [ 70%] Built target player_interfaces__rosidl_typesupport_c
[22.021s] [ 70%] Built target player_interfaces
[22.111s] [ 74%] [34m[1mGenerating Python code for ROS interfaces[0m
[23.780s] [ 74%] Built target player_interfaces__py
[23.871s] [ 77%] [32mBuilding C object CMakeFiles/player_interfaces__rosidl_generator_py.dir/rosidl_generator_py/player_interfaces/srv/_player_s.c.o[0m
[24.607s] [ 80%] [32m[1mLinking C shared library rosidl_generator_py/player_interfaces/libplayer_interfaces__rosidl_generator_py.so[0m
[24.816s] [ 80%] Built target player_interfaces__rosidl_generator_py
[24.910s] [ 83%] [32mBuilding C object CMakeFiles/player_interfaces__rosidl_typesupport_fastrtps_c__pyext.dir/rosidl_generator_py/player_interfaces/_player_interfaces_s.ep.rosidl_typesupport_fastrtps_c.c.o[0m
[24.911s] [ 87%] [32mBuilding C object CMakeFiles/player_interfaces__rosidl_typesupport_introspection_c__pyext.dir/rosidl_generator_py/player_interfaces/_player_interfaces_s.ep.rosidl_typesupport_introspection_c.c.o[0m
[24.915s] [ 90%] [32mBuilding C object CMakeFiles/player_interfaces__rosidl_typesupport_c__pyext.dir/rosidl_generator_py/player_interfaces/_player_interfaces_s.ep.rosidl_typesupport_c.c.o[0m
[25.616s] [ 96%] [32m[1mLinking C shared library rosidl_generator_py/player_interfaces/player_interfaces_s__rosidl_typesupport_c.cpython-310-aarch64-linux-gnu.so[0m
[25.617s] [ 96%] [32m[1mLinking C shared library rosidl_generator_py/player_interfaces/player_interfaces_s__rosidl_typesupport_fastrtps_c.cpython-310-aarch64-linux-gnu.so[0m
[25.619s] [100%] [32m[1mLinking C shared library rosidl_generator_py/player_interfaces/player_interfaces_s__rosidl_typesupport_introspection_c.cpython-310-aarch64-linux-gnu.so[0m
[25.905s] [100%] Built target player_interfaces__rosidl_typesupport_c__pyext
[25.908s] [100%] Built target player_interfaces__rosidl_typesupport_fastrtps_c__pyext
[25.911s] [100%] Built target player_interfaces__rosidl_typesupport_introspection_c__pyext
[25.956s] Invoked command in '/home/ubuntu/Documents/shalpy/taller1_grupo14/src/build/player_interfaces' returned '0': CMAKE_PREFIX_PATH=/opt/ros/humble /usr/bin/cmake --build /home/ubuntu/Documents/shalpy/taller1_grupo14/src/build/player_interfaces -- -j4 -l4
[26.386s] Invoking command in '/home/ubuntu/Documents/shalpy/taller1_grupo14/src/build/player_interfaces': CMAKE_PREFIX_PATH=/opt/ros/humble /usr/bin/cmake --install /home/ubuntu/Documents/shalpy/taller1_grupo14/src/build/player_interfaces
[26.417s] -- Install configuration: ""
[26.418s] -- Installing: /home/ubuntu/Documents/shalpy/taller1_grupo14/src/install/player_interfaces/share/ament_index/resource_index/rosidl_interfaces/player_interfaces
[26.420s] -- Installing: /home/ubuntu/Documents/shalpy/taller1_grupo14/src/install/player_interfaces/include/player_interfaces/player_interfaces
[26.421s] -- Installing: /home/ubuntu/Documents/shalpy/taller1_grupo14/src/install/player_interfaces/include/player_interfaces/player_interfaces/msg
[26.421s] -- Installing: /home/ubuntu/Documents/shalpy/taller1_grupo14/src/install/player_interfaces/include/player_interfaces/player_interfaces/msg/rosidl_generator_c__visibility_control.h
[26.423s] -- Installing: /home/ubuntu/Documents/shalpy/taller1_grupo14/src/install/player_interfaces/include/player_interfaces/player_interfaces/srv
[26.424s] -- Installing: /home/ubuntu/Documents/shalpy/taller1_grupo14/src/install/player_interfaces/include/player_interfaces/player_interfaces/srv/detail
[26.425s] -- Installing: /home/ubuntu/Documents/shalpy/taller1_grupo14/src/install/player_interfaces/include/player_interfaces/player_interfaces/srv/detail/player__type_support.h
[26.426s] -- Installing: /home/ubuntu/Documents/shalpy/taller1_grupo14/src/install/player_interfaces/include/player_interfaces/player_interfaces/srv/detail/player__functions.c
[26.428s] -- Installing: /home/ubuntu/Documents/shalpy/taller1_grupo14/src/install/player_interfaces/include/player_interfaces/player_interfaces/srv/detail/player__struct.h
[26.429s] -- Installing: /home/ubuntu/Documents/shalpy/taller1_grupo14/src/install/player_interfaces/include/player_interfaces/player_interfaces/srv/detail/player__functions.h
[26.431s] -- Installing: /home/ubuntu/Documents/shalpy/taller1_grupo14/src/install/player_interfaces/include/player_interfaces/player_interfaces/srv/player.h
[26.433s] -- Installing: /home/ubuntu/Documents/shalpy/taller1_grupo14/src/install/player_interfaces/share/player_interfaces/environment/library_path.sh
[26.434s] -- Installing: /home/ubuntu/Documents/shalpy/taller1_grupo14/src/install/player_interfaces/share/player_interfaces/environment/library_path.dsv
[26.436s] -- Installing: /home/ubuntu/Documents/shalpy/taller1_grupo14/src/install/player_interfaces/lib/libplayer_interfaces__rosidl_generator_c.so
[26.439s] -- Set runtime path of "/home/ubuntu/Documents/shalpy/taller1_grupo14/src/install/player_interfaces/lib/libplayer_interfaces__rosidl_generator_c.so" to ""
[26.440s] -- Up-to-date: /home/ubuntu/Documents/shalpy/taller1_grupo14/src/install/player_interfaces/include/player_interfaces/player_interfaces
[26.440s] -- Up-to-date: /home/ubuntu/Documents/shalpy/taller1_grupo14/src/install/player_interfaces/include/player_interfaces/player_interfaces/msg
[26.441s] -- Installing: /home/ubuntu/Documents/shalpy/taller1_grupo14/src/install/player_interfaces/include/player_interfaces/player_interfaces/msg/rosidl_typesupport_fastrtps_c__visibility_control.h
[26.442s] -- Up-to-date: /home/ubuntu/Documents/shalpy/taller1_grupo14/src/install/player_interfaces/include/player_interfaces/player_interfaces/srv
[26.443s] -- Up-to-date: /home/ubuntu/Documents/shalpy/taller1_grupo14/src/install/player_interfaces/include/player_interfaces/player_interfaces/srv/detail
[26.443s] -- Installing: /home/ubuntu/Documents/shalpy/taller1_grupo14/src/install/player_interfaces/include/player_interfaces/player_interfaces/srv/detail/player__rosidl_typesupport_fastrtps_c.h
[26.445s] -- Installing: /home/ubuntu/Documents/shalpy/taller1_grupo14/src/install/player_interfaces/lib/libplayer_interfaces__rosidl_typesupport_fastrtps_c.so
[26.448s] -- Set runtime path of "/home/ubuntu/Documents/shalpy/taller1_grupo14/src/install/player_interfaces/lib/libplayer_interfaces__rosidl_typesupport_fastrtps_c.so" to ""
[26.449s] -- Up-to-date: /home/ubuntu/Documents/shalpy/taller1_grupo14/src/install/player_interfaces/include/player_interfaces/player_interfaces
[26.449s] -- Up-to-date: /home/ubuntu/Documents/shalpy/taller1_grupo14/src/install/player_interfaces/include/player_interfaces/player_interfaces/srv
[26.450s] -- Installing: /home/ubuntu/Documents/shalpy/taller1_grupo14/src/install/player_interfaces/include/player_interfaces/player_interfaces/srv/player.hpp
[26.451s] -- Up-to-date: /home/ubuntu/Documents/shalpy/taller1_grupo14/src/install/player_interfaces/include/player_interfaces/player_interfaces/srv/detail
[26.452s] -- Installing: /home/ubuntu/Documents/shalpy/taller1_grupo14/src/install/player_interfaces/include/player_interfaces/player_interfaces/srv/detail/player__traits.hpp
[26.453s] -- Installing: /home/ubuntu/Documents/shalpy/taller1_grupo14/src/install/player_interfaces/include/player_interfaces/player_interfaces/srv/detail/player__struct.hpp
[26.455s] -- Installing: /home/ubuntu/Documents/shalpy/taller1_grupo14/src/install/player_interfaces/include/player_interfaces/player_interfaces/srv/detail/player__builder.hpp
[26.456s] -- Up-to-date: /home/ubuntu/Documents/shalpy/taller1_grupo14/src/install/player_interfaces/include/player_interfaces/player_interfaces
[26.457s] -- Up-to-date: /home/ubuntu/Documents/shalpy/taller1_grupo14/src/install/player_interfaces/include/player_interfaces/player_interfaces/msg
[26.457s] -- Installing: /home/ubuntu/Documents/shalpy/taller1_grupo14/src/install/player_interfaces/include/player_interfaces/player_interfaces/msg/rosidl_typesupport_fastrtps_cpp__visibility_control.h
[26.459s] -- Up-to-date: /home/ubuntu/Documents/shalpy/taller1_grupo14/src/install/player_interfaces/include/player_interfaces/player_interfaces/srv
[26.459s] -- Up-to-date: /home/ubuntu/Documents/shalpy/taller1_grupo14/src/install/player_interfaces/include/player_interfaces/player_interfaces/srv/detail
[26.460s] -- Installing: /home/ubuntu/Documents/shalpy/taller1_grupo14/src/install/player_interfaces/include/player_interfaces/player_interfaces/srv/detail/dds_fastrtps
[26.461s] -- Installing: /home/ubuntu/Documents/shalpy/taller1_grupo14/src/install/player_interfaces/include/player_interfaces/player_interfaces/srv/detail/player__rosidl_typesupport_fastrtps_cpp.hpp
[26.463s] -- Installing: /home/ubuntu/Documents/shalpy/taller1_grupo14/src/install/player_interfaces/lib/libplayer_interfaces__rosidl_typesupport_fastrtps_cpp.so
[26.466s] -- Set runtime path of "/home/ubuntu/Documents/shalpy/taller1_grupo14/src/install/player_interfaces/lib/libplayer_interfaces__rosidl_typesupport_fastrtps_cpp.so" to ""
[26.467s] -- Up-to-date: /home/ubuntu/Documents/shalpy/taller1_grupo14/src/install/player_interfaces/include/player_interfaces/player_interfaces
[26.467s] -- Up-to-date: /home/ubuntu/Documents/shalpy/taller1_grupo14/src/install/player_interfaces/include/player_interfaces/player_interfaces/msg
[26.468s] -- Installing: /home/ubuntu/Documents/shalpy/taller1_grupo14/src/install/player_interfaces/include/player_interfaces/player_interfaces/msg/rosidl_typesupport_introspection_c__visibility_control.h
[26.469s] -- Up-to-date: /home/ubuntu/Documents/shalpy/taller1_grupo14/src/install/player_interfaces/include/player_interfaces/player_interfaces/srv
[26.470s] -- Up-to-date: /home/ubuntu/Documents/shalpy/taller1_grupo14/src/install/player_interfaces/include/player_interfaces/player_interfaces/srv/detail
[26.470s] -- Installing: /home/ubuntu/Documents/shalpy/taller1_grupo14/src/install/player_interfaces/include/player_interfaces/player_interfaces/srv/detail/player__rosidl_typesupport_introspection_c.h
[26.472s] -- Installing: /home/ubuntu/Documents/shalpy/taller1_grupo14/src/install/player_interfaces/include/player_interfaces/player_interfaces/srv/detail/player__type_support.c
[26.474s] -- Installing: /home/ubuntu/Documents/shalpy/taller1_grupo14/src/install/player_interfaces/lib/libplayer_interfaces__rosidl_typesupport_introspection_c.so
[26.477s] -- Set runtime path of "/home/ubuntu/Documents/shalpy/taller1_grupo14/src/install/player_interfaces/lib/libplayer_interfaces__rosidl_typesupport_introspection_c.so" to ""
[26.478s] -- Installing: /home/ubuntu/Documents/shalpy/taller1_grupo14/src/install/player_interfaces/lib/libplayer_interfaces__rosidl_typesupport_c.so
[26.480s] -- Set runtime path of "/home/ubuntu/Documents/shalpy/taller1_grupo14/src/install/player_interfaces/lib/libplayer_interfaces__rosidl_typesupport_c.so" to ""
[26.481s] -- Up-to-date: /home/ubuntu/Documents/shalpy/taller1_grupo14/src/install/player_interfaces/include/player_interfaces/player_interfaces
[26.481s] -- Up-to-date: /home/ubuntu/Documents/shalpy/taller1_grupo14/src/install/player_interfaces/include/player_interfaces/player_interfaces/srv
[26.482s] -- Up-to-date: /home/ubuntu/Documents/shalpy/taller1_grupo14/src/install/player_interfaces/include/player_interfaces/player_interfaces/srv/detail
[26.482s] -- Installing: /home/ubuntu/Documents/shalpy/taller1_grupo14/src/install/player_interfaces/include/player_interfaces/player_interfaces/srv/detail/player__type_support.cpp
[26.484s] -- Installing: /home/ubuntu/Documents/shalpy/taller1_grupo14/src/install/player_interfaces/include/player_interfaces/player_interfaces/srv/detail/player__rosidl_typesupport_introspection_cpp.hpp
[26.486s] -- Installing: /home/ubuntu/Documents/shalpy/taller1_grupo14/src/install/player_interfaces/lib/libplayer_interfaces__rosidl_typesupport_introspection_cpp.so
[26.489s] -- Set runtime path of "/home/ubuntu/Documents/shalpy/taller1_grupo14/src/install/player_interfaces/lib/libplayer_interfaces__rosidl_typesupport_introspection_cpp.so" to ""
[26.490s] -- Installing: /home/ubuntu/Documents/shalpy/taller1_grupo14/src/install/player_interfaces/lib/libplayer_interfaces__rosidl_typesupport_cpp.so
[26.493s] -- Set runtime path of "/home/ubuntu/Documents/shalpy/taller1_grupo14/src/install/player_interfaces/lib/libplayer_interfaces__rosidl_typesupport_cpp.so" to ""
[26.493s] -- Installing: /home/ubuntu/Documents/shalpy/taller1_grupo14/src/install/player_interfaces/share/player_interfaces/environment/pythonpath.sh
[26.495s] -- Installing: /home/ubuntu/Documents/shalpy/taller1_grupo14/src/install/player_interfaces/share/player_interfaces/environment/pythonpath.dsv
[26.496s] -- Installing: /home/ubuntu/Documents/shalpy/taller1_grupo14/src/install/player_interfaces/local/lib/python3.10/dist-packages/player_interfaces-0.0.0-py3.10.egg-info
[26.498s] -- Installing: /home/ubuntu/Documents/shalpy/taller1_grupo14/src/install/player_interfaces/local/lib/python3.10/dist-packages/player_interfaces-0.0.0-py3.10.egg-info/dependency_links.txt
[26.499s] -- Installing: /home/ubuntu/Documents/shalpy/taller1_grupo14/src/install/player_interfaces/local/lib/python3.10/dist-packages/player_interfaces-0.0.0-py3.10.egg-info/top_level.txt
[26.501s] -- Installing: /home/ubuntu/Documents/shalpy/taller1_grupo14/src/install/player_interfaces/local/lib/python3.10/dist-packages/player_interfaces-0.0.0-py3.10.egg-info/SOURCES.txt
[26.502s] -- Installing: /home/ubuntu/Documents/shalpy/taller1_grupo14/src/install/player_interfaces/local/lib/python3.10/dist-packages/player_interfaces-0.0.0-py3.10.egg-info/PKG-INFO
[26.504s] -- Installing: /home/ubuntu/Documents/shalpy/taller1_grupo14/src/install/player_interfaces/local/lib/python3.10/dist-packages/player_interfaces
[26.505s] -- Installing: /home/ubuntu/Documents/shalpy/taller1_grupo14/src/install/player_interfaces/local/lib/python3.10/dist-packages/player_interfaces/player_interfaces_s__rosidl_typesupport_introspection_c.cpython-310-aarch64-linux-gnu.so
[26.507s] -- Installing: /home/ubuntu/Documents/shalpy/taller1_grupo14/src/install/player_interfaces/local/lib/python3.10/dist-packages/player_interfaces/player_interfaces_s__rosidl_typesupport_fastrtps_c.cpython-310-aarch64-linux-gnu.so
[26.509s] -- Installing: /home/ubuntu/Documents/shalpy/taller1_grupo14/src/install/player_interfaces/local/lib/python3.10/dist-packages/player_interfaces/__init__.py
[26.510s] -- Installing: /home/ubuntu/Documents/shalpy/taller1_grupo14/src/install/player_interfaces/local/lib/python3.10/dist-packages/player_interfaces/player_interfaces_s__rosidl_typesupport_c.cpython-310-aarch64-linux-gnu.so
[26.512s] -- Installing: /home/ubuntu/Documents/shalpy/taller1_grupo14/src/install/player_interfaces/local/lib/python3.10/dist-packages/player_interfaces/libplayer_interfaces__rosidl_generator_py.so
[26.514s] -- Installing: /home/ubuntu/Documents/shalpy/taller1_grupo14/src/install/player_interfaces/local/lib/python3.10/dist-packages/player_interfaces/_player_interfaces_s.ep.rosidl_typesupport_introspection_c.c
[26.515s] -- Installing: /home/ubuntu/Documents/shalpy/taller1_grupo14/src/install/player_interfaces/local/lib/python3.10/dist-packages/player_interfaces/srv
[26.516s] -- Installing: /home/ubuntu/Documents/shalpy/taller1_grupo14/src/install/player_interfaces/local/lib/python3.10/dist-packages/player_interfaces/srv/_player.py
[26.518s] -- Installing: /home/ubuntu/Documents/shalpy/taller1_grupo14/src/install/player_interfaces/local/lib/python3.10/dist-packages/player_interfaces/srv/__init__.py
[26.519s] -- Installing: /home/ubuntu/Documents/shalpy/taller1_grupo14/src/install/player_interfaces/local/lib/python3.10/dist-packages/player_interfaces/srv/_player_s.c
[26.521s] -- Installing: /home/ubuntu/Documents/shalpy/taller1_grupo14/src/install/player_interfaces/local/lib/python3.10/dist-packages/player_interfaces/_player_interfaces_s.ep.rosidl_typesupport_c.c
[26.523s] -- Installing: /home/ubuntu/Documents/shalpy/taller1_grupo14/src/install/player_interfaces/local/lib/python3.10/dist-packages/player_interfaces/_player_interfaces_s.ep.rosidl_typesupport_fastrtps_c.c
[26.683s] Listing '/home/ubuntu/Documents/shalpy/taller1_grupo14/src/install/player_interfaces/local/lib/python3.10/dist-packages/player_interfaces'...
[26.684s] Compiling '/home/ubuntu/Documents/shalpy/taller1_grupo14/src/install/player_interfaces/local/lib/python3.10/dist-packages/player_interfaces/__init__.py'...
[26.685s] Listing '/home/ubuntu/Documents/shalpy/taller1_grupo14/src/install/player_interfaces/local/lib/python3.10/dist-packages/player_interfaces/srv'...
[26.685s] Compiling '/home/ubuntu/Documents/shalpy/taller1_grupo14/src/install/player_interfaces/local/lib/python3.10/dist-packages/player_interfaces/srv/__init__.py'...
[26.686s] Compiling '/home/ubuntu/Documents/shalpy/taller1_grupo14/src/install/player_interfaces/local/lib/python3.10/dist-packages/player_interfaces/srv/_player.py'...
[26.709s] -- Installing: /home/ubuntu/Documents/shalpy/taller1_grupo14/src/install/player_interfaces/local/lib/python3.10/dist-packages/player_interfaces/player_interfaces_s__rosidl_typesupport_fastrtps_c.cpython-310-aarch64-linux-gnu.so
[26.712s] -- Set runtime path of "/home/ubuntu/Documents/shalpy/taller1_grupo14/src/install/player_interfaces/local/lib/python3.10/dist-packages/player_interfaces/player_interfaces_s__rosidl_typesupport_fastrtps_c.cpython-310-aarch64-linux-gnu.so" to ""
[26.714s] -- Installing: /home/ubuntu/Documents/shalpy/taller1_grupo14/src/install/player_interfaces/local/lib/python3.10/dist-packages/player_interfaces/player_interfaces_s__rosidl_typesupport_introspection_c.cpython-310-aarch64-linux-gnu.so
[26.718s] -- Set runtime path of "/home/ubuntu/Documents/shalpy/taller1_grupo14/src/install/player_interfaces/local/lib/python3.10/dist-packages/player_interfaces/player_interfaces_s__rosidl_typesupport_introspection_c.cpython-310-aarch64-linux-gnu.so" to ""
[26.721s] -- Installing: /home/ubuntu/Documents/shalpy/taller1_grupo14/src/install/player_interfaces/local/lib/python3.10/dist-packages/player_interfaces/player_interfaces_s__rosidl_typesupport_c.cpython-310-aarch64-linux-gnu.so
[26.724s] -- Set runtime path of "/home/ubuntu/Documents/shalpy/taller1_grupo14/src/install/player_interfaces/local/lib/python3.10/dist-packages/player_interfaces/player_interfaces_s__rosidl_typesupport_c.cpython-310-aarch64-linux-gnu.so" to ""
[26.725s] -- Installing: /home/ubuntu/Documents/shalpy/taller1_grupo14/src/install/player_interfaces/lib/libplayer_interfaces__rosidl_generator_py.so
[26.728s] -- Set runtime path of "/home/ubuntu/Documents/shalpy/taller1_grupo14/src/install/player_interfaces/lib/libplayer_interfaces__rosidl_generator_py.so" to ""
[26.729s] -- Installing: /home/ubuntu/Documents/shalpy/taller1_grupo14/src/install/player_interfaces/share/player_interfaces/srv/Player.idl
[26.730s] -- Installing: /home/ubuntu/Documents/shalpy/taller1_grupo14/src/install/player_interfaces/share/player_interfaces/srv/Player.srv
[26.732s] -- Installing: /home/ubuntu/Documents/shalpy/taller1_grupo14/src/install/player_interfaces/share/player_interfaces/srv/Player_Request.msg
[26.733s] -- Installing: /home/ubuntu/Documents/shalpy/taller1_grupo14/src/install/player_interfaces/share/player_interfaces/srv/Player_Response.msg
[26.735s] -- Installing: /home/ubuntu/Documents/shalpy/taller1_grupo14/src/install/player_interfaces/share/ament_index/resource_index/package_run_dependencies/player_interfaces
[26.737s] -- Installing: /home/ubuntu/Documents/shalpy/taller1_grupo14/src/install/player_interfaces/share/ament_index/resource_index/parent_prefix_path/player_interfaces
[26.739s] -- Installing: /home/ubuntu/Documents/shalpy/taller1_grupo14/src/install/player_interfaces/share/player_interfaces/environment/ament_prefix_path.sh
[26.740s] -- Installing: /home/ubuntu/Documents/shalpy/taller1_grupo14/src/install/player_interfaces/share/player_interfaces/environment/ament_prefix_path.dsv
[26.742s] -- Installing: /home/ubuntu/Documents/shalpy/taller1_grupo14/src/install/player_interfaces/share/player_interfaces/environment/path.sh
[26.743s] -- Installing: /home/ubuntu/Documents/shalpy/taller1_grupo14/src/install/player_interfaces/share/player_interfaces/environment/path.dsv
[26.745s] -- Installing: /home/ubuntu/Documents/shalpy/taller1_grupo14/src/install/player_interfaces/share/player_interfaces/local_setup.bash
[26.746s] -- Installing: /home/ubuntu/Documents/shalpy/taller1_grupo14/src/install/player_interfaces/share/player_interfaces/local_setup.sh
[26.748s] -- Installing: /home/ubuntu/Documents/shalpy/taller1_grupo14/src/install/player_interfaces/share/player_interfaces/local_setup.zsh
[26.749s] -- Installing: /home/ubuntu/Documents/shalpy/taller1_grupo14/src/install/player_interfaces/share/player_interfaces/local_setup.dsv
[26.750s] -- Installing: /home/ubuntu/Documents/shalpy/taller1_grupo14/src/install/player_interfaces/share/player_interfaces/package.dsv
[26.752s] -- Installing: /home/ubuntu/Documents/shalpy/taller1_grupo14/src/install/player_interfaces/share/ament_index/resource_index/packages/player_interfaces
[26.754s] -- Installing: /home/ubuntu/Documents/shalpy/taller1_grupo14/src/install/player_interfaces/share/player_interfaces/cmake/export_player_interfaces__rosidl_generator_cExport.cmake
[26.756s] -- Installing: /home/ubuntu/Documents/shalpy/taller1_grupo14/src/install/player_interfaces/share/player_interfaces/cmake/export_player_interfaces__rosidl_generator_cExport-noconfig.cmake
[26.758s] -- Installing: /home/ubuntu/Documents/shalpy/taller1_grupo14/src/install/player_interfaces/share/player_interfaces/cmake/export_player_interfaces__rosidl_typesupport_fastrtps_cExport.cmake
[26.760s] -- Installing: /home/ubuntu/Documents/shalpy/taller1_grupo14/src/install/player_interfaces/share/player_interfaces/cmake/export_player_interfaces__rosidl_typesupport_fastrtps_cExport-noconfig.cmake
[26.762s] -- Installing: /home/ubuntu/Documents/shalpy/taller1_grupo14/src/install/player_interfaces/share/player_interfaces/cmake/export_player_interfaces__rosidl_generator_cppExport.cmake
[26.764s] -- Installing: /home/ubuntu/Documents/shalpy/taller1_grupo14/src/install/player_interfaces/share/player_interfaces/cmake/export_player_interfaces__rosidl_typesupport_fastrtps_cppExport.cmake
[26.766s] -- Installing: /home/ubuntu/Documents/shalpy/taller1_grupo14/src/install/player_interfaces/share/player_interfaces/cmake/export_player_interfaces__rosidl_typesupport_fastrtps_cppExport-noconfig.cmake
[26.768s] -- Installing: /home/ubuntu/Documents/shalpy/taller1_grupo14/src/install/player_interfaces/share/player_interfaces/cmake/player_interfaces__rosidl_typesupport_introspection_cExport.cmake
[26.769s] -- Installing: /home/ubuntu/Documents/shalpy/taller1_grupo14/src/install/player_interfaces/share/player_interfaces/cmake/player_interfaces__rosidl_typesupport_introspection_cExport-noconfig.cmake
[26.771s] -- Installing: /home/ubuntu/Documents/shalpy/taller1_grupo14/src/install/player_interfaces/share/player_interfaces/cmake/player_interfaces__rosidl_typesupport_cExport.cmake
[26.773s] -- Installing: /home/ubuntu/Documents/shalpy/taller1_grupo14/src/install/player_interfaces/share/player_interfaces/cmake/player_interfaces__rosidl_typesupport_cExport-noconfig.cmake
[26.775s] -- Installing: /home/ubuntu/Documents/shalpy/taller1_grupo14/src/install/player_interfaces/share/player_interfaces/cmake/player_interfaces__rosidl_typesupport_introspection_cppExport.cmake
[26.777s] -- Installing: /home/ubuntu/Documents/shalpy/taller1_grupo14/src/install/player_interfaces/share/player_interfaces/cmake/player_interfaces__rosidl_typesupport_introspection_cppExport-noconfig.cmake
[26.779s] -- Installing: /home/ubuntu/Documents/shalpy/taller1_grupo14/src/install/player_interfaces/share/player_interfaces/cmake/player_interfaces__rosidl_typesupport_cppExport.cmake
[26.781s] -- Installing: /home/ubuntu/Documents/shalpy/taller1_grupo14/src/install/player_interfaces/share/player_interfaces/cmake/player_interfaces__rosidl_typesupport_cppExport-noconfig.cmake
[26.783s] -- Installing: /home/ubuntu/Documents/shalpy/taller1_grupo14/src/install/player_interfaces/share/player_interfaces/cmake/export_player_interfaces__rosidl_generator_pyExport.cmake
[26.784s] -- Installing: /home/ubuntu/Documents/shalpy/taller1_grupo14/src/install/player_interfaces/share/player_interfaces/cmake/export_player_interfaces__rosidl_generator_pyExport-noconfig.cmake
[26.786s] -- Installing: /home/ubuntu/Documents/shalpy/taller1_grupo14/src/install/player_interfaces/share/player_interfaces/cmake/rosidl_cmake-extras.cmake
[26.788s] -- Installing: /home/ubuntu/Documents/shalpy/taller1_grupo14/src/install/player_interfaces/share/player_interfaces/cmake/ament_cmake_export_dependencies-extras.cmake
[26.789s] -- Installing: /home/ubuntu/Documents/shalpy/taller1_grupo14/src/install/player_interfaces/share/player_interfaces/cmake/ament_cmake_export_include_directories-extras.cmake
[26.791s] -- Installing: /home/ubuntu/Documents/shalpy/taller1_grupo14/src/install/player_interfaces/share/player_interfaces/cmake/ament_cmake_export_libraries-extras.cmake
[26.793s] -- Installing: /home/ubuntu/Documents/shalpy/taller1_grupo14/src/install/player_interfaces/share/player_interfaces/cmake/ament_cmake_export_targets-extras.cmake
[26.794s] -- Installing: /home/ubuntu/Documents/shalpy/taller1_grupo14/src/install/player_interfaces/share/player_interfaces/cmake/rosidl_cmake_export_typesupport_targets-extras.cmake
[26.796s] -- Installing: /home/ubuntu/Documents/shalpy/taller1_grupo14/src/install/player_interfaces/share/player_interfaces/cmake/rosidl_cmake_export_typesupport_libraries-extras.cmake
[26.798s] -- Installing: /home/ubuntu/Documents/shalpy/taller1_grupo14/src/install/player_interfaces/share/player_interfaces/cmake/player_interfacesConfig.cmake
[26.799s] -- Installing: /home/ubuntu/Documents/shalpy/taller1_grupo14/src/install/player_interfaces/share/player_interfaces/cmake/player_interfacesConfig-version.cmake
[26.801s] -- Installing: /home/ubuntu/Documents/shalpy/taller1_grupo14/src/install/player_interfaces/share/player_interfaces/package.xml
[26.818s] Invoked command in '/home/ubuntu/Documents/shalpy/taller1_grupo14/src/build/player_interfaces' returned '0': CMAKE_PREFIX_PATH=/opt/ros/humble /usr/bin/cmake --install /home/ubuntu/Documents/shalpy/taller1_grupo14/src/build/player_interfaces
