[0.021s] Invoking command in '/home/juanespadi/Documents/shalpy/taller2_grupo14/build/player_interfaces': CMAKE_PREFIX_PATH=${CMAKE_PREFIX_PATH}:/home/juanespadi/Documents/shalpy/taller2_grupo14/install/turtle_bot_14:/opt/ros/humble /usr/bin/cmake /home/juanespadi/Documents/shalpy/taller2_grupo14/src/player_interfaces -DCMAKE_INSTALL_PREFIX=/home/juanespadi/Documents/shalpy/taller2_grupo14/install/player_interfaces
[0.034s] -- Found ament_cmake: 1.3.3 (/opt/ros/humble/share/ament_cmake/cmake)
[0.190s] -- Found geometry_msgs: 4.2.3 (/opt/ros/humble/share/geometry_msgs/cmake)
[0.217s] -- Found rosidl_generator_c: 3.1.4 (/opt/ros/humble/share/rosidl_generator_c/cmake)
[0.219s] -- Found rosidl_adapter: 3.1.4 (/opt/ros/humble/share/rosidl_adapter/cmake)
[0.226s] -- Found rosidl_generator_cpp: 3.1.4 (/opt/ros/humble/share/rosidl_generator_cpp/cmake)
[0.239s] -- Using all available rosidl_typesupport_c: rosidl_typesupport_fastrtps_c;rosidl_typesupport_introspection_c
[0.256s] -- Using all available rosidl_typesupport_cpp: rosidl_typesupport_fastrtps_cpp;rosidl_typesupport_introspection_cpp
[0.388s] -- Found rosidl_default_generators: 1.2.0 (/opt/ros/humble/share/rosidl_default_generators/cmake)
[0.625s] [31mCMake Error at /opt/ros/humble/share/rosidl_adapter/cmake/rosidl_adapt_interfaces.cmake:59 (message):
[0.625s]   execute_process(/usr/bin/python3.10 -m rosidl_adapter --package-name
[0.625s]   player_interfaces --arguments-file
[0.625s]   /home/juanespadi/Documents/shalpy/taller2_grupo14/build/player_interfaces/rosidl_adapter__arguments__player_interfaces.json
[0.625s]   --output-dir
[0.625s]   /home/juanespadi/Documents/shalpy/taller2_grupo14/build/player_interfaces/rosidl_adapter/player_interfaces
[0.625s]   --output-file
[0.625s]   /home/juanespadi/Documents/shalpy/taller2_grupo14/build/player_interfaces/rosidl_adapter/player_interfaces.idls)
[0.626s]   returned error code 1:
[0.626s] 
[0.626s]   Traceback (most recent call last):
[0.626s] 
[0.626s]     File "/usr/lib/python3.10/runpy.py", line 196, in _run_module_as_main
[0.626s]       return _run_code(code, main_globals, None,
[0.626s]     File "/usr/lib/python3.10/runpy.py", line 86, in _run_code
[0.626s]       exec(code, run_globals)
[0.626s]     File "/opt/ros/humble/local/lib/python3.10/dist-packages/rosidl_adapter/__main__.py", line 19, in <module>
[0.626s]       sys.exit(main())
[0.626s]     File "/opt/ros/humble/local/lib/python3.10/dist-packages/rosidl_adapter/main.py", line 53, in main
[0.626s]       abs_idl_file = convert_to_idl(
[0.627s]     File "/opt/ros/humble/local/lib/python3.10/dist-packages/rosidl_adapter/__init__.py", line 24, in convert_to_idl
[0.627s]       return convert_srv_to_idl(
[0.627s]     File "/opt/ros/humble/local/lib/python3.10/dist-packages/rosidl_adapter/srv/__init__.py", line 28, in convert_srv_to_idl
[0.627s]       srv = parse_service_string(package_name, input_file.stem, content)
[0.627s]     File "/opt/ros/humble/local/lib/python3.10/dist-packages/rosidl_adapter/parser.py", line 859, in parse_service_string
[0.627s]       request_message = parse_message_string(
[0.627s]     File "/opt/ros/humble/local/lib/python3.10/dist-packages/rosidl_adapter/parser.py", line 544, in parse_message_string
[0.627s]       msg = MessageSpecification(pkg_name, msg_name, fields, constants)
[0.627s]     File "/opt/ros/humble/local/lib/python3.10/dist-packages/rosidl_adapter/parser.py", line 388, in __init__
[0.627s]       self.base_type = BaseType(
[0.627s]     File "/opt/ros/humble/local/lib/python3.10/dist-packages/rosidl_adapter/parser.py", line 205, in __init__
[0.627s]       raise InvalidResourceName(
[0.627s] 
[0.627s]   rosidl_adapter.parser.InvalidResourceName: 'Player_Hardware_Request' is an
[0.628s]   invalid message name.  It should have the pattern '^[A-Z][A-Za-z0-9]*$'
[0.628s] 
[0.628s] Call Stack (most recent call first):
[0.628s]   /opt/ros/humble/share/rosidl_cmake/cmake/rosidl_generate_interfaces.cmake:130 (rosidl_adapt_interfaces)
[0.628s]   CMakeLists.txt:19 (rosidl_generate_interfaces)
[0.628s] 
[0.628s] [0m
[0.628s] -- Configuring incomplete, errors occurred!
[0.628s] See also "/home/juanespadi/Documents/shalpy/taller2_grupo14/build/player_interfaces/CMakeFiles/CMakeOutput.log".
[0.632s] Invoked command in '/home/juanespadi/Documents/shalpy/taller2_grupo14/build/player_interfaces' returned '1': CMAKE_PREFIX_PATH=${CMAKE_PREFIX_PATH}:/home/juanespadi/Documents/shalpy/taller2_grupo14/install/turtle_bot_14:/opt/ros/humble /usr/bin/cmake /home/juanespadi/Documents/shalpy/taller2_grupo14/src/player_interfaces -DCMAKE_INSTALL_PREFIX=/home/juanespadi/Documents/shalpy/taller2_grupo14/install/player_interfaces
