[0.307s] DEBUG:colcon:Command line arguments: ['/usr/bin/colcon', 'build']
[0.307s] DEBUG:colcon:Parsed command line arguments: Namespace(log_base=None, log_level=None, verb_name='build', build_base='build', install_base='install', merge_install=False, symlink_install=False, test_result_base=None, continue_on_error=False, executor='parallel', parallel_workers=8, event_handlers=None, ignore_user_meta=False, metas=['./colcon.meta'], base_paths=['.'], packages_ignore=None, packages_ignore_regex=None, paths=None, packages_up_to=None, packages_up_to_regex=None, packages_above=None, packages_above_and_dependencies=None, packages_above_depth=None, packages_select_by_dep=None, packages_skip_by_dep=None, packages_skip_up_to=None, packages_select_build_failed=False, packages_skip_build_finished=False, packages_select_test_failures=False, packages_skip_test_passed=False, packages_select=None, packages_skip=None, packages_select_regex=None, packages_skip_regex=None, packages_start=None, packages_end=None, allow_overriding=[], cmake_args=None, cmake_target=None, cmake_target_skip_unavailable=False, cmake_clean_cache=False, cmake_clean_first=False, cmake_force_configure=False, ament_cmake_args=None, catkin_cmake_args=None, catkin_skip_building_tests=False, verb_parser=<colcon_defaults.argument_parser.defaults.DefaultArgumentsDecorator object at 0x7f5ebd9eb880>, verb_extension=<colcon_core.verb.build.BuildVerb object at 0x7f5ebe3603d0>, main=<bound method BuildVerb.main of <colcon_core.verb.build.BuildVerb object at 0x7f5ebe3603d0>>)
[0.328s] Level 1:colcon.colcon_core.package_discovery:discover_packages(colcon_meta) check parameters
[0.329s] Level 1:colcon.colcon_core.package_discovery:discover_packages(recursive) check parameters
[0.329s] Level 1:colcon.colcon_core.package_discovery:discover_packages(ignore) check parameters
[0.329s] Level 1:colcon.colcon_core.package_discovery:discover_packages(path) check parameters
[0.329s] Level 1:colcon.colcon_core.package_discovery:discover_packages(colcon_meta) discover
[0.329s] Level 1:colcon.colcon_core.package_discovery:discover_packages(recursive) discover
[0.329s] INFO:colcon.colcon_core.package_discovery:Crawling recursively for packages in '/home/juanespadi/Documents/shalpy/taller1_grupo14'
[0.329s] Level 1:colcon.colcon_core.package_identification:_identify(.) by extensions ['ignore', 'ignore_ament_install']
[0.329s] Level 1:colcon.colcon_core.package_identification:_identify(.) by extension 'ignore'
[0.329s] Level 1:colcon.colcon_core.package_identification:_identify(.) by extension 'ignore_ament_install'
[0.329s] Level 1:colcon.colcon_core.package_identification:_identify(.) by extensions ['colcon_pkg']
[0.329s] Level 1:colcon.colcon_core.package_identification:_identify(.) by extension 'colcon_pkg'
[0.329s] Level 1:colcon.colcon_core.package_identification:_identify(.) by extensions ['colcon_meta']
[0.329s] Level 1:colcon.colcon_core.package_identification:_identify(.) by extension 'colcon_meta'
[0.329s] Level 1:colcon.colcon_core.package_identification:_identify(.) by extensions ['ros']
[0.329s] Level 1:colcon.colcon_core.package_identification:_identify(.) by extension 'ros'
[0.349s] Level 1:colcon.colcon_core.package_identification:_identify(.) by extensions ['cmake', 'python']
[0.349s] Level 1:colcon.colcon_core.package_identification:_identify(.) by extension 'cmake'
[0.349s] Level 1:colcon.colcon_core.package_identification:_identify(.) by extension 'python'
[0.350s] Level 1:colcon.colcon_core.package_identification:_identify(.) by extensions ['python_setup_py']
[0.350s] Level 1:colcon.colcon_core.package_identification:_identify(.) by extension 'python_setup_py'
[0.350s] Level 1:colcon.colcon_core.package_identification:_identify(build) by extensions ['ignore', 'ignore_ament_install']
[0.350s] Level 1:colcon.colcon_core.package_identification:_identify(build) by extension 'ignore'
[0.350s] Level 1:colcon.colcon_core.package_identification:_identify(build) ignored
[0.350s] Level 1:colcon.colcon_core.package_identification:_identify(install) by extensions ['ignore', 'ignore_ament_install']
[0.350s] Level 1:colcon.colcon_core.package_identification:_identify(install) by extension 'ignore'
[0.350s] Level 1:colcon.colcon_core.package_identification:_identify(install) ignored
[0.350s] Level 1:colcon.colcon_core.package_identification:_identify(log) by extensions ['ignore', 'ignore_ament_install']
[0.350s] Level 1:colcon.colcon_core.package_identification:_identify(log) by extension 'ignore'
[0.350s] Level 1:colcon.colcon_core.package_identification:_identify(log) ignored
[0.350s] Level 1:colcon.colcon_core.package_identification:_identify(src) by extensions ['ignore', 'ignore_ament_install']
[0.351s] Level 1:colcon.colcon_core.package_identification:_identify(src) by extension 'ignore'
[0.351s] Level 1:colcon.colcon_core.package_identification:_identify(src) by extension 'ignore_ament_install'
[0.351s] Level 1:colcon.colcon_core.package_identification:_identify(src) by extensions ['colcon_pkg']
[0.351s] Level 1:colcon.colcon_core.package_identification:_identify(src) by extension 'colcon_pkg'
[0.351s] Level 1:colcon.colcon_core.package_identification:_identify(src) by extensions ['colcon_meta']
[0.351s] Level 1:colcon.colcon_core.package_identification:_identify(src) by extension 'colcon_meta'
[0.351s] Level 1:colcon.colcon_core.package_identification:_identify(src) by extensions ['ros']
[0.351s] Level 1:colcon.colcon_core.package_identification:_identify(src) by extension 'ros'
[0.351s] Level 1:colcon.colcon_core.package_identification:_identify(src) by extensions ['cmake', 'python']
[0.351s] Level 1:colcon.colcon_core.package_identification:_identify(src) by extension 'cmake'
[0.351s] Level 1:colcon.colcon_core.package_identification:_identify(src) by extension 'python'
[0.351s] Level 1:colcon.colcon_core.package_identification:_identify(src) by extensions ['python_setup_py']
[0.351s] Level 1:colcon.colcon_core.package_identification:_identify(src) by extension 'python_setup_py'
[0.351s] Level 1:colcon.colcon_core.package_identification:_identify(src/turtle_bot_14) by extensions ['ignore', 'ignore_ament_install']
[0.351s] Level 1:colcon.colcon_core.package_identification:_identify(src/turtle_bot_14) by extension 'ignore'
[0.351s] Level 1:colcon.colcon_core.package_identification:_identify(src/turtle_bot_14) by extension 'ignore_ament_install'
[0.352s] Level 1:colcon.colcon_core.package_identification:_identify(src/turtle_bot_14) by extensions ['colcon_pkg']
[0.352s] Level 1:colcon.colcon_core.package_identification:_identify(src/turtle_bot_14) by extension 'colcon_pkg'
[0.352s] Level 1:colcon.colcon_core.package_identification:_identify(src/turtle_bot_14) by extensions ['colcon_meta']
[0.352s] Level 1:colcon.colcon_core.package_identification:_identify(src/turtle_bot_14) by extension 'colcon_meta'
[0.352s] Level 1:colcon.colcon_core.package_identification:_identify(src/turtle_bot_14) by extensions ['ros']
[0.352s] Level 1:colcon.colcon_core.package_identification:_identify(src/turtle_bot_14) by extension 'ros'
[0.354s] DEBUG:colcon.colcon_core.package_identification:Package 'src/turtle_bot_14' with type 'ros.ament_python' and name 'turtle_bot_14'
[0.354s] Level 1:colcon.colcon_core.package_discovery:discover_packages(recursive) using defaults
[0.354s] Level 1:colcon.colcon_core.package_discovery:discover_packages(ignore) discover
[0.354s] Level 1:colcon.colcon_core.package_discovery:discover_packages(ignore) using defaults
[0.354s] Level 1:colcon.colcon_core.package_discovery:discover_packages(path) discover
[0.354s] Level 1:colcon.colcon_core.package_discovery:discover_packages(path) using defaults
[0.379s] Level 1:colcon.colcon_core.package_discovery:discover_packages(prefix_path) check parameters
[0.379s] Level 1:colcon.colcon_core.package_discovery:discover_packages(prefix_path) discover
[0.382s] DEBUG:colcon.colcon_installed_package_information.package_discovery:Found 1 installed packages in /home/juanespadi/Documents/shalpy/taller1_grupo14/install
[0.385s] DEBUG:colcon.colcon_installed_package_information.package_discovery:Found 284 installed packages in /opt/ros/humble
[0.387s] Level 1:colcon.colcon_core.package_discovery:discover_packages(prefix_path) using defaults
[0.453s] Level 5:colcon.colcon_core.verb:set package 'turtle_bot_14' build argument 'cmake_args' from command line to 'None'
[0.453s] Level 5:colcon.colcon_core.verb:set package 'turtle_bot_14' build argument 'cmake_target' from command line to 'None'
[0.453s] Level 5:colcon.colcon_core.verb:set package 'turtle_bot_14' build argument 'cmake_target_skip_unavailable' from command line to 'False'
[0.453s] Level 5:colcon.colcon_core.verb:set package 'turtle_bot_14' build argument 'cmake_clean_cache' from command line to 'False'
[0.453s] Level 5:colcon.colcon_core.verb:set package 'turtle_bot_14' build argument 'cmake_clean_first' from command line to 'False'
[0.453s] Level 5:colcon.colcon_core.verb:set package 'turtle_bot_14' build argument 'cmake_force_configure' from command line to 'False'
[0.453s] Level 5:colcon.colcon_core.verb:set package 'turtle_bot_14' build argument 'ament_cmake_args' from command line to 'None'
[0.453s] Level 5:colcon.colcon_core.verb:set package 'turtle_bot_14' build argument 'catkin_cmake_args' from command line to 'None'
[0.453s] Level 5:colcon.colcon_core.verb:set package 'turtle_bot_14' build argument 'catkin_skip_building_tests' from command line to 'False'
[0.453s] DEBUG:colcon.colcon_core.verb:Building package 'turtle_bot_14' with the following arguments: {'ament_cmake_args': None, 'build_base': '/home/juanespadi/Documents/shalpy/taller1_grupo14/build/turtle_bot_14', 'catkin_cmake_args': None, 'catkin_skip_building_tests': False, 'cmake_args': None, 'cmake_clean_cache': False, 'cmake_clean_first': False, 'cmake_force_configure': False, 'cmake_target': None, 'cmake_target_skip_unavailable': False, 'install_base': '/home/juanespadi/Documents/shalpy/taller1_grupo14/install/turtle_bot_14', 'merge_install': False, 'path': '/home/juanespadi/Documents/shalpy/taller1_grupo14/src/turtle_bot_14', 'symlink_install': False, 'test_result_base': None}
[0.454s] INFO:colcon.colcon_core.executor:Executing jobs using 'parallel' executor
[0.457s] DEBUG:colcon.colcon_parallel_executor.executor.parallel:run_until_complete
[0.457s] INFO:colcon.colcon_ros.task.ament_python.build:Building ROS package in '/home/juanespadi/Documents/shalpy/taller1_grupo14/src/turtle_bot_14' with build type 'ament_python'
[0.457s] Level 1:colcon.colcon_core.shell:create_environment_hook('turtle_bot_14', 'ament_prefix_path')
[0.461s] INFO:colcon.colcon_core.plugin_system:Skipping extension 'colcon_core.shell.bat': Not used on non-Windows systems
[0.462s] INFO:colcon.colcon_core.shell:Creating environment hook '/home/juanespadi/Documents/shalpy/taller1_grupo14/install/turtle_bot_14/share/turtle_bot_14/hook/ament_prefix_path.ps1'
[0.462s] INFO:colcon.colcon_core.shell:Creating environment descriptor '/home/juanespadi/Documents/shalpy/taller1_grupo14/install/turtle_bot_14/share/turtle_bot_14/hook/ament_prefix_path.dsv'
[0.463s] INFO:colcon.colcon_core.shell:Creating environment hook '/home/juanespadi/Documents/shalpy/taller1_grupo14/install/turtle_bot_14/share/turtle_bot_14/hook/ament_prefix_path.sh'
[0.464s] INFO:colcon.colcon_core.shell:Skip shell extension 'powershell' for command environment: Not usable outside of PowerShell
[0.464s] DEBUG:colcon.colcon_core.shell:Skip shell extension 'dsv' for command environment
[0.736s] INFO:colcon.colcon_core.task.python.build:Building Python package in '/home/juanespadi/Documents/shalpy/taller1_grupo14/src/turtle_bot_14'
[0.737s] INFO:colcon.colcon_core.shell:Skip shell extension 'powershell' for command environment: Not usable outside of PowerShell
[0.737s] DEBUG:colcon.colcon_core.shell:Skip shell extension 'dsv' for command environment
[1.090s] DEBUG:colcon.colcon_core.event_handler.log_command:Invoking command in '/home/juanespadi/Documents/shalpy/taller1_grupo14/src/turtle_bot_14': PYTHONPATH=/home/juanespadi/Documents/shalpy/taller1_grupo14/build/turtle_bot_14/prefix_override:/home/juanespadi/Documents/shalpy/taller1_grupo14/install/turtle_bot_14/lib/python3.10/site-packages:${PYTHONPATH} /usr/bin/python3 setup.py egg_info --egg-base ../../build/turtle_bot_14 build --build-base /home/juanespadi/Documents/shalpy/taller1_grupo14/build/turtle_bot_14/build install --record /home/juanespadi/Documents/shalpy/taller1_grupo14/build/turtle_bot_14/install.log --single-version-externally-managed
[1.399s] DEBUG:colcon.colcon_core.event_handler.log_command:Invoked command in '/home/juanespadi/Documents/shalpy/taller1_grupo14/src/turtle_bot_14' returned '0': PYTHONPATH=/home/juanespadi/Documents/shalpy/taller1_grupo14/build/turtle_bot_14/prefix_override:/home/juanespadi/Documents/shalpy/taller1_grupo14/install/turtle_bot_14/lib/python3.10/site-packages:${PYTHONPATH} /usr/bin/python3 setup.py egg_info --egg-base ../../build/turtle_bot_14 build --build-base /home/juanespadi/Documents/shalpy/taller1_grupo14/build/turtle_bot_14/build install --record /home/juanespadi/Documents/shalpy/taller1_grupo14/build/turtle_bot_14/install.log --single-version-externally-managed
[1.405s] Level 1:colcon.colcon_core.environment:checking '/home/juanespadi/Documents/shalpy/taller1_grupo14/install/turtle_bot_14' for CMake module files
[1.406s] Level 1:colcon.colcon_core.environment:checking '/home/juanespadi/Documents/shalpy/taller1_grupo14/install/turtle_bot_14' for CMake config files
[1.407s] Level 1:colcon.colcon_core.environment:checking '/home/juanespadi/Documents/shalpy/taller1_grupo14/install/turtle_bot_14/lib'
[1.407s] Level 1:colcon.colcon_core.environment:checking '/home/juanespadi/Documents/shalpy/taller1_grupo14/install/turtle_bot_14/bin'
[1.407s] Level 1:colcon.colcon_core.environment:checking '/home/juanespadi/Documents/shalpy/taller1_grupo14/install/turtle_bot_14/lib/pkgconfig/turtle_bot_14.pc'
[1.407s] Level 1:colcon.colcon_core.environment:checking '/home/juanespadi/Documents/shalpy/taller1_grupo14/install/turtle_bot_14/lib/python3.10/site-packages'
[1.408s] Level 1:colcon.colcon_core.shell:create_environment_hook('turtle_bot_14', 'pythonpath')
[1.409s] INFO:colcon.colcon_core.shell:Creating environment hook '/home/juanespadi/Documents/shalpy/taller1_grupo14/install/turtle_bot_14/share/turtle_bot_14/hook/pythonpath.ps1'
[1.410s] INFO:colcon.colcon_core.shell:Creating environment descriptor '/home/juanespadi/Documents/shalpy/taller1_grupo14/install/turtle_bot_14/share/turtle_bot_14/hook/pythonpath.dsv'
[1.410s] INFO:colcon.colcon_core.shell:Creating environment hook '/home/juanespadi/Documents/shalpy/taller1_grupo14/install/turtle_bot_14/share/turtle_bot_14/hook/pythonpath.sh'
[1.411s] Level 1:colcon.colcon_core.environment:checking '/home/juanespadi/Documents/shalpy/taller1_grupo14/install/turtle_bot_14/bin'
[1.411s] Level 1:colcon.colcon_core.environment:create_environment_scripts_only(turtle_bot_14)
[1.412s] INFO:colcon.colcon_core.shell:Creating package script '/home/juanespadi/Documents/shalpy/taller1_grupo14/install/turtle_bot_14/share/turtle_bot_14/package.ps1'
[1.413s] INFO:colcon.colcon_core.shell:Creating package descriptor '/home/juanespadi/Documents/shalpy/taller1_grupo14/install/turtle_bot_14/share/turtle_bot_14/package.dsv'
[1.414s] INFO:colcon.colcon_core.shell:Creating package script '/home/juanespadi/Documents/shalpy/taller1_grupo14/install/turtle_bot_14/share/turtle_bot_14/package.sh'
[1.415s] INFO:colcon.colcon_core.shell:Creating package script '/home/juanespadi/Documents/shalpy/taller1_grupo14/install/turtle_bot_14/share/turtle_bot_14/package.bash'
[1.416s] INFO:colcon.colcon_core.shell:Creating package script '/home/juanespadi/Documents/shalpy/taller1_grupo14/install/turtle_bot_14/share/turtle_bot_14/package.zsh'
[1.417s] Level 1:colcon.colcon_core.environment:create_file_with_runtime_dependencies(/home/juanespadi/Documents/shalpy/taller1_grupo14/install/turtle_bot_14/share/colcon-core/packages/turtle_bot_14)
[1.417s] DEBUG:colcon.colcon_parallel_executor.executor.parallel:closing loop
[1.418s] DEBUG:colcon.colcon_parallel_executor.executor.parallel:loop closed
[1.418s] DEBUG:colcon.colcon_parallel_executor.executor.parallel:run_until_complete finished with '0'
[1.418s] DEBUG:colcon.colcon_core.event_reactor:joining thread
[1.424s] INFO:colcon.colcon_core.plugin_system:Skipping extension 'colcon_notification.desktop_notification.terminal_notifier': Not used on non-Darwin systems
[1.425s] INFO:colcon.colcon_core.plugin_system:Skipping extension 'colcon_notification.desktop_notification.win32': Not used on non-Windows systems
[1.425s] INFO:colcon.colcon_notification.desktop_notification:Sending desktop notification using 'notify2'
[1.440s] DEBUG:colcon.colcon_core.event_reactor:joined thread
[1.441s] INFO:colcon.colcon_core.shell:Creating prefix script '/home/juanespadi/Documents/shalpy/taller1_grupo14/install/local_setup.ps1'
[1.442s] INFO:colcon.colcon_core.shell:Creating prefix util module '/home/juanespadi/Documents/shalpy/taller1_grupo14/install/_local_setup_util_ps1.py'
[1.444s] INFO:colcon.colcon_core.shell:Creating prefix chain script '/home/juanespadi/Documents/shalpy/taller1_grupo14/install/setup.ps1'
[1.445s] INFO:colcon.colcon_core.shell:Creating prefix script '/home/juanespadi/Documents/shalpy/taller1_grupo14/install/local_setup.sh'
[1.446s] INFO:colcon.colcon_core.shell:Creating prefix util module '/home/juanespadi/Documents/shalpy/taller1_grupo14/install/_local_setup_util_sh.py'
[1.447s] INFO:colcon.colcon_core.shell:Creating prefix chain script '/home/juanespadi/Documents/shalpy/taller1_grupo14/install/setup.sh'
[1.448s] INFO:colcon.colcon_core.shell:Creating prefix script '/home/juanespadi/Documents/shalpy/taller1_grupo14/install/local_setup.bash'
[1.449s] INFO:colcon.colcon_core.shell:Creating prefix chain script '/home/juanespadi/Documents/shalpy/taller1_grupo14/install/setup.bash'
[1.450s] INFO:colcon.colcon_core.shell:Creating prefix script '/home/juanespadi/Documents/shalpy/taller1_grupo14/install/local_setup.zsh'
[1.451s] INFO:colcon.colcon_core.shell:Creating prefix chain script '/home/juanespadi/Documents/shalpy/taller1_grupo14/install/setup.zsh'
