[2.469s] Invoking command in '/home/juanespadi/Documents/shalpy/taller3_grupo14/src/turtle_bot_14': PYTHONPATH=/home/juanespadi/Documents/shalpy/taller3_grupo14/build/turtle_bot_14/prefix_override:/home/juanespadi/Documents/shalpy/taller3_grupo14/install/turtle_bot_14/lib/python3.10/site-packages:${PYTHONPATH} /usr/bin/python3 setup.py egg_info --egg-base ../../build/turtle_bot_14 build --build-base /home/juanespadi/Documents/shalpy/taller3_grupo14/build/turtle_bot_14/build install --record /home/juanespadi/Documents/shalpy/taller3_grupo14/build/turtle_bot_14/install.log --single-version-externally-managed
[2.790s] running egg_info
[2.792s] writing ../../build/turtle_bot_14/turtle_bot_14.egg-info/PKG-INFO
[2.792s] writing dependency_links to ../../build/turtle_bot_14/turtle_bot_14.egg-info/dependency_links.txt
[2.792s] writing entry points to ../../build/turtle_bot_14/turtle_bot_14.egg-info/entry_points.txt
[2.792s] writing requirements to ../../build/turtle_bot_14/turtle_bot_14.egg-info/requires.txt
[2.792s] writing top-level names to ../../build/turtle_bot_14/turtle_bot_14.egg-info/top_level.txt
[2.795s] reading manifest file '../../build/turtle_bot_14/turtle_bot_14.egg-info/SOURCES.txt'
[2.841s] writing manifest file '../../build/turtle_bot_14/turtle_bot_14.egg-info/SOURCES.txt'
[2.841s] running build
[2.841s] running build_py
[2.842s] running install
[2.842s] /usr/lib/python3/dist-packages/setuptools/command/install.py:34: SetuptoolsDeprecationWarning: setup.py install is deprecated. Use build and pip and other standards-based tools.
[2.843s]   warnings.warn(
[2.843s] running install_lib
[2.846s] running install_data
[2.848s] running install_egg_info
[2.850s] removing '/home/juanespadi/Documents/shalpy/taller3_grupo14/install/turtle_bot_14/lib/python3.10/site-packages/turtle_bot_14-0.0.0-py3.10.egg-info' (and everything under it)
[2.851s] Copying ../../build/turtle_bot_14/turtle_bot_14.egg-info to /home/juanespadi/Documents/shalpy/taller3_grupo14/install/turtle_bot_14/lib/python3.10/site-packages/turtle_bot_14-0.0.0-py3.10.egg-info
[2.851s] running install_scripts
[2.877s] Installing turtle_bot_interface script to /home/juanespadi/Documents/shalpy/taller3_grupo14/install/turtle_bot_14/lib/turtle_bot_14
[2.938s] Installing turtle_bot_player script to /home/juanespadi/Documents/shalpy/taller3_grupo14/install/turtle_bot_14/lib/turtle_bot_14
[2.939s] Installing turtle_bot_position script to /home/juanespadi/Documents/shalpy/taller3_grupo14/install/turtle_bot_14/lib/turtle_bot_14
[2.939s] Installing turtle_bot_teleop script to /home/juanespadi/Documents/shalpy/taller3_grupo14/install/turtle_bot_14/lib/turtle_bot_14
[2.940s] writing list of installed files to '/home/juanespadi/Documents/shalpy/taller3_grupo14/build/turtle_bot_14/install.log'
[2.972s] Invoked command in '/home/juanespadi/Documents/shalpy/taller3_grupo14/src/turtle_bot_14' returned '0': PYTHONPATH=/home/juanespadi/Documents/shalpy/taller3_grupo14/build/turtle_bot_14/prefix_override:/home/juanespadi/Documents/shalpy/taller3_grupo14/install/turtle_bot_14/lib/python3.10/site-packages:${PYTHONPATH} /usr/bin/python3 setup.py egg_info --egg-base ../../build/turtle_bot_14 build --build-base /home/juanespadi/Documents/shalpy/taller3_grupo14/build/turtle_bot_14/build install --record /home/juanespadi/Documents/shalpy/taller3_grupo14/build/turtle_bot_14/install.log --single-version-externally-managed
