[0.022s] Invoking command in '/home/juanespadi/Documents/shalpy/taller2_grupo14/build/player_interfaces': CMAKE_PREFIX_PATH=${CMAKE_PREFIX_PATH}:/home/juanespadi/Documents/shalpy/taller2_grupo14/install/turtle_bot_14:/opt/ros/humble /usr/bin/cmake /home/juanespadi/Documents/shalpy/taller2_grupo14/src/player_interfaces -DCMAKE_INSTALL_PREFIX=/home/juanespadi/Documents/shalpy/taller2_grupo14/install/player_interfaces
[0.076s] -- The C compiler identification is GNU 11.3.0
[0.134s] -- The CXX compiler identification is GNU 11.3.0
[0.141s] -- Detecting C compiler ABI info
[0.209s] -- Detecting C compiler ABI info - done
[0.219s] -- Check for working C compiler: /usr/bin/cc - skipped
[0.220s] -- Detecting C compile features
[0.220s] -- Detecting C compile features - done
[0.224s] -- Detecting CXX compiler ABI info
[0.306s] -- Detecting CXX compiler ABI info - done
[0.317s] -- Check for working CXX compiler: /usr/bin/c++ - skipped
[0.317s] -- Detecting CXX compile features
[0.318s] -- Detecting CXX compile features - done
[0.322s] -- Found ament_cmake: 1.3.3 (/opt/ros/humble/share/ament_cmake/cmake)
[0.523s] -- Found Python3: /usr/bin/python3.10 (found version "3.10.6") found components: Interpreter 
[0.621s] -- Found geometry_msgs: 4.2.3 (/opt/ros/humble/share/geometry_msgs/cmake)
[0.661s] -- Found rosidl_generator_c: 3.1.4 (/opt/ros/humble/share/rosidl_generator_c/cmake)
[0.666s] -- Found rosidl_adapter: 3.1.4 (/opt/ros/humble/share/rosidl_adapter/cmake)
[0.676s] -- Found rosidl_generator_cpp: 3.1.4 (/opt/ros/humble/share/rosidl_generator_cpp/cmake)
[0.690s] -- Using all available rosidl_typesupport_c: rosidl_typesupport_fastrtps_c;rosidl_typesupport_introspection_c
[0.711s] -- Using all available rosidl_typesupport_cpp: rosidl_typesupport_fastrtps_cpp;rosidl_typesupport_introspection_cpp
[0.855s] -- Found rosidl_default_generators: 1.2.0 (/opt/ros/humble/share/rosidl_default_generators/cmake)
[0.868s] [31mCMake Error at /opt/ros/humble/share/rosidl_cmake/cmake/rosidl_generate_interfaces.cmake:93 (message):
[0.868s]   rosidl_generate_interfaces() the passed file 'srv/Player_Hardware.srv'
[0.868s]   doesn't exist relative to the CMAKE_CURRENT_SOURCE_DIR
[0.868s]   '/home/juanespadi/Documents/shalpy/taller2_grupo14/src/player_interfaces'
[0.868s] Call Stack (most recent call first):
[0.869s]   CMakeLists.txt:19 (rosidl_generate_interfaces)
[0.869s] 
[0.869s] [0m
[0.869s] -- Configuring incomplete, errors occurred!
[0.869s] See also "/home/juanespadi/Documents/shalpy/taller2_grupo14/build/player_interfaces/CMakeFiles/CMakeOutput.log".
[0.877s] Invoked command in '/home/juanespadi/Documents/shalpy/taller2_grupo14/build/player_interfaces' returned '1': CMAKE_PREFIX_PATH=${CMAKE_PREFIX_PATH}:/home/juanespadi/Documents/shalpy/taller2_grupo14/install/turtle_bot_14:/opt/ros/humble /usr/bin/cmake /home/juanespadi/Documents/shalpy/taller2_grupo14/src/player_interfaces -DCMAKE_INSTALL_PREFIX=/home/juanespadi/Documents/shalpy/taller2_grupo14/install/player_interfaces
