[0.941s] Invoking command in '/home/juanespadi/Documents/shalpy/taller2_grupo14/src/turtle_bot_14': PYTHONPATH=/home/juanespadi/Documents/shalpy/taller2_grupo14/build/turtle_bot_14/prefix_override:/home/juanespadi/Documents/shalpy/taller2_grupo14/install/turtle_bot_14/lib/python3.10/site-packages:${PYTHONPATH} /usr/bin/python3 setup.py egg_info --egg-base ../../build/turtle_bot_14 build --build-base /home/juanespadi/Documents/shalpy/taller2_grupo14/build/turtle_bot_14/build install --record /home/juanespadi/Documents/shalpy/taller2_grupo14/build/turtle_bot_14/install.log --single-version-externally-managed
[1.238s] running egg_info
[1.239s] writing ../../build/turtle_bot_14/turtle_bot_14.egg-info/PKG-INFO
[1.239s] writing dependency_links to ../../build/turtle_bot_14/turtle_bot_14.egg-info/dependency_links.txt
[1.239s] writing entry points to ../../build/turtle_bot_14/turtle_bot_14.egg-info/entry_points.txt
[1.240s] writing requirements to ../../build/turtle_bot_14/turtle_bot_14.egg-info/requires.txt
[1.240s] writing top-level names to ../../build/turtle_bot_14/turtle_bot_14.egg-info/top_level.txt
[1.242s] reading manifest file '../../build/turtle_bot_14/turtle_bot_14.egg-info/SOURCES.txt'
[1.243s] writing manifest file '../../build/turtle_bot_14/turtle_bot_14.egg-info/SOURCES.txt'
[1.243s] running build
[1.243s] running build_py
[1.244s] copying turtle_bot_14/turtle_bot_player.py -> /home/juanespadi/Documents/shalpy/taller2_grupo14/build/turtle_bot_14/build/lib/turtle_bot_14
[1.244s] copying turtle_bot_14/turtle_bot_interface.py -> /home/juanespadi/Documents/shalpy/taller2_grupo14/build/turtle_bot_14/build/lib/turtle_bot_14
[1.244s] copying turtle_bot_14/turtle_bot_teleop.py -> /home/juanespadi/Documents/shalpy/taller2_grupo14/build/turtle_bot_14/build/lib/turtle_bot_14
[1.244s] copying turtle_bot_14/turtle_bot_position.py -> /home/juanespadi/Documents/shalpy/taller2_grupo14/build/turtle_bot_14/build/lib/turtle_bot_14
[1.244s] running install
[1.244s] /usr/lib/python3/dist-packages/setuptools/command/install.py:34: SetuptoolsDeprecationWarning: setup.py install is deprecated. Use build and pip and other standards-based tools.
[1.244s]   warnings.warn(
[1.245s] running install_lib
[1.245s] copying /home/juanespadi/Documents/shalpy/taller2_grupo14/build/turtle_bot_14/build/lib/turtle_bot_14/turtle_bot_player.py -> /home/juanespadi/Documents/shalpy/taller2_grupo14/install/turtle_bot_14/lib/python3.10/site-packages/turtle_bot_14
[1.246s] copying /home/juanespadi/Documents/shalpy/taller2_grupo14/build/turtle_bot_14/build/lib/turtle_bot_14/turtle_bot_interface.py -> /home/juanespadi/Documents/shalpy/taller2_grupo14/install/turtle_bot_14/lib/python3.10/site-packages/turtle_bot_14
[1.246s] copying /home/juanespadi/Documents/shalpy/taller2_grupo14/build/turtle_bot_14/build/lib/turtle_bot_14/turtle_bot_teleop.py -> /home/juanespadi/Documents/shalpy/taller2_grupo14/install/turtle_bot_14/lib/python3.10/site-packages/turtle_bot_14
[1.246s] copying /home/juanespadi/Documents/shalpy/taller2_grupo14/build/turtle_bot_14/build/lib/turtle_bot_14/turtle_bot_position.py -> /home/juanespadi/Documents/shalpy/taller2_grupo14/install/turtle_bot_14/lib/python3.10/site-packages/turtle_bot_14
[1.246s] byte-compiling /home/juanespadi/Documents/shalpy/taller2_grupo14/install/turtle_bot_14/lib/python3.10/site-packages/turtle_bot_14/turtle_bot_player.py to turtle_bot_player.cpython-310.pyc
[1.247s] byte-compiling /home/juanespadi/Documents/shalpy/taller2_grupo14/install/turtle_bot_14/lib/python3.10/site-packages/turtle_bot_14/turtle_bot_interface.py to turtle_bot_interface.cpython-310.pyc
[1.249s] byte-compiling /home/juanespadi/Documents/shalpy/taller2_grupo14/install/turtle_bot_14/lib/python3.10/site-packages/turtle_bot_14/turtle_bot_teleop.py to turtle_bot_teleop.cpython-310.pyc
[1.250s] byte-compiling /home/juanespadi/Documents/shalpy/taller2_grupo14/install/turtle_bot_14/lib/python3.10/site-packages/turtle_bot_14/turtle_bot_position.py to turtle_bot_position.cpython-310.pyc
[1.251s] running install_data
[1.251s] running install_egg_info
[1.253s] removing '/home/juanespadi/Documents/shalpy/taller2_grupo14/install/turtle_bot_14/lib/python3.10/site-packages/turtle_bot_14-0.0.0-py3.10.egg-info' (and everything under it)
[1.253s] Copying ../../build/turtle_bot_14/turtle_bot_14.egg-info to /home/juanespadi/Documents/shalpy/taller2_grupo14/install/turtle_bot_14/lib/python3.10/site-packages/turtle_bot_14-0.0.0-py3.10.egg-info
[1.254s] running install_scripts
[1.274s] Installing turtle_bot_interface script to /home/juanespadi/Documents/shalpy/taller2_grupo14/install/turtle_bot_14/lib/turtle_bot_14
[1.275s] Installing turtle_bot_player script to /home/juanespadi/Documents/shalpy/taller2_grupo14/install/turtle_bot_14/lib/turtle_bot_14
[1.275s] Installing turtle_bot_position script to /home/juanespadi/Documents/shalpy/taller2_grupo14/install/turtle_bot_14/lib/turtle_bot_14
[1.275s] Installing turtle_bot_teleop script to /home/juanespadi/Documents/shalpy/taller2_grupo14/install/turtle_bot_14/lib/turtle_bot_14
[1.275s] writing list of installed files to '/home/juanespadi/Documents/shalpy/taller2_grupo14/build/turtle_bot_14/install.log'
[1.302s] Invoked command in '/home/juanespadi/Documents/shalpy/taller2_grupo14/src/turtle_bot_14' returned '0': PYTHONPATH=/home/juanespadi/Documents/shalpy/taller2_grupo14/build/turtle_bot_14/prefix_override:/home/juanespadi/Documents/shalpy/taller2_grupo14/install/turtle_bot_14/lib/python3.10/site-packages:${PYTHONPATH} /usr/bin/python3 setup.py egg_info --egg-base ../../build/turtle_bot_14 build --build-base /home/juanespadi/Documents/shalpy/taller2_grupo14/build/turtle_bot_14/build install --record /home/juanespadi/Documents/shalpy/taller2_grupo14/build/turtle_bot_14/install.log --single-version-externally-managed
