[0.382s] DEBUG:colcon:Command line arguments: ['/usr/bin/colcon', 'build']
[0.382s] DEBUG:colcon:Parsed command line arguments: Namespace(log_base=None, log_level=None, verb_name='build', build_base='build', install_base='install', merge_install=False, symlink_install=False, test_result_base=None, continue_on_error=False, executor='parallel', parallel_workers=8, event_handlers=None, ignore_user_meta=False, metas=['./colcon.meta'], base_paths=['.'], packages_ignore=None, packages_ignore_regex=None, paths=None, packages_up_to=None, packages_up_to_regex=None, packages_above=None, packages_above_and_dependencies=None, packages_above_depth=None, packages_select_by_dep=None, packages_skip_by_dep=None, packages_skip_up_to=None, packages_select_build_failed=False, packages_skip_build_finished=False, packages_select_test_failures=False, packages_skip_test_passed=False, packages_select=None, packages_skip=None, packages_select_regex=None, packages_skip_regex=None, packages_start=None, packages_end=None, allow_overriding=[], cmake_args=None, cmake_target=None, cmake_target_skip_unavailable=False, cmake_clean_cache=False, cmake_clean_first=False, cmake_force_configure=False, ament_cmake_args=None, catkin_cmake_args=None, catkin_skip_building_tests=False, verb_parser=<colcon_defaults.argument_parser.defaults.DefaultArgumentsDecorator object at 0x7f64321d3d30>, verb_extension=<colcon_core.verb.build.BuildVerb object at 0x7f6432907190>, main=<bound method BuildVerb.main of <colcon_core.verb.build.BuildVerb object at 0x7f6432907190>>)
[0.407s] Level 1:colcon.colcon_core.package_discovery:discover_packages(colcon_meta) check parameters
[0.407s] Level 1:colcon.colcon_core.package_discovery:discover_packages(recursive) check parameters
[0.407s] Level 1:colcon.colcon_core.package_discovery:discover_packages(ignore) check parameters
[0.407s] Level 1:colcon.colcon_core.package_discovery:discover_packages(path) check parameters
[0.407s] Level 1:colcon.colcon_core.package_discovery:discover_packages(colcon_meta) discover
[0.407s] Level 1:colcon.colcon_core.package_discovery:discover_packages(recursive) discover
[0.407s] INFO:colcon.colcon_core.package_discovery:Crawling recursively for packages in '/home/juanespadi/Documents/shalpy/taller3_grupo14'
[0.407s] Level 1:colcon.colcon_core.package_identification:_identify(.) by extensions ['ignore', 'ignore_ament_install']
[0.408s] Level 1:colcon.colcon_core.package_identification:_identify(.) by extension 'ignore'
[0.408s] Level 1:colcon.colcon_core.package_identification:_identify(.) by extension 'ignore_ament_install'
[0.408s] Level 1:colcon.colcon_core.package_identification:_identify(.) by extensions ['colcon_pkg']
[0.408s] Level 1:colcon.colcon_core.package_identification:_identify(.) by extension 'colcon_pkg'
[0.408s] Level 1:colcon.colcon_core.package_identification:_identify(.) by extensions ['colcon_meta']
[0.408s] Level 1:colcon.colcon_core.package_identification:_identify(.) by extension 'colcon_meta'
[0.408s] Level 1:colcon.colcon_core.package_identification:_identify(.) by extensions ['ros']
[0.408s] Level 1:colcon.colcon_core.package_identification:_identify(.) by extension 'ros'
[0.419s] Level 1:colcon.colcon_core.package_identification:_identify(.) by extensions ['cmake', 'python']
[0.420s] Level 1:colcon.colcon_core.package_identification:_identify(.) by extension 'cmake'
[0.420s] Level 1:colcon.colcon_core.package_identification:_identify(.) by extension 'python'
[0.420s] Level 1:colcon.colcon_core.package_identification:_identify(.) by extensions ['python_setup_py']
[0.420s] Level 1:colcon.colcon_core.package_identification:_identify(.) by extension 'python_setup_py'
[0.420s] Level 1:colcon.colcon_core.package_identification:_identify(build) by extensions ['ignore', 'ignore_ament_install']
[0.420s] Level 1:colcon.colcon_core.package_identification:_identify(build) by extension 'ignore'
[0.420s] Level 1:colcon.colcon_core.package_identification:_identify(build) ignored
[0.420s] Level 1:colcon.colcon_core.package_identification:_identify(docs) by extensions ['ignore', 'ignore_ament_install']
[0.420s] Level 1:colcon.colcon_core.package_identification:_identify(docs) by extension 'ignore'
[0.420s] Level 1:colcon.colcon_core.package_identification:_identify(docs) by extension 'ignore_ament_install'
[0.420s] Level 1:colcon.colcon_core.package_identification:_identify(docs) by extensions ['colcon_pkg']
[0.420s] Level 1:colcon.colcon_core.package_identification:_identify(docs) by extension 'colcon_pkg'
[0.420s] Level 1:colcon.colcon_core.package_identification:_identify(docs) by extensions ['colcon_meta']
[0.420s] Level 1:colcon.colcon_core.package_identification:_identify(docs) by extension 'colcon_meta'
[0.421s] Level 1:colcon.colcon_core.package_identification:_identify(docs) by extensions ['ros']
[0.421s] Level 1:colcon.colcon_core.package_identification:_identify(docs) by extension 'ros'
[0.421s] Level 1:colcon.colcon_core.package_identification:_identify(docs) by extensions ['cmake', 'python']
[0.421s] Level 1:colcon.colcon_core.package_identification:_identify(docs) by extension 'cmake'
[0.421s] Level 1:colcon.colcon_core.package_identification:_identify(docs) by extension 'python'
[0.421s] Level 1:colcon.colcon_core.package_identification:_identify(docs) by extensions ['python_setup_py']
[0.421s] Level 1:colcon.colcon_core.package_identification:_identify(docs) by extension 'python_setup_py'
[0.421s] Level 1:colcon.colcon_core.package_identification:_identify(install) by extensions ['ignore', 'ignore_ament_install']
[0.421s] Level 1:colcon.colcon_core.package_identification:_identify(install) by extension 'ignore'
[0.421s] Level 1:colcon.colcon_core.package_identification:_identify(install) ignored
[0.421s] Level 1:colcon.colcon_core.package_identification:_identify(log) by extensions ['ignore', 'ignore_ament_install']
[0.421s] Level 1:colcon.colcon_core.package_identification:_identify(log) by extension 'ignore'
[0.421s] Level 1:colcon.colcon_core.package_identification:_identify(log) ignored
[0.421s] Level 1:colcon.colcon_core.package_identification:_identify(src) by extensions ['ignore', 'ignore_ament_install']
[0.422s] Level 1:colcon.colcon_core.package_identification:_identify(src) by extension 'ignore'
[0.422s] Level 1:colcon.colcon_core.package_identification:_identify(src) by extension 'ignore_ament_install'
[0.422s] Level 1:colcon.colcon_core.package_identification:_identify(src) by extensions ['colcon_pkg']
[0.422s] Level 1:colcon.colcon_core.package_identification:_identify(src) by extension 'colcon_pkg'
[0.422s] Level 1:colcon.colcon_core.package_identification:_identify(src) by extensions ['colcon_meta']
[0.422s] Level 1:colcon.colcon_core.package_identification:_identify(src) by extension 'colcon_meta'
[0.422s] Level 1:colcon.colcon_core.package_identification:_identify(src) by extensions ['ros']
[0.422s] Level 1:colcon.colcon_core.package_identification:_identify(src) by extension 'ros'
[0.422s] Level 1:colcon.colcon_core.package_identification:_identify(src) by extensions ['cmake', 'python']
[0.422s] Level 1:colcon.colcon_core.package_identification:_identify(src) by extension 'cmake'
[0.422s] Level 1:colcon.colcon_core.package_identification:_identify(src) by extension 'python'
[0.422s] Level 1:colcon.colcon_core.package_identification:_identify(src) by extensions ['python_setup_py']
[0.422s] Level 1:colcon.colcon_core.package_identification:_identify(src) by extension 'python_setup_py'
[0.422s] Level 1:colcon.colcon_core.package_identification:_identify(src/mi_robot_manipulador_14) by extensions ['ignore', 'ignore_ament_install']
[0.422s] Level 1:colcon.colcon_core.package_identification:_identify(src/mi_robot_manipulador_14) by extension 'ignore'
[0.422s] Level 1:colcon.colcon_core.package_identification:_identify(src/mi_robot_manipulador_14) by extension 'ignore_ament_install'
[0.422s] Level 1:colcon.colcon_core.package_identification:_identify(src/mi_robot_manipulador_14) by extensions ['colcon_pkg']
[0.423s] Level 1:colcon.colcon_core.package_identification:_identify(src/mi_robot_manipulador_14) by extension 'colcon_pkg'
[0.423s] Level 1:colcon.colcon_core.package_identification:_identify(src/mi_robot_manipulador_14) by extensions ['colcon_meta']
[0.423s] Level 1:colcon.colcon_core.package_identification:_identify(src/mi_robot_manipulador_14) by extension 'colcon_meta'
[0.423s] Level 1:colcon.colcon_core.package_identification:_identify(src/mi_robot_manipulador_14) by extensions ['ros']
[0.423s] Level 1:colcon.colcon_core.package_identification:_identify(src/mi_robot_manipulador_14) by extension 'ros'
[0.425s] DEBUG:colcon.colcon_core.package_identification:Package 'src/mi_robot_manipulador_14' with type 'ros.ament_python' and name 'mi_robot_manipulador_14'
[0.425s] Level 1:colcon.colcon_core.package_identification:_identify(src/player_interfaces) by extensions ['ignore', 'ignore_ament_install']
[0.425s] Level 1:colcon.colcon_core.package_identification:_identify(src/player_interfaces) by extension 'ignore'
[0.425s] Level 1:colcon.colcon_core.package_identification:_identify(src/player_interfaces) by extension 'ignore_ament_install'
[0.425s] Level 1:colcon.colcon_core.package_identification:_identify(src/player_interfaces) by extensions ['colcon_pkg']
[0.425s] Level 1:colcon.colcon_core.package_identification:_identify(src/player_interfaces) by extension 'colcon_pkg'
[0.425s] Level 1:colcon.colcon_core.package_identification:_identify(src/player_interfaces) by extensions ['colcon_meta']
[0.425s] Level 1:colcon.colcon_core.package_identification:_identify(src/player_interfaces) by extension 'colcon_meta'
[0.425s] Level 1:colcon.colcon_core.package_identification:_identify(src/player_interfaces) by extensions ['ros']
[0.426s] Level 1:colcon.colcon_core.package_identification:_identify(src/player_interfaces) by extension 'ros'
[0.426s] DEBUG:colcon.colcon_core.package_identification:Package 'src/player_interfaces' with type 'ros.ament_cmake' and name 'player_interfaces'
[0.426s] Level 1:colcon.colcon_core.package_identification:_identify(src/turtle_bot_14) by extensions ['ignore', 'ignore_ament_install']
[0.426s] Level 1:colcon.colcon_core.package_identification:_identify(src/turtle_bot_14) by extension 'ignore'
[0.426s] Level 1:colcon.colcon_core.package_identification:_identify(src/turtle_bot_14) by extension 'ignore_ament_install'
[0.426s] Level 1:colcon.colcon_core.package_identification:_identify(src/turtle_bot_14) by extensions ['colcon_pkg']
[0.426s] Level 1:colcon.colcon_core.package_identification:_identify(src/turtle_bot_14) by extension 'colcon_pkg'
[0.427s] Level 1:colcon.colcon_core.package_identification:_identify(src/turtle_bot_14) by extensions ['colcon_meta']
[0.427s] Level 1:colcon.colcon_core.package_identification:_identify(src/turtle_bot_14) by extension 'colcon_meta'
[0.427s] Level 1:colcon.colcon_core.package_identification:_identify(src/turtle_bot_14) by extensions ['ros']
[0.427s] Level 1:colcon.colcon_core.package_identification:_identify(src/turtle_bot_14) by extension 'ros'
[0.427s] DEBUG:colcon.colcon_core.package_identification:Package 'src/turtle_bot_14' with type 'ros.ament_python' and name 'turtle_bot_14'
[0.427s] Level 1:colcon.colcon_core.package_discovery:discover_packages(recursive) using defaults
[0.427s] Level 1:colcon.colcon_core.package_discovery:discover_packages(ignore) discover
[0.427s] Level 1:colcon.colcon_core.package_discovery:discover_packages(ignore) using defaults
[0.427s] Level 1:colcon.colcon_core.package_discovery:discover_packages(path) discover
[0.427s] Level 1:colcon.colcon_core.package_discovery:discover_packages(path) using defaults
[0.450s] Level 1:colcon.colcon_core.package_discovery:discover_packages(prefix_path) check parameters
[0.451s] Level 1:colcon.colcon_core.package_discovery:discover_packages(prefix_path) discover
[0.453s] DEBUG:colcon.colcon_installed_package_information.package_discovery:Found 3 installed packages in /home/juanespadi/Documents/shalpy/taller3_grupo14/install
[0.455s] DEBUG:colcon.colcon_installed_package_information.package_discovery:Found 284 installed packages in /opt/ros/humble
[0.457s] Level 1:colcon.colcon_core.package_discovery:discover_packages(prefix_path) using defaults
[0.524s] Level 5:colcon.colcon_core.verb:set package 'mi_robot_manipulador_14' build argument 'cmake_args' from command line to 'None'
[0.525s] Level 5:colcon.colcon_core.verb:set package 'mi_robot_manipulador_14' build argument 'cmake_target' from command line to 'None'
[0.525s] Level 5:colcon.colcon_core.verb:set package 'mi_robot_manipulador_14' build argument 'cmake_target_skip_unavailable' from command line to 'False'
[0.525s] Level 5:colcon.colcon_core.verb:set package 'mi_robot_manipulador_14' build argument 'cmake_clean_cache' from command line to 'False'
[0.525s] Level 5:colcon.colcon_core.verb:set package 'mi_robot_manipulador_14' build argument 'cmake_clean_first' from command line to 'False'
[0.525s] Level 5:colcon.colcon_core.verb:set package 'mi_robot_manipulador_14' build argument 'cmake_force_configure' from command line to 'False'
[0.525s] Level 5:colcon.colcon_core.verb:set package 'mi_robot_manipulador_14' build argument 'ament_cmake_args' from command line to 'None'
[0.525s] Level 5:colcon.colcon_core.verb:set package 'mi_robot_manipulador_14' build argument 'catkin_cmake_args' from command line to 'None'
[0.525s] Level 5:colcon.colcon_core.verb:set package 'mi_robot_manipulador_14' build argument 'catkin_skip_building_tests' from command line to 'False'
[0.525s] DEBUG:colcon.colcon_core.verb:Building package 'mi_robot_manipulador_14' with the following arguments: {'ament_cmake_args': None, 'build_base': '/home/juanespadi/Documents/shalpy/taller3_grupo14/build/mi_robot_manipulador_14', 'catkin_cmake_args': None, 'catkin_skip_building_tests': False, 'cmake_args': None, 'cmake_clean_cache': False, 'cmake_clean_first': False, 'cmake_force_configure': False, 'cmake_target': None, 'cmake_target_skip_unavailable': False, 'install_base': '/home/juanespadi/Documents/shalpy/taller3_grupo14/install/mi_robot_manipulador_14', 'merge_install': False, 'path': '/home/juanespadi/Documents/shalpy/taller3_grupo14/src/mi_robot_manipulador_14', 'symlink_install': False, 'test_result_base': None}
[0.526s] Level 5:colcon.colcon_core.verb:set package 'player_interfaces' build argument 'cmake_args' from command line to 'None'
[0.526s] Level 5:colcon.colcon_core.verb:set package 'player_interfaces' build argument 'cmake_target' from command line to 'None'
[0.526s] Level 5:colcon.colcon_core.verb:set package 'player_interfaces' build argument 'cmake_target_skip_unavailable' from command line to 'False'
[0.526s] Level 5:colcon.colcon_core.verb:set package 'player_interfaces' build argument 'cmake_clean_cache' from command line to 'False'
[0.526s] Level 5:colcon.colcon_core.verb:set package 'player_interfaces' build argument 'cmake_clean_first' from command line to 'False'
[0.526s] Level 5:colcon.colcon_core.verb:set package 'player_interfaces' build argument 'cmake_force_configure' from command line to 'False'
[0.526s] Level 5:colcon.colcon_core.verb:set package 'player_interfaces' build argument 'ament_cmake_args' from command line to 'None'
[0.526s] Level 5:colcon.colcon_core.verb:set package 'player_interfaces' build argument 'catkin_cmake_args' from command line to 'None'
[0.526s] Level 5:colcon.colcon_core.verb:set package 'player_interfaces' build argument 'catkin_skip_building_tests' from command line to 'False'
[0.526s] DEBUG:colcon.colcon_core.verb:Building package 'player_interfaces' with the following arguments: {'ament_cmake_args': None, 'build_base': '/home/juanespadi/Documents/shalpy/taller3_grupo14/build/player_interfaces', 'catkin_cmake_args': None, 'catkin_skip_building_tests': False, 'cmake_args': None, 'cmake_clean_cache': False, 'cmake_clean_first': False, 'cmake_force_configure': False, 'cmake_target': None, 'cmake_target_skip_unavailable': False, 'install_base': '/home/juanespadi/Documents/shalpy/taller3_grupo14/install/player_interfaces', 'merge_install': False, 'path': '/home/juanespadi/Documents/shalpy/taller3_grupo14/src/player_interfaces', 'symlink_install': False, 'test_result_base': None}
[0.527s] Level 5:colcon.colcon_core.verb:set package 'turtle_bot_14' build argument 'cmake_args' from command line to 'None'
[0.527s] Level 5:colcon.colcon_core.verb:set package 'turtle_bot_14' build argument 'cmake_target' from command line to 'None'
[0.527s] Level 5:colcon.colcon_core.verb:set package 'turtle_bot_14' build argument 'cmake_target_skip_unavailable' from command line to 'False'
[0.527s] Level 5:colcon.colcon_core.verb:set package 'turtle_bot_14' build argument 'cmake_clean_cache' from command line to 'False'
[0.527s] Level 5:colcon.colcon_core.verb:set package 'turtle_bot_14' build argument 'cmake_clean_first' from command line to 'False'
[0.527s] Level 5:colcon.colcon_core.verb:set package 'turtle_bot_14' build argument 'cmake_force_configure' from command line to 'False'
[0.527s] Level 5:colcon.colcon_core.verb:set package 'turtle_bot_14' build argument 'ament_cmake_args' from command line to 'None'
[0.527s] Level 5:colcon.colcon_core.verb:set package 'turtle_bot_14' build argument 'catkin_cmake_args' from command line to 'None'
[0.527s] Level 5:colcon.colcon_core.verb:set package 'turtle_bot_14' build argument 'catkin_skip_building_tests' from command line to 'False'
[0.527s] DEBUG:colcon.colcon_core.verb:Building package 'turtle_bot_14' with the following arguments: {'ament_cmake_args': None, 'build_base': '/home/juanespadi/Documents/shalpy/taller3_grupo14/build/turtle_bot_14', 'catkin_cmake_args': None, 'catkin_skip_building_tests': False, 'cmake_args': None, 'cmake_clean_cache': False, 'cmake_clean_first': False, 'cmake_force_configure': False, 'cmake_target': None, 'cmake_target_skip_unavailable': False, 'install_base': '/home/juanespadi/Documents/shalpy/taller3_grupo14/install/turtle_bot_14', 'merge_install': False, 'path': '/home/juanespadi/Documents/shalpy/taller3_grupo14/src/turtle_bot_14', 'symlink_install': False, 'test_result_base': None}
[0.528s] INFO:colcon.colcon_core.executor:Executing jobs using 'parallel' executor
[0.531s] DEBUG:colcon.colcon_parallel_executor.executor.parallel:run_until_complete
[0.532s] INFO:colcon.colcon_ros.task.ament_python.build:Building ROS package in '/home/juanespadi/Documents/shalpy/taller3_grupo14/src/mi_robot_manipulador_14' with build type 'ament_python'
[0.532s] Level 1:colcon.colcon_core.shell:create_environment_hook('mi_robot_manipulador_14', 'ament_prefix_path')
[0.537s] INFO:colcon.colcon_core.plugin_system:Skipping extension 'colcon_core.shell.bat': Not used on non-Windows systems
[0.537s] INFO:colcon.colcon_core.shell:Creating environment hook '/home/juanespadi/Documents/shalpy/taller3_grupo14/install/mi_robot_manipulador_14/share/mi_robot_manipulador_14/hook/ament_prefix_path.ps1'
[0.537s] INFO:colcon.colcon_core.shell:Creating environment descriptor '/home/juanespadi/Documents/shalpy/taller3_grupo14/install/mi_robot_manipulador_14/share/mi_robot_manipulador_14/hook/ament_prefix_path.dsv'
[0.538s] INFO:colcon.colcon_core.shell:Creating environment hook '/home/juanespadi/Documents/shalpy/taller3_grupo14/install/mi_robot_manipulador_14/share/mi_robot_manipulador_14/hook/ament_prefix_path.sh'
[0.540s] INFO:colcon.colcon_core.shell:Skip shell extension 'powershell' for command environment: Not usable outside of PowerShell
[0.540s] DEBUG:colcon.colcon_core.shell:Skip shell extension 'dsv' for command environment
[0.545s] INFO:colcon.colcon_ros.task.ament_cmake.build:Building ROS package in '/home/juanespadi/Documents/shalpy/taller3_grupo14/src/player_interfaces' with build type 'ament_cmake'
[0.545s] INFO:colcon.colcon_cmake.task.cmake.build:Building CMake package in '/home/juanespadi/Documents/shalpy/taller3_grupo14/src/player_interfaces'
[0.547s] INFO:colcon.colcon_core.shell:Skip shell extension 'powershell' for command environment: Not usable outside of PowerShell
[0.547s] DEBUG:colcon.colcon_core.shell:Skip shell extension 'dsv' for command environment
[0.552s] INFO:colcon.colcon_ros.task.ament_python.build:Building ROS package in '/home/juanespadi/Documents/shalpy/taller3_grupo14/src/turtle_bot_14' with build type 'ament_python'
[0.552s] Level 1:colcon.colcon_core.shell:create_environment_hook('turtle_bot_14', 'ament_prefix_path')
[0.553s] INFO:colcon.colcon_core.shell:Creating environment hook '/home/juanespadi/Documents/shalpy/taller3_grupo14/install/turtle_bot_14/share/turtle_bot_14/hook/ament_prefix_path.ps1'
[0.554s] INFO:colcon.colcon_core.shell:Creating environment descriptor '/home/juanespadi/Documents/shalpy/taller3_grupo14/install/turtle_bot_14/share/turtle_bot_14/hook/ament_prefix_path.dsv'
[0.554s] INFO:colcon.colcon_core.shell:Creating environment hook '/home/juanespadi/Documents/shalpy/taller3_grupo14/install/turtle_bot_14/share/turtle_bot_14/hook/ament_prefix_path.sh'
[0.556s] INFO:colcon.colcon_core.shell:Skip shell extension 'powershell' for command environment: Not usable outside of PowerShell
[0.556s] DEBUG:colcon.colcon_core.shell:Skip shell extension 'dsv' for command environment
[0.865s] INFO:colcon.colcon_core.task.python.build:Building Python package in '/home/juanespadi/Documents/shalpy/taller3_grupo14/src/mi_robot_manipulador_14'
[0.866s] INFO:colcon.colcon_core.shell:Skip shell extension 'powershell' for command environment: Not usable outside of PowerShell
[0.866s] DEBUG:colcon.colcon_core.shell:Skip shell extension 'dsv' for command environment
[0.877s] DEBUG:colcon.colcon_core.event_handler.log_command:Invoking command in '/home/juanespadi/Documents/shalpy/taller3_grupo14/build/player_interfaces': CMAKE_PREFIX_PATH=${CMAKE_PREFIX_PATH}:/home/juanespadi/Documents/shalpy/taller3_grupo14/install/turtle_bot_14:/home/juanespadi/Documents/shalpy/taller3_grupo14/install/mi_robot_manipulador_14:/opt/ros/humble /usr/bin/cmake --build /home/juanespadi/Documents/shalpy/taller3_grupo14/build/player_interfaces -- -j8 -l8
[1.204s] INFO:colcon.colcon_core.task.python.build:Building Python package in '/home/juanespadi/Documents/shalpy/taller3_grupo14/src/turtle_bot_14'
[1.207s] INFO:colcon.colcon_core.shell:Skip shell extension 'powershell' for command environment: Not usable outside of PowerShell
[1.207s] DEBUG:colcon.colcon_core.shell:Skip shell extension 'dsv' for command environment
[1.793s] DEBUG:colcon.colcon_core.event_handler.log_command:Invoking command in '/home/juanespadi/Documents/shalpy/taller3_grupo14/src/mi_robot_manipulador_14': PYTHONPATH=/home/juanespadi/Documents/shalpy/taller3_grupo14/build/mi_robot_manipulador_14/prefix_override:/home/juanespadi/Documents/shalpy/taller3_grupo14/install/mi_robot_manipulador_14/lib/python3.10/site-packages:${PYTHONPATH} /usr/bin/python3 setup.py egg_info --egg-base ../../build/mi_robot_manipulador_14 build --build-base /home/juanespadi/Documents/shalpy/taller3_grupo14/build/mi_robot_manipulador_14/build install --record /home/juanespadi/Documents/shalpy/taller3_grupo14/build/mi_robot_manipulador_14/install.log --single-version-externally-managed
[1.794s] DEBUG:colcon.colcon_core.event_handler.log_command:Invoking command in '/home/juanespadi/Documents/shalpy/taller3_grupo14/src/turtle_bot_14': PYTHONPATH=/home/juanespadi/Documents/shalpy/taller3_grupo14/build/turtle_bot_14/prefix_override:/home/juanespadi/Documents/shalpy/taller3_grupo14/install/turtle_bot_14/lib/python3.10/site-packages:${PYTHONPATH} /usr/bin/python3 setup.py egg_info --egg-base ../../build/turtle_bot_14 build --build-base /home/juanespadi/Documents/shalpy/taller3_grupo14/build/turtle_bot_14/build install --record /home/juanespadi/Documents/shalpy/taller3_grupo14/build/turtle_bot_14/install.log --single-version-externally-managed
[2.159s] DEBUG:colcon.colcon_core.event_handler.log_command:Invoked command in '/home/juanespadi/Documents/shalpy/taller3_grupo14/src/mi_robot_manipulador_14' returned '0': PYTHONPATH=/home/juanespadi/Documents/shalpy/taller3_grupo14/build/mi_robot_manipulador_14/prefix_override:/home/juanespadi/Documents/shalpy/taller3_grupo14/install/mi_robot_manipulador_14/lib/python3.10/site-packages:${PYTHONPATH} /usr/bin/python3 setup.py egg_info --egg-base ../../build/mi_robot_manipulador_14 build --build-base /home/juanespadi/Documents/shalpy/taller3_grupo14/build/mi_robot_manipulador_14/build install --record /home/juanespadi/Documents/shalpy/taller3_grupo14/build/mi_robot_manipulador_14/install.log --single-version-externally-managed
[2.167s] Level 1:colcon.colcon_core.environment:checking '/home/juanespadi/Documents/shalpy/taller3_grupo14/install/mi_robot_manipulador_14' for CMake module files
[2.168s] Level 1:colcon.colcon_core.environment:checking '/home/juanespadi/Documents/shalpy/taller3_grupo14/install/mi_robot_manipulador_14' for CMake config files
[2.168s] Level 1:colcon.colcon_core.environment:checking '/home/juanespadi/Documents/shalpy/taller3_grupo14/install/mi_robot_manipulador_14/lib'
[2.169s] Level 1:colcon.colcon_core.environment:checking '/home/juanespadi/Documents/shalpy/taller3_grupo14/install/mi_robot_manipulador_14/bin'
[2.169s] Level 1:colcon.colcon_core.environment:checking '/home/juanespadi/Documents/shalpy/taller3_grupo14/install/mi_robot_manipulador_14/lib/pkgconfig/mi_robot_manipulador_14.pc'
[2.169s] Level 1:colcon.colcon_core.environment:checking '/home/juanespadi/Documents/shalpy/taller3_grupo14/install/mi_robot_manipulador_14/lib/python3.10/site-packages'
[2.169s] Level 1:colcon.colcon_core.shell:create_environment_hook('mi_robot_manipulador_14', 'pythonpath')
[2.171s] INFO:colcon.colcon_core.shell:Creating environment hook '/home/juanespadi/Documents/shalpy/taller3_grupo14/install/mi_robot_manipulador_14/share/mi_robot_manipulador_14/hook/pythonpath.ps1'
[2.172s] INFO:colcon.colcon_core.shell:Creating environment descriptor '/home/juanespadi/Documents/shalpy/taller3_grupo14/install/mi_robot_manipulador_14/share/mi_robot_manipulador_14/hook/pythonpath.dsv'
[2.172s] INFO:colcon.colcon_core.shell:Creating environment hook '/home/juanespadi/Documents/shalpy/taller3_grupo14/install/mi_robot_manipulador_14/share/mi_robot_manipulador_14/hook/pythonpath.sh'
[2.173s] Level 1:colcon.colcon_core.environment:checking '/home/juanespadi/Documents/shalpy/taller3_grupo14/install/mi_robot_manipulador_14/bin'
[2.173s] Level 1:colcon.colcon_core.environment:create_environment_scripts_only(mi_robot_manipulador_14)
[2.175s] INFO:colcon.colcon_core.shell:Creating package script '/home/juanespadi/Documents/shalpy/taller3_grupo14/install/mi_robot_manipulador_14/share/mi_robot_manipulador_14/package.ps1'
[2.176s] INFO:colcon.colcon_core.shell:Creating package descriptor '/home/juanespadi/Documents/shalpy/taller3_grupo14/install/mi_robot_manipulador_14/share/mi_robot_manipulador_14/package.dsv'
[2.177s] INFO:colcon.colcon_core.shell:Creating package script '/home/juanespadi/Documents/shalpy/taller3_grupo14/install/mi_robot_manipulador_14/share/mi_robot_manipulador_14/package.sh'
[2.178s] INFO:colcon.colcon_core.shell:Creating package script '/home/juanespadi/Documents/shalpy/taller3_grupo14/install/mi_robot_manipulador_14/share/mi_robot_manipulador_14/package.bash'
[2.179s] INFO:colcon.colcon_core.shell:Creating package script '/home/juanespadi/Documents/shalpy/taller3_grupo14/install/mi_robot_manipulador_14/share/mi_robot_manipulador_14/package.zsh'
[2.180s] Level 1:colcon.colcon_core.environment:create_file_with_runtime_dependencies(/home/juanespadi/Documents/shalpy/taller3_grupo14/install/mi_robot_manipulador_14/share/colcon-core/packages/mi_robot_manipulador_14)
[2.193s] Level 1:colcon.colcon_core.environment:checking '/home/juanespadi/Documents/shalpy/taller3_grupo14/install/turtle_bot_14' for CMake module files
[2.193s] DEBUG:colcon.colcon_core.event_handler.log_command:Invoked command in '/home/juanespadi/Documents/shalpy/taller3_grupo14/src/turtle_bot_14' returned '0': PYTHONPATH=/home/juanespadi/Documents/shalpy/taller3_grupo14/build/turtle_bot_14/prefix_override:/home/juanespadi/Documents/shalpy/taller3_grupo14/install/turtle_bot_14/lib/python3.10/site-packages:${PYTHONPATH} /usr/bin/python3 setup.py egg_info --egg-base ../../build/turtle_bot_14 build --build-base /home/juanespadi/Documents/shalpy/taller3_grupo14/build/turtle_bot_14/build install --record /home/juanespadi/Documents/shalpy/taller3_grupo14/build/turtle_bot_14/install.log --single-version-externally-managed
[2.194s] Level 1:colcon.colcon_core.environment:checking '/home/juanespadi/Documents/shalpy/taller3_grupo14/install/turtle_bot_14' for CMake config files
[2.194s] Level 1:colcon.colcon_core.environment:checking '/home/juanespadi/Documents/shalpy/taller3_grupo14/install/turtle_bot_14/lib'
[2.194s] Level 1:colcon.colcon_core.environment:checking '/home/juanespadi/Documents/shalpy/taller3_grupo14/install/turtle_bot_14/bin'
[2.195s] Level 1:colcon.colcon_core.environment:checking '/home/juanespadi/Documents/shalpy/taller3_grupo14/install/turtle_bot_14/lib/pkgconfig/turtle_bot_14.pc'
[2.195s] Level 1:colcon.colcon_core.environment:checking '/home/juanespadi/Documents/shalpy/taller3_grupo14/install/turtle_bot_14/lib/python3.10/site-packages'
[2.195s] Level 1:colcon.colcon_core.shell:create_environment_hook('turtle_bot_14', 'pythonpath')
[2.196s] INFO:colcon.colcon_core.shell:Creating environment hook '/home/juanespadi/Documents/shalpy/taller3_grupo14/install/turtle_bot_14/share/turtle_bot_14/hook/pythonpath.ps1'
[2.197s] INFO:colcon.colcon_core.shell:Creating environment descriptor '/home/juanespadi/Documents/shalpy/taller3_grupo14/install/turtle_bot_14/share/turtle_bot_14/hook/pythonpath.dsv'
[2.197s] INFO:colcon.colcon_core.shell:Creating environment hook '/home/juanespadi/Documents/shalpy/taller3_grupo14/install/turtle_bot_14/share/turtle_bot_14/hook/pythonpath.sh'
[2.198s] Level 1:colcon.colcon_core.environment:checking '/home/juanespadi/Documents/shalpy/taller3_grupo14/install/turtle_bot_14/bin'
[2.198s] Level 1:colcon.colcon_core.environment:create_environment_scripts_only(turtle_bot_14)
[2.199s] INFO:colcon.colcon_core.shell:Creating package script '/home/juanespadi/Documents/shalpy/taller3_grupo14/install/turtle_bot_14/share/turtle_bot_14/package.ps1'
[2.200s] INFO:colcon.colcon_core.shell:Creating package descriptor '/home/juanespadi/Documents/shalpy/taller3_grupo14/install/turtle_bot_14/share/turtle_bot_14/package.dsv'
[2.200s] INFO:colcon.colcon_core.shell:Creating package script '/home/juanespadi/Documents/shalpy/taller3_grupo14/install/turtle_bot_14/share/turtle_bot_14/package.sh'
[2.201s] INFO:colcon.colcon_core.shell:Creating package script '/home/juanespadi/Documents/shalpy/taller3_grupo14/install/turtle_bot_14/share/turtle_bot_14/package.bash'
[2.201s] INFO:colcon.colcon_core.shell:Creating package script '/home/juanespadi/Documents/shalpy/taller3_grupo14/install/turtle_bot_14/share/turtle_bot_14/package.zsh'
[2.202s] Level 1:colcon.colcon_core.environment:create_file_with_runtime_dependencies(/home/juanespadi/Documents/shalpy/taller3_grupo14/install/turtle_bot_14/share/colcon-core/packages/turtle_bot_14)
[2.927s] DEBUG:colcon.colcon_core.event_handler.log_command:Invoked command in '/home/juanespadi/Documents/shalpy/taller3_grupo14/build/player_interfaces' returned '0': CMAKE_PREFIX_PATH=${CMAKE_PREFIX_PATH}:/home/juanespadi/Documents/shalpy/taller3_grupo14/install/turtle_bot_14:/home/juanespadi/Documents/shalpy/taller3_grupo14/install/mi_robot_manipulador_14:/opt/ros/humble /usr/bin/cmake --build /home/juanespadi/Documents/shalpy/taller3_grupo14/build/player_interfaces -- -j8 -l8
[3.042s] DEBUG:colcon.colcon_core.event_handler.log_command:Invoking command in '/home/juanespadi/Documents/shalpy/taller3_grupo14/build/player_interfaces': CMAKE_PREFIX_PATH=${CMAKE_PREFIX_PATH}:/home/juanespadi/Documents/shalpy/taller3_grupo14/install/turtle_bot_14:/home/juanespadi/Documents/shalpy/taller3_grupo14/install/mi_robot_manipulador_14:/opt/ros/humble /usr/bin/cmake --install /home/juanespadi/Documents/shalpy/taller3_grupo14/build/player_interfaces
[3.109s] Level 1:colcon.colcon_core.environment:create_environment_scripts_only(player_interfaces)
[3.109s] DEBUG:colcon.colcon_core.event_handler.log_command:Invoked command in '/home/juanespadi/Documents/shalpy/taller3_grupo14/build/player_interfaces' returned '0': CMAKE_PREFIX_PATH=${CMAKE_PREFIX_PATH}:/home/juanespadi/Documents/shalpy/taller3_grupo14/install/turtle_bot_14:/home/juanespadi/Documents/shalpy/taller3_grupo14/install/mi_robot_manipulador_14:/opt/ros/humble /usr/bin/cmake --install /home/juanespadi/Documents/shalpy/taller3_grupo14/build/player_interfaces
[3.111s] Level 1:colcon.colcon_core.environment:checking '/home/juanespadi/Documents/shalpy/taller3_grupo14/install/player_interfaces' for CMake module files
[3.112s] Level 1:colcon.colcon_core.environment:checking '/home/juanespadi/Documents/shalpy/taller3_grupo14/install/player_interfaces' for CMake config files
[3.113s] Level 1:colcon.colcon_core.shell:create_environment_hook('player_interfaces', 'cmake_prefix_path')
[3.114s] INFO:colcon.colcon_core.shell:Creating environment hook '/home/juanespadi/Documents/shalpy/taller3_grupo14/install/player_interfaces/share/player_interfaces/hook/cmake_prefix_path.ps1'
[3.115s] INFO:colcon.colcon_core.shell:Creating environment descriptor '/home/juanespadi/Documents/shalpy/taller3_grupo14/install/player_interfaces/share/player_interfaces/hook/cmake_prefix_path.dsv'
[3.115s] INFO:colcon.colcon_core.shell:Creating environment hook '/home/juanespadi/Documents/shalpy/taller3_grupo14/install/player_interfaces/share/player_interfaces/hook/cmake_prefix_path.sh'
[3.115s] Level 1:colcon.colcon_core.environment:checking '/home/juanespadi/Documents/shalpy/taller3_grupo14/install/player_interfaces/lib'
[3.115s] Level 1:colcon.colcon_core.shell:create_environment_hook('player_interfaces', 'ld_library_path_lib')
[3.117s] INFO:colcon.colcon_core.shell:Creating environment hook '/home/juanespadi/Documents/shalpy/taller3_grupo14/install/player_interfaces/share/player_interfaces/hook/ld_library_path_lib.ps1'
[3.117s] INFO:colcon.colcon_core.shell:Creating environment descriptor '/home/juanespadi/Documents/shalpy/taller3_grupo14/install/player_interfaces/share/player_interfaces/hook/ld_library_path_lib.dsv'
[3.117s] INFO:colcon.colcon_core.shell:Creating environment hook '/home/juanespadi/Documents/shalpy/taller3_grupo14/install/player_interfaces/share/player_interfaces/hook/ld_library_path_lib.sh'
[3.118s] Level 1:colcon.colcon_core.environment:checking '/home/juanespadi/Documents/shalpy/taller3_grupo14/install/player_interfaces/bin'
[3.118s] Level 1:colcon.colcon_core.environment:checking '/home/juanespadi/Documents/shalpy/taller3_grupo14/install/player_interfaces/lib/pkgconfig/player_interfaces.pc'
[3.118s] Level 1:colcon.colcon_core.environment:checking '/home/juanespadi/Documents/shalpy/taller3_grupo14/install/player_interfaces/lib/python3.10/site-packages'
[3.118s] Level 1:colcon.colcon_core.environment:checking '/home/juanespadi/Documents/shalpy/taller3_grupo14/install/player_interfaces/bin'
[3.120s] INFO:colcon.colcon_core.shell:Creating package script '/home/juanespadi/Documents/shalpy/taller3_grupo14/install/player_interfaces/share/player_interfaces/package.ps1'
[3.121s] INFO:colcon.colcon_core.shell:Creating package descriptor '/home/juanespadi/Documents/shalpy/taller3_grupo14/install/player_interfaces/share/player_interfaces/package.dsv'
[3.121s] INFO:colcon.colcon_core.shell:Creating package script '/home/juanespadi/Documents/shalpy/taller3_grupo14/install/player_interfaces/share/player_interfaces/package.sh'
[3.121s] INFO:colcon.colcon_core.shell:Creating package script '/home/juanespadi/Documents/shalpy/taller3_grupo14/install/player_interfaces/share/player_interfaces/package.bash'
[3.122s] INFO:colcon.colcon_core.shell:Creating package script '/home/juanespadi/Documents/shalpy/taller3_grupo14/install/player_interfaces/share/player_interfaces/package.zsh'
[3.122s] Level 1:colcon.colcon_core.environment:create_file_with_runtime_dependencies(/home/juanespadi/Documents/shalpy/taller3_grupo14/install/player_interfaces/share/colcon-core/packages/player_interfaces)
[3.218s] Level 1:colcon.colcon_core.environment:create_environment_scripts_only(player_interfaces)
[3.222s] Level 1:colcon.colcon_core.environment:checking '/home/juanespadi/Documents/shalpy/taller3_grupo14/install/player_interfaces' for CMake module files
[3.223s] Level 1:colcon.colcon_core.environment:checking '/home/juanespadi/Documents/shalpy/taller3_grupo14/install/player_interfaces' for CMake config files
[3.224s] Level 1:colcon.colcon_core.shell:create_environment_hook('player_interfaces', 'cmake_prefix_path')
[3.226s] INFO:colcon.colcon_core.shell:Creating environment hook '/home/juanespadi/Documents/shalpy/taller3_grupo14/install/player_interfaces/share/player_interfaces/hook/cmake_prefix_path.ps1'
[3.226s] INFO:colcon.colcon_core.shell:Creating environment descriptor '/home/juanespadi/Documents/shalpy/taller3_grupo14/install/player_interfaces/share/player_interfaces/hook/cmake_prefix_path.dsv'
[3.227s] INFO:colcon.colcon_core.shell:Creating environment hook '/home/juanespadi/Documents/shalpy/taller3_grupo14/install/player_interfaces/share/player_interfaces/hook/cmake_prefix_path.sh'
[3.227s] Level 1:colcon.colcon_core.environment:checking '/home/juanespadi/Documents/shalpy/taller3_grupo14/install/player_interfaces/lib'
[3.227s] Level 1:colcon.colcon_core.shell:create_environment_hook('player_interfaces', 'ld_library_path_lib')
[3.229s] INFO:colcon.colcon_core.shell:Creating environment hook '/home/juanespadi/Documents/shalpy/taller3_grupo14/install/player_interfaces/share/player_interfaces/hook/ld_library_path_lib.ps1'
[3.229s] INFO:colcon.colcon_core.shell:Creating environment descriptor '/home/juanespadi/Documents/shalpy/taller3_grupo14/install/player_interfaces/share/player_interfaces/hook/ld_library_path_lib.dsv'
[3.229s] INFO:colcon.colcon_core.shell:Creating environment hook '/home/juanespadi/Documents/shalpy/taller3_grupo14/install/player_interfaces/share/player_interfaces/hook/ld_library_path_lib.sh'
[3.230s] Level 1:colcon.colcon_core.environment:checking '/home/juanespadi/Documents/shalpy/taller3_grupo14/install/player_interfaces/bin'
[3.230s] Level 1:colcon.colcon_core.environment:checking '/home/juanespadi/Documents/shalpy/taller3_grupo14/install/player_interfaces/lib/pkgconfig/player_interfaces.pc'
[3.230s] Level 1:colcon.colcon_core.environment:checking '/home/juanespadi/Documents/shalpy/taller3_grupo14/install/player_interfaces/lib/python3.10/site-packages'
[3.230s] Level 1:colcon.colcon_core.environment:checking '/home/juanespadi/Documents/shalpy/taller3_grupo14/install/player_interfaces/bin'
[3.231s] INFO:colcon.colcon_core.shell:Creating package script '/home/juanespadi/Documents/shalpy/taller3_grupo14/install/player_interfaces/share/player_interfaces/package.ps1'
[3.232s] INFO:colcon.colcon_core.shell:Creating package descriptor '/home/juanespadi/Documents/shalpy/taller3_grupo14/install/player_interfaces/share/player_interfaces/package.dsv'
[3.232s] INFO:colcon.colcon_core.shell:Creating package script '/home/juanespadi/Documents/shalpy/taller3_grupo14/install/player_interfaces/share/player_interfaces/package.sh'
[3.233s] INFO:colcon.colcon_core.shell:Creating package script '/home/juanespadi/Documents/shalpy/taller3_grupo14/install/player_interfaces/share/player_interfaces/package.bash'
[3.233s] INFO:colcon.colcon_core.shell:Creating package script '/home/juanespadi/Documents/shalpy/taller3_grupo14/install/player_interfaces/share/player_interfaces/package.zsh'
[3.233s] Level 1:colcon.colcon_core.environment:create_file_with_runtime_dependencies(/home/juanespadi/Documents/shalpy/taller3_grupo14/install/player_interfaces/share/colcon-core/packages/player_interfaces)
[3.234s] DEBUG:colcon.colcon_parallel_executor.executor.parallel:closing loop
[3.234s] DEBUG:colcon.colcon_parallel_executor.executor.parallel:loop closed
[3.234s] DEBUG:colcon.colcon_parallel_executor.executor.parallel:run_until_complete finished with '0'
[3.234s] DEBUG:colcon.colcon_core.event_reactor:joining thread
[3.241s] INFO:colcon.colcon_core.plugin_system:Skipping extension 'colcon_notification.desktop_notification.terminal_notifier': Not used on non-Darwin systems
[3.241s] INFO:colcon.colcon_core.plugin_system:Skipping extension 'colcon_notification.desktop_notification.win32': Not used on non-Windows systems
[3.241s] INFO:colcon.colcon_notification.desktop_notification:Sending desktop notification using 'notify2'
[3.253s] DEBUG:colcon.colcon_core.event_reactor:joined thread
[3.254s] INFO:colcon.colcon_core.shell:Creating prefix script '/home/juanespadi/Documents/shalpy/taller3_grupo14/install/local_setup.ps1'
[3.255s] INFO:colcon.colcon_core.shell:Creating prefix util module '/home/juanespadi/Documents/shalpy/taller3_grupo14/install/_local_setup_util_ps1.py'
[3.257s] INFO:colcon.colcon_core.shell:Creating prefix chain script '/home/juanespadi/Documents/shalpy/taller3_grupo14/install/setup.ps1'
[3.259s] INFO:colcon.colcon_core.shell:Creating prefix script '/home/juanespadi/Documents/shalpy/taller3_grupo14/install/local_setup.sh'
[3.259s] INFO:colcon.colcon_core.shell:Creating prefix util module '/home/juanespadi/Documents/shalpy/taller3_grupo14/install/_local_setup_util_sh.py'
[3.260s] INFO:colcon.colcon_core.shell:Creating prefix chain script '/home/juanespadi/Documents/shalpy/taller3_grupo14/install/setup.sh'
[3.261s] INFO:colcon.colcon_core.shell:Creating prefix script '/home/juanespadi/Documents/shalpy/taller3_grupo14/install/local_setup.bash'
[3.262s] INFO:colcon.colcon_core.shell:Creating prefix chain script '/home/juanespadi/Documents/shalpy/taller3_grupo14/install/setup.bash'
[3.263s] INFO:colcon.colcon_core.shell:Creating prefix script '/home/juanespadi/Documents/shalpy/taller3_grupo14/install/local_setup.zsh'
[3.264s] INFO:colcon.colcon_core.shell:Creating prefix chain script '/home/juanespadi/Documents/shalpy/taller3_grupo14/install/setup.zsh'
