[1.802s] Invoking command in '/home/juanespadi/Documents/shalpy/proyecto_final_grupo_14/src/final_shalpy': PYTHONPATH=/home/juanespadi/Documents/shalpy/proyecto_final_grupo_14/build/final_shalpy/prefix_override:/home/juanespadi/Documents/shalpy/proyecto_final_grupo_14/install/final_shalpy/lib/python3.10/site-packages:${PYTHONPATH} /usr/bin/python3 setup.py egg_info --egg-base ../../build/final_shalpy build --build-base /home/juanespadi/Documents/shalpy/proyecto_final_grupo_14/build/final_shalpy/build install --record /home/juanespadi/Documents/shalpy/proyecto_final_grupo_14/build/final_shalpy/install.log --single-version-externally-managed
[2.156s] running egg_info
[2.157s] writing ../../build/final_shalpy/final_shalpy.egg-info/PKG-INFO
[2.157s] writing dependency_links to ../../build/final_shalpy/final_shalpy.egg-info/dependency_links.txt
[2.158s] writing entry points to ../../build/final_shalpy/final_shalpy.egg-info/entry_points.txt
[2.158s] writing requirements to ../../build/final_shalpy/final_shalpy.egg-info/requires.txt
[2.158s] writing top-level names to ../../build/final_shalpy/final_shalpy.egg-info/top_level.txt
[2.161s] reading manifest file '../../build/final_shalpy/final_shalpy.egg-info/SOURCES.txt'
[2.163s] writing manifest file '../../build/final_shalpy/final_shalpy.egg-info/SOURCES.txt'
[2.163s] running build
[2.163s] running build_py
[2.163s] copying final_shalpy/turtle_bot_player.py -> /home/juanespadi/Documents/shalpy/proyecto_final_grupo_14/build/final_shalpy/build/lib/final_shalpy
[2.164s] running install
[2.164s] /usr/lib/python3/dist-packages/setuptools/command/install.py:34: SetuptoolsDeprecationWarning: setup.py install is deprecated. Use build and pip and other standards-based tools.
[2.164s]   warnings.warn(
[2.164s] running install_lib
[2.166s] copying /home/juanespadi/Documents/shalpy/proyecto_final_grupo_14/build/final_shalpy/build/lib/final_shalpy/turtle_bot_player.py -> /home/juanespadi/Documents/shalpy/proyecto_final_grupo_14/install/final_shalpy/lib/python3.10/site-packages/final_shalpy
[2.167s] byte-compiling /home/juanespadi/Documents/shalpy/proyecto_final_grupo_14/install/final_shalpy/lib/python3.10/site-packages/final_shalpy/turtle_bot_player.py to turtle_bot_player.cpython-310.pyc
[2.171s] running install_data
[2.171s] running install_egg_info
[2.173s] removing '/home/juanespadi/Documents/shalpy/proyecto_final_grupo_14/install/final_shalpy/lib/python3.10/site-packages/final_shalpy-0.0.0-py3.10.egg-info' (and everything under it)
[2.173s] Copying ../../build/final_shalpy/final_shalpy.egg-info to /home/juanespadi/Documents/shalpy/proyecto_final_grupo_14/install/final_shalpy/lib/python3.10/site-packages/final_shalpy-0.0.0-py3.10.egg-info
[2.174s] running install_scripts
[2.198s] Installing cliente_master script to /home/juanespadi/Documents/shalpy/proyecto_final_grupo_14/install/final_shalpy/lib/final_shalpy
[2.199s] Installing shalpy_teleop script to /home/juanespadi/Documents/shalpy/proyecto_final_grupo_14/install/final_shalpy/lib/final_shalpy
[2.199s] Installing turtle_bot_interface script to /home/juanespadi/Documents/shalpy/proyecto_final_grupo_14/install/final_shalpy/lib/final_shalpy
[2.199s] Installing turtle_bot_player script to /home/juanespadi/Documents/shalpy/proyecto_final_grupo_14/install/final_shalpy/lib/final_shalpy
[2.199s] writing list of installed files to '/home/juanespadi/Documents/shalpy/proyecto_final_grupo_14/build/final_shalpy/install.log'
[2.234s] Invoked command in '/home/juanespadi/Documents/shalpy/proyecto_final_grupo_14/src/final_shalpy' returned '0': PYTHONPATH=/home/juanespadi/Documents/shalpy/proyecto_final_grupo_14/build/final_shalpy/prefix_override:/home/juanespadi/Documents/shalpy/proyecto_final_grupo_14/install/final_shalpy/lib/python3.10/site-packages:${PYTHONPATH} /usr/bin/python3 setup.py egg_info --egg-base ../../build/final_shalpy build --build-base /home/juanespadi/Documents/shalpy/proyecto_final_grupo_14/build/final_shalpy/build install --record /home/juanespadi/Documents/shalpy/proyecto_final_grupo_14/build/final_shalpy/install.log --single-version-externally-managed
