[1.359s] DEBUG:colcon:Command line arguments: ['/usr/bin/colcon', 'build']
[1.359s] DEBUG:colcon:Parsed command line arguments: Namespace(log_base=None, log_level=None, verb_name='build', build_base='build', install_base='install', merge_install=False, symlink_install=False, test_result_base=None, continue_on_error=False, executor='parallel', parallel_workers=4, event_handlers=None, ignore_user_meta=False, metas=['./colcon.meta'], base_paths=['.'], packages_ignore=None, packages_ignore_regex=None, paths=None, packages_up_to=None, packages_up_to_regex=None, packages_above=None, packages_above_and_dependencies=None, packages_above_depth=None, packages_select_by_dep=None, packages_skip_by_dep=None, packages_skip_up_to=None, packages_select_build_failed=False, packages_skip_build_finished=False, packages_select_test_failures=False, packages_skip_test_passed=False, packages_select=None, packages_skip=None, packages_select_regex=None, packages_skip_regex=None, packages_start=None, packages_end=None, allow_overriding=[], cmake_args=None, cmake_target=None, cmake_target_skip_unavailable=False, cmake_clean_cache=False, cmake_clean_first=False, cmake_force_configure=False, ament_cmake_args=None, catkin_cmake_args=None, catkin_skip_building_tests=False, verb_parser=<colcon_defaults.argument_parser.defaults.DefaultArgumentsDecorator object at 0xffff9aee1f30>, verb_extension=<colcon_core.verb.build.BuildVerb object at 0xffff9b76ce20>, main=<bound method BuildVerb.main of <colcon_core.verb.build.BuildVerb object at 0xffff9b76ce20>>)
[1.501s] Level 1:colcon.colcon_core.package_discovery:discover_packages(colcon_meta) check parameters
[1.502s] Level 1:colcon.colcon_core.package_discovery:discover_packages(recursive) check parameters
[1.502s] Level 1:colcon.colcon_core.package_discovery:discover_packages(ignore) check parameters
[1.502s] Level 1:colcon.colcon_core.package_discovery:discover_packages(path) check parameters
[1.502s] Level 1:colcon.colcon_core.package_discovery:discover_packages(colcon_meta) discover
[1.502s] Level 1:colcon.colcon_core.package_discovery:discover_packages(recursive) discover
[1.503s] INFO:colcon.colcon_core.package_discovery:Crawling recursively for packages in '/home/ubuntu/Documents/shalpy/camera_ws'
[1.503s] Level 1:colcon.colcon_core.package_identification:_identify(.) by extensions ['ignore', 'ignore_ament_install']
[1.504s] Level 1:colcon.colcon_core.package_identification:_identify(.) by extension 'ignore'
[1.504s] Level 1:colcon.colcon_core.package_identification:_identify(.) by extension 'ignore_ament_install'
[1.504s] Level 1:colcon.colcon_core.package_identification:_identify(.) by extensions ['colcon_pkg']
[1.504s] Level 1:colcon.colcon_core.package_identification:_identify(.) by extension 'colcon_pkg'
[1.504s] Level 1:colcon.colcon_core.package_identification:_identify(.) by extensions ['colcon_meta']
[1.505s] Level 1:colcon.colcon_core.package_identification:_identify(.) by extension 'colcon_meta'
[1.505s] Level 1:colcon.colcon_core.package_identification:_identify(.) by extensions ['ros']
[1.505s] Level 1:colcon.colcon_core.package_identification:_identify(.) by extension 'ros'
[1.553s] Level 1:colcon.colcon_core.package_identification:_identify(.) by extensions ['cmake', 'python']
[1.553s] Level 1:colcon.colcon_core.package_identification:_identify(.) by extension 'cmake'
[1.554s] Level 1:colcon.colcon_core.package_identification:_identify(.) by extension 'python'
[1.554s] Level 1:colcon.colcon_core.package_identification:_identify(.) by extensions ['python_setup_py']
[1.554s] Level 1:colcon.colcon_core.package_identification:_identify(.) by extension 'python_setup_py'
[1.554s] Level 1:colcon.colcon_core.package_identification:_identify(build) by extensions ['ignore', 'ignore_ament_install']
[1.559s] Level 1:colcon.colcon_core.package_identification:_identify(build) by extension 'ignore'
[1.560s] Level 1:colcon.colcon_core.package_identification:_identify(build) ignored
[1.560s] Level 1:colcon.colcon_core.package_identification:_identify(install) by extensions ['ignore', 'ignore_ament_install']
[1.561s] Level 1:colcon.colcon_core.package_identification:_identify(install) by extension 'ignore'
[1.561s] Level 1:colcon.colcon_core.package_identification:_identify(install) ignored
[1.562s] Level 1:colcon.colcon_core.package_identification:_identify(log) by extensions ['ignore', 'ignore_ament_install']
[1.562s] Level 1:colcon.colcon_core.package_identification:_identify(log) by extension 'ignore'
[1.562s] Level 1:colcon.colcon_core.package_identification:_identify(log) ignored
[1.562s] Level 1:colcon.colcon_core.package_identification:_identify(src) by extensions ['ignore', 'ignore_ament_install']
[1.563s] Level 1:colcon.colcon_core.package_identification:_identify(src) by extension 'ignore'
[1.563s] Level 1:colcon.colcon_core.package_identification:_identify(src) by extension 'ignore_ament_install'
[1.563s] Level 1:colcon.colcon_core.package_identification:_identify(src) by extensions ['colcon_pkg']
[1.563s] Level 1:colcon.colcon_core.package_identification:_identify(src) by extension 'colcon_pkg'
[1.564s] Level 1:colcon.colcon_core.package_identification:_identify(src) by extensions ['colcon_meta']
[1.564s] Level 1:colcon.colcon_core.package_identification:_identify(src) by extension 'colcon_meta'
[1.564s] Level 1:colcon.colcon_core.package_identification:_identify(src) by extensions ['ros']
[1.564s] Level 1:colcon.colcon_core.package_identification:_identify(src) by extension 'ros'
[1.565s] Level 1:colcon.colcon_core.package_identification:_identify(src) by extensions ['cmake', 'python']
[1.565s] Level 1:colcon.colcon_core.package_identification:_identify(src) by extension 'cmake'
[1.565s] Level 1:colcon.colcon_core.package_identification:_identify(src) by extension 'python'
[1.565s] Level 1:colcon.colcon_core.package_identification:_identify(src) by extensions ['python_setup_py']
[1.565s] Level 1:colcon.colcon_core.package_identification:_identify(src) by extension 'python_setup_py'
[1.566s] Level 1:colcon.colcon_core.package_identification:_identify(src/cameraraspy) by extensions ['ignore', 'ignore_ament_install']
[1.566s] Level 1:colcon.colcon_core.package_identification:_identify(src/cameraraspy) by extension 'ignore'
[1.566s] Level 1:colcon.colcon_core.package_identification:_identify(src/cameraraspy) by extension 'ignore_ament_install'
[1.567s] Level 1:colcon.colcon_core.package_identification:_identify(src/cameraraspy) by extensions ['colcon_pkg']
[1.567s] Level 1:colcon.colcon_core.package_identification:_identify(src/cameraraspy) by extension 'colcon_pkg'
[1.567s] Level 1:colcon.colcon_core.package_identification:_identify(src/cameraraspy) by extensions ['colcon_meta']
[1.567s] Level 1:colcon.colcon_core.package_identification:_identify(src/cameraraspy) by extension 'colcon_meta'
[1.567s] Level 1:colcon.colcon_core.package_identification:_identify(src/cameraraspy) by extensions ['ros']
[1.567s] Level 1:colcon.colcon_core.package_identification:_identify(src/cameraraspy) by extension 'ros'
[1.577s] DEBUG:colcon.colcon_core.package_identification:Package 'src/cameraraspy' with type 'ros.ament_python' and name 'cameraraspy'
[1.577s] Level 1:colcon.colcon_core.package_discovery:discover_packages(recursive) using defaults
[1.577s] Level 1:colcon.colcon_core.package_discovery:discover_packages(ignore) discover
[1.577s] Level 1:colcon.colcon_core.package_discovery:discover_packages(ignore) using defaults
[1.577s] Level 1:colcon.colcon_core.package_discovery:discover_packages(path) discover
[1.577s] Level 1:colcon.colcon_core.package_discovery:discover_packages(path) using defaults
[1.674s] Level 1:colcon.colcon_core.package_discovery:discover_packages(prefix_path) check parameters
[1.674s] Level 1:colcon.colcon_core.package_discovery:discover_packages(prefix_path) discover
[1.690s] DEBUG:colcon.colcon_installed_package_information.package_discovery:Found 180 installed packages in /opt/ros/humble
[1.695s] Level 1:colcon.colcon_core.package_discovery:discover_packages(prefix_path) using defaults
[1.879s] Level 5:colcon.colcon_core.verb:set package 'cameraraspy' build argument 'cmake_args' from command line to 'None'
[1.879s] Level 5:colcon.colcon_core.verb:set package 'cameraraspy' build argument 'cmake_target' from command line to 'None'
[1.880s] Level 5:colcon.colcon_core.verb:set package 'cameraraspy' build argument 'cmake_target_skip_unavailable' from command line to 'False'
[1.880s] Level 5:colcon.colcon_core.verb:set package 'cameraraspy' build argument 'cmake_clean_cache' from command line to 'False'
[1.880s] Level 5:colcon.colcon_core.verb:set package 'cameraraspy' build argument 'cmake_clean_first' from command line to 'False'
[1.880s] Level 5:colcon.colcon_core.verb:set package 'cameraraspy' build argument 'cmake_force_configure' from command line to 'False'
[1.880s] Level 5:colcon.colcon_core.verb:set package 'cameraraspy' build argument 'ament_cmake_args' from command line to 'None'
[1.880s] Level 5:colcon.colcon_core.verb:set package 'cameraraspy' build argument 'catkin_cmake_args' from command line to 'None'
[1.880s] Level 5:colcon.colcon_core.verb:set package 'cameraraspy' build argument 'catkin_skip_building_tests' from command line to 'False'
[1.880s] DEBUG:colcon.colcon_core.verb:Building package 'cameraraspy' with the following arguments: {'ament_cmake_args': None, 'build_base': '/home/ubuntu/Documents/shalpy/camera_ws/build/cameraraspy', 'catkin_cmake_args': None, 'catkin_skip_building_tests': False, 'cmake_args': None, 'cmake_clean_cache': False, 'cmake_clean_first': False, 'cmake_force_configure': False, 'cmake_target': None, 'cmake_target_skip_unavailable': False, 'install_base': '/home/ubuntu/Documents/shalpy/camera_ws/install/cameraraspy', 'merge_install': False, 'path': '/home/ubuntu/Documents/shalpy/camera_ws/src/cameraraspy', 'symlink_install': False, 'test_result_base': None}
[1.883s] INFO:colcon.colcon_core.executor:Executing jobs using 'parallel' executor
[1.896s] DEBUG:colcon.colcon_parallel_executor.executor.parallel:run_until_complete
[1.897s] INFO:colcon.colcon_ros.task.ament_python.build:Building ROS package in '/home/ubuntu/Documents/shalpy/camera_ws/src/cameraraspy' with build type 'ament_python'
[1.897s] Level 1:colcon.colcon_core.shell:create_environment_hook('cameraraspy', 'ament_prefix_path')
[1.917s] INFO:colcon.colcon_core.plugin_system:Skipping extension 'colcon_core.shell.bat': Not used on non-Windows systems
[1.918s] INFO:colcon.colcon_core.shell:Creating environment hook '/home/ubuntu/Documents/shalpy/camera_ws/install/cameraraspy/share/cameraraspy/hook/ament_prefix_path.ps1'
[1.921s] INFO:colcon.colcon_core.shell:Creating environment descriptor '/home/ubuntu/Documents/shalpy/camera_ws/install/cameraraspy/share/cameraraspy/hook/ament_prefix_path.dsv'
[1.923s] INFO:colcon.colcon_core.shell:Creating environment hook '/home/ubuntu/Documents/shalpy/camera_ws/install/cameraraspy/share/cameraraspy/hook/ament_prefix_path.sh'
[1.931s] INFO:colcon.colcon_core.shell:Skip shell extension 'powershell' for command environment: Not usable outside of PowerShell
[1.931s] DEBUG:colcon.colcon_core.shell:Skip shell extension 'dsv' for command environment
[3.030s] INFO:colcon.colcon_core.task.python.build:Building Python package in '/home/ubuntu/Documents/shalpy/camera_ws/src/cameraraspy'
[3.036s] INFO:colcon.colcon_core.shell:Skip shell extension 'powershell' for command environment: Not usable outside of PowerShell
[3.036s] DEBUG:colcon.colcon_core.shell:Skip shell extension 'dsv' for command environment
[4.607s] DEBUG:colcon.colcon_core.event_handler.log_command:Invoking command in '/home/ubuntu/Documents/shalpy/camera_ws/src/cameraraspy': PYTHONPATH=/home/ubuntu/Documents/shalpy/camera_ws/build/cameraraspy/prefix_override:/home/ubuntu/Documents/shalpy/camera_ws/install/cameraraspy/lib/python3.10/site-packages:${PYTHONPATH} /usr/bin/python3 setup.py egg_info --egg-base ../../build/cameraraspy build --build-base /home/ubuntu/Documents/shalpy/camera_ws/build/cameraraspy/build install --record /home/ubuntu/Documents/shalpy/camera_ws/build/cameraraspy/install.log --single-version-externally-managed
[5.862s] DEBUG:colcon.colcon_core.event_handler.log_command:Invoked command in '/home/ubuntu/Documents/shalpy/camera_ws/src/cameraraspy' returned '0': PYTHONPATH=/home/ubuntu/Documents/shalpy/camera_ws/build/cameraraspy/prefix_override:/home/ubuntu/Documents/shalpy/camera_ws/install/cameraraspy/lib/python3.10/site-packages:${PYTHONPATH} /usr/bin/python3 setup.py egg_info --egg-base ../../build/cameraraspy build --build-base /home/ubuntu/Documents/shalpy/camera_ws/build/cameraraspy/build install --record /home/ubuntu/Documents/shalpy/camera_ws/build/cameraraspy/install.log --single-version-externally-managed
[5.885s] Level 1:colcon.colcon_core.environment:checking '/home/ubuntu/Documents/shalpy/camera_ws/install/cameraraspy' for CMake module files
[5.887s] Level 1:colcon.colcon_core.environment:checking '/home/ubuntu/Documents/shalpy/camera_ws/install/cameraraspy' for CMake config files
[5.891s] Level 1:colcon.colcon_core.environment:checking '/home/ubuntu/Documents/shalpy/camera_ws/install/cameraraspy/lib'
[5.892s] Level 1:colcon.colcon_core.environment:checking '/home/ubuntu/Documents/shalpy/camera_ws/install/cameraraspy/bin'
[5.893s] Level 1:colcon.colcon_core.environment:checking '/home/ubuntu/Documents/shalpy/camera_ws/install/cameraraspy/lib/pkgconfig/cameraraspy.pc'
[5.894s] Level 1:colcon.colcon_core.environment:checking '/home/ubuntu/Documents/shalpy/camera_ws/install/cameraraspy/lib/python3.10/site-packages'
[5.894s] Level 1:colcon.colcon_core.shell:create_environment_hook('cameraraspy', 'pythonpath')
[5.899s] INFO:colcon.colcon_core.shell:Creating environment hook '/home/ubuntu/Documents/shalpy/camera_ws/install/cameraraspy/share/cameraraspy/hook/pythonpath.ps1'
[5.901s] INFO:colcon.colcon_core.shell:Creating environment descriptor '/home/ubuntu/Documents/shalpy/camera_ws/install/cameraraspy/share/cameraraspy/hook/pythonpath.dsv'
[5.903s] INFO:colcon.colcon_core.shell:Creating environment hook '/home/ubuntu/Documents/shalpy/camera_ws/install/cameraraspy/share/cameraraspy/hook/pythonpath.sh'
[5.905s] Level 1:colcon.colcon_core.environment:checking '/home/ubuntu/Documents/shalpy/camera_ws/install/cameraraspy/bin'
[5.906s] Level 1:colcon.colcon_core.environment:create_environment_scripts_only(cameraraspy)
[5.912s] INFO:colcon.colcon_core.shell:Creating package script '/home/ubuntu/Documents/shalpy/camera_ws/install/cameraraspy/share/cameraraspy/package.ps1'
[5.915s] INFO:colcon.colcon_core.shell:Creating package descriptor '/home/ubuntu/Documents/shalpy/camera_ws/install/cameraraspy/share/cameraraspy/package.dsv'
[5.918s] INFO:colcon.colcon_core.shell:Creating package script '/home/ubuntu/Documents/shalpy/camera_ws/install/cameraraspy/share/cameraraspy/package.sh'
[5.923s] INFO:colcon.colcon_core.shell:Creating package script '/home/ubuntu/Documents/shalpy/camera_ws/install/cameraraspy/share/cameraraspy/package.bash'
[5.926s] INFO:colcon.colcon_core.shell:Creating package script '/home/ubuntu/Documents/shalpy/camera_ws/install/cameraraspy/share/cameraraspy/package.zsh'
[5.929s] Level 1:colcon.colcon_core.environment:create_file_with_runtime_dependencies(/home/ubuntu/Documents/shalpy/camera_ws/install/cameraraspy/share/colcon-core/packages/cameraraspy)
[5.931s] DEBUG:colcon.colcon_parallel_executor.executor.parallel:closing loop
[5.933s] DEBUG:colcon.colcon_parallel_executor.executor.parallel:loop closed
[5.933s] DEBUG:colcon.colcon_parallel_executor.executor.parallel:run_until_complete finished with '0'
[5.933s] DEBUG:colcon.colcon_core.event_reactor:joining thread
[5.954s] INFO:colcon.colcon_core.plugin_system:Skipping extension 'colcon_notification.desktop_notification.notify_send': Could not find 'notify-send'
[5.954s] INFO:colcon.colcon_core.plugin_system:Skipping extension 'colcon_notification.desktop_notification.terminal_notifier': Not used on non-Darwin systems
[5.954s] INFO:colcon.colcon_core.plugin_system:Skipping extension 'colcon_notification.desktop_notification.win32': Not used on non-Windows systems
[5.955s] INFO:colcon.colcon_notification.desktop_notification:Sending desktop notification using 'notify2'
[5.958s] DEBUG:colcon.colcon_notification.desktop_notification.notify2:Failed to initialize notify2: org.freedesktop.DBus.Error.ServiceUnknown: The name org.freedesktop.Notifications was not provided by any .service files
[5.958s] DEBUG:colcon.colcon_core.event_reactor:joined thread
[5.964s] INFO:colcon.colcon_core.shell:Creating prefix script '/home/ubuntu/Documents/shalpy/camera_ws/install/local_setup.ps1'
[5.968s] INFO:colcon.colcon_core.shell:Creating prefix util module '/home/ubuntu/Documents/shalpy/camera_ws/install/_local_setup_util_ps1.py'
[5.974s] INFO:colcon.colcon_core.shell:Creating prefix chain script '/home/ubuntu/Documents/shalpy/camera_ws/install/setup.ps1'
[5.981s] INFO:colcon.colcon_core.shell:Creating prefix script '/home/ubuntu/Documents/shalpy/camera_ws/install/local_setup.sh'
[5.984s] INFO:colcon.colcon_core.shell:Creating prefix util module '/home/ubuntu/Documents/shalpy/camera_ws/install/_local_setup_util_sh.py'
[5.986s] INFO:colcon.colcon_core.shell:Creating prefix chain script '/home/ubuntu/Documents/shalpy/camera_ws/install/setup.sh'
[5.993s] INFO:colcon.colcon_core.shell:Creating prefix script '/home/ubuntu/Documents/shalpy/camera_ws/install/local_setup.bash'
[5.995s] INFO:colcon.colcon_core.shell:Creating prefix chain script '/home/ubuntu/Documents/shalpy/camera_ws/install/setup.bash'
[6.001s] INFO:colcon.colcon_core.shell:Creating prefix script '/home/ubuntu/Documents/shalpy/camera_ws/install/local_setup.zsh'
[6.003s] INFO:colcon.colcon_core.shell:Creating prefix chain script '/home/ubuntu/Documents/shalpy/camera_ws/install/setup.zsh'
