running egg_info
creating ../build/turtle_bot_14/turtle_bot_14.egg-info
writing ../build/turtle_bot_14/turtle_bot_14.egg-info/PKG-INFO
writing dependency_links to ../build/turtle_bot_14/turtle_bot_14.egg-info/dependency_links.txt
writing entry points to ../build/turtle_bot_14/turtle_bot_14.egg-info/entry_points.txt
writing requirements to ../build/turtle_bot_14/turtle_bot_14.egg-info/requires.txt
writing top-level names to ../build/turtle_bot_14/turtle_bot_14.egg-info/top_level.txt
writing manifest file '../build/turtle_bot_14/turtle_bot_14.egg-info/SOURCES.txt'
reading manifest file '../build/turtle_bot_14/turtle_bot_14.egg-info/SOURCES.txt'
writing manifest file '../build/turtle_bot_14/turtle_bot_14.egg-info/SOURCES.txt'
running build
running build_py
creating /home/ubuntu/Documents/shalpy/taller1_grupo14/src/build/turtle_bot_14/build
creating /home/ubuntu/Documents/shalpy/taller1_grupo14/src/build/turtle_bot_14/build/lib
creating /home/ubuntu/Documents/shalpy/taller1_grupo14/src/build/turtle_bot_14/build/lib/turtle_bot_14
copying turtle_bot_14/turtle_bot_interface.py -> /home/ubuntu/Documents/shalpy/taller1_grupo14/src/build/turtle_bot_14/build/lib/turtle_bot_14
copying turtle_bot_14/__init__.py -> /home/ubuntu/Documents/shalpy/taller1_grupo14/src/build/turtle_bot_14/build/lib/turtle_bot_14
copying turtle_bot_14/turtle_bot_player.py -> /home/ubuntu/Documents/shalpy/taller1_grupo14/src/build/turtle_bot_14/build/lib/turtle_bot_14
copying turtle_bot_14/turtle_bot_teleop.py -> /home/ubuntu/Documents/shalpy/taller1_grupo14/src/build/turtle_bot_14/build/lib/turtle_bot_14
running install
/usr/lib/python3/dist-packages/setuptools/command/install.py:34: SetuptoolsDeprecationWarning: setup.py install is deprecated. Use build and pip and other standards-based tools.
  warnings.warn(
running install_lib
creating /home/ubuntu/Documents/shalpy/taller1_grupo14/src/install/turtle_bot_14/lib/python3.10/site-packages/turtle_bot_14
copying /home/ubuntu/Documents/shalpy/taller1_grupo14/src/build/turtle_bot_14/build/lib/turtle_bot_14/turtle_bot_interface.py -> /home/ubuntu/Documents/shalpy/taller1_grupo14/src/install/turtle_bot_14/lib/python3.10/site-packages/turtle_bot_14
copying /home/ubuntu/Documents/shalpy/taller1_grupo14/src/build/turtle_bot_14/build/lib/turtle_bot_14/__init__.py -> /home/ubuntu/Documents/shalpy/taller1_grupo14/src/install/turtle_bot_14/lib/python3.10/site-packages/turtle_bot_14
copying /home/ubuntu/Documents/shalpy/taller1_grupo14/src/build/turtle_bot_14/build/lib/turtle_bot_14/turtle_bot_player.py -> /home/ubuntu/Documents/shalpy/taller1_grupo14/src/install/turtle_bot_14/lib/python3.10/site-packages/turtle_bot_14
copying /home/ubuntu/Documents/shalpy/taller1_grupo14/src/build/turtle_bot_14/build/lib/turtle_bot_14/turtle_bot_teleop.py -> /home/ubuntu/Documents/shalpy/taller1_grupo14/src/install/turtle_bot_14/lib/python3.10/site-packages/turtle_bot_14
byte-compiling /home/ubuntu/Documents/shalpy/taller1_grupo14/src/install/turtle_bot_14/lib/python3.10/site-packages/turtle_bot_14/turtle_bot_interface.py to turtle_bot_interface.cpython-310.pyc
byte-compiling /home/ubuntu/Documents/shalpy/taller1_grupo14/src/install/turtle_bot_14/lib/python3.10/site-packages/turtle_bot_14/__init__.py to __init__.cpython-310.pyc
byte-compiling /home/ubuntu/Documents/shalpy/taller1_grupo14/src/install/turtle_bot_14/lib/python3.10/site-packages/turtle_bot_14/turtle_bot_player.py to turtle_bot_player.cpython-310.pyc
byte-compiling /home/ubuntu/Documents/shalpy/taller1_grupo14/src/install/turtle_bot_14/lib/python3.10/site-packages/turtle_bot_14/turtle_bot_teleop.py to turtle_bot_teleop.cpython-310.pyc
running install_data
creating /home/ubuntu/Documents/shalpy/taller1_grupo14/src/install/turtle_bot_14/share/ament_index
creating /home/ubuntu/Documents/shalpy/taller1_grupo14/src/install/turtle_bot_14/share/ament_index/resource_index
creating /home/ubuntu/Documents/shalpy/taller1_grupo14/src/install/turtle_bot_14/share/ament_index/resource_index/packages
copying resource/turtle_bot_14 -> /home/ubuntu/Documents/shalpy/taller1_grupo14/src/install/turtle_bot_14/share/ament_index/resource_index/packages
copying package.xml -> /home/ubuntu/Documents/shalpy/taller1_grupo14/src/install/turtle_bot_14/share/turtle_bot_14
running install_egg_info
Copying ../build/turtle_bot_14/turtle_bot_14.egg-info to /home/ubuntu/Documents/shalpy/taller1_grupo14/src/install/turtle_bot_14/lib/python3.10/site-packages/turtle_bot_14-0.0.0-py3.10.egg-info
running install_scripts
Installing turtle_bot_interface script to /home/ubuntu/Documents/shalpy/taller1_grupo14/src/install/turtle_bot_14/lib/turtle_bot_14
Installing turtle_bot_player script to /home/ubuntu/Documents/shalpy/taller1_grupo14/src/install/turtle_bot_14/lib/turtle_bot_14
Installing turtle_bot_teleop script to /home/ubuntu/Documents/shalpy/taller1_grupo14/src/install/turtle_bot_14/lib/turtle_bot_14
writing list of installed files to '/home/ubuntu/Documents/shalpy/taller1_grupo14/src/build/turtle_bot_14/install.log'
