[0.103s] Invoking command in '/home/ubuntu/Documents/shalpy/taller2_grupo14/build/player_interfaces': CMAKE_PREFIX_PATH=${CMAKE_PREFIX_PATH}:/home/ubuntu/Documents/shalpy/taller2_grupo14/install/turtle_bot_14:/opt/ros/humble /usr/bin/cmake --build /home/ubuntu/Documents/shalpy/taller2_grupo14/build/player_interfaces -- -j4 -l4
[0.360s] [  3%] Built target player_interfaces__cpp
[0.376s] [ 12%] Built target player_interfaces__rosidl_generator_c
[0.439s] [ 12%] Built target ament_cmake_python_copy_player_interfaces
[0.495s] [ 22%] Built target player_interfaces__rosidl_typesupport_cpp
[0.546s] [ 32%] Built target player_interfaces__rosidl_typesupport_fastrtps_cpp
[0.550s] [ 41%] Built target player_interfaces__rosidl_typesupport_introspection_cpp
[0.597s] [ 51%] Built target player_interfaces__rosidl_typesupport_fastrtps_c
[0.648s] [ 61%] Built target player_interfaces__rosidl_typesupport_introspection_c
[0.686s] [ 70%] Built target player_interfaces__rosidl_typesupport_c
[0.789s] [ 70%] Built target player_interfaces
[0.898s] [ 74%] Built target player_interfaces__py
[1.013s] [ 80%] Built target player_interfaces__rosidl_generator_py
[1.160s] [ 87%] Built target player_interfaces__rosidl_typesupport_fastrtps_c__pyext
[1.185s] [ 93%] Built target player_interfaces__rosidl_typesupport_introspection_c__pyext
[1.205s] [100%] Built target player_interfaces__rosidl_typesupport_c__pyext
[1.890s] running egg_info
[1.893s] writing player_interfaces.egg-info/PKG-INFO
[1.894s] writing dependency_links to player_interfaces.egg-info/dependency_links.txt
[1.896s] writing top-level names to player_interfaces.egg-info/top_level.txt
[1.912s] reading manifest file 'player_interfaces.egg-info/SOURCES.txt'
[1.916s] writing manifest file 'player_interfaces.egg-info/SOURCES.txt'
[2.058s] [100%] Built target ament_cmake_python_build_player_interfaces_egg
[2.107s] Invoked command in '/home/ubuntu/Documents/shalpy/taller2_grupo14/build/player_interfaces' returned '0': CMAKE_PREFIX_PATH=${CMAKE_PREFIX_PATH}:/home/ubuntu/Documents/shalpy/taller2_grupo14/install/turtle_bot_14:/opt/ros/humble /usr/bin/cmake --build /home/ubuntu/Documents/shalpy/taller2_grupo14/build/player_interfaces -- -j4 -l4
[2.502s] Invoking command in '/home/ubuntu/Documents/shalpy/taller2_grupo14/build/player_interfaces': CMAKE_PREFIX_PATH=${CMAKE_PREFIX_PATH}:/home/ubuntu/Documents/shalpy/taller2_grupo14/install/turtle_bot_14:/opt/ros/humble /usr/bin/cmake --install /home/ubuntu/Documents/shalpy/taller2_grupo14/build/player_interfaces
[2.534s] -- Install configuration: ""
[2.535s] -- Up-to-date: /home/ubuntu/Documents/shalpy/taller2_grupo14/install/player_interfaces/share/ament_index/resource_index/rosidl_interfaces/player_interfaces
[2.535s] -- Up-to-date: /home/ubuntu/Documents/shalpy/taller2_grupo14/install/player_interfaces/include/player_interfaces/player_interfaces
[2.536s] -- Up-to-date: /home/ubuntu/Documents/shalpy/taller2_grupo14/install/player_interfaces/include/player_interfaces/player_interfaces/msg
[2.536s] -- Up-to-date: /home/ubuntu/Documents/shalpy/taller2_grupo14/install/player_interfaces/include/player_interfaces/player_interfaces/msg/rosidl_generator_c__visibility_control.h
[2.537s] -- Up-to-date: /home/ubuntu/Documents/shalpy/taller2_grupo14/install/player_interfaces/include/player_interfaces/player_interfaces/srv
[2.538s] -- Up-to-date: /home/ubuntu/Documents/shalpy/taller2_grupo14/install/player_interfaces/include/player_interfaces/player_interfaces/srv/detail
[2.538s] -- Up-to-date: /home/ubuntu/Documents/shalpy/taller2_grupo14/install/player_interfaces/include/player_interfaces/player_interfaces/srv/detail/player__type_support.h
[2.539s] -- Up-to-date: /home/ubuntu/Documents/shalpy/taller2_grupo14/install/player_interfaces/include/player_interfaces/player_interfaces/srv/detail/player__functions.c
[2.540s] -- Up-to-date: /home/ubuntu/Documents/shalpy/taller2_grupo14/install/player_interfaces/include/player_interfaces/player_interfaces/srv/detail/player__struct.h
[2.540s] -- Up-to-date: /home/ubuntu/Documents/shalpy/taller2_grupo14/install/player_interfaces/include/player_interfaces/player_interfaces/srv/detail/player__functions.h
[2.541s] -- Up-to-date: /home/ubuntu/Documents/shalpy/taller2_grupo14/install/player_interfaces/include/player_interfaces/player_interfaces/srv/player.h
[2.541s] -- Up-to-date: /home/ubuntu/Documents/shalpy/taller2_grupo14/install/player_interfaces/share/player_interfaces/environment/library_path.sh
[2.542s] -- Up-to-date: /home/ubuntu/Documents/shalpy/taller2_grupo14/install/player_interfaces/share/player_interfaces/environment/library_path.dsv
[2.542s] -- Up-to-date: /home/ubuntu/Documents/shalpy/taller2_grupo14/install/player_interfaces/lib/libplayer_interfaces__rosidl_generator_c.so
[2.543s] -- Up-to-date: /home/ubuntu/Documents/shalpy/taller2_grupo14/install/player_interfaces/include/player_interfaces/player_interfaces
[2.544s] -- Up-to-date: /home/ubuntu/Documents/shalpy/taller2_grupo14/install/player_interfaces/include/player_interfaces/player_interfaces/msg
[2.545s] -- Up-to-date: /home/ubuntu/Documents/shalpy/taller2_grupo14/install/player_interfaces/include/player_interfaces/player_interfaces/msg/rosidl_typesupport_fastrtps_c__visibility_control.h
[2.545s] -- Up-to-date: /home/ubuntu/Documents/shalpy/taller2_grupo14/install/player_interfaces/include/player_interfaces/player_interfaces/srv
[2.546s] -- Up-to-date: /home/ubuntu/Documents/shalpy/taller2_grupo14/install/player_interfaces/include/player_interfaces/player_interfaces/srv/detail
[2.546s] -- Up-to-date: /home/ubuntu/Documents/shalpy/taller2_grupo14/install/player_interfaces/include/player_interfaces/player_interfaces/srv/detail/player__rosidl_typesupport_fastrtps_c.h
[2.548s] -- Up-to-date: /home/ubuntu/Documents/shalpy/taller2_grupo14/install/player_interfaces/lib/libplayer_interfaces__rosidl_typesupport_fastrtps_c.so
[2.549s] -- Up-to-date: /home/ubuntu/Documents/shalpy/taller2_grupo14/install/player_interfaces/include/player_interfaces/player_interfaces
[2.550s] -- Up-to-date: /home/ubuntu/Documents/shalpy/taller2_grupo14/install/player_interfaces/include/player_interfaces/player_interfaces/srv
[2.551s] -- Up-to-date: /home/ubuntu/Documents/shalpy/taller2_grupo14/install/player_interfaces/include/player_interfaces/player_interfaces/srv/player.hpp
[2.551s] -- Up-to-date: /home/ubuntu/Documents/shalpy/taller2_grupo14/install/player_interfaces/include/player_interfaces/player_interfaces/srv/detail
[2.552s] -- Up-to-date: /home/ubuntu/Documents/shalpy/taller2_grupo14/install/player_interfaces/include/player_interfaces/player_interfaces/srv/detail/player__traits.hpp
[2.553s] -- Up-to-date: /home/ubuntu/Documents/shalpy/taller2_grupo14/install/player_interfaces/include/player_interfaces/player_interfaces/srv/detail/player__struct.hpp
[2.553s] -- Up-to-date: /home/ubuntu/Documents/shalpy/taller2_grupo14/install/player_interfaces/include/player_interfaces/player_interfaces/srv/detail/player__builder.hpp
[2.554s] -- Up-to-date: /home/ubuntu/Documents/shalpy/taller2_grupo14/install/player_interfaces/include/player_interfaces/player_interfaces
[2.554s] -- Up-to-date: /home/ubuntu/Documents/shalpy/taller2_grupo14/install/player_interfaces/include/player_interfaces/player_interfaces/msg
[2.555s] -- Up-to-date: /home/ubuntu/Documents/shalpy/taller2_grupo14/install/player_interfaces/include/player_interfaces/player_interfaces/msg/rosidl_typesupport_fastrtps_cpp__visibility_control.h
[2.555s] -- Up-to-date: /home/ubuntu/Documents/shalpy/taller2_grupo14/install/player_interfaces/include/player_interfaces/player_interfaces/srv
[2.556s] -- Up-to-date: /home/ubuntu/Documents/shalpy/taller2_grupo14/install/player_interfaces/include/player_interfaces/player_interfaces/srv/detail
[2.556s] -- Up-to-date: /home/ubuntu/Documents/shalpy/taller2_grupo14/install/player_interfaces/include/player_interfaces/player_interfaces/srv/detail/dds_fastrtps
[2.557s] -- Up-to-date: /home/ubuntu/Documents/shalpy/taller2_grupo14/install/player_interfaces/include/player_interfaces/player_interfaces/srv/detail/player__rosidl_typesupport_fastrtps_cpp.hpp
[2.557s] -- Up-to-date: /home/ubuntu/Documents/shalpy/taller2_grupo14/install/player_interfaces/lib/libplayer_interfaces__rosidl_typesupport_fastrtps_cpp.so
[2.559s] -- Up-to-date: /home/ubuntu/Documents/shalpy/taller2_grupo14/install/player_interfaces/include/player_interfaces/player_interfaces
[2.560s] -- Up-to-date: /home/ubuntu/Documents/shalpy/taller2_grupo14/install/player_interfaces/include/player_interfaces/player_interfaces/msg
[2.561s] -- Up-to-date: /home/ubuntu/Documents/shalpy/taller2_grupo14/install/player_interfaces/include/player_interfaces/player_interfaces/msg/rosidl_typesupport_introspection_c__visibility_control.h
[2.561s] -- Up-to-date: /home/ubuntu/Documents/shalpy/taller2_grupo14/install/player_interfaces/include/player_interfaces/player_interfaces/srv
[2.562s] -- Up-to-date: /home/ubuntu/Documents/shalpy/taller2_grupo14/install/player_interfaces/include/player_interfaces/player_interfaces/srv/detail
[2.562s] -- Up-to-date: /home/ubuntu/Documents/shalpy/taller2_grupo14/install/player_interfaces/include/player_interfaces/player_interfaces/srv/detail/player__rosidl_typesupport_introspection_c.h
[2.563s] -- Up-to-date: /home/ubuntu/Documents/shalpy/taller2_grupo14/install/player_interfaces/include/player_interfaces/player_interfaces/srv/detail/player__type_support.c
[2.564s] -- Up-to-date: /home/ubuntu/Documents/shalpy/taller2_grupo14/install/player_interfaces/lib/libplayer_interfaces__rosidl_typesupport_introspection_c.so
[2.567s] -- Up-to-date: /home/ubuntu/Documents/shalpy/taller2_grupo14/install/player_interfaces/lib/libplayer_interfaces__rosidl_typesupport_c.so
[2.568s] -- Up-to-date: /home/ubuntu/Documents/shalpy/taller2_grupo14/install/player_interfaces/include/player_interfaces/player_interfaces
[2.569s] -- Up-to-date: /home/ubuntu/Documents/shalpy/taller2_grupo14/install/player_interfaces/include/player_interfaces/player_interfaces/srv
[2.569s] -- Up-to-date: /home/ubuntu/Documents/shalpy/taller2_grupo14/install/player_interfaces/include/player_interfaces/player_interfaces/srv/detail
[2.570s] -- Up-to-date: /home/ubuntu/Documents/shalpy/taller2_grupo14/install/player_interfaces/include/player_interfaces/player_interfaces/srv/detail/player__type_support.cpp
[2.570s] -- Up-to-date: /home/ubuntu/Documents/shalpy/taller2_grupo14/install/player_interfaces/include/player_interfaces/player_interfaces/srv/detail/player__rosidl_typesupport_introspection_cpp.hpp
[2.572s] -- Up-to-date: /home/ubuntu/Documents/shalpy/taller2_grupo14/install/player_interfaces/lib/libplayer_interfaces__rosidl_typesupport_introspection_cpp.so
[2.574s] -- Up-to-date: /home/ubuntu/Documents/shalpy/taller2_grupo14/install/player_interfaces/lib/libplayer_interfaces__rosidl_typesupport_cpp.so
[2.576s] -- Up-to-date: /home/ubuntu/Documents/shalpy/taller2_grupo14/install/player_interfaces/share/player_interfaces/environment/pythonpath.sh
[2.577s] -- Up-to-date: /home/ubuntu/Documents/shalpy/taller2_grupo14/install/player_interfaces/share/player_interfaces/environment/pythonpath.dsv
[2.577s] -- Up-to-date: /home/ubuntu/Documents/shalpy/taller2_grupo14/install/player_interfaces/local/lib/python3.10/dist-packages/player_interfaces-0.0.0-py3.10.egg-info
[2.578s] -- Installing: /home/ubuntu/Documents/shalpy/taller2_grupo14/install/player_interfaces/local/lib/python3.10/dist-packages/player_interfaces-0.0.0-py3.10.egg-info/dependency_links.txt
[2.580s] -- Installing: /home/ubuntu/Documents/shalpy/taller2_grupo14/install/player_interfaces/local/lib/python3.10/dist-packages/player_interfaces-0.0.0-py3.10.egg-info/top_level.txt
[2.581s] -- Installing: /home/ubuntu/Documents/shalpy/taller2_grupo14/install/player_interfaces/local/lib/python3.10/dist-packages/player_interfaces-0.0.0-py3.10.egg-info/SOURCES.txt
[2.583s] -- Installing: /home/ubuntu/Documents/shalpy/taller2_grupo14/install/player_interfaces/local/lib/python3.10/dist-packages/player_interfaces-0.0.0-py3.10.egg-info/PKG-INFO
[2.585s] -- Up-to-date: /home/ubuntu/Documents/shalpy/taller2_grupo14/install/player_interfaces/local/lib/python3.10/dist-packages/player_interfaces
[2.586s] -- Up-to-date: /home/ubuntu/Documents/shalpy/taller2_grupo14/install/player_interfaces/local/lib/python3.10/dist-packages/player_interfaces/player_interfaces_s__rosidl_typesupport_introspection_c.cpython-310-aarch64-linux-gnu.so
[2.586s] -- Up-to-date: /home/ubuntu/Documents/shalpy/taller2_grupo14/install/player_interfaces/local/lib/python3.10/dist-packages/player_interfaces/player_interfaces_s__rosidl_typesupport_fastrtps_c.cpython-310-aarch64-linux-gnu.so
[2.587s] -- Up-to-date: /home/ubuntu/Documents/shalpy/taller2_grupo14/install/player_interfaces/local/lib/python3.10/dist-packages/player_interfaces/__init__.py
[2.588s] -- Up-to-date: /home/ubuntu/Documents/shalpy/taller2_grupo14/install/player_interfaces/local/lib/python3.10/dist-packages/player_interfaces/player_interfaces_s__rosidl_typesupport_c.cpython-310-aarch64-linux-gnu.so
[2.588s] -- Up-to-date: /home/ubuntu/Documents/shalpy/taller2_grupo14/install/player_interfaces/local/lib/python3.10/dist-packages/player_interfaces/libplayer_interfaces__rosidl_generator_py.so
[2.589s] -- Up-to-date: /home/ubuntu/Documents/shalpy/taller2_grupo14/install/player_interfaces/local/lib/python3.10/dist-packages/player_interfaces/_player_interfaces_s.ep.rosidl_typesupport_introspection_c.c
[2.589s] -- Up-to-date: /home/ubuntu/Documents/shalpy/taller2_grupo14/install/player_interfaces/local/lib/python3.10/dist-packages/player_interfaces/srv
[2.590s] -- Up-to-date: /home/ubuntu/Documents/shalpy/taller2_grupo14/install/player_interfaces/local/lib/python3.10/dist-packages/player_interfaces/srv/_player.py
[2.591s] -- Up-to-date: /home/ubuntu/Documents/shalpy/taller2_grupo14/install/player_interfaces/local/lib/python3.10/dist-packages/player_interfaces/srv/__init__.py
[2.591s] -- Up-to-date: /home/ubuntu/Documents/shalpy/taller2_grupo14/install/player_interfaces/local/lib/python3.10/dist-packages/player_interfaces/srv/_player_s.c
[2.592s] -- Up-to-date: /home/ubuntu/Documents/shalpy/taller2_grupo14/install/player_interfaces/local/lib/python3.10/dist-packages/player_interfaces/_player_interfaces_s.ep.rosidl_typesupport_c.c
[2.592s] -- Up-to-date: /home/ubuntu/Documents/shalpy/taller2_grupo14/install/player_interfaces/local/lib/python3.10/dist-packages/player_interfaces/_player_interfaces_s.ep.rosidl_typesupport_fastrtps_c.c
[2.755s] Listing '/home/ubuntu/Documents/shalpy/taller2_grupo14/install/player_interfaces/local/lib/python3.10/dist-packages/player_interfaces'...
[2.756s] Listing '/home/ubuntu/Documents/shalpy/taller2_grupo14/install/player_interfaces/local/lib/python3.10/dist-packages/player_interfaces/srv'...
[2.783s] -- Up-to-date: /home/ubuntu/Documents/shalpy/taller2_grupo14/install/player_interfaces/local/lib/python3.10/dist-packages/player_interfaces/player_interfaces_s__rosidl_typesupport_fastrtps_c.cpython-310-aarch64-linux-gnu.so
[2.786s] -- Up-to-date: /home/ubuntu/Documents/shalpy/taller2_grupo14/install/player_interfaces/local/lib/python3.10/dist-packages/player_interfaces/player_interfaces_s__rosidl_typesupport_introspection_c.cpython-310-aarch64-linux-gnu.so
[2.788s] -- Up-to-date: /home/ubuntu/Documents/shalpy/taller2_grupo14/install/player_interfaces/local/lib/python3.10/dist-packages/player_interfaces/player_interfaces_s__rosidl_typesupport_c.cpython-310-aarch64-linux-gnu.so
[2.792s] -- Up-to-date: /home/ubuntu/Documents/shalpy/taller2_grupo14/install/player_interfaces/lib/libplayer_interfaces__rosidl_generator_py.so
[2.794s] -- Up-to-date: /home/ubuntu/Documents/shalpy/taller2_grupo14/install/player_interfaces/share/player_interfaces/srv/Player.idl
[2.795s] -- Up-to-date: /home/ubuntu/Documents/shalpy/taller2_grupo14/install/player_interfaces/share/player_interfaces/srv/Player.srv
[2.795s] -- Up-to-date: /home/ubuntu/Documents/shalpy/taller2_grupo14/install/player_interfaces/share/player_interfaces/srv/Player_Request.msg
[2.796s] -- Up-to-date: /home/ubuntu/Documents/shalpy/taller2_grupo14/install/player_interfaces/share/player_interfaces/srv/Player_Response.msg
[2.796s] -- Up-to-date: /home/ubuntu/Documents/shalpy/taller2_grupo14/install/player_interfaces/share/ament_index/resource_index/package_run_dependencies/player_interfaces
[2.797s] -- Up-to-date: /home/ubuntu/Documents/shalpy/taller2_grupo14/install/player_interfaces/share/ament_index/resource_index/parent_prefix_path/player_interfaces
[2.797s] -- Up-to-date: /home/ubuntu/Documents/shalpy/taller2_grupo14/install/player_interfaces/share/player_interfaces/environment/ament_prefix_path.sh
[2.798s] -- Up-to-date: /home/ubuntu/Documents/shalpy/taller2_grupo14/install/player_interfaces/share/player_interfaces/environment/ament_prefix_path.dsv
[2.799s] -- Up-to-date: /home/ubuntu/Documents/shalpy/taller2_grupo14/install/player_interfaces/share/player_interfaces/environment/path.sh
[2.799s] -- Up-to-date: /home/ubuntu/Documents/shalpy/taller2_grupo14/install/player_interfaces/share/player_interfaces/environment/path.dsv
[2.800s] -- Up-to-date: /home/ubuntu/Documents/shalpy/taller2_grupo14/install/player_interfaces/share/player_interfaces/local_setup.bash
[2.800s] -- Up-to-date: /home/ubuntu/Documents/shalpy/taller2_grupo14/install/player_interfaces/share/player_interfaces/local_setup.sh
[2.801s] -- Up-to-date: /home/ubuntu/Documents/shalpy/taller2_grupo14/install/player_interfaces/share/player_interfaces/local_setup.zsh
[2.802s] -- Up-to-date: /home/ubuntu/Documents/shalpy/taller2_grupo14/install/player_interfaces/share/player_interfaces/local_setup.dsv
[2.802s] -- Installing: /home/ubuntu/Documents/shalpy/taller2_grupo14/install/player_interfaces/share/player_interfaces/package.dsv
[2.804s] -- Up-to-date: /home/ubuntu/Documents/shalpy/taller2_grupo14/install/player_interfaces/share/ament_index/resource_index/packages/player_interfaces
[2.805s] -- Up-to-date: /home/ubuntu/Documents/shalpy/taller2_grupo14/install/player_interfaces/share/player_interfaces/cmake/export_player_interfaces__rosidl_generator_cExport.cmake
[2.805s] -- Up-to-date: /home/ubuntu/Documents/shalpy/taller2_grupo14/install/player_interfaces/share/player_interfaces/cmake/export_player_interfaces__rosidl_generator_cExport-noconfig.cmake
[2.807s] -- Up-to-date: /home/ubuntu/Documents/shalpy/taller2_grupo14/install/player_interfaces/share/player_interfaces/cmake/export_player_interfaces__rosidl_typesupport_fastrtps_cExport.cmake
[2.808s] -- Up-to-date: /home/ubuntu/Documents/shalpy/taller2_grupo14/install/player_interfaces/share/player_interfaces/cmake/export_player_interfaces__rosidl_typesupport_fastrtps_cExport-noconfig.cmake
[2.809s] -- Up-to-date: /home/ubuntu/Documents/shalpy/taller2_grupo14/install/player_interfaces/share/player_interfaces/cmake/export_player_interfaces__rosidl_generator_cppExport.cmake
[2.810s] -- Up-to-date: /home/ubuntu/Documents/shalpy/taller2_grupo14/install/player_interfaces/share/player_interfaces/cmake/export_player_interfaces__rosidl_typesupport_fastrtps_cppExport.cmake
[2.811s] -- Up-to-date: /home/ubuntu/Documents/shalpy/taller2_grupo14/install/player_interfaces/share/player_interfaces/cmake/export_player_interfaces__rosidl_typesupport_fastrtps_cppExport-noconfig.cmake
[2.812s] -- Up-to-date: /home/ubuntu/Documents/shalpy/taller2_grupo14/install/player_interfaces/share/player_interfaces/cmake/player_interfaces__rosidl_typesupport_introspection_cExport.cmake
[2.813s] -- Up-to-date: /home/ubuntu/Documents/shalpy/taller2_grupo14/install/player_interfaces/share/player_interfaces/cmake/player_interfaces__rosidl_typesupport_introspection_cExport-noconfig.cmake
[2.814s] -- Up-to-date: /home/ubuntu/Documents/shalpy/taller2_grupo14/install/player_interfaces/share/player_interfaces/cmake/player_interfaces__rosidl_typesupport_cExport.cmake
[2.814s] -- Up-to-date: /home/ubuntu/Documents/shalpy/taller2_grupo14/install/player_interfaces/share/player_interfaces/cmake/player_interfaces__rosidl_typesupport_cExport-noconfig.cmake
[2.816s] -- Up-to-date: /home/ubuntu/Documents/shalpy/taller2_grupo14/install/player_interfaces/share/player_interfaces/cmake/player_interfaces__rosidl_typesupport_introspection_cppExport.cmake
[2.816s] -- Up-to-date: /home/ubuntu/Documents/shalpy/taller2_grupo14/install/player_interfaces/share/player_interfaces/cmake/player_interfaces__rosidl_typesupport_introspection_cppExport-noconfig.cmake
[2.817s] -- Up-to-date: /home/ubuntu/Documents/shalpy/taller2_grupo14/install/player_interfaces/share/player_interfaces/cmake/player_interfaces__rosidl_typesupport_cppExport.cmake
[2.819s] -- Up-to-date: /home/ubuntu/Documents/shalpy/taller2_grupo14/install/player_interfaces/share/player_interfaces/cmake/player_interfaces__rosidl_typesupport_cppExport-noconfig.cmake
[2.820s] -- Up-to-date: /home/ubuntu/Documents/shalpy/taller2_grupo14/install/player_interfaces/share/player_interfaces/cmake/export_player_interfaces__rosidl_generator_pyExport.cmake
[2.820s] -- Up-to-date: /home/ubuntu/Documents/shalpy/taller2_grupo14/install/player_interfaces/share/player_interfaces/cmake/export_player_interfaces__rosidl_generator_pyExport-noconfig.cmake
[2.821s] -- Up-to-date: /home/ubuntu/Documents/shalpy/taller2_grupo14/install/player_interfaces/share/player_interfaces/cmake/rosidl_cmake-extras.cmake
[2.822s] -- Up-to-date: /home/ubuntu/Documents/shalpy/taller2_grupo14/install/player_interfaces/share/player_interfaces/cmake/ament_cmake_export_dependencies-extras.cmake
[2.823s] -- Up-to-date: /home/ubuntu/Documents/shalpy/taller2_grupo14/install/player_interfaces/share/player_interfaces/cmake/ament_cmake_export_include_directories-extras.cmake
[2.823s] -- Up-to-date: /home/ubuntu/Documents/shalpy/taller2_grupo14/install/player_interfaces/share/player_interfaces/cmake/ament_cmake_export_libraries-extras.cmake
[2.824s] -- Up-to-date: /home/ubuntu/Documents/shalpy/taller2_grupo14/install/player_interfaces/share/player_interfaces/cmake/ament_cmake_export_targets-extras.cmake
[2.824s] -- Up-to-date: /home/ubuntu/Documents/shalpy/taller2_grupo14/install/player_interfaces/share/player_interfaces/cmake/rosidl_cmake_export_typesupport_targets-extras.cmake
[2.825s] -- Up-to-date: /home/ubuntu/Documents/shalpy/taller2_grupo14/install/player_interfaces/share/player_interfaces/cmake/rosidl_cmake_export_typesupport_libraries-extras.cmake
[2.826s] -- Up-to-date: /home/ubuntu/Documents/shalpy/taller2_grupo14/install/player_interfaces/share/player_interfaces/cmake/player_interfacesConfig.cmake
[2.826s] -- Up-to-date: /home/ubuntu/Documents/shalpy/taller2_grupo14/install/player_interfaces/share/player_interfaces/cmake/player_interfacesConfig-version.cmake
[2.828s] -- Up-to-date: /home/ubuntu/Documents/shalpy/taller2_grupo14/install/player_interfaces/share/player_interfaces/package.xml
[2.838s] Invoked command in '/home/ubuntu/Documents/shalpy/taller2_grupo14/build/player_interfaces' returned '0': CMAKE_PREFIX_PATH=${CMAKE_PREFIX_PATH}:/home/ubuntu/Documents/shalpy/taller2_grupo14/install/turtle_bot_14:/opt/ros/humble /usr/bin/cmake --install /home/ubuntu/Documents/shalpy/taller2_grupo14/build/player_interfaces
