running egg_info
writing ../../build/cameraraspy/cameraraspy.egg-info/PKG-INFO
writing dependency_links to ../../build/cameraraspy/cameraraspy.egg-info/dependency_links.txt
writing entry points to ../../build/cameraraspy/cameraraspy.egg-info/entry_points.txt
writing requirements to ../../build/cameraraspy/cameraraspy.egg-info/requires.txt
writing top-level names to ../../build/cameraraspy/cameraraspy.egg-info/top_level.txt
reading manifest file '../../build/cameraraspy/cameraraspy.egg-info/SOURCES.txt'
writing manifest file '../../build/cameraraspy/cameraraspy.egg-info/SOURCES.txt'
running build
running build_py
copying cameraraspy/publisher_member_function.py -> /home/jp/camera_ws/build/cameraraspy/build/lib/cameraraspy
running install
/usr/lib/python3/dist-packages/setuptools/command/install.py:34: SetuptoolsDeprecationWarning: setup.py install is deprecated. Use build and pip and other standards-based tools.
  warnings.warn(
running install_lib
copying /home/jp/camera_ws/build/cameraraspy/build/lib/cameraraspy/publisher_member_function.py -> /home/jp/camera_ws/install/cameraraspy/lib/python3.10/site-packages/cameraraspy
byte-compiling /home/jp/camera_ws/install/cameraraspy/lib/python3.10/site-packages/cameraraspy/publisher_member_function.py to publisher_member_function.cpython-310.pyc
running install_data
running install_egg_info
removing '/home/jp/camera_ws/install/cameraraspy/lib/python3.10/site-packages/cameraraspy-0.0.0-py3.10.egg-info' (and everything under it)
Copying ../../build/cameraraspy/cameraraspy.egg-info to /home/jp/camera_ws/install/cameraraspy/lib/python3.10/site-packages/cameraraspy-0.0.0-py3.10.egg-info
running install_scripts
Installing sent_image script to /home/jp/camera_ws/install/cameraraspy/lib/cameraraspy
writing list of installed files to '/home/jp/camera_ws/build/cameraraspy/install.log'
