[0.880s] Invoking command in '/home/jp/camera_ws/src/cameraraspy': PYTHONPATH=/home/jp/camera_ws/build/cameraraspy/prefix_override:/home/jp/camera_ws/install/cameraraspy/lib/python3.10/site-packages:${PYTHONPATH} /usr/bin/python3 setup.py egg_info --egg-base ../../build/cameraraspy build --build-base /home/jp/camera_ws/build/cameraraspy/build install --record /home/jp/camera_ws/build/cameraraspy/install.log --single-version-externally-managed
[1.248s] running egg_info
[1.249s] writing ../../build/cameraraspy/cameraraspy.egg-info/PKG-INFO
[1.250s] writing dependency_links to ../../build/cameraraspy/cameraraspy.egg-info/dependency_links.txt
[1.250s] writing entry points to ../../build/cameraraspy/cameraraspy.egg-info/entry_points.txt
[1.251s] writing requirements to ../../build/cameraraspy/cameraraspy.egg-info/requires.txt
[1.251s] writing top-level names to ../../build/cameraraspy/cameraraspy.egg-info/top_level.txt
[1.253s] reading manifest file '../../build/cameraraspy/cameraraspy.egg-info/SOURCES.txt'
[1.255s] writing manifest file '../../build/cameraraspy/cameraraspy.egg-info/SOURCES.txt'
[1.255s] running build
[1.255s] running build_py
[1.256s] copying cameraraspy/publisher_member_function.py -> /home/jp/camera_ws/build/cameraraspy/build/lib/cameraraspy
[1.256s] running install
[1.256s] /usr/lib/python3/dist-packages/setuptools/command/install.py:34: SetuptoolsDeprecationWarning: setup.py install is deprecated. Use build and pip and other standards-based tools.
[1.257s]   warnings.warn(
[1.257s] running install_lib
[1.257s] copying /home/jp/camera_ws/build/cameraraspy/build/lib/cameraraspy/publisher_member_function.py -> /home/jp/camera_ws/install/cameraraspy/lib/python3.10/site-packages/cameraraspy
[1.258s] byte-compiling /home/jp/camera_ws/install/cameraraspy/lib/python3.10/site-packages/cameraraspy/publisher_member_function.py to publisher_member_function.cpython-310.pyc
[1.259s] running install_data
[1.260s] running install_egg_info
[1.262s] removing '/home/jp/camera_ws/install/cameraraspy/lib/python3.10/site-packages/cameraraspy-0.0.0-py3.10.egg-info' (and everything under it)
[1.262s] Copying ../../build/cameraraspy/cameraraspy.egg-info to /home/jp/camera_ws/install/cameraraspy/lib/python3.10/site-packages/cameraraspy-0.0.0-py3.10.egg-info
[1.263s] running install_scripts
[1.292s] Installing sent_image script to /home/jp/camera_ws/install/cameraraspy/lib/cameraraspy
[1.292s] writing list of installed files to '/home/jp/camera_ws/build/cameraraspy/install.log'
[1.334s] Invoked command in '/home/jp/camera_ws/src/cameraraspy' returned '0': PYTHONPATH=/home/jp/camera_ws/build/cameraraspy/prefix_override:/home/jp/camera_ws/install/cameraraspy/lib/python3.10/site-packages:${PYTHONPATH} /usr/bin/python3 setup.py egg_info --egg-base ../../build/cameraraspy build --build-base /home/jp/camera_ws/build/cameraraspy/build install --record /home/jp/camera_ws/build/cameraraspy/install.log --single-version-externally-managed
