[1.098s] Invoking command in '/home/jp/camera_ws/src/cameraraspy': PYTHONPATH=/home/jp/camera_ws/build/cameraraspy/prefix_override:/home/jp/camera_ws/install/cameraraspy/lib/python3.10/site-packages:${PYTHONPATH} /usr/bin/python3 setup.py egg_info --egg-base ../../build/cameraraspy build --build-base /home/jp/camera_ws/build/cameraraspy/build install --record /home/jp/camera_ws/build/cameraraspy/install.log --single-version-externally-managed
[1.448s] running egg_info
[1.449s] writing ../../build/cameraraspy/cameraraspy.egg-info/PKG-INFO
[1.449s] writing dependency_links to ../../build/cameraraspy/cameraraspy.egg-info/dependency_links.txt
[1.449s] writing entry points to ../../build/cameraraspy/cameraraspy.egg-info/entry_points.txt
[1.450s] writing requirements to ../../build/cameraraspy/cameraraspy.egg-info/requires.txt
[1.450s] writing top-level names to ../../build/cameraraspy/cameraraspy.egg-info/top_level.txt
[1.453s] reading manifest file '../../build/cameraraspy/cameraraspy.egg-info/SOURCES.txt'
[1.493s] writing manifest file '../../build/cameraraspy/cameraraspy.egg-info/SOURCES.txt'
[1.493s] running build
[1.493s] running build_py
[1.494s] copying cameraraspy/rec_image.py -> /home/jp/camera_ws/build/cameraraspy/build/lib/cameraraspy
[1.494s] copying cameraraspy/sent_image.py -> /home/jp/camera_ws/build/cameraraspy/build/lib/cameraraspy
[1.494s] running install
[1.495s] /usr/lib/python3/dist-packages/setuptools/command/install.py:34: SetuptoolsDeprecationWarning: setup.py install is deprecated. Use build and pip and other standards-based tools.
[1.495s]   warnings.warn(
[1.495s] running install_lib
[1.496s] copying /home/jp/camera_ws/build/cameraraspy/build/lib/cameraraspy/rec_image.py -> /home/jp/camera_ws/install/cameraraspy/lib/python3.10/site-packages/cameraraspy
[1.497s] copying /home/jp/camera_ws/build/cameraraspy/build/lib/cameraraspy/sent_image.py -> /home/jp/camera_ws/install/cameraraspy/lib/python3.10/site-packages/cameraraspy
[1.497s] byte-compiling /home/jp/camera_ws/install/cameraraspy/lib/python3.10/site-packages/cameraraspy/rec_image.py to rec_image.cpython-310.pyc
[1.498s] byte-compiling /home/jp/camera_ws/install/cameraraspy/lib/python3.10/site-packages/cameraraspy/sent_image.py to sent_image.cpython-310.pyc
[1.499s] running install_data
[1.500s] copying package.xml -> /home/jp/camera_ws/install/cameraraspy/share/cameraraspy
[1.500s] running install_egg_info
[1.502s] removing '/home/jp/camera_ws/install/cameraraspy/lib/python3.10/site-packages/cameraraspy-0.0.0-py3.10.egg-info' (and everything under it)
[1.502s] Copying ../../build/cameraraspy/cameraraspy.egg-info to /home/jp/camera_ws/install/cameraraspy/lib/python3.10/site-packages/cameraraspy-0.0.0-py3.10.egg-info
[1.504s] running install_scripts
[1.533s] Installing rec_image script to /home/jp/camera_ws/install/cameraraspy/lib/cameraraspy
[1.533s] Installing sent_image script to /home/jp/camera_ws/install/cameraraspy/lib/cameraraspy
[1.534s] writing list of installed files to '/home/jp/camera_ws/build/cameraraspy/install.log'
[1.577s] Invoked command in '/home/jp/camera_ws/src/cameraraspy' returned '0': PYTHONPATH=/home/jp/camera_ws/build/cameraraspy/prefix_override:/home/jp/camera_ws/install/cameraraspy/lib/python3.10/site-packages:${PYTHONPATH} /usr/bin/python3 setup.py egg_info --egg-base ../../build/cameraraspy build --build-base /home/jp/camera_ws/build/cameraraspy/build install --record /home/jp/camera_ws/build/cameraraspy/install.log --single-version-externally-managed
