running egg_info
writing ../../build/cameraraspy/cameraraspy.egg-info/PKG-INFO
writing dependency_links to ../../build/cameraraspy/cameraraspy.egg-info/dependency_links.txt
writing entry points to ../../build/cameraraspy/cameraraspy.egg-info/entry_points.txt
writing requirements to ../../build/cameraraspy/cameraraspy.egg-info/requires.txt
writing top-level names to ../../build/cameraraspy/cameraraspy.egg-info/top_level.txt
reading manifest file '../../build/cameraraspy/cameraraspy.egg-info/SOURCES.txt'
writing manifest file '../../build/cameraraspy/cameraraspy.egg-info/SOURCES.txt'
running build
running build_py
running install
running install_lib
byte-compiling /home/ubuntu/Documents/shalpy/camera_ws/install/cameraraspy/lib/python3.10/site-packages/cameraraspy/rec_image.py to rec_image.cpython-310.pyc
running install_data
running install_egg_info
removing '/home/ubuntu/Documents/shalpy/camera_ws/install/cameraraspy/lib/python3.10/site-packages/cameraraspy-0.0.0-py3.10.egg-info' (and everything under it)
Copying ../../build/cameraraspy/cameraraspy.egg-info to /home/ubuntu/Documents/shalpy/camera_ws/install/cameraraspy/lib/python3.10/site-packages/cameraraspy-0.0.0-py3.10.egg-info
running install_scripts
Installing rec_image script to /home/ubuntu/Documents/shalpy/camera_ws/install/cameraraspy/lib/cameraraspy
Installing sent_image script to /home/ubuntu/Documents/shalpy/camera_ws/install/cameraraspy/lib/cameraraspy
writing list of installed files to '/home/ubuntu/Documents/shalpy/camera_ws/build/cameraraspy/install.log'
