[3.432s] Invoking command in '/home/ubuntu/Documents/shalpy/camera_ws/src/cameraraspy': PYTHONPATH=/home/ubuntu/Documents/shalpy/camera_ws/build/cameraraspy/prefix_override:/home/ubuntu/Documents/shalpy/camera_ws/install/cameraraspy/lib/python3.10/site-packages:${PYTHONPATH} /usr/bin/python3 setup.py egg_info --egg-base ../../build/cameraraspy build --build-base /home/ubuntu/Documents/shalpy/camera_ws/build/cameraraspy/build install --record /home/ubuntu/Documents/shalpy/camera_ws/build/cameraraspy/install.log --single-version-externally-managed
[4.431s] running egg_info
[4.434s] writing ../../build/cameraraspy/cameraraspy.egg-info/PKG-INFO
[4.438s] writing dependency_links to ../../build/cameraraspy/cameraraspy.egg-info/dependency_links.txt
[4.439s] writing entry points to ../../build/cameraraspy/cameraraspy.egg-info/entry_points.txt
[4.440s] writing requirements to ../../build/cameraraspy/cameraraspy.egg-info/requires.txt
[4.441s] writing top-level names to ../../build/cameraraspy/cameraraspy.egg-info/top_level.txt
[4.452s] reading manifest file '../../build/cameraraspy/cameraraspy.egg-info/SOURCES.txt'
[4.458s] writing manifest file '../../build/cameraraspy/cameraraspy.egg-info/SOURCES.txt'
[4.459s] running build
[4.459s] running build_py
[4.463s] running install
[4.464s] /usr/lib/python3/dist-packages/setuptools/command/install.py:34: SetuptoolsDeprecationWarning: setup.py install is deprecated. Use build and pip and other standards-based tools.
[4.464s]   warnings.warn(
[4.465s] running install_lib
[4.476s] byte-compiling /home/ubuntu/Documents/shalpy/camera_ws/install/cameraraspy/lib/python3.10/site-packages/cameraraspy/rec_image.py to rec_image.cpython-310.pyc
[4.498s]   File "/home/ubuntu/Documents/shalpy/camera_ws/install/cameraraspy/lib/python3.10/site-packages/cameraraspy/rec_image.py", line 390
[4.498s]     main()2 = int(res[0][2][0]), int(res[0][2][1])
[4.499s]           ^
[4.499s] SyntaxError: invalid syntax
[4.499s] 
[4.500s] running install_data
[4.504s] running install_egg_info
[4.510s] removing '/home/ubuntu/Documents/shalpy/camera_ws/install/cameraraspy/lib/python3.10/site-packages/cameraraspy-0.0.0-py3.10.egg-info' (and everything under it)
[4.512s] Copying ../../build/cameraraspy/cameraraspy.egg-info to /home/ubuntu/Documents/shalpy/camera_ws/install/cameraraspy/lib/python3.10/site-packages/cameraraspy-0.0.0-py3.10.egg-info
[4.522s] running install_scripts
[4.607s] Installing rec_image script to /home/ubuntu/Documents/shalpy/camera_ws/install/cameraraspy/lib/cameraraspy
[4.611s] Installing sent_image script to /home/ubuntu/Documents/shalpy/camera_ws/install/cameraraspy/lib/cameraraspy
[4.612s] writing list of installed files to '/home/ubuntu/Documents/shalpy/camera_ws/build/cameraraspy/install.log'
[4.728s] Invoked command in '/home/ubuntu/Documents/shalpy/camera_ws/src/cameraraspy' returned '0': PYTHONPATH=/home/ubuntu/Documents/shalpy/camera_ws/build/cameraraspy/prefix_override:/home/ubuntu/Documents/shalpy/camera_ws/install/cameraraspy/lib/python3.10/site-packages:${PYTHONPATH} /usr/bin/python3 setup.py egg_info --egg-base ../../build/cameraraspy build --build-base /home/ubuntu/Documents/shalpy/camera_ws/build/cameraraspy/build install --record /home/ubuntu/Documents/shalpy/camera_ws/build/cameraraspy/install.log --single-version-externally-managed
