[1.523s] Invoking command in '/home/juanespadi/Documents/shalpy/proyecto_final_grupo_14/src/final_shalpy': PYTHONPATH=/home/juanespadi/Documents/shalpy/proyecto_final_grupo_14/build/final_shalpy/prefix_override:/home/juanespadi/Documents/shalpy/proyecto_final_grupo_14/install/final_shalpy/lib/python3.10/site-packages:${PYTHONPATH} /usr/bin/python3 setup.py egg_info --egg-base ../../build/final_shalpy build --build-base /home/juanespadi/Documents/shalpy/proyecto_final_grupo_14/build/final_shalpy/build install --record /home/juanespadi/Documents/shalpy/proyecto_final_grupo_14/build/final_shalpy/install.log --single-version-externally-managed
[1.903s] running egg_info
[1.904s] creating ../../build/final_shalpy/final_shalpy.egg-info
[1.904s] writing ../../build/final_shalpy/final_shalpy.egg-info/PKG-INFO
[1.904s] writing dependency_links to ../../build/final_shalpy/final_shalpy.egg-info/dependency_links.txt
[1.904s] writing entry points to ../../build/final_shalpy/final_shalpy.egg-info/entry_points.txt
[1.905s] writing requirements to ../../build/final_shalpy/final_shalpy.egg-info/requires.txt
[1.905s] writing top-level names to ../../build/final_shalpy/final_shalpy.egg-info/top_level.txt
[1.905s] writing manifest file '../../build/final_shalpy/final_shalpy.egg-info/SOURCES.txt'
[1.908s] reading manifest file '../../build/final_shalpy/final_shalpy.egg-info/SOURCES.txt'
[1.909s] writing manifest file '../../build/final_shalpy/final_shalpy.egg-info/SOURCES.txt'
[1.909s] running build
[1.909s] running build_py
[1.909s] creating /home/juanespadi/Documents/shalpy/proyecto_final_grupo_14/build/final_shalpy/build
[1.910s] creating /home/juanespadi/Documents/shalpy/proyecto_final_grupo_14/build/final_shalpy/build/lib
[1.910s] creating /home/juanespadi/Documents/shalpy/proyecto_final_grupo_14/build/final_shalpy/build/lib/final_shalpy
[1.910s] copying final_shalpy/turtle_bot_player.py -> /home/juanespadi/Documents/shalpy/proyecto_final_grupo_14/build/final_shalpy/build/lib/final_shalpy
[1.910s] copying final_shalpy/turtle_bot_interface.py -> /home/juanespadi/Documents/shalpy/proyecto_final_grupo_14/build/final_shalpy/build/lib/final_shalpy
[1.910s] copying final_shalpy/__init__.py -> /home/juanespadi/Documents/shalpy/proyecto_final_grupo_14/build/final_shalpy/build/lib/final_shalpy
[1.910s] copying final_shalpy/shalpy_teleop.py -> /home/juanespadi/Documents/shalpy/proyecto_final_grupo_14/build/final_shalpy/build/lib/final_shalpy
[1.911s] copying final_shalpy/cliente_master.py -> /home/juanespadi/Documents/shalpy/proyecto_final_grupo_14/build/final_shalpy/build/lib/final_shalpy
[1.911s] running install
[1.911s] /usr/lib/python3/dist-packages/setuptools/command/install.py:34: SetuptoolsDeprecationWarning: setup.py install is deprecated. Use build and pip and other standards-based tools.
[1.911s]   warnings.warn(
[1.911s] running install_lib
[1.914s] running install_data
[1.915s] running install_egg_info
[1.917s] removing '/home/juanespadi/Documents/shalpy/proyecto_final_grupo_14/install/final_shalpy/lib/python3.10/site-packages/final_shalpy-0.0.0-py3.10.egg-info' (and everything under it)
[1.918s] Copying ../../build/final_shalpy/final_shalpy.egg-info to /home/juanespadi/Documents/shalpy/proyecto_final_grupo_14/install/final_shalpy/lib/python3.10/site-packages/final_shalpy-0.0.0-py3.10.egg-info
[1.919s] running install_scripts
[1.952s] Installing cliente_master script to /home/juanespadi/Documents/shalpy/proyecto_final_grupo_14/install/final_shalpy/lib/final_shalpy
[1.953s] Installing shalpy_teleop script to /home/juanespadi/Documents/shalpy/proyecto_final_grupo_14/install/final_shalpy/lib/final_shalpy
[1.953s] Installing turtle_bot_interface script to /home/juanespadi/Documents/shalpy/proyecto_final_grupo_14/install/final_shalpy/lib/final_shalpy
[1.953s] Installing turtle_bot_player script to /home/juanespadi/Documents/shalpy/proyecto_final_grupo_14/install/final_shalpy/lib/final_shalpy
[1.953s] writing list of installed files to '/home/juanespadi/Documents/shalpy/proyecto_final_grupo_14/build/final_shalpy/install.log'
[1.992s] Invoked command in '/home/juanespadi/Documents/shalpy/proyecto_final_grupo_14/src/final_shalpy' returned '0': PYTHONPATH=/home/juanespadi/Documents/shalpy/proyecto_final_grupo_14/build/final_shalpy/prefix_override:/home/juanespadi/Documents/shalpy/proyecto_final_grupo_14/install/final_shalpy/lib/python3.10/site-packages:${PYTHONPATH} /usr/bin/python3 setup.py egg_info --egg-base ../../build/final_shalpy build --build-base /home/juanespadi/Documents/shalpy/proyecto_final_grupo_14/build/final_shalpy/build install --record /home/juanespadi/Documents/shalpy/proyecto_final_grupo_14/build/final_shalpy/install.log --single-version-externally-managed
