-- The C compiler identification is GNU 11.3.0
-- The CXX compiler identification is GNU 11.3.0
-- Detecting C compiler ABI info
-- Detecting C compiler ABI info - done
-- Check for working C compiler: /usr/bin/cc - skipped
-- Detecting C compile features
-- Detecting C compile features - done
-- Detecting CXX compiler ABI info
-- Detecting CXX compiler ABI info - done
-- Check for working CXX compiler: /usr/bin/c++ - skipped
-- Detecting CXX compile features
-- Detecting CXX compile features - done
-- Found ament_cmake: 1.3.3 (/opt/ros/humble/share/ament_cmake/cmake)
-- Found Python3: /usr/bin/python3.10 (found version "3.10.6") found components: Interpreter 
-- Found geometry_msgs: 4.2.3 (/opt/ros/humble/share/geometry_msgs/cmake)
-- Found rosidl_generator_c: 3.1.4 (/opt/ros/humble/share/rosidl_generator_c/cmake)
-- Found rosidl_adapter: 3.1.4 (/opt/ros/humble/share/rosidl_adapter/cmake)
-- Found rosidl_generator_cpp: 3.1.4 (/opt/ros/humble/share/rosidl_generator_cpp/cmake)
-- Using all available rosidl_typesupport_c: rosidl_typesupport_fastrtps_c;rosidl_typesupport_introspection_c
-- Using all available rosidl_typesupport_cpp: rosidl_typesupport_fastrtps_cpp;rosidl_typesupport_introspection_cpp
-- Found rosidl_default_generators: 1.2.0 (/opt/ros/humble/share/rosidl_default_generators/cmake)
-- Found ament_cmake_ros: 0.10.0 (/opt/ros/humble/share/ament_cmake_ros/cmake)
-- Using all available rosidl_typesupport_c: rosidl_typesupport_fastrtps_c;rosidl_typesupport_introspection_c
-- Using all available rosidl_typesupport_cpp: rosidl_typesupport_fastrtps_cpp;rosidl_typesupport_introspection_cpp
-- Found PythonInterp: /usr/bin/python3 (found suitable version "3.10.6", minimum required is "3.6") 
-- Found python_cmake_module: 0.10.0 (/opt/ros/humble/share/python_cmake_module/cmake)
-- Found PythonLibs: /usr/lib/aarch64-linux-gnu/libpython3.10.so (found suitable version "3.10.6", minimum required is "3.5") 
-- Using PYTHON_EXECUTABLE: /usr/bin/python3
-- Using PYTHON_INCLUDE_DIRS: /usr/include/python3.10
-- Using PYTHON_LIBRARIES: /usr/lib/aarch64-linux-gnu/libpython3.10.so
-- Found PythonExtra: .so  
-- Found ament_lint_auto: 0.12.5 (/opt/ros/humble/share/ament_lint_auto/cmake)
-- Added test 'lint_cmake' to check CMake code style
-- Added test 'xmllint' to check XML markup files
-- Configuring done
-- Generating done
-- Build files have been written to: /home/ubuntu/Documents/shalpy/taller2_grupo14/build/player_interfaces
[  3%] [34m[1mGenerating C code for ROS interfaces[0m
[  6%] [34m[1mGenerating C++ code for ROS interfaces[0m
[  6%] Built target ament_cmake_python_copy_player_interfaces
running egg_info
creating player_interfaces.egg-info
writing player_interfaces.egg-info/PKG-INFO
writing dependency_links to player_interfaces.egg-info/dependency_links.txt
writing top-level names to player_interfaces.egg-info/top_level.txt
writing manifest file 'player_interfaces.egg-info/SOURCES.txt'
reading manifest file 'player_interfaces.egg-info/SOURCES.txt'
writing manifest file 'player_interfaces.egg-info/SOURCES.txt'
[  6%] Built target ament_cmake_python_build_player_interfaces_egg
[  6%] Built target player_interfaces__cpp
[  9%] [34m[1mGenerating C++ type support dispatch for ROS interfaces[0m
[ 12%] [34m[1mGenerating C++ type support for eProsima Fast-RTPS[0m
[ 16%] [34m[1mGenerating C++ introspection for ROS interfaces[0m
[ 19%] [32mBuilding C object CMakeFiles/player_interfaces__rosidl_generator_c.dir/rosidl_generator_c/player_interfaces/srv/detail/player__functions.c.o[0m
[ 22%] [32m[1mLinking C shared library libplayer_interfaces__rosidl_generator_c.so[0m
[ 22%] Built target player_interfaces__rosidl_generator_c
[ 25%] [34m[1mGenerating C type support for eProsima Fast-RTPS[0m
[ 29%] [32mBuilding CXX object CMakeFiles/player_interfaces__rosidl_typesupport_cpp.dir/rosidl_typesupport_cpp/player_interfaces/srv/player__type_support.cpp.o[0m
[ 32%] [32mBuilding CXX object CMakeFiles/player_interfaces__rosidl_typesupport_introspection_cpp.dir/rosidl_typesupport_introspection_cpp/player_interfaces/srv/detail/player__type_support.cpp.o[0m
[ 35%] [32mBuilding CXX object CMakeFiles/player_interfaces__rosidl_typesupport_fastrtps_cpp.dir/rosidl_typesupport_fastrtps_cpp/player_interfaces/srv/detail/dds_fastrtps/player__type_support.cpp.o[0m
[ 38%] [32mBuilding CXX object CMakeFiles/player_interfaces__rosidl_typesupport_fastrtps_c.dir/rosidl_typesupport_fastrtps_c/player_interfaces/srv/detail/player__type_support_c.cpp.o[0m
[ 41%] [32m[1mLinking CXX shared library libplayer_interfaces__rosidl_typesupport_cpp.so[0m
[ 41%] Built target player_interfaces__rosidl_typesupport_cpp
[ 45%] [34m[1mGenerating C introspection for ROS interfaces[0m
[ 48%] [32m[1mLinking CXX shared library libplayer_interfaces__rosidl_typesupport_introspection_cpp.so[0m
[ 51%] [32m[1mLinking CXX shared library libplayer_interfaces__rosidl_typesupport_fastrtps_cpp.so[0m
[ 51%] Built target player_interfaces__rosidl_typesupport_introspection_cpp
[ 54%] [32m[1mLinking CXX shared library libplayer_interfaces__rosidl_typesupport_fastrtps_c.so[0m
[ 58%] [34m[1mGenerating C type support dispatch for ROS interfaces[0m
[ 58%] Built target player_interfaces__rosidl_typesupport_fastrtps_cpp
[ 58%] Built target player_interfaces__rosidl_typesupport_fastrtps_c
[ 61%] [32mBuilding C object CMakeFiles/player_interfaces__rosidl_typesupport_introspection_c.dir/rosidl_typesupport_introspection_c/player_interfaces/srv/detail/player__type_support.c.o[0m
[ 64%] [32m[1mLinking C shared library libplayer_interfaces__rosidl_typesupport_introspection_c.so[0m
[ 64%] Built target player_interfaces__rosidl_typesupport_introspection_c
[ 67%] [32mBuilding CXX object CMakeFiles/player_interfaces__rosidl_typesupport_c.dir/rosidl_typesupport_c/player_interfaces/srv/player__type_support.cpp.o[0m
[ 70%] [32m[1mLinking CXX shared library libplayer_interfaces__rosidl_typesupport_c.so[0m
[ 70%] Built target player_interfaces__rosidl_typesupport_c
[ 70%] Built target player_interfaces
[ 74%] [34m[1mGenerating Python code for ROS interfaces[0m
[ 74%] Built target player_interfaces__py
[ 77%] [32mBuilding C object CMakeFiles/player_interfaces__rosidl_generator_py.dir/rosidl_generator_py/player_interfaces/srv/_player_s.c.o[0m
[ 80%] [32m[1mLinking C shared library rosidl_generator_py/player_interfaces/libplayer_interfaces__rosidl_generator_py.so[0m
[ 80%] Built target player_interfaces__rosidl_generator_py
[ 87%] [32mBuilding C object CMakeFiles/player_interfaces__rosidl_typesupport_introspection_c__pyext.dir/rosidl_generator_py/player_interfaces/_player_interfaces_s.ep.rosidl_typesupport_introspection_c.c.o[0m
[ 87%] [32mBuilding C object CMakeFiles/player_interfaces__rosidl_typesupport_fastrtps_c__pyext.dir/rosidl_generator_py/player_interfaces/_player_interfaces_s.ep.rosidl_typesupport_fastrtps_c.c.o[0m
[ 90%] [32mBuilding C object CMakeFiles/player_interfaces__rosidl_typesupport_c__pyext.dir/rosidl_generator_py/player_interfaces/_player_interfaces_s.ep.rosidl_typesupport_c.c.o[0m
[100%] [32m[1mLinking C shared library rosidl_generator_py/player_interfaces/player_interfaces_s__rosidl_typesupport_fastrtps_c.cpython-310-aarch64-linux-gnu.so[0m
[100%] [32m[1mLinking C shared library rosidl_generator_py/player_interfaces/player_interfaces_s__rosidl_typesupport_c.cpython-310-aarch64-linux-gnu.so[0m
[100%] [32m[1mLinking C shared library rosidl_generator_py/player_interfaces/player_interfaces_s__rosidl_typesupport_introspection_c.cpython-310-aarch64-linux-gnu.so[0m
[100%] Built target player_interfaces__rosidl_typesupport_fastrtps_c__pyext
[100%] Built target player_interfaces__rosidl_typesupport_introspection_c__pyext
[100%] Built target player_interfaces__rosidl_typesupport_c__pyext
-- Install configuration: ""
-- Installing: /home/ubuntu/Documents/shalpy/taller2_grupo14/install/player_interfaces/share/ament_index/resource_index/rosidl_interfaces/player_interfaces
-- Up-to-date: /home/ubuntu/Documents/shalpy/taller2_grupo14/install/player_interfaces/include/player_interfaces/player_interfaces
-- Up-to-date: /home/ubuntu/Documents/shalpy/taller2_grupo14/install/player_interfaces/include/player_interfaces/player_interfaces/msg
-- Installing: /home/ubuntu/Documents/shalpy/taller2_grupo14/install/player_interfaces/include/player_interfaces/player_interfaces/msg/rosidl_generator_c__visibility_control.h
-- Up-to-date: /home/ubuntu/Documents/shalpy/taller2_grupo14/install/player_interfaces/include/player_interfaces/player_interfaces/srv
-- Up-to-date: /home/ubuntu/Documents/shalpy/taller2_grupo14/install/player_interfaces/include/player_interfaces/player_interfaces/srv/detail
-- Installing: /home/ubuntu/Documents/shalpy/taller2_grupo14/install/player_interfaces/include/player_interfaces/player_interfaces/srv/detail/player__type_support.h
-- Installing: /home/ubuntu/Documents/shalpy/taller2_grupo14/install/player_interfaces/include/player_interfaces/player_interfaces/srv/detail/player__functions.c
-- Installing: /home/ubuntu/Documents/shalpy/taller2_grupo14/install/player_interfaces/include/player_interfaces/player_interfaces/srv/detail/player__struct.h
-- Installing: /home/ubuntu/Documents/shalpy/taller2_grupo14/install/player_interfaces/include/player_interfaces/player_interfaces/srv/detail/player__functions.h
-- Installing: /home/ubuntu/Documents/shalpy/taller2_grupo14/install/player_interfaces/include/player_interfaces/player_interfaces/srv/player.h
-- Installing: /home/ubuntu/Documents/shalpy/taller2_grupo14/install/player_interfaces/share/player_interfaces/environment/library_path.sh
-- Installing: /home/ubuntu/Documents/shalpy/taller2_grupo14/install/player_interfaces/share/player_interfaces/environment/library_path.dsv
-- Installing: /home/ubuntu/Documents/shalpy/taller2_grupo14/install/player_interfaces/lib/libplayer_interfaces__rosidl_generator_c.so
-- Set runtime path of "/home/ubuntu/Documents/shalpy/taller2_grupo14/install/player_interfaces/lib/libplayer_interfaces__rosidl_generator_c.so" to ""
-- Up-to-date: /home/ubuntu/Documents/shalpy/taller2_grupo14/install/player_interfaces/include/player_interfaces/player_interfaces
-- Up-to-date: /home/ubuntu/Documents/shalpy/taller2_grupo14/install/player_interfaces/include/player_interfaces/player_interfaces/msg
-- Installing: /home/ubuntu/Documents/shalpy/taller2_grupo14/install/player_interfaces/include/player_interfaces/player_interfaces/msg/rosidl_typesupport_fastrtps_c__visibility_control.h
-- Up-to-date: /home/ubuntu/Documents/shalpy/taller2_grupo14/install/player_interfaces/include/player_interfaces/player_interfaces/srv
-- Up-to-date: /home/ubuntu/Documents/shalpy/taller2_grupo14/install/player_interfaces/include/player_interfaces/player_interfaces/srv/detail
-- Installing: /home/ubuntu/Documents/shalpy/taller2_grupo14/install/player_interfaces/include/player_interfaces/player_interfaces/srv/detail/player__rosidl_typesupport_fastrtps_c.h
-- Installing: /home/ubuntu/Documents/shalpy/taller2_grupo14/install/player_interfaces/lib/libplayer_interfaces__rosidl_typesupport_fastrtps_c.so
-- Set runtime path of "/home/ubuntu/Documents/shalpy/taller2_grupo14/install/player_interfaces/lib/libplayer_interfaces__rosidl_typesupport_fastrtps_c.so" to ""
-- Up-to-date: /home/ubuntu/Documents/shalpy/taller2_grupo14/install/player_interfaces/include/player_interfaces/player_interfaces
-- Up-to-date: /home/ubuntu/Documents/shalpy/taller2_grupo14/install/player_interfaces/include/player_interfaces/player_interfaces/srv
-- Installing: /home/ubuntu/Documents/shalpy/taller2_grupo14/install/player_interfaces/include/player_interfaces/player_interfaces/srv/player.hpp
-- Up-to-date: /home/ubuntu/Documents/shalpy/taller2_grupo14/install/player_interfaces/include/player_interfaces/player_interfaces/srv/detail
-- Installing: /home/ubuntu/Documents/shalpy/taller2_grupo14/install/player_interfaces/include/player_interfaces/player_interfaces/srv/detail/player__traits.hpp
-- Installing: /home/ubuntu/Documents/shalpy/taller2_grupo14/install/player_interfaces/include/player_interfaces/player_interfaces/srv/detail/player__struct.hpp
-- Installing: /home/ubuntu/Documents/shalpy/taller2_grupo14/install/player_interfaces/include/player_interfaces/player_interfaces/srv/detail/player__builder.hpp
-- Up-to-date: /home/ubuntu/Documents/shalpy/taller2_grupo14/install/player_interfaces/include/player_interfaces/player_interfaces
-- Up-to-date: /home/ubuntu/Documents/shalpy/taller2_grupo14/install/player_interfaces/include/player_interfaces/player_interfaces/msg
-- Installing: /home/ubuntu/Documents/shalpy/taller2_grupo14/install/player_interfaces/include/player_interfaces/player_interfaces/msg/rosidl_typesupport_fastrtps_cpp__visibility_control.h
-- Up-to-date: /home/ubuntu/Documents/shalpy/taller2_grupo14/install/player_interfaces/include/player_interfaces/player_interfaces/srv
-- Up-to-date: /home/ubuntu/Documents/shalpy/taller2_grupo14/install/player_interfaces/include/player_interfaces/player_interfaces/srv/detail
-- Up-to-date: /home/ubuntu/Documents/shalpy/taller2_grupo14/install/player_interfaces/include/player_interfaces/player_interfaces/srv/detail/dds_fastrtps
-- Installing: /home/ubuntu/Documents/shalpy/taller2_grupo14/install/player_interfaces/include/player_interfaces/player_interfaces/srv/detail/player__rosidl_typesupport_fastrtps_cpp.hpp
-- Installing: /home/ubuntu/Documents/shalpy/taller2_grupo14/install/player_interfaces/lib/libplayer_interfaces__rosidl_typesupport_fastrtps_cpp.so
-- Set runtime path of "/home/ubuntu/Documents/shalpy/taller2_grupo14/install/player_interfaces/lib/libplayer_interfaces__rosidl_typesupport_fastrtps_cpp.so" to ""
-- Up-to-date: /home/ubuntu/Documents/shalpy/taller2_grupo14/install/player_interfaces/include/player_interfaces/player_interfaces
-- Up-to-date: /home/ubuntu/Documents/shalpy/taller2_grupo14/install/player_interfaces/include/player_interfaces/player_interfaces/msg
-- Installing: /home/ubuntu/Documents/shalpy/taller2_grupo14/install/player_interfaces/include/player_interfaces/player_interfaces/msg/rosidl_typesupport_introspection_c__visibility_control.h
-- Up-to-date: /home/ubuntu/Documents/shalpy/taller2_grupo14/install/player_interfaces/include/player_interfaces/player_interfaces/srv
-- Up-to-date: /home/ubuntu/Documents/shalpy/taller2_grupo14/install/player_interfaces/include/player_interfaces/player_interfaces/srv/detail
-- Installing: /home/ubuntu/Documents/shalpy/taller2_grupo14/install/player_interfaces/include/player_interfaces/player_interfaces/srv/detail/player__rosidl_typesupport_introspection_c.h
-- Installing: /home/ubuntu/Documents/shalpy/taller2_grupo14/install/player_interfaces/include/player_interfaces/player_interfaces/srv/detail/player__type_support.c
-- Installing: /home/ubuntu/Documents/shalpy/taller2_grupo14/install/player_interfaces/lib/libplayer_interfaces__rosidl_typesupport_introspection_c.so
-- Set runtime path of "/home/ubuntu/Documents/shalpy/taller2_grupo14/install/player_interfaces/lib/libplayer_interfaces__rosidl_typesupport_introspection_c.so" to ""
-- Installing: /home/ubuntu/Documents/shalpy/taller2_grupo14/install/player_interfaces/lib/libplayer_interfaces__rosidl_typesupport_c.so
-- Set runtime path of "/home/ubuntu/Documents/shalpy/taller2_grupo14/install/player_interfaces/lib/libplayer_interfaces__rosidl_typesupport_c.so" to ""
-- Up-to-date: /home/ubuntu/Documents/shalpy/taller2_grupo14/install/player_interfaces/include/player_interfaces/player_interfaces
-- Up-to-date: /home/ubuntu/Documents/shalpy/taller2_grupo14/install/player_interfaces/include/player_interfaces/player_interfaces/srv
-- Up-to-date: /home/ubuntu/Documents/shalpy/taller2_grupo14/install/player_interfaces/include/player_interfaces/player_interfaces/srv/detail
-- Installing: /home/ubuntu/Documents/shalpy/taller2_grupo14/install/player_interfaces/include/player_interfaces/player_interfaces/srv/detail/player__type_support.cpp
-- Installing: /home/ubuntu/Documents/shalpy/taller2_grupo14/install/player_interfaces/include/player_interfaces/player_interfaces/srv/detail/player__rosidl_typesupport_introspection_cpp.hpp
-- Installing: /home/ubuntu/Documents/shalpy/taller2_grupo14/install/player_interfaces/lib/libplayer_interfaces__rosidl_typesupport_introspection_cpp.so
-- Set runtime path of "/home/ubuntu/Documents/shalpy/taller2_grupo14/install/player_interfaces/lib/libplayer_interfaces__rosidl_typesupport_introspection_cpp.so" to ""
-- Installing: /home/ubuntu/Documents/shalpy/taller2_grupo14/install/player_interfaces/lib/libplayer_interfaces__rosidl_typesupport_cpp.so
-- Set runtime path of "/home/ubuntu/Documents/shalpy/taller2_grupo14/install/player_interfaces/lib/libplayer_interfaces__rosidl_typesupport_cpp.so" to ""
-- Installing: /home/ubuntu/Documents/shalpy/taller2_grupo14/install/player_interfaces/share/player_interfaces/environment/pythonpath.sh
-- Installing: /home/ubuntu/Documents/shalpy/taller2_grupo14/install/player_interfaces/share/player_interfaces/environment/pythonpath.dsv
-- Up-to-date: /home/ubuntu/Documents/shalpy/taller2_grupo14/install/player_interfaces/local/lib/python3.10/dist-packages/player_interfaces-0.0.0-py3.10.egg-info
-- Installing: /home/ubuntu/Documents/shalpy/taller2_grupo14/install/player_interfaces/local/lib/python3.10/dist-packages/player_interfaces-0.0.0-py3.10.egg-info/dependency_links.txt
-- Installing: /home/ubuntu/Documents/shalpy/taller2_grupo14/install/player_interfaces/local/lib/python3.10/dist-packages/player_interfaces-0.0.0-py3.10.egg-info/top_level.txt
-- Installing: /home/ubuntu/Documents/shalpy/taller2_grupo14/install/player_interfaces/local/lib/python3.10/dist-packages/player_interfaces-0.0.0-py3.10.egg-info/SOURCES.txt
-- Installing: /home/ubuntu/Documents/shalpy/taller2_grupo14/install/player_interfaces/local/lib/python3.10/dist-packages/player_interfaces-0.0.0-py3.10.egg-info/PKG-INFO
-- Up-to-date: /home/ubuntu/Documents/shalpy/taller2_grupo14/install/player_interfaces/local/lib/python3.10/dist-packages/player_interfaces
-- Installing: /home/ubuntu/Documents/shalpy/taller2_grupo14/install/player_interfaces/local/lib/python3.10/dist-packages/player_interfaces/player_interfaces_s__rosidl_typesupport_introspection_c.cpython-310-aarch64-linux-gnu.so
-- Installing: /home/ubuntu/Documents/shalpy/taller2_grupo14/install/player_interfaces/local/lib/python3.10/dist-packages/player_interfaces/player_interfaces_s__rosidl_typesupport_fastrtps_c.cpython-310-aarch64-linux-gnu.so
-- Installing: /home/ubuntu/Documents/shalpy/taller2_grupo14/install/player_interfaces/local/lib/python3.10/dist-packages/player_interfaces/__init__.py
-- Installing: /home/ubuntu/Documents/shalpy/taller2_grupo14/install/player_interfaces/local/lib/python3.10/dist-packages/player_interfaces/player_interfaces_s__rosidl_typesupport_c.cpython-310-aarch64-linux-gnu.so
-- Installing: /home/ubuntu/Documents/shalpy/taller2_grupo14/install/player_interfaces/local/lib/python3.10/dist-packages/player_interfaces/libplayer_interfaces__rosidl_generator_py.so
-- Installing: /home/ubuntu/Documents/shalpy/taller2_grupo14/install/player_interfaces/local/lib/python3.10/dist-packages/player_interfaces/_player_interfaces_s.ep.rosidl_typesupport_introspection_c.c
-- Up-to-date: /home/ubuntu/Documents/shalpy/taller2_grupo14/install/player_interfaces/local/lib/python3.10/dist-packages/player_interfaces/srv
-- Installing: /home/ubuntu/Documents/shalpy/taller2_grupo14/install/player_interfaces/local/lib/python3.10/dist-packages/player_interfaces/srv/_player.py
-- Installing: /home/ubuntu/Documents/shalpy/taller2_grupo14/install/player_interfaces/local/lib/python3.10/dist-packages/player_interfaces/srv/__init__.py
-- Installing: /home/ubuntu/Documents/shalpy/taller2_grupo14/install/player_interfaces/local/lib/python3.10/dist-packages/player_interfaces/srv/_player_s.c
-- Installing: /home/ubuntu/Documents/shalpy/taller2_grupo14/install/player_interfaces/local/lib/python3.10/dist-packages/player_interfaces/_player_interfaces_s.ep.rosidl_typesupport_c.c
-- Installing: /home/ubuntu/Documents/shalpy/taller2_grupo14/install/player_interfaces/local/lib/python3.10/dist-packages/player_interfaces/_player_interfaces_s.ep.rosidl_typesupport_fastrtps_c.c
Listing '/home/ubuntu/Documents/shalpy/taller2_grupo14/install/player_interfaces/local/lib/python3.10/dist-packages/player_interfaces'...
Compiling '/home/ubuntu/Documents/shalpy/taller2_grupo14/install/player_interfaces/local/lib/python3.10/dist-packages/player_interfaces/__init__.py'...
Listing '/home/ubuntu/Documents/shalpy/taller2_grupo14/install/player_interfaces/local/lib/python3.10/dist-packages/player_interfaces/srv'...
Compiling '/home/ubuntu/Documents/shalpy/taller2_grupo14/install/player_interfaces/local/lib/python3.10/dist-packages/player_interfaces/srv/__init__.py'...
Compiling '/home/ubuntu/Documents/shalpy/taller2_grupo14/install/player_interfaces/local/lib/python3.10/dist-packages/player_interfaces/srv/_player.py'...
-- Installing: /home/ubuntu/Documents/shalpy/taller2_grupo14/install/player_interfaces/local/lib/python3.10/dist-packages/player_interfaces/player_interfaces_s__rosidl_typesupport_fastrtps_c.cpython-310-aarch64-linux-gnu.so
-- Set runtime path of "/home/ubuntu/Documents/shalpy/taller2_grupo14/install/player_interfaces/local/lib/python3.10/dist-packages/player_interfaces/player_interfaces_s__rosidl_typesupport_fastrtps_c.cpython-310-aarch64-linux-gnu.so" to ""
-- Installing: /home/ubuntu/Documents/shalpy/taller2_grupo14/install/player_interfaces/local/lib/python3.10/dist-packages/player_interfaces/player_interfaces_s__rosidl_typesupport_introspection_c.cpython-310-aarch64-linux-gnu.so
-- Set runtime path of "/home/ubuntu/Documents/shalpy/taller2_grupo14/install/player_interfaces/local/lib/python3.10/dist-packages/player_interfaces/player_interfaces_s__rosidl_typesupport_introspection_c.cpython-310-aarch64-linux-gnu.so" to ""
-- Installing: /home/ubuntu/Documents/shalpy/taller2_grupo14/install/player_interfaces/local/lib/python3.10/dist-packages/player_interfaces/player_interfaces_s__rosidl_typesupport_c.cpython-310-aarch64-linux-gnu.so
-- Set runtime path of "/home/ubuntu/Documents/shalpy/taller2_grupo14/install/player_interfaces/local/lib/python3.10/dist-packages/player_interfaces/player_interfaces_s__rosidl_typesupport_c.cpython-310-aarch64-linux-gnu.so" to ""
-- Installing: /home/ubuntu/Documents/shalpy/taller2_grupo14/install/player_interfaces/lib/libplayer_interfaces__rosidl_generator_py.so
-- Set runtime path of "/home/ubuntu/Documents/shalpy/taller2_grupo14/install/player_interfaces/lib/libplayer_interfaces__rosidl_generator_py.so" to ""
-- Installing: /home/ubuntu/Documents/shalpy/taller2_grupo14/install/player_interfaces/share/player_interfaces/srv/Player.idl
-- Installing: /home/ubuntu/Documents/shalpy/taller2_grupo14/install/player_interfaces/share/player_interfaces/srv/Player.srv
-- Installing: /home/ubuntu/Documents/shalpy/taller2_grupo14/install/player_interfaces/share/player_interfaces/srv/Player_Request.msg
-- Installing: /home/ubuntu/Documents/shalpy/taller2_grupo14/install/player_interfaces/share/player_interfaces/srv/Player_Response.msg
-- Installing: /home/ubuntu/Documents/shalpy/taller2_grupo14/install/player_interfaces/share/ament_index/resource_index/package_run_dependencies/player_interfaces
-- Installing: /home/ubuntu/Documents/shalpy/taller2_grupo14/install/player_interfaces/share/ament_index/resource_index/parent_prefix_path/player_interfaces
-- Installing: /home/ubuntu/Documents/shalpy/taller2_grupo14/install/player_interfaces/share/player_interfaces/environment/ament_prefix_path.sh
-- Installing: /home/ubuntu/Documents/shalpy/taller2_grupo14/install/player_interfaces/share/player_interfaces/environment/ament_prefix_path.dsv
-- Installing: /home/ubuntu/Documents/shalpy/taller2_grupo14/install/player_interfaces/share/player_interfaces/environment/path.sh
-- Installing: /home/ubuntu/Documents/shalpy/taller2_grupo14/install/player_interfaces/share/player_interfaces/environment/path.dsv
-- Installing: /home/ubuntu/Documents/shalpy/taller2_grupo14/install/player_interfaces/share/player_interfaces/local_setup.bash
-- Installing: /home/ubuntu/Documents/shalpy/taller2_grupo14/install/player_interfaces/share/player_interfaces/local_setup.sh
-- Installing: /home/ubuntu/Documents/shalpy/taller2_grupo14/install/player_interfaces/share/player_interfaces/local_setup.zsh
-- Installing: /home/ubuntu/Documents/shalpy/taller2_grupo14/install/player_interfaces/share/player_interfaces/local_setup.dsv
-- Installing: /home/ubuntu/Documents/shalpy/taller2_grupo14/install/player_interfaces/share/player_interfaces/package.dsv
-- Installing: /home/ubuntu/Documents/shalpy/taller2_grupo14/install/player_interfaces/share/ament_index/resource_index/packages/player_interfaces
-- Installing: /home/ubuntu/Documents/shalpy/taller2_grupo14/install/player_interfaces/share/player_interfaces/cmake/export_player_interfaces__rosidl_generator_cExport.cmake
-- Installing: /home/ubuntu/Documents/shalpy/taller2_grupo14/install/player_interfaces/share/player_interfaces/cmake/export_player_interfaces__rosidl_generator_cExport-noconfig.cmake
-- Installing: /home/ubuntu/Documents/shalpy/taller2_grupo14/install/player_interfaces/share/player_interfaces/cmake/export_player_interfaces__rosidl_typesupport_fastrtps_cExport.cmake
-- Installing: /home/ubuntu/Documents/shalpy/taller2_grupo14/install/player_interfaces/share/player_interfaces/cmake/export_player_interfaces__rosidl_typesupport_fastrtps_cExport-noconfig.cmake
-- Installing: /home/ubuntu/Documents/shalpy/taller2_grupo14/install/player_interfaces/share/player_interfaces/cmake/export_player_interfaces__rosidl_generator_cppExport.cmake
-- Installing: /home/ubuntu/Documents/shalpy/taller2_grupo14/install/player_interfaces/share/player_interfaces/cmake/export_player_interfaces__rosidl_typesupport_fastrtps_cppExport.cmake
-- Installing: /home/ubuntu/Documents/shalpy/taller2_grupo14/install/player_interfaces/share/player_interfaces/cmake/export_player_interfaces__rosidl_typesupport_fastrtps_cppExport-noconfig.cmake
-- Installing: /home/ubuntu/Documents/shalpy/taller2_grupo14/install/player_interfaces/share/player_interfaces/cmake/player_interfaces__rosidl_typesupport_introspection_cExport.cmake
-- Installing: /home/ubuntu/Documents/shalpy/taller2_grupo14/install/player_interfaces/share/player_interfaces/cmake/player_interfaces__rosidl_typesupport_introspection_cExport-noconfig.cmake
-- Installing: /home/ubuntu/Documents/shalpy/taller2_grupo14/install/player_interfaces/share/player_interfaces/cmake/player_interfaces__rosidl_typesupport_cExport.cmake
-- Installing: /home/ubuntu/Documents/shalpy/taller2_grupo14/install/player_interfaces/share/player_interfaces/cmake/player_interfaces__rosidl_typesupport_cExport-noconfig.cmake
-- Installing: /home/ubuntu/Documents/shalpy/taller2_grupo14/install/player_interfaces/share/player_interfaces/cmake/player_interfaces__rosidl_typesupport_introspection_cppExport.cmake
-- Installing: /home/ubuntu/Documents/shalpy/taller2_grupo14/install/player_interfaces/share/player_interfaces/cmake/player_interfaces__rosidl_typesupport_introspection_cppExport-noconfig.cmake
-- Installing: /home/ubuntu/Documents/shalpy/taller2_grupo14/install/player_interfaces/share/player_interfaces/cmake/player_interfaces__rosidl_typesupport_cppExport.cmake
-- Installing: /home/ubuntu/Documents/shalpy/taller2_grupo14/install/player_interfaces/share/player_interfaces/cmake/player_interfaces__rosidl_typesupport_cppExport-noconfig.cmake
-- Installing: /home/ubuntu/Documents/shalpy/taller2_grupo14/install/player_interfaces/share/player_interfaces/cmake/export_player_interfaces__rosidl_generator_pyExport.cmake
-- Installing: /home/ubuntu/Documents/shalpy/taller2_grupo14/install/player_interfaces/share/player_interfaces/cmake/export_player_interfaces__rosidl_generator_pyExport-noconfig.cmake
-- Installing: /home/ubuntu/Documents/shalpy/taller2_grupo14/install/player_interfaces/share/player_interfaces/cmake/rosidl_cmake-extras.cmake
-- Installing: /home/ubuntu/Documents/shalpy/taller2_grupo14/install/player_interfaces/share/player_interfaces/cmake/ament_cmake_export_dependencies-extras.cmake
-- Installing: /home/ubuntu/Documents/shalpy/taller2_grupo14/install/player_interfaces/share/player_interfaces/cmake/ament_cmake_export_include_directories-extras.cmake
-- Installing: /home/ubuntu/Documents/shalpy/taller2_grupo14/install/player_interfaces/share/player_interfaces/cmake/ament_cmake_export_libraries-extras.cmake
-- Installing: /home/ubuntu/Documents/shalpy/taller2_grupo14/install/player_interfaces/share/player_interfaces/cmake/ament_cmake_export_targets-extras.cmake
-- Installing: /home/ubuntu/Documents/shalpy/taller2_grupo14/install/player_interfaces/share/player_interfaces/cmake/rosidl_cmake_export_typesupport_targets-extras.cmake
-- Installing: /home/ubuntu/Documents/shalpy/taller2_grupo14/install/player_interfaces/share/player_interfaces/cmake/rosidl_cmake_export_typesupport_libraries-extras.cmake
-- Installing: /home/ubuntu/Documents/shalpy/taller2_grupo14/install/player_interfaces/share/player_interfaces/cmake/player_interfacesConfig.cmake
-- Installing: /home/ubuntu/Documents/shalpy/taller2_grupo14/install/player_interfaces/share/player_interfaces/cmake/player_interfacesConfig-version.cmake
-- Installing: /home/ubuntu/Documents/shalpy/taller2_grupo14/install/player_interfaces/share/player_interfaces/package.xml
