-- The C compiler identification is GNU 11.3.0
-- The CXX compiler identification is GNU 11.3.0
-- Detecting C compiler ABI info
-- Detecting C compiler ABI info - done
-- Check for working C compiler: /usr/bin/cc - skipped
-- Detecting C compile features
-- Detecting C compile features - done
-- Detecting CXX compiler ABI info
-- Detecting CXX compiler ABI info - done
-- Check for working CXX compiler: /usr/bin/c++ - skipped
-- Detecting CXX compile features
-- Detecting CXX compile features - done
-- Found ament_cmake: 1.3.4 (/opt/ros/humble/share/ament_cmake/cmake)
-- Found Python3: /usr/bin/python3.10 (found version "3.10.6") found components: Interpreter 
-- Found rclcpp: 16.0.4 (/opt/ros/humble/share/rclcpp/cmake)
-- Found rosidl_generator_c: 3.1.4 (/opt/ros/humble/share/rosidl_generator_c/cmake)
-- Found rosidl_adapter: 3.1.4 (/opt/ros/humble/share/rosidl_adapter/cmake)
-- Found rosidl_generator_cpp: 3.1.4 (/opt/ros/humble/share/rosidl_generator_cpp/cmake)
-- Using all available rosidl_typesupport_c: rosidl_typesupport_fastrtps_c;rosidl_typesupport_introspection_c
-- Using all available rosidl_typesupport_cpp: rosidl_typesupport_fastrtps_cpp;rosidl_typesupport_introspection_cpp
-- Found rmw_implementation_cmake: 6.1.1 (/opt/ros/humble/share/rmw_implementation_cmake/cmake)
-- Found rmw_fastrtps_cpp: 6.2.2 (/opt/ros/humble/share/rmw_fastrtps_cpp/cmake)
-- Found OpenSSL: /usr/lib/x86_64-linux-gnu/libcrypto.so (found version "3.0.2")  
-- Found FastRTPS: /opt/ros/humble/include  
-- Using RMW implementation 'rmw_fastrtps_cpp' as default
-- Looking for pthread.h
-- Looking for pthread.h - found
-- Performing Test CMAKE_HAVE_LIBC_PTHREAD
-- Performing Test CMAKE_HAVE_LIBC_PTHREAD - Success
-- Found Threads: TRUE  
-- Found sensor_msgs: 4.2.3 (/opt/ros/humble/share/sensor_msgs/cmake)
-- Found visualization_msgs: 4.2.3 (/opt/ros/humble/share/visualization_msgs/cmake)
-- Found ament_lint_auto: 0.12.6 (/opt/ros/humble/share/ament_lint_auto/cmake)
-- Added test 'copyright' to check source files copyright and LICENSE
-- Added test 'cppcheck' to perform static code analysis on C / C++ code
-- Configured cppcheck include dirs: /home/juanespadi/Documents/shalpy/ydlidar_ws/src/ydlidar_ros2/src;/home/juanespadi/Documents/shalpy/ydlidar_ws/src/ydlidar_ros2/sdk/include;/home/juanespadi/Documents/shalpy/ydlidar_ws/src/ydlidar_ros2/sdk/src
-- Configured cppcheck exclude dirs and/or files: 
-- Added test 'cpplint' to check C / C++ code against the Google style
-- Configured cpplint exclude dirs and/or files: 
-- Added test 'flake8' to check Python code syntax and style conventions
-- Added test 'lint_cmake' to check CMake code style
-- Added test 'pep257' to check Python code against some of the docstring style conventions in PEP 257
-- Added test 'uncrustify' to check C / C++ code style
-- Configured uncrustify additional arguments: 
-- Added test 'xmllint' to check XML markup files
-- Configuring done
-- Generating done
-- Build files have been written to: /home/juanespadi/Documents/shalpy/ydlidar_ws/build/ydlidar
[ 18%] [32mBuilding CXX object CMakeFiles/ydlidar_node.dir/src/ydlidar_node.cpp.o[0m
[ 27%] [32mBuilding CXX object CMakeFiles/ydlidar_node.dir/sdk/src/CYdLidar.cpp.o[0m
[ 27%] [32mBuilding CXX object CMakeFiles/ydlidar_client.dir/src/ydlidar_client.cpp.o[0m
[ 36%] [32mBuilding CXX object CMakeFiles/ydlidar_node.dir/sdk/src/impl/unix/unix_timer.cpp.o[0m
[ 45%] [32mBuilding C object CMakeFiles/ydlidar_node.dir/sdk/src/lock.c.o[0m
[ 54%] [32mBuilding CXX object CMakeFiles/ydlidar_node.dir/sdk/src/serial.cpp.o[0m
[ 72%] [32mBuilding CXX object CMakeFiles/ydlidar_node.dir/sdk/src/impl/unix/unix_serial.cpp.o[0m
[ 72%] [32mBuilding CXX object CMakeFiles/ydlidar_node.dir/sdk/src/impl/unix/list_ports_linux.cpp.o[0m
[ 81%] [32mBuilding CXX object CMakeFiles/ydlidar_node.dir/sdk/src/ydlidar_driver.cpp.o[0m
[ 90%] [32m[1mLinking CXX executable ydlidar_client[0m
[ 90%] Built target ydlidar_client
