[0.102s] Invoking command in '/home/ubuntu/Documents/shalpy/taller1_grupo14/build/player_interfaces': CMAKE_PREFIX_PATH=${CMAKE_PREFIX_PATH}:/home/ubuntu/Documents/shalpy/taller1_grupo14/install/turtle_bot_14:/opt/ros/humble /usr/bin/cmake --build /home/ubuntu/Documents/shalpy/taller1_grupo14/build/player_interfaces -- -j4 -l4
[0.263s] gmake[2]: Warning: File 'CMakeFiles/player_interfaces__rosidl_generator_c.dir/compiler_depend.make' has modification time 2880 s in the future
[0.314s] gmake[2]: warning:  Clock skew detected.  Your build may be incomplete.
[0.328s] gmake[2]: Warning: File 'CMakeFiles/player_interfaces__rosidl_generator_c.dir/compiler_depend.make' has modification time 2880 s in the future
[0.333s] gmake[2]: warning:  Clock skew detected.  Your build may be incomplete.
[0.355s] [  3%] Built target player_interfaces__cpp
[0.372s] gmake[2]: Warning: File 'CMakeFiles/player_interfaces__rosidl_typesupport_cpp.dir/compiler_depend.make' has modification time 2880 s in the future
[0.378s] [ 12%] Built target player_interfaces__rosidl_generator_c
[0.387s] gmake[2]: Warning: File 'CMakeFiles/player_interfaces__rosidl_typesupport_fastrtps_cpp.dir/compiler_depend.make' has modification time 2880 s in the future
[0.404s] gmake[2]: Warning: File 'CMakeFiles/player_interfaces__rosidl_typesupport_introspection_cpp.dir/compiler_depend.make' has modification time 2881 s in the future
[0.414s] [ 12%] Built target ament_cmake_python_copy_player_interfaces
[0.427s] gmake[2]: warning:  Clock skew detected.  Your build may be incomplete.
[0.439s] gmake[2]: Warning: File 'CMakeFiles/player_interfaces__rosidl_typesupport_fastrtps_c.dir/compiler_depend.make' has modification time 2881 s in the future
[0.443s] gmake[2]: Warning: File 'CMakeFiles/player_interfaces__rosidl_typesupport_cpp.dir/compiler_depend.make' has modification time 2880 s in the future
[0.448s] gmake[2]: warning:  Clock skew detected.  Your build may be incomplete.
[0.452s] gmake[2]: warning:  Clock skew detected.  Your build may be incomplete.
[0.485s] gmake[2]: Warning: File 'CMakeFiles/player_interfaces__rosidl_typesupport_fastrtps_cpp.dir/compiler_depend.make' has modification time 2880 s in the future
[0.487s] gmake[2]: warning:  Clock skew detected.  Your build may be incomplete.
[0.496s] gmake[2]: warning:  Clock skew detected.  Your build may be incomplete.
[0.497s] gmake[2]: warning:  Clock skew detected.  Your build may be incomplete.
[0.508s] [ 22%] Built target player_interfaces__rosidl_typesupport_cpp
[0.515s] gmake[2]: Warning: File 'CMakeFiles/player_interfaces__rosidl_typesupport_introspection_cpp.dir/compiler_depend.make' has modification time 2880 s in the future
[0.517s] gmake[2]: Warning: File 'CMakeFiles/player_interfaces__rosidl_typesupport_fastrtps_c.dir/compiler_depend.make' has modification time 2881 s in the future
[0.522s] gmake[2]: warning:  Clock skew detected.  Your build may be incomplete.
[0.526s] gmake[2]: warning:  Clock skew detected.  Your build may be incomplete.
[0.532s] gmake[2]: Warning: File 'CMakeFiles/player_interfaces__rosidl_typesupport_introspection_c.dir/compiler_depend.make' has modification time 2881 s in the future
[0.556s] [ 32%] Built target player_interfaces__rosidl_typesupport_fastrtps_cpp
[0.573s] gmake[2]: Warning: File 'CMakeFiles/player_interfaces__rosidl_typesupport_c.dir/compiler_depend.make' has modification time 2881 s in the future
[0.589s] gmake[2]: warning:  Clock skew detected.  Your build may be incomplete.
[0.597s] [ 41%] Built target player_interfaces__rosidl_typesupport_introspection_cpp
[0.605s] [ 51%] Built target player_interfaces__rosidl_typesupport_fastrtps_c
[0.620s] gmake[2]: Warning: File 'CMakeFiles/player_interfaces__rosidl_typesupport_introspection_c.dir/compiler_depend.make' has modification time 2881 s in the future
[0.624s] gmake[2]: warning:  Clock skew detected.  Your build may be incomplete.
[0.625s] gmake[2]: warning:  Clock skew detected.  Your build may be incomplete.
[0.635s] gmake[2]: Warning: File 'CMakeFiles/player_interfaces__rosidl_typesupport_c.dir/compiler_depend.make' has modification time 2881 s in the future
[0.639s] gmake[2]: warning:  Clock skew detected.  Your build may be incomplete.
[0.671s] [ 61%] Built target player_interfaces__rosidl_typesupport_introspection_c
[0.682s] [ 70%] Built target player_interfaces__rosidl_typesupport_c
[0.785s] [ 70%] Built target player_interfaces
[0.889s] [ 74%] Built target player_interfaces__py
[0.904s] gmake[2]: Warning: File 'CMakeFiles/player_interfaces__rosidl_generator_py.dir/compiler_depend.make' has modification time 2881 s in the future
[0.948s] gmake[2]: warning:  Clock skew detected.  Your build may be incomplete.
[0.960s] gmake[2]: Warning: File 'CMakeFiles/player_interfaces__rosidl_generator_py.dir/compiler_depend.make' has modification time 2881 s in the future
[0.967s] gmake[2]: warning:  Clock skew detected.  Your build may be incomplete.
[1.006s] [ 80%] Built target player_interfaces__rosidl_generator_py
[1.022s] gmake[2]: Warning: File 'CMakeFiles/player_interfaces__rosidl_typesupport_fastrtps_c__pyext.dir/compiler_depend.make' has modification time 2882 s in the future
[1.035s] gmake[2]: Warning: File 'CMakeFiles/player_interfaces__rosidl_typesupport_c__pyext.dir/compiler_depend.make' has modification time 2882 s in the future
[1.037s] gmake[2]: Warning: File 'CMakeFiles/player_interfaces__rosidl_typesupport_introspection_c__pyext.dir/compiler_depend.make' has modification time 2882 s in the future
[1.072s] gmake[2]: warning:  Clock skew detected.  Your build may be incomplete.
[1.085s] gmake[2]: Warning: File 'CMakeFiles/player_interfaces__rosidl_typesupport_fastrtps_c__pyext.dir/compiler_depend.make' has modification time 2881 s in the future
[1.089s] gmake[2]: warning:  Clock skew detected.  Your build may be incomplete.
[1.094s] gmake[2]: warning:  Clock skew detected.  Your build may be incomplete.
[1.107s] gmake[2]: Warning: File 'CMakeFiles/player_interfaces__rosidl_typesupport_c__pyext.dir/compiler_depend.make' has modification time 2881 s in the future
[1.112s] gmake[2]: warning:  Clock skew detected.  Your build may be incomplete.
[1.120s] gmake[2]: warning:  Clock skew detected.  Your build may be incomplete.
[1.132s] gmake[2]: Warning: File 'CMakeFiles/player_interfaces__rosidl_typesupport_introspection_c__pyext.dir/compiler_depend.make' has modification time 2881 s in the future
[1.139s] gmake[2]: warning:  Clock skew detected.  Your build may be incomplete.
[1.151s] [ 87%] Built target player_interfaces__rosidl_typesupport_fastrtps_c__pyext
[1.191s] [ 93%] Built target player_interfaces__rosidl_typesupport_c__pyext
[1.194s] [100%] Built target player_interfaces__rosidl_typesupport_introspection_c__pyext
[1.932s] running egg_info
[1.935s] writing player_interfaces.egg-info/PKG-INFO
[1.936s] writing dependency_links to player_interfaces.egg-info/dependency_links.txt
[1.937s] writing top-level names to player_interfaces.egg-info/top_level.txt
[1.954s] reading manifest file 'player_interfaces.egg-info/SOURCES.txt'
[1.957s] writing manifest file 'player_interfaces.egg-info/SOURCES.txt'
[2.099s] [100%] Built target ament_cmake_python_build_player_interfaces_egg
[2.147s] Invoked command in '/home/ubuntu/Documents/shalpy/taller1_grupo14/build/player_interfaces' returned '0': CMAKE_PREFIX_PATH=${CMAKE_PREFIX_PATH}:/home/ubuntu/Documents/shalpy/taller1_grupo14/install/turtle_bot_14:/opt/ros/humble /usr/bin/cmake --build /home/ubuntu/Documents/shalpy/taller1_grupo14/build/player_interfaces -- -j4 -l4
[2.532s] Invoking command in '/home/ubuntu/Documents/shalpy/taller1_grupo14/build/player_interfaces': CMAKE_PREFIX_PATH=${CMAKE_PREFIX_PATH}:/home/ubuntu/Documents/shalpy/taller1_grupo14/install/turtle_bot_14:/opt/ros/humble /usr/bin/cmake --install /home/ubuntu/Documents/shalpy/taller1_grupo14/build/player_interfaces
[2.564s] -- Install configuration: ""
[2.565s] -- Up-to-date: /home/ubuntu/Documents/shalpy/taller1_grupo14/install/player_interfaces/share/ament_index/resource_index/rosidl_interfaces/player_interfaces
[2.565s] -- Up-to-date: /home/ubuntu/Documents/shalpy/taller1_grupo14/install/player_interfaces/include/player_interfaces/player_interfaces
[2.566s] -- Up-to-date: /home/ubuntu/Documents/shalpy/taller1_grupo14/install/player_interfaces/include/player_interfaces/player_interfaces/msg
[2.567s] -- Up-to-date: /home/ubuntu/Documents/shalpy/taller1_grupo14/install/player_interfaces/include/player_interfaces/player_interfaces/msg/rosidl_generator_c__visibility_control.h
[2.568s] -- Up-to-date: /home/ubuntu/Documents/shalpy/taller1_grupo14/install/player_interfaces/include/player_interfaces/player_interfaces/srv
[2.568s] -- Up-to-date: /home/ubuntu/Documents/shalpy/taller1_grupo14/install/player_interfaces/include/player_interfaces/player_interfaces/srv/detail
[2.569s] -- Up-to-date: /home/ubuntu/Documents/shalpy/taller1_grupo14/install/player_interfaces/include/player_interfaces/player_interfaces/srv/detail/player__type_support.h
[2.570s] -- Up-to-date: /home/ubuntu/Documents/shalpy/taller1_grupo14/install/player_interfaces/include/player_interfaces/player_interfaces/srv/detail/player__functions.c
[2.570s] -- Up-to-date: /home/ubuntu/Documents/shalpy/taller1_grupo14/install/player_interfaces/include/player_interfaces/player_interfaces/srv/detail/player__struct.h
[2.571s] -- Up-to-date: /home/ubuntu/Documents/shalpy/taller1_grupo14/install/player_interfaces/include/player_interfaces/player_interfaces/srv/detail/player__functions.h
[2.571s] -- Up-to-date: /home/ubuntu/Documents/shalpy/taller1_grupo14/install/player_interfaces/include/player_interfaces/player_interfaces/srv/player.h
[2.572s] -- Up-to-date: /home/ubuntu/Documents/shalpy/taller1_grupo14/install/player_interfaces/share/player_interfaces/environment/library_path.sh
[2.573s] -- Up-to-date: /home/ubuntu/Documents/shalpy/taller1_grupo14/install/player_interfaces/share/player_interfaces/environment/library_path.dsv
[2.573s] -- Up-to-date: /home/ubuntu/Documents/shalpy/taller1_grupo14/install/player_interfaces/lib/libplayer_interfaces__rosidl_generator_c.so
[2.574s] -- Up-to-date: /home/ubuntu/Documents/shalpy/taller1_grupo14/install/player_interfaces/include/player_interfaces/player_interfaces
[2.575s] -- Up-to-date: /home/ubuntu/Documents/shalpy/taller1_grupo14/install/player_interfaces/include/player_interfaces/player_interfaces/msg
[2.575s] -- Up-to-date: /home/ubuntu/Documents/shalpy/taller1_grupo14/install/player_interfaces/include/player_interfaces/player_interfaces/msg/rosidl_typesupport_fastrtps_c__visibility_control.h
[2.576s] -- Up-to-date: /home/ubuntu/Documents/shalpy/taller1_grupo14/install/player_interfaces/include/player_interfaces/player_interfaces/srv
[2.577s] -- Up-to-date: /home/ubuntu/Documents/shalpy/taller1_grupo14/install/player_interfaces/include/player_interfaces/player_interfaces/srv/detail
[2.577s] -- Up-to-date: /home/ubuntu/Documents/shalpy/taller1_grupo14/install/player_interfaces/include/player_interfaces/player_interfaces/srv/detail/player__rosidl_typesupport_fastrtps_c.h
[2.578s] -- Up-to-date: /home/ubuntu/Documents/shalpy/taller1_grupo14/install/player_interfaces/lib/libplayer_interfaces__rosidl_typesupport_fastrtps_c.so
[2.580s] -- Up-to-date: /home/ubuntu/Documents/shalpy/taller1_grupo14/install/player_interfaces/include/player_interfaces/player_interfaces
[2.581s] -- Up-to-date: /home/ubuntu/Documents/shalpy/taller1_grupo14/install/player_interfaces/include/player_interfaces/player_interfaces/srv
[2.581s] -- Up-to-date: /home/ubuntu/Documents/shalpy/taller1_grupo14/install/player_interfaces/include/player_interfaces/player_interfaces/srv/player.hpp
[2.582s] -- Up-to-date: /home/ubuntu/Documents/shalpy/taller1_grupo14/install/player_interfaces/include/player_interfaces/player_interfaces/srv/detail
[2.583s] -- Up-to-date: /home/ubuntu/Documents/shalpy/taller1_grupo14/install/player_interfaces/include/player_interfaces/player_interfaces/srv/detail/player__traits.hpp
[2.583s] -- Up-to-date: /home/ubuntu/Documents/shalpy/taller1_grupo14/install/player_interfaces/include/player_interfaces/player_interfaces/srv/detail/player__struct.hpp
[2.584s] -- Up-to-date: /home/ubuntu/Documents/shalpy/taller1_grupo14/install/player_interfaces/include/player_interfaces/player_interfaces/srv/detail/player__builder.hpp
[2.585s] -- Up-to-date: /home/ubuntu/Documents/shalpy/taller1_grupo14/install/player_interfaces/include/player_interfaces/player_interfaces
[2.585s] -- Up-to-date: /home/ubuntu/Documents/shalpy/taller1_grupo14/install/player_interfaces/include/player_interfaces/player_interfaces/msg
[2.586s] -- Up-to-date: /home/ubuntu/Documents/shalpy/taller1_grupo14/install/player_interfaces/include/player_interfaces/player_interfaces/msg/rosidl_typesupport_fastrtps_cpp__visibility_control.h
[2.587s] -- Up-to-date: /home/ubuntu/Documents/shalpy/taller1_grupo14/install/player_interfaces/include/player_interfaces/player_interfaces/srv
[2.587s] -- Up-to-date: /home/ubuntu/Documents/shalpy/taller1_grupo14/install/player_interfaces/include/player_interfaces/player_interfaces/srv/detail
[2.587s] -- Up-to-date: /home/ubuntu/Documents/shalpy/taller1_grupo14/install/player_interfaces/include/player_interfaces/player_interfaces/srv/detail/dds_fastrtps
[2.588s] -- Up-to-date: /home/ubuntu/Documents/shalpy/taller1_grupo14/install/player_interfaces/include/player_interfaces/player_interfaces/srv/detail/player__rosidl_typesupport_fastrtps_cpp.hpp
[2.589s] -- Up-to-date: /home/ubuntu/Documents/shalpy/taller1_grupo14/install/player_interfaces/lib/libplayer_interfaces__rosidl_typesupport_fastrtps_cpp.so
[2.590s] -- Up-to-date: /home/ubuntu/Documents/shalpy/taller1_grupo14/install/player_interfaces/include/player_interfaces/player_interfaces
[2.590s] -- Up-to-date: /home/ubuntu/Documents/shalpy/taller1_grupo14/install/player_interfaces/include/player_interfaces/player_interfaces/msg
[2.591s] -- Up-to-date: /home/ubuntu/Documents/shalpy/taller1_grupo14/install/player_interfaces/include/player_interfaces/player_interfaces/msg/rosidl_typesupport_introspection_c__visibility_control.h
[2.592s] -- Up-to-date: /home/ubuntu/Documents/shalpy/taller1_grupo14/install/player_interfaces/include/player_interfaces/player_interfaces/srv
[2.593s] -- Up-to-date: /home/ubuntu/Documents/shalpy/taller1_grupo14/install/player_interfaces/include/player_interfaces/player_interfaces/srv/detail
[2.593s] -- Up-to-date: /home/ubuntu/Documents/shalpy/taller1_grupo14/install/player_interfaces/include/player_interfaces/player_interfaces/srv/detail/player__rosidl_typesupport_introspection_c.h
[2.594s] -- Up-to-date: /home/ubuntu/Documents/shalpy/taller1_grupo14/install/player_interfaces/include/player_interfaces/player_interfaces/srv/detail/player__type_support.c
[2.594s] -- Up-to-date: /home/ubuntu/Documents/shalpy/taller1_grupo14/install/player_interfaces/lib/libplayer_interfaces__rosidl_typesupport_introspection_c.so
[2.597s] -- Up-to-date: /home/ubuntu/Documents/shalpy/taller1_grupo14/install/player_interfaces/lib/libplayer_interfaces__rosidl_typesupport_c.so
[2.599s] -- Up-to-date: /home/ubuntu/Documents/shalpy/taller1_grupo14/install/player_interfaces/include/player_interfaces/player_interfaces
[2.599s] -- Up-to-date: /home/ubuntu/Documents/shalpy/taller1_grupo14/install/player_interfaces/include/player_interfaces/player_interfaces/srv
[2.600s] -- Up-to-date: /home/ubuntu/Documents/shalpy/taller1_grupo14/install/player_interfaces/include/player_interfaces/player_interfaces/srv/detail
[2.600s] -- Up-to-date: /home/ubuntu/Documents/shalpy/taller1_grupo14/install/player_interfaces/include/player_interfaces/player_interfaces/srv/detail/player__type_support.cpp
[2.601s] -- Up-to-date: /home/ubuntu/Documents/shalpy/taller1_grupo14/install/player_interfaces/include/player_interfaces/player_interfaces/srv/detail/player__rosidl_typesupport_introspection_cpp.hpp
[2.602s] -- Up-to-date: /home/ubuntu/Documents/shalpy/taller1_grupo14/install/player_interfaces/lib/libplayer_interfaces__rosidl_typesupport_introspection_cpp.so
[2.605s] -- Up-to-date: /home/ubuntu/Documents/shalpy/taller1_grupo14/install/player_interfaces/lib/libplayer_interfaces__rosidl_typesupport_cpp.so
[2.606s] -- Up-to-date: /home/ubuntu/Documents/shalpy/taller1_grupo14/install/player_interfaces/share/player_interfaces/environment/pythonpath.sh
[2.607s] -- Up-to-date: /home/ubuntu/Documents/shalpy/taller1_grupo14/install/player_interfaces/share/player_interfaces/environment/pythonpath.dsv
[2.608s] -- Up-to-date: /home/ubuntu/Documents/shalpy/taller1_grupo14/install/player_interfaces/local/lib/python3.10/dist-packages/player_interfaces-0.0.0-py3.10.egg-info
[2.608s] -- Installing: /home/ubuntu/Documents/shalpy/taller1_grupo14/install/player_interfaces/local/lib/python3.10/dist-packages/player_interfaces-0.0.0-py3.10.egg-info/dependency_links.txt
[2.610s] -- Installing: /home/ubuntu/Documents/shalpy/taller1_grupo14/install/player_interfaces/local/lib/python3.10/dist-packages/player_interfaces-0.0.0-py3.10.egg-info/top_level.txt
[2.611s] -- Installing: /home/ubuntu/Documents/shalpy/taller1_grupo14/install/player_interfaces/local/lib/python3.10/dist-packages/player_interfaces-0.0.0-py3.10.egg-info/SOURCES.txt
[2.613s] -- Installing: /home/ubuntu/Documents/shalpy/taller1_grupo14/install/player_interfaces/local/lib/python3.10/dist-packages/player_interfaces-0.0.0-py3.10.egg-info/PKG-INFO
[2.615s] -- Up-to-date: /home/ubuntu/Documents/shalpy/taller1_grupo14/install/player_interfaces/local/lib/python3.10/dist-packages/player_interfaces
[2.616s] -- Up-to-date: /home/ubuntu/Documents/shalpy/taller1_grupo14/install/player_interfaces/local/lib/python3.10/dist-packages/player_interfaces/player_interfaces_s__rosidl_typesupport_introspection_c.cpython-310-aarch64-linux-gnu.so
[2.617s] -- Up-to-date: /home/ubuntu/Documents/shalpy/taller1_grupo14/install/player_interfaces/local/lib/python3.10/dist-packages/player_interfaces/player_interfaces_s__rosidl_typesupport_fastrtps_c.cpython-310-aarch64-linux-gnu.so
[2.618s] -- Up-to-date: /home/ubuntu/Documents/shalpy/taller1_grupo14/install/player_interfaces/local/lib/python3.10/dist-packages/player_interfaces/__init__.py
[2.619s] -- Up-to-date: /home/ubuntu/Documents/shalpy/taller1_grupo14/install/player_interfaces/local/lib/python3.10/dist-packages/player_interfaces/player_interfaces_s__rosidl_typesupport_c.cpython-310-aarch64-linux-gnu.so
[2.620s] -- Up-to-date: /home/ubuntu/Documents/shalpy/taller1_grupo14/install/player_interfaces/local/lib/python3.10/dist-packages/player_interfaces/libplayer_interfaces__rosidl_generator_py.so
[2.621s] -- Up-to-date: /home/ubuntu/Documents/shalpy/taller1_grupo14/install/player_interfaces/local/lib/python3.10/dist-packages/player_interfaces/_player_interfaces_s.ep.rosidl_typesupport_introspection_c.c
[2.621s] -- Up-to-date: /home/ubuntu/Documents/shalpy/taller1_grupo14/install/player_interfaces/local/lib/python3.10/dist-packages/player_interfaces/srv
[2.622s] -- Up-to-date: /home/ubuntu/Documents/shalpy/taller1_grupo14/install/player_interfaces/local/lib/python3.10/dist-packages/player_interfaces/srv/_player.py
[2.622s] -- Up-to-date: /home/ubuntu/Documents/shalpy/taller1_grupo14/install/player_interfaces/local/lib/python3.10/dist-packages/player_interfaces/srv/__init__.py
[2.623s] -- Up-to-date: /home/ubuntu/Documents/shalpy/taller1_grupo14/install/player_interfaces/local/lib/python3.10/dist-packages/player_interfaces/srv/_player_s.c
[2.623s] -- Up-to-date: /home/ubuntu/Documents/shalpy/taller1_grupo14/install/player_interfaces/local/lib/python3.10/dist-packages/player_interfaces/_player_interfaces_s.ep.rosidl_typesupport_c.c
[2.624s] -- Up-to-date: /home/ubuntu/Documents/shalpy/taller1_grupo14/install/player_interfaces/local/lib/python3.10/dist-packages/player_interfaces/_player_interfaces_s.ep.rosidl_typesupport_fastrtps_c.c
[2.787s] Listing '/home/ubuntu/Documents/shalpy/taller1_grupo14/install/player_interfaces/local/lib/python3.10/dist-packages/player_interfaces'...
[2.788s] Listing '/home/ubuntu/Documents/shalpy/taller1_grupo14/install/player_interfaces/local/lib/python3.10/dist-packages/player_interfaces/srv'...
[2.814s] -- Up-to-date: /home/ubuntu/Documents/shalpy/taller1_grupo14/install/player_interfaces/local/lib/python3.10/dist-packages/player_interfaces/player_interfaces_s__rosidl_typesupport_fastrtps_c.cpython-310-aarch64-linux-gnu.so
[2.817s] -- Up-to-date: /home/ubuntu/Documents/shalpy/taller1_grupo14/install/player_interfaces/local/lib/python3.10/dist-packages/player_interfaces/player_interfaces_s__rosidl_typesupport_introspection_c.cpython-310-aarch64-linux-gnu.so
[2.820s] -- Up-to-date: /home/ubuntu/Documents/shalpy/taller1_grupo14/install/player_interfaces/local/lib/python3.10/dist-packages/player_interfaces/player_interfaces_s__rosidl_typesupport_c.cpython-310-aarch64-linux-gnu.so
[2.823s] -- Up-to-date: /home/ubuntu/Documents/shalpy/taller1_grupo14/install/player_interfaces/lib/libplayer_interfaces__rosidl_generator_py.so
[2.825s] -- Up-to-date: /home/ubuntu/Documents/shalpy/taller1_grupo14/install/player_interfaces/share/player_interfaces/srv/Player.idl
[2.826s] -- Up-to-date: /home/ubuntu/Documents/shalpy/taller1_grupo14/install/player_interfaces/share/player_interfaces/srv/Player.srv
[2.826s] -- Up-to-date: /home/ubuntu/Documents/shalpy/taller1_grupo14/install/player_interfaces/share/player_interfaces/srv/Player_Request.msg
[2.827s] -- Up-to-date: /home/ubuntu/Documents/shalpy/taller1_grupo14/install/player_interfaces/share/player_interfaces/srv/Player_Response.msg
[2.828s] -- Up-to-date: /home/ubuntu/Documents/shalpy/taller1_grupo14/install/player_interfaces/share/ament_index/resource_index/package_run_dependencies/player_interfaces
[2.828s] -- Up-to-date: /home/ubuntu/Documents/shalpy/taller1_grupo14/install/player_interfaces/share/ament_index/resource_index/parent_prefix_path/player_interfaces
[2.829s] -- Up-to-date: /home/ubuntu/Documents/shalpy/taller1_grupo14/install/player_interfaces/share/player_interfaces/environment/ament_prefix_path.sh
[2.830s] -- Up-to-date: /home/ubuntu/Documents/shalpy/taller1_grupo14/install/player_interfaces/share/player_interfaces/environment/ament_prefix_path.dsv
[2.831s] -- Up-to-date: /home/ubuntu/Documents/shalpy/taller1_grupo14/install/player_interfaces/share/player_interfaces/environment/path.sh
[2.831s] -- Up-to-date: /home/ubuntu/Documents/shalpy/taller1_grupo14/install/player_interfaces/share/player_interfaces/environment/path.dsv
[2.833s] -- Up-to-date: /home/ubuntu/Documents/shalpy/taller1_grupo14/install/player_interfaces/share/player_interfaces/local_setup.bash
[2.833s] -- Up-to-date: /home/ubuntu/Documents/shalpy/taller1_grupo14/install/player_interfaces/share/player_interfaces/local_setup.sh
[2.834s] -- Up-to-date: /home/ubuntu/Documents/shalpy/taller1_grupo14/install/player_interfaces/share/player_interfaces/local_setup.zsh
[2.834s] -- Up-to-date: /home/ubuntu/Documents/shalpy/taller1_grupo14/install/player_interfaces/share/player_interfaces/local_setup.dsv
[2.835s] -- Installing: /home/ubuntu/Documents/shalpy/taller1_grupo14/install/player_interfaces/share/player_interfaces/package.dsv
[2.835s] -- Up-to-date: /home/ubuntu/Documents/shalpy/taller1_grupo14/install/player_interfaces/share/ament_index/resource_index/packages/player_interfaces
[2.836s] -- Up-to-date: /home/ubuntu/Documents/shalpy/taller1_grupo14/install/player_interfaces/share/player_interfaces/cmake/export_player_interfaces__rosidl_generator_cExport.cmake
[2.837s] -- Up-to-date: /home/ubuntu/Documents/shalpy/taller1_grupo14/install/player_interfaces/share/player_interfaces/cmake/export_player_interfaces__rosidl_generator_cExport-noconfig.cmake
[2.838s] -- Up-to-date: /home/ubuntu/Documents/shalpy/taller1_grupo14/install/player_interfaces/share/player_interfaces/cmake/export_player_interfaces__rosidl_typesupport_fastrtps_cExport.cmake
[2.839s] -- Up-to-date: /home/ubuntu/Documents/shalpy/taller1_grupo14/install/player_interfaces/share/player_interfaces/cmake/export_player_interfaces__rosidl_typesupport_fastrtps_cExport-noconfig.cmake
[2.840s] -- Up-to-date: /home/ubuntu/Documents/shalpy/taller1_grupo14/install/player_interfaces/share/player_interfaces/cmake/export_player_interfaces__rosidl_generator_cppExport.cmake
[2.841s] -- Up-to-date: /home/ubuntu/Documents/shalpy/taller1_grupo14/install/player_interfaces/share/player_interfaces/cmake/export_player_interfaces__rosidl_typesupport_fastrtps_cppExport.cmake
[2.842s] -- Up-to-date: /home/ubuntu/Documents/shalpy/taller1_grupo14/install/player_interfaces/share/player_interfaces/cmake/export_player_interfaces__rosidl_typesupport_fastrtps_cppExport-noconfig.cmake
[2.843s] -- Up-to-date: /home/ubuntu/Documents/shalpy/taller1_grupo14/install/player_interfaces/share/player_interfaces/cmake/player_interfaces__rosidl_typesupport_introspection_cExport.cmake
[2.844s] -- Up-to-date: /home/ubuntu/Documents/shalpy/taller1_grupo14/install/player_interfaces/share/player_interfaces/cmake/player_interfaces__rosidl_typesupport_introspection_cExport-noconfig.cmake
[2.845s] -- Up-to-date: /home/ubuntu/Documents/shalpy/taller1_grupo14/install/player_interfaces/share/player_interfaces/cmake/player_interfaces__rosidl_typesupport_cExport.cmake
[2.846s] -- Up-to-date: /home/ubuntu/Documents/shalpy/taller1_grupo14/install/player_interfaces/share/player_interfaces/cmake/player_interfaces__rosidl_typesupport_cExport-noconfig.cmake
[2.847s] -- Up-to-date: /home/ubuntu/Documents/shalpy/taller1_grupo14/install/player_interfaces/share/player_interfaces/cmake/player_interfaces__rosidl_typesupport_introspection_cppExport.cmake
[2.848s] -- Up-to-date: /home/ubuntu/Documents/shalpy/taller1_grupo14/install/player_interfaces/share/player_interfaces/cmake/player_interfaces__rosidl_typesupport_introspection_cppExport-noconfig.cmake
[2.849s] -- Up-to-date: /home/ubuntu/Documents/shalpy/taller1_grupo14/install/player_interfaces/share/player_interfaces/cmake/player_interfaces__rosidl_typesupport_cppExport.cmake
[2.850s] -- Up-to-date: /home/ubuntu/Documents/shalpy/taller1_grupo14/install/player_interfaces/share/player_interfaces/cmake/player_interfaces__rosidl_typesupport_cppExport-noconfig.cmake
[2.851s] -- Up-to-date: /home/ubuntu/Documents/shalpy/taller1_grupo14/install/player_interfaces/share/player_interfaces/cmake/export_player_interfaces__rosidl_generator_pyExport.cmake
[2.852s] -- Up-to-date: /home/ubuntu/Documents/shalpy/taller1_grupo14/install/player_interfaces/share/player_interfaces/cmake/export_player_interfaces__rosidl_generator_pyExport-noconfig.cmake
[2.853s] -- Up-to-date: /home/ubuntu/Documents/shalpy/taller1_grupo14/install/player_interfaces/share/player_interfaces/cmake/rosidl_cmake-extras.cmake
[2.853s] -- Up-to-date: /home/ubuntu/Documents/shalpy/taller1_grupo14/install/player_interfaces/share/player_interfaces/cmake/ament_cmake_export_dependencies-extras.cmake
[2.854s] -- Up-to-date: /home/ubuntu/Documents/shalpy/taller1_grupo14/install/player_interfaces/share/player_interfaces/cmake/ament_cmake_export_include_directories-extras.cmake
[2.855s] -- Up-to-date: /home/ubuntu/Documents/shalpy/taller1_grupo14/install/player_interfaces/share/player_interfaces/cmake/ament_cmake_export_libraries-extras.cmake
[2.855s] -- Up-to-date: /home/ubuntu/Documents/shalpy/taller1_grupo14/install/player_interfaces/share/player_interfaces/cmake/ament_cmake_export_targets-extras.cmake
[2.856s] -- Up-to-date: /home/ubuntu/Documents/shalpy/taller1_grupo14/install/player_interfaces/share/player_interfaces/cmake/rosidl_cmake_export_typesupport_targets-extras.cmake
[2.857s] -- Up-to-date: /home/ubuntu/Documents/shalpy/taller1_grupo14/install/player_interfaces/share/player_interfaces/cmake/rosidl_cmake_export_typesupport_libraries-extras.cmake
[2.857s] -- Up-to-date: /home/ubuntu/Documents/shalpy/taller1_grupo14/install/player_interfaces/share/player_interfaces/cmake/player_interfacesConfig.cmake
[2.858s] -- Up-to-date: /home/ubuntu/Documents/shalpy/taller1_grupo14/install/player_interfaces/share/player_interfaces/cmake/player_interfacesConfig-version.cmake
[2.858s] -- Up-to-date: /home/ubuntu/Documents/shalpy/taller1_grupo14/install/player_interfaces/share/player_interfaces/package.xml
[2.869s] Invoked command in '/home/ubuntu/Documents/shalpy/taller1_grupo14/build/player_interfaces' returned '0': CMAKE_PREFIX_PATH=${CMAKE_PREFIX_PATH}:/home/ubuntu/Documents/shalpy/taller1_grupo14/install/turtle_bot_14:/opt/ros/humble /usr/bin/cmake --install /home/ubuntu/Documents/shalpy/taller1_grupo14/build/player_interfaces
