[3.372s] Invoking command in '/home/ubuntu/Documents/shalpy/taller1_grupo14/src/turtle_bot_14': PYTHONPATH=/home/ubuntu/Documents/shalpy/taller1_grupo14/build/turtle_bot_14/prefix_override:/home/ubuntu/Documents/shalpy/taller1_grupo14/install/turtle_bot_14/lib/python3.10/site-packages:${PYTHONPATH} /usr/bin/python3 setup.py egg_info --egg-base ../../build/turtle_bot_14 build --build-base /home/ubuntu/Documents/shalpy/taller1_grupo14/build/turtle_bot_14/build install --record /home/ubuntu/Documents/shalpy/taller1_grupo14/build/turtle_bot_14/install.log --single-version-externally-managed
[4.369s] running egg_info
[4.372s] writing ../../build/turtle_bot_14/turtle_bot_14.egg-info/PKG-INFO
[4.373s] writing dependency_links to ../../build/turtle_bot_14/turtle_bot_14.egg-info/dependency_links.txt
[4.374s] writing entry points to ../../build/turtle_bot_14/turtle_bot_14.egg-info/entry_points.txt
[4.374s] writing requirements to ../../build/turtle_bot_14/turtle_bot_14.egg-info/requires.txt
[4.375s] writing top-level names to ../../build/turtle_bot_14/turtle_bot_14.egg-info/top_level.txt
[4.383s] reading manifest file '../../build/turtle_bot_14/turtle_bot_14.egg-info/SOURCES.txt'
[4.388s] writing manifest file '../../build/turtle_bot_14/turtle_bot_14.egg-info/SOURCES.txt'
[4.397s] running build
[4.398s] running build_py
[4.399s] copying turtle_bot_14/turtle_bot_teleop.py -> /home/ubuntu/Documents/shalpy/taller1_grupo14/build/turtle_bot_14/build/lib/turtle_bot_14
[4.400s] running install
[4.401s] /usr/lib/python3/dist-packages/setuptools/command/install.py:34: SetuptoolsDeprecationWarning: setup.py install is deprecated. Use build and pip and other standards-based tools.
[4.401s]   warnings.warn(
[4.402s] running install_lib
[4.409s] copying /home/ubuntu/Documents/shalpy/taller1_grupo14/build/turtle_bot_14/build/lib/turtle_bot_14/turtle_bot_teleop.py -> /home/ubuntu/Documents/shalpy/taller1_grupo14/install/turtle_bot_14/lib/python3.10/site-packages/turtle_bot_14
[4.413s] byte-compiling /home/ubuntu/Documents/shalpy/taller1_grupo14/install/turtle_bot_14/lib/python3.10/site-packages/turtle_bot_14/turtle_bot_teleop.py to turtle_bot_teleop.cpython-310.pyc
[4.418s] running install_data
[4.420s] running install_egg_info
[4.427s] removing '/home/ubuntu/Documents/shalpy/taller1_grupo14/install/turtle_bot_14/lib/python3.10/site-packages/turtle_bot_14-0.0.0-py3.10.egg-info' (and everything under it)
[4.429s] Copying ../../build/turtle_bot_14/turtle_bot_14.egg-info to /home/ubuntu/Documents/shalpy/taller1_grupo14/install/turtle_bot_14/lib/python3.10/site-packages/turtle_bot_14-0.0.0-py3.10.egg-info
[4.435s] running install_scripts
[4.521s] Installing turtle_bot_interface script to /home/ubuntu/Documents/shalpy/taller1_grupo14/install/turtle_bot_14/lib/turtle_bot_14
[4.522s] Installing turtle_bot_player script to /home/ubuntu/Documents/shalpy/taller1_grupo14/install/turtle_bot_14/lib/turtle_bot_14
[4.523s] Installing turtle_bot_teleop script to /home/ubuntu/Documents/shalpy/taller1_grupo14/install/turtle_bot_14/lib/turtle_bot_14
[4.525s] writing list of installed files to '/home/ubuntu/Documents/shalpy/taller1_grupo14/build/turtle_bot_14/install.log'
[4.649s] Invoked command in '/home/ubuntu/Documents/shalpy/taller1_grupo14/src/turtle_bot_14' returned '0': PYTHONPATH=/home/ubuntu/Documents/shalpy/taller1_grupo14/build/turtle_bot_14/prefix_override:/home/ubuntu/Documents/shalpy/taller1_grupo14/install/turtle_bot_14/lib/python3.10/site-packages:${PYTHONPATH} /usr/bin/python3 setup.py egg_info --egg-base ../../build/turtle_bot_14 build --build-base /home/ubuntu/Documents/shalpy/taller1_grupo14/build/turtle_bot_14/build install --record /home/ubuntu/Documents/shalpy/taller1_grupo14/build/turtle_bot_14/install.log --single-version-externally-managed
