[2.412s] DEBUG:colcon:Command line arguments: ['/usr/bin/colcon', 'build']
[2.413s] DEBUG:colcon:Parsed command line arguments: Namespace(log_base=None, log_level=None, verb_name='build', build_base='build', install_base='install', merge_install=False, symlink_install=False, test_result_base=None, continue_on_error=False, executor='parallel', parallel_workers=4, event_handlers=None, ignore_user_meta=False, metas=['./colcon.meta'], base_paths=['.'], packages_ignore=None, packages_ignore_regex=None, paths=None, packages_up_to=None, packages_up_to_regex=None, packages_above=None, packages_above_and_dependencies=None, packages_above_depth=None, packages_select_by_dep=None, packages_skip_by_dep=None, packages_skip_up_to=None, packages_select_build_failed=False, packages_skip_build_finished=False, packages_select_test_failures=False, packages_skip_test_passed=False, packages_select=None, packages_skip=None, packages_select_regex=None, packages_skip_regex=None, packages_start=None, packages_end=None, allow_overriding=[], cmake_args=None, cmake_target=None, cmake_target_skip_unavailable=False, cmake_clean_cache=False, cmake_clean_first=False, cmake_force_configure=False, ament_cmake_args=None, catkin_cmake_args=None, catkin_skip_building_tests=False, verb_parser=<colcon_defaults.argument_parser.defaults.DefaultArgumentsDecorator object at 0xffff9b655d20>, verb_extension=<colcon_core.verb.build.BuildVerb object at 0xffff9bedcfd0>, main=<bound method BuildVerb.main of <colcon_core.verb.build.BuildVerb object at 0xffff9bedcfd0>>)
[2.668s] Level 1:colcon.colcon_core.package_discovery:discover_packages(colcon_meta) check parameters
[2.668s] Level 1:colcon.colcon_core.package_discovery:discover_packages(recursive) check parameters
[2.669s] Level 1:colcon.colcon_core.package_discovery:discover_packages(ignore) check parameters
[2.669s] Level 1:colcon.colcon_core.package_discovery:discover_packages(path) check parameters
[2.669s] Level 1:colcon.colcon_core.package_discovery:discover_packages(colcon_meta) discover
[2.669s] Level 1:colcon.colcon_core.package_discovery:discover_packages(recursive) discover
[2.669s] INFO:colcon.colcon_core.package_discovery:Crawling recursively for packages in '/home/ubuntu/Documents/shalpy/camera_ws'
[2.670s] Level 1:colcon.colcon_core.package_identification:_identify(.) by extensions ['ignore', 'ignore_ament_install']
[2.670s] Level 1:colcon.colcon_core.package_identification:_identify(.) by extension 'ignore'
[2.671s] Level 1:colcon.colcon_core.package_identification:_identify(.) by extension 'ignore_ament_install'
[2.671s] Level 1:colcon.colcon_core.package_identification:_identify(.) by extensions ['colcon_pkg']
[2.671s] Level 1:colcon.colcon_core.package_identification:_identify(.) by extension 'colcon_pkg'
[2.671s] Level 1:colcon.colcon_core.package_identification:_identify(.) by extensions ['colcon_meta']
[2.671s] Level 1:colcon.colcon_core.package_identification:_identify(.) by extension 'colcon_meta'
[2.672s] Level 1:colcon.colcon_core.package_identification:_identify(.) by extensions ['ros']
[2.672s] Level 1:colcon.colcon_core.package_identification:_identify(.) by extension 'ros'
[2.755s] Level 1:colcon.colcon_core.package_identification:_identify(.) by extensions ['cmake', 'python']
[2.756s] Level 1:colcon.colcon_core.package_identification:_identify(.) by extension 'cmake'
[2.756s] Level 1:colcon.colcon_core.package_identification:_identify(.) by extension 'python'
[2.756s] Level 1:colcon.colcon_core.package_identification:_identify(.) by extensions ['python_setup_py']
[2.756s] Level 1:colcon.colcon_core.package_identification:_identify(.) by extension 'python_setup_py'
[2.757s] Level 1:colcon.colcon_core.package_identification:_identify(build) by extensions ['ignore', 'ignore_ament_install']
[2.762s] Level 1:colcon.colcon_core.package_identification:_identify(build) by extension 'ignore'
[2.762s] Level 1:colcon.colcon_core.package_identification:_identify(build) ignored
[2.763s] Level 1:colcon.colcon_core.package_identification:_identify(install) by extensions ['ignore', 'ignore_ament_install']
[2.763s] Level 1:colcon.colcon_core.package_identification:_identify(install) by extension 'ignore'
[2.763s] Level 1:colcon.colcon_core.package_identification:_identify(install) ignored
[2.764s] Level 1:colcon.colcon_core.package_identification:_identify(log) by extensions ['ignore', 'ignore_ament_install']
[2.765s] Level 1:colcon.colcon_core.package_identification:_identify(log) by extension 'ignore'
[2.765s] Level 1:colcon.colcon_core.package_identification:_identify(log) ignored
[2.768s] Level 1:colcon.colcon_core.package_identification:_identify(src) by extensions ['ignore', 'ignore_ament_install']
[2.768s] Level 1:colcon.colcon_core.package_identification:_identify(src) by extension 'ignore'
[2.769s] Level 1:colcon.colcon_core.package_identification:_identify(src) by extension 'ignore_ament_install'
[2.769s] Level 1:colcon.colcon_core.package_identification:_identify(src) by extensions ['colcon_pkg']
[2.769s] Level 1:colcon.colcon_core.package_identification:_identify(src) by extension 'colcon_pkg'
[2.769s] Level 1:colcon.colcon_core.package_identification:_identify(src) by extensions ['colcon_meta']
[2.769s] Level 1:colcon.colcon_core.package_identification:_identify(src) by extension 'colcon_meta'
[2.770s] Level 1:colcon.colcon_core.package_identification:_identify(src) by extensions ['ros']
[2.770s] Level 1:colcon.colcon_core.package_identification:_identify(src) by extension 'ros'
[2.770s] Level 1:colcon.colcon_core.package_identification:_identify(src) by extensions ['cmake', 'python']
[2.770s] Level 1:colcon.colcon_core.package_identification:_identify(src) by extension 'cmake'
[2.770s] Level 1:colcon.colcon_core.package_identification:_identify(src) by extension 'python'
[2.771s] Level 1:colcon.colcon_core.package_identification:_identify(src) by extensions ['python_setup_py']
[2.771s] Level 1:colcon.colcon_core.package_identification:_identify(src) by extension 'python_setup_py'
[2.772s] Level 1:colcon.colcon_core.package_identification:_identify(src/cameraraspy) by extensions ['ignore', 'ignore_ament_install']
[2.772s] Level 1:colcon.colcon_core.package_identification:_identify(src/cameraraspy) by extension 'ignore'
[2.773s] Level 1:colcon.colcon_core.package_identification:_identify(src/cameraraspy) by extension 'ignore_ament_install'
[2.773s] Level 1:colcon.colcon_core.package_identification:_identify(src/cameraraspy) by extensions ['colcon_pkg']
[2.773s] Level 1:colcon.colcon_core.package_identification:_identify(src/cameraraspy) by extension 'colcon_pkg'
[2.773s] Level 1:colcon.colcon_core.package_identification:_identify(src/cameraraspy) by extensions ['colcon_meta']
[2.773s] Level 1:colcon.colcon_core.package_identification:_identify(src/cameraraspy) by extension 'colcon_meta'
[2.774s] Level 1:colcon.colcon_core.package_identification:_identify(src/cameraraspy) by extensions ['ros']
[2.774s] Level 1:colcon.colcon_core.package_identification:_identify(src/cameraraspy) by extension 'ros'
[2.788s] DEBUG:colcon.colcon_core.package_identification:Package 'src/cameraraspy' with type 'ros.ament_python' and name 'cameraraspy'
[2.788s] Level 1:colcon.colcon_core.package_discovery:discover_packages(recursive) using defaults
[2.789s] Level 1:colcon.colcon_core.package_discovery:discover_packages(ignore) discover
[2.789s] Level 1:colcon.colcon_core.package_discovery:discover_packages(ignore) using defaults
[2.789s] Level 1:colcon.colcon_core.package_discovery:discover_packages(path) discover
[2.789s] Level 1:colcon.colcon_core.package_discovery:discover_packages(path) using defaults
[2.956s] Level 1:colcon.colcon_core.package_discovery:discover_packages(prefix_path) check parameters
[2.957s] Level 1:colcon.colcon_core.package_discovery:discover_packages(prefix_path) discover
[2.981s] DEBUG:colcon.colcon_installed_package_information.package_discovery:Found 180 installed packages in /opt/ros/humble
[2.987s] Level 1:colcon.colcon_core.package_discovery:discover_packages(prefix_path) using defaults
[3.188s] Level 5:colcon.colcon_core.verb:set package 'cameraraspy' build argument 'cmake_args' from command line to 'None'
[3.189s] Level 5:colcon.colcon_core.verb:set package 'cameraraspy' build argument 'cmake_target' from command line to 'None'
[3.189s] Level 5:colcon.colcon_core.verb:set package 'cameraraspy' build argument 'cmake_target_skip_unavailable' from command line to 'False'
[3.189s] Level 5:colcon.colcon_core.verb:set package 'cameraraspy' build argument 'cmake_clean_cache' from command line to 'False'
[3.189s] Level 5:colcon.colcon_core.verb:set package 'cameraraspy' build argument 'cmake_clean_first' from command line to 'False'
[3.189s] Level 5:colcon.colcon_core.verb:set package 'cameraraspy' build argument 'cmake_force_configure' from command line to 'False'
[3.189s] Level 5:colcon.colcon_core.verb:set package 'cameraraspy' build argument 'ament_cmake_args' from command line to 'None'
[3.189s] Level 5:colcon.colcon_core.verb:set package 'cameraraspy' build argument 'catkin_cmake_args' from command line to 'None'
[3.189s] Level 5:colcon.colcon_core.verb:set package 'cameraraspy' build argument 'catkin_skip_building_tests' from command line to 'False'
[3.190s] DEBUG:colcon.colcon_core.verb:Building package 'cameraraspy' with the following arguments: {'ament_cmake_args': None, 'build_base': '/home/ubuntu/Documents/shalpy/camera_ws/build/cameraraspy', 'catkin_cmake_args': None, 'catkin_skip_building_tests': False, 'cmake_args': None, 'cmake_clean_cache': False, 'cmake_clean_first': False, 'cmake_force_configure': False, 'cmake_target': None, 'cmake_target_skip_unavailable': False, 'install_base': '/home/ubuntu/Documents/shalpy/camera_ws/install/cameraraspy', 'merge_install': False, 'path': '/home/ubuntu/Documents/shalpy/camera_ws/src/cameraraspy', 'symlink_install': False, 'test_result_base': None}
[3.192s] INFO:colcon.colcon_core.executor:Executing jobs using 'parallel' executor
[3.205s] DEBUG:colcon.colcon_parallel_executor.executor.parallel:run_until_complete
[3.206s] INFO:colcon.colcon_ros.task.ament_python.build:Building ROS package in '/home/ubuntu/Documents/shalpy/camera_ws/src/cameraraspy' with build type 'ament_python'
[3.207s] Level 1:colcon.colcon_core.shell:create_environment_hook('cameraraspy', 'ament_prefix_path')
[3.250s] INFO:colcon.colcon_core.plugin_system:Skipping extension 'colcon_core.shell.bat': Not used on non-Windows systems
[3.251s] INFO:colcon.colcon_core.shell:Creating environment hook '/home/ubuntu/Documents/shalpy/camera_ws/install/cameraraspy/share/cameraraspy/hook/ament_prefix_path.ps1'
[3.258s] INFO:colcon.colcon_core.shell:Creating environment descriptor '/home/ubuntu/Documents/shalpy/camera_ws/install/cameraraspy/share/cameraraspy/hook/ament_prefix_path.dsv'
[3.261s] INFO:colcon.colcon_core.shell:Creating environment hook '/home/ubuntu/Documents/shalpy/camera_ws/install/cameraraspy/share/cameraraspy/hook/ament_prefix_path.sh'
[3.271s] INFO:colcon.colcon_core.shell:Skip shell extension 'powershell' for command environment: Not usable outside of PowerShell
[3.272s] DEBUG:colcon.colcon_core.shell:Skip shell extension 'dsv' for command environment
[4.400s] INFO:colcon.colcon_core.task.python.build:Building Python package in '/home/ubuntu/Documents/shalpy/camera_ws/src/cameraraspy'
[4.406s] INFO:colcon.colcon_core.shell:Skip shell extension 'powershell' for command environment: Not usable outside of PowerShell
[4.406s] DEBUG:colcon.colcon_core.shell:Skip shell extension 'dsv' for command environment
[6.822s] DEBUG:colcon.colcon_core.event_handler.log_command:Invoking command in '/home/ubuntu/Documents/shalpy/camera_ws/src/cameraraspy': PYTHONPATH=/home/ubuntu/Documents/shalpy/camera_ws/build/cameraraspy/prefix_override:/home/ubuntu/Documents/shalpy/camera_ws/install/cameraraspy/lib/python3.10/site-packages:${PYTHONPATH} /usr/bin/python3 setup.py egg_info --egg-base ../../build/cameraraspy build --build-base /home/ubuntu/Documents/shalpy/camera_ws/build/cameraraspy/build install --record /home/ubuntu/Documents/shalpy/camera_ws/build/cameraraspy/install.log --single-version-externally-managed
[8.112s] DEBUG:colcon.colcon_core.event_handler.log_command:Invoked command in '/home/ubuntu/Documents/shalpy/camera_ws/src/cameraraspy' returned '0': PYTHONPATH=/home/ubuntu/Documents/shalpy/camera_ws/build/cameraraspy/prefix_override:/home/ubuntu/Documents/shalpy/camera_ws/install/cameraraspy/lib/python3.10/site-packages:${PYTHONPATH} /usr/bin/python3 setup.py egg_info --egg-base ../../build/cameraraspy build --build-base /home/ubuntu/Documents/shalpy/camera_ws/build/cameraraspy/build install --record /home/ubuntu/Documents/shalpy/camera_ws/build/cameraraspy/install.log --single-version-externally-managed
[8.156s] Level 1:colcon.colcon_core.environment:checking '/home/ubuntu/Documents/shalpy/camera_ws/install/cameraraspy' for CMake module files
[8.160s] Level 1:colcon.colcon_core.environment:checking '/home/ubuntu/Documents/shalpy/camera_ws/install/cameraraspy' for CMake config files
[8.167s] Level 1:colcon.colcon_core.environment:checking '/home/ubuntu/Documents/shalpy/camera_ws/install/cameraraspy/lib'
[8.168s] Level 1:colcon.colcon_core.environment:checking '/home/ubuntu/Documents/shalpy/camera_ws/install/cameraraspy/bin'
[8.168s] Level 1:colcon.colcon_core.environment:checking '/home/ubuntu/Documents/shalpy/camera_ws/install/cameraraspy/lib/pkgconfig/cameraraspy.pc'
[8.169s] Level 1:colcon.colcon_core.environment:checking '/home/ubuntu/Documents/shalpy/camera_ws/install/cameraraspy/lib/python3.10/site-packages'
[8.169s] Level 1:colcon.colcon_core.shell:create_environment_hook('cameraraspy', 'pythonpath')
[8.176s] INFO:colcon.colcon_core.shell:Creating environment hook '/home/ubuntu/Documents/shalpy/camera_ws/install/cameraraspy/share/cameraraspy/hook/pythonpath.ps1'
[8.178s] INFO:colcon.colcon_core.shell:Creating environment descriptor '/home/ubuntu/Documents/shalpy/camera_ws/install/cameraraspy/share/cameraraspy/hook/pythonpath.dsv'
[8.179s] INFO:colcon.colcon_core.shell:Creating environment hook '/home/ubuntu/Documents/shalpy/camera_ws/install/cameraraspy/share/cameraraspy/hook/pythonpath.sh'
[8.182s] Level 1:colcon.colcon_core.environment:checking '/home/ubuntu/Documents/shalpy/camera_ws/install/cameraraspy/bin'
[8.183s] Level 1:colcon.colcon_core.environment:create_environment_scripts_only(cameraraspy)
[8.189s] INFO:colcon.colcon_core.shell:Creating package script '/home/ubuntu/Documents/shalpy/camera_ws/install/cameraraspy/share/cameraraspy/package.ps1'
[8.195s] INFO:colcon.colcon_core.shell:Creating package descriptor '/home/ubuntu/Documents/shalpy/camera_ws/install/cameraraspy/share/cameraraspy/package.dsv'
[8.199s] INFO:colcon.colcon_core.shell:Creating package script '/home/ubuntu/Documents/shalpy/camera_ws/install/cameraraspy/share/cameraraspy/package.sh'
[8.204s] INFO:colcon.colcon_core.shell:Creating package script '/home/ubuntu/Documents/shalpy/camera_ws/install/cameraraspy/share/cameraraspy/package.bash'
[8.209s] INFO:colcon.colcon_core.shell:Creating package script '/home/ubuntu/Documents/shalpy/camera_ws/install/cameraraspy/share/cameraraspy/package.zsh'
[8.214s] Level 1:colcon.colcon_core.environment:create_file_with_runtime_dependencies(/home/ubuntu/Documents/shalpy/camera_ws/install/cameraraspy/share/colcon-core/packages/cameraraspy)
[8.216s] DEBUG:colcon.colcon_parallel_executor.executor.parallel:closing loop
[8.217s] DEBUG:colcon.colcon_parallel_executor.executor.parallel:loop closed
[8.218s] DEBUG:colcon.colcon_parallel_executor.executor.parallel:run_until_complete finished with '0'
[8.218s] DEBUG:colcon.colcon_core.event_reactor:joining thread
[8.254s] INFO:colcon.colcon_core.plugin_system:Skipping extension 'colcon_notification.desktop_notification.notify_send': Could not find 'notify-send'
[8.254s] INFO:colcon.colcon_core.plugin_system:Skipping extension 'colcon_notification.desktop_notification.terminal_notifier': Not used on non-Darwin systems
[8.254s] INFO:colcon.colcon_core.plugin_system:Skipping extension 'colcon_notification.desktop_notification.win32': Not used on non-Windows systems
[8.255s] INFO:colcon.colcon_notification.desktop_notification:Sending desktop notification using 'notify2'
[8.291s] DEBUG:colcon.colcon_notification.desktop_notification.notify2:Failed to initialize notify2: org.freedesktop.DBus.Error.ServiceUnknown: The name org.freedesktop.Notifications was not provided by any .service files
[8.291s] DEBUG:colcon.colcon_core.event_reactor:joined thread
[8.298s] INFO:colcon.colcon_core.shell:Creating prefix script '/home/ubuntu/Documents/shalpy/camera_ws/install/local_setup.ps1'
[8.306s] INFO:colcon.colcon_core.shell:Creating prefix util module '/home/ubuntu/Documents/shalpy/camera_ws/install/_local_setup_util_ps1.py'
[8.313s] INFO:colcon.colcon_core.shell:Creating prefix chain script '/home/ubuntu/Documents/shalpy/camera_ws/install/setup.ps1'
[8.320s] INFO:colcon.colcon_core.shell:Creating prefix script '/home/ubuntu/Documents/shalpy/camera_ws/install/local_setup.sh'
[8.324s] INFO:colcon.colcon_core.shell:Creating prefix util module '/home/ubuntu/Documents/shalpy/camera_ws/install/_local_setup_util_sh.py'
[8.326s] INFO:colcon.colcon_core.shell:Creating prefix chain script '/home/ubuntu/Documents/shalpy/camera_ws/install/setup.sh'
[8.334s] INFO:colcon.colcon_core.shell:Creating prefix script '/home/ubuntu/Documents/shalpy/camera_ws/install/local_setup.bash'
[8.337s] INFO:colcon.colcon_core.shell:Creating prefix chain script '/home/ubuntu/Documents/shalpy/camera_ws/install/setup.bash'
[8.343s] INFO:colcon.colcon_core.shell:Creating prefix script '/home/ubuntu/Documents/shalpy/camera_ws/install/local_setup.zsh'
[8.346s] INFO:colcon.colcon_core.shell:Creating prefix chain script '/home/ubuntu/Documents/shalpy/camera_ws/install/setup.zsh'
