[2.639s] DEBUG:colcon:Command line arguments: ['/usr/bin/colcon', 'build']
[2.639s] DEBUG:colcon:Parsed command line arguments: Namespace(log_base=None, log_level=None, verb_name='build', build_base='build', install_base='install', merge_install=False, symlink_install=False, test_result_base=None, continue_on_error=False, executor='parallel', parallel_workers=4, event_handlers=None, ignore_user_meta=False, metas=['./colcon.meta'], base_paths=['.'], packages_ignore=None, packages_ignore_regex=None, paths=None, packages_up_to=None, packages_up_to_regex=None, packages_above=None, packages_above_and_dependencies=None, packages_above_depth=None, packages_select_by_dep=None, packages_skip_by_dep=None, packages_skip_up_to=None, packages_select_build_failed=False, packages_skip_build_finished=False, packages_select_test_failures=False, packages_skip_test_passed=False, packages_select=None, packages_skip=None, packages_select_regex=None, packages_skip_regex=None, packages_start=None, packages_end=None, allow_overriding=[], cmake_args=None, cmake_target=None, cmake_target_skip_unavailable=False, cmake_clean_cache=False, cmake_clean_first=False, cmake_force_configure=False, ament_cmake_args=None, catkin_cmake_args=None, catkin_skip_building_tests=False, verb_parser=<colcon_defaults.argument_parser.defaults.DefaultArgumentsDecorator object at 0x7febe8cd5450>, verb_extension=<colcon_core.verb.build.BuildVerb object at 0x7febe8d17040>, main=<bound method BuildVerb.main of <colcon_core.verb.build.BuildVerb object at 0x7febe8d17040>>)
[2.920s] Level 1:colcon.colcon_core.package_discovery:discover_packages(colcon_meta) check parameters
[2.921s] Level 1:colcon.colcon_core.package_discovery:discover_packages(recursive) check parameters
[2.921s] Level 1:colcon.colcon_core.package_discovery:discover_packages(ignore) check parameters
[2.921s] Level 1:colcon.colcon_core.package_discovery:discover_packages(path) check parameters
[2.921s] Level 1:colcon.colcon_core.package_discovery:discover_packages(colcon_meta) discover
[2.921s] Level 1:colcon.colcon_core.package_discovery:discover_packages(recursive) discover
[2.921s] INFO:colcon.colcon_core.package_discovery:Crawling recursively for packages in '/home/jp/camera_ws'
[2.921s] Level 1:colcon.colcon_core.package_identification:_identify(.) by extensions ['ignore', 'ignore_ament_install']
[2.921s] Level 1:colcon.colcon_core.package_identification:_identify(.) by extension 'ignore'
[2.921s] Level 1:colcon.colcon_core.package_identification:_identify(.) by extension 'ignore_ament_install'
[2.921s] Level 1:colcon.colcon_core.package_identification:_identify(.) by extensions ['colcon_pkg']
[2.922s] Level 1:colcon.colcon_core.package_identification:_identify(.) by extension 'colcon_pkg'
[2.922s] Level 1:colcon.colcon_core.package_identification:_identify(.) by extensions ['colcon_meta']
[2.922s] Level 1:colcon.colcon_core.package_identification:_identify(.) by extension 'colcon_meta'
[2.922s] Level 1:colcon.colcon_core.package_identification:_identify(.) by extensions ['ros']
[2.922s] Level 1:colcon.colcon_core.package_identification:_identify(.) by extension 'ros'
[2.964s] Level 1:colcon.colcon_core.package_identification:_identify(.) by extensions ['cmake', 'python']
[2.964s] Level 1:colcon.colcon_core.package_identification:_identify(.) by extension 'cmake'
[2.964s] Level 1:colcon.colcon_core.package_identification:_identify(.) by extension 'python'
[2.964s] Level 1:colcon.colcon_core.package_identification:_identify(.) by extensions ['python_setup_py']
[2.964s] Level 1:colcon.colcon_core.package_identification:_identify(.) by extension 'python_setup_py'
[2.965s] Level 1:colcon.colcon_core.package_identification:_identify(build) by extensions ['ignore', 'ignore_ament_install']
[2.965s] Level 1:colcon.colcon_core.package_identification:_identify(build) by extension 'ignore'
[2.965s] Level 1:colcon.colcon_core.package_identification:_identify(build) ignored
[2.965s] Level 1:colcon.colcon_core.package_identification:_identify(install) by extensions ['ignore', 'ignore_ament_install']
[2.966s] Level 1:colcon.colcon_core.package_identification:_identify(install) by extension 'ignore'
[2.966s] Level 1:colcon.colcon_core.package_identification:_identify(install) ignored
[2.966s] Level 1:colcon.colcon_core.package_identification:_identify(log) by extensions ['ignore', 'ignore_ament_install']
[2.966s] Level 1:colcon.colcon_core.package_identification:_identify(log) by extension 'ignore'
[2.966s] Level 1:colcon.colcon_core.package_identification:_identify(log) ignored
[2.966s] Level 1:colcon.colcon_core.package_identification:_identify(src) by extensions ['ignore', 'ignore_ament_install']
[2.966s] Level 1:colcon.colcon_core.package_identification:_identify(src) by extension 'ignore'
[2.967s] Level 1:colcon.colcon_core.package_identification:_identify(src) by extension 'ignore_ament_install'
[2.967s] Level 1:colcon.colcon_core.package_identification:_identify(src) by extensions ['colcon_pkg']
[2.967s] Level 1:colcon.colcon_core.package_identification:_identify(src) by extension 'colcon_pkg'
[2.967s] Level 1:colcon.colcon_core.package_identification:_identify(src) by extensions ['colcon_meta']
[2.967s] Level 1:colcon.colcon_core.package_identification:_identify(src) by extension 'colcon_meta'
[2.967s] Level 1:colcon.colcon_core.package_identification:_identify(src) by extensions ['ros']
[2.967s] Level 1:colcon.colcon_core.package_identification:_identify(src) by extension 'ros'
[2.967s] Level 1:colcon.colcon_core.package_identification:_identify(src) by extensions ['cmake', 'python']
[2.967s] Level 1:colcon.colcon_core.package_identification:_identify(src) by extension 'cmake'
[2.967s] Level 1:colcon.colcon_core.package_identification:_identify(src) by extension 'python'
[2.967s] Level 1:colcon.colcon_core.package_identification:_identify(src) by extensions ['python_setup_py']
[2.967s] Level 1:colcon.colcon_core.package_identification:_identify(src) by extension 'python_setup_py'
[2.968s] Level 1:colcon.colcon_core.package_identification:_identify(src/cameraraspy) by extensions ['ignore', 'ignore_ament_install']
[2.968s] Level 1:colcon.colcon_core.package_identification:_identify(src/cameraraspy) by extension 'ignore'
[2.968s] Level 1:colcon.colcon_core.package_identification:_identify(src/cameraraspy) by extension 'ignore_ament_install'
[2.968s] Level 1:colcon.colcon_core.package_identification:_identify(src/cameraraspy) by extensions ['colcon_pkg']
[2.968s] Level 1:colcon.colcon_core.package_identification:_identify(src/cameraraspy) by extension 'colcon_pkg'
[2.968s] Level 1:colcon.colcon_core.package_identification:_identify(src/cameraraspy) by extensions ['colcon_meta']
[2.968s] Level 1:colcon.colcon_core.package_identification:_identify(src/cameraraspy) by extension 'colcon_meta'
[2.968s] Level 1:colcon.colcon_core.package_identification:_identify(src/cameraraspy) by extensions ['ros']
[2.968s] Level 1:colcon.colcon_core.package_identification:_identify(src/cameraraspy) by extension 'ros'
[2.981s] DEBUG:colcon.colcon_core.package_identification:Package 'src/cameraraspy' with type 'ros.ament_python' and name 'cameraraspy'
[2.981s] Level 1:colcon.colcon_core.package_discovery:discover_packages(recursive) using defaults
[2.981s] Level 1:colcon.colcon_core.package_discovery:discover_packages(ignore) discover
[2.981s] Level 1:colcon.colcon_core.package_discovery:discover_packages(ignore) using defaults
[2.981s] Level 1:colcon.colcon_core.package_discovery:discover_packages(path) discover
[2.981s] Level 1:colcon.colcon_core.package_discovery:discover_packages(path) using defaults
[3.144s] Level 1:colcon.colcon_core.package_discovery:discover_packages(prefix_path) check parameters
[3.144s] Level 1:colcon.colcon_core.package_discovery:discover_packages(prefix_path) discover
[3.178s] DEBUG:colcon.colcon_installed_package_information.package_discovery:Found 313 installed packages in /opt/ros/humble
[3.184s] Level 1:colcon.colcon_core.package_discovery:discover_packages(prefix_path) using defaults
[5.422s] Level 5:colcon.colcon_core.verb:set package 'cameraraspy' build argument 'cmake_args' from command line to 'None'
[5.422s] Level 5:colcon.colcon_core.verb:set package 'cameraraspy' build argument 'cmake_target' from command line to 'None'
[5.422s] Level 5:colcon.colcon_core.verb:set package 'cameraraspy' build argument 'cmake_target_skip_unavailable' from command line to 'False'
[5.422s] Level 5:colcon.colcon_core.verb:set package 'cameraraspy' build argument 'cmake_clean_cache' from command line to 'False'
[5.422s] Level 5:colcon.colcon_core.verb:set package 'cameraraspy' build argument 'cmake_clean_first' from command line to 'False'
[5.422s] Level 5:colcon.colcon_core.verb:set package 'cameraraspy' build argument 'cmake_force_configure' from command line to 'False'
[5.422s] Level 5:colcon.colcon_core.verb:set package 'cameraraspy' build argument 'ament_cmake_args' from command line to 'None'
[5.422s] Level 5:colcon.colcon_core.verb:set package 'cameraraspy' build argument 'catkin_cmake_args' from command line to 'None'
[5.422s] Level 5:colcon.colcon_core.verb:set package 'cameraraspy' build argument 'catkin_skip_building_tests' from command line to 'False'
[5.422s] DEBUG:colcon.colcon_core.verb:Building package 'cameraraspy' with the following arguments: {'ament_cmake_args': None, 'build_base': '/home/jp/camera_ws/build/cameraraspy', 'catkin_cmake_args': None, 'catkin_skip_building_tests': False, 'cmake_args': None, 'cmake_clean_cache': False, 'cmake_clean_first': False, 'cmake_force_configure': False, 'cmake_target': None, 'cmake_target_skip_unavailable': False, 'install_base': '/home/jp/camera_ws/install/cameraraspy', 'merge_install': False, 'path': '/home/jp/camera_ws/src/cameraraspy', 'symlink_install': False, 'test_result_base': None}
[5.423s] INFO:colcon.colcon_core.executor:Executing jobs using 'parallel' executor
[5.428s] DEBUG:colcon.colcon_parallel_executor.executor.parallel:run_until_complete
[5.429s] INFO:colcon.colcon_ros.task.ament_python.build:Building ROS package in '/home/jp/camera_ws/src/cameraraspy' with build type 'ament_python'
[5.429s] Level 1:colcon.colcon_core.shell:create_environment_hook('cameraraspy', 'ament_prefix_path')
[5.530s] INFO:colcon.colcon_core.plugin_system:Skipping extension 'colcon_core.shell.bat': Not used on non-Windows systems
[5.531s] INFO:colcon.colcon_core.shell:Creating environment hook '/home/jp/camera_ws/install/cameraraspy/share/cameraraspy/hook/ament_prefix_path.ps1'
[5.547s] INFO:colcon.colcon_core.shell:Creating environment descriptor '/home/jp/camera_ws/install/cameraraspy/share/cameraraspy/hook/ament_prefix_path.dsv'
[5.567s] INFO:colcon.colcon_core.shell:Creating environment hook '/home/jp/camera_ws/install/cameraraspy/share/cameraraspy/hook/ament_prefix_path.sh'
[5.572s] INFO:colcon.colcon_core.shell:Skip shell extension 'powershell' for command environment: Not usable outside of PowerShell
[5.572s] DEBUG:colcon.colcon_core.shell:Skip shell extension 'dsv' for command environment
[6.147s] INFO:colcon.colcon_core.task.python.build:Building Python package in '/home/jp/camera_ws/src/cameraraspy'
[6.151s] INFO:colcon.colcon_core.shell:Skip shell extension 'powershell' for command environment: Not usable outside of PowerShell
[6.151s] DEBUG:colcon.colcon_core.shell:Skip shell extension 'dsv' for command environment
[7.482s] DEBUG:colcon.colcon_core.event_handler.log_command:Invoking command in '/home/jp/camera_ws/src/cameraraspy': PYTHONPATH=/home/jp/camera_ws/build/cameraraspy/prefix_override:/home/jp/camera_ws/install/cameraraspy/lib/python3.10/site-packages:${PYTHONPATH} /usr/bin/python3 setup.py egg_info --egg-base ../../build/cameraraspy build --build-base /home/jp/camera_ws/build/cameraraspy/build install --record /home/jp/camera_ws/build/cameraraspy/install.log --single-version-externally-managed
[8.069s] DEBUG:colcon.colcon_core.event_handler.log_command:Invoked command in '/home/jp/camera_ws/src/cameraraspy' returned '0': PYTHONPATH=/home/jp/camera_ws/build/cameraraspy/prefix_override:/home/jp/camera_ws/install/cameraraspy/lib/python3.10/site-packages:${PYTHONPATH} /usr/bin/python3 setup.py egg_info --egg-base ../../build/cameraraspy build --build-base /home/jp/camera_ws/build/cameraraspy/build install --record /home/jp/camera_ws/build/cameraraspy/install.log --single-version-externally-managed
[8.111s] Level 1:colcon.colcon_core.environment:checking '/home/jp/camera_ws/install/cameraraspy' for CMake module files
[8.112s] Level 1:colcon.colcon_core.environment:checking '/home/jp/camera_ws/install/cameraraspy' for CMake config files
[8.116s] Level 1:colcon.colcon_core.environment:checking '/home/jp/camera_ws/install/cameraraspy/lib'
[8.117s] Level 1:colcon.colcon_core.environment:checking '/home/jp/camera_ws/install/cameraraspy/bin'
[8.117s] Level 1:colcon.colcon_core.environment:checking '/home/jp/camera_ws/install/cameraraspy/lib/pkgconfig/cameraraspy.pc'
[8.117s] Level 1:colcon.colcon_core.environment:checking '/home/jp/camera_ws/install/cameraraspy/lib/python3.10/site-packages'
[8.117s] Level 1:colcon.colcon_core.shell:create_environment_hook('cameraraspy', 'pythonpath')
[8.120s] INFO:colcon.colcon_core.shell:Creating environment hook '/home/jp/camera_ws/install/cameraraspy/share/cameraraspy/hook/pythonpath.ps1'
[8.120s] INFO:colcon.colcon_core.shell:Creating environment descriptor '/home/jp/camera_ws/install/cameraraspy/share/cameraraspy/hook/pythonpath.dsv'
[8.121s] INFO:colcon.colcon_core.shell:Creating environment hook '/home/jp/camera_ws/install/cameraraspy/share/cameraraspy/hook/pythonpath.sh'
[8.122s] Level 1:colcon.colcon_core.environment:checking '/home/jp/camera_ws/install/cameraraspy/bin'
[8.122s] Level 1:colcon.colcon_core.environment:create_environment_scripts_only(cameraraspy)
[8.124s] INFO:colcon.colcon_core.shell:Creating package script '/home/jp/camera_ws/install/cameraraspy/share/cameraraspy/package.ps1'
[8.126s] INFO:colcon.colcon_core.shell:Creating package descriptor '/home/jp/camera_ws/install/cameraraspy/share/cameraraspy/package.dsv'
[8.127s] INFO:colcon.colcon_core.shell:Creating package script '/home/jp/camera_ws/install/cameraraspy/share/cameraraspy/package.sh'
[8.129s] INFO:colcon.colcon_core.shell:Creating package script '/home/jp/camera_ws/install/cameraraspy/share/cameraraspy/package.bash'
[8.130s] INFO:colcon.colcon_core.shell:Creating package script '/home/jp/camera_ws/install/cameraraspy/share/cameraraspy/package.zsh'
[8.131s] Level 1:colcon.colcon_core.environment:create_file_with_runtime_dependencies(/home/jp/camera_ws/install/cameraraspy/share/colcon-core/packages/cameraraspy)
[8.132s] DEBUG:colcon.colcon_parallel_executor.executor.parallel:closing loop
[8.132s] DEBUG:colcon.colcon_parallel_executor.executor.parallel:loop closed
[8.132s] DEBUG:colcon.colcon_parallel_executor.executor.parallel:run_until_complete finished with '0'
[8.132s] DEBUG:colcon.colcon_core.event_reactor:joining thread
[8.313s] INFO:colcon.colcon_core.plugin_system:Skipping extension 'colcon_notification.desktop_notification.terminal_notifier': Not used on non-Darwin systems
[8.313s] INFO:colcon.colcon_core.plugin_system:Skipping extension 'colcon_notification.desktop_notification.win32': Not used on non-Windows systems
[8.313s] INFO:colcon.colcon_notification.desktop_notification:Sending desktop notification using 'notify2'
[8.348s] DEBUG:colcon.colcon_core.event_reactor:joined thread
[8.353s] INFO:colcon.colcon_core.shell:Creating prefix script '/home/jp/camera_ws/install/local_setup.ps1'
[8.357s] INFO:colcon.colcon_core.shell:Creating prefix util module '/home/jp/camera_ws/install/_local_setup_util_ps1.py'
[8.391s] INFO:colcon.colcon_core.shell:Creating prefix chain script '/home/jp/camera_ws/install/setup.ps1'
[8.395s] INFO:colcon.colcon_core.shell:Creating prefix script '/home/jp/camera_ws/install/local_setup.sh'
[8.399s] INFO:colcon.colcon_core.shell:Creating prefix util module '/home/jp/camera_ws/install/_local_setup_util_sh.py'
[8.401s] INFO:colcon.colcon_core.shell:Creating prefix chain script '/home/jp/camera_ws/install/setup.sh'
[8.413s] INFO:colcon.colcon_core.shell:Creating prefix script '/home/jp/camera_ws/install/local_setup.bash'
[8.414s] INFO:colcon.colcon_core.shell:Creating prefix chain script '/home/jp/camera_ws/install/setup.bash'
[8.419s] INFO:colcon.colcon_core.shell:Creating prefix script '/home/jp/camera_ws/install/local_setup.zsh'
[8.421s] INFO:colcon.colcon_core.shell:Creating prefix chain script '/home/jp/camera_ws/install/setup.zsh'
