[0.372s] DEBUG:colcon:Command line arguments: ['/usr/bin/colcon', 'build']
[0.372s] DEBUG:colcon:Parsed command line arguments: Namespace(log_base=None, log_level=None, verb_name='build', build_base='build', install_base='install', merge_install=False, symlink_install=False, test_result_base=None, continue_on_error=False, executor='parallel', parallel_workers=8, event_handlers=None, ignore_user_meta=False, metas=['./colcon.meta'], base_paths=['.'], packages_ignore=None, packages_ignore_regex=None, paths=None, packages_up_to=None, packages_up_to_regex=None, packages_above=None, packages_above_and_dependencies=None, packages_above_depth=None, packages_select_by_dep=None, packages_skip_by_dep=None, packages_skip_up_to=None, packages_select_build_failed=False, packages_skip_build_finished=False, packages_select_test_failures=False, packages_skip_test_passed=False, packages_select=None, packages_skip=None, packages_select_regex=None, packages_skip_regex=None, packages_start=None, packages_end=None, allow_overriding=[], cmake_args=None, cmake_target=None, cmake_target_skip_unavailable=False, cmake_clean_cache=False, cmake_clean_first=False, cmake_force_configure=False, ament_cmake_args=None, catkin_cmake_args=None, catkin_skip_building_tests=False, verb_parser=<colcon_defaults.argument_parser.defaults.DefaultArgumentsDecorator object at 0x7f3aee93ec50>, verb_extension=<colcon_core.verb.build.BuildVerb object at 0x7f3aeebbbd60>, main=<bound method BuildVerb.main of <colcon_core.verb.build.BuildVerb object at 0x7f3aeebbbd60>>)
[0.398s] Level 1:colcon.colcon_core.package_discovery:discover_packages(colcon_meta) check parameters
[0.398s] Level 1:colcon.colcon_core.package_discovery:discover_packages(recursive) check parameters
[0.398s] Level 1:colcon.colcon_core.package_discovery:discover_packages(ignore) check parameters
[0.398s] Level 1:colcon.colcon_core.package_discovery:discover_packages(path) check parameters
[0.398s] Level 1:colcon.colcon_core.package_discovery:discover_packages(colcon_meta) discover
[0.398s] Level 1:colcon.colcon_core.package_discovery:discover_packages(recursive) discover
[0.398s] INFO:colcon.colcon_core.package_discovery:Crawling recursively for packages in '/home/juanespadi/Documents/shalpy/proyecto_final_grupo_14'
[0.398s] Level 1:colcon.colcon_core.package_identification:_identify(.) by extensions ['ignore', 'ignore_ament_install']
[0.398s] Level 1:colcon.colcon_core.package_identification:_identify(.) by extension 'ignore'
[0.399s] Level 1:colcon.colcon_core.package_identification:_identify(.) by extension 'ignore_ament_install'
[0.399s] Level 1:colcon.colcon_core.package_identification:_identify(.) by extensions ['colcon_pkg']
[0.399s] Level 1:colcon.colcon_core.package_identification:_identify(.) by extension 'colcon_pkg'
[0.399s] Level 1:colcon.colcon_core.package_identification:_identify(.) by extensions ['colcon_meta']
[0.399s] Level 1:colcon.colcon_core.package_identification:_identify(.) by extension 'colcon_meta'
[0.399s] Level 1:colcon.colcon_core.package_identification:_identify(.) by extensions ['ros']
[0.399s] Level 1:colcon.colcon_core.package_identification:_identify(.) by extension 'ros'
[0.410s] Level 1:colcon.colcon_core.package_identification:_identify(.) by extensions ['cmake', 'python']
[0.410s] Level 1:colcon.colcon_core.package_identification:_identify(.) by extension 'cmake'
[0.411s] Level 1:colcon.colcon_core.package_identification:_identify(.) by extension 'python'
[0.411s] Level 1:colcon.colcon_core.package_identification:_identify(.) by extensions ['python_setup_py']
[0.411s] Level 1:colcon.colcon_core.package_identification:_identify(.) by extension 'python_setup_py'
[0.411s] Level 1:colcon.colcon_core.package_identification:_identify(build) by extensions ['ignore', 'ignore_ament_install']
[0.411s] Level 1:colcon.colcon_core.package_identification:_identify(build) by extension 'ignore'
[0.411s] Level 1:colcon.colcon_core.package_identification:_identify(build) ignored
[0.411s] Level 1:colcon.colcon_core.package_identification:_identify(docs) by extensions ['ignore', 'ignore_ament_install']
[0.411s] Level 1:colcon.colcon_core.package_identification:_identify(docs) by extension 'ignore'
[0.411s] Level 1:colcon.colcon_core.package_identification:_identify(docs) by extension 'ignore_ament_install'
[0.411s] Level 1:colcon.colcon_core.package_identification:_identify(docs) by extensions ['colcon_pkg']
[0.411s] Level 1:colcon.colcon_core.package_identification:_identify(docs) by extension 'colcon_pkg'
[0.411s] Level 1:colcon.colcon_core.package_identification:_identify(docs) by extensions ['colcon_meta']
[0.411s] Level 1:colcon.colcon_core.package_identification:_identify(docs) by extension 'colcon_meta'
[0.411s] Level 1:colcon.colcon_core.package_identification:_identify(docs) by extensions ['ros']
[0.411s] Level 1:colcon.colcon_core.package_identification:_identify(docs) by extension 'ros'
[0.411s] Level 1:colcon.colcon_core.package_identification:_identify(docs) by extensions ['cmake', 'python']
[0.412s] Level 1:colcon.colcon_core.package_identification:_identify(docs) by extension 'cmake'
[0.412s] Level 1:colcon.colcon_core.package_identification:_identify(docs) by extension 'python'
[0.412s] Level 1:colcon.colcon_core.package_identification:_identify(docs) by extensions ['python_setup_py']
[0.412s] Level 1:colcon.colcon_core.package_identification:_identify(docs) by extension 'python_setup_py'
[0.412s] Level 1:colcon.colcon_core.package_identification:_identify(docs/CodigoFinalRobotica) by extensions ['ignore', 'ignore_ament_install']
[0.412s] Level 1:colcon.colcon_core.package_identification:_identify(docs/CodigoFinalRobotica) by extension 'ignore'
[0.412s] Level 1:colcon.colcon_core.package_identification:_identify(docs/CodigoFinalRobotica) by extension 'ignore_ament_install'
[0.412s] Level 1:colcon.colcon_core.package_identification:_identify(docs/CodigoFinalRobotica) by extensions ['colcon_pkg']
[0.412s] Level 1:colcon.colcon_core.package_identification:_identify(docs/CodigoFinalRobotica) by extension 'colcon_pkg'
[0.412s] Level 1:colcon.colcon_core.package_identification:_identify(docs/CodigoFinalRobotica) by extensions ['colcon_meta']
[0.412s] Level 1:colcon.colcon_core.package_identification:_identify(docs/CodigoFinalRobotica) by extension 'colcon_meta'
[0.412s] Level 1:colcon.colcon_core.package_identification:_identify(docs/CodigoFinalRobotica) by extensions ['ros']
[0.412s] Level 1:colcon.colcon_core.package_identification:_identify(docs/CodigoFinalRobotica) by extension 'ros'
[0.412s] Level 1:colcon.colcon_core.package_identification:_identify(docs/CodigoFinalRobotica) by extensions ['cmake', 'python']
[0.412s] Level 1:colcon.colcon_core.package_identification:_identify(docs/CodigoFinalRobotica) by extension 'cmake'
[0.412s] Level 1:colcon.colcon_core.package_identification:_identify(docs/CodigoFinalRobotica) by extension 'python'
[0.412s] Level 1:colcon.colcon_core.package_identification:_identify(docs/CodigoFinalRobotica) by extensions ['python_setup_py']
[0.412s] Level 1:colcon.colcon_core.package_identification:_identify(docs/CodigoFinalRobotica) by extension 'python_setup_py'
[0.412s] Level 1:colcon.colcon_core.package_identification:_identify(docs/Navegacion) by extensions ['ignore', 'ignore_ament_install']
[0.413s] Level 1:colcon.colcon_core.package_identification:_identify(docs/Navegacion) by extension 'ignore'
[0.413s] Level 1:colcon.colcon_core.package_identification:_identify(docs/Navegacion) by extension 'ignore_ament_install'
[0.413s] Level 1:colcon.colcon_core.package_identification:_identify(docs/Navegacion) by extensions ['colcon_pkg']
[0.413s] Level 1:colcon.colcon_core.package_identification:_identify(docs/Navegacion) by extension 'colcon_pkg'
[0.413s] Level 1:colcon.colcon_core.package_identification:_identify(docs/Navegacion) by extensions ['colcon_meta']
[0.413s] Level 1:colcon.colcon_core.package_identification:_identify(docs/Navegacion) by extension 'colcon_meta'
[0.413s] Level 1:colcon.colcon_core.package_identification:_identify(docs/Navegacion) by extensions ['ros']
[0.413s] Level 1:colcon.colcon_core.package_identification:_identify(docs/Navegacion) by extension 'ros'
[0.413s] Level 1:colcon.colcon_core.package_identification:_identify(docs/Navegacion) by extensions ['cmake', 'python']
[0.413s] Level 1:colcon.colcon_core.package_identification:_identify(docs/Navegacion) by extension 'cmake'
[0.413s] Level 1:colcon.colcon_core.package_identification:_identify(docs/Navegacion) by extension 'python'
[0.413s] Level 1:colcon.colcon_core.package_identification:_identify(docs/Navegacion) by extensions ['python_setup_py']
[0.413s] Level 1:colcon.colcon_core.package_identification:_identify(docs/Navegacion) by extension 'python_setup_py'
[0.413s] Level 1:colcon.colcon_core.package_identification:_identify(install) by extensions ['ignore', 'ignore_ament_install']
[0.413s] Level 1:colcon.colcon_core.package_identification:_identify(install) by extension 'ignore'
[0.413s] Level 1:colcon.colcon_core.package_identification:_identify(install) ignored
[0.413s] Level 1:colcon.colcon_core.package_identification:_identify(log) by extensions ['ignore', 'ignore_ament_install']
[0.414s] Level 1:colcon.colcon_core.package_identification:_identify(log) by extension 'ignore'
[0.414s] Level 1:colcon.colcon_core.package_identification:_identify(log) ignored
[0.414s] Level 1:colcon.colcon_core.package_identification:_identify(src) by extensions ['ignore', 'ignore_ament_install']
[0.414s] Level 1:colcon.colcon_core.package_identification:_identify(src) by extension 'ignore'
[0.414s] Level 1:colcon.colcon_core.package_identification:_identify(src) by extension 'ignore_ament_install'
[0.414s] Level 1:colcon.colcon_core.package_identification:_identify(src) by extensions ['colcon_pkg']
[0.414s] Level 1:colcon.colcon_core.package_identification:_identify(src) by extension 'colcon_pkg'
[0.414s] Level 1:colcon.colcon_core.package_identification:_identify(src) by extensions ['colcon_meta']
[0.414s] Level 1:colcon.colcon_core.package_identification:_identify(src) by extension 'colcon_meta'
[0.414s] Level 1:colcon.colcon_core.package_identification:_identify(src) by extensions ['ros']
[0.414s] Level 1:colcon.colcon_core.package_identification:_identify(src) by extension 'ros'
[0.414s] Level 1:colcon.colcon_core.package_identification:_identify(src) by extensions ['cmake', 'python']
[0.414s] Level 1:colcon.colcon_core.package_identification:_identify(src) by extension 'cmake'
[0.414s] Level 1:colcon.colcon_core.package_identification:_identify(src) by extension 'python'
[0.414s] Level 1:colcon.colcon_core.package_identification:_identify(src) by extensions ['python_setup_py']
[0.414s] Level 1:colcon.colcon_core.package_identification:_identify(src) by extension 'python_setup_py'
[0.414s] Level 1:colcon.colcon_core.package_identification:_identify(src/final_shalpy) by extensions ['ignore', 'ignore_ament_install']
[0.414s] Level 1:colcon.colcon_core.package_identification:_identify(src/final_shalpy) by extension 'ignore'
[0.414s] Level 1:colcon.colcon_core.package_identification:_identify(src/final_shalpy) by extension 'ignore_ament_install'
[0.415s] Level 1:colcon.colcon_core.package_identification:_identify(src/final_shalpy) by extensions ['colcon_pkg']
[0.415s] Level 1:colcon.colcon_core.package_identification:_identify(src/final_shalpy) by extension 'colcon_pkg'
[0.415s] Level 1:colcon.colcon_core.package_identification:_identify(src/final_shalpy) by extensions ['colcon_meta']
[0.415s] Level 1:colcon.colcon_core.package_identification:_identify(src/final_shalpy) by extension 'colcon_meta'
[0.415s] Level 1:colcon.colcon_core.package_identification:_identify(src/final_shalpy) by extensions ['ros']
[0.415s] Level 1:colcon.colcon_core.package_identification:_identify(src/final_shalpy) by extension 'ros'
[0.417s] DEBUG:colcon.colcon_core.package_identification:Package 'src/final_shalpy' with type 'ros.ament_python' and name 'final_shalpy'
[0.417s] Level 1:colcon.colcon_core.package_identification:_identify(src/player_interfaces) by extensions ['ignore', 'ignore_ament_install']
[0.417s] Level 1:colcon.colcon_core.package_identification:_identify(src/player_interfaces) by extension 'ignore'
[0.417s] Level 1:colcon.colcon_core.package_identification:_identify(src/player_interfaces) by extension 'ignore_ament_install'
[0.417s] Level 1:colcon.colcon_core.package_identification:_identify(src/player_interfaces) by extensions ['colcon_pkg']
[0.417s] Level 1:colcon.colcon_core.package_identification:_identify(src/player_interfaces) by extension 'colcon_pkg'
[0.417s] Level 1:colcon.colcon_core.package_identification:_identify(src/player_interfaces) by extensions ['colcon_meta']
[0.418s] Level 1:colcon.colcon_core.package_identification:_identify(src/player_interfaces) by extension 'colcon_meta'
[0.418s] Level 1:colcon.colcon_core.package_identification:_identify(src/player_interfaces) by extensions ['ros']
[0.418s] Level 1:colcon.colcon_core.package_identification:_identify(src/player_interfaces) by extension 'ros'
[0.418s] DEBUG:colcon.colcon_core.package_identification:Package 'src/player_interfaces' with type 'ros.ament_cmake' and name 'player_interfaces'
[0.418s] Level 1:colcon.colcon_core.package_discovery:discover_packages(recursive) using defaults
[0.418s] Level 1:colcon.colcon_core.package_discovery:discover_packages(ignore) discover
[0.418s] Level 1:colcon.colcon_core.package_discovery:discover_packages(ignore) using defaults
[0.418s] Level 1:colcon.colcon_core.package_discovery:discover_packages(path) discover
[0.418s] Level 1:colcon.colcon_core.package_discovery:discover_packages(path) using defaults
[0.441s] Level 1:colcon.colcon_core.package_discovery:discover_packages(prefix_path) check parameters
[0.441s] Level 1:colcon.colcon_core.package_discovery:discover_packages(prefix_path) discover
[0.443s] WARNING:colcon.colcon_ros.prefix_path.ament:The path '/home/juanespadi/Documents/shalpy/proyecto_final_grupo_14/install/player_interfaces' in the environment variable AMENT_PREFIX_PATH doesn't exist
[0.443s] WARNING:colcon.colcon_ros.prefix_path.ament:The path '/home/juanespadi/Documents/shalpy/proyecto_final_grupo_14/install/final_shalpy' in the environment variable AMENT_PREFIX_PATH doesn't exist
[0.443s] WARNING:colcon.colcon_ros.prefix_path.catkin:The path '/home/juanespadi/Documents/shalpy/proyecto_final_grupo_14/install/player_interfaces' in the environment variable CMAKE_PREFIX_PATH doesn't exist
[0.444s] DEBUG:colcon.colcon_installed_package_information.package_discovery:Found 0 installed packages in /home/juanespadi/Documents/shalpy/proyecto_final_grupo_14/install
[0.446s] DEBUG:colcon.colcon_installed_package_information.package_discovery:Found 284 installed packages in /opt/ros/humble
[0.448s] Level 1:colcon.colcon_core.package_discovery:discover_packages(prefix_path) using defaults
[0.541s] Level 5:colcon.colcon_core.verb:set package 'final_shalpy' build argument 'cmake_args' from command line to 'None'
[0.541s] Level 5:colcon.colcon_core.verb:set package 'final_shalpy' build argument 'cmake_target' from command line to 'None'
[0.541s] Level 5:colcon.colcon_core.verb:set package 'final_shalpy' build argument 'cmake_target_skip_unavailable' from command line to 'False'
[0.541s] Level 5:colcon.colcon_core.verb:set package 'final_shalpy' build argument 'cmake_clean_cache' from command line to 'False'
[0.542s] Level 5:colcon.colcon_core.verb:set package 'final_shalpy' build argument 'cmake_clean_first' from command line to 'False'
[0.542s] Level 5:colcon.colcon_core.verb:set package 'final_shalpy' build argument 'cmake_force_configure' from command line to 'False'
[0.542s] Level 5:colcon.colcon_core.verb:set package 'final_shalpy' build argument 'ament_cmake_args' from command line to 'None'
[0.542s] Level 5:colcon.colcon_core.verb:set package 'final_shalpy' build argument 'catkin_cmake_args' from command line to 'None'
[0.542s] Level 5:colcon.colcon_core.verb:set package 'final_shalpy' build argument 'catkin_skip_building_tests' from command line to 'False'
[0.542s] DEBUG:colcon.colcon_core.verb:Building package 'final_shalpy' with the following arguments: {'ament_cmake_args': None, 'build_base': '/home/juanespadi/Documents/shalpy/proyecto_final_grupo_14/build/final_shalpy', 'catkin_cmake_args': None, 'catkin_skip_building_tests': False, 'cmake_args': None, 'cmake_clean_cache': False, 'cmake_clean_first': False, 'cmake_force_configure': False, 'cmake_target': None, 'cmake_target_skip_unavailable': False, 'install_base': '/home/juanespadi/Documents/shalpy/proyecto_final_grupo_14/install/final_shalpy', 'merge_install': False, 'path': '/home/juanespadi/Documents/shalpy/proyecto_final_grupo_14/src/final_shalpy', 'symlink_install': False, 'test_result_base': None}
[0.543s] Level 5:colcon.colcon_core.verb:set package 'player_interfaces' build argument 'cmake_args' from command line to 'None'
[0.543s] Level 5:colcon.colcon_core.verb:set package 'player_interfaces' build argument 'cmake_target' from command line to 'None'
[0.543s] Level 5:colcon.colcon_core.verb:set package 'player_interfaces' build argument 'cmake_target_skip_unavailable' from command line to 'False'
[0.543s] Level 5:colcon.colcon_core.verb:set package 'player_interfaces' build argument 'cmake_clean_cache' from command line to 'False'
[0.543s] Level 5:colcon.colcon_core.verb:set package 'player_interfaces' build argument 'cmake_clean_first' from command line to 'False'
[0.543s] Level 5:colcon.colcon_core.verb:set package 'player_interfaces' build argument 'cmake_force_configure' from command line to 'False'
[0.543s] Level 5:colcon.colcon_core.verb:set package 'player_interfaces' build argument 'ament_cmake_args' from command line to 'None'
[0.543s] Level 5:colcon.colcon_core.verb:set package 'player_interfaces' build argument 'catkin_cmake_args' from command line to 'None'
[0.543s] Level 5:colcon.colcon_core.verb:set package 'player_interfaces' build argument 'catkin_skip_building_tests' from command line to 'False'
[0.543s] DEBUG:colcon.colcon_core.verb:Building package 'player_interfaces' with the following arguments: {'ament_cmake_args': None, 'build_base': '/home/juanespadi/Documents/shalpy/proyecto_final_grupo_14/build/player_interfaces', 'catkin_cmake_args': None, 'catkin_skip_building_tests': False, 'cmake_args': None, 'cmake_clean_cache': False, 'cmake_clean_first': False, 'cmake_force_configure': False, 'cmake_target': None, 'cmake_target_skip_unavailable': False, 'install_base': '/home/juanespadi/Documents/shalpy/proyecto_final_grupo_14/install/player_interfaces', 'merge_install': False, 'path': '/home/juanespadi/Documents/shalpy/proyecto_final_grupo_14/src/player_interfaces', 'symlink_install': False, 'test_result_base': None}
[0.544s] INFO:colcon.colcon_core.executor:Executing jobs using 'parallel' executor
[0.547s] DEBUG:colcon.colcon_parallel_executor.executor.parallel:run_until_complete
[0.548s] INFO:colcon.colcon_ros.task.ament_python.build:Building ROS package in '/home/juanespadi/Documents/shalpy/proyecto_final_grupo_14/src/final_shalpy' with build type 'ament_python'
[0.548s] Level 1:colcon.colcon_core.shell:create_environment_hook('final_shalpy', 'ament_prefix_path')
[0.552s] INFO:colcon.colcon_core.plugin_system:Skipping extension 'colcon_core.shell.bat': Not used on non-Windows systems
[0.553s] INFO:colcon.colcon_core.shell:Creating environment hook '/home/juanespadi/Documents/shalpy/proyecto_final_grupo_14/install/final_shalpy/share/final_shalpy/hook/ament_prefix_path.ps1'
[0.553s] INFO:colcon.colcon_core.shell:Creating environment descriptor '/home/juanespadi/Documents/shalpy/proyecto_final_grupo_14/install/final_shalpy/share/final_shalpy/hook/ament_prefix_path.dsv'
[0.554s] INFO:colcon.colcon_core.shell:Creating environment hook '/home/juanespadi/Documents/shalpy/proyecto_final_grupo_14/install/final_shalpy/share/final_shalpy/hook/ament_prefix_path.sh'
[0.556s] INFO:colcon.colcon_core.shell:Skip shell extension 'powershell' for command environment: Not usable outside of PowerShell
[0.556s] DEBUG:colcon.colcon_core.shell:Skip shell extension 'dsv' for command environment
[0.562s] INFO:colcon.colcon_ros.task.ament_cmake.build:Building ROS package in '/home/juanespadi/Documents/shalpy/proyecto_final_grupo_14/src/player_interfaces' with build type 'ament_cmake'
[0.563s] INFO:colcon.colcon_cmake.task.cmake.build:Building CMake package in '/home/juanespadi/Documents/shalpy/proyecto_final_grupo_14/src/player_interfaces'
[0.564s] INFO:colcon.colcon_core.shell:Skip shell extension 'powershell' for command environment: Not usable outside of PowerShell
[0.564s] DEBUG:colcon.colcon_core.shell:Skip shell extension 'dsv' for command environment
[0.870s] INFO:colcon.colcon_core.task.python.build:Building Python package in '/home/juanespadi/Documents/shalpy/proyecto_final_grupo_14/src/final_shalpy'
[0.872s] INFO:colcon.colcon_core.shell:Skip shell extension 'powershell' for command environment: Not usable outside of PowerShell
[0.872s] DEBUG:colcon.colcon_core.shell:Skip shell extension 'dsv' for command environment
[0.885s] DEBUG:colcon.colcon_core.event_handler.log_command:Invoking command in '/home/juanespadi/Documents/shalpy/proyecto_final_grupo_14/build/player_interfaces': CMAKE_PREFIX_PATH=${CMAKE_PREFIX_PATH}:/home/juanespadi/Documents/shalpy/proyecto_final_grupo_14/install/final_shalpy:/opt/ros/humble /usr/bin/cmake /home/juanespadi/Documents/shalpy/proyecto_final_grupo_14/src/player_interfaces -DCMAKE_INSTALL_PREFIX=/home/juanespadi/Documents/shalpy/proyecto_final_grupo_14/install/player_interfaces
[1.473s] DEBUG:colcon.colcon_core.event_handler.log_command:Invoking command in '/home/juanespadi/Documents/shalpy/proyecto_final_grupo_14/src/final_shalpy': PYTHONPATH=/home/juanespadi/Documents/shalpy/proyecto_final_grupo_14/build/final_shalpy/prefix_override:/home/juanespadi/Documents/shalpy/proyecto_final_grupo_14/install/final_shalpy/lib/python3.10/site-packages:${PYTHONPATH} /usr/bin/python3 setup.py egg_info --egg-base ../../build/final_shalpy build --build-base /home/juanespadi/Documents/shalpy/proyecto_final_grupo_14/build/final_shalpy/build install --record /home/juanespadi/Documents/shalpy/proyecto_final_grupo_14/build/final_shalpy/install.log --single-version-externally-managed
[1.851s] DEBUG:colcon.colcon_core.event_handler.log_command:Invoked command in '/home/juanespadi/Documents/shalpy/proyecto_final_grupo_14/src/final_shalpy' returned '0': PYTHONPATH=/home/juanespadi/Documents/shalpy/proyecto_final_grupo_14/build/final_shalpy/prefix_override:/home/juanespadi/Documents/shalpy/proyecto_final_grupo_14/install/final_shalpy/lib/python3.10/site-packages:${PYTHONPATH} /usr/bin/python3 setup.py egg_info --egg-base ../../build/final_shalpy build --build-base /home/juanespadi/Documents/shalpy/proyecto_final_grupo_14/build/final_shalpy/build install --record /home/juanespadi/Documents/shalpy/proyecto_final_grupo_14/build/final_shalpy/install.log --single-version-externally-managed
[1.855s] Level 1:colcon.colcon_core.environment:checking '/home/juanespadi/Documents/shalpy/proyecto_final_grupo_14/install/final_shalpy' for CMake module files
[1.856s] Level 1:colcon.colcon_core.environment:checking '/home/juanespadi/Documents/shalpy/proyecto_final_grupo_14/install/final_shalpy' for CMake config files
[1.857s] Level 1:colcon.colcon_core.environment:checking '/home/juanespadi/Documents/shalpy/proyecto_final_grupo_14/install/final_shalpy/lib'
[1.857s] Level 1:colcon.colcon_core.environment:checking '/home/juanespadi/Documents/shalpy/proyecto_final_grupo_14/install/final_shalpy/bin'
[1.857s] Level 1:colcon.colcon_core.environment:checking '/home/juanespadi/Documents/shalpy/proyecto_final_grupo_14/install/final_shalpy/lib/pkgconfig/final_shalpy.pc'
[1.857s] Level 1:colcon.colcon_core.environment:checking '/home/juanespadi/Documents/shalpy/proyecto_final_grupo_14/install/final_shalpy/lib/python3.10/site-packages'
[1.857s] Level 1:colcon.colcon_core.shell:create_environment_hook('final_shalpy', 'pythonpath')
[1.859s] INFO:colcon.colcon_core.shell:Creating environment hook '/home/juanespadi/Documents/shalpy/proyecto_final_grupo_14/install/final_shalpy/share/final_shalpy/hook/pythonpath.ps1'
[1.859s] INFO:colcon.colcon_core.shell:Creating environment descriptor '/home/juanespadi/Documents/shalpy/proyecto_final_grupo_14/install/final_shalpy/share/final_shalpy/hook/pythonpath.dsv'
[1.859s] INFO:colcon.colcon_core.shell:Creating environment hook '/home/juanespadi/Documents/shalpy/proyecto_final_grupo_14/install/final_shalpy/share/final_shalpy/hook/pythonpath.sh'
[1.860s] Level 1:colcon.colcon_core.environment:checking '/home/juanespadi/Documents/shalpy/proyecto_final_grupo_14/install/final_shalpy/bin'
[1.860s] Level 1:colcon.colcon_core.environment:create_environment_scripts_only(final_shalpy)
[1.861s] INFO:colcon.colcon_core.shell:Creating package script '/home/juanespadi/Documents/shalpy/proyecto_final_grupo_14/install/final_shalpy/share/final_shalpy/package.ps1'
[1.862s] INFO:colcon.colcon_core.shell:Creating package descriptor '/home/juanespadi/Documents/shalpy/proyecto_final_grupo_14/install/final_shalpy/share/final_shalpy/package.dsv'
[1.863s] INFO:colcon.colcon_core.shell:Creating package script '/home/juanespadi/Documents/shalpy/proyecto_final_grupo_14/install/final_shalpy/share/final_shalpy/package.sh'
[1.863s] INFO:colcon.colcon_core.shell:Creating package script '/home/juanespadi/Documents/shalpy/proyecto_final_grupo_14/install/final_shalpy/share/final_shalpy/package.bash'
[1.864s] INFO:colcon.colcon_core.shell:Creating package script '/home/juanespadi/Documents/shalpy/proyecto_final_grupo_14/install/final_shalpy/share/final_shalpy/package.zsh'
[1.865s] Level 1:colcon.colcon_core.environment:create_file_with_runtime_dependencies(/home/juanespadi/Documents/shalpy/proyecto_final_grupo_14/install/final_shalpy/share/colcon-core/packages/final_shalpy)
[3.003s] DEBUG:colcon.colcon_core.event_handler.log_command:Invoked command in '/home/juanespadi/Documents/shalpy/proyecto_final_grupo_14/build/player_interfaces' returned '0': CMAKE_PREFIX_PATH=${CMAKE_PREFIX_PATH}:/home/juanespadi/Documents/shalpy/proyecto_final_grupo_14/install/final_shalpy:/opt/ros/humble /usr/bin/cmake /home/juanespadi/Documents/shalpy/proyecto_final_grupo_14/src/player_interfaces -DCMAKE_INSTALL_PREFIX=/home/juanespadi/Documents/shalpy/proyecto_final_grupo_14/install/player_interfaces
[3.005s] DEBUG:colcon.colcon_core.event_handler.log_command:Invoking command in '/home/juanespadi/Documents/shalpy/proyecto_final_grupo_14/build/player_interfaces': CMAKE_PREFIX_PATH=${CMAKE_PREFIX_PATH}:/home/juanespadi/Documents/shalpy/proyecto_final_grupo_14/install/final_shalpy:/opt/ros/humble /usr/bin/cmake --build /home/juanespadi/Documents/shalpy/proyecto_final_grupo_14/build/player_interfaces -- -j8 -l8
[9.149s] DEBUG:colcon.colcon_core.event_handler.log_command:Invoked command in '/home/juanespadi/Documents/shalpy/proyecto_final_grupo_14/build/player_interfaces' returned '0': CMAKE_PREFIX_PATH=${CMAKE_PREFIX_PATH}:/home/juanespadi/Documents/shalpy/proyecto_final_grupo_14/install/final_shalpy:/opt/ros/humble /usr/bin/cmake --build /home/juanespadi/Documents/shalpy/proyecto_final_grupo_14/build/player_interfaces -- -j8 -l8
[9.997s] DEBUG:colcon.colcon_core.event_handler.log_command:Invoking command in '/home/juanespadi/Documents/shalpy/proyecto_final_grupo_14/build/player_interfaces': CMAKE_PREFIX_PATH=${CMAKE_PREFIX_PATH}:/home/juanespadi/Documents/shalpy/proyecto_final_grupo_14/install/final_shalpy:/opt/ros/humble /usr/bin/cmake --install /home/juanespadi/Documents/shalpy/proyecto_final_grupo_14/build/player_interfaces
[10.656s] Level 1:colcon.colcon_core.environment:create_environment_scripts_only(player_interfaces)
[10.675s] DEBUG:colcon.colcon_core.event_handler.log_command:Invoked command in '/home/juanespadi/Documents/shalpy/proyecto_final_grupo_14/build/player_interfaces' returned '0': CMAKE_PREFIX_PATH=${CMAKE_PREFIX_PATH}:/home/juanespadi/Documents/shalpy/proyecto_final_grupo_14/install/final_shalpy:/opt/ros/humble /usr/bin/cmake --install /home/juanespadi/Documents/shalpy/proyecto_final_grupo_14/build/player_interfaces
[10.685s] Level 1:colcon.colcon_core.environment:checking '/home/juanespadi/Documents/shalpy/proyecto_final_grupo_14/install/player_interfaces' for CMake module files
[10.692s] Level 1:colcon.colcon_core.environment:checking '/home/juanespadi/Documents/shalpy/proyecto_final_grupo_14/install/player_interfaces' for CMake config files
[10.698s] Level 1:colcon.colcon_core.shell:create_environment_hook('player_interfaces', 'cmake_prefix_path')
[10.708s] INFO:colcon.colcon_core.shell:Creating environment hook '/home/juanespadi/Documents/shalpy/proyecto_final_grupo_14/install/player_interfaces/share/player_interfaces/hook/cmake_prefix_path.ps1'
[10.712s] INFO:colcon.colcon_core.shell:Creating environment descriptor '/home/juanespadi/Documents/shalpy/proyecto_final_grupo_14/install/player_interfaces/share/player_interfaces/hook/cmake_prefix_path.dsv'
[10.715s] INFO:colcon.colcon_core.shell:Creating environment hook '/home/juanespadi/Documents/shalpy/proyecto_final_grupo_14/install/player_interfaces/share/player_interfaces/hook/cmake_prefix_path.sh'
[10.718s] Level 1:colcon.colcon_core.environment:checking '/home/juanespadi/Documents/shalpy/proyecto_final_grupo_14/install/player_interfaces/lib'
[10.719s] Level 1:colcon.colcon_core.shell:create_environment_hook('player_interfaces', 'ld_library_path_lib')
[10.729s] INFO:colcon.colcon_core.shell:Creating environment hook '/home/juanespadi/Documents/shalpy/proyecto_final_grupo_14/install/player_interfaces/share/player_interfaces/hook/ld_library_path_lib.ps1'
[10.731s] INFO:colcon.colcon_core.shell:Creating environment descriptor '/home/juanespadi/Documents/shalpy/proyecto_final_grupo_14/install/player_interfaces/share/player_interfaces/hook/ld_library_path_lib.dsv'
[10.734s] INFO:colcon.colcon_core.shell:Creating environment hook '/home/juanespadi/Documents/shalpy/proyecto_final_grupo_14/install/player_interfaces/share/player_interfaces/hook/ld_library_path_lib.sh'
[10.736s] Level 1:colcon.colcon_core.environment:checking '/home/juanespadi/Documents/shalpy/proyecto_final_grupo_14/install/player_interfaces/bin'
[10.737s] Level 1:colcon.colcon_core.environment:checking '/home/juanespadi/Documents/shalpy/proyecto_final_grupo_14/install/player_interfaces/lib/pkgconfig/player_interfaces.pc'
[10.739s] Level 1:colcon.colcon_core.environment:checking '/home/juanespadi/Documents/shalpy/proyecto_final_grupo_14/install/player_interfaces/lib/python3.10/site-packages'
[10.740s] Level 1:colcon.colcon_core.environment:checking '/home/juanespadi/Documents/shalpy/proyecto_final_grupo_14/install/player_interfaces/bin'
[10.751s] INFO:colcon.colcon_core.shell:Creating package script '/home/juanespadi/Documents/shalpy/proyecto_final_grupo_14/install/player_interfaces/share/player_interfaces/package.ps1'
[10.755s] INFO:colcon.colcon_core.shell:Creating package descriptor '/home/juanespadi/Documents/shalpy/proyecto_final_grupo_14/install/player_interfaces/share/player_interfaces/package.dsv'
[10.758s] INFO:colcon.colcon_core.shell:Creating package script '/home/juanespadi/Documents/shalpy/proyecto_final_grupo_14/install/player_interfaces/share/player_interfaces/package.sh'
[10.761s] INFO:colcon.colcon_core.shell:Creating package script '/home/juanespadi/Documents/shalpy/proyecto_final_grupo_14/install/player_interfaces/share/player_interfaces/package.bash'
[10.763s] INFO:colcon.colcon_core.shell:Creating package script '/home/juanespadi/Documents/shalpy/proyecto_final_grupo_14/install/player_interfaces/share/player_interfaces/package.zsh'
[10.765s] Level 1:colcon.colcon_core.environment:create_file_with_runtime_dependencies(/home/juanespadi/Documents/shalpy/proyecto_final_grupo_14/install/player_interfaces/share/colcon-core/packages/player_interfaces)
[11.552s] Level 1:colcon.colcon_core.environment:create_environment_scripts_only(player_interfaces)
[11.569s] Level 1:colcon.colcon_core.environment:checking '/home/juanespadi/Documents/shalpy/proyecto_final_grupo_14/install/player_interfaces' for CMake module files
[11.574s] Level 1:colcon.colcon_core.environment:checking '/home/juanespadi/Documents/shalpy/proyecto_final_grupo_14/install/player_interfaces' for CMake config files
[11.583s] Level 1:colcon.colcon_core.shell:create_environment_hook('player_interfaces', 'cmake_prefix_path')
[11.594s] INFO:colcon.colcon_core.shell:Creating environment hook '/home/juanespadi/Documents/shalpy/proyecto_final_grupo_14/install/player_interfaces/share/player_interfaces/hook/cmake_prefix_path.ps1'
[11.597s] INFO:colcon.colcon_core.shell:Creating environment descriptor '/home/juanespadi/Documents/shalpy/proyecto_final_grupo_14/install/player_interfaces/share/player_interfaces/hook/cmake_prefix_path.dsv'
[11.599s] INFO:colcon.colcon_core.shell:Creating environment hook '/home/juanespadi/Documents/shalpy/proyecto_final_grupo_14/install/player_interfaces/share/player_interfaces/hook/cmake_prefix_path.sh'
[11.603s] Level 1:colcon.colcon_core.environment:checking '/home/juanespadi/Documents/shalpy/proyecto_final_grupo_14/install/player_interfaces/lib'
[11.603s] Level 1:colcon.colcon_core.shell:create_environment_hook('player_interfaces', 'ld_library_path_lib')
[11.614s] INFO:colcon.colcon_core.shell:Creating environment hook '/home/juanespadi/Documents/shalpy/proyecto_final_grupo_14/install/player_interfaces/share/player_interfaces/hook/ld_library_path_lib.ps1'
[11.616s] INFO:colcon.colcon_core.shell:Creating environment descriptor '/home/juanespadi/Documents/shalpy/proyecto_final_grupo_14/install/player_interfaces/share/player_interfaces/hook/ld_library_path_lib.dsv'
[11.618s] INFO:colcon.colcon_core.shell:Creating environment hook '/home/juanespadi/Documents/shalpy/proyecto_final_grupo_14/install/player_interfaces/share/player_interfaces/hook/ld_library_path_lib.sh'
[11.622s] Level 1:colcon.colcon_core.environment:checking '/home/juanespadi/Documents/shalpy/proyecto_final_grupo_14/install/player_interfaces/bin'
[11.623s] Level 1:colcon.colcon_core.environment:checking '/home/juanespadi/Documents/shalpy/proyecto_final_grupo_14/install/player_interfaces/lib/pkgconfig/player_interfaces.pc'
[11.625s] Level 1:colcon.colcon_core.environment:checking '/home/juanespadi/Documents/shalpy/proyecto_final_grupo_14/install/player_interfaces/lib/python3.10/site-packages'
[11.626s] Level 1:colcon.colcon_core.environment:checking '/home/juanespadi/Documents/shalpy/proyecto_final_grupo_14/install/player_interfaces/bin'
[11.638s] INFO:colcon.colcon_core.shell:Creating package script '/home/juanespadi/Documents/shalpy/proyecto_final_grupo_14/install/player_interfaces/share/player_interfaces/package.ps1'
[11.642s] INFO:colcon.colcon_core.shell:Creating package descriptor '/home/juanespadi/Documents/shalpy/proyecto_final_grupo_14/install/player_interfaces/share/player_interfaces/package.dsv'
[11.646s] INFO:colcon.colcon_core.shell:Creating package script '/home/juanespadi/Documents/shalpy/proyecto_final_grupo_14/install/player_interfaces/share/player_interfaces/package.sh'
[11.649s] INFO:colcon.colcon_core.shell:Creating package script '/home/juanespadi/Documents/shalpy/proyecto_final_grupo_14/install/player_interfaces/share/player_interfaces/package.bash'
[11.653s] INFO:colcon.colcon_core.shell:Creating package script '/home/juanespadi/Documents/shalpy/proyecto_final_grupo_14/install/player_interfaces/share/player_interfaces/package.zsh'
[11.657s] Level 1:colcon.colcon_core.environment:create_file_with_runtime_dependencies(/home/juanespadi/Documents/shalpy/proyecto_final_grupo_14/install/player_interfaces/share/colcon-core/packages/player_interfaces)
[11.660s] DEBUG:colcon.colcon_parallel_executor.executor.parallel:closing loop
[11.663s] DEBUG:colcon.colcon_parallel_executor.executor.parallel:loop closed
[11.664s] DEBUG:colcon.colcon_parallel_executor.executor.parallel:run_until_complete finished with '0'
[11.666s] DEBUG:colcon.colcon_core.event_reactor:joining thread
[11.718s] INFO:colcon.colcon_core.plugin_system:Skipping extension 'colcon_notification.desktop_notification.terminal_notifier': Not used on non-Darwin systems
[11.719s] INFO:colcon.colcon_core.plugin_system:Skipping extension 'colcon_notification.desktop_notification.win32': Not used on non-Windows systems
[11.719s] INFO:colcon.colcon_notification.desktop_notification:Sending desktop notification using 'notify2'
[11.881s] DEBUG:colcon.colcon_core.event_reactor:joined thread
[11.901s] INFO:colcon.colcon_core.shell:Creating prefix script '/home/juanespadi/Documents/shalpy/proyecto_final_grupo_14/install/local_setup.ps1'
[11.911s] INFO:colcon.colcon_core.shell:Creating prefix util module '/home/juanespadi/Documents/shalpy/proyecto_final_grupo_14/install/_local_setup_util_ps1.py'
[11.931s] INFO:colcon.colcon_core.shell:Creating prefix chain script '/home/juanespadi/Documents/shalpy/proyecto_final_grupo_14/install/setup.ps1'
[11.943s] INFO:colcon.colcon_core.shell:Creating prefix script '/home/juanespadi/Documents/shalpy/proyecto_final_grupo_14/install/local_setup.sh'
[11.947s] INFO:colcon.colcon_core.shell:Creating prefix util module '/home/juanespadi/Documents/shalpy/proyecto_final_grupo_14/install/_local_setup_util_sh.py'
[11.951s] INFO:colcon.colcon_core.shell:Creating prefix chain script '/home/juanespadi/Documents/shalpy/proyecto_final_grupo_14/install/setup.sh'
[11.964s] INFO:colcon.colcon_core.shell:Creating prefix script '/home/juanespadi/Documents/shalpy/proyecto_final_grupo_14/install/local_setup.bash'
[11.969s] INFO:colcon.colcon_core.shell:Creating prefix chain script '/home/juanespadi/Documents/shalpy/proyecto_final_grupo_14/install/setup.bash'
[11.982s] INFO:colcon.colcon_core.shell:Creating prefix script '/home/juanespadi/Documents/shalpy/proyecto_final_grupo_14/install/local_setup.zsh'
[11.986s] INFO:colcon.colcon_core.shell:Creating prefix chain script '/home/juanespadi/Documents/shalpy/proyecto_final_grupo_14/install/setup.zsh'
