[0.101s] Invoking command in '/home/ubuntu/Documents/shalpy/taller1_grupo14/build/player_interfaces': CMAKE_PREFIX_PATH=${CMAKE_PREFIX_PATH}:/home/ubuntu/Documents/shalpy/taller1_grupo14/install/turtle_bot_14:/opt/ros/humble /usr/bin/cmake --build /home/ubuntu/Documents/shalpy/taller1_grupo14/build/player_interfaces -- -j4 -l4
[0.356s] [  3%] Built target player_interfaces__cpp
[0.371s] [ 12%] Built target player_interfaces__rosidl_generator_c
[0.431s] [ 12%] Built target ament_cmake_python_copy_player_interfaces
[0.509s] [ 22%] Built target player_interfaces__rosidl_typesupport_fastrtps_cpp
[0.523s] [ 32%] Built target player_interfaces__rosidl_typesupport_cpp
[0.599s] [ 41%] Built target player_interfaces__rosidl_typesupport_introspection_cpp
[0.609s] [ 51%] Built target player_interfaces__rosidl_typesupport_fastrtps_c
[0.653s] [ 61%] Built target player_interfaces__rosidl_typesupport_introspection_c
[0.663s] [ 70%] Built target player_interfaces__rosidl_typesupport_c
[0.765s] [ 70%] Built target player_interfaces
[0.870s] [ 74%] Built target player_interfaces__py
[0.985s] [ 80%] Built target player_interfaces__rosidl_generator_py
[1.125s] [ 87%] Built target player_interfaces__rosidl_typesupport_fastrtps_c__pyext
[1.160s] [ 93%] Built target player_interfaces__rosidl_typesupport_introspection_c__pyext
[1.169s] [100%] Built target player_interfaces__rosidl_typesupport_c__pyext
[1.921s] running egg_info
[1.925s] writing player_interfaces.egg-info/PKG-INFO
[1.926s] writing dependency_links to player_interfaces.egg-info/dependency_links.txt
[1.927s] writing top-level names to player_interfaces.egg-info/top_level.txt
[1.943s] reading manifest file 'player_interfaces.egg-info/SOURCES.txt'
[1.947s] writing manifest file 'player_interfaces.egg-info/SOURCES.txt'
[2.089s] [100%] Built target ament_cmake_python_build_player_interfaces_egg
[2.137s] Invoked command in '/home/ubuntu/Documents/shalpy/taller1_grupo14/build/player_interfaces' returned '0': CMAKE_PREFIX_PATH=${CMAKE_PREFIX_PATH}:/home/ubuntu/Documents/shalpy/taller1_grupo14/install/turtle_bot_14:/opt/ros/humble /usr/bin/cmake --build /home/ubuntu/Documents/shalpy/taller1_grupo14/build/player_interfaces -- -j4 -l4
[2.533s] Invoking command in '/home/ubuntu/Documents/shalpy/taller1_grupo14/build/player_interfaces': CMAKE_PREFIX_PATH=${CMAKE_PREFIX_PATH}:/home/ubuntu/Documents/shalpy/taller1_grupo14/install/turtle_bot_14:/opt/ros/humble /usr/bin/cmake --install /home/ubuntu/Documents/shalpy/taller1_grupo14/build/player_interfaces
[2.566s] -- Install configuration: ""
[2.567s] -- Up-to-date: /home/ubuntu/Documents/shalpy/taller1_grupo14/install/player_interfaces/share/ament_index/resource_index/rosidl_interfaces/player_interfaces
[2.567s] -- Up-to-date: /home/ubuntu/Documents/shalpy/taller1_grupo14/install/player_interfaces/include/player_interfaces/player_interfaces
[2.568s] -- Up-to-date: /home/ubuntu/Documents/shalpy/taller1_grupo14/install/player_interfaces/include/player_interfaces/player_interfaces/msg
[2.569s] -- Up-to-date: /home/ubuntu/Documents/shalpy/taller1_grupo14/install/player_interfaces/include/player_interfaces/player_interfaces/msg/rosidl_generator_c__visibility_control.h
[2.569s] -- Up-to-date: /home/ubuntu/Documents/shalpy/taller1_grupo14/install/player_interfaces/include/player_interfaces/player_interfaces/srv
[2.570s] -- Up-to-date: /home/ubuntu/Documents/shalpy/taller1_grupo14/install/player_interfaces/include/player_interfaces/player_interfaces/srv/detail
[2.570s] -- Up-to-date: /home/ubuntu/Documents/shalpy/taller1_grupo14/install/player_interfaces/include/player_interfaces/player_interfaces/srv/detail/player__type_support.h
[2.571s] -- Up-to-date: /home/ubuntu/Documents/shalpy/taller1_grupo14/install/player_interfaces/include/player_interfaces/player_interfaces/srv/detail/player__functions.c
[2.572s] -- Up-to-date: /home/ubuntu/Documents/shalpy/taller1_grupo14/install/player_interfaces/include/player_interfaces/player_interfaces/srv/detail/player__struct.h
[2.572s] -- Up-to-date: /home/ubuntu/Documents/shalpy/taller1_grupo14/install/player_interfaces/include/player_interfaces/player_interfaces/srv/detail/player__functions.h
[2.573s] -- Up-to-date: /home/ubuntu/Documents/shalpy/taller1_grupo14/install/player_interfaces/include/player_interfaces/player_interfaces/srv/player.h
[2.573s] -- Up-to-date: /home/ubuntu/Documents/shalpy/taller1_grupo14/install/player_interfaces/share/player_interfaces/environment/library_path.sh
[2.574s] -- Up-to-date: /home/ubuntu/Documents/shalpy/taller1_grupo14/install/player_interfaces/share/player_interfaces/environment/library_path.dsv
[2.574s] -- Up-to-date: /home/ubuntu/Documents/shalpy/taller1_grupo14/install/player_interfaces/lib/libplayer_interfaces__rosidl_generator_c.so
[2.576s] -- Up-to-date: /home/ubuntu/Documents/shalpy/taller1_grupo14/install/player_interfaces/include/player_interfaces/player_interfaces
[2.576s] -- Up-to-date: /home/ubuntu/Documents/shalpy/taller1_grupo14/install/player_interfaces/include/player_interfaces/player_interfaces/msg
[2.577s] -- Up-to-date: /home/ubuntu/Documents/shalpy/taller1_grupo14/install/player_interfaces/include/player_interfaces/player_interfaces/msg/rosidl_typesupport_fastrtps_c__visibility_control.h
[2.578s] -- Up-to-date: /home/ubuntu/Documents/shalpy/taller1_grupo14/install/player_interfaces/include/player_interfaces/player_interfaces/srv
[2.578s] -- Up-to-date: /home/ubuntu/Documents/shalpy/taller1_grupo14/install/player_interfaces/include/player_interfaces/player_interfaces/srv/detail
[2.579s] -- Up-to-date: /home/ubuntu/Documents/shalpy/taller1_grupo14/install/player_interfaces/include/player_interfaces/player_interfaces/srv/detail/player__rosidl_typesupport_fastrtps_c.h
[2.580s] -- Up-to-date: /home/ubuntu/Documents/shalpy/taller1_grupo14/install/player_interfaces/lib/libplayer_interfaces__rosidl_typesupport_fastrtps_c.so
[2.582s] -- Up-to-date: /home/ubuntu/Documents/shalpy/taller1_grupo14/install/player_interfaces/include/player_interfaces/player_interfaces
[2.582s] -- Up-to-date: /home/ubuntu/Documents/shalpy/taller1_grupo14/install/player_interfaces/include/player_interfaces/player_interfaces/srv
[2.583s] -- Up-to-date: /home/ubuntu/Documents/shalpy/taller1_grupo14/install/player_interfaces/include/player_interfaces/player_interfaces/srv/player.hpp
[2.584s] -- Up-to-date: /home/ubuntu/Documents/shalpy/taller1_grupo14/install/player_interfaces/include/player_interfaces/player_interfaces/srv/detail
[2.584s] -- Up-to-date: /home/ubuntu/Documents/shalpy/taller1_grupo14/install/player_interfaces/include/player_interfaces/player_interfaces/srv/detail/player__traits.hpp
[2.585s] -- Up-to-date: /home/ubuntu/Documents/shalpy/taller1_grupo14/install/player_interfaces/include/player_interfaces/player_interfaces/srv/detail/player__struct.hpp
[2.586s] -- Up-to-date: /home/ubuntu/Documents/shalpy/taller1_grupo14/install/player_interfaces/include/player_interfaces/player_interfaces/srv/detail/player__builder.hpp
[2.586s] -- Up-to-date: /home/ubuntu/Documents/shalpy/taller1_grupo14/install/player_interfaces/include/player_interfaces/player_interfaces
[2.587s] -- Up-to-date: /home/ubuntu/Documents/shalpy/taller1_grupo14/install/player_interfaces/include/player_interfaces/player_interfaces/msg
[2.588s] -- Up-to-date: /home/ubuntu/Documents/shalpy/taller1_grupo14/install/player_interfaces/include/player_interfaces/player_interfaces/msg/rosidl_typesupport_fastrtps_cpp__visibility_control.h
[2.588s] -- Up-to-date: /home/ubuntu/Documents/shalpy/taller1_grupo14/install/player_interfaces/include/player_interfaces/player_interfaces/srv
[2.588s] -- Up-to-date: /home/ubuntu/Documents/shalpy/taller1_grupo14/install/player_interfaces/include/player_interfaces/player_interfaces/srv/detail
[2.589s] -- Up-to-date: /home/ubuntu/Documents/shalpy/taller1_grupo14/install/player_interfaces/include/player_interfaces/player_interfaces/srv/detail/dds_fastrtps
[2.589s] -- Up-to-date: /home/ubuntu/Documents/shalpy/taller1_grupo14/install/player_interfaces/include/player_interfaces/player_interfaces/srv/detail/player__rosidl_typesupport_fastrtps_cpp.hpp
[2.590s] -- Up-to-date: /home/ubuntu/Documents/shalpy/taller1_grupo14/install/player_interfaces/lib/libplayer_interfaces__rosidl_typesupport_fastrtps_cpp.so
[2.591s] -- Up-to-date: /home/ubuntu/Documents/shalpy/taller1_grupo14/install/player_interfaces/include/player_interfaces/player_interfaces
[2.592s] -- Up-to-date: /home/ubuntu/Documents/shalpy/taller1_grupo14/install/player_interfaces/include/player_interfaces/player_interfaces/msg
[2.593s] -- Up-to-date: /home/ubuntu/Documents/shalpy/taller1_grupo14/install/player_interfaces/include/player_interfaces/player_interfaces/msg/rosidl_typesupport_introspection_c__visibility_control.h
[2.593s] -- Up-to-date: /home/ubuntu/Documents/shalpy/taller1_grupo14/install/player_interfaces/include/player_interfaces/player_interfaces/srv
[2.594s] -- Up-to-date: /home/ubuntu/Documents/shalpy/taller1_grupo14/install/player_interfaces/include/player_interfaces/player_interfaces/srv/detail
[2.594s] -- Up-to-date: /home/ubuntu/Documents/shalpy/taller1_grupo14/install/player_interfaces/include/player_interfaces/player_interfaces/srv/detail/player__rosidl_typesupport_introspection_c.h
[2.595s] -- Up-to-date: /home/ubuntu/Documents/shalpy/taller1_grupo14/install/player_interfaces/include/player_interfaces/player_interfaces/srv/detail/player__type_support.c
[2.596s] -- Up-to-date: /home/ubuntu/Documents/shalpy/taller1_grupo14/install/player_interfaces/lib/libplayer_interfaces__rosidl_typesupport_introspection_c.so
[2.598s] -- Up-to-date: /home/ubuntu/Documents/shalpy/taller1_grupo14/install/player_interfaces/lib/libplayer_interfaces__rosidl_typesupport_c.so
[2.600s] -- Up-to-date: /home/ubuntu/Documents/shalpy/taller1_grupo14/install/player_interfaces/include/player_interfaces/player_interfaces
[2.601s] -- Up-to-date: /home/ubuntu/Documents/shalpy/taller1_grupo14/install/player_interfaces/include/player_interfaces/player_interfaces/srv
[2.601s] -- Up-to-date: /home/ubuntu/Documents/shalpy/taller1_grupo14/install/player_interfaces/include/player_interfaces/player_interfaces/srv/detail
[2.602s] -- Up-to-date: /home/ubuntu/Documents/shalpy/taller1_grupo14/install/player_interfaces/include/player_interfaces/player_interfaces/srv/detail/player__type_support.cpp
[2.602s] -- Up-to-date: /home/ubuntu/Documents/shalpy/taller1_grupo14/install/player_interfaces/include/player_interfaces/player_interfaces/srv/detail/player__rosidl_typesupport_introspection_cpp.hpp
[2.604s] -- Up-to-date: /home/ubuntu/Documents/shalpy/taller1_grupo14/install/player_interfaces/lib/libplayer_interfaces__rosidl_typesupport_introspection_cpp.so
[2.606s] -- Up-to-date: /home/ubuntu/Documents/shalpy/taller1_grupo14/install/player_interfaces/lib/libplayer_interfaces__rosidl_typesupport_cpp.so
[2.608s] -- Up-to-date: /home/ubuntu/Documents/shalpy/taller1_grupo14/install/player_interfaces/share/player_interfaces/environment/pythonpath.sh
[2.609s] -- Up-to-date: /home/ubuntu/Documents/shalpy/taller1_grupo14/install/player_interfaces/share/player_interfaces/environment/pythonpath.dsv
[2.609s] -- Up-to-date: /home/ubuntu/Documents/shalpy/taller1_grupo14/install/player_interfaces/local/lib/python3.10/dist-packages/player_interfaces-0.0.0-py3.10.egg-info
[2.610s] -- Installing: /home/ubuntu/Documents/shalpy/taller1_grupo14/install/player_interfaces/local/lib/python3.10/dist-packages/player_interfaces-0.0.0-py3.10.egg-info/dependency_links.txt
[2.612s] -- Installing: /home/ubuntu/Documents/shalpy/taller1_grupo14/install/player_interfaces/local/lib/python3.10/dist-packages/player_interfaces-0.0.0-py3.10.egg-info/top_level.txt
[2.613s] -- Installing: /home/ubuntu/Documents/shalpy/taller1_grupo14/install/player_interfaces/local/lib/python3.10/dist-packages/player_interfaces-0.0.0-py3.10.egg-info/SOURCES.txt
[2.615s] -- Installing: /home/ubuntu/Documents/shalpy/taller1_grupo14/install/player_interfaces/local/lib/python3.10/dist-packages/player_interfaces-0.0.0-py3.10.egg-info/PKG-INFO
[2.617s] -- Up-to-date: /home/ubuntu/Documents/shalpy/taller1_grupo14/install/player_interfaces/local/lib/python3.10/dist-packages/player_interfaces
[2.618s] -- Up-to-date: /home/ubuntu/Documents/shalpy/taller1_grupo14/install/player_interfaces/local/lib/python3.10/dist-packages/player_interfaces/player_interfaces_s__rosidl_typesupport_introspection_c.cpython-310-aarch64-linux-gnu.so
[2.619s] -- Up-to-date: /home/ubuntu/Documents/shalpy/taller1_grupo14/install/player_interfaces/local/lib/python3.10/dist-packages/player_interfaces/player_interfaces_s__rosidl_typesupport_fastrtps_c.cpython-310-aarch64-linux-gnu.so
[2.619s] -- Up-to-date: /home/ubuntu/Documents/shalpy/taller1_grupo14/install/player_interfaces/local/lib/python3.10/dist-packages/player_interfaces/__init__.py
[2.620s] -- Up-to-date: /home/ubuntu/Documents/shalpy/taller1_grupo14/install/player_interfaces/local/lib/python3.10/dist-packages/player_interfaces/player_interfaces_s__rosidl_typesupport_c.cpython-310-aarch64-linux-gnu.so
[2.622s] -- Up-to-date: /home/ubuntu/Documents/shalpy/taller1_grupo14/install/player_interfaces/local/lib/python3.10/dist-packages/player_interfaces/libplayer_interfaces__rosidl_generator_py.so
[2.622s] -- Up-to-date: /home/ubuntu/Documents/shalpy/taller1_grupo14/install/player_interfaces/local/lib/python3.10/dist-packages/player_interfaces/_player_interfaces_s.ep.rosidl_typesupport_introspection_c.c
[2.623s] -- Up-to-date: /home/ubuntu/Documents/shalpy/taller1_grupo14/install/player_interfaces/local/lib/python3.10/dist-packages/player_interfaces/srv
[2.624s] -- Up-to-date: /home/ubuntu/Documents/shalpy/taller1_grupo14/install/player_interfaces/local/lib/python3.10/dist-packages/player_interfaces/srv/_player.py
[2.624s] -- Up-to-date: /home/ubuntu/Documents/shalpy/taller1_grupo14/install/player_interfaces/local/lib/python3.10/dist-packages/player_interfaces/srv/__init__.py
[2.625s] -- Up-to-date: /home/ubuntu/Documents/shalpy/taller1_grupo14/install/player_interfaces/local/lib/python3.10/dist-packages/player_interfaces/srv/_player_s.c
[2.625s] -- Up-to-date: /home/ubuntu/Documents/shalpy/taller1_grupo14/install/player_interfaces/local/lib/python3.10/dist-packages/player_interfaces/_player_interfaces_s.ep.rosidl_typesupport_c.c
[2.625s] -- Up-to-date: /home/ubuntu/Documents/shalpy/taller1_grupo14/install/player_interfaces/local/lib/python3.10/dist-packages/player_interfaces/_player_interfaces_s.ep.rosidl_typesupport_fastrtps_c.c
[2.789s] Listing '/home/ubuntu/Documents/shalpy/taller1_grupo14/install/player_interfaces/local/lib/python3.10/dist-packages/player_interfaces'...
[2.790s] Listing '/home/ubuntu/Documents/shalpy/taller1_grupo14/install/player_interfaces/local/lib/python3.10/dist-packages/player_interfaces/srv'...
[2.816s] -- Up-to-date: /home/ubuntu/Documents/shalpy/taller1_grupo14/install/player_interfaces/local/lib/python3.10/dist-packages/player_interfaces/player_interfaces_s__rosidl_typesupport_fastrtps_c.cpython-310-aarch64-linux-gnu.so
[2.819s] -- Up-to-date: /home/ubuntu/Documents/shalpy/taller1_grupo14/install/player_interfaces/local/lib/python3.10/dist-packages/player_interfaces/player_interfaces_s__rosidl_typesupport_introspection_c.cpython-310-aarch64-linux-gnu.so
[2.822s] -- Up-to-date: /home/ubuntu/Documents/shalpy/taller1_grupo14/install/player_interfaces/local/lib/python3.10/dist-packages/player_interfaces/player_interfaces_s__rosidl_typesupport_c.cpython-310-aarch64-linux-gnu.so
[2.825s] -- Up-to-date: /home/ubuntu/Documents/shalpy/taller1_grupo14/install/player_interfaces/lib/libplayer_interfaces__rosidl_generator_py.so
[2.827s] -- Up-to-date: /home/ubuntu/Documents/shalpy/taller1_grupo14/install/player_interfaces/share/player_interfaces/srv/Player.idl
[2.827s] -- Up-to-date: /home/ubuntu/Documents/shalpy/taller1_grupo14/install/player_interfaces/share/player_interfaces/srv/Player.srv
[2.828s] -- Up-to-date: /home/ubuntu/Documents/shalpy/taller1_grupo14/install/player_interfaces/share/player_interfaces/srv/Player_Request.msg
[2.829s] -- Up-to-date: /home/ubuntu/Documents/shalpy/taller1_grupo14/install/player_interfaces/share/player_interfaces/srv/Player_Response.msg
[2.829s] -- Up-to-date: /home/ubuntu/Documents/shalpy/taller1_grupo14/install/player_interfaces/share/ament_index/resource_index/package_run_dependencies/player_interfaces
[2.830s] -- Up-to-date: /home/ubuntu/Documents/shalpy/taller1_grupo14/install/player_interfaces/share/ament_index/resource_index/parent_prefix_path/player_interfaces
[2.830s] -- Up-to-date: /home/ubuntu/Documents/shalpy/taller1_grupo14/install/player_interfaces/share/player_interfaces/environment/ament_prefix_path.sh
[2.831s] -- Up-to-date: /home/ubuntu/Documents/shalpy/taller1_grupo14/install/player_interfaces/share/player_interfaces/environment/ament_prefix_path.dsv
[2.832s] -- Up-to-date: /home/ubuntu/Documents/shalpy/taller1_grupo14/install/player_interfaces/share/player_interfaces/environment/path.sh
[2.833s] -- Up-to-date: /home/ubuntu/Documents/shalpy/taller1_grupo14/install/player_interfaces/share/player_interfaces/environment/path.dsv
[2.833s] -- Up-to-date: /home/ubuntu/Documents/shalpy/taller1_grupo14/install/player_interfaces/share/player_interfaces/local_setup.bash
[2.834s] -- Up-to-date: /home/ubuntu/Documents/shalpy/taller1_grupo14/install/player_interfaces/share/player_interfaces/local_setup.sh
[2.835s] -- Up-to-date: /home/ubuntu/Documents/shalpy/taller1_grupo14/install/player_interfaces/share/player_interfaces/local_setup.zsh
[2.835s] -- Up-to-date: /home/ubuntu/Documents/shalpy/taller1_grupo14/install/player_interfaces/share/player_interfaces/local_setup.dsv
[2.836s] -- Installing: /home/ubuntu/Documents/shalpy/taller1_grupo14/install/player_interfaces/share/player_interfaces/package.dsv
[2.837s] -- Up-to-date: /home/ubuntu/Documents/shalpy/taller1_grupo14/install/player_interfaces/share/ament_index/resource_index/packages/player_interfaces
[2.838s] -- Up-to-date: /home/ubuntu/Documents/shalpy/taller1_grupo14/install/player_interfaces/share/player_interfaces/cmake/export_player_interfaces__rosidl_generator_cExport.cmake
[2.838s] -- Up-to-date: /home/ubuntu/Documents/shalpy/taller1_grupo14/install/player_interfaces/share/player_interfaces/cmake/export_player_interfaces__rosidl_generator_cExport-noconfig.cmake
[2.840s] -- Up-to-date: /home/ubuntu/Documents/shalpy/taller1_grupo14/install/player_interfaces/share/player_interfaces/cmake/export_player_interfaces__rosidl_typesupport_fastrtps_cExport.cmake
[2.840s] -- Up-to-date: /home/ubuntu/Documents/shalpy/taller1_grupo14/install/player_interfaces/share/player_interfaces/cmake/export_player_interfaces__rosidl_typesupport_fastrtps_cExport-noconfig.cmake
[2.841s] -- Up-to-date: /home/ubuntu/Documents/shalpy/taller1_grupo14/install/player_interfaces/share/player_interfaces/cmake/export_player_interfaces__rosidl_generator_cppExport.cmake
[2.843s] -- Up-to-date: /home/ubuntu/Documents/shalpy/taller1_grupo14/install/player_interfaces/share/player_interfaces/cmake/export_player_interfaces__rosidl_typesupport_fastrtps_cppExport.cmake
[2.843s] -- Up-to-date: /home/ubuntu/Documents/shalpy/taller1_grupo14/install/player_interfaces/share/player_interfaces/cmake/export_player_interfaces__rosidl_typesupport_fastrtps_cppExport-noconfig.cmake
[2.845s] -- Up-to-date: /home/ubuntu/Documents/shalpy/taller1_grupo14/install/player_interfaces/share/player_interfaces/cmake/player_interfaces__rosidl_typesupport_introspection_cExport.cmake
[2.845s] -- Up-to-date: /home/ubuntu/Documents/shalpy/taller1_grupo14/install/player_interfaces/share/player_interfaces/cmake/player_interfaces__rosidl_typesupport_introspection_cExport-noconfig.cmake
[2.847s] -- Up-to-date: /home/ubuntu/Documents/shalpy/taller1_grupo14/install/player_interfaces/share/player_interfaces/cmake/player_interfaces__rosidl_typesupport_cExport.cmake
[2.847s] -- Up-to-date: /home/ubuntu/Documents/shalpy/taller1_grupo14/install/player_interfaces/share/player_interfaces/cmake/player_interfaces__rosidl_typesupport_cExport-noconfig.cmake
[2.848s] -- Up-to-date: /home/ubuntu/Documents/shalpy/taller1_grupo14/install/player_interfaces/share/player_interfaces/cmake/player_interfaces__rosidl_typesupport_introspection_cppExport.cmake
[2.849s] -- Up-to-date: /home/ubuntu/Documents/shalpy/taller1_grupo14/install/player_interfaces/share/player_interfaces/cmake/player_interfaces__rosidl_typesupport_introspection_cppExport-noconfig.cmake
[2.850s] -- Up-to-date: /home/ubuntu/Documents/shalpy/taller1_grupo14/install/player_interfaces/share/player_interfaces/cmake/player_interfaces__rosidl_typesupport_cppExport.cmake
[2.851s] -- Up-to-date: /home/ubuntu/Documents/shalpy/taller1_grupo14/install/player_interfaces/share/player_interfaces/cmake/player_interfaces__rosidl_typesupport_cppExport-noconfig.cmake
[2.852s] -- Up-to-date: /home/ubuntu/Documents/shalpy/taller1_grupo14/install/player_interfaces/share/player_interfaces/cmake/export_player_interfaces__rosidl_generator_pyExport.cmake
[2.853s] -- Up-to-date: /home/ubuntu/Documents/shalpy/taller1_grupo14/install/player_interfaces/share/player_interfaces/cmake/export_player_interfaces__rosidl_generator_pyExport-noconfig.cmake
[2.854s] -- Up-to-date: /home/ubuntu/Documents/shalpy/taller1_grupo14/install/player_interfaces/share/player_interfaces/cmake/rosidl_cmake-extras.cmake
[2.855s] -- Up-to-date: /home/ubuntu/Documents/shalpy/taller1_grupo14/install/player_interfaces/share/player_interfaces/cmake/ament_cmake_export_dependencies-extras.cmake
[2.855s] -- Up-to-date: /home/ubuntu/Documents/shalpy/taller1_grupo14/install/player_interfaces/share/player_interfaces/cmake/ament_cmake_export_include_directories-extras.cmake
[2.856s] -- Up-to-date: /home/ubuntu/Documents/shalpy/taller1_grupo14/install/player_interfaces/share/player_interfaces/cmake/ament_cmake_export_libraries-extras.cmake
[2.857s] -- Up-to-date: /home/ubuntu/Documents/shalpy/taller1_grupo14/install/player_interfaces/share/player_interfaces/cmake/ament_cmake_export_targets-extras.cmake
[2.857s] -- Up-to-date: /home/ubuntu/Documents/shalpy/taller1_grupo14/install/player_interfaces/share/player_interfaces/cmake/rosidl_cmake_export_typesupport_targets-extras.cmake
[2.858s] -- Up-to-date: /home/ubuntu/Documents/shalpy/taller1_grupo14/install/player_interfaces/share/player_interfaces/cmake/rosidl_cmake_export_typesupport_libraries-extras.cmake
[2.859s] -- Up-to-date: /home/ubuntu/Documents/shalpy/taller1_grupo14/install/player_interfaces/share/player_interfaces/cmake/player_interfacesConfig.cmake
[2.859s] -- Up-to-date: /home/ubuntu/Documents/shalpy/taller1_grupo14/install/player_interfaces/share/player_interfaces/cmake/player_interfacesConfig-version.cmake
[2.860s] -- Up-to-date: /home/ubuntu/Documents/shalpy/taller1_grupo14/install/player_interfaces/share/player_interfaces/package.xml
[2.869s] Invoked command in '/home/ubuntu/Documents/shalpy/taller1_grupo14/build/player_interfaces' returned '0': CMAKE_PREFIX_PATH=${CMAKE_PREFIX_PATH}:/home/ubuntu/Documents/shalpy/taller1_grupo14/install/turtle_bot_14:/opt/ros/humble /usr/bin/cmake --install /home/ubuntu/Documents/shalpy/taller1_grupo14/build/player_interfaces
