[0.333s] DEBUG:colcon:Command line arguments: ['/usr/bin/colcon', 'build']
[0.333s] DEBUG:colcon:Parsed command line arguments: Namespace(log_base=None, log_level=None, verb_name='build', build_base='build', install_base='install', merge_install=False, symlink_install=False, test_result_base=None, continue_on_error=False, executor='parallel', parallel_workers=8, event_handlers=None, ignore_user_meta=False, metas=['./colcon.meta'], base_paths=['.'], packages_ignore=None, packages_ignore_regex=None, paths=None, packages_up_to=None, packages_up_to_regex=None, packages_above=None, packages_above_and_dependencies=None, packages_above_depth=None, packages_select_by_dep=None, packages_skip_by_dep=None, packages_skip_up_to=None, packages_select_build_failed=False, packages_skip_build_finished=False, packages_select_test_failures=False, packages_skip_test_passed=False, packages_select=None, packages_skip=None, packages_select_regex=None, packages_skip_regex=None, packages_start=None, packages_end=None, allow_overriding=[], cmake_args=None, cmake_target=None, cmake_target_skip_unavailable=False, cmake_clean_cache=False, cmake_clean_first=False, cmake_force_configure=False, ament_cmake_args=None, catkin_cmake_args=None, catkin_skip_building_tests=False, verb_parser=<colcon_defaults.argument_parser.defaults.DefaultArgumentsDecorator object at 0x7f12ea2d5b10>, verb_extension=<colcon_core.verb.build.BuildVerb object at 0x7f12ea3f7760>, main=<bound method BuildVerb.main of <colcon_core.verb.build.BuildVerb object at 0x7f12ea3f7760>>)
[0.368s] Level 1:colcon.colcon_core.package_discovery:discover_packages(colcon_meta) check parameters
[0.368s] Level 1:colcon.colcon_core.package_discovery:discover_packages(recursive) check parameters
[0.368s] Level 1:colcon.colcon_core.package_discovery:discover_packages(ignore) check parameters
[0.368s] Level 1:colcon.colcon_core.package_discovery:discover_packages(path) check parameters
[0.368s] Level 1:colcon.colcon_core.package_discovery:discover_packages(colcon_meta) discover
[0.368s] Level 1:colcon.colcon_core.package_discovery:discover_packages(recursive) discover
[0.368s] INFO:colcon.colcon_core.package_discovery:Crawling recursively for packages in '/home/juanespadi/Documents/shalpy/taller1_grupo14'
[0.368s] Level 1:colcon.colcon_core.package_identification:_identify(.) by extensions ['ignore', 'ignore_ament_install']
[0.368s] Level 1:colcon.colcon_core.package_identification:_identify(.) by extension 'ignore'
[0.368s] Level 1:colcon.colcon_core.package_identification:_identify(.) by extension 'ignore_ament_install'
[0.368s] Level 1:colcon.colcon_core.package_identification:_identify(.) by extensions ['colcon_pkg']
[0.368s] Level 1:colcon.colcon_core.package_identification:_identify(.) by extension 'colcon_pkg'
[0.368s] Level 1:colcon.colcon_core.package_identification:_identify(.) by extensions ['colcon_meta']
[0.368s] Level 1:colcon.colcon_core.package_identification:_identify(.) by extension 'colcon_meta'
[0.369s] Level 1:colcon.colcon_core.package_identification:_identify(.) by extensions ['ros']
[0.369s] Level 1:colcon.colcon_core.package_identification:_identify(.) by extension 'ros'
[0.381s] Level 1:colcon.colcon_core.package_identification:_identify(.) by extensions ['cmake', 'python']
[0.381s] Level 1:colcon.colcon_core.package_identification:_identify(.) by extension 'cmake'
[0.381s] Level 1:colcon.colcon_core.package_identification:_identify(.) by extension 'python'
[0.381s] Level 1:colcon.colcon_core.package_identification:_identify(.) by extensions ['python_setup_py']
[0.381s] Level 1:colcon.colcon_core.package_identification:_identify(.) by extension 'python_setup_py'
[0.381s] Level 1:colcon.colcon_core.package_identification:_identify(build) by extensions ['ignore', 'ignore_ament_install']
[0.381s] Level 1:colcon.colcon_core.package_identification:_identify(build) by extension 'ignore'
[0.381s] Level 1:colcon.colcon_core.package_identification:_identify(build) ignored
[0.381s] Level 1:colcon.colcon_core.package_identification:_identify(images) by extensions ['ignore', 'ignore_ament_install']
[0.382s] Level 1:colcon.colcon_core.package_identification:_identify(images) by extension 'ignore'
[0.382s] Level 1:colcon.colcon_core.package_identification:_identify(images) by extension 'ignore_ament_install'
[0.382s] Level 1:colcon.colcon_core.package_identification:_identify(images) by extensions ['colcon_pkg']
[0.382s] Level 1:colcon.colcon_core.package_identification:_identify(images) by extension 'colcon_pkg'
[0.382s] Level 1:colcon.colcon_core.package_identification:_identify(images) by extensions ['colcon_meta']
[0.382s] Level 1:colcon.colcon_core.package_identification:_identify(images) by extension 'colcon_meta'
[0.382s] Level 1:colcon.colcon_core.package_identification:_identify(images) by extensions ['ros']
[0.382s] Level 1:colcon.colcon_core.package_identification:_identify(images) by extension 'ros'
[0.382s] Level 1:colcon.colcon_core.package_identification:_identify(images) by extensions ['cmake', 'python']
[0.382s] Level 1:colcon.colcon_core.package_identification:_identify(images) by extension 'cmake'
[0.382s] Level 1:colcon.colcon_core.package_identification:_identify(images) by extension 'python'
[0.382s] Level 1:colcon.colcon_core.package_identification:_identify(images) by extensions ['python_setup_py']
[0.382s] Level 1:colcon.colcon_core.package_identification:_identify(images) by extension 'python_setup_py'
[0.382s] Level 1:colcon.colcon_core.package_identification:_identify(install) by extensions ['ignore', 'ignore_ament_install']
[0.382s] Level 1:colcon.colcon_core.package_identification:_identify(install) by extension 'ignore'
[0.382s] Level 1:colcon.colcon_core.package_identification:_identify(install) ignored
[0.383s] Level 1:colcon.colcon_core.package_identification:_identify(log) by extensions ['ignore', 'ignore_ament_install']
[0.383s] Level 1:colcon.colcon_core.package_identification:_identify(log) by extension 'ignore'
[0.383s] Level 1:colcon.colcon_core.package_identification:_identify(log) ignored
[0.383s] Level 1:colcon.colcon_core.package_identification:_identify(src) by extensions ['ignore', 'ignore_ament_install']
[0.383s] Level 1:colcon.colcon_core.package_identification:_identify(src) by extension 'ignore'
[0.383s] Level 1:colcon.colcon_core.package_identification:_identify(src) by extension 'ignore_ament_install'
[0.383s] Level 1:colcon.colcon_core.package_identification:_identify(src) by extensions ['colcon_pkg']
[0.383s] Level 1:colcon.colcon_core.package_identification:_identify(src) by extension 'colcon_pkg'
[0.383s] Level 1:colcon.colcon_core.package_identification:_identify(src) by extensions ['colcon_meta']
[0.383s] Level 1:colcon.colcon_core.package_identification:_identify(src) by extension 'colcon_meta'
[0.383s] Level 1:colcon.colcon_core.package_identification:_identify(src) by extensions ['ros']
[0.383s] Level 1:colcon.colcon_core.package_identification:_identify(src) by extension 'ros'
[0.383s] Level 1:colcon.colcon_core.package_identification:_identify(src) by extensions ['cmake', 'python']
[0.383s] Level 1:colcon.colcon_core.package_identification:_identify(src) by extension 'cmake'
[0.383s] Level 1:colcon.colcon_core.package_identification:_identify(src) by extension 'python'
[0.384s] Level 1:colcon.colcon_core.package_identification:_identify(src) by extensions ['python_setup_py']
[0.384s] Level 1:colcon.colcon_core.package_identification:_identify(src) by extension 'python_setup_py'
[0.384s] Level 1:colcon.colcon_core.package_identification:_identify(src/player_interfaces) by extensions ['ignore', 'ignore_ament_install']
[0.384s] Level 1:colcon.colcon_core.package_identification:_identify(src/player_interfaces) by extension 'ignore'
[0.384s] Level 1:colcon.colcon_core.package_identification:_identify(src/player_interfaces) by extension 'ignore_ament_install'
[0.384s] Level 1:colcon.colcon_core.package_identification:_identify(src/player_interfaces) by extensions ['colcon_pkg']
[0.384s] Level 1:colcon.colcon_core.package_identification:_identify(src/player_interfaces) by extension 'colcon_pkg'
[0.384s] Level 1:colcon.colcon_core.package_identification:_identify(src/player_interfaces) by extensions ['colcon_meta']
[0.384s] Level 1:colcon.colcon_core.package_identification:_identify(src/player_interfaces) by extension 'colcon_meta'
[0.384s] Level 1:colcon.colcon_core.package_identification:_identify(src/player_interfaces) by extensions ['ros']
[0.384s] Level 1:colcon.colcon_core.package_identification:_identify(src/player_interfaces) by extension 'ros'
[0.386s] DEBUG:colcon.colcon_core.package_identification:Package 'src/player_interfaces' with type 'ros.ament_cmake' and name 'player_interfaces'
[0.386s] Level 1:colcon.colcon_core.package_identification:_identify(src/turtle_bot_14) by extensions ['ignore', 'ignore_ament_install']
[0.387s] Level 1:colcon.colcon_core.package_identification:_identify(src/turtle_bot_14) by extension 'ignore'
[0.387s] Level 1:colcon.colcon_core.package_identification:_identify(src/turtle_bot_14) by extension 'ignore_ament_install'
[0.387s] Level 1:colcon.colcon_core.package_identification:_identify(src/turtle_bot_14) by extensions ['colcon_pkg']
[0.387s] Level 1:colcon.colcon_core.package_identification:_identify(src/turtle_bot_14) by extension 'colcon_pkg'
[0.387s] Level 1:colcon.colcon_core.package_identification:_identify(src/turtle_bot_14) by extensions ['colcon_meta']
[0.387s] Level 1:colcon.colcon_core.package_identification:_identify(src/turtle_bot_14) by extension 'colcon_meta'
[0.387s] Level 1:colcon.colcon_core.package_identification:_identify(src/turtle_bot_14) by extensions ['ros']
[0.387s] Level 1:colcon.colcon_core.package_identification:_identify(src/turtle_bot_14) by extension 'ros'
[0.387s] DEBUG:colcon.colcon_core.package_identification:Package 'src/turtle_bot_14' with type 'ros.ament_python' and name 'turtle_bot_14'
[0.387s] Level 1:colcon.colcon_core.package_discovery:discover_packages(recursive) using defaults
[0.387s] Level 1:colcon.colcon_core.package_discovery:discover_packages(ignore) discover
[0.388s] Level 1:colcon.colcon_core.package_discovery:discover_packages(ignore) using defaults
[0.388s] Level 1:colcon.colcon_core.package_discovery:discover_packages(path) discover
[0.388s] Level 1:colcon.colcon_core.package_discovery:discover_packages(path) using defaults
[0.412s] Level 1:colcon.colcon_core.package_discovery:discover_packages(prefix_path) check parameters
[0.413s] Level 1:colcon.colcon_core.package_discovery:discover_packages(prefix_path) discover
[0.415s] DEBUG:colcon.colcon_installed_package_information.package_discovery:Found 2 installed packages in /home/juanespadi/Documents/shalpy/taller1_grupo14/install
[0.417s] DEBUG:colcon.colcon_installed_package_information.package_discovery:Found 284 installed packages in /opt/ros/humble
[0.418s] Level 1:colcon.colcon_core.package_discovery:discover_packages(prefix_path) using defaults
[0.484s] Level 5:colcon.colcon_core.verb:set package 'player_interfaces' build argument 'cmake_args' from command line to 'None'
[0.484s] Level 5:colcon.colcon_core.verb:set package 'player_interfaces' build argument 'cmake_target' from command line to 'None'
[0.484s] Level 5:colcon.colcon_core.verb:set package 'player_interfaces' build argument 'cmake_target_skip_unavailable' from command line to 'False'
[0.484s] Level 5:colcon.colcon_core.verb:set package 'player_interfaces' build argument 'cmake_clean_cache' from command line to 'False'
[0.484s] Level 5:colcon.colcon_core.verb:set package 'player_interfaces' build argument 'cmake_clean_first' from command line to 'False'
[0.484s] Level 5:colcon.colcon_core.verb:set package 'player_interfaces' build argument 'cmake_force_configure' from command line to 'False'
[0.484s] Level 5:colcon.colcon_core.verb:set package 'player_interfaces' build argument 'ament_cmake_args' from command line to 'None'
[0.484s] Level 5:colcon.colcon_core.verb:set package 'player_interfaces' build argument 'catkin_cmake_args' from command line to 'None'
[0.484s] Level 5:colcon.colcon_core.verb:set package 'player_interfaces' build argument 'catkin_skip_building_tests' from command line to 'False'
[0.484s] DEBUG:colcon.colcon_core.verb:Building package 'player_interfaces' with the following arguments: {'ament_cmake_args': None, 'build_base': '/home/juanespadi/Documents/shalpy/taller1_grupo14/build/player_interfaces', 'catkin_cmake_args': None, 'catkin_skip_building_tests': False, 'cmake_args': None, 'cmake_clean_cache': False, 'cmake_clean_first': False, 'cmake_force_configure': False, 'cmake_target': None, 'cmake_target_skip_unavailable': False, 'install_base': '/home/juanespadi/Documents/shalpy/taller1_grupo14/install/player_interfaces', 'merge_install': False, 'path': '/home/juanespadi/Documents/shalpy/taller1_grupo14/src/player_interfaces', 'symlink_install': False, 'test_result_base': None}
[0.485s] Level 5:colcon.colcon_core.verb:set package 'turtle_bot_14' build argument 'cmake_args' from command line to 'None'
[0.485s] Level 5:colcon.colcon_core.verb:set package 'turtle_bot_14' build argument 'cmake_target' from command line to 'None'
[0.485s] Level 5:colcon.colcon_core.verb:set package 'turtle_bot_14' build argument 'cmake_target_skip_unavailable' from command line to 'False'
[0.485s] Level 5:colcon.colcon_core.verb:set package 'turtle_bot_14' build argument 'cmake_clean_cache' from command line to 'False'
[0.485s] Level 5:colcon.colcon_core.verb:set package 'turtle_bot_14' build argument 'cmake_clean_first' from command line to 'False'
[0.485s] Level 5:colcon.colcon_core.verb:set package 'turtle_bot_14' build argument 'cmake_force_configure' from command line to 'False'
[0.486s] Level 5:colcon.colcon_core.verb:set package 'turtle_bot_14' build argument 'ament_cmake_args' from command line to 'None'
[0.486s] Level 5:colcon.colcon_core.verb:set package 'turtle_bot_14' build argument 'catkin_cmake_args' from command line to 'None'
[0.486s] Level 5:colcon.colcon_core.verb:set package 'turtle_bot_14' build argument 'catkin_skip_building_tests' from command line to 'False'
[0.486s] DEBUG:colcon.colcon_core.verb:Building package 'turtle_bot_14' with the following arguments: {'ament_cmake_args': None, 'build_base': '/home/juanespadi/Documents/shalpy/taller1_grupo14/build/turtle_bot_14', 'catkin_cmake_args': None, 'catkin_skip_building_tests': False, 'cmake_args': None, 'cmake_clean_cache': False, 'cmake_clean_first': False, 'cmake_force_configure': False, 'cmake_target': None, 'cmake_target_skip_unavailable': False, 'install_base': '/home/juanespadi/Documents/shalpy/taller1_grupo14/install/turtle_bot_14', 'merge_install': False, 'path': '/home/juanespadi/Documents/shalpy/taller1_grupo14/src/turtle_bot_14', 'symlink_install': False, 'test_result_base': None}
[0.486s] INFO:colcon.colcon_core.executor:Executing jobs using 'parallel' executor
[0.489s] DEBUG:colcon.colcon_parallel_executor.executor.parallel:run_until_complete
[0.489s] INFO:colcon.colcon_ros.task.ament_cmake.build:Building ROS package in '/home/juanespadi/Documents/shalpy/taller1_grupo14/src/player_interfaces' with build type 'ament_cmake'
[0.490s] INFO:colcon.colcon_cmake.task.cmake.build:Building CMake package in '/home/juanespadi/Documents/shalpy/taller1_grupo14/src/player_interfaces'
[0.494s] INFO:colcon.colcon_core.plugin_system:Skipping extension 'colcon_core.shell.bat': Not used on non-Windows systems
[0.495s] INFO:colcon.colcon_core.shell:Skip shell extension 'powershell' for command environment: Not usable outside of PowerShell
[0.495s] DEBUG:colcon.colcon_core.shell:Skip shell extension 'dsv' for command environment
[0.499s] INFO:colcon.colcon_ros.task.ament_python.build:Building ROS package in '/home/juanespadi/Documents/shalpy/taller1_grupo14/src/turtle_bot_14' with build type 'ament_python'
[0.499s] Level 1:colcon.colcon_core.shell:create_environment_hook('turtle_bot_14', 'ament_prefix_path')
[0.501s] INFO:colcon.colcon_core.shell:Creating environment hook '/home/juanespadi/Documents/shalpy/taller1_grupo14/install/turtle_bot_14/share/turtle_bot_14/hook/ament_prefix_path.ps1'
[0.502s] INFO:colcon.colcon_core.shell:Creating environment descriptor '/home/juanespadi/Documents/shalpy/taller1_grupo14/install/turtle_bot_14/share/turtle_bot_14/hook/ament_prefix_path.dsv'
[0.502s] INFO:colcon.colcon_core.shell:Creating environment hook '/home/juanespadi/Documents/shalpy/taller1_grupo14/install/turtle_bot_14/share/turtle_bot_14/hook/ament_prefix_path.sh'
[0.504s] INFO:colcon.colcon_core.shell:Skip shell extension 'powershell' for command environment: Not usable outside of PowerShell
[0.504s] DEBUG:colcon.colcon_core.shell:Skip shell extension 'dsv' for command environment
[0.513s] DEBUG:colcon.colcon_core.event_handler.log_command:Invoking command in '/home/juanespadi/Documents/shalpy/taller1_grupo14/build/player_interfaces': CMAKE_PREFIX_PATH=${CMAKE_PREFIX_PATH}:/home/juanespadi/Documents/shalpy/taller1_grupo14/install/turtle_bot_14:/opt/ros/humble /usr/bin/cmake --build /home/juanespadi/Documents/shalpy/taller1_grupo14/build/player_interfaces -- -j8 -l8
[0.842s] INFO:colcon.colcon_core.task.python.build:Building Python package in '/home/juanespadi/Documents/shalpy/taller1_grupo14/src/turtle_bot_14'
[0.845s] INFO:colcon.colcon_core.shell:Skip shell extension 'powershell' for command environment: Not usable outside of PowerShell
[0.845s] DEBUG:colcon.colcon_core.shell:Skip shell extension 'dsv' for command environment
[0.920s] DEBUG:colcon.colcon_core.event_handler.log_command:Invoked command in '/home/juanespadi/Documents/shalpy/taller1_grupo14/build/player_interfaces' returned '0': CMAKE_PREFIX_PATH=${CMAKE_PREFIX_PATH}:/home/juanespadi/Documents/shalpy/taller1_grupo14/install/turtle_bot_14:/opt/ros/humble /usr/bin/cmake --build /home/juanespadi/Documents/shalpy/taller1_grupo14/build/player_interfaces -- -j8 -l8
[0.999s] DEBUG:colcon.colcon_core.event_handler.log_command:Invoking command in '/home/juanespadi/Documents/shalpy/taller1_grupo14/build/player_interfaces': CMAKE_PREFIX_PATH=${CMAKE_PREFIX_PATH}:/home/juanespadi/Documents/shalpy/taller1_grupo14/install/turtle_bot_14:/opt/ros/humble /usr/bin/cmake --install /home/juanespadi/Documents/shalpy/taller1_grupo14/build/player_interfaces
[1.067s] Level 1:colcon.colcon_core.environment:create_environment_scripts_only(player_interfaces)
[1.071s] DEBUG:colcon.colcon_core.event_handler.log_command:Invoked command in '/home/juanespadi/Documents/shalpy/taller1_grupo14/build/player_interfaces' returned '0': CMAKE_PREFIX_PATH=${CMAKE_PREFIX_PATH}:/home/juanespadi/Documents/shalpy/taller1_grupo14/install/turtle_bot_14:/opt/ros/humble /usr/bin/cmake --install /home/juanespadi/Documents/shalpy/taller1_grupo14/build/player_interfaces
[1.074s] Level 1:colcon.colcon_core.environment:checking '/home/juanespadi/Documents/shalpy/taller1_grupo14/install/player_interfaces' for CMake module files
[1.075s] Level 1:colcon.colcon_core.environment:checking '/home/juanespadi/Documents/shalpy/taller1_grupo14/install/player_interfaces' for CMake config files
[1.076s] Level 1:colcon.colcon_core.shell:create_environment_hook('player_interfaces', 'cmake_prefix_path')
[1.077s] INFO:colcon.colcon_core.shell:Creating environment hook '/home/juanespadi/Documents/shalpy/taller1_grupo14/install/player_interfaces/share/player_interfaces/hook/cmake_prefix_path.ps1'
[1.077s] INFO:colcon.colcon_core.shell:Creating environment descriptor '/home/juanespadi/Documents/shalpy/taller1_grupo14/install/player_interfaces/share/player_interfaces/hook/cmake_prefix_path.dsv'
[1.078s] INFO:colcon.colcon_core.shell:Creating environment hook '/home/juanespadi/Documents/shalpy/taller1_grupo14/install/player_interfaces/share/player_interfaces/hook/cmake_prefix_path.sh'
[1.078s] Level 1:colcon.colcon_core.environment:checking '/home/juanespadi/Documents/shalpy/taller1_grupo14/install/player_interfaces/lib'
[1.078s] Level 1:colcon.colcon_core.shell:create_environment_hook('player_interfaces', 'ld_library_path_lib')
[1.080s] INFO:colcon.colcon_core.shell:Creating environment hook '/home/juanespadi/Documents/shalpy/taller1_grupo14/install/player_interfaces/share/player_interfaces/hook/ld_library_path_lib.ps1'
[1.080s] INFO:colcon.colcon_core.shell:Creating environment descriptor '/home/juanespadi/Documents/shalpy/taller1_grupo14/install/player_interfaces/share/player_interfaces/hook/ld_library_path_lib.dsv'
[1.080s] INFO:colcon.colcon_core.shell:Creating environment hook '/home/juanespadi/Documents/shalpy/taller1_grupo14/install/player_interfaces/share/player_interfaces/hook/ld_library_path_lib.sh'
[1.081s] Level 1:colcon.colcon_core.environment:checking '/home/juanespadi/Documents/shalpy/taller1_grupo14/install/player_interfaces/bin'
[1.081s] Level 1:colcon.colcon_core.environment:checking '/home/juanespadi/Documents/shalpy/taller1_grupo14/install/player_interfaces/lib/pkgconfig/player_interfaces.pc'
[1.081s] Level 1:colcon.colcon_core.environment:checking '/home/juanespadi/Documents/shalpy/taller1_grupo14/install/player_interfaces/lib/python3.10/site-packages'
[1.081s] Level 1:colcon.colcon_core.environment:checking '/home/juanespadi/Documents/shalpy/taller1_grupo14/install/player_interfaces/bin'
[1.082s] INFO:colcon.colcon_core.shell:Creating package script '/home/juanespadi/Documents/shalpy/taller1_grupo14/install/player_interfaces/share/player_interfaces/package.ps1'
[1.083s] INFO:colcon.colcon_core.shell:Creating package descriptor '/home/juanespadi/Documents/shalpy/taller1_grupo14/install/player_interfaces/share/player_interfaces/package.dsv'
[1.084s] INFO:colcon.colcon_core.shell:Creating package script '/home/juanespadi/Documents/shalpy/taller1_grupo14/install/player_interfaces/share/player_interfaces/package.sh'
[1.085s] INFO:colcon.colcon_core.shell:Creating package script '/home/juanespadi/Documents/shalpy/taller1_grupo14/install/player_interfaces/share/player_interfaces/package.bash'
[1.085s] INFO:colcon.colcon_core.shell:Creating package script '/home/juanespadi/Documents/shalpy/taller1_grupo14/install/player_interfaces/share/player_interfaces/package.zsh'
[1.086s] Level 1:colcon.colcon_core.environment:create_file_with_runtime_dependencies(/home/juanespadi/Documents/shalpy/taller1_grupo14/install/player_interfaces/share/colcon-core/packages/player_interfaces)
[1.147s] Level 1:colcon.colcon_core.environment:create_environment_scripts_only(player_interfaces)
[1.149s] Level 1:colcon.colcon_core.environment:checking '/home/juanespadi/Documents/shalpy/taller1_grupo14/install/player_interfaces' for CMake module files
[1.150s] Level 1:colcon.colcon_core.environment:checking '/home/juanespadi/Documents/shalpy/taller1_grupo14/install/player_interfaces' for CMake config files
[1.151s] Level 1:colcon.colcon_core.shell:create_environment_hook('player_interfaces', 'cmake_prefix_path')
[1.152s] INFO:colcon.colcon_core.shell:Creating environment hook '/home/juanespadi/Documents/shalpy/taller1_grupo14/install/player_interfaces/share/player_interfaces/hook/cmake_prefix_path.ps1'
[1.153s] INFO:colcon.colcon_core.shell:Creating environment descriptor '/home/juanespadi/Documents/shalpy/taller1_grupo14/install/player_interfaces/share/player_interfaces/hook/cmake_prefix_path.dsv'
[1.153s] INFO:colcon.colcon_core.shell:Creating environment hook '/home/juanespadi/Documents/shalpy/taller1_grupo14/install/player_interfaces/share/player_interfaces/hook/cmake_prefix_path.sh'
[1.154s] Level 1:colcon.colcon_core.environment:checking '/home/juanespadi/Documents/shalpy/taller1_grupo14/install/player_interfaces/lib'
[1.154s] Level 1:colcon.colcon_core.shell:create_environment_hook('player_interfaces', 'ld_library_path_lib')
[1.155s] INFO:colcon.colcon_core.shell:Creating environment hook '/home/juanespadi/Documents/shalpy/taller1_grupo14/install/player_interfaces/share/player_interfaces/hook/ld_library_path_lib.ps1'
[1.155s] INFO:colcon.colcon_core.shell:Creating environment descriptor '/home/juanespadi/Documents/shalpy/taller1_grupo14/install/player_interfaces/share/player_interfaces/hook/ld_library_path_lib.dsv'
[1.156s] INFO:colcon.colcon_core.shell:Creating environment hook '/home/juanespadi/Documents/shalpy/taller1_grupo14/install/player_interfaces/share/player_interfaces/hook/ld_library_path_lib.sh'
[1.156s] Level 1:colcon.colcon_core.environment:checking '/home/juanespadi/Documents/shalpy/taller1_grupo14/install/player_interfaces/bin'
[1.156s] Level 1:colcon.colcon_core.environment:checking '/home/juanespadi/Documents/shalpy/taller1_grupo14/install/player_interfaces/lib/pkgconfig/player_interfaces.pc'
[1.156s] Level 1:colcon.colcon_core.environment:checking '/home/juanespadi/Documents/shalpy/taller1_grupo14/install/player_interfaces/lib/python3.10/site-packages'
[1.157s] Level 1:colcon.colcon_core.environment:checking '/home/juanespadi/Documents/shalpy/taller1_grupo14/install/player_interfaces/bin'
[1.158s] INFO:colcon.colcon_core.shell:Creating package script '/home/juanespadi/Documents/shalpy/taller1_grupo14/install/player_interfaces/share/player_interfaces/package.ps1'
[1.159s] INFO:colcon.colcon_core.shell:Creating package descriptor '/home/juanespadi/Documents/shalpy/taller1_grupo14/install/player_interfaces/share/player_interfaces/package.dsv'
[1.159s] INFO:colcon.colcon_core.shell:Creating package script '/home/juanespadi/Documents/shalpy/taller1_grupo14/install/player_interfaces/share/player_interfaces/package.sh'
[1.160s] INFO:colcon.colcon_core.shell:Creating package script '/home/juanespadi/Documents/shalpy/taller1_grupo14/install/player_interfaces/share/player_interfaces/package.bash'
[1.160s] INFO:colcon.colcon_core.shell:Creating package script '/home/juanespadi/Documents/shalpy/taller1_grupo14/install/player_interfaces/share/player_interfaces/package.zsh'
[1.161s] Level 1:colcon.colcon_core.environment:create_file_with_runtime_dependencies(/home/juanespadi/Documents/shalpy/taller1_grupo14/install/player_interfaces/share/colcon-core/packages/player_interfaces)
[1.242s] DEBUG:colcon.colcon_core.event_handler.log_command:Invoking command in '/home/juanespadi/Documents/shalpy/taller1_grupo14/src/turtle_bot_14': PYTHONPATH=/home/juanespadi/Documents/shalpy/taller1_grupo14/build/turtle_bot_14/prefix_override:/home/juanespadi/Documents/shalpy/taller1_grupo14/install/turtle_bot_14/lib/python3.10/site-packages:${PYTHONPATH} /usr/bin/python3 setup.py egg_info --egg-base ../../build/turtle_bot_14 build --build-base /home/juanespadi/Documents/shalpy/taller1_grupo14/build/turtle_bot_14/build install --record /home/juanespadi/Documents/shalpy/taller1_grupo14/build/turtle_bot_14/install.log --single-version-externally-managed
[1.555s] Level 1:colcon.colcon_core.environment:checking '/home/juanespadi/Documents/shalpy/taller1_grupo14/install/turtle_bot_14' for CMake module files
[1.556s] DEBUG:colcon.colcon_core.event_handler.log_command:Invoked command in '/home/juanespadi/Documents/shalpy/taller1_grupo14/src/turtle_bot_14' returned '0': PYTHONPATH=/home/juanespadi/Documents/shalpy/taller1_grupo14/build/turtle_bot_14/prefix_override:/home/juanespadi/Documents/shalpy/taller1_grupo14/install/turtle_bot_14/lib/python3.10/site-packages:${PYTHONPATH} /usr/bin/python3 setup.py egg_info --egg-base ../../build/turtle_bot_14 build --build-base /home/juanespadi/Documents/shalpy/taller1_grupo14/build/turtle_bot_14/build install --record /home/juanespadi/Documents/shalpy/taller1_grupo14/build/turtle_bot_14/install.log --single-version-externally-managed
[1.556s] Level 1:colcon.colcon_core.environment:checking '/home/juanespadi/Documents/shalpy/taller1_grupo14/install/turtle_bot_14' for CMake config files
[1.557s] Level 1:colcon.colcon_core.environment:checking '/home/juanespadi/Documents/shalpy/taller1_grupo14/install/turtle_bot_14/lib'
[1.557s] Level 1:colcon.colcon_core.environment:checking '/home/juanespadi/Documents/shalpy/taller1_grupo14/install/turtle_bot_14/bin'
[1.557s] Level 1:colcon.colcon_core.environment:checking '/home/juanespadi/Documents/shalpy/taller1_grupo14/install/turtle_bot_14/lib/pkgconfig/turtle_bot_14.pc'
[1.557s] Level 1:colcon.colcon_core.environment:checking '/home/juanespadi/Documents/shalpy/taller1_grupo14/install/turtle_bot_14/lib/python3.10/site-packages'
[1.557s] Level 1:colcon.colcon_core.shell:create_environment_hook('turtle_bot_14', 'pythonpath')
[1.560s] INFO:colcon.colcon_core.shell:Creating environment hook '/home/juanespadi/Documents/shalpy/taller1_grupo14/install/turtle_bot_14/share/turtle_bot_14/hook/pythonpath.ps1'
[1.560s] INFO:colcon.colcon_core.shell:Creating environment descriptor '/home/juanespadi/Documents/shalpy/taller1_grupo14/install/turtle_bot_14/share/turtle_bot_14/hook/pythonpath.dsv'
[1.561s] INFO:colcon.colcon_core.shell:Creating environment hook '/home/juanespadi/Documents/shalpy/taller1_grupo14/install/turtle_bot_14/share/turtle_bot_14/hook/pythonpath.sh'
[1.561s] Level 1:colcon.colcon_core.environment:checking '/home/juanespadi/Documents/shalpy/taller1_grupo14/install/turtle_bot_14/bin'
[1.561s] Level 1:colcon.colcon_core.environment:create_environment_scripts_only(turtle_bot_14)
[1.563s] INFO:colcon.colcon_core.shell:Creating package script '/home/juanespadi/Documents/shalpy/taller1_grupo14/install/turtle_bot_14/share/turtle_bot_14/package.ps1'
[1.563s] INFO:colcon.colcon_core.shell:Creating package descriptor '/home/juanespadi/Documents/shalpy/taller1_grupo14/install/turtle_bot_14/share/turtle_bot_14/package.dsv'
[1.564s] INFO:colcon.colcon_core.shell:Creating package script '/home/juanespadi/Documents/shalpy/taller1_grupo14/install/turtle_bot_14/share/turtle_bot_14/package.sh'
[1.564s] INFO:colcon.colcon_core.shell:Creating package script '/home/juanespadi/Documents/shalpy/taller1_grupo14/install/turtle_bot_14/share/turtle_bot_14/package.bash'
[1.564s] INFO:colcon.colcon_core.shell:Creating package script '/home/juanespadi/Documents/shalpy/taller1_grupo14/install/turtle_bot_14/share/turtle_bot_14/package.zsh'
[1.565s] Level 1:colcon.colcon_core.environment:create_file_with_runtime_dependencies(/home/juanespadi/Documents/shalpy/taller1_grupo14/install/turtle_bot_14/share/colcon-core/packages/turtle_bot_14)
[1.565s] DEBUG:colcon.colcon_parallel_executor.executor.parallel:closing loop
[1.565s] DEBUG:colcon.colcon_parallel_executor.executor.parallel:loop closed
[1.565s] DEBUG:colcon.colcon_parallel_executor.executor.parallel:run_until_complete finished with '0'
[1.566s] DEBUG:colcon.colcon_core.event_reactor:joining thread
[1.571s] INFO:colcon.colcon_core.plugin_system:Skipping extension 'colcon_notification.desktop_notification.terminal_notifier': Not used on non-Darwin systems
[1.571s] INFO:colcon.colcon_core.plugin_system:Skipping extension 'colcon_notification.desktop_notification.win32': Not used on non-Windows systems
[1.572s] INFO:colcon.colcon_notification.desktop_notification:Sending desktop notification using 'notify2'
[1.583s] DEBUG:colcon.colcon_core.event_reactor:joined thread
[1.584s] INFO:colcon.colcon_core.shell:Creating prefix script '/home/juanespadi/Documents/shalpy/taller1_grupo14/install/local_setup.ps1'
[1.585s] INFO:colcon.colcon_core.shell:Creating prefix util module '/home/juanespadi/Documents/shalpy/taller1_grupo14/install/_local_setup_util_ps1.py'
[1.587s] INFO:colcon.colcon_core.shell:Creating prefix chain script '/home/juanespadi/Documents/shalpy/taller1_grupo14/install/setup.ps1'
[1.589s] INFO:colcon.colcon_core.shell:Creating prefix script '/home/juanespadi/Documents/shalpy/taller1_grupo14/install/local_setup.sh'
[1.589s] INFO:colcon.colcon_core.shell:Creating prefix util module '/home/juanespadi/Documents/shalpy/taller1_grupo14/install/_local_setup_util_sh.py'
[1.590s] INFO:colcon.colcon_core.shell:Creating prefix chain script '/home/juanespadi/Documents/shalpy/taller1_grupo14/install/setup.sh'
[1.592s] INFO:colcon.colcon_core.shell:Creating prefix script '/home/juanespadi/Documents/shalpy/taller1_grupo14/install/local_setup.bash'
[1.593s] INFO:colcon.colcon_core.shell:Creating prefix chain script '/home/juanespadi/Documents/shalpy/taller1_grupo14/install/setup.bash'
[1.594s] INFO:colcon.colcon_core.shell:Creating prefix script '/home/juanespadi/Documents/shalpy/taller1_grupo14/install/local_setup.zsh'
[1.595s] INFO:colcon.colcon_core.shell:Creating prefix chain script '/home/juanespadi/Documents/shalpy/taller1_grupo14/install/setup.zsh'
