[3.156s] Invoking command in '/home/ubuntu/Documents/shalpy/taller2_grupo14/src/turtle_bot_14': PYTHONPATH=/home/ubuntu/Documents/shalpy/taller2_grupo14/build/turtle_bot_14/prefix_override:/home/ubuntu/Documents/shalpy/taller2_grupo14/install/turtle_bot_14/lib/python3.10/site-packages:${PYTHONPATH} /usr/bin/python3 setup.py egg_info --egg-base ../../build/turtle_bot_14 build --build-base /home/ubuntu/Documents/shalpy/taller2_grupo14/build/turtle_bot_14/build install --record /home/ubuntu/Documents/shalpy/taller2_grupo14/build/turtle_bot_14/install.log --single-version-externally-managed
[4.351s] running egg_info
[4.354s] writing ../../build/turtle_bot_14/turtle_bot_14.egg-info/PKG-INFO
[4.355s] writing dependency_links to ../../build/turtle_bot_14/turtle_bot_14.egg-info/dependency_links.txt
[4.356s] writing entry points to ../../build/turtle_bot_14/turtle_bot_14.egg-info/entry_points.txt
[4.357s] writing requirements to ../../build/turtle_bot_14/turtle_bot_14.egg-info/requires.txt
[4.358s] writing top-level names to ../../build/turtle_bot_14/turtle_bot_14.egg-info/top_level.txt
[4.367s] reading manifest file '../../build/turtle_bot_14/turtle_bot_14.egg-info/SOURCES.txt'
[4.371s] writing manifest file '../../build/turtle_bot_14/turtle_bot_14.egg-info/SOURCES.txt'
[4.372s] running build
[4.373s] running build_py
[4.374s] copying turtle_bot_14/turtle_bot_teleop.py -> /home/ubuntu/Documents/shalpy/taller2_grupo14/build/turtle_bot_14/build/lib/turtle_bot_14
[4.377s] running install
[4.377s] /usr/lib/python3/dist-packages/setuptools/command/install.py:34: SetuptoolsDeprecationWarning: setup.py install is deprecated. Use build and pip and other standards-based tools.
[4.378s]   warnings.warn(
[4.378s] running install_lib
[4.383s] copying /home/ubuntu/Documents/shalpy/taller2_grupo14/build/turtle_bot_14/build/lib/turtle_bot_14/turtle_bot_teleop.py -> /home/ubuntu/Documents/shalpy/taller2_grupo14/install/turtle_bot_14/lib/python3.10/site-packages/turtle_bot_14
[4.387s] byte-compiling /home/ubuntu/Documents/shalpy/taller2_grupo14/install/turtle_bot_14/lib/python3.10/site-packages/turtle_bot_14/turtle_bot_teleop.py to turtle_bot_teleop.cpython-310.pyc
[4.396s] running install_data
[4.399s] running install_egg_info
[4.407s] removing '/home/ubuntu/Documents/shalpy/taller2_grupo14/install/turtle_bot_14/lib/python3.10/site-packages/turtle_bot_14-0.0.0-py3.10.egg-info' (and everything under it)
[4.409s] Copying ../../build/turtle_bot_14/turtle_bot_14.egg-info to /home/ubuntu/Documents/shalpy/taller2_grupo14/install/turtle_bot_14/lib/python3.10/site-packages/turtle_bot_14-0.0.0-py3.10.egg-info
[4.415s] running install_scripts
[4.509s] Installing turtle_bot_interface script to /home/ubuntu/Documents/shalpy/taller2_grupo14/install/turtle_bot_14/lib/turtle_bot_14
[4.510s] Installing turtle_bot_player script to /home/ubuntu/Documents/shalpy/taller2_grupo14/install/turtle_bot_14/lib/turtle_bot_14
[4.511s] Installing turtle_bot_teleop script to /home/ubuntu/Documents/shalpy/taller2_grupo14/install/turtle_bot_14/lib/turtle_bot_14
[4.513s] writing list of installed files to '/home/ubuntu/Documents/shalpy/taller2_grupo14/build/turtle_bot_14/install.log'
[4.655s] Invoked command in '/home/ubuntu/Documents/shalpy/taller2_grupo14/src/turtle_bot_14' returned '0': PYTHONPATH=/home/ubuntu/Documents/shalpy/taller2_grupo14/build/turtle_bot_14/prefix_override:/home/ubuntu/Documents/shalpy/taller2_grupo14/install/turtle_bot_14/lib/python3.10/site-packages:${PYTHONPATH} /usr/bin/python3 setup.py egg_info --egg-base ../../build/turtle_bot_14 build --build-base /home/ubuntu/Documents/shalpy/taller2_grupo14/build/turtle_bot_14/build install --record /home/ubuntu/Documents/shalpy/taller2_grupo14/build/turtle_bot_14/install.log --single-version-externally-managed
