[1.012s] Invoking command in '/home/juanespadi/Documents/shalpy/taller2_grupo14/src/turtle_bot_14': PYTHONPATH=/home/juanespadi/Documents/shalpy/taller2_grupo14/build/turtle_bot_14/prefix_override:/home/juanespadi/Documents/shalpy/taller2_grupo14/install/turtle_bot_14/lib/python3.10/site-packages:${PYTHONPATH} /usr/bin/python3 setup.py egg_info --egg-base ../../build/turtle_bot_14 build --build-base /home/juanespadi/Documents/shalpy/taller2_grupo14/build/turtle_bot_14/build install --record /home/juanespadi/Documents/shalpy/taller2_grupo14/build/turtle_bot_14/install.log --single-version-externally-managed
[1.306s] running egg_info
[1.306s] writing ../../build/turtle_bot_14/turtle_bot_14.egg-info/PKG-INFO
[1.307s] writing dependency_links to ../../build/turtle_bot_14/turtle_bot_14.egg-info/dependency_links.txt
[1.307s] writing entry points to ../../build/turtle_bot_14/turtle_bot_14.egg-info/entry_points.txt
[1.307s] writing requirements to ../../build/turtle_bot_14/turtle_bot_14.egg-info/requires.txt
[1.307s] writing top-level names to ../../build/turtle_bot_14/turtle_bot_14.egg-info/top_level.txt
[1.310s] reading manifest file '../../build/turtle_bot_14/turtle_bot_14.egg-info/SOURCES.txt'
[1.311s] writing manifest file '../../build/turtle_bot_14/turtle_bot_14.egg-info/SOURCES.txt'
[1.311s] running build
[1.311s] running build_py
[1.311s] copying turtle_bot_14/turtle_bot_teleop.py -> /home/juanespadi/Documents/shalpy/taller2_grupo14/build/turtle_bot_14/build/lib/turtle_bot_14
[1.312s] running install
[1.312s] /usr/lib/python3/dist-packages/setuptools/command/install.py:34: SetuptoolsDeprecationWarning: setup.py install is deprecated. Use build and pip and other standards-based tools.
[1.312s]   warnings.warn(
[1.312s] running install_lib
[1.314s] copying /home/juanespadi/Documents/shalpy/taller2_grupo14/build/turtle_bot_14/build/lib/turtle_bot_14/turtle_bot_teleop.py -> /home/juanespadi/Documents/shalpy/taller2_grupo14/install/turtle_bot_14/lib/python3.10/site-packages/turtle_bot_14
[1.314s] byte-compiling /home/juanespadi/Documents/shalpy/taller2_grupo14/install/turtle_bot_14/lib/python3.10/site-packages/turtle_bot_14/turtle_bot_teleop.py to turtle_bot_teleop.cpython-310.pyc
[1.316s] running install_data
[1.317s] running install_egg_info
[1.319s] removing '/home/juanespadi/Documents/shalpy/taller2_grupo14/install/turtle_bot_14/lib/python3.10/site-packages/turtle_bot_14-0.0.0-py3.10.egg-info' (and everything under it)
[1.320s] Copying ../../build/turtle_bot_14/turtle_bot_14.egg-info to /home/juanespadi/Documents/shalpy/taller2_grupo14/install/turtle_bot_14/lib/python3.10/site-packages/turtle_bot_14-0.0.0-py3.10.egg-info
[1.321s] running install_scripts
[1.342s] Installing turtle_bot_interface script to /home/juanespadi/Documents/shalpy/taller2_grupo14/install/turtle_bot_14/lib/turtle_bot_14
[1.343s] Installing turtle_bot_player script to /home/juanespadi/Documents/shalpy/taller2_grupo14/install/turtle_bot_14/lib/turtle_bot_14
[1.343s] Installing turtle_bot_teleop script to /home/juanespadi/Documents/shalpy/taller2_grupo14/install/turtle_bot_14/lib/turtle_bot_14
[1.343s] writing list of installed files to '/home/juanespadi/Documents/shalpy/taller2_grupo14/build/turtle_bot_14/install.log'
[1.371s] Invoked command in '/home/juanespadi/Documents/shalpy/taller2_grupo14/src/turtle_bot_14' returned '0': PYTHONPATH=/home/juanespadi/Documents/shalpy/taller2_grupo14/build/turtle_bot_14/prefix_override:/home/juanespadi/Documents/shalpy/taller2_grupo14/install/turtle_bot_14/lib/python3.10/site-packages:${PYTHONPATH} /usr/bin/python3 setup.py egg_info --egg-base ../../build/turtle_bot_14 build --build-base /home/juanespadi/Documents/shalpy/taller2_grupo14/build/turtle_bot_14/build install --record /home/juanespadi/Documents/shalpy/taller2_grupo14/build/turtle_bot_14/install.log --single-version-externally-managed
