[0.908s] Invoking command in '/home/juanespadi/Documents/shalpy/taller1_grupo14/src/turtle_bot_14': PYTHONPATH=/home/juanespadi/Documents/shalpy/taller1_grupo14/build/turtle_bot_14/prefix_override:/home/juanespadi/Documents/shalpy/taller1_grupo14/install/turtle_bot_14/lib/python3.10/site-packages:${PYTHONPATH} /usr/bin/python3 setup.py egg_info --egg-base ../../build/turtle_bot_14 build --build-base /home/juanespadi/Documents/shalpy/taller1_grupo14/build/turtle_bot_14/build install --record /home/juanespadi/Documents/shalpy/taller1_grupo14/build/turtle_bot_14/install.log --single-version-externally-managed
[1.194s] running egg_info
[1.194s] writing ../../build/turtle_bot_14/turtle_bot_14.egg-info/PKG-INFO
[1.195s] writing dependency_links to ../../build/turtle_bot_14/turtle_bot_14.egg-info/dependency_links.txt
[1.195s] writing entry points to ../../build/turtle_bot_14/turtle_bot_14.egg-info/entry_points.txt
[1.195s] writing requirements to ../../build/turtle_bot_14/turtle_bot_14.egg-info/requires.txt
[1.195s] writing top-level names to ../../build/turtle_bot_14/turtle_bot_14.egg-info/top_level.txt
[1.197s] reading manifest file '../../build/turtle_bot_14/turtle_bot_14.egg-info/SOURCES.txt'
[1.198s] writing manifest file '../../build/turtle_bot_14/turtle_bot_14.egg-info/SOURCES.txt'
[1.198s] running build
[1.198s] running build_py
[1.198s] copying turtle_bot_14/turtle_bot_teleop.py -> /home/juanespadi/Documents/shalpy/taller1_grupo14/build/turtle_bot_14/build/lib/turtle_bot_14
[1.198s] running install
[1.199s] /usr/lib/python3/dist-packages/setuptools/command/install.py:34: SetuptoolsDeprecationWarning: setup.py install is deprecated. Use build and pip and other standards-based tools.
[1.199s]   warnings.warn(
[1.199s] running install_lib
[1.200s] copying /home/juanespadi/Documents/shalpy/taller1_grupo14/build/turtle_bot_14/build/lib/turtle_bot_14/turtle_bot_teleop.py -> /home/juanespadi/Documents/shalpy/taller1_grupo14/install/turtle_bot_14/lib/python3.10/site-packages/turtle_bot_14
[1.200s] byte-compiling /home/juanespadi/Documents/shalpy/taller1_grupo14/install/turtle_bot_14/lib/python3.10/site-packages/turtle_bot_14/turtle_bot_teleop.py to turtle_bot_teleop.cpython-310.pyc
[1.201s] running install_data
[1.202s] running install_egg_info
[1.204s] removing '/home/juanespadi/Documents/shalpy/taller1_grupo14/install/turtle_bot_14/lib/python3.10/site-packages/turtle_bot_14-0.0.0-py3.10.egg-info' (and everything under it)
[1.204s] Copying ../../build/turtle_bot_14/turtle_bot_14.egg-info to /home/juanespadi/Documents/shalpy/taller1_grupo14/install/turtle_bot_14/lib/python3.10/site-packages/turtle_bot_14-0.0.0-py3.10.egg-info
[1.205s] running install_scripts
[1.225s] Installing turtle_bot_interface script to /home/juanespadi/Documents/shalpy/taller1_grupo14/install/turtle_bot_14/lib/turtle_bot_14
[1.226s] Installing turtle_bot_player script to /home/juanespadi/Documents/shalpy/taller1_grupo14/install/turtle_bot_14/lib/turtle_bot_14
[1.226s] Installing turtle_bot_teleop script to /home/juanespadi/Documents/shalpy/taller1_grupo14/install/turtle_bot_14/lib/turtle_bot_14
[1.226s] writing list of installed files to '/home/juanespadi/Documents/shalpy/taller1_grupo14/build/turtle_bot_14/install.log'
[1.253s] Invoked command in '/home/juanespadi/Documents/shalpy/taller1_grupo14/src/turtle_bot_14' returned '0': PYTHONPATH=/home/juanespadi/Documents/shalpy/taller1_grupo14/build/turtle_bot_14/prefix_override:/home/juanespadi/Documents/shalpy/taller1_grupo14/install/turtle_bot_14/lib/python3.10/site-packages:${PYTHONPATH} /usr/bin/python3 setup.py egg_info --egg-base ../../build/turtle_bot_14 build --build-base /home/juanespadi/Documents/shalpy/taller1_grupo14/build/turtle_bot_14/build install --record /home/juanespadi/Documents/shalpy/taller1_grupo14/build/turtle_bot_14/install.log --single-version-externally-managed
